INFO: Applying HLS Y2K22 patch v1.2 for IP revision
INFO: [HLS 200-10] Running 'C:/Xilinx/VITIS_~1/2021.2/bin/unwrapped/win64.o/vitis_hls.exe'
INFO: [HLS 200-10] For user 'leova' on host 'msi' (Windows NT_amd64 version 6.2) on Wed Nov 08 00:37:06 +0300 2023
INFO: [HLS 200-10] In directory 'C:/Xilinx_trn/HLS2023/lab5_z1'
Sourcing Tcl script 'C:/Xilinx_trn/HLS2023/lab5_z1/lab5_z1/sol7_1/csynth.tcl'
INFO: [HLS 200-1510] Running: open_project lab5_z1 
INFO: [HLS 200-10] Opening project 'C:/Xilinx_trn/HLS2023/lab5_z1/lab5_z1'.
INFO: [HLS 200-1510] Running: set_top lab5_z1 
INFO: [HLS 200-1510] Running: add_files ./source/lab5_z1.cpp 
INFO: [HLS 200-10] Adding design file './source/lab5_z1.cpp' to the project
INFO: [HLS 200-1510] Running: add_files -tb source/lab5_z1_test.cpp -cflags -Wno-unknown-pragmas -csimflags -Wno-unknown-pragmas 
INFO: [HLS 200-10] Adding test bench file 'source/lab5_z1_test.cpp' to the project
INFO: [HLS 200-1510] Running: open_solution sol7_1 -flow_target vivado 
INFO: [HLS 200-10] Opening solution 'C:/Xilinx_trn/HLS2023/lab5_z1/lab5_z1/sol7_1'.
INFO: [SYN 201-201] Setting up clock 'clk' with a period of 20ns.
INFO: [HLS 200-1611] Setting target device to 'xa7a12t-csg325-1Q'
INFO: [HLS 200-1505] Using flow_target 'vivado'
Resolution: For help on HLS 200-1505 see www.xilinx.com/cgi-bin/docs/rdoc?v=2021.2;t=hls+guidance;d=200-1505.html
INFO: [HLS 200-1510] Running: set_part xa7a12t-csg325-1Q 
INFO: [HLS 200-1510] Running: create_clock -period 20 -name clk 
INFO: [HLS 200-1510] Running: set_directive_interface -mode ap_memory -storage_type ram_2p lab5_z1 d_in 
INFO: [HLS 200-1510] Running: set_directive_array_partition -type block -factor 4 -dim 1 lab5_z1 d_in 
INFO: [HLS 200-1510] Running: set_directive_unroll -factor 2 lab5_z1/foo_label0 
INFO: [HLS 200-1510] Running: set_directive_pipeline lab5_z1/foo_label0 
INFO: [HLS 200-1510] Running: set_directive_top -name lab5_z1 lab5_z1 
INFO: [HLS 200-1510] Running: csynth_design 
INFO: [HLS 200-111] Finished File checks and directory preparation: CPU user time: 0 seconds. CPU system time: 0 seconds. Elapsed time: 0.009 seconds; current allocated memory: 849.922 MB.
INFO: [HLS 200-10] Analyzing design file './source/lab5_z1.cpp' ... 
INFO: [HLS 200-111] Finished Source Code Analysis and Preprocessing: CPU user time: 0 seconds. CPU system time: 0 seconds. Elapsed time: 0.735 seconds; current allocated memory: 1.077 GB.
INFO: [HLS 200-777] Using interface defaults for 'Vivado' flow target.
INFO: [HLS 214-284] Auto array partition mode is set into default.
INFO: [HLS 214-188] Unrolling loop 'foo_label0' (./source/lab5_z1.cpp:6:13) in function 'lab5_z1' partially with a factor of 2 (./source/lab5_z1.cpp:3:0)
INFO: [HLS 214-248] Applying array_partition to 'd_in': Block partitioning with factor 4 on dimension 1. (./source/lab5_z1.cpp:3:0)
INFO: [HLS 214-270] Starting automatic array partition analysis...
INFO: [HLS 200-111] Finished Compiling Optimization and Transform: CPU user time: 0 seconds. CPU system time: 0 seconds. Elapsed time: 3.058 seconds; current allocated memory: 1.077 GB.
INFO: [HLS 200-111] Finished Checking Pragmas: CPU user time: 0 seconds. CPU system time: 0 seconds. Elapsed time: 0.002 seconds; current allocated memory: 1.077 GB.
INFO: [HLS 200-10] Starting code transformations ...
INFO: [HLS 200-111] Finished Standard Transforms: CPU user time: 0 seconds. CPU system time: 0 seconds. Elapsed time: 0.011 seconds; current allocated memory: 1.077 GB.
INFO: [HLS 200-10] Checking synthesizability ...
INFO: [HLS 200-111] Finished Checking Synthesizability: CPU user time: 0 seconds. CPU system time: 0 seconds. Elapsed time: 0.007 seconds; current allocated memory: 1.077 GB.
INFO: [XFORM 203-11] Balancing expressions in function 'lab5_z1' (./source/lab5_z1.cpp:4:1)...6 expression(s) balanced.
INFO: [HLS 200-111] Finished Loop, function and other optimizations: CPU user time: 0 seconds. CPU system time: 0 seconds. Elapsed time: 0.031 seconds; current allocated memory: 1.077 GB.
INFO: [HLS 200-111] Finished Architecture Synthesis: CPU user time: 0 seconds. CPU system time: 0 seconds. Elapsed time: 0.02 seconds; current allocated memory: 1.077 GB.
INFO: [HLS 200-10] Starting hardware synthesis ...
INFO: [HLS 200-10] Synthesizing 'lab5_z1' ...
INFO: [HLS 200-10] ----------------------------------------------------------------
INFO: [HLS 200-42] -- Implementing module 'lab5_z1' 
INFO: [HLS 200-10] ----------------------------------------------------------------
INFO: [SCHED 204-11] Starting scheduling ...
INFO: [SCHED 204-61] Pipelining loop 'foo_label0'.
INFO: [HLS 200-1470] Pipelining result : Target II = NA, Final II = 1, Depth = 2, loop 'foo_label0'
INFO: [SCHED 204-11] Finished scheduling.
INFO: [HLS 200-111] Finished Scheduling: CPU user time: 0 seconds. CPU system time: 0 seconds. Elapsed time: 0.192 seconds; current allocated memory: 1.077 GB.
INFO: [BIND 205-100] Starting micro-architecture generation ...
INFO: [BIND 205-101] Performing variable lifetime analysis.
INFO: [BIND 205-101] Exploring resource sharing.
INFO: [BIND 205-101] Binding ...
INFO: [BIND 205-100] Finished micro-architecture generation.
INFO: [HLS 200-111] Finished Binding: CPU user time: 0 seconds. CPU system time: 0 seconds. Elapsed time: 0.027 seconds; current allocated memory: 1.077 GB.
INFO: [HLS 200-10] ----------------------------------------------------------------
INFO: [HLS 200-10] -- Generating RTL for module 'lab5_z1' 
INFO: [HLS 200-10] ----------------------------------------------------------------
INFO: [RTGEN 206-500] Setting interface mode on port 'lab5_z1/d_in_0' to 'ap_memory'.
INFO: [RTGEN 206-500] Setting interface mode on port 'lab5_z1/d_in_1' to 'ap_memory'.
INFO: [RTGEN 206-500] Setting interface mode on port 'lab5_z1/d_in_2' to 'ap_memory'.
INFO: [RTGEN 206-500] Setting interface mode on port 'lab5_z1/d_in_3' to 'ap_memory'.
INFO: [RTGEN 206-500] Setting interface mode on port 'lab5_z1/d_out' to 'ap_memory'.
INFO: [RTGEN 206-500] Setting interface mode on function 'lab5_z1' to 'ap_ctrl_hs'.
INFO: [HLS 200-1030] Apply Unified Pipeline Control on module 'lab5_z1' pipeline 'foo_label0' pipeline type 'loop pipeline'
INFO: [RTGEN 206-100] Generating core module 'mux_22_16_1_1': 1 instance(s).
INFO: [RTGEN 206-100] Generating core module 'mux_43_16_1_1': 1 instance(s).
INFO: [RTGEN 206-100] Finished creating RTL model for 'lab5_z1'.
INFO: [HLS 200-111] Finished Creating RTL model: CPU user time: 0 seconds. CPU system time: 0 seconds. Elapsed time: 0.045 seconds; current allocated memory: 1.077 GB.
INFO: [HLS 200-111] Finished Generating all RTL models: CPU user time: 1 seconds. CPU system time: 0 seconds. Elapsed time: 0.291 seconds; current allocated memory: 1.077 GB.
INFO: [HLS 200-111] Finished Updating report files: CPU user time: 0 seconds. CPU system time: 0 seconds. Elapsed time: 0.277 seconds; current allocated memory: 1.077 GB.
INFO: [VHDL 208-304] Generating VHDL RTL for lab5_z1.
INFO: [VLOG 209-307] Generating Verilog RTL for lab5_z1.
INFO: [HLS 200-790] **** Loop Constraint Status: All loop constraints were satisfied.
INFO: [HLS 200-789] **** Estimated Fmax: 78.76 MHz
INFO: [HLS 200-111] Finished Command csynth_design CPU user time: 1 seconds. CPU system time: 0 seconds. Elapsed time: 4.716 seconds; current allocated memory: 263.262 MB.
INFO: [HLS 200-112] Total CPU user time: 2 seconds. Total CPU system time: 0 seconds. Total elapsed time: 5.643 seconds; peak allocated memory: 1.077 GB.
