

================================================================
== Vitis HLS Report for 'kp_502_7'
================================================================
* Date:           Thu Mar 21 16:42:04 2024

* Version:        2021.2 (Build 3367213 on Tue Oct 19 02:48:09 MDT 2021)
* Project:        kp_502_7
* Solution:       sol2 (Vivado IP Flow Target)
* Product family: artix7
* Target device:  xc7a200t-sbv484-2


================================================================
== Performance Estimates
================================================================
+ Timing: 
    * Summary: 
    +------+---------+----------+------------+
    | Clock|  Target | Estimated| Uncertainty|
    +------+---------+----------+------------+
    |clk   |  6.00 ns|  5.000 ns|     1.00 ns|
    +------+---------+----------+------------+

+ Latency: 
    * Summary: 
    +---------+---------+----------+----------+-----+-----+---------+
    |  Latency (cycles) |  Latency (absolute) |  Interval | Pipeline|
    |   min   |   max   |    min   |    max   | min | max |   Type  |
    +---------+---------+----------+----------+-----+-----+---------+
    |      225|      225|  1.350 us|  1.350 us|  226|  226|       no|
    +---------+---------+----------+----------+-----+-----+---------+

    + Detail: 
        * Instance: 
        +-------------------------------+--------------------+---------+---------+-----------+-----------+-----+-----+---------+
        |                               |                    |  Latency (cycles) |   Latency (absolute)  |  Interval | Pipeline|
        |            Instance           |       Module       |   min   |   max   |    min    |    max    | min | max |   Type  |
        +-------------------------------+--------------------+---------+---------+-----------+-----------+-----+-----+---------+
        |grp_sqrt_fixed_32_32_s_fu_208  |sqrt_fixed_32_32_s  |       10|       10|  60.000 ns|  60.000 ns|    1|    1|      yes|
        |grp_sqrt_fixed_32_32_s_fu_213  |sqrt_fixed_32_32_s  |       10|       10|  60.000 ns|  60.000 ns|    1|    1|      yes|
        +-------------------------------+--------------------+---------+---------+-----------+-----------+-----+-----+---------+

        * Loop: 
        +----------+---------+---------+----------+-----------+-----------+------+----------+
        |          |  Latency (cycles) | Iteration|  Initiation Interval  | Trip |          |
        | Loop Name|   min   |   max   |  Latency |  achieved |   target  | Count| Pipelined|
        +----------+---------+---------+----------+-----------+-----------+------+----------+
        |- Loop    |      224|      224|        56|          -|          -|     4|        no|
        +----------+---------+---------+----------+-----------+-----------+------+----------+



================================================================
== Utilization Estimates
================================================================
* Summary: 
+-----------------+---------+-----+--------+--------+-----+
|       Name      | BRAM_18K| DSP |   FF   |   LUT  | URAM|
+-----------------+---------+-----+--------+--------+-----+
|DSP              |        -|    -|       -|       -|    -|
|Expression       |        -|    -|       0|     328|    -|
|FIFO             |        -|    -|       -|       -|    -|
|Instance         |        -|   12|    3846|    3918|    -|
|Memory           |        -|    -|       -|       -|    -|
|Multiplexer      |        -|    -|       -|     258|    -|
|Register         |        -|    -|     739|       -|    -|
+-----------------+---------+-----+--------+--------+-----+
|Total            |        0|   12|    4585|    4504|    0|
+-----------------+---------+-----+--------+--------+-----+
|Available        |      730|  740|  269200|  134600|    0|
+-----------------+---------+-----+--------+--------+-----+
|Utilization (%)  |        0|    1|       1|       3|    0|
+-----------------+---------+-----+--------+--------+-----+

+ Detail: 
    * Instance: 
    +-------------------------------+----------------------------+---------+----+-----+------+-----+
    |            Instance           |           Module           | BRAM_18K| DSP|  FF |  LUT | URAM|
    +-------------------------------+----------------------------+---------+----+-----+------+-----+
    |mul_32s_32s_32_3_1_U2          |mul_32s_32s_32_3_1          |        0|   3|  166|    49|    0|
    |mul_32s_32s_32_3_1_U3          |mul_32s_32s_32_3_1          |        0|   3|  166|    49|    0|
    |mul_32s_32s_32_3_1_U4          |mul_32s_32s_32_3_1          |        0|   3|  166|    49|    0|
    |mul_32s_32s_32_3_1_U5          |mul_32s_32s_32_3_1          |        0|   3|  166|    49|    0|
    |sdiv_32ns_32ns_32_36_seq_1_U6  |sdiv_32ns_32ns_32_36_seq_1  |        0|   0|  394|   238|    0|
    |sdiv_32ns_32ns_32_36_seq_1_U7  |sdiv_32ns_32ns_32_36_seq_1  |        0|   0|  394|   238|    0|
    |sdiv_32ns_32ns_32_36_seq_1_U8  |sdiv_32ns_32ns_32_36_seq_1  |        0|   0|  394|   238|    0|
    |sdiv_32ns_32ns_32_36_seq_1_U9  |sdiv_32ns_32ns_32_36_seq_1  |        0|   0|  394|   238|    0|
    |grp_sqrt_fixed_32_32_s_fu_208  |sqrt_fixed_32_32_s          |        0|   0|  803|  1385|    0|
    |grp_sqrt_fixed_32_32_s_fu_213  |sqrt_fixed_32_32_s          |        0|   0|  803|  1385|    0|
    +-------------------------------+----------------------------+---------+----+-----+------+-----+
    |Total                          |                            |        0|  12| 3846|  3918|    0|
    +-------------------------------+----------------------------+---------+----+-----+------+-----+

    * DSP: 
    N/A

    * Memory: 
    N/A

    * FIFO: 
    N/A

    * Expression: 
    +----------------------+----------+----+---+----+------------+------------+
    |     Variable Name    | Operation| DSP| FF| LUT| Bitwidth P0| Bitwidth P1|
    +----------------------+----------+----+---+----+------------+------------+
    |add_ln21_1_fu_323_p2  |         +|   0|  0|  39|          32|          32|
    |add_ln21_fu_310_p2    |         +|   0|  0|  39|          32|          32|
    |add_ln8_fu_258_p2     |         +|   0|  0|  13|           4|           2|
    |D_d0                  |         -|   0|  0|  39|          32|          32|
    |D_d1                  |         -|   0|  0|  39|          32|          32|
    |X1_d0                 |         -|   0|  0|  39|           1|          32|
    |X1_d1                 |         -|   0|  0|  39|           1|          32|
    |sub_ln22_1_fu_328_p2  |         -|   0|  0|  39|          32|          32|
    |sub_ln22_fu_315_p2    |         -|   0|  0|  39|          32|          32|
    |or_ln8_fu_245_p2      |        or|   0|  0|   3|           3|           1|
    +----------------------+----------+----+---+----+------------+------------+
    |Total                 |          |   0|  0| 328|         201|         259|
    +----------------------+----------+----+---+----+------------+------------+

    * Multiplexer: 
    +-----------+-----+-----------+-----+-----------+
    |    Name   | LUT | Input Size| Bits| Total Bits|
    +-----------+-----+-----------+-----+-----------+
    |ap_NS_fsm  |  249|         58|    1|         58|
    |i_fu_54    |    9|          2|    4|          8|
    +-----------+-----+-----------+-----+-----------+
    |Total      |  258|         60|    5|         66|
    +-----------+-----+-----------+-----+-----------+

    * Register: 
    +---------------------+----+----+-----+-----------+
    |         Name        | FF | LUT| Bits| Const Bits|
    +---------------------+----+----+-----+-----------+
    |C_load_1_reg_462     |  32|   0|   32|          0|
    |C_load_reg_443       |  32|   0|   32|          0|
    |add_ln21_1_reg_517   |  32|   0|   32|          0|
    |add_ln21_reg_507     |  32|   0|   32|          0|
    |ap_CS_fsm            |  57|   0|   57|          0|
    |i_fu_54              |   4|   0|    4|          0|
    |mul_ln13_1_reg_472   |  32|   0|   32|          0|
    |mul_ln13_2_reg_477   |  32|   0|   32|          0|
    |mul_ln13_3_reg_482   |  32|   0|   32|          0|
    |mul_ln13_reg_467     |  32|   0|   32|          0|
    |p_Val2_33_reg_502    |  16|   0|   16|          0|
    |p_Val2_s_reg_497     |  16|   0|   16|          0|
    |sdiv_ln21_1_reg_539  |  32|   0|   32|          0|
    |sdiv_ln21_reg_549    |  32|   0|   32|          0|
    |sdiv_ln22_1_reg_554  |  32|   0|   32|          0|
    |sdiv_ln22_reg_544    |  32|   0|   32|          0|
    |sub_ln22_1_reg_522   |  32|   0|   32|          0|
    |sub_ln22_reg_512     |  32|   0|   32|          0|
    |temp_A_1_reg_456     |  32|   0|   32|          0|
    |temp_A_reg_437       |  32|   0|   32|          0|
    |temp_B_1_reg_448     |  32|   0|   32|          0|
    |temp_B_reg_429       |  32|   0|   32|          0|
    |xf_V_1_reg_492       |  32|   0|   32|          0|
    |xf_V_reg_487         |  32|   0|   32|          0|
    |zext_ln8_reg_382     |   4|   0|   64|         60|
    |zext_ln9_reg_407     |   2|   0|   64|         62|
    +---------------------+----+----+-----+-----------+
    |Total                | 739|   0|  861|        122|
    +---------------------+----+----+-----+-----------+



================================================================
== Interface
================================================================
* Summary: 
+-------------------+-----+-----+------------+--------------+--------------+
|     RTL Ports     | Dir | Bits|  Protocol  | Source Object|    C Type    |
+-------------------+-----+-----+------------+--------------+--------------+
|ap_local_block     |  out|    1|  ap_ctrl_hs|      kp_502_7|  return value|
|ap_local_deadlock  |  out|    1|  ap_ctrl_hs|      kp_502_7|  return value|
|ap_clk             |   in|    1|  ap_ctrl_hs|      kp_502_7|  return value|
|ap_rst             |   in|    1|  ap_ctrl_hs|      kp_502_7|  return value|
|ap_start           |   in|    1|  ap_ctrl_hs|      kp_502_7|  return value|
|ap_done            |  out|    1|  ap_ctrl_hs|      kp_502_7|  return value|
|ap_idle            |  out|    1|  ap_ctrl_hs|      kp_502_7|  return value|
|ap_ready           |  out|    1|  ap_ctrl_hs|      kp_502_7|  return value|
|A_address0         |  out|    3|   ap_memory|             A|         array|
|A_ce0              |  out|    1|   ap_memory|             A|         array|
|A_q0               |   in|   32|   ap_memory|             A|         array|
|A_address1         |  out|    3|   ap_memory|             A|         array|
|A_ce1              |  out|    1|   ap_memory|             A|         array|
|A_q1               |   in|   32|   ap_memory|             A|         array|
|B_address0         |  out|    3|   ap_memory|             B|         array|
|B_ce0              |  out|    1|   ap_memory|             B|         array|
|B_q0               |   in|   32|   ap_memory|             B|         array|
|B_address1         |  out|    3|   ap_memory|             B|         array|
|B_ce1              |  out|    1|   ap_memory|             B|         array|
|B_q1               |   in|   32|   ap_memory|             B|         array|
|C_address0         |  out|    3|   ap_memory|             C|         array|
|C_ce0              |  out|    1|   ap_memory|             C|         array|
|C_q0               |   in|   32|   ap_memory|             C|         array|
|C_address1         |  out|    3|   ap_memory|             C|         array|
|C_ce1              |  out|    1|   ap_memory|             C|         array|
|C_q1               |   in|   32|   ap_memory|             C|         array|
|X1_address0        |  out|    3|   ap_memory|            X1|         array|
|X1_ce0             |  out|    1|   ap_memory|            X1|         array|
|X1_we0             |  out|    1|   ap_memory|            X1|         array|
|X1_d0              |  out|   32|   ap_memory|            X1|         array|
|X1_address1        |  out|    3|   ap_memory|            X1|         array|
|X1_ce1             |  out|    1|   ap_memory|            X1|         array|
|X1_we1             |  out|    1|   ap_memory|            X1|         array|
|X1_d1              |  out|   32|   ap_memory|            X1|         array|
|X2_address0        |  out|    3|   ap_memory|            X2|         array|
|X2_ce0             |  out|    1|   ap_memory|            X2|         array|
|X2_we0             |  out|    1|   ap_memory|            X2|         array|
|X2_d0              |  out|   32|   ap_memory|            X2|         array|
|X2_address1        |  out|    3|   ap_memory|            X2|         array|
|X2_ce1             |  out|    1|   ap_memory|            X2|         array|
|X2_we1             |  out|    1|   ap_memory|            X2|         array|
|X2_d1              |  out|   32|   ap_memory|            X2|         array|
|D_address0         |  out|    3|   ap_memory|             D|         array|
|D_ce0              |  out|    1|   ap_memory|             D|         array|
|D_we0              |  out|    1|   ap_memory|             D|         array|
|D_d0               |  out|   32|   ap_memory|             D|         array|
|D_address1         |  out|    3|   ap_memory|             D|         array|
|D_ce1              |  out|    1|   ap_memory|             D|         array|
|D_we1              |  out|    1|   ap_memory|             D|         array|
|D_d1               |  out|   32|   ap_memory|             D|         array|
+-------------------+-----+-----+------------+--------------+--------------+

