

================================================================
== Vitis HLS Report for 'kp_502_7'
================================================================
* Date:           Sun Feb 18 17:55:25 2024

* Version:        2021.2 (Build 3367213 on Tue Oct 19 02:48:09 MDT 2021)
* Project:        kp_502_7
* Solution:       sol1_2 (Vivado IP Flow Target)
* Product family: artix7
* Target device:  xc7a200t-sbv484-2


================================================================
== Performance Estimates
================================================================
+ Timing: 
    * Summary: 
    +------+----------+----------+------------+
    | Clock|  Target  | Estimated| Uncertainty|
    +------+----------+----------+------------+
    |clk   |  10.00 ns|  8.814 ns|     1.00 ns|
    +------+----------+----------+------------+

+ Latency: 
    * Summary: 
    +---------+---------+----------+----------+-----+-----+---------+
    |  Latency (cycles) |  Latency (absolute) |  Interval | Pipeline|
    |   min   |   max   |    min   |    max   | min | max |   Type  |
    +---------+---------+----------+----------+-----+-----+---------+
    |      665|      665|  6.650 us|  6.650 us|  666|  666|       no|
    +---------+---------+----------+----------+-----+-----+---------+

    + Detail: 
        * Instance: 
        N/A

        * Loop: 
        +----------+---------+---------+----------+-----------+-----------+------+----------+
        |          |  Latency (cycles) | Iteration|  Initiation Interval  | Trip |          |
        | Loop Name|   min   |   max   |  Latency |  achieved |   target  | Count| Pipelined|
        +----------+---------+---------+----------+-----------+-----------+------+----------+
        |- Loop    |      664|      664|        83|          -|          -|     8|        no|
        +----------+---------+---------+----------+-----------+-----------+------+----------+

============================================================
+ Verbose Summary: Synthesis Manager
============================================================
InlineROM: 1
ExposeGlobal: 0
============================================================
+ Verbose Summary: CDFG Model
============================================================
IsTopModel: 1
ResetActiveHigh: 1
IsCombinational: 0
IsDatapathOnly: 0
HasWiredReturn: 1
HasMFsm: 0
HasVarLatency: 1
IsPipeline: 0
IsRtlPipelined: 0
IsInstanceOverlapped: 0
IsDontTouch: 0
HasImplIP: 0
IsGatedGlobalClock: 0


============================================================
+ Verbose Summary: Schedule
============================================================
* Number of FSM states : 84
* Pipeline : 0
* Dataflow Pipeline: 0

* FSM state transitions: 
1 --> 2 
2 --> 3 
3 --> 4 
4 --> 5 
5 --> 6 
6 --> 7 
7 --> 8 
8 --> 9 
9 --> 10 
10 --> 11 
11 --> 12 
12 --> 13 
13 --> 14 
14 --> 15 
15 --> 16 
16 --> 17 
17 --> 18 
18 --> 19 
19 --> 20 
20 --> 21 
21 --> 22 
22 --> 23 
23 --> 24 
24 --> 25 
25 --> 26 
26 --> 27 
27 --> 28 
28 --> 29 
29 --> 30 
30 --> 31 
31 --> 32 
32 --> 33 
33 --> 34 
34 --> 35 
35 --> 36 
36 --> 37 
37 --> 38 
38 --> 39 
39 --> 40 
40 --> 41 
41 --> 42 
42 --> 43 
43 --> 44 
44 --> 45 
45 --> 46 
46 --> 47 
47 --> 48 
48 --> 49 
49 --> 50 
50 --> 51 
51 --> 52 
52 --> 53 
53 --> 54 
54 --> 55 
55 --> 56 
56 --> 57 
57 --> 58 
58 --> 59 
59 --> 60 
60 --> 61 
61 --> 62 
62 --> 63 
63 --> 64 
64 --> 65 
65 --> 66 
66 --> 67 
67 --> 68 
68 --> 69 
69 --> 70 
70 --> 71 
71 --> 72 
72 --> 73 
73 --> 74 
74 --> 75 
75 --> 76 
76 --> 77 
77 --> 78 
78 --> 79 
79 --> 80 
80 --> 81 
81 --> 82 
82 --> 83 
83 --> 84 
84 --> 2 

* FSM state operations: 

State 1 <SV = 0> <Delay = 1.32>
ST_1 : Operation 85 [1/1] (0.00ns)   --->   "%i = alloca i32 1"   --->   Operation 85 'alloca' 'i' <Predicate = true> <Delay = 0.00>
ST_1 : Operation 86 [1/1] (0.00ns)   --->   "%spectopmodule_ln0 = spectopmodule void @_ssdm_op_SpecTopModule, void @empty_1"   --->   Operation 86 'spectopmodule' 'spectopmodule_ln0' <Predicate = true> <Delay = 0.00>
ST_1 : Operation 87 [1/1] (0.00ns)   --->   "%specinterface_ln0 = specinterface void @_ssdm_op_SpecInterface, i64 %A, void @empty, i32 0, i32 0, void @empty_0, i32 4294967295, i32 0, void @empty_0, void @empty_0, void @empty_0, i32 0, i32 0, i32 0, i32 0, void @empty_0, void @empty_0"   --->   Operation 87 'specinterface' 'specinterface_ln0' <Predicate = true> <Delay = 0.00>
ST_1 : Operation 88 [1/1] (0.00ns)   --->   "%specbitsmap_ln0 = specbitsmap void @_ssdm_op_SpecBitsMap, i64 %A"   --->   Operation 88 'specbitsmap' 'specbitsmap_ln0' <Predicate = true> <Delay = 0.00>
ST_1 : Operation 89 [1/1] (0.00ns)   --->   "%specinterface_ln0 = specinterface void @_ssdm_op_SpecInterface, i64 %B, void @empty, i32 0, i32 0, void @empty_0, i32 4294967295, i32 0, void @empty_0, void @empty_0, void @empty_0, i32 0, i32 0, i32 0, i32 0, void @empty_0, void @empty_0"   --->   Operation 89 'specinterface' 'specinterface_ln0' <Predicate = true> <Delay = 0.00>
ST_1 : Operation 90 [1/1] (0.00ns)   --->   "%specbitsmap_ln0 = specbitsmap void @_ssdm_op_SpecBitsMap, i64 %B"   --->   Operation 90 'specbitsmap' 'specbitsmap_ln0' <Predicate = true> <Delay = 0.00>
ST_1 : Operation 91 [1/1] (0.00ns)   --->   "%specinterface_ln0 = specinterface void @_ssdm_op_SpecInterface, i64 %C, void @empty, i32 0, i32 0, void @empty_0, i32 4294967295, i32 0, void @empty_0, void @empty_0, void @empty_0, i32 0, i32 0, i32 0, i32 0, void @empty_0, void @empty_0"   --->   Operation 91 'specinterface' 'specinterface_ln0' <Predicate = true> <Delay = 0.00>
ST_1 : Operation 92 [1/1] (0.00ns)   --->   "%specbitsmap_ln0 = specbitsmap void @_ssdm_op_SpecBitsMap, i64 %C"   --->   Operation 92 'specbitsmap' 'specbitsmap_ln0' <Predicate = true> <Delay = 0.00>
ST_1 : Operation 93 [1/1] (0.00ns)   --->   "%specinterface_ln0 = specinterface void @_ssdm_op_SpecInterface, i64 %X1, void @empty, i32 0, i32 0, void @empty_0, i32 4294967295, i32 0, void @empty_0, void @empty_0, void @empty_0, i32 0, i32 0, i32 0, i32 0, void @empty_0, void @empty_0"   --->   Operation 93 'specinterface' 'specinterface_ln0' <Predicate = true> <Delay = 0.00>
ST_1 : Operation 94 [1/1] (0.00ns)   --->   "%specbitsmap_ln0 = specbitsmap void @_ssdm_op_SpecBitsMap, i64 %X1"   --->   Operation 94 'specbitsmap' 'specbitsmap_ln0' <Predicate = true> <Delay = 0.00>
ST_1 : Operation 95 [1/1] (0.00ns)   --->   "%specinterface_ln0 = specinterface void @_ssdm_op_SpecInterface, i64 %X2, void @empty, i32 0, i32 0, void @empty_0, i32 4294967295, i32 0, void @empty_0, void @empty_0, void @empty_0, i32 0, i32 0, i32 0, i32 0, void @empty_0, void @empty_0"   --->   Operation 95 'specinterface' 'specinterface_ln0' <Predicate = true> <Delay = 0.00>
ST_1 : Operation 96 [1/1] (0.00ns)   --->   "%specbitsmap_ln0 = specbitsmap void @_ssdm_op_SpecBitsMap, i64 %X2"   --->   Operation 96 'specbitsmap' 'specbitsmap_ln0' <Predicate = true> <Delay = 0.00>
ST_1 : Operation 97 [1/1] (0.00ns)   --->   "%specinterface_ln0 = specinterface void @_ssdm_op_SpecInterface, i64 %D, void @empty, i32 0, i32 0, void @empty_0, i32 4294967295, i32 0, void @empty_0, void @empty_0, void @empty_0, i32 0, i32 0, i32 0, i32 0, void @empty_0, void @empty_0"   --->   Operation 97 'specinterface' 'specinterface_ln0' <Predicate = true> <Delay = 0.00>
ST_1 : Operation 98 [1/1] (0.00ns)   --->   "%specbitsmap_ln0 = specbitsmap void @_ssdm_op_SpecBitsMap, i64 %D"   --->   Operation 98 'specbitsmap' 'specbitsmap_ln0' <Predicate = true> <Delay = 0.00>
ST_1 : Operation 99 [1/1] (1.32ns)   --->   "%store_ln5 = store i4 0, i4 %i" [./source/kp_502_7.cpp:5]   --->   Operation 99 'store' 'store_ln5' <Predicate = true> <Delay = 1.32>
ST_1 : Operation 100 [1/1] (0.00ns)   --->   "%br_ln5 = br void" [./source/kp_502_7.cpp:5]   --->   Operation 100 'br' 'br_ln5' <Predicate = true> <Delay = 0.00>

State 2 <SV = 1> <Delay = 2.81>
ST_2 : Operation 101 [1/1] (0.00ns)   --->   "%i_1 = load i4 %i" [./source/kp_502_7.cpp:5]   --->   Operation 101 'load' 'i_1' <Predicate = true> <Delay = 0.00>
ST_2 : Operation 102 [1/1] (0.00ns)   --->   "%zext_ln5 = zext i4 %i_1" [./source/kp_502_7.cpp:5]   --->   Operation 102 'zext' 'zext_ln5' <Predicate = true> <Delay = 0.00>
ST_2 : Operation 103 [1/1] (1.21ns)   --->   "%icmp_ln5 = icmp_eq  i4 %i_1, i4 8" [./source/kp_502_7.cpp:5]   --->   Operation 103 'icmp' 'icmp_ln5' <Predicate = true> <Delay = 1.21> <CoreInst = "Cmp">   --->   Core 9 'Cmp' <Latency = 0> <II = 1> <Delay = 1.21> <FuncUnit> <Opcode : 'icmp'> <InPorts = 2> <OutPorts = 1>
ST_2 : Operation 104 [1/1] (0.00ns)   --->   "%empty = speclooptripcount i32 @_ssdm_op_SpecLoopTripCount, i64 8, i64 8, i64 8"   --->   Operation 104 'speclooptripcount' 'empty' <Predicate = true> <Delay = 0.00>
ST_2 : Operation 105 [1/1] (1.49ns)   --->   "%add_ln5 = add i4 %i_1, i4 1" [./source/kp_502_7.cpp:5]   --->   Operation 105 'add' 'add_ln5' <Predicate = true> <Delay = 1.49> <CoreInst = "Adder">   --->   Core 1 'Adder' <Latency = 0> <II = 1> <Delay = 1.49> <FuncUnit> <Opcode : 'add' 'sub'> <InPorts = 2> <OutPorts = 1>
ST_2 : Operation 106 [1/1] (0.00ns)   --->   "%br_ln5 = br i1 %icmp_ln5, void %.split, void" [./source/kp_502_7.cpp:5]   --->   Operation 106 'br' 'br_ln5' <Predicate = true> <Delay = 0.00>
ST_2 : Operation 107 [1/1] (0.00ns)   --->   "%A_addr = getelementptr i64 %A, i64 0, i64 %zext_ln5" [./source/kp_502_7.cpp:7]   --->   Operation 107 'getelementptr' 'A_addr' <Predicate = (!icmp_ln5)> <Delay = 0.00>
ST_2 : Operation 108 [2/2] (1.75ns)   --->   "%A_load = load i3 %A_addr" [./source/kp_502_7.cpp:7]   --->   Operation 108 'load' 'A_load' <Predicate = (!icmp_ln5)> <Delay = 1.75> <CoreInst = "RAM">   --->   Core 82 'RAM' <Latency = 1> <II = 1> <Delay = 1.75> <Storage> <Opcode : 'load' 'store'> <Ports = 2> <Width = 64> <Depth = 8> <RAM>
ST_2 : Operation 109 [1/1] (1.32ns)   --->   "%store_ln5 = store i4 %add_ln5, i4 %i" [./source/kp_502_7.cpp:5]   --->   Operation 109 'store' 'store_ln5' <Predicate = (!icmp_ln5)> <Delay = 1.32>
ST_2 : Operation 110 [1/1] (0.00ns)   --->   "%ret_ln19 = ret" [./source/kp_502_7.cpp:19]   --->   Operation 110 'ret' 'ret_ln19' <Predicate = (icmp_ln5)> <Delay = 0.00>

State 3 <SV = 2> <Delay = 1.75>
ST_3 : Operation 111 [1/2] (1.75ns)   --->   "%A_load = load i3 %A_addr" [./source/kp_502_7.cpp:7]   --->   Operation 111 'load' 'A_load' <Predicate = true> <Delay = 1.75> <CoreInst = "RAM">   --->   Core 82 'RAM' <Latency = 1> <II = 1> <Delay = 1.75> <Storage> <Opcode : 'load' 'store'> <Ports = 2> <Width = 64> <Depth = 8> <RAM>

State 4 <SV = 3> <Delay = 8.56>
ST_4 : Operation 112 [1/1] (0.00ns)   --->   "%temp_A = bitcast i64 %A_load" [./source/kp_502_7.cpp:7]   --->   Operation 112 'bitcast' 'temp_A' <Predicate = true> <Delay = 0.00>
ST_4 : Operation 113 [5/5] (8.56ns)   --->   "%mul3 = dmul i64 %temp_A, i64 4" [./source/kp_502_7.cpp:10]   --->   Operation 113 'dmul' 'mul3' <Predicate = true> <Delay = 8.56> <CoreInst = "DMul_maxdsp">   --->   Core 49 'DMul_maxdsp' <Latency = 4> <II = 1> <Delay = 8.56> <FuncUnit> <Opcode : 'dmul'> <InPorts = 2> <OutPorts = 1>

State 5 <SV = 4> <Delay = 8.56>
ST_5 : Operation 114 [4/5] (8.56ns)   --->   "%mul3 = dmul i64 %temp_A, i64 4" [./source/kp_502_7.cpp:10]   --->   Operation 114 'dmul' 'mul3' <Predicate = true> <Delay = 8.56> <CoreInst = "DMul_maxdsp">   --->   Core 49 'DMul_maxdsp' <Latency = 4> <II = 1> <Delay = 8.56> <FuncUnit> <Opcode : 'dmul'> <InPorts = 2> <OutPorts = 1>

State 6 <SV = 5> <Delay = 8.56>
ST_6 : Operation 115 [3/5] (8.56ns)   --->   "%mul3 = dmul i64 %temp_A, i64 4" [./source/kp_502_7.cpp:10]   --->   Operation 115 'dmul' 'mul3' <Predicate = true> <Delay = 8.56> <CoreInst = "DMul_maxdsp">   --->   Core 49 'DMul_maxdsp' <Latency = 4> <II = 1> <Delay = 8.56> <FuncUnit> <Opcode : 'dmul'> <InPorts = 2> <OutPorts = 1>

State 7 <SV = 6> <Delay = 8.56>
ST_7 : Operation 116 [1/1] (0.00ns)   --->   "%B_addr = getelementptr i64 %B, i64 0, i64 %zext_ln5" [./source/kp_502_7.cpp:6]   --->   Operation 116 'getelementptr' 'B_addr' <Predicate = true> <Delay = 0.00>
ST_7 : Operation 117 [2/2] (1.75ns)   --->   "%B_load = load i3 %B_addr" [./source/kp_502_7.cpp:6]   --->   Operation 117 'load' 'B_load' <Predicate = true> <Delay = 1.75> <CoreInst = "RAM">   --->   Core 82 'RAM' <Latency = 1> <II = 1> <Delay = 1.75> <Storage> <Opcode : 'load' 'store'> <Ports = 2> <Width = 64> <Depth = 8> <RAM>
ST_7 : Operation 118 [2/5] (8.56ns)   --->   "%mul3 = dmul i64 %temp_A, i64 4" [./source/kp_502_7.cpp:10]   --->   Operation 118 'dmul' 'mul3' <Predicate = true> <Delay = 8.56> <CoreInst = "DMul_maxdsp">   --->   Core 49 'DMul_maxdsp' <Latency = 4> <II = 1> <Delay = 8.56> <FuncUnit> <Opcode : 'dmul'> <InPorts = 2> <OutPorts = 1>
ST_7 : Operation 119 [1/1] (0.00ns)   --->   "%C_addr = getelementptr i64 %C, i64 0, i64 %zext_ln5" [./source/kp_502_7.cpp:10]   --->   Operation 119 'getelementptr' 'C_addr' <Predicate = true> <Delay = 0.00>
ST_7 : Operation 120 [2/2] (1.75ns)   --->   "%C_load = load i3 %C_addr" [./source/kp_502_7.cpp:10]   --->   Operation 120 'load' 'C_load' <Predicate = true> <Delay = 1.75> <CoreInst = "RAM">   --->   Core 82 'RAM' <Latency = 1> <II = 1> <Delay = 1.75> <Storage> <Opcode : 'load' 'store'> <Ports = 2> <Width = 64> <Depth = 8> <RAM>

State 8 <SV = 7> <Delay = 8.56>
ST_8 : Operation 121 [1/2] (1.75ns)   --->   "%B_load = load i3 %B_addr" [./source/kp_502_7.cpp:6]   --->   Operation 121 'load' 'B_load' <Predicate = true> <Delay = 1.75> <CoreInst = "RAM">   --->   Core 82 'RAM' <Latency = 1> <II = 1> <Delay = 1.75> <Storage> <Opcode : 'load' 'store'> <Ports = 2> <Width = 64> <Depth = 8> <RAM>
ST_8 : Operation 122 [1/5] (8.56ns)   --->   "%mul3 = dmul i64 %temp_A, i64 4" [./source/kp_502_7.cpp:10]   --->   Operation 122 'dmul' 'mul3' <Predicate = true> <Delay = 8.56> <CoreInst = "DMul_maxdsp">   --->   Core 49 'DMul_maxdsp' <Latency = 4> <II = 1> <Delay = 8.56> <FuncUnit> <Opcode : 'dmul'> <InPorts = 2> <OutPorts = 1>
ST_8 : Operation 123 [1/2] (1.75ns)   --->   "%C_load = load i3 %C_addr" [./source/kp_502_7.cpp:10]   --->   Operation 123 'load' 'C_load' <Predicate = true> <Delay = 1.75> <CoreInst = "RAM">   --->   Core 82 'RAM' <Latency = 1> <II = 1> <Delay = 1.75> <Storage> <Opcode : 'load' 'store'> <Ports = 2> <Width = 64> <Depth = 8> <RAM>

State 9 <SV = 8> <Delay = 8.56>
ST_9 : Operation 124 [1/1] (0.00ns)   --->   "%temp_B = bitcast i64 %B_load" [./source/kp_502_7.cpp:6]   --->   Operation 124 'bitcast' 'temp_B' <Predicate = true> <Delay = 0.00>
ST_9 : Operation 125 [5/5] (8.56ns)   --->   "%mul = dmul i64 %temp_B, i64 %temp_B" [./source/kp_502_7.cpp:10]   --->   Operation 125 'dmul' 'mul' <Predicate = true> <Delay = 8.56> <CoreInst = "DMul_maxdsp">   --->   Core 49 'DMul_maxdsp' <Latency = 4> <II = 1> <Delay = 8.56> <FuncUnit> <Opcode : 'dmul'> <InPorts = 2> <OutPorts = 1>
ST_9 : Operation 126 [1/1] (0.00ns)   --->   "%bitcast_ln10 = bitcast i64 %C_load" [./source/kp_502_7.cpp:10]   --->   Operation 126 'bitcast' 'bitcast_ln10' <Predicate = true> <Delay = 0.00>
ST_9 : Operation 127 [5/5] (8.56ns)   --->   "%mul6 = dmul i64 %mul3, i64 %bitcast_ln10" [./source/kp_502_7.cpp:10]   --->   Operation 127 'dmul' 'mul6' <Predicate = true> <Delay = 8.56> <CoreInst = "DMul_maxdsp">   --->   Core 49 'DMul_maxdsp' <Latency = 4> <II = 1> <Delay = 8.56> <FuncUnit> <Opcode : 'dmul'> <InPorts = 2> <OutPorts = 1>

State 10 <SV = 9> <Delay = 8.56>
ST_10 : Operation 128 [4/5] (8.56ns)   --->   "%mul = dmul i64 %temp_B, i64 %temp_B" [./source/kp_502_7.cpp:10]   --->   Operation 128 'dmul' 'mul' <Predicate = true> <Delay = 8.56> <CoreInst = "DMul_maxdsp">   --->   Core 49 'DMul_maxdsp' <Latency = 4> <II = 1> <Delay = 8.56> <FuncUnit> <Opcode : 'dmul'> <InPorts = 2> <OutPorts = 1>
ST_10 : Operation 129 [4/5] (8.56ns)   --->   "%mul6 = dmul i64 %mul3, i64 %bitcast_ln10" [./source/kp_502_7.cpp:10]   --->   Operation 129 'dmul' 'mul6' <Predicate = true> <Delay = 8.56> <CoreInst = "DMul_maxdsp">   --->   Core 49 'DMul_maxdsp' <Latency = 4> <II = 1> <Delay = 8.56> <FuncUnit> <Opcode : 'dmul'> <InPorts = 2> <OutPorts = 1>

State 11 <SV = 10> <Delay = 8.56>
ST_11 : Operation 130 [3/5] (8.56ns)   --->   "%mul = dmul i64 %temp_B, i64 %temp_B" [./source/kp_502_7.cpp:10]   --->   Operation 130 'dmul' 'mul' <Predicate = true> <Delay = 8.56> <CoreInst = "DMul_maxdsp">   --->   Core 49 'DMul_maxdsp' <Latency = 4> <II = 1> <Delay = 8.56> <FuncUnit> <Opcode : 'dmul'> <InPorts = 2> <OutPorts = 1>
ST_11 : Operation 131 [3/5] (8.56ns)   --->   "%mul6 = dmul i64 %mul3, i64 %bitcast_ln10" [./source/kp_502_7.cpp:10]   --->   Operation 131 'dmul' 'mul6' <Predicate = true> <Delay = 8.56> <CoreInst = "DMul_maxdsp">   --->   Core 49 'DMul_maxdsp' <Latency = 4> <II = 1> <Delay = 8.56> <FuncUnit> <Opcode : 'dmul'> <InPorts = 2> <OutPorts = 1>

State 12 <SV = 11> <Delay = 8.56>
ST_12 : Operation 132 [2/5] (8.56ns)   --->   "%mul = dmul i64 %temp_B, i64 %temp_B" [./source/kp_502_7.cpp:10]   --->   Operation 132 'dmul' 'mul' <Predicate = true> <Delay = 8.56> <CoreInst = "DMul_maxdsp">   --->   Core 49 'DMul_maxdsp' <Latency = 4> <II = 1> <Delay = 8.56> <FuncUnit> <Opcode : 'dmul'> <InPorts = 2> <OutPorts = 1>
ST_12 : Operation 133 [2/5] (8.56ns)   --->   "%mul6 = dmul i64 %mul3, i64 %bitcast_ln10" [./source/kp_502_7.cpp:10]   --->   Operation 133 'dmul' 'mul6' <Predicate = true> <Delay = 8.56> <CoreInst = "DMul_maxdsp">   --->   Core 49 'DMul_maxdsp' <Latency = 4> <II = 1> <Delay = 8.56> <FuncUnit> <Opcode : 'dmul'> <InPorts = 2> <OutPorts = 1>

State 13 <SV = 12> <Delay = 8.56>
ST_13 : Operation 134 [1/5] (8.56ns)   --->   "%mul = dmul i64 %temp_B, i64 %temp_B" [./source/kp_502_7.cpp:10]   --->   Operation 134 'dmul' 'mul' <Predicate = true> <Delay = 8.56> <CoreInst = "DMul_maxdsp">   --->   Core 49 'DMul_maxdsp' <Latency = 4> <II = 1> <Delay = 8.56> <FuncUnit> <Opcode : 'dmul'> <InPorts = 2> <OutPorts = 1>
ST_13 : Operation 135 [1/5] (8.56ns)   --->   "%mul6 = dmul i64 %mul3, i64 %bitcast_ln10" [./source/kp_502_7.cpp:10]   --->   Operation 135 'dmul' 'mul6' <Predicate = true> <Delay = 8.56> <CoreInst = "DMul_maxdsp">   --->   Core 49 'DMul_maxdsp' <Latency = 4> <II = 1> <Delay = 8.56> <FuncUnit> <Opcode : 'dmul'> <InPorts = 2> <OutPorts = 1>

State 14 <SV = 13> <Delay = 7.05>
ST_14 : Operation 136 [5/5] (7.05ns)   --->   "%x_assign = dsub i64 %mul, i64 %mul6" [./source/kp_502_7.cpp:10]   --->   Operation 136 'dsub' 'x_assign' <Predicate = true> <Delay = 7.05> <CoreInst = "DAddSub_fulldsp">   --->   Core 37 'DAddSub_fulldsp' <Latency = 4> <II = 1> <Delay = 7.05> <FuncUnit> <Opcode : 'dadd' 'dsub'> <InPorts = 2> <OutPorts = 1>

State 15 <SV = 14> <Delay = 7.05>
ST_15 : Operation 137 [4/5] (7.05ns)   --->   "%x_assign = dsub i64 %mul, i64 %mul6" [./source/kp_502_7.cpp:10]   --->   Operation 137 'dsub' 'x_assign' <Predicate = true> <Delay = 7.05> <CoreInst = "DAddSub_fulldsp">   --->   Core 37 'DAddSub_fulldsp' <Latency = 4> <II = 1> <Delay = 7.05> <FuncUnit> <Opcode : 'dadd' 'dsub'> <InPorts = 2> <OutPorts = 1>

State 16 <SV = 15> <Delay = 7.05>
ST_16 : Operation 138 [3/5] (7.05ns)   --->   "%x_assign = dsub i64 %mul, i64 %mul6" [./source/kp_502_7.cpp:10]   --->   Operation 138 'dsub' 'x_assign' <Predicate = true> <Delay = 7.05> <CoreInst = "DAddSub_fulldsp">   --->   Core 37 'DAddSub_fulldsp' <Latency = 4> <II = 1> <Delay = 7.05> <FuncUnit> <Opcode : 'dadd' 'dsub'> <InPorts = 2> <OutPorts = 1>

State 17 <SV = 16> <Delay = 7.05>
ST_17 : Operation 139 [2/5] (7.05ns)   --->   "%x_assign = dsub i64 %mul, i64 %mul6" [./source/kp_502_7.cpp:10]   --->   Operation 139 'dsub' 'x_assign' <Predicate = true> <Delay = 7.05> <CoreInst = "DAddSub_fulldsp">   --->   Core 37 'DAddSub_fulldsp' <Latency = 4> <II = 1> <Delay = 7.05> <FuncUnit> <Opcode : 'dadd' 'dsub'> <InPorts = 2> <OutPorts = 1>

State 18 <SV = 17> <Delay = 8.81>
ST_18 : Operation 140 [1/5] (7.05ns)   --->   "%x_assign = dsub i64 %mul, i64 %mul6" [./source/kp_502_7.cpp:10]   --->   Operation 140 'dsub' 'x_assign' <Predicate = true> <Delay = 7.05> <CoreInst = "DAddSub_fulldsp">   --->   Core 37 'DAddSub_fulldsp' <Latency = 4> <II = 1> <Delay = 7.05> <FuncUnit> <Opcode : 'dadd' 'dsub'> <InPorts = 2> <OutPorts = 1>
ST_18 : Operation 141 [1/1] (0.00ns)   --->   "%bitcast_ln10_1 = bitcast i64 %x_assign" [./source/kp_502_7.cpp:10]   --->   Operation 141 'bitcast' 'bitcast_ln10_1' <Predicate = true> <Delay = 0.00>
ST_18 : Operation 142 [1/1] (0.00ns)   --->   "%D_addr = getelementptr i64 %D, i64 0, i64 %zext_ln5" [./source/kp_502_7.cpp:10]   --->   Operation 142 'getelementptr' 'D_addr' <Predicate = true> <Delay = 0.00>
ST_18 : Operation 143 [1/1] (1.75ns)   --->   "%store_ln10 = store i64 %bitcast_ln10_1, i3 %D_addr" [./source/kp_502_7.cpp:10]   --->   Operation 143 'store' 'store_ln10' <Predicate = true> <Delay = 1.75> <CoreInst = "RAM">   --->   Core 82 'RAM' <Latency = 1> <II = 1> <Delay = 1.75> <Storage> <Opcode : 'load' 'store'> <Ports = 2> <Width = 64> <Depth = 8> <RAM>

State 19 <SV = 18> <Delay = 7.62>
ST_19 : Operation 144 [30/30] (7.62ns)   --->   "%temp_D = dsqrt i64 @llvm.sqrt.f64, i64 %x_assign" [r:/builds/2021.2/rdi_builds/continuous/2021_10_19_3367213/src/shared/hls/clib/hlsmath/src/c++/sqrtdouble.cpp:8]   --->   Operation 144 'dsqrt' 'temp_D' <Predicate = true> <Delay = 7.62> <CoreInst = "DSqrt">   --->   Core 52 'DSqrt' <Latency = 29> <II = 1> <Delay = 7.62> <FuncUnit> <Opcode : 'dsqrt'> <InPorts = 1> <OutPorts = 1>

State 20 <SV = 19> <Delay = 7.62>
ST_20 : Operation 145 [29/30] (7.62ns)   --->   "%temp_D = dsqrt i64 @llvm.sqrt.f64, i64 %x_assign" [r:/builds/2021.2/rdi_builds/continuous/2021_10_19_3367213/src/shared/hls/clib/hlsmath/src/c++/sqrtdouble.cpp:8]   --->   Operation 145 'dsqrt' 'temp_D' <Predicate = true> <Delay = 7.62> <CoreInst = "DSqrt">   --->   Core 52 'DSqrt' <Latency = 29> <II = 1> <Delay = 7.62> <FuncUnit> <Opcode : 'dsqrt'> <InPorts = 1> <OutPorts = 1>

State 21 <SV = 20> <Delay = 7.62>
ST_21 : Operation 146 [28/30] (7.62ns)   --->   "%temp_D = dsqrt i64 @llvm.sqrt.f64, i64 %x_assign" [r:/builds/2021.2/rdi_builds/continuous/2021_10_19_3367213/src/shared/hls/clib/hlsmath/src/c++/sqrtdouble.cpp:8]   --->   Operation 146 'dsqrt' 'temp_D' <Predicate = true> <Delay = 7.62> <CoreInst = "DSqrt">   --->   Core 52 'DSqrt' <Latency = 29> <II = 1> <Delay = 7.62> <FuncUnit> <Opcode : 'dsqrt'> <InPorts = 1> <OutPorts = 1>

State 22 <SV = 21> <Delay = 7.62>
ST_22 : Operation 147 [27/30] (7.62ns)   --->   "%temp_D = dsqrt i64 @llvm.sqrt.f64, i64 %x_assign" [r:/builds/2021.2/rdi_builds/continuous/2021_10_19_3367213/src/shared/hls/clib/hlsmath/src/c++/sqrtdouble.cpp:8]   --->   Operation 147 'dsqrt' 'temp_D' <Predicate = true> <Delay = 7.62> <CoreInst = "DSqrt">   --->   Core 52 'DSqrt' <Latency = 29> <II = 1> <Delay = 7.62> <FuncUnit> <Opcode : 'dsqrt'> <InPorts = 1> <OutPorts = 1>

State 23 <SV = 22> <Delay = 7.62>
ST_23 : Operation 148 [26/30] (7.62ns)   --->   "%temp_D = dsqrt i64 @llvm.sqrt.f64, i64 %x_assign" [r:/builds/2021.2/rdi_builds/continuous/2021_10_19_3367213/src/shared/hls/clib/hlsmath/src/c++/sqrtdouble.cpp:8]   --->   Operation 148 'dsqrt' 'temp_D' <Predicate = true> <Delay = 7.62> <CoreInst = "DSqrt">   --->   Core 52 'DSqrt' <Latency = 29> <II = 1> <Delay = 7.62> <FuncUnit> <Opcode : 'dsqrt'> <InPorts = 1> <OutPorts = 1>

State 24 <SV = 23> <Delay = 7.62>
ST_24 : Operation 149 [25/30] (7.62ns)   --->   "%temp_D = dsqrt i64 @llvm.sqrt.f64, i64 %x_assign" [r:/builds/2021.2/rdi_builds/continuous/2021_10_19_3367213/src/shared/hls/clib/hlsmath/src/c++/sqrtdouble.cpp:8]   --->   Operation 149 'dsqrt' 'temp_D' <Predicate = true> <Delay = 7.62> <CoreInst = "DSqrt">   --->   Core 52 'DSqrt' <Latency = 29> <II = 1> <Delay = 7.62> <FuncUnit> <Opcode : 'dsqrt'> <InPorts = 1> <OutPorts = 1>

State 25 <SV = 24> <Delay = 7.62>
ST_25 : Operation 150 [24/30] (7.62ns)   --->   "%temp_D = dsqrt i64 @llvm.sqrt.f64, i64 %x_assign" [r:/builds/2021.2/rdi_builds/continuous/2021_10_19_3367213/src/shared/hls/clib/hlsmath/src/c++/sqrtdouble.cpp:8]   --->   Operation 150 'dsqrt' 'temp_D' <Predicate = true> <Delay = 7.62> <CoreInst = "DSqrt">   --->   Core 52 'DSqrt' <Latency = 29> <II = 1> <Delay = 7.62> <FuncUnit> <Opcode : 'dsqrt'> <InPorts = 1> <OutPorts = 1>

State 26 <SV = 25> <Delay = 7.62>
ST_26 : Operation 151 [23/30] (7.62ns)   --->   "%temp_D = dsqrt i64 @llvm.sqrt.f64, i64 %x_assign" [r:/builds/2021.2/rdi_builds/continuous/2021_10_19_3367213/src/shared/hls/clib/hlsmath/src/c++/sqrtdouble.cpp:8]   --->   Operation 151 'dsqrt' 'temp_D' <Predicate = true> <Delay = 7.62> <CoreInst = "DSqrt">   --->   Core 52 'DSqrt' <Latency = 29> <II = 1> <Delay = 7.62> <FuncUnit> <Opcode : 'dsqrt'> <InPorts = 1> <OutPorts = 1>

State 27 <SV = 26> <Delay = 7.62>
ST_27 : Operation 152 [22/30] (7.62ns)   --->   "%temp_D = dsqrt i64 @llvm.sqrt.f64, i64 %x_assign" [r:/builds/2021.2/rdi_builds/continuous/2021_10_19_3367213/src/shared/hls/clib/hlsmath/src/c++/sqrtdouble.cpp:8]   --->   Operation 152 'dsqrt' 'temp_D' <Predicate = true> <Delay = 7.62> <CoreInst = "DSqrt">   --->   Core 52 'DSqrt' <Latency = 29> <II = 1> <Delay = 7.62> <FuncUnit> <Opcode : 'dsqrt'> <InPorts = 1> <OutPorts = 1>

State 28 <SV = 27> <Delay = 7.62>
ST_28 : Operation 153 [21/30] (7.62ns)   --->   "%temp_D = dsqrt i64 @llvm.sqrt.f64, i64 %x_assign" [r:/builds/2021.2/rdi_builds/continuous/2021_10_19_3367213/src/shared/hls/clib/hlsmath/src/c++/sqrtdouble.cpp:8]   --->   Operation 153 'dsqrt' 'temp_D' <Predicate = true> <Delay = 7.62> <CoreInst = "DSqrt">   --->   Core 52 'DSqrt' <Latency = 29> <II = 1> <Delay = 7.62> <FuncUnit> <Opcode : 'dsqrt'> <InPorts = 1> <OutPorts = 1>

State 29 <SV = 28> <Delay = 7.62>
ST_29 : Operation 154 [20/30] (7.62ns)   --->   "%temp_D = dsqrt i64 @llvm.sqrt.f64, i64 %x_assign" [r:/builds/2021.2/rdi_builds/continuous/2021_10_19_3367213/src/shared/hls/clib/hlsmath/src/c++/sqrtdouble.cpp:8]   --->   Operation 154 'dsqrt' 'temp_D' <Predicate = true> <Delay = 7.62> <CoreInst = "DSqrt">   --->   Core 52 'DSqrt' <Latency = 29> <II = 1> <Delay = 7.62> <FuncUnit> <Opcode : 'dsqrt'> <InPorts = 1> <OutPorts = 1>

State 30 <SV = 29> <Delay = 7.62>
ST_30 : Operation 155 [19/30] (7.62ns)   --->   "%temp_D = dsqrt i64 @llvm.sqrt.f64, i64 %x_assign" [r:/builds/2021.2/rdi_builds/continuous/2021_10_19_3367213/src/shared/hls/clib/hlsmath/src/c++/sqrtdouble.cpp:8]   --->   Operation 155 'dsqrt' 'temp_D' <Predicate = true> <Delay = 7.62> <CoreInst = "DSqrt">   --->   Core 52 'DSqrt' <Latency = 29> <II = 1> <Delay = 7.62> <FuncUnit> <Opcode : 'dsqrt'> <InPorts = 1> <OutPorts = 1>

State 31 <SV = 30> <Delay = 7.62>
ST_31 : Operation 156 [18/30] (7.62ns)   --->   "%temp_D = dsqrt i64 @llvm.sqrt.f64, i64 %x_assign" [r:/builds/2021.2/rdi_builds/continuous/2021_10_19_3367213/src/shared/hls/clib/hlsmath/src/c++/sqrtdouble.cpp:8]   --->   Operation 156 'dsqrt' 'temp_D' <Predicate = true> <Delay = 7.62> <CoreInst = "DSqrt">   --->   Core 52 'DSqrt' <Latency = 29> <II = 1> <Delay = 7.62> <FuncUnit> <Opcode : 'dsqrt'> <InPorts = 1> <OutPorts = 1>

State 32 <SV = 31> <Delay = 7.62>
ST_32 : Operation 157 [17/30] (7.62ns)   --->   "%temp_D = dsqrt i64 @llvm.sqrt.f64, i64 %x_assign" [r:/builds/2021.2/rdi_builds/continuous/2021_10_19_3367213/src/shared/hls/clib/hlsmath/src/c++/sqrtdouble.cpp:8]   --->   Operation 157 'dsqrt' 'temp_D' <Predicate = true> <Delay = 7.62> <CoreInst = "DSqrt">   --->   Core 52 'DSqrt' <Latency = 29> <II = 1> <Delay = 7.62> <FuncUnit> <Opcode : 'dsqrt'> <InPorts = 1> <OutPorts = 1>

State 33 <SV = 32> <Delay = 7.62>
ST_33 : Operation 158 [16/30] (7.62ns)   --->   "%temp_D = dsqrt i64 @llvm.sqrt.f64, i64 %x_assign" [r:/builds/2021.2/rdi_builds/continuous/2021_10_19_3367213/src/shared/hls/clib/hlsmath/src/c++/sqrtdouble.cpp:8]   --->   Operation 158 'dsqrt' 'temp_D' <Predicate = true> <Delay = 7.62> <CoreInst = "DSqrt">   --->   Core 52 'DSqrt' <Latency = 29> <II = 1> <Delay = 7.62> <FuncUnit> <Opcode : 'dsqrt'> <InPorts = 1> <OutPorts = 1>

State 34 <SV = 33> <Delay = 7.62>
ST_34 : Operation 159 [15/30] (7.62ns)   --->   "%temp_D = dsqrt i64 @llvm.sqrt.f64, i64 %x_assign" [r:/builds/2021.2/rdi_builds/continuous/2021_10_19_3367213/src/shared/hls/clib/hlsmath/src/c++/sqrtdouble.cpp:8]   --->   Operation 159 'dsqrt' 'temp_D' <Predicate = true> <Delay = 7.62> <CoreInst = "DSqrt">   --->   Core 52 'DSqrt' <Latency = 29> <II = 1> <Delay = 7.62> <FuncUnit> <Opcode : 'dsqrt'> <InPorts = 1> <OutPorts = 1>

State 35 <SV = 34> <Delay = 7.62>
ST_35 : Operation 160 [14/30] (7.62ns)   --->   "%temp_D = dsqrt i64 @llvm.sqrt.f64, i64 %x_assign" [r:/builds/2021.2/rdi_builds/continuous/2021_10_19_3367213/src/shared/hls/clib/hlsmath/src/c++/sqrtdouble.cpp:8]   --->   Operation 160 'dsqrt' 'temp_D' <Predicate = true> <Delay = 7.62> <CoreInst = "DSqrt">   --->   Core 52 'DSqrt' <Latency = 29> <II = 1> <Delay = 7.62> <FuncUnit> <Opcode : 'dsqrt'> <InPorts = 1> <OutPorts = 1>

State 36 <SV = 35> <Delay = 7.62>
ST_36 : Operation 161 [13/30] (7.62ns)   --->   "%temp_D = dsqrt i64 @llvm.sqrt.f64, i64 %x_assign" [r:/builds/2021.2/rdi_builds/continuous/2021_10_19_3367213/src/shared/hls/clib/hlsmath/src/c++/sqrtdouble.cpp:8]   --->   Operation 161 'dsqrt' 'temp_D' <Predicate = true> <Delay = 7.62> <CoreInst = "DSqrt">   --->   Core 52 'DSqrt' <Latency = 29> <II = 1> <Delay = 7.62> <FuncUnit> <Opcode : 'dsqrt'> <InPorts = 1> <OutPorts = 1>

State 37 <SV = 36> <Delay = 7.62>
ST_37 : Operation 162 [12/30] (7.62ns)   --->   "%temp_D = dsqrt i64 @llvm.sqrt.f64, i64 %x_assign" [r:/builds/2021.2/rdi_builds/continuous/2021_10_19_3367213/src/shared/hls/clib/hlsmath/src/c++/sqrtdouble.cpp:8]   --->   Operation 162 'dsqrt' 'temp_D' <Predicate = true> <Delay = 7.62> <CoreInst = "DSqrt">   --->   Core 52 'DSqrt' <Latency = 29> <II = 1> <Delay = 7.62> <FuncUnit> <Opcode : 'dsqrt'> <InPorts = 1> <OutPorts = 1>

State 38 <SV = 37> <Delay = 7.62>
ST_38 : Operation 163 [11/30] (7.62ns)   --->   "%temp_D = dsqrt i64 @llvm.sqrt.f64, i64 %x_assign" [r:/builds/2021.2/rdi_builds/continuous/2021_10_19_3367213/src/shared/hls/clib/hlsmath/src/c++/sqrtdouble.cpp:8]   --->   Operation 163 'dsqrt' 'temp_D' <Predicate = true> <Delay = 7.62> <CoreInst = "DSqrt">   --->   Core 52 'DSqrt' <Latency = 29> <II = 1> <Delay = 7.62> <FuncUnit> <Opcode : 'dsqrt'> <InPorts = 1> <OutPorts = 1>

State 39 <SV = 38> <Delay = 7.62>
ST_39 : Operation 164 [10/30] (7.62ns)   --->   "%temp_D = dsqrt i64 @llvm.sqrt.f64, i64 %x_assign" [r:/builds/2021.2/rdi_builds/continuous/2021_10_19_3367213/src/shared/hls/clib/hlsmath/src/c++/sqrtdouble.cpp:8]   --->   Operation 164 'dsqrt' 'temp_D' <Predicate = true> <Delay = 7.62> <CoreInst = "DSqrt">   --->   Core 52 'DSqrt' <Latency = 29> <II = 1> <Delay = 7.62> <FuncUnit> <Opcode : 'dsqrt'> <InPorts = 1> <OutPorts = 1>

State 40 <SV = 39> <Delay = 7.62>
ST_40 : Operation 165 [9/30] (7.62ns)   --->   "%temp_D = dsqrt i64 @llvm.sqrt.f64, i64 %x_assign" [r:/builds/2021.2/rdi_builds/continuous/2021_10_19_3367213/src/shared/hls/clib/hlsmath/src/c++/sqrtdouble.cpp:8]   --->   Operation 165 'dsqrt' 'temp_D' <Predicate = true> <Delay = 7.62> <CoreInst = "DSqrt">   --->   Core 52 'DSqrt' <Latency = 29> <II = 1> <Delay = 7.62> <FuncUnit> <Opcode : 'dsqrt'> <InPorts = 1> <OutPorts = 1>

State 41 <SV = 40> <Delay = 7.62>
ST_41 : Operation 166 [8/30] (7.62ns)   --->   "%temp_D = dsqrt i64 @llvm.sqrt.f64, i64 %x_assign" [r:/builds/2021.2/rdi_builds/continuous/2021_10_19_3367213/src/shared/hls/clib/hlsmath/src/c++/sqrtdouble.cpp:8]   --->   Operation 166 'dsqrt' 'temp_D' <Predicate = true> <Delay = 7.62> <CoreInst = "DSqrt">   --->   Core 52 'DSqrt' <Latency = 29> <II = 1> <Delay = 7.62> <FuncUnit> <Opcode : 'dsqrt'> <InPorts = 1> <OutPorts = 1>

State 42 <SV = 41> <Delay = 7.62>
ST_42 : Operation 167 [7/30] (7.62ns)   --->   "%temp_D = dsqrt i64 @llvm.sqrt.f64, i64 %x_assign" [r:/builds/2021.2/rdi_builds/continuous/2021_10_19_3367213/src/shared/hls/clib/hlsmath/src/c++/sqrtdouble.cpp:8]   --->   Operation 167 'dsqrt' 'temp_D' <Predicate = true> <Delay = 7.62> <CoreInst = "DSqrt">   --->   Core 52 'DSqrt' <Latency = 29> <II = 1> <Delay = 7.62> <FuncUnit> <Opcode : 'dsqrt'> <InPorts = 1> <OutPorts = 1>

State 43 <SV = 42> <Delay = 7.62>
ST_43 : Operation 168 [6/30] (7.62ns)   --->   "%temp_D = dsqrt i64 @llvm.sqrt.f64, i64 %x_assign" [r:/builds/2021.2/rdi_builds/continuous/2021_10_19_3367213/src/shared/hls/clib/hlsmath/src/c++/sqrtdouble.cpp:8]   --->   Operation 168 'dsqrt' 'temp_D' <Predicate = true> <Delay = 7.62> <CoreInst = "DSqrt">   --->   Core 52 'DSqrt' <Latency = 29> <II = 1> <Delay = 7.62> <FuncUnit> <Opcode : 'dsqrt'> <InPorts = 1> <OutPorts = 1>

State 44 <SV = 43> <Delay = 7.62>
ST_44 : Operation 169 [5/30] (7.62ns)   --->   "%temp_D = dsqrt i64 @llvm.sqrt.f64, i64 %x_assign" [r:/builds/2021.2/rdi_builds/continuous/2021_10_19_3367213/src/shared/hls/clib/hlsmath/src/c++/sqrtdouble.cpp:8]   --->   Operation 169 'dsqrt' 'temp_D' <Predicate = true> <Delay = 7.62> <CoreInst = "DSqrt">   --->   Core 52 'DSqrt' <Latency = 29> <II = 1> <Delay = 7.62> <FuncUnit> <Opcode : 'dsqrt'> <InPorts = 1> <OutPorts = 1>

State 45 <SV = 44> <Delay = 7.62>
ST_45 : Operation 170 [4/30] (7.62ns)   --->   "%temp_D = dsqrt i64 @llvm.sqrt.f64, i64 %x_assign" [r:/builds/2021.2/rdi_builds/continuous/2021_10_19_3367213/src/shared/hls/clib/hlsmath/src/c++/sqrtdouble.cpp:8]   --->   Operation 170 'dsqrt' 'temp_D' <Predicate = true> <Delay = 7.62> <CoreInst = "DSqrt">   --->   Core 52 'DSqrt' <Latency = 29> <II = 1> <Delay = 7.62> <FuncUnit> <Opcode : 'dsqrt'> <InPorts = 1> <OutPorts = 1>

State 46 <SV = 45> <Delay = 7.62>
ST_46 : Operation 171 [3/30] (7.62ns)   --->   "%temp_D = dsqrt i64 @llvm.sqrt.f64, i64 %x_assign" [r:/builds/2021.2/rdi_builds/continuous/2021_10_19_3367213/src/shared/hls/clib/hlsmath/src/c++/sqrtdouble.cpp:8]   --->   Operation 171 'dsqrt' 'temp_D' <Predicate = true> <Delay = 7.62> <CoreInst = "DSqrt">   --->   Core 52 'DSqrt' <Latency = 29> <II = 1> <Delay = 7.62> <FuncUnit> <Opcode : 'dsqrt'> <InPorts = 1> <OutPorts = 1>

State 47 <SV = 46> <Delay = 7.62>
ST_47 : Operation 172 [2/30] (7.62ns)   --->   "%temp_D = dsqrt i64 @llvm.sqrt.f64, i64 %x_assign" [r:/builds/2021.2/rdi_builds/continuous/2021_10_19_3367213/src/shared/hls/clib/hlsmath/src/c++/sqrtdouble.cpp:8]   --->   Operation 172 'dsqrt' 'temp_D' <Predicate = true> <Delay = 7.62> <CoreInst = "DSqrt">   --->   Core 52 'DSqrt' <Latency = 29> <II = 1> <Delay = 7.62> <FuncUnit> <Opcode : 'dsqrt'> <InPorts = 1> <OutPorts = 1>

State 48 <SV = 47> <Delay = 7.62>
ST_48 : Operation 173 [1/30] (7.62ns)   --->   "%temp_D = dsqrt i64 @llvm.sqrt.f64, i64 %x_assign" [r:/builds/2021.2/rdi_builds/continuous/2021_10_19_3367213/src/shared/hls/clib/hlsmath/src/c++/sqrtdouble.cpp:8]   --->   Operation 173 'dsqrt' 'temp_D' <Predicate = true> <Delay = 7.62> <CoreInst = "DSqrt">   --->   Core 52 'DSqrt' <Latency = 29> <II = 1> <Delay = 7.62> <FuncUnit> <Opcode : 'dsqrt'> <InPorts = 1> <OutPorts = 1>

State 49 <SV = 48> <Delay = 8.56>
ST_49 : Operation 174 [1/1] (0.80ns)   --->   "%xor_ln16 = xor i64 %B_load, i64 9223372036854775808" [./source/kp_502_7.cpp:16]   --->   Operation 174 'xor' 'xor_ln16' <Predicate = true> <Delay = 0.80> <CoreInst = "LogicGate">   --->   Core 74 'LogicGate' <Latency = 0> <II = 1> <Delay = 0.80> <FuncUnit> <Opcode : 'and' 'or' 'xor'> <InPorts = 2> <OutPorts = 1>
ST_49 : Operation 175 [1/1] (0.00ns)   --->   "%bitcast_ln16_1 = bitcast i64 %xor_ln16" [./source/kp_502_7.cpp:16]   --->   Operation 175 'bitcast' 'bitcast_ln16_1' <Predicate = true> <Delay = 0.00>
ST_49 : Operation 176 [5/5] (7.05ns)   --->   "%sub1 = dsub i64 %bitcast_ln16_1, i64 %temp_D" [./source/kp_502_7.cpp:16]   --->   Operation 176 'dsub' 'sub1' <Predicate = true> <Delay = 7.05> <CoreInst = "DAddSub_fulldsp">   --->   Core 37 'DAddSub_fulldsp' <Latency = 4> <II = 1> <Delay = 7.05> <FuncUnit> <Opcode : 'dadd' 'dsub'> <InPorts = 2> <OutPorts = 1>
ST_49 : Operation 177 [5/5] (8.56ns)   --->   "%mul1 = dmul i64 %temp_A, i64 2" [./source/kp_502_7.cpp:16]   --->   Operation 177 'dmul' 'mul1' <Predicate = true> <Delay = 8.56> <CoreInst = "DMul_maxdsp">   --->   Core 49 'DMul_maxdsp' <Latency = 4> <II = 1> <Delay = 8.56> <FuncUnit> <Opcode : 'dmul'> <InPorts = 2> <OutPorts = 1>
ST_49 : Operation 178 [5/5] (7.05ns)   --->   "%add = dsub i64 %temp_D, i64 %temp_B" [./source/kp_502_7.cpp:17]   --->   Operation 178 'dsub' 'add' <Predicate = true> <Delay = 7.05> <CoreInst = "DAddSub_fulldsp">   --->   Core 37 'DAddSub_fulldsp' <Latency = 4> <II = 1> <Delay = 7.05> <FuncUnit> <Opcode : 'dadd' 'dsub'> <InPorts = 2> <OutPorts = 1>

State 50 <SV = 49> <Delay = 8.56>
ST_50 : Operation 179 [4/5] (7.05ns)   --->   "%sub1 = dsub i64 %bitcast_ln16_1, i64 %temp_D" [./source/kp_502_7.cpp:16]   --->   Operation 179 'dsub' 'sub1' <Predicate = true> <Delay = 7.05> <CoreInst = "DAddSub_fulldsp">   --->   Core 37 'DAddSub_fulldsp' <Latency = 4> <II = 1> <Delay = 7.05> <FuncUnit> <Opcode : 'dadd' 'dsub'> <InPorts = 2> <OutPorts = 1>
ST_50 : Operation 180 [4/5] (8.56ns)   --->   "%mul1 = dmul i64 %temp_A, i64 2" [./source/kp_502_7.cpp:16]   --->   Operation 180 'dmul' 'mul1' <Predicate = true> <Delay = 8.56> <CoreInst = "DMul_maxdsp">   --->   Core 49 'DMul_maxdsp' <Latency = 4> <II = 1> <Delay = 8.56> <FuncUnit> <Opcode : 'dmul'> <InPorts = 2> <OutPorts = 1>
ST_50 : Operation 181 [4/5] (7.05ns)   --->   "%add = dsub i64 %temp_D, i64 %temp_B" [./source/kp_502_7.cpp:17]   --->   Operation 181 'dsub' 'add' <Predicate = true> <Delay = 7.05> <CoreInst = "DAddSub_fulldsp">   --->   Core 37 'DAddSub_fulldsp' <Latency = 4> <II = 1> <Delay = 7.05> <FuncUnit> <Opcode : 'dadd' 'dsub'> <InPorts = 2> <OutPorts = 1>

State 51 <SV = 50> <Delay = 8.56>
ST_51 : Operation 182 [3/5] (7.05ns)   --->   "%sub1 = dsub i64 %bitcast_ln16_1, i64 %temp_D" [./source/kp_502_7.cpp:16]   --->   Operation 182 'dsub' 'sub1' <Predicate = true> <Delay = 7.05> <CoreInst = "DAddSub_fulldsp">   --->   Core 37 'DAddSub_fulldsp' <Latency = 4> <II = 1> <Delay = 7.05> <FuncUnit> <Opcode : 'dadd' 'dsub'> <InPorts = 2> <OutPorts = 1>
ST_51 : Operation 183 [3/5] (8.56ns)   --->   "%mul1 = dmul i64 %temp_A, i64 2" [./source/kp_502_7.cpp:16]   --->   Operation 183 'dmul' 'mul1' <Predicate = true> <Delay = 8.56> <CoreInst = "DMul_maxdsp">   --->   Core 49 'DMul_maxdsp' <Latency = 4> <II = 1> <Delay = 8.56> <FuncUnit> <Opcode : 'dmul'> <InPorts = 2> <OutPorts = 1>
ST_51 : Operation 184 [3/5] (7.05ns)   --->   "%add = dsub i64 %temp_D, i64 %temp_B" [./source/kp_502_7.cpp:17]   --->   Operation 184 'dsub' 'add' <Predicate = true> <Delay = 7.05> <CoreInst = "DAddSub_fulldsp">   --->   Core 37 'DAddSub_fulldsp' <Latency = 4> <II = 1> <Delay = 7.05> <FuncUnit> <Opcode : 'dadd' 'dsub'> <InPorts = 2> <OutPorts = 1>

State 52 <SV = 51> <Delay = 8.56>
ST_52 : Operation 185 [2/5] (7.05ns)   --->   "%sub1 = dsub i64 %bitcast_ln16_1, i64 %temp_D" [./source/kp_502_7.cpp:16]   --->   Operation 185 'dsub' 'sub1' <Predicate = true> <Delay = 7.05> <CoreInst = "DAddSub_fulldsp">   --->   Core 37 'DAddSub_fulldsp' <Latency = 4> <II = 1> <Delay = 7.05> <FuncUnit> <Opcode : 'dadd' 'dsub'> <InPorts = 2> <OutPorts = 1>
ST_52 : Operation 186 [2/5] (8.56ns)   --->   "%mul1 = dmul i64 %temp_A, i64 2" [./source/kp_502_7.cpp:16]   --->   Operation 186 'dmul' 'mul1' <Predicate = true> <Delay = 8.56> <CoreInst = "DMul_maxdsp">   --->   Core 49 'DMul_maxdsp' <Latency = 4> <II = 1> <Delay = 8.56> <FuncUnit> <Opcode : 'dmul'> <InPorts = 2> <OutPorts = 1>
ST_52 : Operation 187 [2/5] (7.05ns)   --->   "%add = dsub i64 %temp_D, i64 %temp_B" [./source/kp_502_7.cpp:17]   --->   Operation 187 'dsub' 'add' <Predicate = true> <Delay = 7.05> <CoreInst = "DAddSub_fulldsp">   --->   Core 37 'DAddSub_fulldsp' <Latency = 4> <II = 1> <Delay = 7.05> <FuncUnit> <Opcode : 'dadd' 'dsub'> <InPorts = 2> <OutPorts = 1>

State 53 <SV = 52> <Delay = 8.56>
ST_53 : Operation 188 [1/5] (7.05ns)   --->   "%sub1 = dsub i64 %bitcast_ln16_1, i64 %temp_D" [./source/kp_502_7.cpp:16]   --->   Operation 188 'dsub' 'sub1' <Predicate = true> <Delay = 7.05> <CoreInst = "DAddSub_fulldsp">   --->   Core 37 'DAddSub_fulldsp' <Latency = 4> <II = 1> <Delay = 7.05> <FuncUnit> <Opcode : 'dadd' 'dsub'> <InPorts = 2> <OutPorts = 1>
ST_53 : Operation 189 [1/5] (8.56ns)   --->   "%mul1 = dmul i64 %temp_A, i64 2" [./source/kp_502_7.cpp:16]   --->   Operation 189 'dmul' 'mul1' <Predicate = true> <Delay = 8.56> <CoreInst = "DMul_maxdsp">   --->   Core 49 'DMul_maxdsp' <Latency = 4> <II = 1> <Delay = 8.56> <FuncUnit> <Opcode : 'dmul'> <InPorts = 2> <OutPorts = 1>
ST_53 : Operation 190 [1/5] (7.05ns)   --->   "%add = dsub i64 %temp_D, i64 %temp_B" [./source/kp_502_7.cpp:17]   --->   Operation 190 'dsub' 'add' <Predicate = true> <Delay = 7.05> <CoreInst = "DAddSub_fulldsp">   --->   Core 37 'DAddSub_fulldsp' <Latency = 4> <II = 1> <Delay = 7.05> <FuncUnit> <Opcode : 'dadd' 'dsub'> <InPorts = 2> <OutPorts = 1>

State 54 <SV = 53> <Delay = 6.77>
ST_54 : Operation 191 [31/31] (6.77ns)   --->   "%div = ddiv i64 %sub1, i64 %mul1" [./source/kp_502_7.cpp:16]   --->   Operation 191 'ddiv' 'div' <Predicate = true> <Delay = 6.77> <CoreInst = "DDiv">   --->   Core 39 'DDiv' <Latency = 30> <II = 1> <Delay = 6.77> <FuncUnit> <Opcode : 'ddiv' 'drem'> <InPorts = 2> <OutPorts = 1>
ST_54 : Operation 192 [31/31] (6.77ns)   --->   "%div1 = ddiv i64 %add, i64 %mul1" [./source/kp_502_7.cpp:17]   --->   Operation 192 'ddiv' 'div1' <Predicate = true> <Delay = 6.77> <CoreInst = "DDiv">   --->   Core 39 'DDiv' <Latency = 30> <II = 1> <Delay = 6.77> <FuncUnit> <Opcode : 'ddiv' 'drem'> <InPorts = 2> <OutPorts = 1>

State 55 <SV = 54> <Delay = 6.77>
ST_55 : Operation 193 [30/31] (6.77ns)   --->   "%div = ddiv i64 %sub1, i64 %mul1" [./source/kp_502_7.cpp:16]   --->   Operation 193 'ddiv' 'div' <Predicate = true> <Delay = 6.77> <CoreInst = "DDiv">   --->   Core 39 'DDiv' <Latency = 30> <II = 1> <Delay = 6.77> <FuncUnit> <Opcode : 'ddiv' 'drem'> <InPorts = 2> <OutPorts = 1>
ST_55 : Operation 194 [30/31] (6.77ns)   --->   "%div1 = ddiv i64 %add, i64 %mul1" [./source/kp_502_7.cpp:17]   --->   Operation 194 'ddiv' 'div1' <Predicate = true> <Delay = 6.77> <CoreInst = "DDiv">   --->   Core 39 'DDiv' <Latency = 30> <II = 1> <Delay = 6.77> <FuncUnit> <Opcode : 'ddiv' 'drem'> <InPorts = 2> <OutPorts = 1>

State 56 <SV = 55> <Delay = 6.77>
ST_56 : Operation 195 [29/31] (6.77ns)   --->   "%div = ddiv i64 %sub1, i64 %mul1" [./source/kp_502_7.cpp:16]   --->   Operation 195 'ddiv' 'div' <Predicate = true> <Delay = 6.77> <CoreInst = "DDiv">   --->   Core 39 'DDiv' <Latency = 30> <II = 1> <Delay = 6.77> <FuncUnit> <Opcode : 'ddiv' 'drem'> <InPorts = 2> <OutPorts = 1>
ST_56 : Operation 196 [29/31] (6.77ns)   --->   "%div1 = ddiv i64 %add, i64 %mul1" [./source/kp_502_7.cpp:17]   --->   Operation 196 'ddiv' 'div1' <Predicate = true> <Delay = 6.77> <CoreInst = "DDiv">   --->   Core 39 'DDiv' <Latency = 30> <II = 1> <Delay = 6.77> <FuncUnit> <Opcode : 'ddiv' 'drem'> <InPorts = 2> <OutPorts = 1>

State 57 <SV = 56> <Delay = 6.77>
ST_57 : Operation 197 [28/31] (6.77ns)   --->   "%div = ddiv i64 %sub1, i64 %mul1" [./source/kp_502_7.cpp:16]   --->   Operation 197 'ddiv' 'div' <Predicate = true> <Delay = 6.77> <CoreInst = "DDiv">   --->   Core 39 'DDiv' <Latency = 30> <II = 1> <Delay = 6.77> <FuncUnit> <Opcode : 'ddiv' 'drem'> <InPorts = 2> <OutPorts = 1>
ST_57 : Operation 198 [28/31] (6.77ns)   --->   "%div1 = ddiv i64 %add, i64 %mul1" [./source/kp_502_7.cpp:17]   --->   Operation 198 'ddiv' 'div1' <Predicate = true> <Delay = 6.77> <CoreInst = "DDiv">   --->   Core 39 'DDiv' <Latency = 30> <II = 1> <Delay = 6.77> <FuncUnit> <Opcode : 'ddiv' 'drem'> <InPorts = 2> <OutPorts = 1>

State 58 <SV = 57> <Delay = 6.77>
ST_58 : Operation 199 [27/31] (6.77ns)   --->   "%div = ddiv i64 %sub1, i64 %mul1" [./source/kp_502_7.cpp:16]   --->   Operation 199 'ddiv' 'div' <Predicate = true> <Delay = 6.77> <CoreInst = "DDiv">   --->   Core 39 'DDiv' <Latency = 30> <II = 1> <Delay = 6.77> <FuncUnit> <Opcode : 'ddiv' 'drem'> <InPorts = 2> <OutPorts = 1>
ST_58 : Operation 200 [27/31] (6.77ns)   --->   "%div1 = ddiv i64 %add, i64 %mul1" [./source/kp_502_7.cpp:17]   --->   Operation 200 'ddiv' 'div1' <Predicate = true> <Delay = 6.77> <CoreInst = "DDiv">   --->   Core 39 'DDiv' <Latency = 30> <II = 1> <Delay = 6.77> <FuncUnit> <Opcode : 'ddiv' 'drem'> <InPorts = 2> <OutPorts = 1>

State 59 <SV = 58> <Delay = 6.77>
ST_59 : Operation 201 [26/31] (6.77ns)   --->   "%div = ddiv i64 %sub1, i64 %mul1" [./source/kp_502_7.cpp:16]   --->   Operation 201 'ddiv' 'div' <Predicate = true> <Delay = 6.77> <CoreInst = "DDiv">   --->   Core 39 'DDiv' <Latency = 30> <II = 1> <Delay = 6.77> <FuncUnit> <Opcode : 'ddiv' 'drem'> <InPorts = 2> <OutPorts = 1>
ST_59 : Operation 202 [26/31] (6.77ns)   --->   "%div1 = ddiv i64 %add, i64 %mul1" [./source/kp_502_7.cpp:17]   --->   Operation 202 'ddiv' 'div1' <Predicate = true> <Delay = 6.77> <CoreInst = "DDiv">   --->   Core 39 'DDiv' <Latency = 30> <II = 1> <Delay = 6.77> <FuncUnit> <Opcode : 'ddiv' 'drem'> <InPorts = 2> <OutPorts = 1>

State 60 <SV = 59> <Delay = 6.77>
ST_60 : Operation 203 [25/31] (6.77ns)   --->   "%div = ddiv i64 %sub1, i64 %mul1" [./source/kp_502_7.cpp:16]   --->   Operation 203 'ddiv' 'div' <Predicate = true> <Delay = 6.77> <CoreInst = "DDiv">   --->   Core 39 'DDiv' <Latency = 30> <II = 1> <Delay = 6.77> <FuncUnit> <Opcode : 'ddiv' 'drem'> <InPorts = 2> <OutPorts = 1>
ST_60 : Operation 204 [25/31] (6.77ns)   --->   "%div1 = ddiv i64 %add, i64 %mul1" [./source/kp_502_7.cpp:17]   --->   Operation 204 'ddiv' 'div1' <Predicate = true> <Delay = 6.77> <CoreInst = "DDiv">   --->   Core 39 'DDiv' <Latency = 30> <II = 1> <Delay = 6.77> <FuncUnit> <Opcode : 'ddiv' 'drem'> <InPorts = 2> <OutPorts = 1>

State 61 <SV = 60> <Delay = 6.77>
ST_61 : Operation 205 [24/31] (6.77ns)   --->   "%div = ddiv i64 %sub1, i64 %mul1" [./source/kp_502_7.cpp:16]   --->   Operation 205 'ddiv' 'div' <Predicate = true> <Delay = 6.77> <CoreInst = "DDiv">   --->   Core 39 'DDiv' <Latency = 30> <II = 1> <Delay = 6.77> <FuncUnit> <Opcode : 'ddiv' 'drem'> <InPorts = 2> <OutPorts = 1>
ST_61 : Operation 206 [24/31] (6.77ns)   --->   "%div1 = ddiv i64 %add, i64 %mul1" [./source/kp_502_7.cpp:17]   --->   Operation 206 'ddiv' 'div1' <Predicate = true> <Delay = 6.77> <CoreInst = "DDiv">   --->   Core 39 'DDiv' <Latency = 30> <II = 1> <Delay = 6.77> <FuncUnit> <Opcode : 'ddiv' 'drem'> <InPorts = 2> <OutPorts = 1>

State 62 <SV = 61> <Delay = 6.77>
ST_62 : Operation 207 [23/31] (6.77ns)   --->   "%div = ddiv i64 %sub1, i64 %mul1" [./source/kp_502_7.cpp:16]   --->   Operation 207 'ddiv' 'div' <Predicate = true> <Delay = 6.77> <CoreInst = "DDiv">   --->   Core 39 'DDiv' <Latency = 30> <II = 1> <Delay = 6.77> <FuncUnit> <Opcode : 'ddiv' 'drem'> <InPorts = 2> <OutPorts = 1>
ST_62 : Operation 208 [23/31] (6.77ns)   --->   "%div1 = ddiv i64 %add, i64 %mul1" [./source/kp_502_7.cpp:17]   --->   Operation 208 'ddiv' 'div1' <Predicate = true> <Delay = 6.77> <CoreInst = "DDiv">   --->   Core 39 'DDiv' <Latency = 30> <II = 1> <Delay = 6.77> <FuncUnit> <Opcode : 'ddiv' 'drem'> <InPorts = 2> <OutPorts = 1>

State 63 <SV = 62> <Delay = 6.77>
ST_63 : Operation 209 [22/31] (6.77ns)   --->   "%div = ddiv i64 %sub1, i64 %mul1" [./source/kp_502_7.cpp:16]   --->   Operation 209 'ddiv' 'div' <Predicate = true> <Delay = 6.77> <CoreInst = "DDiv">   --->   Core 39 'DDiv' <Latency = 30> <II = 1> <Delay = 6.77> <FuncUnit> <Opcode : 'ddiv' 'drem'> <InPorts = 2> <OutPorts = 1>
ST_63 : Operation 210 [22/31] (6.77ns)   --->   "%div1 = ddiv i64 %add, i64 %mul1" [./source/kp_502_7.cpp:17]   --->   Operation 210 'ddiv' 'div1' <Predicate = true> <Delay = 6.77> <CoreInst = "DDiv">   --->   Core 39 'DDiv' <Latency = 30> <II = 1> <Delay = 6.77> <FuncUnit> <Opcode : 'ddiv' 'drem'> <InPorts = 2> <OutPorts = 1>

State 64 <SV = 63> <Delay = 6.77>
ST_64 : Operation 211 [21/31] (6.77ns)   --->   "%div = ddiv i64 %sub1, i64 %mul1" [./source/kp_502_7.cpp:16]   --->   Operation 211 'ddiv' 'div' <Predicate = true> <Delay = 6.77> <CoreInst = "DDiv">   --->   Core 39 'DDiv' <Latency = 30> <II = 1> <Delay = 6.77> <FuncUnit> <Opcode : 'ddiv' 'drem'> <InPorts = 2> <OutPorts = 1>
ST_64 : Operation 212 [21/31] (6.77ns)   --->   "%div1 = ddiv i64 %add, i64 %mul1" [./source/kp_502_7.cpp:17]   --->   Operation 212 'ddiv' 'div1' <Predicate = true> <Delay = 6.77> <CoreInst = "DDiv">   --->   Core 39 'DDiv' <Latency = 30> <II = 1> <Delay = 6.77> <FuncUnit> <Opcode : 'ddiv' 'drem'> <InPorts = 2> <OutPorts = 1>

State 65 <SV = 64> <Delay = 6.77>
ST_65 : Operation 213 [20/31] (6.77ns)   --->   "%div = ddiv i64 %sub1, i64 %mul1" [./source/kp_502_7.cpp:16]   --->   Operation 213 'ddiv' 'div' <Predicate = true> <Delay = 6.77> <CoreInst = "DDiv">   --->   Core 39 'DDiv' <Latency = 30> <II = 1> <Delay = 6.77> <FuncUnit> <Opcode : 'ddiv' 'drem'> <InPorts = 2> <OutPorts = 1>
ST_65 : Operation 214 [20/31] (6.77ns)   --->   "%div1 = ddiv i64 %add, i64 %mul1" [./source/kp_502_7.cpp:17]   --->   Operation 214 'ddiv' 'div1' <Predicate = true> <Delay = 6.77> <CoreInst = "DDiv">   --->   Core 39 'DDiv' <Latency = 30> <II = 1> <Delay = 6.77> <FuncUnit> <Opcode : 'ddiv' 'drem'> <InPorts = 2> <OutPorts = 1>

State 66 <SV = 65> <Delay = 6.77>
ST_66 : Operation 215 [19/31] (6.77ns)   --->   "%div = ddiv i64 %sub1, i64 %mul1" [./source/kp_502_7.cpp:16]   --->   Operation 215 'ddiv' 'div' <Predicate = true> <Delay = 6.77> <CoreInst = "DDiv">   --->   Core 39 'DDiv' <Latency = 30> <II = 1> <Delay = 6.77> <FuncUnit> <Opcode : 'ddiv' 'drem'> <InPorts = 2> <OutPorts = 1>
ST_66 : Operation 216 [19/31] (6.77ns)   --->   "%div1 = ddiv i64 %add, i64 %mul1" [./source/kp_502_7.cpp:17]   --->   Operation 216 'ddiv' 'div1' <Predicate = true> <Delay = 6.77> <CoreInst = "DDiv">   --->   Core 39 'DDiv' <Latency = 30> <II = 1> <Delay = 6.77> <FuncUnit> <Opcode : 'ddiv' 'drem'> <InPorts = 2> <OutPorts = 1>

State 67 <SV = 66> <Delay = 6.77>
ST_67 : Operation 217 [18/31] (6.77ns)   --->   "%div = ddiv i64 %sub1, i64 %mul1" [./source/kp_502_7.cpp:16]   --->   Operation 217 'ddiv' 'div' <Predicate = true> <Delay = 6.77> <CoreInst = "DDiv">   --->   Core 39 'DDiv' <Latency = 30> <II = 1> <Delay = 6.77> <FuncUnit> <Opcode : 'ddiv' 'drem'> <InPorts = 2> <OutPorts = 1>
ST_67 : Operation 218 [18/31] (6.77ns)   --->   "%div1 = ddiv i64 %add, i64 %mul1" [./source/kp_502_7.cpp:17]   --->   Operation 218 'ddiv' 'div1' <Predicate = true> <Delay = 6.77> <CoreInst = "DDiv">   --->   Core 39 'DDiv' <Latency = 30> <II = 1> <Delay = 6.77> <FuncUnit> <Opcode : 'ddiv' 'drem'> <InPorts = 2> <OutPorts = 1>

State 68 <SV = 67> <Delay = 6.77>
ST_68 : Operation 219 [17/31] (6.77ns)   --->   "%div = ddiv i64 %sub1, i64 %mul1" [./source/kp_502_7.cpp:16]   --->   Operation 219 'ddiv' 'div' <Predicate = true> <Delay = 6.77> <CoreInst = "DDiv">   --->   Core 39 'DDiv' <Latency = 30> <II = 1> <Delay = 6.77> <FuncUnit> <Opcode : 'ddiv' 'drem'> <InPorts = 2> <OutPorts = 1>
ST_68 : Operation 220 [17/31] (6.77ns)   --->   "%div1 = ddiv i64 %add, i64 %mul1" [./source/kp_502_7.cpp:17]   --->   Operation 220 'ddiv' 'div1' <Predicate = true> <Delay = 6.77> <CoreInst = "DDiv">   --->   Core 39 'DDiv' <Latency = 30> <II = 1> <Delay = 6.77> <FuncUnit> <Opcode : 'ddiv' 'drem'> <InPorts = 2> <OutPorts = 1>

State 69 <SV = 68> <Delay = 6.77>
ST_69 : Operation 221 [16/31] (6.77ns)   --->   "%div = ddiv i64 %sub1, i64 %mul1" [./source/kp_502_7.cpp:16]   --->   Operation 221 'ddiv' 'div' <Predicate = true> <Delay = 6.77> <CoreInst = "DDiv">   --->   Core 39 'DDiv' <Latency = 30> <II = 1> <Delay = 6.77> <FuncUnit> <Opcode : 'ddiv' 'drem'> <InPorts = 2> <OutPorts = 1>
ST_69 : Operation 222 [16/31] (6.77ns)   --->   "%div1 = ddiv i64 %add, i64 %mul1" [./source/kp_502_7.cpp:17]   --->   Operation 222 'ddiv' 'div1' <Predicate = true> <Delay = 6.77> <CoreInst = "DDiv">   --->   Core 39 'DDiv' <Latency = 30> <II = 1> <Delay = 6.77> <FuncUnit> <Opcode : 'ddiv' 'drem'> <InPorts = 2> <OutPorts = 1>

State 70 <SV = 69> <Delay = 6.77>
ST_70 : Operation 223 [15/31] (6.77ns)   --->   "%div = ddiv i64 %sub1, i64 %mul1" [./source/kp_502_7.cpp:16]   --->   Operation 223 'ddiv' 'div' <Predicate = true> <Delay = 6.77> <CoreInst = "DDiv">   --->   Core 39 'DDiv' <Latency = 30> <II = 1> <Delay = 6.77> <FuncUnit> <Opcode : 'ddiv' 'drem'> <InPorts = 2> <OutPorts = 1>
ST_70 : Operation 224 [15/31] (6.77ns)   --->   "%div1 = ddiv i64 %add, i64 %mul1" [./source/kp_502_7.cpp:17]   --->   Operation 224 'ddiv' 'div1' <Predicate = true> <Delay = 6.77> <CoreInst = "DDiv">   --->   Core 39 'DDiv' <Latency = 30> <II = 1> <Delay = 6.77> <FuncUnit> <Opcode : 'ddiv' 'drem'> <InPorts = 2> <OutPorts = 1>

State 71 <SV = 70> <Delay = 6.77>
ST_71 : Operation 225 [14/31] (6.77ns)   --->   "%div = ddiv i64 %sub1, i64 %mul1" [./source/kp_502_7.cpp:16]   --->   Operation 225 'ddiv' 'div' <Predicate = true> <Delay = 6.77> <CoreInst = "DDiv">   --->   Core 39 'DDiv' <Latency = 30> <II = 1> <Delay = 6.77> <FuncUnit> <Opcode : 'ddiv' 'drem'> <InPorts = 2> <OutPorts = 1>
ST_71 : Operation 226 [14/31] (6.77ns)   --->   "%div1 = ddiv i64 %add, i64 %mul1" [./source/kp_502_7.cpp:17]   --->   Operation 226 'ddiv' 'div1' <Predicate = true> <Delay = 6.77> <CoreInst = "DDiv">   --->   Core 39 'DDiv' <Latency = 30> <II = 1> <Delay = 6.77> <FuncUnit> <Opcode : 'ddiv' 'drem'> <InPorts = 2> <OutPorts = 1>

State 72 <SV = 71> <Delay = 6.77>
ST_72 : Operation 227 [13/31] (6.77ns)   --->   "%div = ddiv i64 %sub1, i64 %mul1" [./source/kp_502_7.cpp:16]   --->   Operation 227 'ddiv' 'div' <Predicate = true> <Delay = 6.77> <CoreInst = "DDiv">   --->   Core 39 'DDiv' <Latency = 30> <II = 1> <Delay = 6.77> <FuncUnit> <Opcode : 'ddiv' 'drem'> <InPorts = 2> <OutPorts = 1>
ST_72 : Operation 228 [13/31] (6.77ns)   --->   "%div1 = ddiv i64 %add, i64 %mul1" [./source/kp_502_7.cpp:17]   --->   Operation 228 'ddiv' 'div1' <Predicate = true> <Delay = 6.77> <CoreInst = "DDiv">   --->   Core 39 'DDiv' <Latency = 30> <II = 1> <Delay = 6.77> <FuncUnit> <Opcode : 'ddiv' 'drem'> <InPorts = 2> <OutPorts = 1>

State 73 <SV = 72> <Delay = 6.77>
ST_73 : Operation 229 [12/31] (6.77ns)   --->   "%div = ddiv i64 %sub1, i64 %mul1" [./source/kp_502_7.cpp:16]   --->   Operation 229 'ddiv' 'div' <Predicate = true> <Delay = 6.77> <CoreInst = "DDiv">   --->   Core 39 'DDiv' <Latency = 30> <II = 1> <Delay = 6.77> <FuncUnit> <Opcode : 'ddiv' 'drem'> <InPorts = 2> <OutPorts = 1>
ST_73 : Operation 230 [12/31] (6.77ns)   --->   "%div1 = ddiv i64 %add, i64 %mul1" [./source/kp_502_7.cpp:17]   --->   Operation 230 'ddiv' 'div1' <Predicate = true> <Delay = 6.77> <CoreInst = "DDiv">   --->   Core 39 'DDiv' <Latency = 30> <II = 1> <Delay = 6.77> <FuncUnit> <Opcode : 'ddiv' 'drem'> <InPorts = 2> <OutPorts = 1>

State 74 <SV = 73> <Delay = 6.77>
ST_74 : Operation 231 [11/31] (6.77ns)   --->   "%div = ddiv i64 %sub1, i64 %mul1" [./source/kp_502_7.cpp:16]   --->   Operation 231 'ddiv' 'div' <Predicate = true> <Delay = 6.77> <CoreInst = "DDiv">   --->   Core 39 'DDiv' <Latency = 30> <II = 1> <Delay = 6.77> <FuncUnit> <Opcode : 'ddiv' 'drem'> <InPorts = 2> <OutPorts = 1>
ST_74 : Operation 232 [11/31] (6.77ns)   --->   "%div1 = ddiv i64 %add, i64 %mul1" [./source/kp_502_7.cpp:17]   --->   Operation 232 'ddiv' 'div1' <Predicate = true> <Delay = 6.77> <CoreInst = "DDiv">   --->   Core 39 'DDiv' <Latency = 30> <II = 1> <Delay = 6.77> <FuncUnit> <Opcode : 'ddiv' 'drem'> <InPorts = 2> <OutPorts = 1>

State 75 <SV = 74> <Delay = 6.77>
ST_75 : Operation 233 [10/31] (6.77ns)   --->   "%div = ddiv i64 %sub1, i64 %mul1" [./source/kp_502_7.cpp:16]   --->   Operation 233 'ddiv' 'div' <Predicate = true> <Delay = 6.77> <CoreInst = "DDiv">   --->   Core 39 'DDiv' <Latency = 30> <II = 1> <Delay = 6.77> <FuncUnit> <Opcode : 'ddiv' 'drem'> <InPorts = 2> <OutPorts = 1>
ST_75 : Operation 234 [10/31] (6.77ns)   --->   "%div1 = ddiv i64 %add, i64 %mul1" [./source/kp_502_7.cpp:17]   --->   Operation 234 'ddiv' 'div1' <Predicate = true> <Delay = 6.77> <CoreInst = "DDiv">   --->   Core 39 'DDiv' <Latency = 30> <II = 1> <Delay = 6.77> <FuncUnit> <Opcode : 'ddiv' 'drem'> <InPorts = 2> <OutPorts = 1>

State 76 <SV = 75> <Delay = 6.77>
ST_76 : Operation 235 [9/31] (6.77ns)   --->   "%div = ddiv i64 %sub1, i64 %mul1" [./source/kp_502_7.cpp:16]   --->   Operation 235 'ddiv' 'div' <Predicate = true> <Delay = 6.77> <CoreInst = "DDiv">   --->   Core 39 'DDiv' <Latency = 30> <II = 1> <Delay = 6.77> <FuncUnit> <Opcode : 'ddiv' 'drem'> <InPorts = 2> <OutPorts = 1>
ST_76 : Operation 236 [9/31] (6.77ns)   --->   "%div1 = ddiv i64 %add, i64 %mul1" [./source/kp_502_7.cpp:17]   --->   Operation 236 'ddiv' 'div1' <Predicate = true> <Delay = 6.77> <CoreInst = "DDiv">   --->   Core 39 'DDiv' <Latency = 30> <II = 1> <Delay = 6.77> <FuncUnit> <Opcode : 'ddiv' 'drem'> <InPorts = 2> <OutPorts = 1>

State 77 <SV = 76> <Delay = 6.77>
ST_77 : Operation 237 [8/31] (6.77ns)   --->   "%div = ddiv i64 %sub1, i64 %mul1" [./source/kp_502_7.cpp:16]   --->   Operation 237 'ddiv' 'div' <Predicate = true> <Delay = 6.77> <CoreInst = "DDiv">   --->   Core 39 'DDiv' <Latency = 30> <II = 1> <Delay = 6.77> <FuncUnit> <Opcode : 'ddiv' 'drem'> <InPorts = 2> <OutPorts = 1>
ST_77 : Operation 238 [8/31] (6.77ns)   --->   "%div1 = ddiv i64 %add, i64 %mul1" [./source/kp_502_7.cpp:17]   --->   Operation 238 'ddiv' 'div1' <Predicate = true> <Delay = 6.77> <CoreInst = "DDiv">   --->   Core 39 'DDiv' <Latency = 30> <II = 1> <Delay = 6.77> <FuncUnit> <Opcode : 'ddiv' 'drem'> <InPorts = 2> <OutPorts = 1>

State 78 <SV = 77> <Delay = 6.77>
ST_78 : Operation 239 [7/31] (6.77ns)   --->   "%div = ddiv i64 %sub1, i64 %mul1" [./source/kp_502_7.cpp:16]   --->   Operation 239 'ddiv' 'div' <Predicate = true> <Delay = 6.77> <CoreInst = "DDiv">   --->   Core 39 'DDiv' <Latency = 30> <II = 1> <Delay = 6.77> <FuncUnit> <Opcode : 'ddiv' 'drem'> <InPorts = 2> <OutPorts = 1>
ST_78 : Operation 240 [7/31] (6.77ns)   --->   "%div1 = ddiv i64 %add, i64 %mul1" [./source/kp_502_7.cpp:17]   --->   Operation 240 'ddiv' 'div1' <Predicate = true> <Delay = 6.77> <CoreInst = "DDiv">   --->   Core 39 'DDiv' <Latency = 30> <II = 1> <Delay = 6.77> <FuncUnit> <Opcode : 'ddiv' 'drem'> <InPorts = 2> <OutPorts = 1>

State 79 <SV = 78> <Delay = 6.77>
ST_79 : Operation 241 [6/31] (6.77ns)   --->   "%div = ddiv i64 %sub1, i64 %mul1" [./source/kp_502_7.cpp:16]   --->   Operation 241 'ddiv' 'div' <Predicate = true> <Delay = 6.77> <CoreInst = "DDiv">   --->   Core 39 'DDiv' <Latency = 30> <II = 1> <Delay = 6.77> <FuncUnit> <Opcode : 'ddiv' 'drem'> <InPorts = 2> <OutPorts = 1>
ST_79 : Operation 242 [6/31] (6.77ns)   --->   "%div1 = ddiv i64 %add, i64 %mul1" [./source/kp_502_7.cpp:17]   --->   Operation 242 'ddiv' 'div1' <Predicate = true> <Delay = 6.77> <CoreInst = "DDiv">   --->   Core 39 'DDiv' <Latency = 30> <II = 1> <Delay = 6.77> <FuncUnit> <Opcode : 'ddiv' 'drem'> <InPorts = 2> <OutPorts = 1>

State 80 <SV = 79> <Delay = 6.77>
ST_80 : Operation 243 [5/31] (6.77ns)   --->   "%div = ddiv i64 %sub1, i64 %mul1" [./source/kp_502_7.cpp:16]   --->   Operation 243 'ddiv' 'div' <Predicate = true> <Delay = 6.77> <CoreInst = "DDiv">   --->   Core 39 'DDiv' <Latency = 30> <II = 1> <Delay = 6.77> <FuncUnit> <Opcode : 'ddiv' 'drem'> <InPorts = 2> <OutPorts = 1>
ST_80 : Operation 244 [5/31] (6.77ns)   --->   "%div1 = ddiv i64 %add, i64 %mul1" [./source/kp_502_7.cpp:17]   --->   Operation 244 'ddiv' 'div1' <Predicate = true> <Delay = 6.77> <CoreInst = "DDiv">   --->   Core 39 'DDiv' <Latency = 30> <II = 1> <Delay = 6.77> <FuncUnit> <Opcode : 'ddiv' 'drem'> <InPorts = 2> <OutPorts = 1>

State 81 <SV = 80> <Delay = 6.77>
ST_81 : Operation 245 [4/31] (6.77ns)   --->   "%div = ddiv i64 %sub1, i64 %mul1" [./source/kp_502_7.cpp:16]   --->   Operation 245 'ddiv' 'div' <Predicate = true> <Delay = 6.77> <CoreInst = "DDiv">   --->   Core 39 'DDiv' <Latency = 30> <II = 1> <Delay = 6.77> <FuncUnit> <Opcode : 'ddiv' 'drem'> <InPorts = 2> <OutPorts = 1>
ST_81 : Operation 246 [4/31] (6.77ns)   --->   "%div1 = ddiv i64 %add, i64 %mul1" [./source/kp_502_7.cpp:17]   --->   Operation 246 'ddiv' 'div1' <Predicate = true> <Delay = 6.77> <CoreInst = "DDiv">   --->   Core 39 'DDiv' <Latency = 30> <II = 1> <Delay = 6.77> <FuncUnit> <Opcode : 'ddiv' 'drem'> <InPorts = 2> <OutPorts = 1>

State 82 <SV = 81> <Delay = 6.77>
ST_82 : Operation 247 [3/31] (6.77ns)   --->   "%div = ddiv i64 %sub1, i64 %mul1" [./source/kp_502_7.cpp:16]   --->   Operation 247 'ddiv' 'div' <Predicate = true> <Delay = 6.77> <CoreInst = "DDiv">   --->   Core 39 'DDiv' <Latency = 30> <II = 1> <Delay = 6.77> <FuncUnit> <Opcode : 'ddiv' 'drem'> <InPorts = 2> <OutPorts = 1>
ST_82 : Operation 248 [3/31] (6.77ns)   --->   "%div1 = ddiv i64 %add, i64 %mul1" [./source/kp_502_7.cpp:17]   --->   Operation 248 'ddiv' 'div1' <Predicate = true> <Delay = 6.77> <CoreInst = "DDiv">   --->   Core 39 'DDiv' <Latency = 30> <II = 1> <Delay = 6.77> <FuncUnit> <Opcode : 'ddiv' 'drem'> <InPorts = 2> <OutPorts = 1>

State 83 <SV = 82> <Delay = 6.77>
ST_83 : Operation 249 [2/31] (6.77ns)   --->   "%div = ddiv i64 %sub1, i64 %mul1" [./source/kp_502_7.cpp:16]   --->   Operation 249 'ddiv' 'div' <Predicate = true> <Delay = 6.77> <CoreInst = "DDiv">   --->   Core 39 'DDiv' <Latency = 30> <II = 1> <Delay = 6.77> <FuncUnit> <Opcode : 'ddiv' 'drem'> <InPorts = 2> <OutPorts = 1>
ST_83 : Operation 250 [2/31] (6.77ns)   --->   "%div1 = ddiv i64 %add, i64 %mul1" [./source/kp_502_7.cpp:17]   --->   Operation 250 'ddiv' 'div1' <Predicate = true> <Delay = 6.77> <CoreInst = "DDiv">   --->   Core 39 'DDiv' <Latency = 30> <II = 1> <Delay = 6.77> <FuncUnit> <Opcode : 'ddiv' 'drem'> <InPorts = 2> <OutPorts = 1>

State 84 <SV = 83> <Delay = 8.52>
ST_84 : Operation 251 [1/1] (0.00ns)   --->   "%specloopname_ln5 = specloopname void @_ssdm_op_SpecLoopName, void @empty_2" [./source/kp_502_7.cpp:5]   --->   Operation 251 'specloopname' 'specloopname_ln5' <Predicate = true> <Delay = 0.00>
ST_84 : Operation 252 [1/31] (6.77ns)   --->   "%div = ddiv i64 %sub1, i64 %mul1" [./source/kp_502_7.cpp:16]   --->   Operation 252 'ddiv' 'div' <Predicate = true> <Delay = 6.77> <CoreInst = "DDiv">   --->   Core 39 'DDiv' <Latency = 30> <II = 1> <Delay = 6.77> <FuncUnit> <Opcode : 'ddiv' 'drem'> <InPorts = 2> <OutPorts = 1>
ST_84 : Operation 253 [1/1] (0.00ns)   --->   "%bitcast_ln16 = bitcast i64 %div" [./source/kp_502_7.cpp:16]   --->   Operation 253 'bitcast' 'bitcast_ln16' <Predicate = true> <Delay = 0.00>
ST_84 : Operation 254 [1/1] (0.00ns)   --->   "%X1_addr = getelementptr i64 %X1, i64 0, i64 %zext_ln5" [./source/kp_502_7.cpp:16]   --->   Operation 254 'getelementptr' 'X1_addr' <Predicate = true> <Delay = 0.00>
ST_84 : Operation 255 [1/1] (1.75ns)   --->   "%store_ln16 = store i64 %bitcast_ln16, i3 %X1_addr" [./source/kp_502_7.cpp:16]   --->   Operation 255 'store' 'store_ln16' <Predicate = true> <Delay = 1.75> <CoreInst = "RAM">   --->   Core 82 'RAM' <Latency = 1> <II = 1> <Delay = 1.75> <Storage> <Opcode : 'load' 'store'> <Ports = 2> <Width = 64> <Depth = 8> <RAM>
ST_84 : Operation 256 [1/31] (6.77ns)   --->   "%div1 = ddiv i64 %add, i64 %mul1" [./source/kp_502_7.cpp:17]   --->   Operation 256 'ddiv' 'div1' <Predicate = true> <Delay = 6.77> <CoreInst = "DDiv">   --->   Core 39 'DDiv' <Latency = 30> <II = 1> <Delay = 6.77> <FuncUnit> <Opcode : 'ddiv' 'drem'> <InPorts = 2> <OutPorts = 1>
ST_84 : Operation 257 [1/1] (0.00ns)   --->   "%bitcast_ln17 = bitcast i64 %div1" [./source/kp_502_7.cpp:17]   --->   Operation 257 'bitcast' 'bitcast_ln17' <Predicate = true> <Delay = 0.00>
ST_84 : Operation 258 [1/1] (0.00ns)   --->   "%X2_addr = getelementptr i64 %X2, i64 0, i64 %zext_ln5" [./source/kp_502_7.cpp:17]   --->   Operation 258 'getelementptr' 'X2_addr' <Predicate = true> <Delay = 0.00>
ST_84 : Operation 259 [1/1] (1.75ns)   --->   "%store_ln17 = store i64 %bitcast_ln17, i3 %X2_addr" [./source/kp_502_7.cpp:17]   --->   Operation 259 'store' 'store_ln17' <Predicate = true> <Delay = 1.75> <CoreInst = "RAM">   --->   Core 82 'RAM' <Latency = 1> <II = 1> <Delay = 1.75> <Storage> <Opcode : 'load' 'store'> <Ports = 2> <Width = 64> <Depth = 8> <RAM>
ST_84 : Operation 260 [1/1] (0.00ns)   --->   "%br_ln0 = br void"   --->   Operation 260 'br' 'br_ln0' <Predicate = true> <Delay = 0.00>


============================================================
+ Verbose Summary: Timing violations
============================================================
Target clock period: 10ns, clock uncertainty: 1ns.

 <State 1>: 1.32ns
The critical path consists of the following:
	'alloca' operation ('i') [7]  (0 ns)
	'store' operation ('store_ln5', ./source/kp_502_7.cpp:5) of constant 0 on local variable 'i' [21]  (1.32 ns)

 <State 2>: 2.82ns
The critical path consists of the following:
	'load' operation ('i', ./source/kp_502_7.cpp:5) on local variable 'i' [24]  (0 ns)
	'add' operation ('add_ln5', ./source/kp_502_7.cpp:5) [28]  (1.49 ns)
	'store' operation ('store_ln5', ./source/kp_502_7.cpp:5) of variable 'add_ln5', ./source/kp_502_7.cpp:5 on local variable 'i' [62]  (1.32 ns)

 <State 3>: 1.75ns
The critical path consists of the following:
	'load' operation ('A_load', ./source/kp_502_7.cpp:7) on array 'A' [36]  (1.75 ns)

 <State 4>: 8.57ns
The critical path consists of the following:
	'dmul' operation ('mul3', ./source/kp_502_7.cpp:10) [39]  (8.57 ns)

 <State 5>: 8.57ns
The critical path consists of the following:
	'dmul' operation ('mul3', ./source/kp_502_7.cpp:10) [39]  (8.57 ns)

 <State 6>: 8.57ns
The critical path consists of the following:
	'dmul' operation ('mul3', ./source/kp_502_7.cpp:10) [39]  (8.57 ns)

 <State 7>: 8.57ns
The critical path consists of the following:
	'dmul' operation ('mul3', ./source/kp_502_7.cpp:10) [39]  (8.57 ns)

 <State 8>: 8.57ns
The critical path consists of the following:
	'dmul' operation ('mul3', ./source/kp_502_7.cpp:10) [39]  (8.57 ns)

 <State 9>: 8.57ns
The critical path consists of the following:
	'dmul' operation ('mul', ./source/kp_502_7.cpp:10) [38]  (8.57 ns)

 <State 10>: 8.57ns
The critical path consists of the following:
	'dmul' operation ('mul', ./source/kp_502_7.cpp:10) [38]  (8.57 ns)

 <State 11>: 8.57ns
The critical path consists of the following:
	'dmul' operation ('mul', ./source/kp_502_7.cpp:10) [38]  (8.57 ns)

 <State 12>: 8.57ns
The critical path consists of the following:
	'dmul' operation ('mul', ./source/kp_502_7.cpp:10) [38]  (8.57 ns)

 <State 13>: 8.57ns
The critical path consists of the following:
	'dmul' operation ('mul', ./source/kp_502_7.cpp:10) [38]  (8.57 ns)

 <State 14>: 7.06ns
The critical path consists of the following:
	'dsub' operation ('x', ./source/kp_502_7.cpp:10) [44]  (7.06 ns)

 <State 15>: 7.06ns
The critical path consists of the following:
	'dsub' operation ('x', ./source/kp_502_7.cpp:10) [44]  (7.06 ns)

 <State 16>: 7.06ns
The critical path consists of the following:
	'dsub' operation ('x', ./source/kp_502_7.cpp:10) [44]  (7.06 ns)

 <State 17>: 7.06ns
The critical path consists of the following:
	'dsub' operation ('x', ./source/kp_502_7.cpp:10) [44]  (7.06 ns)

 <State 18>: 8.81ns
The critical path consists of the following:
	'dsub' operation ('x', ./source/kp_502_7.cpp:10) [44]  (7.06 ns)
	'store' operation ('store_ln10', ./source/kp_502_7.cpp:10) of variable 'bitcast_ln10_1', ./source/kp_502_7.cpp:10 on array 'D' [47]  (1.75 ns)

 <State 19>: 7.62ns
The critical path consists of the following:
	'dsqrt' operation ('temp_D', r:/builds/2021.2/rdi_builds/continuous/2021_10_19_3367213/src/shared/hls/clib/hlsmath/src/c++/sqrtdouble.cpp:8) [48]  (7.62 ns)

 <State 20>: 7.62ns
The critical path consists of the following:
	'dsqrt' operation ('temp_D', r:/builds/2021.2/rdi_builds/continuous/2021_10_19_3367213/src/shared/hls/clib/hlsmath/src/c++/sqrtdouble.cpp:8) [48]  (7.62 ns)

 <State 21>: 7.62ns
The critical path consists of the following:
	'dsqrt' operation ('temp_D', r:/builds/2021.2/rdi_builds/continuous/2021_10_19_3367213/src/shared/hls/clib/hlsmath/src/c++/sqrtdouble.cpp:8) [48]  (7.62 ns)

 <State 22>: 7.62ns
The critical path consists of the following:
	'dsqrt' operation ('temp_D', r:/builds/2021.2/rdi_builds/continuous/2021_10_19_3367213/src/shared/hls/clib/hlsmath/src/c++/sqrtdouble.cpp:8) [48]  (7.62 ns)

 <State 23>: 7.62ns
The critical path consists of the following:
	'dsqrt' operation ('temp_D', r:/builds/2021.2/rdi_builds/continuous/2021_10_19_3367213/src/shared/hls/clib/hlsmath/src/c++/sqrtdouble.cpp:8) [48]  (7.62 ns)

 <State 24>: 7.62ns
The critical path consists of the following:
	'dsqrt' operation ('temp_D', r:/builds/2021.2/rdi_builds/continuous/2021_10_19_3367213/src/shared/hls/clib/hlsmath/src/c++/sqrtdouble.cpp:8) [48]  (7.62 ns)

 <State 25>: 7.62ns
The critical path consists of the following:
	'dsqrt' operation ('temp_D', r:/builds/2021.2/rdi_builds/continuous/2021_10_19_3367213/src/shared/hls/clib/hlsmath/src/c++/sqrtdouble.cpp:8) [48]  (7.62 ns)

 <State 26>: 7.62ns
The critical path consists of the following:
	'dsqrt' operation ('temp_D', r:/builds/2021.2/rdi_builds/continuous/2021_10_19_3367213/src/shared/hls/clib/hlsmath/src/c++/sqrtdouble.cpp:8) [48]  (7.62 ns)

 <State 27>: 7.62ns
The critical path consists of the following:
	'dsqrt' operation ('temp_D', r:/builds/2021.2/rdi_builds/continuous/2021_10_19_3367213/src/shared/hls/clib/hlsmath/src/c++/sqrtdouble.cpp:8) [48]  (7.62 ns)

 <State 28>: 7.62ns
The critical path consists of the following:
	'dsqrt' operation ('temp_D', r:/builds/2021.2/rdi_builds/continuous/2021_10_19_3367213/src/shared/hls/clib/hlsmath/src/c++/sqrtdouble.cpp:8) [48]  (7.62 ns)

 <State 29>: 7.62ns
The critical path consists of the following:
	'dsqrt' operation ('temp_D', r:/builds/2021.2/rdi_builds/continuous/2021_10_19_3367213/src/shared/hls/clib/hlsmath/src/c++/sqrtdouble.cpp:8) [48]  (7.62 ns)

 <State 30>: 7.62ns
The critical path consists of the following:
	'dsqrt' operation ('temp_D', r:/builds/2021.2/rdi_builds/continuous/2021_10_19_3367213/src/shared/hls/clib/hlsmath/src/c++/sqrtdouble.cpp:8) [48]  (7.62 ns)

 <State 31>: 7.62ns
The critical path consists of the following:
	'dsqrt' operation ('temp_D', r:/builds/2021.2/rdi_builds/continuous/2021_10_19_3367213/src/shared/hls/clib/hlsmath/src/c++/sqrtdouble.cpp:8) [48]  (7.62 ns)

 <State 32>: 7.62ns
The critical path consists of the following:
	'dsqrt' operation ('temp_D', r:/builds/2021.2/rdi_builds/continuous/2021_10_19_3367213/src/shared/hls/clib/hlsmath/src/c++/sqrtdouble.cpp:8) [48]  (7.62 ns)

 <State 33>: 7.62ns
The critical path consists of the following:
	'dsqrt' operation ('temp_D', r:/builds/2021.2/rdi_builds/continuous/2021_10_19_3367213/src/shared/hls/clib/hlsmath/src/c++/sqrtdouble.cpp:8) [48]  (7.62 ns)

 <State 34>: 7.62ns
The critical path consists of the following:
	'dsqrt' operation ('temp_D', r:/builds/2021.2/rdi_builds/continuous/2021_10_19_3367213/src/shared/hls/clib/hlsmath/src/c++/sqrtdouble.cpp:8) [48]  (7.62 ns)

 <State 35>: 7.62ns
The critical path consists of the following:
	'dsqrt' operation ('temp_D', r:/builds/2021.2/rdi_builds/continuous/2021_10_19_3367213/src/shared/hls/clib/hlsmath/src/c++/sqrtdouble.cpp:8) [48]  (7.62 ns)

 <State 36>: 7.62ns
The critical path consists of the following:
	'dsqrt' operation ('temp_D', r:/builds/2021.2/rdi_builds/continuous/2021_10_19_3367213/src/shared/hls/clib/hlsmath/src/c++/sqrtdouble.cpp:8) [48]  (7.62 ns)

 <State 37>: 7.62ns
The critical path consists of the following:
	'dsqrt' operation ('temp_D', r:/builds/2021.2/rdi_builds/continuous/2021_10_19_3367213/src/shared/hls/clib/hlsmath/src/c++/sqrtdouble.cpp:8) [48]  (7.62 ns)

 <State 38>: 7.62ns
The critical path consists of the following:
	'dsqrt' operation ('temp_D', r:/builds/2021.2/rdi_builds/continuous/2021_10_19_3367213/src/shared/hls/clib/hlsmath/src/c++/sqrtdouble.cpp:8) [48]  (7.62 ns)

 <State 39>: 7.62ns
The critical path consists of the following:
	'dsqrt' operation ('temp_D', r:/builds/2021.2/rdi_builds/continuous/2021_10_19_3367213/src/shared/hls/clib/hlsmath/src/c++/sqrtdouble.cpp:8) [48]  (7.62 ns)

 <State 40>: 7.62ns
The critical path consists of the following:
	'dsqrt' operation ('temp_D', r:/builds/2021.2/rdi_builds/continuous/2021_10_19_3367213/src/shared/hls/clib/hlsmath/src/c++/sqrtdouble.cpp:8) [48]  (7.62 ns)

 <State 41>: 7.62ns
The critical path consists of the following:
	'dsqrt' operation ('temp_D', r:/builds/2021.2/rdi_builds/continuous/2021_10_19_3367213/src/shared/hls/clib/hlsmath/src/c++/sqrtdouble.cpp:8) [48]  (7.62 ns)

 <State 42>: 7.62ns
The critical path consists of the following:
	'dsqrt' operation ('temp_D', r:/builds/2021.2/rdi_builds/continuous/2021_10_19_3367213/src/shared/hls/clib/hlsmath/src/c++/sqrtdouble.cpp:8) [48]  (7.62 ns)

 <State 43>: 7.62ns
The critical path consists of the following:
	'dsqrt' operation ('temp_D', r:/builds/2021.2/rdi_builds/continuous/2021_10_19_3367213/src/shared/hls/clib/hlsmath/src/c++/sqrtdouble.cpp:8) [48]  (7.62 ns)

 <State 44>: 7.62ns
The critical path consists of the following:
	'dsqrt' operation ('temp_D', r:/builds/2021.2/rdi_builds/continuous/2021_10_19_3367213/src/shared/hls/clib/hlsmath/src/c++/sqrtdouble.cpp:8) [48]  (7.62 ns)

 <State 45>: 7.62ns
The critical path consists of the following:
	'dsqrt' operation ('temp_D', r:/builds/2021.2/rdi_builds/continuous/2021_10_19_3367213/src/shared/hls/clib/hlsmath/src/c++/sqrtdouble.cpp:8) [48]  (7.62 ns)

 <State 46>: 7.62ns
The critical path consists of the following:
	'dsqrt' operation ('temp_D', r:/builds/2021.2/rdi_builds/continuous/2021_10_19_3367213/src/shared/hls/clib/hlsmath/src/c++/sqrtdouble.cpp:8) [48]  (7.62 ns)

 <State 47>: 7.62ns
The critical path consists of the following:
	'dsqrt' operation ('temp_D', r:/builds/2021.2/rdi_builds/continuous/2021_10_19_3367213/src/shared/hls/clib/hlsmath/src/c++/sqrtdouble.cpp:8) [48]  (7.62 ns)

 <State 48>: 7.62ns
The critical path consists of the following:
	'dsqrt' operation ('temp_D', r:/builds/2021.2/rdi_builds/continuous/2021_10_19_3367213/src/shared/hls/clib/hlsmath/src/c++/sqrtdouble.cpp:8) [48]  (7.62 ns)

 <State 49>: 8.57ns
The critical path consists of the following:
	'dmul' operation ('mul1', ./source/kp_502_7.cpp:16) [52]  (8.57 ns)

 <State 50>: 8.57ns
The critical path consists of the following:
	'dmul' operation ('mul1', ./source/kp_502_7.cpp:16) [52]  (8.57 ns)

 <State 51>: 8.57ns
The critical path consists of the following:
	'dmul' operation ('mul1', ./source/kp_502_7.cpp:16) [52]  (8.57 ns)

 <State 52>: 8.57ns
The critical path consists of the following:
	'dmul' operation ('mul1', ./source/kp_502_7.cpp:16) [52]  (8.57 ns)

 <State 53>: 8.57ns
The critical path consists of the following:
	'dmul' operation ('mul1', ./source/kp_502_7.cpp:16) [52]  (8.57 ns)

 <State 54>: 6.77ns
The critical path consists of the following:
	'ddiv' operation ('div', ./source/kp_502_7.cpp:16) [53]  (6.77 ns)

 <State 55>: 6.77ns
The critical path consists of the following:
	'ddiv' operation ('div', ./source/kp_502_7.cpp:16) [53]  (6.77 ns)

 <State 56>: 6.77ns
The critical path consists of the following:
	'ddiv' operation ('div', ./source/kp_502_7.cpp:16) [53]  (6.77 ns)

 <State 57>: 6.77ns
The critical path consists of the following:
	'ddiv' operation ('div', ./source/kp_502_7.cpp:16) [53]  (6.77 ns)

 <State 58>: 6.77ns
The critical path consists of the following:
	'ddiv' operation ('div', ./source/kp_502_7.cpp:16) [53]  (6.77 ns)

 <State 59>: 6.77ns
The critical path consists of the following:
	'ddiv' operation ('div', ./source/kp_502_7.cpp:16) [53]  (6.77 ns)

 <State 60>: 6.77ns
The critical path consists of the following:
	'ddiv' operation ('div', ./source/kp_502_7.cpp:16) [53]  (6.77 ns)

 <State 61>: 6.77ns
The critical path consists of the following:
	'ddiv' operation ('div', ./source/kp_502_7.cpp:16) [53]  (6.77 ns)

 <State 62>: 6.77ns
The critical path consists of the following:
	'ddiv' operation ('div', ./source/kp_502_7.cpp:16) [53]  (6.77 ns)

 <State 63>: 6.77ns
The critical path consists of the following:
	'ddiv' operation ('div', ./source/kp_502_7.cpp:16) [53]  (6.77 ns)

 <State 64>: 6.77ns
The critical path consists of the following:
	'ddiv' operation ('div', ./source/kp_502_7.cpp:16) [53]  (6.77 ns)

 <State 65>: 6.77ns
The critical path consists of the following:
	'ddiv' operation ('div', ./source/kp_502_7.cpp:16) [53]  (6.77 ns)

 <State 66>: 6.77ns
The critical path consists of the following:
	'ddiv' operation ('div', ./source/kp_502_7.cpp:16) [53]  (6.77 ns)

 <State 67>: 6.77ns
The critical path consists of the following:
	'ddiv' operation ('div', ./source/kp_502_7.cpp:16) [53]  (6.77 ns)

 <State 68>: 6.77ns
The critical path consists of the following:
	'ddiv' operation ('div', ./source/kp_502_7.cpp:16) [53]  (6.77 ns)

 <State 69>: 6.77ns
The critical path consists of the following:
	'ddiv' operation ('div', ./source/kp_502_7.cpp:16) [53]  (6.77 ns)

 <State 70>: 6.77ns
The critical path consists of the following:
	'ddiv' operation ('div', ./source/kp_502_7.cpp:16) [53]  (6.77 ns)

 <State 71>: 6.77ns
The critical path consists of the following:
	'ddiv' operation ('div', ./source/kp_502_7.cpp:16) [53]  (6.77 ns)

 <State 72>: 6.77ns
The critical path consists of the following:
	'ddiv' operation ('div', ./source/kp_502_7.cpp:16) [53]  (6.77 ns)

 <State 73>: 6.77ns
The critical path consists of the following:
	'ddiv' operation ('div', ./source/kp_502_7.cpp:16) [53]  (6.77 ns)

 <State 74>: 6.77ns
The critical path consists of the following:
	'ddiv' operation ('div', ./source/kp_502_7.cpp:16) [53]  (6.77 ns)

 <State 75>: 6.77ns
The critical path consists of the following:
	'ddiv' operation ('div', ./source/kp_502_7.cpp:16) [53]  (6.77 ns)

 <State 76>: 6.77ns
The critical path consists of the following:
	'ddiv' operation ('div', ./source/kp_502_7.cpp:16) [53]  (6.77 ns)

 <State 77>: 6.77ns
The critical path consists of the following:
	'ddiv' operation ('div', ./source/kp_502_7.cpp:16) [53]  (6.77 ns)

 <State 78>: 6.77ns
The critical path consists of the following:
	'ddiv' operation ('div', ./source/kp_502_7.cpp:16) [53]  (6.77 ns)

 <State 79>: 6.77ns
The critical path consists of the following:
	'ddiv' operation ('div', ./source/kp_502_7.cpp:16) [53]  (6.77 ns)

 <State 80>: 6.77ns
The critical path consists of the following:
	'ddiv' operation ('div', ./source/kp_502_7.cpp:16) [53]  (6.77 ns)

 <State 81>: 6.77ns
The critical path consists of the following:
	'ddiv' operation ('div', ./source/kp_502_7.cpp:16) [53]  (6.77 ns)

 <State 82>: 6.77ns
The critical path consists of the following:
	'ddiv' operation ('div', ./source/kp_502_7.cpp:16) [53]  (6.77 ns)

 <State 83>: 6.77ns
The critical path consists of the following:
	'ddiv' operation ('div', ./source/kp_502_7.cpp:16) [53]  (6.77 ns)

 <State 84>: 8.52ns
The critical path consists of the following:
	'ddiv' operation ('div', ./source/kp_502_7.cpp:16) [53]  (6.77 ns)
	'store' operation ('store_ln16', ./source/kp_502_7.cpp:16) of variable 'bitcast_ln16', ./source/kp_502_7.cpp:16 on array 'X1' [56]  (1.75 ns)


============================================================
+ Verbose Summary: Binding
============================================================
N/A
* FSMD analyzer results:
  - Output states:
 - Input state : 
  - Chain level:
	State 1
	State 2
	State 3
	State 4
	State 5
	State 6
	State 7
	State 8
	State 9
	State 10
	State 11
	State 12
	State 13
	State 14
	State 15
	State 16
	State 17
	State 18
	State 19
	State 20
	State 21
	State 22
	State 23
	State 24
	State 25
	State 26
	State 27
	State 28
	State 29
	State 30
	State 31
	State 32
	State 33
	State 34
	State 35
	State 36
	State 37
	State 38
	State 39
	State 40
	State 41
	State 42
	State 43
	State 44
	State 45
	State 46
	State 47
	State 48
	State 49
	State 50
	State 51
	State 52
	State 53
	State 54
	State 55
	State 56
	State 57
	State 58
	State 59
	State 60
	State 61
	State 62
	State 63
	State 64
	State 65
	State 66
	State 67
	State 68
	State 69
	State 70
	State 71
	State 72
	State 73
	State 74
	State 75
	State 76
	State 77
	State 78
	State 79
	State 80
	State 81
	State 82
	State 83
	State 84


============================================================
+ Verbose Summary: Datapath Resource usage 
============================================================
N/A
