

================================================================
== Vitis HLS Report for 'sqrt_fixed_32_32_s'
================================================================
* Date:           Sun Mar 24 18:08:04 2024

* Version:        2021.2 (Build 3367213 on Tue Oct 19 02:48:09 MDT 2021)
* Project:        kp_502_7
* Solution:       sol2_5 (Vivado IP Flow Target)
* Product family: artix7
* Target device:  xc7a200t-sbv484-2


================================================================
== Performance Estimates
================================================================
+ Timing: 
    * Summary: 
    +------+---------+----------+------------+
    | Clock|  Target | Estimated| Uncertainty|
    +------+---------+----------+------------+
    |clk   |  6.00 ns|  4.938 ns|     1.00 ns|
    +------+---------+----------+------------+

+ Latency: 
    * Summary: 
    +---------+---------+-----------+-----------+-----+-----+---------+
    |  Latency (cycles) |   Latency (absolute)  |  Interval | Pipeline|
    |   min   |   max   |    min    |    max    | min | max |   Type  |
    +---------+---------+-----------+-----------+-----+-----+---------+
    |       10|       10|  60.000 ns|  60.000 ns|    1|    1|      yes|
    +---------+---------+-----------+-----------+-----+-----+---------+

    + Detail: 
        * Instance: 
        N/A

        * Loop: 
        N/A

============================================================
+ Verbose Summary: Synthesis Manager
============================================================
InlineROM: 1
ExposeGlobal: 0
============================================================
+ Verbose Summary: CDFG Model
============================================================
IsTopModel: 0
ResetActiveHigh: 1
IsCombinational: 0
IsDatapathOnly: 0
HasWiredReturn: 1
HasMFsm: 2
HasVarLatency: 0
IsPipeline: 1
IsRtlPipelined: 1
IsInstanceOverlapped: 0
IsDontTouch: 0
HasImplIP: 0
IsGatedGlobalClock: 0

+ Individual pipeline summary: 
  * Pipeline-0: initiation interval (II) = 1, depth = 11


============================================================
+ Verbose Summary: Schedule
============================================================
* Number of FSM states : 11
* Pipeline : 1
  Pipeline-0 : II = 1, D = 11, States = { 1 2 3 4 5 6 7 8 9 10 11 }
* Dataflow Pipeline: 0

* FSM state transitions: 
1 --> 2 
2 --> 3 
3 --> 4 
4 --> 5 
5 --> 6 
6 --> 7 
7 --> 8 
8 --> 9 
9 --> 10 
10 --> 11 
11 --> 

* FSM state operations: 

State 1 <SV = 0> <Delay = 4.88>
ST_1 : Operation 12 [1/1] (0.00ns)   --->   "%x_read = read i31 @_ssdm_op_Read.ap_auto.i31, i31 %x"   --->   Operation 12 'read' 'x_read' <Predicate = true> <Delay = 0.00>
ST_1 : Operation 13 [1/1] (0.00ns)   --->   "%zext_ln666 = zext i31 %x_read"   --->   Operation 13 'zext' 'zext_ln666' <Predicate = true> <Delay = 0.00>
ST_1 : Operation 14 [1/1] (0.00ns)   --->   "%tmp = bitselect i1 @_ssdm_op_BitSelect.i1.i31.i32, i31 %x_read, i32 30"   --->   Operation 14 'bitselect' 'tmp' <Predicate = true> <Delay = 0.00>
ST_1 : Operation 15 [1/1] (0.00ns) (grouped into LUT with out node x_l_I_V_31)   --->   "%xor_ln219 = xor i1 %tmp, i1 1"   --->   Operation 15 'xor' 'xor_ln219' <Predicate = true> <Delay = 0.00> <CoreInst = "LogicGate">   --->   Core 74 'LogicGate' <Latency = 0> <II = 1> <Delay = 0.80> <FuncUnit> <Opcode : 'and' 'or' 'xor'> <InPorts = 2> <OutPorts = 1>
ST_1 : Operation 16 [1/1] (0.00ns) (grouped into LUT with out node x_l_I_V_31)   --->   "%select_ln277 = select i1 %xor_ln219, i3 7, i3 0"   --->   Operation 16 'select' 'select_ln277' <Predicate = true> <Delay = 0.00> <CoreInst = "Sel">   --->   Core 73 'Sel' <Latency = 0> <II = 1> <Delay = 1.06> <FuncUnit> <Opcode : 'select'> <InPorts = 3> <OutPorts = 1>
ST_1 : Operation 17 [1/1] (0.00ns) (grouped into LUT with out node x_l_I_V_31)   --->   "%p_Result_49 = partset i35 @llvm.part.set.i35.i3, i35 %zext_ln666, i3 %select_ln277, i32 30, i32 32"   --->   Operation 17 'partset' 'p_Result_49' <Predicate = true> <Delay = 0.00>
ST_1 : Operation 18 [1/1] (0.81ns) (out node of the LUT)   --->   "%x_l_I_V_31 = select i1 %tmp, i35 %p_Result_49, i35 %zext_ln666"   --->   Operation 18 'select' 'x_l_I_V_31' <Predicate = true> <Delay = 0.81> <CoreInst = "Sel">   --->   Core 73 'Sel' <Latency = 0> <II = 1> <Delay = 1.06> <FuncUnit> <Opcode : 'select'> <InPorts = 3> <OutPorts = 1>
ST_1 : Operation 19 [1/1] (1.06ns)   --->   "%res_I_V_32 = select i1 %tmp, i16 32768, i16 0"   --->   Operation 19 'select' 'res_I_V_32' <Predicate = true> <Delay = 1.06> <CoreInst = "Sel">   --->   Core 73 'Sel' <Latency = 0> <II = 1> <Delay = 1.06> <FuncUnit> <Opcode : 'select'> <InPorts = 3> <OutPorts = 1>
ST_1 : Operation 20 [1/1] (0.00ns)   --->   "%p_Result_s = partselect i2 @_ssdm_op_PartSelect.i2.i16.i32.i32, i16 %res_I_V_32, i32 14, i32 15"   --->   Operation 20 'partselect' 'p_Result_s' <Predicate = true> <Delay = 0.00>
ST_1 : Operation 21 [1/1] (0.00ns)   --->   "%tmp_1 = bitconcatenate i3 @_ssdm_op_BitConcatenate.i3.i2.i1, i2 %p_Result_s, i1 1"   --->   Operation 21 'bitconcatenate' 'tmp_1' <Predicate = true> <Delay = 0.00>
ST_1 : Operation 22 [1/1] (0.00ns)   --->   "%p_Result_50 = partselect i4 @_ssdm_op_PartSelect.i4.i35.i32.i32, i35 %x_l_I_V_31, i32 28, i32 31"   --->   Operation 22 'partselect' 'p_Result_50' <Predicate = true> <Delay = 0.00>
ST_1 : Operation 23 [1/1] (0.00ns)   --->   "%zext_ln443 = zext i3 %tmp_1"   --->   Operation 23 'zext' 'zext_ln443' <Predicate = true> <Delay = 0.00>
ST_1 : Operation 24 [1/1] (1.21ns)   --->   "%icmp_ln443 = icmp_ult  i4 %p_Result_50, i4 %zext_ln443"   --->   Operation 24 'icmp' 'icmp_ln443' <Predicate = true> <Delay = 1.21> <CoreInst = "Cmp">   --->   Core 9 'Cmp' <Latency = 0> <II = 1> <Delay = 2.12> <FuncUnit> <Opcode : 'icmp'> <InPorts = 2> <OutPorts = 1>
ST_1 : Operation 25 [1/1] (1.49ns)   --->   "%sub_ln219 = sub i4 %p_Result_50, i4 %zext_ln443"   --->   Operation 25 'sub' 'sub_ln219' <Predicate = true> <Delay = 1.49> <CoreInst = "Adder">   --->   Core 1 'Adder' <Latency = 0> <II = 1> <Delay = 1.84> <FuncUnit> <Opcode : 'add' 'sub'> <InPorts = 2> <OutPorts = 1>
ST_1 : Operation 26 [1/1] (0.00ns)   --->   "%p_Result_51 = partset i35 @llvm.part.set.i35.i4, i35 %x_l_I_V_31, i4 %sub_ln219, i32 28, i32 31"   --->   Operation 26 'partset' 'p_Result_51' <Predicate = true> <Delay = 0.00>
ST_1 : Operation 27 [1/1] (0.00ns)   --->   "%p_Result_52 = bitset i16 @_ssdm_op_BitSet.i16.i16.i32.i1, i16 %res_I_V_32, i32 14, i1 1"   --->   Operation 27 'bitset' 'p_Result_52' <Predicate = true> <Delay = 0.00>
ST_1 : Operation 28 [1/1] (0.77ns)   --->   "%x_l_I_V_32 = select i1 %icmp_ln443, i35 %x_l_I_V_31, i35 %p_Result_51"   --->   Operation 28 'select' 'x_l_I_V_32' <Predicate = true> <Delay = 0.77> <CoreInst = "Sel">   --->   Core 73 'Sel' <Latency = 0> <II = 1> <Delay = 1.06> <FuncUnit> <Opcode : 'select'> <InPorts = 3> <OutPorts = 1>
ST_1 : Operation 29 [1/1] (1.06ns)   --->   "%res_I_V_33 = select i1 %icmp_ln443, i16 %res_I_V_32, i16 %p_Result_52"   --->   Operation 29 'select' 'res_I_V_33' <Predicate = true> <Delay = 1.06> <CoreInst = "Sel">   --->   Core 73 'Sel' <Latency = 0> <II = 1> <Delay = 1.06> <FuncUnit> <Opcode : 'select'> <InPorts = 3> <OutPorts = 1>
ST_1 : Operation 30 [1/1] (0.00ns)   --->   "%p_Result_4 = partselect i3 @_ssdm_op_PartSelect.i3.i16.i32.i32, i16 %res_I_V_33, i32 13, i32 15"   --->   Operation 30 'partselect' 'p_Result_4' <Predicate = true> <Delay = 0.00>
ST_1 : Operation 31 [1/1] (0.00ns)   --->   "%tmp_2 = bitconcatenate i4 @_ssdm_op_BitConcatenate.i4.i3.i1, i3 %p_Result_4, i1 1"   --->   Operation 31 'bitconcatenate' 'tmp_2' <Predicate = true> <Delay = 0.00>
ST_1 : Operation 32 [1/1] (0.00ns)   --->   "%p_Result_53 = partselect i5 @_ssdm_op_PartSelect.i5.i35.i32.i32, i35 %x_l_I_V_32, i32 26, i32 30"   --->   Operation 32 'partselect' 'p_Result_53' <Predicate = true> <Delay = 0.00>
ST_1 : Operation 33 [1/1] (0.00ns)   --->   "%zext_ln443_1 = zext i4 %tmp_2"   --->   Operation 33 'zext' 'zext_ln443_1' <Predicate = true> <Delay = 0.00>
ST_1 : Operation 34 [1/1] (1.21ns)   --->   "%icmp_ln443_1 = icmp_ult  i5 %p_Result_53, i5 %zext_ln443_1"   --->   Operation 34 'icmp' 'icmp_ln443_1' <Predicate = true> <Delay = 1.21> <CoreInst = "Cmp">   --->   Core 9 'Cmp' <Latency = 0> <II = 1> <Delay = 2.12> <FuncUnit> <Opcode : 'icmp'> <InPorts = 2> <OutPorts = 1>
ST_1 : Operation 35 [1/1] (1.54ns)   --->   "%sub_ln219_1 = sub i5 %p_Result_53, i5 %zext_ln443_1"   --->   Operation 35 'sub' 'sub_ln219_1' <Predicate = true> <Delay = 1.54> <CoreInst = "Adder">   --->   Core 1 'Adder' <Latency = 0> <II = 1> <Delay = 1.84> <FuncUnit> <Opcode : 'add' 'sub'> <InPorts = 2> <OutPorts = 1>

State 2 <SV = 1> <Delay = 3.44>
ST_2 : Operation 36 [1/1] (0.00ns)   --->   "%p_Result_54 = partset i35 @llvm.part.set.i35.i5, i35 %x_l_I_V_32, i5 %sub_ln219_1, i32 26, i32 30"   --->   Operation 36 'partset' 'p_Result_54' <Predicate = (!icmp_ln443_1)> <Delay = 0.00>
ST_2 : Operation 37 [1/1] (0.00ns)   --->   "%p_Result_55 = bitset i16 @_ssdm_op_BitSet.i16.i16.i32.i1, i16 %res_I_V_33, i32 13, i1 1"   --->   Operation 37 'bitset' 'p_Result_55' <Predicate = (!icmp_ln443_1)> <Delay = 0.00>
ST_2 : Operation 38 [1/1] (0.77ns)   --->   "%x_l_I_V_33 = select i1 %icmp_ln443_1, i35 %x_l_I_V_32, i35 %p_Result_54"   --->   Operation 38 'select' 'x_l_I_V_33' <Predicate = true> <Delay = 0.77> <CoreInst = "Sel">   --->   Core 73 'Sel' <Latency = 0> <II = 1> <Delay = 1.06> <FuncUnit> <Opcode : 'select'> <InPorts = 3> <OutPorts = 1>
ST_2 : Operation 39 [1/1] (1.06ns)   --->   "%res_I_V_34 = select i1 %icmp_ln443_1, i16 %res_I_V_33, i16 %p_Result_55"   --->   Operation 39 'select' 'res_I_V_34' <Predicate = true> <Delay = 1.06> <CoreInst = "Sel">   --->   Core 73 'Sel' <Latency = 0> <II = 1> <Delay = 1.06> <FuncUnit> <Opcode : 'select'> <InPorts = 3> <OutPorts = 1>
ST_2 : Operation 40 [1/1] (0.00ns)   --->   "%p_Result_8 = partselect i4 @_ssdm_op_PartSelect.i4.i16.i32.i32, i16 %res_I_V_34, i32 12, i32 15"   --->   Operation 40 'partselect' 'p_Result_8' <Predicate = true> <Delay = 0.00>
ST_2 : Operation 41 [1/1] (0.00ns)   --->   "%tmp_3 = bitconcatenate i5 @_ssdm_op_BitConcatenate.i5.i4.i1, i4 %p_Result_8, i1 1"   --->   Operation 41 'bitconcatenate' 'tmp_3' <Predicate = true> <Delay = 0.00>
ST_2 : Operation 42 [1/1] (0.00ns)   --->   "%p_Result_56 = partselect i6 @_ssdm_op_PartSelect.i6.i35.i32.i32, i35 %x_l_I_V_33, i32 24, i32 29"   --->   Operation 42 'partselect' 'p_Result_56' <Predicate = true> <Delay = 0.00>
ST_2 : Operation 43 [1/1] (0.00ns)   --->   "%zext_ln443_2 = zext i5 %tmp_3"   --->   Operation 43 'zext' 'zext_ln443_2' <Predicate = true> <Delay = 0.00>
ST_2 : Operation 44 [1/1] (1.22ns)   --->   "%icmp_ln443_2 = icmp_ult  i6 %p_Result_56, i6 %zext_ln443_2"   --->   Operation 44 'icmp' 'icmp_ln443_2' <Predicate = true> <Delay = 1.22> <CoreInst = "Cmp">   --->   Core 9 'Cmp' <Latency = 0> <II = 1> <Delay = 2.12> <FuncUnit> <Opcode : 'icmp'> <InPorts = 2> <OutPorts = 1>
ST_2 : Operation 45 [1/1] (1.60ns)   --->   "%sub_ln219_2 = sub i6 %p_Result_56, i6 %zext_ln443_2"   --->   Operation 45 'sub' 'sub_ln219_2' <Predicate = true> <Delay = 1.60> <CoreInst = "Adder">   --->   Core 1 'Adder' <Latency = 0> <II = 1> <Delay = 1.84> <FuncUnit> <Opcode : 'add' 'sub'> <InPorts = 2> <OutPorts = 1>
ST_2 : Operation 46 [1/1] (0.00ns)   --->   "%p_Result_57 = partset i35 @llvm.part.set.i35.i6, i35 %x_l_I_V_33, i6 %sub_ln219_2, i32 24, i32 29"   --->   Operation 46 'partset' 'p_Result_57' <Predicate = true> <Delay = 0.00>
ST_2 : Operation 47 [1/1] (0.00ns)   --->   "%p_Result_58 = bitset i16 @_ssdm_op_BitSet.i16.i16.i32.i1, i16 %res_I_V_34, i32 12, i1 1"   --->   Operation 47 'bitset' 'p_Result_58' <Predicate = true> <Delay = 0.00>
ST_2 : Operation 48 [1/1] (0.77ns)   --->   "%x_l_I_V_34 = select i1 %icmp_ln443_2, i35 %x_l_I_V_33, i35 %p_Result_57"   --->   Operation 48 'select' 'x_l_I_V_34' <Predicate = true> <Delay = 0.77> <CoreInst = "Sel">   --->   Core 73 'Sel' <Latency = 0> <II = 1> <Delay = 1.06> <FuncUnit> <Opcode : 'select'> <InPorts = 3> <OutPorts = 1>
ST_2 : Operation 49 [1/1] (1.06ns)   --->   "%res_I_V_35 = select i1 %icmp_ln443_2, i16 %res_I_V_34, i16 %p_Result_58"   --->   Operation 49 'select' 'res_I_V_35' <Predicate = true> <Delay = 1.06> <CoreInst = "Sel">   --->   Core 73 'Sel' <Latency = 0> <II = 1> <Delay = 1.06> <FuncUnit> <Opcode : 'select'> <InPorts = 3> <OutPorts = 1>
ST_2 : Operation 50 [1/1] (0.00ns)   --->   "%p_Result_9 = partselect i5 @_ssdm_op_PartSelect.i5.i16.i32.i32, i16 %res_I_V_35, i32 11, i32 15"   --->   Operation 50 'partselect' 'p_Result_9' <Predicate = true> <Delay = 0.00>
ST_2 : Operation 51 [1/1] (0.00ns)   --->   "%p_Result_59 = partselect i7 @_ssdm_op_PartSelect.i7.i35.i32.i32, i35 %x_l_I_V_34, i32 22, i32 28"   --->   Operation 51 'partselect' 'p_Result_59' <Predicate = true> <Delay = 0.00>

State 3 <SV = 2> <Delay = 4.93>
ST_3 : Operation 52 [1/1] (0.00ns)   --->   "%tmp_4 = bitconcatenate i6 @_ssdm_op_BitConcatenate.i6.i5.i1, i5 %p_Result_9, i1 1"   --->   Operation 52 'bitconcatenate' 'tmp_4' <Predicate = true> <Delay = 0.00>
ST_3 : Operation 53 [1/1] (0.00ns)   --->   "%zext_ln443_3 = zext i6 %tmp_4"   --->   Operation 53 'zext' 'zext_ln443_3' <Predicate = true> <Delay = 0.00>
ST_3 : Operation 54 [1/1] (1.23ns)   --->   "%icmp_ln443_3 = icmp_ult  i7 %p_Result_59, i7 %zext_ln443_3"   --->   Operation 54 'icmp' 'icmp_ln443_3' <Predicate = true> <Delay = 1.23> <CoreInst = "Cmp">   --->   Core 9 'Cmp' <Latency = 0> <II = 1> <Delay = 2.12> <FuncUnit> <Opcode : 'icmp'> <InPorts = 2> <OutPorts = 1>
ST_3 : Operation 55 [1/1] (1.66ns)   --->   "%sub_ln219_3 = sub i7 %p_Result_59, i7 %zext_ln443_3"   --->   Operation 55 'sub' 'sub_ln219_3' <Predicate = true> <Delay = 1.66> <CoreInst = "Adder">   --->   Core 1 'Adder' <Latency = 0> <II = 1> <Delay = 1.84> <FuncUnit> <Opcode : 'add' 'sub'> <InPorts = 2> <OutPorts = 1>
ST_3 : Operation 56 [1/1] (0.00ns)   --->   "%p_Result_60 = partset i35 @llvm.part.set.i35.i7, i35 %x_l_I_V_34, i7 %sub_ln219_3, i32 22, i32 28"   --->   Operation 56 'partset' 'p_Result_60' <Predicate = true> <Delay = 0.00>
ST_3 : Operation 57 [1/1] (0.00ns)   --->   "%p_Result_61 = bitset i16 @_ssdm_op_BitSet.i16.i16.i32.i1, i16 %res_I_V_35, i32 11, i1 1"   --->   Operation 57 'bitset' 'p_Result_61' <Predicate = true> <Delay = 0.00>
ST_3 : Operation 58 [1/1] (0.77ns)   --->   "%x_l_I_V_35 = select i1 %icmp_ln443_3, i35 %x_l_I_V_34, i35 %p_Result_60"   --->   Operation 58 'select' 'x_l_I_V_35' <Predicate = true> <Delay = 0.77> <CoreInst = "Sel">   --->   Core 73 'Sel' <Latency = 0> <II = 1> <Delay = 1.06> <FuncUnit> <Opcode : 'select'> <InPorts = 3> <OutPorts = 1>
ST_3 : Operation 59 [1/1] (1.06ns)   --->   "%res_I_V_36 = select i1 %icmp_ln443_3, i16 %res_I_V_35, i16 %p_Result_61"   --->   Operation 59 'select' 'res_I_V_36' <Predicate = true> <Delay = 1.06> <CoreInst = "Sel">   --->   Core 73 'Sel' <Latency = 0> <II = 1> <Delay = 1.06> <FuncUnit> <Opcode : 'select'> <InPorts = 3> <OutPorts = 1>
ST_3 : Operation 60 [1/1] (0.00ns)   --->   "%p_Result_13 = partselect i6 @_ssdm_op_PartSelect.i6.i16.i32.i32, i16 %res_I_V_36, i32 10, i32 15"   --->   Operation 60 'partselect' 'p_Result_13' <Predicate = true> <Delay = 0.00>
ST_3 : Operation 61 [1/1] (0.00ns)   --->   "%tmp_5 = bitconcatenate i7 @_ssdm_op_BitConcatenate.i7.i6.i1, i6 %p_Result_13, i1 1"   --->   Operation 61 'bitconcatenate' 'tmp_5' <Predicate = true> <Delay = 0.00>
ST_3 : Operation 62 [1/1] (0.00ns)   --->   "%p_Result_62 = partselect i8 @_ssdm_op_PartSelect.i8.i35.i32.i32, i35 %x_l_I_V_35, i32 20, i32 27"   --->   Operation 62 'partselect' 'p_Result_62' <Predicate = true> <Delay = 0.00>
ST_3 : Operation 63 [1/1] (0.00ns)   --->   "%zext_ln443_4 = zext i7 %tmp_5"   --->   Operation 63 'zext' 'zext_ln443_4' <Predicate = true> <Delay = 0.00>
ST_3 : Operation 64 [1/1] (1.24ns)   --->   "%icmp_ln443_4 = icmp_ult  i8 %p_Result_62, i8 %zext_ln443_4"   --->   Operation 64 'icmp' 'icmp_ln443_4' <Predicate = true> <Delay = 1.24> <CoreInst = "Cmp">   --->   Core 9 'Cmp' <Latency = 0> <II = 1> <Delay = 2.12> <FuncUnit> <Opcode : 'icmp'> <InPorts = 2> <OutPorts = 1>
ST_3 : Operation 65 [1/1] (1.71ns)   --->   "%sub_ln219_4 = sub i8 %p_Result_62, i8 %zext_ln443_4"   --->   Operation 65 'sub' 'sub_ln219_4' <Predicate = true> <Delay = 1.71> <CoreInst = "Adder">   --->   Core 1 'Adder' <Latency = 0> <II = 1> <Delay = 1.84> <FuncUnit> <Opcode : 'add' 'sub'> <InPorts = 2> <OutPorts = 1>
ST_3 : Operation 66 [1/1] (0.00ns)   --->   "%p_Result_63 = partset i35 @llvm.part.set.i35.i8, i35 %x_l_I_V_35, i8 %sub_ln219_4, i32 20, i32 27"   --->   Operation 66 'partset' 'p_Result_63' <Predicate = true> <Delay = 0.00>
ST_3 : Operation 67 [1/1] (0.00ns)   --->   "%p_Result_64 = bitset i16 @_ssdm_op_BitSet.i16.i16.i32.i1, i16 %res_I_V_36, i32 10, i1 1"   --->   Operation 67 'bitset' 'p_Result_64' <Predicate = true> <Delay = 0.00>
ST_3 : Operation 68 [1/1] (0.77ns)   --->   "%x_l_I_V_36 = select i1 %icmp_ln443_4, i35 %x_l_I_V_35, i35 %p_Result_63"   --->   Operation 68 'select' 'x_l_I_V_36' <Predicate = true> <Delay = 0.77> <CoreInst = "Sel">   --->   Core 73 'Sel' <Latency = 0> <II = 1> <Delay = 1.06> <FuncUnit> <Opcode : 'select'> <InPorts = 3> <OutPorts = 1>
ST_3 : Operation 69 [1/1] (1.06ns)   --->   "%res_I_V_37 = select i1 %icmp_ln443_4, i16 %res_I_V_36, i16 %p_Result_64"   --->   Operation 69 'select' 'res_I_V_37' <Predicate = true> <Delay = 1.06> <CoreInst = "Sel">   --->   Core 73 'Sel' <Latency = 0> <II = 1> <Delay = 1.06> <FuncUnit> <Opcode : 'select'> <InPorts = 3> <OutPorts = 1>
ST_3 : Operation 70 [1/1] (0.00ns)   --->   "%p_Result_16 = partselect i7 @_ssdm_op_PartSelect.i7.i16.i32.i32, i16 %res_I_V_37, i32 9, i32 15"   --->   Operation 70 'partselect' 'p_Result_16' <Predicate = true> <Delay = 0.00>
ST_3 : Operation 71 [1/1] (0.00ns)   --->   "%p_Result_65 = partselect i9 @_ssdm_op_PartSelect.i9.i35.i32.i32, i35 %x_l_I_V_36, i32 18, i32 26"   --->   Operation 71 'partselect' 'p_Result_65' <Predicate = true> <Delay = 0.00>

State 4 <SV = 3> <Delay = 4.26>
ST_4 : Operation 72 [1/1] (0.00ns)   --->   "%tmp_6 = bitconcatenate i8 @_ssdm_op_BitConcatenate.i8.i7.i1, i7 %p_Result_16, i1 1"   --->   Operation 72 'bitconcatenate' 'tmp_6' <Predicate = true> <Delay = 0.00>
ST_4 : Operation 73 [1/1] (0.00ns)   --->   "%zext_ln443_5 = zext i8 %tmp_6"   --->   Operation 73 'zext' 'zext_ln443_5' <Predicate = true> <Delay = 0.00>
ST_4 : Operation 74 [1/1] (1.34ns)   --->   "%icmp_ln443_5 = icmp_ult  i9 %p_Result_65, i9 %zext_ln443_5"   --->   Operation 74 'icmp' 'icmp_ln443_5' <Predicate = true> <Delay = 1.34> <CoreInst = "Cmp">   --->   Core 9 'Cmp' <Latency = 0> <II = 1> <Delay = 2.12> <FuncUnit> <Opcode : 'icmp'> <InPorts = 2> <OutPorts = 1>
ST_4 : Operation 75 [1/1] (1.73ns)   --->   "%sub_ln219_5 = sub i9 %p_Result_65, i9 %zext_ln443_5"   --->   Operation 75 'sub' 'sub_ln219_5' <Predicate = true> <Delay = 1.73> <CoreInst = "Adder">   --->   Core 1 'Adder' <Latency = 0> <II = 1> <Delay = 1.84> <FuncUnit> <Opcode : 'add' 'sub'> <InPorts = 2> <OutPorts = 1>
ST_4 : Operation 76 [1/1] (0.00ns)   --->   "%p_Result_66 = partset i35 @llvm.part.set.i35.i9, i35 %x_l_I_V_36, i9 %sub_ln219_5, i32 18, i32 26"   --->   Operation 76 'partset' 'p_Result_66' <Predicate = true> <Delay = 0.00>
ST_4 : Operation 77 [1/1] (0.00ns)   --->   "%p_Result_67 = bitset i16 @_ssdm_op_BitSet.i16.i16.i32.i1, i16 %res_I_V_37, i32 9, i1 1"   --->   Operation 77 'bitset' 'p_Result_67' <Predicate = true> <Delay = 0.00>
ST_4 : Operation 78 [1/1] (0.77ns)   --->   "%x_l_I_V = select i1 %icmp_ln443_5, i35 %x_l_I_V_36, i35 %p_Result_66"   --->   Operation 78 'select' 'x_l_I_V' <Predicate = true> <Delay = 0.77> <CoreInst = "Sel">   --->   Core 73 'Sel' <Latency = 0> <II = 1> <Delay = 1.06> <FuncUnit> <Opcode : 'select'> <InPorts = 3> <OutPorts = 1>
ST_4 : Operation 79 [1/1] (1.06ns)   --->   "%res_I_V_38 = select i1 %icmp_ln443_5, i16 %res_I_V_37, i16 %p_Result_67"   --->   Operation 79 'select' 'res_I_V_38' <Predicate = true> <Delay = 1.06> <CoreInst = "Sel">   --->   Core 73 'Sel' <Latency = 0> <II = 1> <Delay = 1.06> <FuncUnit> <Opcode : 'select'> <InPorts = 3> <OutPorts = 1>
ST_4 : Operation 80 [1/1] (0.00ns)   --->   "%p_Result_19 = partselect i8 @_ssdm_op_PartSelect.i8.i16.i32.i32, i16 %res_I_V_38, i32 8, i32 15"   --->   Operation 80 'partselect' 'p_Result_19' <Predicate = true> <Delay = 0.00>
ST_4 : Operation 81 [1/1] (0.00ns)   --->   "%tmp_7 = bitconcatenate i9 @_ssdm_op_BitConcatenate.i9.i8.i1, i8 %p_Result_19, i1 1"   --->   Operation 81 'bitconcatenate' 'tmp_7' <Predicate = true> <Delay = 0.00>
ST_4 : Operation 82 [1/1] (0.00ns)   --->   "%p_Result_68 = partselect i10 @_ssdm_op_PartSelect.i10.i35.i32.i32, i35 %x_l_I_V, i32 16, i32 25"   --->   Operation 82 'partselect' 'p_Result_68' <Predicate = true> <Delay = 0.00>
ST_4 : Operation 83 [1/1] (0.00ns)   --->   "%zext_ln443_6 = zext i9 %tmp_7"   --->   Operation 83 'zext' 'zext_ln443_6' <Predicate = true> <Delay = 0.00>
ST_4 : Operation 84 [1/1] (1.43ns)   --->   "%icmp_ln443_6 = icmp_ult  i10 %p_Result_68, i10 %zext_ln443_6"   --->   Operation 84 'icmp' 'icmp_ln443_6' <Predicate = true> <Delay = 1.43> <CoreInst = "Cmp">   --->   Core 9 'Cmp' <Latency = 0> <II = 1> <Delay = 2.12> <FuncUnit> <Opcode : 'icmp'> <InPorts = 2> <OutPorts = 1>
ST_4 : Operation 85 [1/1] (1.74ns)   --->   "%sub_ln219_6 = sub i10 %p_Result_68, i10 %zext_ln443_6"   --->   Operation 85 'sub' 'sub_ln219_6' <Predicate = true> <Delay = 1.74> <CoreInst = "Adder">   --->   Core 1 'Adder' <Latency = 0> <II = 1> <Delay = 1.84> <FuncUnit> <Opcode : 'add' 'sub'> <InPorts = 2> <OutPorts = 1>

State 5 <SV = 4> <Delay = 3.65>
ST_5 : Operation 86 [1/1] (0.00ns)   --->   "%p_Result_69 = partset i35 @llvm.part.set.i35.i10, i35 %x_l_I_V, i10 %sub_ln219_6, i32 16, i32 25"   --->   Operation 86 'partset' 'p_Result_69' <Predicate = (!icmp_ln443_6)> <Delay = 0.00>
ST_5 : Operation 87 [1/1] (0.00ns)   --->   "%p_Result_70 = bitset i16 @_ssdm_op_BitSet.i16.i16.i32.i1, i16 %res_I_V_38, i32 8, i1 1"   --->   Operation 87 'bitset' 'p_Result_70' <Predicate = (!icmp_ln443_6)> <Delay = 0.00>
ST_5 : Operation 88 [1/1] (0.77ns)   --->   "%x_l_I_V_37 = select i1 %icmp_ln443_6, i35 %x_l_I_V, i35 %p_Result_69"   --->   Operation 88 'select' 'x_l_I_V_37' <Predicate = true> <Delay = 0.77> <CoreInst = "Sel">   --->   Core 73 'Sel' <Latency = 0> <II = 1> <Delay = 1.06> <FuncUnit> <Opcode : 'select'> <InPorts = 3> <OutPorts = 1>
ST_5 : Operation 89 [1/1] (1.06ns)   --->   "%res_I_V = select i1 %icmp_ln443_6, i16 %res_I_V_38, i16 %p_Result_70"   --->   Operation 89 'select' 'res_I_V' <Predicate = true> <Delay = 1.06> <CoreInst = "Sel">   --->   Core 73 'Sel' <Latency = 0> <II = 1> <Delay = 1.06> <FuncUnit> <Opcode : 'select'> <InPorts = 3> <OutPorts = 1>
ST_5 : Operation 90 [1/1] (0.00ns)   --->   "%p_Result_22 = partselect i9 @_ssdm_op_PartSelect.i9.i16.i32.i32, i16 %res_I_V, i32 7, i32 15"   --->   Operation 90 'partselect' 'p_Result_22' <Predicate = true> <Delay = 0.00>
ST_5 : Operation 91 [1/1] (0.00ns)   --->   "%tmp_8 = bitconcatenate i10 @_ssdm_op_BitConcatenate.i10.i9.i1, i9 %p_Result_22, i1 1"   --->   Operation 91 'bitconcatenate' 'tmp_8' <Predicate = true> <Delay = 0.00>
ST_5 : Operation 92 [1/1] (0.00ns)   --->   "%p_Result_71 = partselect i11 @_ssdm_op_PartSelect.i11.i35.i32.i32, i35 %x_l_I_V_37, i32 14, i32 24"   --->   Operation 92 'partselect' 'p_Result_71' <Predicate = true> <Delay = 0.00>
ST_5 : Operation 93 [1/1] (0.00ns)   --->   "%zext_ln443_7 = zext i10 %tmp_8"   --->   Operation 93 'zext' 'zext_ln443_7' <Predicate = true> <Delay = 0.00>
ST_5 : Operation 94 [1/1] (1.52ns)   --->   "%icmp_ln443_7 = icmp_ult  i11 %p_Result_71, i11 %zext_ln443_7"   --->   Operation 94 'icmp' 'icmp_ln443_7' <Predicate = true> <Delay = 1.52> <CoreInst = "Cmp">   --->   Core 9 'Cmp' <Latency = 0> <II = 1> <Delay = 2.12> <FuncUnit> <Opcode : 'icmp'> <InPorts = 2> <OutPorts = 1>
ST_5 : Operation 95 [1/1] (1.76ns)   --->   "%sub_ln219_7 = sub i11 %p_Result_71, i11 %zext_ln443_7"   --->   Operation 95 'sub' 'sub_ln219_7' <Predicate = true> <Delay = 1.76> <CoreInst = "Adder">   --->   Core 1 'Adder' <Latency = 0> <II = 1> <Delay = 1.84> <FuncUnit> <Opcode : 'add' 'sub'> <InPorts = 2> <OutPorts = 1>
ST_5 : Operation 96 [1/1] (0.00ns)   --->   "%p_Result_72 = partset i35 @llvm.part.set.i35.i11, i35 %x_l_I_V_37, i11 %sub_ln219_7, i32 14, i32 24"   --->   Operation 96 'partset' 'p_Result_72' <Predicate = true> <Delay = 0.00>
ST_5 : Operation 97 [1/1] (0.00ns)   --->   "%p_Result_73 = bitset i16 @_ssdm_op_BitSet.i16.i16.i32.i1, i16 %res_I_V, i32 7, i1 1"   --->   Operation 97 'bitset' 'p_Result_73' <Predicate = true> <Delay = 0.00>
ST_5 : Operation 98 [1/1] (0.77ns)   --->   "%x_l_I_V_38 = select i1 %icmp_ln443_7, i35 %x_l_I_V_37, i35 %p_Result_72"   --->   Operation 98 'select' 'x_l_I_V_38' <Predicate = true> <Delay = 0.77> <CoreInst = "Sel">   --->   Core 73 'Sel' <Latency = 0> <II = 1> <Delay = 1.06> <FuncUnit> <Opcode : 'select'> <InPorts = 3> <OutPorts = 1>
ST_5 : Operation 99 [1/1] (1.06ns)   --->   "%res_I_V_39 = select i1 %icmp_ln443_7, i16 %res_I_V, i16 %p_Result_73"   --->   Operation 99 'select' 'res_I_V_39' <Predicate = true> <Delay = 1.06> <CoreInst = "Sel">   --->   Core 73 'Sel' <Latency = 0> <II = 1> <Delay = 1.06> <FuncUnit> <Opcode : 'select'> <InPorts = 3> <OutPorts = 1>
ST_5 : Operation 100 [1/1] (0.00ns)   --->   "%p_Result_25 = partselect i10 @_ssdm_op_PartSelect.i10.i16.i32.i32, i16 %res_I_V_39, i32 6, i32 15"   --->   Operation 100 'partselect' 'p_Result_25' <Predicate = true> <Delay = 0.00>
ST_5 : Operation 101 [1/1] (0.00ns)   --->   "%p_Result_74 = partselect i12 @_ssdm_op_PartSelect.i12.i35.i32.i32, i35 %x_l_I_V_38, i32 12, i32 23"   --->   Operation 101 'partselect' 'p_Result_74' <Predicate = true> <Delay = 0.00>

State 6 <SV = 5> <Delay = 4.47>
ST_6 : Operation 102 [1/1] (0.00ns)   --->   "%tmp_9 = bitconcatenate i11 @_ssdm_op_BitConcatenate.i11.i10.i1, i10 %p_Result_25, i1 1"   --->   Operation 102 'bitconcatenate' 'tmp_9' <Predicate = true> <Delay = 0.00>
ST_6 : Operation 103 [1/1] (0.00ns)   --->   "%zext_ln443_8 = zext i11 %tmp_9"   --->   Operation 103 'zext' 'zext_ln443_8' <Predicate = true> <Delay = 0.00>
ST_6 : Operation 104 [1/1] (1.61ns)   --->   "%icmp_ln443_8 = icmp_ult  i12 %p_Result_74, i12 %zext_ln443_8"   --->   Operation 104 'icmp' 'icmp_ln443_8' <Predicate = true> <Delay = 1.61> <CoreInst = "Cmp">   --->   Core 9 'Cmp' <Latency = 0> <II = 1> <Delay = 2.12> <FuncUnit> <Opcode : 'icmp'> <InPorts = 2> <OutPorts = 1>
ST_6 : Operation 105 [1/1] (1.77ns)   --->   "%sub_ln219_8 = sub i12 %p_Result_74, i12 %zext_ln443_8"   --->   Operation 105 'sub' 'sub_ln219_8' <Predicate = true> <Delay = 1.77> <CoreInst = "Adder">   --->   Core 1 'Adder' <Latency = 0> <II = 1> <Delay = 1.84> <FuncUnit> <Opcode : 'add' 'sub'> <InPorts = 2> <OutPorts = 1>
ST_6 : Operation 106 [1/1] (0.00ns)   --->   "%p_Result_75 = partset i35 @llvm.part.set.i35.i12, i35 %x_l_I_V_38, i12 %sub_ln219_8, i32 12, i32 23"   --->   Operation 106 'partset' 'p_Result_75' <Predicate = true> <Delay = 0.00>
ST_6 : Operation 107 [1/1] (0.00ns)   --->   "%p_Result_76 = bitset i16 @_ssdm_op_BitSet.i16.i16.i32.i1, i16 %res_I_V_39, i32 6, i1 1"   --->   Operation 107 'bitset' 'p_Result_76' <Predicate = true> <Delay = 0.00>
ST_6 : Operation 108 [1/1] (0.77ns)   --->   "%x_l_I_V_39 = select i1 %icmp_ln443_8, i35 %x_l_I_V_38, i35 %p_Result_75"   --->   Operation 108 'select' 'x_l_I_V_39' <Predicate = true> <Delay = 0.77> <CoreInst = "Sel">   --->   Core 73 'Sel' <Latency = 0> <II = 1> <Delay = 1.06> <FuncUnit> <Opcode : 'select'> <InPorts = 3> <OutPorts = 1>
ST_6 : Operation 109 [1/1] (1.06ns)   --->   "%res_I_V_40 = select i1 %icmp_ln443_8, i16 %res_I_V_39, i16 %p_Result_76"   --->   Operation 109 'select' 'res_I_V_40' <Predicate = true> <Delay = 1.06> <CoreInst = "Sel">   --->   Core 73 'Sel' <Latency = 0> <II = 1> <Delay = 1.06> <FuncUnit> <Opcode : 'select'> <InPorts = 3> <OutPorts = 1>
ST_6 : Operation 110 [1/1] (0.00ns)   --->   "%p_Result_28 = partselect i11 @_ssdm_op_PartSelect.i11.i16.i32.i32, i16 %res_I_V_40, i32 5, i32 15"   --->   Operation 110 'partselect' 'p_Result_28' <Predicate = true> <Delay = 0.00>
ST_6 : Operation 111 [1/1] (0.00ns)   --->   "%tmp_s = bitconcatenate i12 @_ssdm_op_BitConcatenate.i12.i11.i1, i11 %p_Result_28, i1 1"   --->   Operation 111 'bitconcatenate' 'tmp_s' <Predicate = true> <Delay = 0.00>
ST_6 : Operation 112 [1/1] (0.00ns)   --->   "%p_Result_77 = partselect i13 @_ssdm_op_PartSelect.i13.i35.i32.i32, i35 %x_l_I_V_39, i32 10, i32 22"   --->   Operation 112 'partselect' 'p_Result_77' <Predicate = true> <Delay = 0.00>
ST_6 : Operation 113 [1/1] (0.00ns)   --->   "%zext_ln443_9 = zext i12 %tmp_s"   --->   Operation 113 'zext' 'zext_ln443_9' <Predicate = true> <Delay = 0.00>
ST_6 : Operation 114 [1/1] (1.70ns)   --->   "%icmp_ln443_9 = icmp_ult  i13 %p_Result_77, i13 %zext_ln443_9"   --->   Operation 114 'icmp' 'icmp_ln443_9' <Predicate = true> <Delay = 1.70> <CoreInst = "Cmp">   --->   Core 9 'Cmp' <Latency = 0> <II = 1> <Delay = 2.12> <FuncUnit> <Opcode : 'icmp'> <InPorts = 2> <OutPorts = 1>
ST_6 : Operation 115 [1/1] (1.79ns)   --->   "%sub_ln219_9 = sub i13 %p_Result_77, i13 %zext_ln443_9"   --->   Operation 115 'sub' 'sub_ln219_9' <Predicate = true> <Delay = 1.79> <CoreInst = "Adder">   --->   Core 1 'Adder' <Latency = 0> <II = 1> <Delay = 1.84> <FuncUnit> <Opcode : 'add' 'sub'> <InPorts = 2> <OutPorts = 1>

State 7 <SV = 6> <Delay = 3.92>
ST_7 : Operation 116 [1/1] (0.00ns)   --->   "%p_Result_78 = partset i35 @llvm.part.set.i35.i13, i35 %x_l_I_V_39, i13 %sub_ln219_9, i32 10, i32 22"   --->   Operation 116 'partset' 'p_Result_78' <Predicate = (!icmp_ln443_9)> <Delay = 0.00>
ST_7 : Operation 117 [1/1] (0.00ns)   --->   "%p_Result_79 = bitset i16 @_ssdm_op_BitSet.i16.i16.i32.i1, i16 %res_I_V_40, i32 5, i1 1"   --->   Operation 117 'bitset' 'p_Result_79' <Predicate = (!icmp_ln443_9)> <Delay = 0.00>
ST_7 : Operation 118 [1/1] (0.77ns)   --->   "%x_l_I_V_40 = select i1 %icmp_ln443_9, i35 %x_l_I_V_39, i35 %p_Result_78"   --->   Operation 118 'select' 'x_l_I_V_40' <Predicate = true> <Delay = 0.77> <CoreInst = "Sel">   --->   Core 73 'Sel' <Latency = 0> <II = 1> <Delay = 1.06> <FuncUnit> <Opcode : 'select'> <InPorts = 3> <OutPorts = 1>
ST_7 : Operation 119 [1/1] (1.06ns)   --->   "%res_I_V_41 = select i1 %icmp_ln443_9, i16 %res_I_V_40, i16 %p_Result_79"   --->   Operation 119 'select' 'res_I_V_41' <Predicate = true> <Delay = 1.06> <CoreInst = "Sel">   --->   Core 73 'Sel' <Latency = 0> <II = 1> <Delay = 1.06> <FuncUnit> <Opcode : 'select'> <InPorts = 3> <OutPorts = 1>
ST_7 : Operation 120 [1/1] (0.00ns)   --->   "%p_Result_31 = partselect i12 @_ssdm_op_PartSelect.i12.i16.i32.i32, i16 %res_I_V_41, i32 4, i32 15"   --->   Operation 120 'partselect' 'p_Result_31' <Predicate = true> <Delay = 0.00>
ST_7 : Operation 121 [1/1] (0.00ns)   --->   "%tmp_10 = bitconcatenate i13 @_ssdm_op_BitConcatenate.i13.i12.i1, i12 %p_Result_31, i1 1"   --->   Operation 121 'bitconcatenate' 'tmp_10' <Predicate = true> <Delay = 0.00>
ST_7 : Operation 122 [1/1] (0.00ns)   --->   "%p_Result_80 = partselect i14 @_ssdm_op_PartSelect.i14.i35.i32.i32, i35 %x_l_I_V_40, i32 8, i32 21"   --->   Operation 122 'partselect' 'p_Result_80' <Predicate = true> <Delay = 0.00>
ST_7 : Operation 123 [1/1] (0.00ns)   --->   "%zext_ln443_10 = zext i13 %tmp_10"   --->   Operation 123 'zext' 'zext_ln443_10' <Predicate = true> <Delay = 0.00>
ST_7 : Operation 124 [1/1] (1.79ns)   --->   "%icmp_ln443_10 = icmp_ult  i14 %p_Result_80, i14 %zext_ln443_10"   --->   Operation 124 'icmp' 'icmp_ln443_10' <Predicate = true> <Delay = 1.79> <CoreInst = "Cmp">   --->   Core 9 'Cmp' <Latency = 0> <II = 1> <Delay = 2.12> <FuncUnit> <Opcode : 'icmp'> <InPorts = 2> <OutPorts = 1>
ST_7 : Operation 125 [1/1] (1.80ns)   --->   "%sub_ln219_10 = sub i14 %p_Result_80, i14 %zext_ln443_10"   --->   Operation 125 'sub' 'sub_ln219_10' <Predicate = true> <Delay = 1.80> <CoreInst = "Adder">   --->   Core 1 'Adder' <Latency = 0> <II = 1> <Delay = 1.84> <FuncUnit> <Opcode : 'add' 'sub'> <InPorts = 2> <OutPorts = 1>
ST_7 : Operation 126 [1/1] (0.00ns)   --->   "%p_Result_81 = partset i35 @llvm.part.set.i35.i14, i35 %x_l_I_V_40, i14 %sub_ln219_10, i32 8, i32 21"   --->   Operation 126 'partset' 'p_Result_81' <Predicate = true> <Delay = 0.00>
ST_7 : Operation 127 [1/1] (0.00ns)   --->   "%p_Result_82 = bitset i16 @_ssdm_op_BitSet.i16.i16.i32.i1, i16 %res_I_V_41, i32 4, i1 1"   --->   Operation 127 'bitset' 'p_Result_82' <Predicate = true> <Delay = 0.00>
ST_7 : Operation 128 [1/1] (0.77ns)   --->   "%x_l_I_V_41 = select i1 %icmp_ln443_10, i35 %x_l_I_V_40, i35 %p_Result_81"   --->   Operation 128 'select' 'x_l_I_V_41' <Predicate = true> <Delay = 0.77> <CoreInst = "Sel">   --->   Core 73 'Sel' <Latency = 0> <II = 1> <Delay = 1.06> <FuncUnit> <Opcode : 'select'> <InPorts = 3> <OutPorts = 1>
ST_7 : Operation 129 [1/1] (1.06ns)   --->   "%res_I_V_42 = select i1 %icmp_ln443_10, i16 %res_I_V_41, i16 %p_Result_82"   --->   Operation 129 'select' 'res_I_V_42' <Predicate = true> <Delay = 1.06> <CoreInst = "Sel">   --->   Core 73 'Sel' <Latency = 0> <II = 1> <Delay = 1.06> <FuncUnit> <Opcode : 'select'> <InPorts = 3> <OutPorts = 1>
ST_7 : Operation 130 [1/1] (0.00ns)   --->   "%p_Result_34 = partselect i13 @_ssdm_op_PartSelect.i13.i16.i32.i32, i16 %res_I_V_42, i32 3, i32 15"   --->   Operation 130 'partselect' 'p_Result_34' <Predicate = true> <Delay = 0.00>
ST_7 : Operation 131 [1/1] (0.00ns)   --->   "%p_Result_83 = partselect i15 @_ssdm_op_PartSelect.i15.i35.i32.i32, i35 %x_l_I_V_41, i32 6, i32 20"   --->   Operation 131 'partselect' 'p_Result_83' <Predicate = true> <Delay = 0.00>

State 8 <SV = 7> <Delay = 4.92>
ST_8 : Operation 132 [1/1] (0.00ns)   --->   "%tmp_11 = bitconcatenate i14 @_ssdm_op_BitConcatenate.i14.i13.i1, i13 %p_Result_34, i1 1"   --->   Operation 132 'bitconcatenate' 'tmp_11' <Predicate = true> <Delay = 0.00>
ST_8 : Operation 133 [1/1] (0.00ns)   --->   "%zext_ln443_11 = zext i14 %tmp_11"   --->   Operation 133 'zext' 'zext_ln443_11' <Predicate = true> <Delay = 0.00>
ST_8 : Operation 134 [1/1] (1.88ns)   --->   "%icmp_ln443_11 = icmp_ult  i15 %p_Result_83, i15 %zext_ln443_11"   --->   Operation 134 'icmp' 'icmp_ln443_11' <Predicate = true> <Delay = 1.88> <CoreInst = "Cmp">   --->   Core 9 'Cmp' <Latency = 0> <II = 1> <Delay = 2.12> <FuncUnit> <Opcode : 'icmp'> <InPorts = 2> <OutPorts = 1>
ST_8 : Operation 135 [1/1] (1.82ns)   --->   "%sub_ln219_11 = sub i15 %p_Result_83, i15 %zext_ln443_11"   --->   Operation 135 'sub' 'sub_ln219_11' <Predicate = true> <Delay = 1.82> <CoreInst = "Adder">   --->   Core 1 'Adder' <Latency = 0> <II = 1> <Delay = 1.84> <FuncUnit> <Opcode : 'add' 'sub'> <InPorts = 2> <OutPorts = 1>
ST_8 : Operation 136 [1/1] (0.00ns)   --->   "%p_Result_84 = partset i35 @llvm.part.set.i35.i15, i35 %x_l_I_V_41, i15 %sub_ln219_11, i32 6, i32 20"   --->   Operation 136 'partset' 'p_Result_84' <Predicate = true> <Delay = 0.00>
ST_8 : Operation 137 [1/1] (0.00ns)   --->   "%p_Result_85 = bitset i16 @_ssdm_op_BitSet.i16.i16.i32.i1, i16 %res_I_V_42, i32 3, i1 1"   --->   Operation 137 'bitset' 'p_Result_85' <Predicate = true> <Delay = 0.00>
ST_8 : Operation 138 [1/1] (0.77ns)   --->   "%x_l_I_V_42 = select i1 %icmp_ln443_11, i35 %x_l_I_V_41, i35 %p_Result_84"   --->   Operation 138 'select' 'x_l_I_V_42' <Predicate = true> <Delay = 0.77> <CoreInst = "Sel">   --->   Core 73 'Sel' <Latency = 0> <II = 1> <Delay = 1.06> <FuncUnit> <Opcode : 'select'> <InPorts = 3> <OutPorts = 1>
ST_8 : Operation 139 [1/1] (1.06ns)   --->   "%res_I_V_43 = select i1 %icmp_ln443_11, i16 %res_I_V_42, i16 %p_Result_85"   --->   Operation 139 'select' 'res_I_V_43' <Predicate = true> <Delay = 1.06> <CoreInst = "Sel">   --->   Core 73 'Sel' <Latency = 0> <II = 1> <Delay = 1.06> <FuncUnit> <Opcode : 'select'> <InPorts = 3> <OutPorts = 1>
ST_8 : Operation 140 [1/1] (0.00ns)   --->   "%p_Result_37 = partselect i14 @_ssdm_op_PartSelect.i14.i16.i32.i32, i16 %res_I_V_43, i32 2, i32 15"   --->   Operation 140 'partselect' 'p_Result_37' <Predicate = true> <Delay = 0.00>
ST_8 : Operation 141 [1/1] (0.00ns)   --->   "%tmp_12 = bitconcatenate i15 @_ssdm_op_BitConcatenate.i15.i14.i1, i14 %p_Result_37, i1 1"   --->   Operation 141 'bitconcatenate' 'tmp_12' <Predicate = true> <Delay = 0.00>
ST_8 : Operation 142 [1/1] (0.00ns)   --->   "%p_Result_86 = partselect i16 @_ssdm_op_PartSelect.i16.i35.i32.i32, i35 %x_l_I_V_42, i32 4, i32 19"   --->   Operation 142 'partselect' 'p_Result_86' <Predicate = true> <Delay = 0.00>
ST_8 : Operation 143 [1/1] (0.00ns)   --->   "%zext_ln443_12 = zext i15 %tmp_12"   --->   Operation 143 'zext' 'zext_ln443_12' <Predicate = true> <Delay = 0.00>
ST_8 : Operation 144 [1/1] (1.97ns)   --->   "%icmp_ln443_12 = icmp_ult  i16 %p_Result_86, i16 %zext_ln443_12"   --->   Operation 144 'icmp' 'icmp_ln443_12' <Predicate = true> <Delay = 1.97> <CoreInst = "Cmp">   --->   Core 9 'Cmp' <Latency = 0> <II = 1> <Delay = 2.12> <FuncUnit> <Opcode : 'icmp'> <InPorts = 2> <OutPorts = 1>
ST_8 : Operation 145 [1/1] (1.84ns)   --->   "%sub_ln219_12 = sub i16 %p_Result_86, i16 %zext_ln443_12"   --->   Operation 145 'sub' 'sub_ln219_12' <Predicate = true> <Delay = 1.84> <CoreInst = "Adder">   --->   Core 1 'Adder' <Latency = 0> <II = 1> <Delay = 1.84> <FuncUnit> <Opcode : 'add' 'sub'> <InPorts = 2> <OutPorts = 1>

State 9 <SV = 8> <Delay = 3.04>
ST_9 : Operation 146 [1/1] (0.00ns)   --->   "%p_Result_87 = partset i35 @llvm.part.set.i35.i16, i35 %x_l_I_V_42, i16 %sub_ln219_12, i32 4, i32 19"   --->   Operation 146 'partset' 'p_Result_87' <Predicate = (!icmp_ln443_12)> <Delay = 0.00>
ST_9 : Operation 147 [1/1] (0.00ns)   --->   "%p_Result_88 = bitset i16 @_ssdm_op_BitSet.i16.i16.i32.i1, i16 %res_I_V_43, i32 2, i1 1"   --->   Operation 147 'bitset' 'p_Result_88' <Predicate = (!icmp_ln443_12)> <Delay = 0.00>
ST_9 : Operation 148 [1/1] (0.77ns)   --->   "%x_l_I_V_43 = select i1 %icmp_ln443_12, i35 %x_l_I_V_42, i35 %p_Result_87"   --->   Operation 148 'select' 'x_l_I_V_43' <Predicate = true> <Delay = 0.77> <CoreInst = "Sel">   --->   Core 73 'Sel' <Latency = 0> <II = 1> <Delay = 1.06> <FuncUnit> <Opcode : 'select'> <InPorts = 3> <OutPorts = 1>
ST_9 : Operation 149 [1/1] (1.06ns)   --->   "%res_I_V_44 = select i1 %icmp_ln443_12, i16 %res_I_V_43, i16 %p_Result_88"   --->   Operation 149 'select' 'res_I_V_44' <Predicate = true> <Delay = 1.06> <CoreInst = "Sel">   --->   Core 73 'Sel' <Latency = 0> <II = 1> <Delay = 1.06> <FuncUnit> <Opcode : 'select'> <InPorts = 3> <OutPorts = 1>
ST_9 : Operation 150 [1/1] (0.00ns)   --->   "%p_Result_40 = partselect i15 @_ssdm_op_PartSelect.i15.i16.i32.i32, i16 %res_I_V_44, i32 1, i32 15"   --->   Operation 150 'partselect' 'p_Result_40' <Predicate = true> <Delay = 0.00>
ST_9 : Operation 151 [1/1] (0.00ns)   --->   "%tmp_13 = bitconcatenate i16 @_ssdm_op_BitConcatenate.i16.i15.i1, i15 %p_Result_40, i1 1"   --->   Operation 151 'bitconcatenate' 'tmp_13' <Predicate = true> <Delay = 0.00>
ST_9 : Operation 152 [1/1] (0.00ns)   --->   "%p_Result_89 = partselect i17 @_ssdm_op_PartSelect.i17.i35.i32.i32, i35 %x_l_I_V_43, i32 2, i32 18"   --->   Operation 152 'partselect' 'p_Result_89' <Predicate = true> <Delay = 0.00>
ST_9 : Operation 153 [1/1] (0.00ns)   --->   "%zext_ln443_13 = zext i16 %tmp_13"   --->   Operation 153 'zext' 'zext_ln443_13' <Predicate = true> <Delay = 0.00>
ST_9 : Operation 154 [1/1] (1.98ns)   --->   "%icmp_ln443_13 = icmp_ult  i17 %p_Result_89, i17 %zext_ln443_13"   --->   Operation 154 'icmp' 'icmp_ln443_13' <Predicate = true> <Delay = 1.98> <CoreInst = "Cmp">   --->   Core 9 'Cmp' <Latency = 0> <II = 1> <Delay = 2.12> <FuncUnit> <Opcode : 'icmp'> <InPorts = 2> <OutPorts = 1>
ST_9 : Operation 155 [1/1] (1.86ns)   --->   "%sub_ln219_13 = sub i17 %p_Result_89, i17 %zext_ln443_13"   --->   Operation 155 'sub' 'sub_ln219_13' <Predicate = true> <Delay = 1.86> <CoreInst = "Adder">   --->   Core 1 'Adder' <Latency = 0> <II = 1> <Delay = 1.84> <FuncUnit> <Opcode : 'add' 'sub'> <InPorts = 2> <OutPorts = 1>

State 10 <SV = 9> <Delay = 3.05>
ST_10 : Operation 156 [1/1] (0.00ns)   --->   "%p_Result_90 = partset i35 @llvm.part.set.i35.i17, i35 %x_l_I_V_43, i17 %sub_ln219_13, i32 2, i32 18"   --->   Operation 156 'partset' 'p_Result_90' <Predicate = (!icmp_ln443_13)> <Delay = 0.00>
ST_10 : Operation 157 [1/1] (0.00ns)   --->   "%p_Result_91 = bitset i16 @_ssdm_op_BitSet.i16.i16.i32.i1, i16 %res_I_V_44, i32 1, i1 1"   --->   Operation 157 'bitset' 'p_Result_91' <Predicate = (!icmp_ln443_13)> <Delay = 0.00>
ST_10 : Operation 158 [1/1] (0.77ns)   --->   "%x_l_I_V_44 = select i1 %icmp_ln443_13, i35 %x_l_I_V_43, i35 %p_Result_90"   --->   Operation 158 'select' 'x_l_I_V_44' <Predicate = true> <Delay = 0.77> <CoreInst = "Sel">   --->   Core 73 'Sel' <Latency = 0> <II = 1> <Delay = 1.06> <FuncUnit> <Opcode : 'select'> <InPorts = 3> <OutPorts = 1>
ST_10 : Operation 159 [1/1] (1.06ns)   --->   "%res_I_V_45 = select i1 %icmp_ln443_13, i16 %res_I_V_44, i16 %p_Result_91"   --->   Operation 159 'select' 'res_I_V_45' <Predicate = true> <Delay = 1.06> <CoreInst = "Sel">   --->   Core 73 'Sel' <Latency = 0> <II = 1> <Delay = 1.06> <FuncUnit> <Opcode : 'select'> <InPorts = 3> <OutPorts = 1>
ST_10 : Operation 160 [1/1] (0.00ns)   --->   "%tmp_14 = bitconcatenate i17 @_ssdm_op_BitConcatenate.i17.i16.i1, i16 %res_I_V_45, i1 1"   --->   Operation 160 'bitconcatenate' 'tmp_14' <Predicate = true> <Delay = 0.00>
ST_10 : Operation 161 [1/1] (0.00ns)   --->   "%p_Result_92 = trunc i35 %x_l_I_V_44"   --->   Operation 161 'trunc' 'p_Result_92' <Predicate = true> <Delay = 0.00>
ST_10 : Operation 162 [1/1] (0.00ns)   --->   "%zext_ln443_14 = zext i17 %tmp_14"   --->   Operation 162 'zext' 'zext_ln443_14' <Predicate = true> <Delay = 0.00>
ST_10 : Operation 163 [1/1] (1.99ns)   --->   "%icmp_ln443_14 = icmp_ult  i18 %p_Result_92, i18 %zext_ln443_14"   --->   Operation 163 'icmp' 'icmp_ln443_14' <Predicate = true> <Delay = 1.99> <CoreInst = "Cmp">   --->   Core 9 'Cmp' <Latency = 0> <II = 1> <Delay = 2.12> <FuncUnit> <Opcode : 'icmp'> <InPorts = 2> <OutPorts = 1>
ST_10 : Operation 164 [1/1] (1.88ns)   --->   "%sub_ln219_14 = sub i18 %p_Result_92, i18 %zext_ln443_14"   --->   Operation 164 'sub' 'sub_ln219_14' <Predicate = true> <Delay = 1.88> <CoreInst = "Adder">   --->   Core 1 'Adder' <Latency = 0> <II = 1> <Delay = 1.84> <FuncUnit> <Opcode : 'add' 'sub'> <InPorts = 2> <OutPorts = 1>

State 11 <SV = 10> <Delay = 4.25>
ST_11 : Operation 165 [1/1] (0.00ns)   --->   "%specpipeline_ln42 = specpipeline void @_ssdm_op_SpecPipeline, i32 4294967295, i32 0, i32 0, i32 0, void @empty_0" [r:/builds/2021.2/rdi_builds/continuous/2021_10_19_3367213/src/shared/hls/clib/hlsmath/include\hls_sqrt_apfixed.h:42]   --->   Operation 165 'specpipeline' 'specpipeline_ln42' <Predicate = true> <Delay = 0.00>
ST_11 : Operation 166 [1/1] (0.00ns) (grouped into LUT with out node p_Result_s_56)   --->   "%p_Result_93 = partset i35 @llvm.part.set.i35.i18, i35 %x_l_I_V_44, i18 %sub_ln219_14, i32 0, i32 17"   --->   Operation 166 'partset' 'p_Result_93' <Predicate = (!icmp_ln443_14)> <Delay = 0.00>
ST_11 : Operation 167 [1/1] (0.00ns)   --->   "%p_Result_94 = bitset i16 @_ssdm_op_BitSet.i16.i16.i32.i1, i16 %res_I_V_45, i32 0, i1 1"   --->   Operation 167 'bitset' 'p_Result_94' <Predicate = (!icmp_ln443_14)> <Delay = 0.00>
ST_11 : Operation 168 [1/1] (0.00ns) (grouped into LUT with out node p_Result_s_56)   --->   "%x_l_I_V_45 = select i1 %icmp_ln443_14, i35 %x_l_I_V_44, i35 %p_Result_93"   --->   Operation 168 'select' 'x_l_I_V_45' <Predicate = true> <Delay = 0.00> <CoreInst = "Sel">   --->   Core 73 'Sel' <Latency = 0> <II = 1> <Delay = 1.06> <FuncUnit> <Opcode : 'select'> <InPorts = 3> <OutPorts = 1>
ST_11 : Operation 169 [1/1] (1.06ns)   --->   "%res_I_V_46 = select i1 %icmp_ln443_14, i16 %res_I_V_45, i16 %p_Result_94"   --->   Operation 169 'select' 'res_I_V_46' <Predicate = true> <Delay = 1.06> <CoreInst = "Sel">   --->   Core 73 'Sel' <Latency = 0> <II = 1> <Delay = 1.06> <FuncUnit> <Opcode : 'select'> <InPorts = 3> <OutPorts = 1>
ST_11 : Operation 170 [1/1] (0.00ns) (grouped into LUT with out node p_Result_s_56)   --->   "%mul_I_V = bitconcatenate i33 @_ssdm_op_BitConcatenate.i33.i17.i16, i17 0, i16 %res_I_V_46"   --->   Operation 170 'bitconcatenate' 'mul_I_V' <Predicate = true> <Delay = 0.00>
ST_11 : Operation 171 [1/1] (0.00ns) (grouped into LUT with out node p_Result_s_56)   --->   "%zext_ln671 = zext i33 %mul_I_V"   --->   Operation 171 'zext' 'zext_ln671' <Predicate = true> <Delay = 0.00>
ST_11 : Operation 172 [1/1] (2.12ns) (out node of the LUT)   --->   "%p_Result_s_56 = icmp_ugt  i35 %x_l_I_V_45, i35 %zext_ln671"   --->   Operation 172 'icmp' 'p_Result_s_56' <Predicate = true> <Delay = 2.12> <CoreInst = "Cmp">   --->   Core 9 'Cmp' <Latency = 0> <II = 1> <Delay = 2.12> <FuncUnit> <Opcode : 'icmp'> <InPorts = 2> <OutPorts = 1>
ST_11 : Operation 173 [1/1] (1.84ns)   --->   "%res_I_V_30 = add i16 %res_I_V_46, i16 1"   --->   Operation 173 'add' 'res_I_V_30' <Predicate = true> <Delay = 1.84> <CoreInst = "Adder">   --->   Core 1 'Adder' <Latency = 0> <II = 1> <Delay = 1.84> <FuncUnit> <Opcode : 'add' 'sub'> <InPorts = 2> <OutPorts = 1>
ST_11 : Operation 174 [1/1] (1.06ns)   --->   "%res_I_V_47 = select i1 %p_Result_s_56, i16 %res_I_V_30, i16 %res_I_V_46" [r:/builds/2021.2/rdi_builds/continuous/2021_10_19_3367213/src/shared/hls/clib/hlsmath/include\hls_sqrt_apfixed.h:363]   --->   Operation 174 'select' 'res_I_V_47' <Predicate = true> <Delay = 1.06> <CoreInst = "Sel">   --->   Core 73 'Sel' <Latency = 0> <II = 1> <Delay = 1.06> <FuncUnit> <Opcode : 'select'> <InPorts = 3> <OutPorts = 1>
ST_11 : Operation 175 [1/1] (0.00ns)   --->   "%ret_ln372 = ret i16 %res_I_V_47" [r:/builds/2021.2/rdi_builds/continuous/2021_10_19_3367213/src/shared/hls/clib/hlsmath/include\hls_sqrt_apfixed.h:372]   --->   Operation 175 'ret' 'ret_ln372' <Predicate = true> <Delay = 0.00>


============================================================
+ Verbose Summary: Timing violations
============================================================
Target clock period: 6ns, clock uncertainty: 1ns.

 <State 1>: 4.89ns
The critical path consists of the following:
	wire read operation ('x_read') on port 'x' [2]  (0 ns)
	'select' operation ('res_I.V') [10]  (1.06 ns)
	'icmp' operation ('icmp_ln443') [15]  (1.21 ns)
	'select' operation ('res_I.V') [20]  (1.06 ns)
	'sub' operation ('sub_ln219_1') [26]  (1.55 ns)

 <State 2>: 3.45ns
The critical path consists of the following:
	'select' operation ('res_I.V') [30]  (1.06 ns)
	'sub' operation ('sub_ln219_2') [36]  (1.6 ns)
	'select' operation ('x_l_I.V') [39]  (0.779 ns)

 <State 3>: 4.94ns
The critical path consists of the following:
	'sub' operation ('sub_ln219_3') [46]  (1.66 ns)
	'select' operation ('x_l_I.V') [49]  (0.779 ns)
	'sub' operation ('sub_ln219_4') [56]  (1.72 ns)
	'select' operation ('x_l_I.V') [59]  (0.779 ns)

 <State 4>: 4.26ns
The critical path consists of the following:
	'sub' operation ('sub_ln219_5') [66]  (1.73 ns)
	'select' operation ('x_l_I.V') [69]  (0.779 ns)
	'sub' operation ('sub_ln219_6') [76]  (1.75 ns)

 <State 5>: 3.65ns
The critical path consists of the following:
	'select' operation ('res_I.V') [80]  (1.06 ns)
	'icmp' operation ('icmp_ln443_7') [85]  (1.52 ns)
	'select' operation ('res_I.V') [90]  (1.06 ns)

 <State 6>: 4.47ns
The critical path consists of the following:
	'icmp' operation ('icmp_ln443_8') [95]  (1.61 ns)
	'select' operation ('res_I.V') [100]  (1.06 ns)
	'sub' operation ('sub_ln219_9') [106]  (1.79 ns)

 <State 7>: 3.92ns
The critical path consists of the following:
	'select' operation ('res_I.V') [110]  (1.06 ns)
	'icmp' operation ('icmp_ln443_10') [115]  (1.8 ns)
	'select' operation ('res_I.V') [120]  (1.06 ns)

 <State 8>: 4.93ns
The critical path consists of the following:
	'icmp' operation ('icmp_ln443_11') [125]  (1.89 ns)
	'select' operation ('res_I.V') [130]  (1.06 ns)
	'icmp' operation ('icmp_ln443_12') [135]  (1.98 ns)

 <State 9>: 3.05ns
The critical path consists of the following:
	'select' operation ('res_I.V') [140]  (1.06 ns)
	'icmp' operation ('icmp_ln443_13') [145]  (1.99 ns)

 <State 10>: 3.06ns
The critical path consists of the following:
	'select' operation ('res_I.V') [150]  (1.06 ns)
	'icmp' operation ('icmp_ln443_14') [154]  (1.99 ns)

 <State 11>: 4.26ns
The critical path consists of the following:
	'select' operation ('res_I.V') [159]  (1.06 ns)
	'icmp' operation ('__Result__') [162]  (2.13 ns)
	'select' operation ('res_I.V', r:/builds/2021.2/rdi_builds/continuous/2021_10_19_3367213/src/shared/hls/clib/hlsmath/include\hls_sqrt_apfixed.h:363) [164]  (1.06 ns)


============================================================
+ Verbose Summary: Binding
============================================================
N/A
* FSMD analyzer results:
  - Output states:
 - Input state : 
  - Chain level:
	State 1
	State 2
	State 3
	State 4
	State 5
	State 6
	State 7
	State 8
	State 9
	State 10
	State 11


============================================================
+ Verbose Summary: Datapath Resource usage 
============================================================
N/A
