

================================================================
== Vitis HLS Report for 'lab4_z2'
================================================================
* Date:           Sun Oct 22 02:36:19 2023

* Version:        2021.2 (Build 3367213 on Tue Oct 19 02:48:09 MDT 2021)
* Project:        lab4_z2
* Solution:       sol2 (Vivado IP Flow Target)
* Product family: artix7
* Target device:  xa7a12t-csg325-1Q


================================================================
== Performance Estimates
================================================================
+ Timing: 
    * Summary: 
    +------+----------+----------+------------+
    | Clock|  Target  | Estimated| Uncertainty|
    +------+----------+----------+------------+
    |clk   |  10.00 ns|  8.470 ns|     1.00 ns|
    +------+----------+----------+------------+

+ Latency: 
    * Summary: 
    +---------+---------+----------+----------+-----+-----+---------+
    |  Latency (cycles) |  Latency (absolute) |  Interval | Pipeline|
    |   min   |   max   |    min   |    max   | min | max |   Type  |
    +---------+---------+----------+----------+-----+-----+---------+
    |      163|      163|  1.630 us|  1.630 us|  164|  164|       no|
    +---------+---------+----------+----------+-----+-----+---------+

    + Detail: 
        * Instance: 
        N/A

        * Loop: 
        +----------+---------+---------+----------+-----------+-----------+------+----------+
        |          |  Latency (cycles) | Iteration|  Initiation Interval  | Trip |          |
        | Loop Name|   min   |   max   |  Latency |  achieved |   target  | Count| Pipelined|
        +----------+---------+---------+----------+-----------+-----------+------+----------+
        |- Loop1   |       64|       64|         4|          -|          -|    16|        no|
        |- Loop2   |       64|       64|         4|          -|          -|    16|        no|
        |- Loop3   |       32|       32|         2|          -|          -|    16|        no|
        +----------+---------+---------+----------+-----------+-----------+------+----------+



================================================================
== Utilization Estimates
================================================================
* Summary: 
+-----------------+---------+----+-------+------+-----+
|       Name      | BRAM_18K| DSP|   FF  |  LUT | URAM|
+-----------------+---------+----+-------+------+-----+
|DSP              |        -|   -|      -|     -|    -|
|Expression       |        -|   -|      0|   108|    -|
|FIFO             |        -|   -|      -|     -|    -|
|Instance         |        -|   4|      0|    42|    -|
|Memory           |        0|   -|    128|    16|    0|
|Multiplexer      |        -|   -|      -|   102|    -|
|Register         |        -|   -|    169|     -|    -|
+-----------------+---------+----+-------+------+-----+
|Total            |        0|   4|    297|   268|    0|
+-----------------+---------+----+-------+------+-----+
|Available        |       40|  40|  16000|  8000|    0|
+-----------------+---------+----+-------+------+-----+
|Utilization (%)  |        0|  10|      1|     3|    0|
+-----------------+---------+----+-------+------+-----+

+ Detail: 
    * Instance: 
    +-----------------------+--------------------+---------+----+---+----+-----+
    |        Instance       |       Module       | BRAM_18K| DSP| FF| LUT| URAM|
    +-----------------------+--------------------+---------+----+---+----+-----+
    |mul_32s_32s_32_1_1_U1  |mul_32s_32s_32_1_1  |        0|   3|  0|  21|    0|
    |mul_32s_6ns_32_1_1_U2  |mul_32s_6ns_32_1_1  |        0|   1|  0|  21|    0|
    +-----------------------+--------------------+---------+----+---+----+-----+
    |Total                  |                    |        0|   4|  0|  42|    0|
    +-----------------------+--------------------+---------+----+---+----+-----+

    * DSP: 
    N/A

    * Memory: 
    +----------+----------------------+---------+----+----+-----+------+-----+------+-------------+
    |  Memory  |        Module        | BRAM_18K| FF | LUT| URAM| Words| Bits| Banks| W*Bits*Banks|
    +----------+----------------------+---------+----+----+-----+------+-----+------+-------------+
    |tempA1_U  |tempA1_RAM_AUTO_1R1W  |        0|  64|   8|    0|    16|   32|     1|          512|
    |tempA2_U  |tempA1_RAM_AUTO_1R1W  |        0|  64|   8|    0|    16|   32|     1|          512|
    +----------+----------------------+---------+----+----+-----+------+-----+------+-------------+
    |Total     |                      |        0| 128|  16|    0|    32|   64|     2|         1024|
    +----------+----------------------+---------+----+----+-----+------+-----+------+-------------+

    * FIFO: 
    N/A

    * Expression: 
    +---------------------+----------+----+---+----+------------+------------+
    |    Variable Name    | Operation| DSP| FF| LUT| Bitwidth P0| Bitwidth P1|
    +---------------------+----------+----+---+----+------------+------------+
    |add_ln11_fu_212_p2   |         +|   0|  0|  13|           5|           1|
    |add_ln15_fu_247_p2   |         +|   0|  0|  13|           5|           1|
    |add_ln5_fu_178_p2    |         +|   0|  0|  13|           5|           1|
    |data_out2_d0         |         +|   0|  0|  39|          32|          32|
    |icmp_ln11_fu_206_p2  |      icmp|   0|  0|  10|           5|           6|
    |icmp_ln15_fu_241_p2  |      icmp|   0|  0|  10|           5|           6|
    |icmp_ln5_fu_172_p2   |      icmp|   0|  0|  10|           5|           6|
    +---------------------+----------+----+---+----+------------+------------+
    |Total                |          |   0|  0| 108|          62|          53|
    +---------------------+----------+----+---+----+------------+------------+

    * Multiplexer: 
    +-----------------+----+-----------+-----+-----------+
    |       Name      | LUT| Input Size| Bits| Total Bits|
    +-----------------+----+-----------+-----+-----------+
    |ap_NS_fsm        |  49|         12|    1|         12|
    |i_fu_56          |   9|          2|    5|         10|
    |j_fu_68          |   9|          2|    5|         10|
    |k_fu_72          |   9|          2|    5|         10|
    |tempA1_address0  |  13|          3|    4|         12|
    |tempA2_address0  |  13|          3|    4|         12|
    +-----------------+----+-----------+-----+-----------+
    |Total            | 102|         24|   24|         66|
    +-----------------+----+-----------+-----+-----------+

    * Register: 
    +----------------------+----+----+-----+-----------+
    |         Name         | FF | LUT| Bits| Const Bits|
    +----------------------+----+----+-----+-----------+
    |ap_CS_fsm             |  11|   0|   11|          0|
    |data_in_load_reg_304  |  32|   0|   32|          0|
    |i_fu_56               |   5|   0|    5|          0|
    |j_fu_68               |   5|   0|    5|          0|
    |k_fu_72               |   5|   0|    5|          0|
    |mul_ln13_reg_340      |  32|   0|   32|          0|
    |res_reg_309           |  32|   0|   32|          0|
    |tempA1_load_reg_335   |  32|   0|   32|          0|
    |zext_ln11_reg_315     |   5|   0|   64|         59|
    |zext_ln15_reg_345     |   5|   0|   64|         59|
    |zext_ln5_reg_283      |   5|   0|   64|         59|
    +----------------------+----+----+-----+-----------+
    |Total                 | 169|   0|  346|        177|
    +----------------------+----+----+-----+-----------+



================================================================
== Interface
================================================================
* Summary: 
+--------------------+-----+-----+------------+--------------+--------------+
|      RTL Ports     | Dir | Bits|  Protocol  | Source Object|    C Type    |
+--------------------+-----+-----+------------+--------------+--------------+
|ap_local_block      |  out|    1|  ap_ctrl_hs|       lab4_z2|  return value|
|ap_local_deadlock   |  out|    1|  ap_ctrl_hs|       lab4_z2|  return value|
|ap_clk              |   in|    1|  ap_ctrl_hs|       lab4_z2|  return value|
|ap_rst              |   in|    1|  ap_ctrl_hs|       lab4_z2|  return value|
|ap_start            |   in|    1|  ap_ctrl_hs|       lab4_z2|  return value|
|ap_done             |  out|    1|  ap_ctrl_hs|       lab4_z2|  return value|
|ap_idle             |  out|    1|  ap_ctrl_hs|       lab4_z2|  return value|
|ap_ready            |  out|    1|  ap_ctrl_hs|       lab4_z2|  return value|
|data_in_address0    |  out|    4|   ap_memory|       data_in|         array|
|data_in_ce0         |  out|    1|   ap_memory|       data_in|         array|
|data_in_q0          |   in|   32|   ap_memory|       data_in|         array|
|scale               |   in|   32|     ap_none|         scale|        scalar|
|data_out1_address0  |  out|    4|   ap_memory|     data_out1|         array|
|data_out1_ce0       |  out|    1|   ap_memory|     data_out1|         array|
|data_out1_we0       |  out|    1|   ap_memory|     data_out1|         array|
|data_out1_d0        |  out|   32|   ap_memory|     data_out1|         array|
|data_out2_address0  |  out|    4|   ap_memory|     data_out2|         array|
|data_out2_ce0       |  out|    1|   ap_memory|     data_out2|         array|
|data_out2_we0       |  out|    1|   ap_memory|     data_out2|         array|
|data_out2_d0        |  out|   32|   ap_memory|     data_out2|         array|
+--------------------+-----+-----+------------+--------------+--------------+

