

================================================================
== Vitis HLS Report for 'lab6_z1'
================================================================
* Date:           Wed Nov 29 19:19:07 2023

* Version:        2021.2 (Build 3367213 on Tue Oct 19 02:48:09 MDT 2021)
* Project:        lab6_z1
* Solution:       sol3 (Vivado IP Flow Target)
* Product family: artix7
* Target device:  xa7a12t-csg325-1Q


================================================================
== Performance Estimates
================================================================
+ Timing: 
    * Summary: 
    +------+----------+----------+------------+
    | Clock|  Target  | Estimated| Uncertainty|
    +------+----------+----------+------------+
    |clk   |  10.00 ns|  4.302 ns|     1.00 ns|
    +------+----------+----------+------------+

+ Latency: 
    * Summary: 
    +---------+---------+----------+----------+-----+-----+---------+
    |  Latency (cycles) |  Latency (absolute) |  Interval | Pipeline|
    |   min   |   max   |    min   |    max   | min | max |   Type  |
    +---------+---------+----------+----------+-----+-----+---------+
    |       49|       49|  0.490 us|  0.490 us|   50|   50|       no|
    +---------+---------+----------+----------+-----+-----+---------+

    + Detail: 
        * Instance: 
        N/A

        * Loop: 
        +----------+---------+---------+----------+-----------+-----------+------+----------+
        |          |  Latency (cycles) | Iteration|  Initiation Interval  | Trip |          |
        | Loop Name|   min   |   max   |  Latency |  achieved |   target  | Count| Pipelined|
        +----------+---------+---------+----------+-----------+-----------+------+----------+
        |- Mult    |       48|       48|         6|          -|          -|     8|        no|
        +----------+---------+---------+----------+-----------+-----------+------+----------+

============================================================
+ Verbose Summary: Synthesis Manager
============================================================
InlineROM: 1
ExposeGlobal: 0
============================================================
+ Verbose Summary: CDFG Model
============================================================
IsTopModel: 1
ResetActiveHigh: 1
IsCombinational: 0
IsDatapathOnly: 0
HasWiredReturn: 1
HasMFsm: 0
HasVarLatency: 1
IsPipeline: 0
IsRtlPipelined: 0
IsInstanceOverlapped: 0
IsDontTouch: 0
HasImplIP: 0
IsGatedGlobalClock: 0


============================================================
+ Verbose Summary: Schedule
============================================================
* Number of FSM states : 7
* Pipeline : 0
* Dataflow Pipeline: 0

* FSM state transitions: 
1 --> 2 
2 --> 3 
3 --> 4 
4 --> 5 
5 --> 6 
6 --> 7 
7 --> 2 

* FSM state operations: 

State 1 <SV = 0> <Delay = 1.61>
ST_1 : Operation 8 [1/1] (0.00ns)   --->   "%i = alloca i32 1"   --->   Operation 8 'alloca' 'i' <Predicate = true> <Delay = 0.00>
ST_1 : Operation 9 [1/1] (0.00ns)   --->   "%spectopmodule_ln0 = spectopmodule void @_ssdm_op_SpecTopModule, void @empty_1"   --->   Operation 9 'spectopmodule' 'spectopmodule_ln0' <Predicate = true> <Delay = 0.00>
ST_1 : Operation 10 [1/1] (0.00ns)   --->   "%specinterface_ln0 = specinterface void @_ssdm_op_SpecInterface, i16 %a, void @empty, i32 0, i32 0, void @empty_0, i32 4294967295, i32 0, void @empty_0, void @empty_0, void @empty_0, i32 0, i32 0, i32 0, i32 0, void @empty_0, void @empty_0"   --->   Operation 10 'specinterface' 'specinterface_ln0' <Predicate = true> <Delay = 0.00>
ST_1 : Operation 11 [1/1] (0.00ns)   --->   "%specbitsmap_ln0 = specbitsmap void @_ssdm_op_SpecBitsMap, i16 %a"   --->   Operation 11 'specbitsmap' 'specbitsmap_ln0' <Predicate = true> <Delay = 0.00>
ST_1 : Operation 12 [1/1] (0.00ns)   --->   "%specinterface_ln0 = specinterface void @_ssdm_op_SpecInterface, i16 %b, void @empty, i32 0, i32 0, void @empty_0, i32 4294967295, i32 0, void @empty_0, void @empty_0, void @empty_0, i32 0, i32 0, i32 0, i32 0, void @empty_0, void @empty_0"   --->   Operation 12 'specinterface' 'specinterface_ln0' <Predicate = true> <Delay = 0.00>
ST_1 : Operation 13 [1/1] (0.00ns)   --->   "%specbitsmap_ln0 = specbitsmap void @_ssdm_op_SpecBitsMap, i16 %b"   --->   Operation 13 'specbitsmap' 'specbitsmap_ln0' <Predicate = true> <Delay = 0.00>
ST_1 : Operation 14 [1/1] (0.00ns)   --->   "%specinterface_ln0 = specinterface void @_ssdm_op_SpecInterface, i16 %c, void @empty, i32 0, i32 0, void @empty_0, i32 4294967295, i32 0, void @empty_0, void @empty_0, void @empty_0, i32 0, i32 0, i32 0, i32 0, void @empty_0, void @empty_0"   --->   Operation 14 'specinterface' 'specinterface_ln0' <Predicate = true> <Delay = 0.00>
ST_1 : Operation 15 [1/1] (0.00ns)   --->   "%specbitsmap_ln0 = specbitsmap void @_ssdm_op_SpecBitsMap, i16 %c"   --->   Operation 15 'specbitsmap' 'specbitsmap_ln0' <Predicate = true> <Delay = 0.00>
ST_1 : Operation 16 [1/1] (1.61ns)   --->   "%store_ln4 = store i6 0, i6 %i" [./source/lab6_z1.cpp:4]   --->   Operation 16 'store' 'store_ln4' <Predicate = true> <Delay = 1.61>
ST_1 : Operation 17 [1/1] (0.00ns)   --->   "%br_ln4 = br void" [./source/lab6_z1.cpp:4]   --->   Operation 17 'br' 'br_ln4' <Predicate = true> <Delay = 0.00>

State 2 <SV = 1> <Delay = 3.55>
ST_2 : Operation 18 [1/1] (0.00ns)   --->   "%i_1 = load i6 %i" [./source/lab6_z1.cpp:4]   --->   Operation 18 'load' 'i_1' <Predicate = true> <Delay = 0.00>
ST_2 : Operation 19 [1/1] (0.00ns)   --->   "%zext_ln4 = zext i6 %i_1" [./source/lab6_z1.cpp:4]   --->   Operation 19 'zext' 'zext_ln4' <Predicate = true> <Delay = 0.00>
ST_2 : Operation 20 [1/1] (0.00ns)   --->   "%tmp = bitselect i1 @_ssdm_op_BitSelect.i1.i6.i32, i6 %i_1, i32 5" [./source/lab6_z1.cpp:4]   --->   Operation 20 'bitselect' 'tmp' <Predicate = true> <Delay = 0.00>
ST_2 : Operation 21 [1/1] (0.00ns)   --->   "%empty = speclooptripcount i32 @_ssdm_op_SpecLoopTripCount, i64 8, i64 8, i64 8"   --->   Operation 21 'speclooptripcount' 'empty' <Predicate = true> <Delay = 0.00>
ST_2 : Operation 22 [1/1] (0.00ns)   --->   "%br_ln4 = br i1 %tmp, void %.split, void" [./source/lab6_z1.cpp:4]   --->   Operation 22 'br' 'br_ln4' <Predicate = true> <Delay = 0.00>
ST_2 : Operation 23 [1/1] (0.00ns)   --->   "%b_addr = getelementptr i16 %b, i64 0, i64 %zext_ln4" [./source/lab6_z1.cpp:5]   --->   Operation 23 'getelementptr' 'b_addr' <Predicate = (!tmp)> <Delay = 0.00>
ST_2 : Operation 24 [2/2] (2.15ns)   --->   "%b_load = load i5 %b_addr" [./source/lab6_z1.cpp:5]   --->   Operation 24 'load' 'b_load' <Predicate = (!tmp)> <Delay = 2.15> <CoreInst = "RAM">   --->   Core 82 'RAM' <Latency = 1> <II = 1> <Delay = 2.15> <Storage> <Opcode : 'load' 'store'> <Ports = 2> <Width = 16> <Depth = 32> <RAM>
ST_2 : Operation 25 [1/1] (0.00ns)   --->   "%c_addr = getelementptr i16 %c, i64 0, i64 %zext_ln4" [./source/lab6_z1.cpp:5]   --->   Operation 25 'getelementptr' 'c_addr' <Predicate = (!tmp)> <Delay = 0.00>
ST_2 : Operation 26 [2/2] (2.15ns)   --->   "%c_load = load i5 %c_addr" [./source/lab6_z1.cpp:5]   --->   Operation 26 'load' 'c_load' <Predicate = (!tmp)> <Delay = 2.15> <CoreInst = "RAM">   --->   Core 82 'RAM' <Latency = 1> <II = 1> <Delay = 2.15> <Storage> <Opcode : 'load' 'store'> <Ports = 2> <Width = 16> <Depth = 32> <RAM>
ST_2 : Operation 27 [1/1] (0.00ns)   --->   "%trunc_ln4 = trunc i6 %i_1" [./source/lab6_z1.cpp:4]   --->   Operation 27 'trunc' 'trunc_ln4' <Predicate = (!tmp)> <Delay = 0.00>
ST_2 : Operation 28 [1/1] (0.00ns)   --->   "%or_ln4 = or i5 %trunc_ln4, i5 1" [./source/lab6_z1.cpp:4]   --->   Operation 28 'or' 'or_ln4' <Predicate = (!tmp)> <Delay = 0.00>
ST_2 : Operation 29 [1/1] (0.00ns)   --->   "%zext_ln5 = zext i5 %or_ln4" [./source/lab6_z1.cpp:5]   --->   Operation 29 'zext' 'zext_ln5' <Predicate = (!tmp)> <Delay = 0.00>
ST_2 : Operation 30 [1/1] (0.00ns)   --->   "%b_addr_1 = getelementptr i16 %b, i64 0, i64 %zext_ln5" [./source/lab6_z1.cpp:5]   --->   Operation 30 'getelementptr' 'b_addr_1' <Predicate = (!tmp)> <Delay = 0.00>
ST_2 : Operation 31 [2/2] (2.15ns)   --->   "%b_load_1 = load i5 %b_addr_1" [./source/lab6_z1.cpp:5]   --->   Operation 31 'load' 'b_load_1' <Predicate = (!tmp)> <Delay = 2.15> <CoreInst = "RAM">   --->   Core 82 'RAM' <Latency = 1> <II = 1> <Delay = 2.15> <Storage> <Opcode : 'load' 'store'> <Ports = 2> <Width = 16> <Depth = 32> <RAM>
ST_2 : Operation 32 [1/1] (0.00ns)   --->   "%c_addr_1 = getelementptr i16 %c, i64 0, i64 %zext_ln5" [./source/lab6_z1.cpp:5]   --->   Operation 32 'getelementptr' 'c_addr_1' <Predicate = (!tmp)> <Delay = 0.00>
ST_2 : Operation 33 [2/2] (2.15ns)   --->   "%c_load_1 = load i5 %c_addr_1" [./source/lab6_z1.cpp:5]   --->   Operation 33 'load' 'c_load_1' <Predicate = (!tmp)> <Delay = 2.15> <CoreInst = "RAM">   --->   Core 82 'RAM' <Latency = 1> <II = 1> <Delay = 2.15> <Storage> <Opcode : 'load' 'store'> <Ports = 2> <Width = 16> <Depth = 32> <RAM>
ST_2 : Operation 34 [1/1] (1.94ns)   --->   "%add_ln4 = add i6 %i_1, i6 4" [./source/lab6_z1.cpp:4]   --->   Operation 34 'add' 'add_ln4' <Predicate = (!tmp)> <Delay = 1.94> <CoreInst = "Adder">   --->   Core 1 'Adder' <Latency = 0> <II = 1> <Delay = 1.94> <FuncUnit> <Opcode : 'add' 'sub'> <InPorts = 2> <OutPorts = 1>
ST_2 : Operation 35 [1/1] (1.61ns)   --->   "%store_ln4 = store i6 %add_ln4, i6 %i" [./source/lab6_z1.cpp:4]   --->   Operation 35 'store' 'store_ln4' <Predicate = (!tmp)> <Delay = 1.61>
ST_2 : Operation 36 [1/1] (0.00ns)   --->   "%ret_ln7 = ret" [./source/lab6_z1.cpp:7]   --->   Operation 36 'ret' 'ret_ln7' <Predicate = (tmp)> <Delay = 0.00>

State 3 <SV = 2> <Delay = 4.30>
ST_3 : Operation 37 [1/2] (2.15ns)   --->   "%b_load = load i5 %b_addr" [./source/lab6_z1.cpp:5]   --->   Operation 37 'load' 'b_load' <Predicate = true> <Delay = 2.15> <CoreInst = "RAM">   --->   Core 82 'RAM' <Latency = 1> <II = 1> <Delay = 2.15> <Storage> <Opcode : 'load' 'store'> <Ports = 2> <Width = 16> <Depth = 32> <RAM>
ST_3 : Operation 38 [1/2] (2.15ns)   --->   "%c_load = load i5 %c_addr" [./source/lab6_z1.cpp:5]   --->   Operation 38 'load' 'c_load' <Predicate = true> <Delay = 2.15> <CoreInst = "RAM">   --->   Core 82 'RAM' <Latency = 1> <II = 1> <Delay = 2.15> <Storage> <Opcode : 'load' 'store'> <Ports = 2> <Width = 16> <Depth = 32> <RAM>
ST_3 : Operation 39 [4/4] (2.15ns) (root node of the DSP)   --->   "%mul_ln5 = mul i16 %c_load, i16 %b_load" [./source/lab6_z1.cpp:5]   --->   Operation 39 'mul' 'mul_ln5' <Predicate = true> <Delay = 2.15> <CoreInst = "DSP48">   --->   Core 119 'DSP48' <Latency = 3> <II = 1> <Delay = 2.15> <IPBlock> <Opcode : 'mul' 'add' 'sub' 'select'> <InPorts = 0> <OutPorts = 1> <Sync> <CReg>
ST_3 : Operation 40 [1/2] (2.15ns)   --->   "%b_load_1 = load i5 %b_addr_1" [./source/lab6_z1.cpp:5]   --->   Operation 40 'load' 'b_load_1' <Predicate = true> <Delay = 2.15> <CoreInst = "RAM">   --->   Core 82 'RAM' <Latency = 1> <II = 1> <Delay = 2.15> <Storage> <Opcode : 'load' 'store'> <Ports = 2> <Width = 16> <Depth = 32> <RAM>
ST_3 : Operation 41 [1/2] (2.15ns)   --->   "%c_load_1 = load i5 %c_addr_1" [./source/lab6_z1.cpp:5]   --->   Operation 41 'load' 'c_load_1' <Predicate = true> <Delay = 2.15> <CoreInst = "RAM">   --->   Core 82 'RAM' <Latency = 1> <II = 1> <Delay = 2.15> <Storage> <Opcode : 'load' 'store'> <Ports = 2> <Width = 16> <Depth = 32> <RAM>
ST_3 : Operation 42 [4/4] (2.15ns) (root node of the DSP)   --->   "%mul_ln5_1 = mul i16 %c_load_1, i16 %b_load_1" [./source/lab6_z1.cpp:5]   --->   Operation 42 'mul' 'mul_ln5_1' <Predicate = true> <Delay = 2.15> <CoreInst = "DSP48">   --->   Core 119 'DSP48' <Latency = 3> <II = 1> <Delay = 2.15> <IPBlock> <Opcode : 'mul' 'add' 'sub' 'select'> <InPorts = 0> <OutPorts = 1> <Sync> <CReg>
ST_3 : Operation 43 [1/1] (0.00ns)   --->   "%or_ln4_1 = or i5 %trunc_ln4, i5 2" [./source/lab6_z1.cpp:4]   --->   Operation 43 'or' 'or_ln4_1' <Predicate = true> <Delay = 0.00>
ST_3 : Operation 44 [1/1] (0.00ns)   --->   "%zext_ln5_1 = zext i5 %or_ln4_1" [./source/lab6_z1.cpp:5]   --->   Operation 44 'zext' 'zext_ln5_1' <Predicate = true> <Delay = 0.00>
ST_3 : Operation 45 [1/1] (0.00ns)   --->   "%b_addr_2 = getelementptr i16 %b, i64 0, i64 %zext_ln5_1" [./source/lab6_z1.cpp:5]   --->   Operation 45 'getelementptr' 'b_addr_2' <Predicate = true> <Delay = 0.00>
ST_3 : Operation 46 [2/2] (2.15ns)   --->   "%b_load_2 = load i5 %b_addr_2" [./source/lab6_z1.cpp:5]   --->   Operation 46 'load' 'b_load_2' <Predicate = true> <Delay = 2.15> <CoreInst = "RAM">   --->   Core 82 'RAM' <Latency = 1> <II = 1> <Delay = 2.15> <Storage> <Opcode : 'load' 'store'> <Ports = 2> <Width = 16> <Depth = 32> <RAM>
ST_3 : Operation 47 [1/1] (0.00ns)   --->   "%c_addr_2 = getelementptr i16 %c, i64 0, i64 %zext_ln5_1" [./source/lab6_z1.cpp:5]   --->   Operation 47 'getelementptr' 'c_addr_2' <Predicate = true> <Delay = 0.00>
ST_3 : Operation 48 [2/2] (2.15ns)   --->   "%c_load_2 = load i5 %c_addr_2" [./source/lab6_z1.cpp:5]   --->   Operation 48 'load' 'c_load_2' <Predicate = true> <Delay = 2.15> <CoreInst = "RAM">   --->   Core 82 'RAM' <Latency = 1> <II = 1> <Delay = 2.15> <Storage> <Opcode : 'load' 'store'> <Ports = 2> <Width = 16> <Depth = 32> <RAM>
ST_3 : Operation 49 [1/1] (0.00ns)   --->   "%or_ln4_2 = or i5 %trunc_ln4, i5 3" [./source/lab6_z1.cpp:4]   --->   Operation 49 'or' 'or_ln4_2' <Predicate = true> <Delay = 0.00>
ST_3 : Operation 50 [1/1] (0.00ns)   --->   "%zext_ln5_2 = zext i5 %or_ln4_2" [./source/lab6_z1.cpp:5]   --->   Operation 50 'zext' 'zext_ln5_2' <Predicate = true> <Delay = 0.00>
ST_3 : Operation 51 [1/1] (0.00ns)   --->   "%b_addr_3 = getelementptr i16 %b, i64 0, i64 %zext_ln5_2" [./source/lab6_z1.cpp:5]   --->   Operation 51 'getelementptr' 'b_addr_3' <Predicate = true> <Delay = 0.00>
ST_3 : Operation 52 [2/2] (2.15ns)   --->   "%b_load_3 = load i5 %b_addr_3" [./source/lab6_z1.cpp:5]   --->   Operation 52 'load' 'b_load_3' <Predicate = true> <Delay = 2.15> <CoreInst = "RAM">   --->   Core 82 'RAM' <Latency = 1> <II = 1> <Delay = 2.15> <Storage> <Opcode : 'load' 'store'> <Ports = 2> <Width = 16> <Depth = 32> <RAM>
ST_3 : Operation 53 [1/1] (0.00ns)   --->   "%c_addr_3 = getelementptr i16 %c, i64 0, i64 %zext_ln5_2" [./source/lab6_z1.cpp:5]   --->   Operation 53 'getelementptr' 'c_addr_3' <Predicate = true> <Delay = 0.00>
ST_3 : Operation 54 [2/2] (2.15ns)   --->   "%c_load_3 = load i5 %c_addr_3" [./source/lab6_z1.cpp:5]   --->   Operation 54 'load' 'c_load_3' <Predicate = true> <Delay = 2.15> <CoreInst = "RAM">   --->   Core 82 'RAM' <Latency = 1> <II = 1> <Delay = 2.15> <Storage> <Opcode : 'load' 'store'> <Ports = 2> <Width = 16> <Depth = 32> <RAM>

State 4 <SV = 3> <Delay = 4.30>
ST_4 : Operation 55 [3/4] (2.15ns) (root node of the DSP)   --->   "%mul_ln5 = mul i16 %c_load, i16 %b_load" [./source/lab6_z1.cpp:5]   --->   Operation 55 'mul' 'mul_ln5' <Predicate = true> <Delay = 2.15> <CoreInst = "DSP48">   --->   Core 119 'DSP48' <Latency = 3> <II = 1> <Delay = 2.15> <IPBlock> <Opcode : 'mul' 'add' 'sub' 'select'> <InPorts = 0> <OutPorts = 1> <Sync> <CReg>
ST_4 : Operation 56 [3/4] (2.15ns) (root node of the DSP)   --->   "%mul_ln5_1 = mul i16 %c_load_1, i16 %b_load_1" [./source/lab6_z1.cpp:5]   --->   Operation 56 'mul' 'mul_ln5_1' <Predicate = true> <Delay = 2.15> <CoreInst = "DSP48">   --->   Core 119 'DSP48' <Latency = 3> <II = 1> <Delay = 2.15> <IPBlock> <Opcode : 'mul' 'add' 'sub' 'select'> <InPorts = 0> <OutPorts = 1> <Sync> <CReg>
ST_4 : Operation 57 [1/2] (2.15ns)   --->   "%b_load_2 = load i5 %b_addr_2" [./source/lab6_z1.cpp:5]   --->   Operation 57 'load' 'b_load_2' <Predicate = true> <Delay = 2.15> <CoreInst = "RAM">   --->   Core 82 'RAM' <Latency = 1> <II = 1> <Delay = 2.15> <Storage> <Opcode : 'load' 'store'> <Ports = 2> <Width = 16> <Depth = 32> <RAM>
ST_4 : Operation 58 [1/2] (2.15ns)   --->   "%c_load_2 = load i5 %c_addr_2" [./source/lab6_z1.cpp:5]   --->   Operation 58 'load' 'c_load_2' <Predicate = true> <Delay = 2.15> <CoreInst = "RAM">   --->   Core 82 'RAM' <Latency = 1> <II = 1> <Delay = 2.15> <Storage> <Opcode : 'load' 'store'> <Ports = 2> <Width = 16> <Depth = 32> <RAM>
ST_4 : Operation 59 [4/4] (2.15ns) (root node of the DSP)   --->   "%mul_ln5_2 = mul i16 %c_load_2, i16 %b_load_2" [./source/lab6_z1.cpp:5]   --->   Operation 59 'mul' 'mul_ln5_2' <Predicate = true> <Delay = 2.15> <CoreInst = "DSP48">   --->   Core 119 'DSP48' <Latency = 3> <II = 1> <Delay = 2.15> <IPBlock> <Opcode : 'mul' 'add' 'sub' 'select'> <InPorts = 0> <OutPorts = 1> <Sync> <CReg>
ST_4 : Operation 60 [1/2] (2.15ns)   --->   "%b_load_3 = load i5 %b_addr_3" [./source/lab6_z1.cpp:5]   --->   Operation 60 'load' 'b_load_3' <Predicate = true> <Delay = 2.15> <CoreInst = "RAM">   --->   Core 82 'RAM' <Latency = 1> <II = 1> <Delay = 2.15> <Storage> <Opcode : 'load' 'store'> <Ports = 2> <Width = 16> <Depth = 32> <RAM>
ST_4 : Operation 61 [1/2] (2.15ns)   --->   "%c_load_3 = load i5 %c_addr_3" [./source/lab6_z1.cpp:5]   --->   Operation 61 'load' 'c_load_3' <Predicate = true> <Delay = 2.15> <CoreInst = "RAM">   --->   Core 82 'RAM' <Latency = 1> <II = 1> <Delay = 2.15> <Storage> <Opcode : 'load' 'store'> <Ports = 2> <Width = 16> <Depth = 32> <RAM>
ST_4 : Operation 62 [4/4] (2.15ns) (root node of the DSP)   --->   "%mul_ln5_3 = mul i16 %c_load_3, i16 %b_load_3" [./source/lab6_z1.cpp:5]   --->   Operation 62 'mul' 'mul_ln5_3' <Predicate = true> <Delay = 2.15> <CoreInst = "DSP48">   --->   Core 119 'DSP48' <Latency = 3> <II = 1> <Delay = 2.15> <IPBlock> <Opcode : 'mul' 'add' 'sub' 'select'> <InPorts = 0> <OutPorts = 1> <Sync> <CReg>

State 5 <SV = 4> <Delay = 2.15>
ST_5 : Operation 63 [2/4] (2.15ns) (root node of the DSP)   --->   "%mul_ln5 = mul i16 %c_load, i16 %b_load" [./source/lab6_z1.cpp:5]   --->   Operation 63 'mul' 'mul_ln5' <Predicate = true> <Delay = 2.15> <CoreInst = "DSP48">   --->   Core 119 'DSP48' <Latency = 3> <II = 1> <Delay = 2.15> <IPBlock> <Opcode : 'mul' 'add' 'sub' 'select'> <InPorts = 0> <OutPorts = 1> <Sync> <CReg>
ST_5 : Operation 64 [2/4] (2.15ns) (root node of the DSP)   --->   "%mul_ln5_1 = mul i16 %c_load_1, i16 %b_load_1" [./source/lab6_z1.cpp:5]   --->   Operation 64 'mul' 'mul_ln5_1' <Predicate = true> <Delay = 2.15> <CoreInst = "DSP48">   --->   Core 119 'DSP48' <Latency = 3> <II = 1> <Delay = 2.15> <IPBlock> <Opcode : 'mul' 'add' 'sub' 'select'> <InPorts = 0> <OutPorts = 1> <Sync> <CReg>
ST_5 : Operation 65 [3/4] (2.15ns) (root node of the DSP)   --->   "%mul_ln5_2 = mul i16 %c_load_2, i16 %b_load_2" [./source/lab6_z1.cpp:5]   --->   Operation 65 'mul' 'mul_ln5_2' <Predicate = true> <Delay = 2.15> <CoreInst = "DSP48">   --->   Core 119 'DSP48' <Latency = 3> <II = 1> <Delay = 2.15> <IPBlock> <Opcode : 'mul' 'add' 'sub' 'select'> <InPorts = 0> <OutPorts = 1> <Sync> <CReg>
ST_5 : Operation 66 [3/4] (2.15ns) (root node of the DSP)   --->   "%mul_ln5_3 = mul i16 %c_load_3, i16 %b_load_3" [./source/lab6_z1.cpp:5]   --->   Operation 66 'mul' 'mul_ln5_3' <Predicate = true> <Delay = 2.15> <CoreInst = "DSP48">   --->   Core 119 'DSP48' <Latency = 3> <II = 1> <Delay = 2.15> <IPBlock> <Opcode : 'mul' 'add' 'sub' 'select'> <InPorts = 0> <OutPorts = 1> <Sync> <CReg>

State 6 <SV = 5> <Delay = 2.15>
ST_6 : Operation 67 [1/4] (0.00ns) (root node of the DSP)   --->   "%mul_ln5 = mul i16 %c_load, i16 %b_load" [./source/lab6_z1.cpp:5]   --->   Operation 67 'mul' 'mul_ln5' <Predicate = true> <Delay = 0.00> <CoreInst = "DSP48">   --->   Core 119 'DSP48' <Latency = 3> <II = 1> <Delay = 2.15> <IPBlock> <Opcode : 'mul' 'add' 'sub' 'select'> <InPorts = 0> <OutPorts = 1> <Sync> <CReg>
ST_6 : Operation 68 [1/1] (0.00ns)   --->   "%a_addr = getelementptr i16 %a, i64 0, i64 %zext_ln4" [./source/lab6_z1.cpp:5]   --->   Operation 68 'getelementptr' 'a_addr' <Predicate = true> <Delay = 0.00>
ST_6 : Operation 69 [1/1] (2.15ns)   --->   "%store_ln5 = store i16 %mul_ln5, i5 %a_addr" [./source/lab6_z1.cpp:5]   --->   Operation 69 'store' 'store_ln5' <Predicate = true> <Delay = 2.15> <CoreInst = "RAM">   --->   Core 82 'RAM' <Latency = 1> <II = 1> <Delay = 2.15> <Storage> <Opcode : 'load' 'store'> <Ports = 2> <Width = 16> <Depth = 32> <RAM>
ST_6 : Operation 70 [1/4] (0.00ns) (root node of the DSP)   --->   "%mul_ln5_1 = mul i16 %c_load_1, i16 %b_load_1" [./source/lab6_z1.cpp:5]   --->   Operation 70 'mul' 'mul_ln5_1' <Predicate = true> <Delay = 0.00> <CoreInst = "DSP48">   --->   Core 119 'DSP48' <Latency = 3> <II = 1> <Delay = 2.15> <IPBlock> <Opcode : 'mul' 'add' 'sub' 'select'> <InPorts = 0> <OutPorts = 1> <Sync> <CReg>
ST_6 : Operation 71 [1/1] (0.00ns)   --->   "%a_addr_1 = getelementptr i16 %a, i64 0, i64 %zext_ln5" [./source/lab6_z1.cpp:5]   --->   Operation 71 'getelementptr' 'a_addr_1' <Predicate = true> <Delay = 0.00>
ST_6 : Operation 72 [1/1] (2.15ns)   --->   "%store_ln5 = store i16 %mul_ln5_1, i5 %a_addr_1" [./source/lab6_z1.cpp:5]   --->   Operation 72 'store' 'store_ln5' <Predicate = true> <Delay = 2.15> <CoreInst = "RAM">   --->   Core 82 'RAM' <Latency = 1> <II = 1> <Delay = 2.15> <Storage> <Opcode : 'load' 'store'> <Ports = 2> <Width = 16> <Depth = 32> <RAM>
ST_6 : Operation 73 [2/4] (2.15ns) (root node of the DSP)   --->   "%mul_ln5_2 = mul i16 %c_load_2, i16 %b_load_2" [./source/lab6_z1.cpp:5]   --->   Operation 73 'mul' 'mul_ln5_2' <Predicate = true> <Delay = 2.15> <CoreInst = "DSP48">   --->   Core 119 'DSP48' <Latency = 3> <II = 1> <Delay = 2.15> <IPBlock> <Opcode : 'mul' 'add' 'sub' 'select'> <InPorts = 0> <OutPorts = 1> <Sync> <CReg>
ST_6 : Operation 74 [2/4] (2.15ns) (root node of the DSP)   --->   "%mul_ln5_3 = mul i16 %c_load_3, i16 %b_load_3" [./source/lab6_z1.cpp:5]   --->   Operation 74 'mul' 'mul_ln5_3' <Predicate = true> <Delay = 2.15> <CoreInst = "DSP48">   --->   Core 119 'DSP48' <Latency = 3> <II = 1> <Delay = 2.15> <IPBlock> <Opcode : 'mul' 'add' 'sub' 'select'> <InPorts = 0> <OutPorts = 1> <Sync> <CReg>

State 7 <SV = 6> <Delay = 2.15>
ST_7 : Operation 75 [1/1] (0.00ns)   --->   "%specloopname_ln4 = specloopname void @_ssdm_op_SpecLoopName, void @empty_2" [./source/lab6_z1.cpp:4]   --->   Operation 75 'specloopname' 'specloopname_ln4' <Predicate = true> <Delay = 0.00>
ST_7 : Operation 76 [1/4] (0.00ns) (root node of the DSP)   --->   "%mul_ln5_2 = mul i16 %c_load_2, i16 %b_load_2" [./source/lab6_z1.cpp:5]   --->   Operation 76 'mul' 'mul_ln5_2' <Predicate = true> <Delay = 0.00> <CoreInst = "DSP48">   --->   Core 119 'DSP48' <Latency = 3> <II = 1> <Delay = 2.15> <IPBlock> <Opcode : 'mul' 'add' 'sub' 'select'> <InPorts = 0> <OutPorts = 1> <Sync> <CReg>
ST_7 : Operation 77 [1/1] (0.00ns)   --->   "%a_addr_2 = getelementptr i16 %a, i64 0, i64 %zext_ln5_1" [./source/lab6_z1.cpp:5]   --->   Operation 77 'getelementptr' 'a_addr_2' <Predicate = true> <Delay = 0.00>
ST_7 : Operation 78 [1/1] (2.15ns)   --->   "%store_ln5 = store i16 %mul_ln5_2, i5 %a_addr_2" [./source/lab6_z1.cpp:5]   --->   Operation 78 'store' 'store_ln5' <Predicate = true> <Delay = 2.15> <CoreInst = "RAM">   --->   Core 82 'RAM' <Latency = 1> <II = 1> <Delay = 2.15> <Storage> <Opcode : 'load' 'store'> <Ports = 2> <Width = 16> <Depth = 32> <RAM>
ST_7 : Operation 79 [1/4] (0.00ns) (root node of the DSP)   --->   "%mul_ln5_3 = mul i16 %c_load_3, i16 %b_load_3" [./source/lab6_z1.cpp:5]   --->   Operation 79 'mul' 'mul_ln5_3' <Predicate = true> <Delay = 0.00> <CoreInst = "DSP48">   --->   Core 119 'DSP48' <Latency = 3> <II = 1> <Delay = 2.15> <IPBlock> <Opcode : 'mul' 'add' 'sub' 'select'> <InPorts = 0> <OutPorts = 1> <Sync> <CReg>
ST_7 : Operation 80 [1/1] (0.00ns)   --->   "%a_addr_3 = getelementptr i16 %a, i64 0, i64 %zext_ln5_2" [./source/lab6_z1.cpp:5]   --->   Operation 80 'getelementptr' 'a_addr_3' <Predicate = true> <Delay = 0.00>
ST_7 : Operation 81 [1/1] (2.15ns)   --->   "%store_ln5 = store i16 %mul_ln5_3, i5 %a_addr_3" [./source/lab6_z1.cpp:5]   --->   Operation 81 'store' 'store_ln5' <Predicate = true> <Delay = 2.15> <CoreInst = "RAM">   --->   Core 82 'RAM' <Latency = 1> <II = 1> <Delay = 2.15> <Storage> <Opcode : 'load' 'store'> <Ports = 2> <Width = 16> <Depth = 32> <RAM>
ST_7 : Operation 82 [1/1] (0.00ns)   --->   "%br_ln0 = br void"   --->   Operation 82 'br' 'br_ln0' <Predicate = true> <Delay = 0.00>


============================================================
+ Verbose Summary: Timing violations
============================================================
Target clock period: 10ns, clock uncertainty: 1ns.

 <State 1>: 1.61ns
The critical path consists of the following:
	'alloca' operation ('i') [4]  (0 ns)
	'store' operation ('store_ln4', ./source/lab6_z1.cpp:4) of constant 0 on local variable 'i' [12]  (1.61 ns)

 <State 2>: 3.56ns
The critical path consists of the following:
	'load' operation ('i', ./source/lab6_z1.cpp:4) on local variable 'i' [15]  (0 ns)
	'add' operation ('add_ln4', ./source/lab6_z1.cpp:4) [57]  (1.95 ns)
	'store' operation ('store_ln4', ./source/lab6_z1.cpp:4) of variable 'add_ln4', ./source/lab6_z1.cpp:4 on local variable 'i' [58]  (1.61 ns)

 <State 3>: 4.3ns
The critical path consists of the following:
	'load' operation ('b_load', ./source/lab6_z1.cpp:5) on array 'b' [23]  (2.15 ns)
	'mul' operation of DSP[26] ('mul_ln5', ./source/lab6_z1.cpp:5) [26]  (2.15 ns)

 <State 4>: 4.3ns
The critical path consists of the following:
	'load' operation ('b_load_2', ./source/lab6_z1.cpp:5) on array 'b' [42]  (2.15 ns)
	'mul' operation of DSP[45] ('mul_ln5_2', ./source/lab6_z1.cpp:5) [45]  (2.15 ns)

 <State 5>: 2.15ns
The critical path consists of the following:
	'mul' operation of DSP[26] ('mul_ln5', ./source/lab6_z1.cpp:5) [26]  (2.15 ns)

 <State 6>: 2.15ns
The critical path consists of the following:
	'mul' operation of DSP[26] ('mul_ln5', ./source/lab6_z1.cpp:5) [26]  (0 ns)
	'store' operation ('store_ln5', ./source/lab6_z1.cpp:5) of variable 'mul_ln5', ./source/lab6_z1.cpp:5 on array 'a' [28]  (2.15 ns)

 <State 7>: 2.15ns
The critical path consists of the following:
	'mul' operation of DSP[45] ('mul_ln5_2', ./source/lab6_z1.cpp:5) [45]  (0 ns)
	'store' operation ('store_ln5', ./source/lab6_z1.cpp:5) of variable 'mul_ln5_2', ./source/lab6_z1.cpp:5 on array 'a' [47]  (2.15 ns)


============================================================
+ Verbose Summary: Binding
============================================================
N/A
* FSMD analyzer results:
  - Output states:
 - Input state : 
  - Chain level:
	State 1
	State 2
	State 3
	State 4
	State 5
	State 6
	State 7


============================================================
+ Verbose Summary: Datapath Resource usage 
============================================================
N/A
