

================================================================
== Vitis HLS Report for 'kp_502_7'
================================================================
* Date:           Mon Feb 19 20:25:17 2024

* Version:        2021.2 (Build 3367213 on Tue Oct 19 02:48:09 MDT 2021)
* Project:        kp_502_7
* Solution:       sol1_1 (Vivado IP Flow Target)
* Product family: artix7
* Target device:  xc7a200t-sbv484-2


================================================================
== Performance Estimates
================================================================
+ Timing: 
    * Summary: 
    +------+----------+----------+------------+
    | Clock|  Target  | Estimated| Uncertainty|
    +------+----------+----------+------------+
    |clk   |  10.00 ns|  8.814 ns|     1.00 ns|
    +------+----------+----------+------------+

+ Latency: 
    * Summary: 
    +---------+---------+----------+----------+-----+-----+---------+
    |  Latency (cycles) |  Latency (absolute) |  Interval | Pipeline|
    |   min   |   max   |    min   |    max   | min | max |   Type  |
    +---------+---------+----------+----------+-----+-----+---------+
    |      161|      705|  1.610 us|  7.050 us|  162|  706|       no|
    +---------+---------+----------+----------+-----+-----+---------+

    + Detail: 
        * Instance: 
        N/A

        * Loop: 
        +----------+---------+---------+----------+-----------+-----------+------+----------+
        |          |  Latency (cycles) | Iteration|  Initiation Interval  | Trip |          |
        | Loop Name|   min   |   max   |  Latency |  achieved |   target  | Count| Pipelined|
        +----------+---------+---------+----------+-----------+-----------+------+----------+
        |- Loop    |      160|      704|   20 ~ 88|          -|          -|     8|        no|
        +----------+---------+---------+----------+-----------+-----------+------+----------+



================================================================
== Utilization Estimates
================================================================
* Summary: 
+-----------------+---------+-----+--------+--------+-----+
|       Name      | BRAM_18K| DSP |   FF   |   LUT  | URAM|
+-----------------+---------+-----+--------+--------+-----+
|DSP              |        -|    -|       -|       -|    -|
|Expression       |        -|    -|       0|     126|    -|
|FIFO             |        -|    -|       -|       -|    -|
|Instance         |        -|   28|    1488|    1984|    -|
|Memory           |        -|    -|       -|       -|    -|
|Multiplexer      |        -|    -|       -|     752|    -|
|Register         |        -|    -|    1026|       -|    -|
+-----------------+---------+-----+--------+--------+-----+
|Total            |        0|   28|    2514|    2862|    0|
+-----------------+---------+-----+--------+--------+-----+
|Available        |      730|  740|  269200|  134600|    0|
+-----------------+---------+-----+--------+--------+-----+
|Utilization (%)  |        0|    3|      ~0|       2|    0|
+-----------------+---------+-----+--------+--------+-----+

+ Detail: 
    * Instance: 
    +-----------------------------------+--------------------------------+---------+----+-----+-----+-----+
    |              Instance             |             Module             | BRAM_18K| DSP|  FF | LUT | URAM|
    +-----------------------------------+--------------------------------+---------+----+-----+-----+-----+
    |dcmp_64ns_64ns_1_2_no_dsp_1_U7     |dcmp_64ns_64ns_1_2_no_dsp_1     |        0|   0|    0|    0|    0|
    |ddiv_64ns_64ns_64_31_no_dsp_1_U5   |ddiv_64ns_64ns_64_31_no_dsp_1   |        0|   0|    0|    0|    0|
    |ddiv_64ns_64ns_64_31_no_dsp_1_U6   |ddiv_64ns_64ns_64_31_no_dsp_1   |        0|   0|    0|    0|    0|
    |dmul_64ns_64ns_64_5_max_dsp_1_U3   |dmul_64ns_64ns_64_5_max_dsp_1   |        0|  11|  299|  204|    0|
    |dmul_64ns_64ns_64_5_max_dsp_1_U4   |dmul_64ns_64ns_64_5_max_dsp_1   |        0|  11|  299|  204|    0|
    |dsqrt_64ns_64ns_64_30_no_dsp_1_U8  |dsqrt_64ns_64ns_64_30_no_dsp_1  |        0|   0|    0|    0|    0|
    |dsub_64ns_64ns_64_5_full_dsp_1_U1  |dsub_64ns_64ns_64_5_full_dsp_1  |        0|   3|  445|  788|    0|
    |dsub_64ns_64ns_64_5_full_dsp_1_U2  |dsub_64ns_64ns_64_5_full_dsp_1  |        0|   3|  445|  788|    0|
    +-----------------------------------+--------------------------------+---------+----+-----+-----+-----+
    |Total                              |                                |        0|  28| 1488| 1984|    0|
    +-----------------------------------+--------------------------------+---------+----+-----+-----+-----+

    * DSP: 
    N/A

    * Memory: 
    N/A

    * FIFO: 
    N/A

    * Expression: 
    +-----------------------+----------+----+---+----+------------+------------+
    |     Variable Name     | Operation| DSP| FF| LUT| Bitwidth P0| Bitwidth P1|
    +-----------------------+----------+----+---+----+------------+------------+
    |add_ln8_fu_216_p2      |         +|   0|  0|  13|           4|           1|
    |grp_fu_186_p2          |       and|   0|  0|   2|           1|           1|
    |icmp_ln16_1_fu_260_p2  |      icmp|   0|  0|  24|          52|           1|
    |icmp_ln16_fu_254_p2    |      icmp|   0|  0|  11|          11|           2|
    |icmp_ln8_fu_210_p2     |      icmp|   0|  0|   9|           4|           5|
    |or_ln16_fu_265_p2      |        or|   0|  0|   2|           1|           1|
    |xor_ln23_fu_270_p2     |       xor|   0|  0|  65|          65|          64|
    +-----------------------+----------+----+---+----+------------+------------+
    |Total                  |          |   0|  0| 126|         138|          75|
    +-----------------------+----------+----+---+----+------------+------------+

    * Multiplexer: 
    +-------------------+-----+-----------+-----+-----------+
    |        Name       | LUT | Input Size| Bits| Total Bits|
    +-------------------+-----+-----------+-----+-----------+
    |X1_d0              |   17|          4|   64|        256|
    |X2_d0              |   17|          4|   64|        256|
    |ap_NS_fsm          |  623|        121|    1|        121|
    |grp_fu_150_p0      |   13|          3|   64|        192|
    |grp_fu_150_p1      |   13|          3|   64|        192|
    |grp_fu_158_p0      |   17|          4|   64|        256|
    |grp_fu_158_p1      |   17|          4|   64|        256|
    |grp_fu_168_p0      |   13|          3|   64|        192|
    |grp_fu_176_opcode  |   13|          3|    5|         15|
    |i_fu_68            |    9|          2|    4|          8|
    +-------------------+-----+-----------+-----+-----------+
    |Total              |  752|        151|  458|       1744|
    +-------------------+-----+-----------+-----+-----------+

    * Register: 
    +------------------------+-----+----+-----+-----------+
    |          Name          |  FF | LUT| Bits| Const Bits|
    +------------------------+-----+----+-----+-----------+
    |A_load_reg_328          |   64|   0|   64|          0|
    |B_load_reg_348          |   64|   0|   64|          0|
    |C_load_reg_354          |   64|   0|   64|          0|
    |X1_addr_reg_392         |    3|   0|    3|          0|
    |X2_addr_reg_397         |    3|   0|    3|          0|
    |add_ln8_reg_318         |    4|   0|    4|          0|
    |add_reg_438             |   64|   0|   64|          0|
    |and_ln16_reg_407        |    1|   0|    1|          0|
    |and_ln21_reg_411        |    1|   0|    1|          0|
    |ap_CS_fsm               |  120|   0|  120|          0|
    |bitcast_ln23_1_reg_415  |   64|   0|   64|          0|
    |i_fu_68                 |    4|   0|    4|          0|
    |icmp_ln16_reg_387       |    1|   0|    1|          0|
    |mul1_reg_421            |   64|   0|   64|          0|
    |mul6_reg_371            |   64|   0|   64|          0|
    |or_ln16_reg_402         |    1|   0|    1|          0|
    |reg_191                 |   64|   0|   64|          0|
    |sub_reg_433             |   64|   0|   64|          0|
    |temp_A_reg_333          |   64|   0|   64|          0|
    |temp_B_reg_359          |   64|   0|   64|          0|
    |temp_D_reg_427          |   64|   0|   64|          0|
    |trunc_ln16_reg_382      |   52|   0|   52|          0|
    |x_assign_reg_376        |   64|   0|   64|          0|
    |zext_ln8_reg_306        |    4|   0|   64|         60|
    +------------------------+-----+----+-----+-----------+
    |Total                   | 1026|   0| 1086|         60|
    +------------------------+-----+----+-----+-----------+



================================================================
== Interface
================================================================
* Summary: 
+-------------------+-----+-----+------------+--------------+--------------+
|     RTL Ports     | Dir | Bits|  Protocol  | Source Object|    C Type    |
+-------------------+-----+-----+------------+--------------+--------------+
|ap_local_block     |  out|    1|  ap_ctrl_hs|      kp_502_7|  return value|
|ap_local_deadlock  |  out|    1|  ap_ctrl_hs|      kp_502_7|  return value|
|ap_clk             |   in|    1|  ap_ctrl_hs|      kp_502_7|  return value|
|ap_rst             |   in|    1|  ap_ctrl_hs|      kp_502_7|  return value|
|ap_start           |   in|    1|  ap_ctrl_hs|      kp_502_7|  return value|
|ap_done            |  out|    1|  ap_ctrl_hs|      kp_502_7|  return value|
|ap_idle            |  out|    1|  ap_ctrl_hs|      kp_502_7|  return value|
|ap_ready           |  out|    1|  ap_ctrl_hs|      kp_502_7|  return value|
|A_address0         |  out|    3|   ap_memory|             A|         array|
|A_ce0              |  out|    1|   ap_memory|             A|         array|
|A_q0               |   in|   64|   ap_memory|             A|         array|
|B_address0         |  out|    3|   ap_memory|             B|         array|
|B_ce0              |  out|    1|   ap_memory|             B|         array|
|B_q0               |   in|   64|   ap_memory|             B|         array|
|C_address0         |  out|    3|   ap_memory|             C|         array|
|C_ce0              |  out|    1|   ap_memory|             C|         array|
|C_q0               |   in|   64|   ap_memory|             C|         array|
|X1_address0        |  out|    3|   ap_memory|            X1|         array|
|X1_ce0             |  out|    1|   ap_memory|            X1|         array|
|X1_we0             |  out|    1|   ap_memory|            X1|         array|
|X1_d0              |  out|   64|   ap_memory|            X1|         array|
|X2_address0        |  out|    3|   ap_memory|            X2|         array|
|X2_ce0             |  out|    1|   ap_memory|            X2|         array|
|X2_we0             |  out|    1|   ap_memory|            X2|         array|
|X2_d0              |  out|   64|   ap_memory|            X2|         array|
|D_address0         |  out|    3|   ap_memory|             D|         array|
|D_ce0              |  out|    1|   ap_memory|             D|         array|
|D_we0              |  out|    1|   ap_memory|             D|         array|
|D_d0               |  out|   64|   ap_memory|             D|         array|
+-------------------+-----+-----+------------+--------------+--------------+

