

================================================================
== Vitis HLS Report for 'lab3_z2'
================================================================
* Date:           Fri Oct 13 22:07:32 2023

* Version:        2021.2 (Build 3367213 on Tue Oct 19 02:48:09 MDT 2021)
* Project:        lab3_z2
* Solution:       sol1 (Vivado IP Flow Target)
* Product family: artix7
* Target device:  xa7a12t-csg325-1Q


================================================================
== Performance Estimates
================================================================
+ Timing: 
    * Summary: 
    +------+----------+----------+------------+
    | Clock|  Target  | Estimated| Uncertainty|
    +------+----------+----------+------------+
    |clk   |  10.00 ns|  6.450 ns|     1.00 ns|
    +------+----------+----------+------------+

+ Latency: 
    * Summary: 
    +---------+---------+----------+----------+-----+-----+---------+
    |  Latency (cycles) |  Latency (absolute) |  Interval | Pipeline|
    |   min   |   max   |    min   |    max   | min | max |   Type  |
    +---------+---------+----------+----------+-----+-----+---------+
    |       49|       49|  0.490 us|  0.490 us|   50|   50|       no|
    +---------+---------+----------+----------+-----+-----+---------+

    + Detail: 
        * Instance: 
        N/A

        * Loop: 
        +------------------+---------+---------+----------+-----------+-----------+------+----------+
        |                  |  Latency (cycles) | Iteration|  Initiation Interval  | Trip |          |
        |     Loop Name    |   min   |   max   |  Latency |  achieved |   target  | Count| Pipelined|
        +------------------+---------+---------+----------+-----------+-----------+------+----------+
        |- VITIS_LOOP_8_1  |       48|       48|         3|          -|          -|    16|        no|
        +------------------+---------+---------+----------+-----------+-----------+------+----------+



================================================================
== Utilization Estimates
================================================================
* Summary: 
+-----------------+---------+----+-------+------+-----+
|       Name      | BRAM_18K| DSP|   FF  |  LUT | URAM|
+-----------------+---------+----+-------+------+-----+
|DSP              |        -|   -|      -|     -|    -|
|Expression       |        -|   -|      0|    46|    -|
|FIFO             |        -|   -|      -|     -|    -|
|Instance         |        -|   -|      -|     -|    -|
|Memory           |        -|   -|      -|     -|    -|
|Multiplexer      |        -|   -|      -|    43|    -|
|Register         |        -|   -|     12|     -|    -|
+-----------------+---------+----+-------+------+-----+
|Total            |        0|   0|     12|    89|    0|
+-----------------+---------+----+-------+------+-----+
|Available        |       40|  40|  16000|  8000|    0|
+-----------------+---------+----+-------+------+-----+
|Utilization (%)  |        0|   0|     ~0|     1|    0|
+-----------------+---------+----+-------+------+-----+

+ Detail: 
    * Instance: 
    N/A

    * DSP: 
    N/A

    * Memory: 
    N/A

    * FIFO: 
    N/A

    * Expression: 
    +-------------------+----------+----+---+----+------------+------------+
    |   Variable Name   | Operation| DSP| FF| LUT| Bitwidth P0| Bitwidth P1|
    +-------------------+----------+----+---+----+------------+------------+
    |add_ln8_fu_89_p2   |         +|   0|  0|  13|           5|           1|
    |out_ar_d0          |         +|   0|  0|  23|          16|           1|
    |icmp_ln8_fu_83_p2  |      icmp|   0|  0|  10|           5|           6|
    +-------------------+----------+----+---+----+------------+------------+
    |Total              |          |   0|  0|  46|          26|           8|
    +-------------------+----------+----+---+----+------------+------------+

    * Multiplexer: 
    +-----------------+----+-----------+-----+-----------+
    |       Name      | LUT| Input Size| Bits| Total Bits|
    +-----------------+----+-----------+-----+-----------+
    |ap_NS_fsm        |  21|          5|    1|          5|
    |i_fu_40          |   9|          2|    5|         10|
    |out_ar_address0  |  13|          3|    3|          9|
    +-----------------+----+-----------+-----+-----------+
    |Total            |  43|         10|    9|         24|
    +-----------------+----+-----------+-----+-----------+

    * Register: 
    +---------------------+---+----+-----+-----------+
    |         Name        | FF| LUT| Bits| Const Bits|
    +---------------------+---+----+-----+-----------+
    |ap_CS_fsm            |  4|   0|    4|          0|
    |i_fu_40              |  5|   0|    5|          0|
    |out_ar_addr_reg_127  |  3|   0|    3|          0|
    +---------------------+---+----+-----+-----------+
    |Total                | 12|   0|   12|          0|
    +---------------------+---+----+-----+-----------+



================================================================
== Interface
================================================================
* Summary: 
+-------------------+-----+-----+------------+--------------+--------------+
|     RTL Ports     | Dir | Bits|  Protocol  | Source Object|    C Type    |
+-------------------+-----+-----+------------+--------------+--------------+
|ap_local_block     |  out|    1|  ap_ctrl_hs|       lab3_z2|  return value|
|ap_local_deadlock  |  out|    1|  ap_ctrl_hs|       lab3_z2|  return value|
|ap_clk             |   in|    1|  ap_ctrl_hs|       lab3_z2|  return value|
|ap_rst             |   in|    1|  ap_ctrl_hs|       lab3_z2|  return value|
|ap_start           |   in|    1|  ap_ctrl_hs|       lab3_z2|  return value|
|ap_done            |  out|    1|  ap_ctrl_hs|       lab3_z2|  return value|
|ap_idle            |  out|    1|  ap_ctrl_hs|       lab3_z2|  return value|
|ap_ready           |  out|    1|  ap_ctrl_hs|       lab3_z2|  return value|
|inA_ar_address0    |  out|    4|   ap_memory|        inA_ar|         array|
|inA_ar_ce0         |  out|    1|   ap_memory|        inA_ar|         array|
|inA_ar_q0          |   in|   16|   ap_memory|        inA_ar|         array|
|out_ar_address0    |  out|    3|   ap_memory|        out_ar|         array|
|out_ar_ce0         |  out|    1|   ap_memory|        out_ar|         array|
|out_ar_we0         |  out|    1|   ap_memory|        out_ar|         array|
|out_ar_d0          |  out|   16|   ap_memory|        out_ar|         array|
|out_ar_q0          |   in|   16|   ap_memory|        out_ar|         array|
+-------------------+-----+-----+------------+--------------+--------------+

