

================================================================
== Vitis HLS Report for 'kp_502_7'
================================================================
* Date:           Sun Feb 18 17:21:53 2024

* Version:        2021.2 (Build 3367213 on Tue Oct 19 02:48:09 MDT 2021)
* Project:        kp_502_7
* Solution:       sol2_1 (Vivado IP Flow Target)
* Product family: artix7
* Target device:  xc7a200t-sbv484-2


================================================================
== Performance Estimates
================================================================
+ Timing: 
    * Summary: 
    +------+----------+-----------+------------+
    | Clock|  Target  | Estimated | Uncertainty|
    +------+----------+-----------+------------+
    |clk   |  14.00 ns|  12.766 ns|     1.00 ns|
    +------+----------+-----------+------------+

+ Latency: 
    * Summary: 
    +---------+---------+----------+----------+-----+-----+---------+
    |  Latency (cycles) |  Latency (absolute) |  Interval | Pipeline|
    |   min   |   max   |    min   |    max   | min | max |   Type  |
    +---------+---------+----------+----------+-----+-----+---------+
    |      137|      489|  1.918 us|  6.846 us|  138|  490|       no|
    +---------+---------+----------+----------+-----+-----+---------+

    + Detail: 
        * Instance: 
        N/A

        * Loop: 
        +----------+---------+---------+----------+-----------+-----------+------+----------+
        |          |  Latency (cycles) | Iteration|  Initiation Interval  | Trip |          |
        | Loop Name|   min   |   max   |  Latency |  achieved |   target  | Count| Pipelined|
        +----------+---------+---------+----------+-----------+-----------+------+----------+
        |- Loop    |      136|      488|   17 ~ 61|          -|          -|     8|        no|
        +----------+---------+---------+----------+-----------+-----------+------+----------+



================================================================
== Utilization Estimates
================================================================
* Summary: 
+-----------------+---------+-----+--------+--------+-----+
|       Name      | BRAM_18K| DSP |   FF   |   LUT  | URAM|
+-----------------+---------+-----+--------+--------+-----+
|DSP              |        -|    -|       -|       -|    -|
|Expression       |        -|    -|       0|     126|    -|
|FIFO             |        -|    -|       -|       -|    -|
|Instance         |        -|   28|    1416|    1928|    -|
|Memory           |        -|    -|       -|       -|    -|
|Multiplexer      |        -|    -|       -|     538|    -|
|Register         |        -|    -|    1001|       -|    -|
+-----------------+---------+-----+--------+--------+-----+
|Total            |        0|   28|    2417|    2592|    0|
+-----------------+---------+-----+--------+--------+-----+
|Available        |      730|  740|  269200|  134600|    0|
+-----------------+---------+-----+--------+--------+-----+
|Utilization (%)  |        0|    3|      ~0|       1|    0|
+-----------------+---------+-----+--------+--------+-----+

+ Detail: 
    * Instance: 
    +-----------------------------------+--------------------------------+---------+----+-----+-----+-----+
    |              Instance             |             Module             | BRAM_18K| DSP|  FF | LUT | URAM|
    +-----------------------------------+--------------------------------+---------+----+-----+-----+-----+
    |dcmp_64ns_64ns_1_2_no_dsp_1_U7     |dcmp_64ns_64ns_1_2_no_dsp_1     |        0|   0|    0|    0|    0|
    |ddiv_64ns_64ns_64_21_no_dsp_1_U5   |ddiv_64ns_64ns_64_21_no_dsp_1   |        0|   0|    0|    0|    0|
    |ddiv_64ns_64ns_64_21_no_dsp_1_U6   |ddiv_64ns_64ns_64_21_no_dsp_1   |        0|   0|    0|    0|    0|
    |dmul_64ns_64ns_64_4_max_dsp_1_U3   |dmul_64ns_64ns_64_4_max_dsp_1   |        0|  11|  275|  192|    0|
    |dmul_64ns_64ns_64_4_max_dsp_1_U4   |dmul_64ns_64ns_64_4_max_dsp_1   |        0|  11|  275|  192|    0|
    |dsqrt_64ns_64ns_64_17_no_dsp_1_U8  |dsqrt_64ns_64ns_64_17_no_dsp_1  |        0|   0|    0|    0|    0|
    |dsub_64ns_64ns_64_4_full_dsp_1_U1  |dsub_64ns_64ns_64_4_full_dsp_1  |        0|   3|  433|  772|    0|
    |dsub_64ns_64ns_64_4_full_dsp_1_U2  |dsub_64ns_64ns_64_4_full_dsp_1  |        0|   3|  433|  772|    0|
    +-----------------------------------+--------------------------------+---------+----+-----+-----+-----+
    |Total                              |                                |        0|  28| 1416| 1928|    0|
    +-----------------------------------+--------------------------------+---------+----+-----+-----+-----+

    * DSP: 
    N/A

    * Memory: 
    N/A

    * FIFO: 
    N/A

    * Expression: 
    +-----------------------+----------+----+---+----+------------+------------+
    |     Variable Name     | Operation| DSP| FF| LUT| Bitwidth P0| Bitwidth P1|
    +-----------------------+----------+----+---+----+------------+------------+
    |add_ln5_fu_245_p2      |         +|   0|  0|  13|           4|           1|
    |grp_fu_206_p2          |       and|   0|  0|   2|           1|           1|
    |icmp_ln13_1_fu_289_p2  |      icmp|   0|  0|  24|          52|           1|
    |icmp_ln13_fu_283_p2    |      icmp|   0|  0|  11|          11|           2|
    |icmp_ln5_fu_239_p2     |      icmp|   0|  0|   9|           4|           5|
    |or_ln13_fu_295_p2      |        or|   0|  0|   2|           1|           1|
    |xor_ln20_fu_301_p2     |       xor|   0|  0|  65|          65|          64|
    +-----------------------+----------+----+---+----+------------+------------+
    |Total                  |          |   0|  0| 126|         138|          75|
    +-----------------------+----------+----+---+----+------------+------------+

    * Multiplexer: 
    +-------------------+-----+-----------+-----+-----------+
    |        Name       | LUT | Input Size| Bits| Total Bits|
    +-------------------+-----+-----------+-----+-----------+
    |X1_d1              |   17|          4|   64|        256|
    |X2_d1              |   17|          4|   64|        256|
    |ap_NS_fsm          |  409|         85|    1|         85|
    |grp_fu_170_p0      |   13|          3|   64|        192|
    |grp_fu_170_p1      |   13|          3|   64|        192|
    |grp_fu_178_p0      |   17|          4|   64|        256|
    |grp_fu_178_p1      |   17|          4|   64|        256|
    |grp_fu_188_p0      |   13|          3|   64|        192|
    |grp_fu_196_opcode  |   13|          3|    5|         15|
    |i_fu_76            |    9|          2|    4|          8|
    +-------------------+-----+-----------+-----+-----------+
    |Total              |  538|        115|  458|       1708|
    +-------------------+-----+-----------+-----+-----------+

    * Register: 
    +------------------------+----+----+-----+-----------+
    |          Name          | FF | LUT| Bits| Const Bits|
    +------------------------+----+----+-----+-----------+
    |A_load_reg_356          |  64|   0|   64|          0|
    |B_load_reg_376          |  64|   0|   64|          0|
    |C_load_reg_382          |  64|   0|   64|          0|
    |X1_addr_reg_409         |   3|   0|    3|          0|
    |X2_addr_reg_414         |   3|   0|    3|          0|
    |add_ln5_reg_346         |   4|   0|    4|          0|
    |add_reg_439             |  64|   0|   64|          0|
    |and_ln13_reg_419        |   1|   0|    1|          0|
    |and_ln18_reg_423        |   1|   0|    1|          0|
    |ap_CS_fsm               |  84|   0|   84|          0|
    |bitcast_ln20_1_reg_427  |  64|   0|   64|          0|
    |div1_reg_444            |  64|   0|   64|          0|
    |div2_reg_449            |  64|   0|   64|          0|
    |div_reg_454             |  64|   0|   64|          0|
    |i_fu_76                 |   4|   0|    4|          0|
    |mul6_reg_399            |  64|   0|   64|          0|
    |or_ln13_reg_404         |   1|   0|    1|          0|
    |reg_211                 |  64|   0|   64|          0|
    |reg_219                 |  64|   0|   64|          0|
    |temp_A_reg_361          |  64|   0|   64|          0|
    |temp_B_reg_387          |  64|   0|   64|          0|
    |temp_D_reg_433          |  64|   0|   64|          0|
    |zext_ln5_reg_334        |   4|   0|   64|         60|
    +------------------------+----+----+-----+-----------+
    |Total                   |1001|   0| 1061|         60|
    +------------------------+----+----+-----+-----------+



================================================================
== Interface
================================================================
* Summary: 
+-------------------+-----+-----+------------+--------------+--------------+
|     RTL Ports     | Dir | Bits|  Protocol  | Source Object|    C Type    |
+-------------------+-----+-----+------------+--------------+--------------+
|ap_local_block     |  out|    1|  ap_ctrl_hs|      kp_502_7|  return value|
|ap_local_deadlock  |  out|    1|  ap_ctrl_hs|      kp_502_7|  return value|
|ap_clk             |   in|    1|  ap_ctrl_hs|      kp_502_7|  return value|
|ap_rst             |   in|    1|  ap_ctrl_hs|      kp_502_7|  return value|
|ap_start           |   in|    1|  ap_ctrl_hs|      kp_502_7|  return value|
|ap_done            |  out|    1|  ap_ctrl_hs|      kp_502_7|  return value|
|ap_idle            |  out|    1|  ap_ctrl_hs|      kp_502_7|  return value|
|ap_ready           |  out|    1|  ap_ctrl_hs|      kp_502_7|  return value|
|A_address0         |  out|    3|   ap_memory|             A|         array|
|A_ce0              |  out|    1|   ap_memory|             A|         array|
|A_q0               |   in|   64|   ap_memory|             A|         array|
|B_address0         |  out|    3|   ap_memory|             B|         array|
|B_ce0              |  out|    1|   ap_memory|             B|         array|
|B_q0               |   in|   64|   ap_memory|             B|         array|
|C_address0         |  out|    3|   ap_memory|             C|         array|
|C_ce0              |  out|    1|   ap_memory|             C|         array|
|C_q0               |   in|   64|   ap_memory|             C|         array|
|X1_address1        |  out|    3|   ap_memory|            X1|         array|
|X1_ce1             |  out|    1|   ap_memory|            X1|         array|
|X1_we1             |  out|    1|   ap_memory|            X1|         array|
|X1_d1              |  out|   64|   ap_memory|            X1|         array|
|X2_address1        |  out|    3|   ap_memory|            X2|         array|
|X2_ce1             |  out|    1|   ap_memory|            X2|         array|
|X2_we1             |  out|    1|   ap_memory|            X2|         array|
|X2_d1              |  out|   64|   ap_memory|            X2|         array|
|D_address1         |  out|    3|   ap_memory|             D|         array|
|D_ce1              |  out|    1|   ap_memory|             D|         array|
|D_we1              |  out|    1|   ap_memory|             D|         array|
|D_d1               |  out|   64|   ap_memory|             D|         array|
+-------------------+-----+-----+------------+--------------+--------------+

