

================================================================
== Synthesis Summary Report of 'kp_502_7'
================================================================
+ General Information: 
    * Date:           Thu Mar 21 22:15:05 2024
    * Version:        2021.2 (Build 3367213 on Tue Oct 19 02:48:09 MDT 2021)
    * Project:        kp_502_7
    * Solution:       sol2_6 (Vivado IP Flow Target)
    * Product family: artix7
    * Target device:  xc7a200t-sbv484-2
    

+ Performance & Resource Estimates: 
    
    PS: '+' for module; 'o' for loop; '*' for dataflow
    +------------------------+------+------+---------+---------+----------+---------+------+----------+------+---------+-------------+-------------+-----+
    |         Modules        | Issue|      | Latency | Latency | Iteration|         | Trip |          |      |         |             |             |     |
    |         & Loops        | Type | Slack| (cycles)|   (ns)  |  Latency | Interval| Count| Pipelined| BRAM |   DSP   |      FF     |     LUT     | URAM|
    +------------------------+------+------+---------+---------+----------+---------+------+----------+------+---------+-------------+-------------+-----+
    |+ kp_502_7              |     -|  0.06|       64|  384.000|         -|       65|     -|        no|     -|  48 (6%)|  49505 (18%)|  41518 (30%)|    -|
    | o Loop                 |     -|  5.00|       62|  372.000|        56|        1|     8|       yes|     -|        -|            -|            -|    -|
    |  + sqrt_fixed_32_32_s  |    II|  0.06|       10|   60.000|         -|        1|     -|       yes|     -|        -|    803 (~0%)|    1385 (1%)|    -|
    |  + sqrt_fixed_32_32_s  |    II|  0.06|       10|   60.000|         -|        1|     -|       yes|     -|        -|    803 (~0%)|    1385 (1%)|    -|
    |  + sqrt_fixed_32_32_s  |    II|  0.06|       10|   60.000|         -|        1|     -|       yes|     -|        -|    803 (~0%)|    1385 (1%)|    -|
    |  + sqrt_fixed_32_32_s  |    II|  0.06|       10|   60.000|         -|        1|     -|       yes|     -|        -|    803 (~0%)|    1385 (1%)|    -|
    |  + sqrt_fixed_32_32_s  |    II|  0.06|       10|   60.000|         -|        1|     -|       yes|     -|        -|    803 (~0%)|    1385 (1%)|    -|
    |  + sqrt_fixed_32_32_s  |    II|  0.06|       10|   60.000|         -|        1|     -|       yes|     -|        -|    803 (~0%)|    1385 (1%)|    -|
    |  + sqrt_fixed_32_32_s  |    II|  0.06|       10|   60.000|         -|        1|     -|       yes|     -|        -|    803 (~0%)|    1385 (1%)|    -|
    |  + sqrt_fixed_32_32_s  |    II|  0.06|       10|   60.000|         -|        1|     -|       yes|     -|        -|    803 (~0%)|    1385 (1%)|    -|
    +------------------------+------+------+---------+---------+----------+---------+------+----------+------+---------+-------------+-------------+-----+


================================================================
== HW Interfaces
================================================================
* AP_MEMORY
+---------------+----------+
| Interface     | Bitwidth |
+---------------+----------+
| A_0_address0  | 3        |
| A_0_q0        | 32       |
| A_1_address0  | 3        |
| A_1_q0        | 32       |
| A_2_address0  | 3        |
| A_2_q0        | 32       |
| A_3_address0  | 3        |
| A_3_q0        | 32       |
| A_4_address0  | 3        |
| A_4_q0        | 32       |
| A_5_address0  | 3        |
| A_5_q0        | 32       |
| A_6_address0  | 3        |
| A_6_q0        | 32       |
| A_7_address0  | 3        |
| A_7_q0        | 32       |
| B_0_address0  | 3        |
| B_0_q0        | 32       |
| B_1_address0  | 3        |
| B_1_q0        | 32       |
| B_2_address0  | 3        |
| B_2_q0        | 32       |
| B_3_address0  | 3        |
| B_3_q0        | 32       |
| B_4_address0  | 3        |
| B_4_q0        | 32       |
| B_5_address0  | 3        |
| B_5_q0        | 32       |
| B_6_address0  | 3        |
| B_6_q0        | 32       |
| B_7_address0  | 3        |
| B_7_q0        | 32       |
| C_0_address0  | 3        |
| C_0_q0        | 32       |
| C_1_address0  | 3        |
| C_1_q0        | 32       |
| C_2_address0  | 3        |
| C_2_q0        | 32       |
| C_3_address0  | 3        |
| C_3_q0        | 32       |
| C_4_address0  | 3        |
| C_4_q0        | 32       |
| C_5_address0  | 3        |
| C_5_q0        | 32       |
| C_6_address0  | 3        |
| C_6_q0        | 32       |
| C_7_address0  | 3        |
| C_7_q0        | 32       |
| D_0_address0  | 3        |
| D_0_d0        | 32       |
| D_1_address0  | 3        |
| D_1_d0        | 32       |
| D_2_address0  | 3        |
| D_2_d0        | 32       |
| D_3_address0  | 3        |
| D_3_d0        | 32       |
| D_4_address0  | 3        |
| D_4_d0        | 32       |
| D_5_address0  | 3        |
| D_5_d0        | 32       |
| D_6_address0  | 3        |
| D_6_d0        | 32       |
| D_7_address0  | 3        |
| D_7_d0        | 32       |
| X1_0_address0 | 3        |
| X1_0_d0       | 32       |
| X1_1_address0 | 3        |
| X1_1_d0       | 32       |
| X1_2_address0 | 3        |
| X1_2_d0       | 32       |
| X1_3_address0 | 3        |
| X1_3_d0       | 32       |
| X1_4_address0 | 3        |
| X1_4_d0       | 32       |
| X1_5_address0 | 3        |
| X1_5_d0       | 32       |
| X1_6_address0 | 3        |
| X1_6_d0       | 32       |
| X1_7_address0 | 3        |
| X1_7_d0       | 32       |
| X2_0_address0 | 3        |
| X2_0_d0       | 32       |
| X2_1_address0 | 3        |
| X2_1_d0       | 32       |
| X2_2_address0 | 3        |
| X2_2_d0       | 32       |
| X2_3_address0 | 3        |
| X2_3_d0       | 32       |
| X2_4_address0 | 3        |
| X2_4_d0       | 32       |
| X2_5_address0 | 3        |
| X2_5_d0       | 32       |
| X2_6_address0 | 3        |
| X2_6_d0       | 32       |
| X2_7_address0 | 3        |
| X2_7_d0       | 32       |
+---------------+----------+

* TOP LEVEL CONTROL
+-----------+------------+-----------------------------------+
| Interface | Type       | Ports                             |
+-----------+------------+-----------------------------------+
| ap_clk    | clock      | ap_clk                            |
| ap_rst    | reset      | ap_rst                            |
| ap_ctrl   | ap_ctrl_hs | ap_done ap_idle ap_ready ap_start |
+-----------+------------+-----------------------------------+


================================================================
== SW I/O Information
================================================================
* Top Function Arguments
+----------+-----------+----------+
| Argument | Direction | Datatype |
+----------+-----------+----------+
| A        | in        | int*     |
| B        | in        | int*     |
| C        | in        | int*     |
| X1       | out       | int*     |
| X2       | out       | int*     |
| D        | out       | int*     |
+----------+-----------+----------+

* SW-to-HW Mapping
+----------+---------------+---------+----------+
| Argument | HW Interface  | HW Type | HW Usage |
+----------+---------------+---------+----------+
| A        | A_0_address0  | port    | offset   |
| A        | A_0_ce0       | port    |          |
| A        | A_0_q0        | port    |          |
| A        | A_1_address0  | port    | offset   |
| A        | A_1_ce0       | port    |          |
| A        | A_1_q0        | port    |          |
| A        | A_2_address0  | port    | offset   |
| A        | A_2_ce0       | port    |          |
| A        | A_2_q0        | port    |          |
| A        | A_3_address0  | port    | offset   |
| A        | A_3_ce0       | port    |          |
| A        | A_3_q0        | port    |          |
| A        | A_4_address0  | port    | offset   |
| A        | A_4_ce0       | port    |          |
| A        | A_4_q0        | port    |          |
| A        | A_5_address0  | port    | offset   |
| A        | A_5_ce0       | port    |          |
| A        | A_5_q0        | port    |          |
| A        | A_6_address0  | port    | offset   |
| A        | A_6_ce0       | port    |          |
| A        | A_6_q0        | port    |          |
| A        | A_7_address0  | port    | offset   |
| A        | A_7_ce0       | port    |          |
| A        | A_7_q0        | port    |          |
| B        | B_0_address0  | port    | offset   |
| B        | B_0_ce0       | port    |          |
| B        | B_0_q0        | port    |          |
| B        | B_1_address0  | port    | offset   |
| B        | B_1_ce0       | port    |          |
| B        | B_1_q0        | port    |          |
| B        | B_2_address0  | port    | offset   |
| B        | B_2_ce0       | port    |          |
| B        | B_2_q0        | port    |          |
| B        | B_3_address0  | port    | offset   |
| B        | B_3_ce0       | port    |          |
| B        | B_3_q0        | port    |          |
| B        | B_4_address0  | port    | offset   |
| B        | B_4_ce0       | port    |          |
| B        | B_4_q0        | port    |          |
| B        | B_5_address0  | port    | offset   |
| B        | B_5_ce0       | port    |          |
| B        | B_5_q0        | port    |          |
| B        | B_6_address0  | port    | offset   |
| B        | B_6_ce0       | port    |          |
| B        | B_6_q0        | port    |          |
| B        | B_7_address0  | port    | offset   |
| B        | B_7_ce0       | port    |          |
| B        | B_7_q0        | port    |          |
| C        | C_0_address0  | port    | offset   |
| C        | C_0_ce0       | port    |          |
| C        | C_0_q0        | port    |          |
| C        | C_1_address0  | port    | offset   |
| C        | C_1_ce0       | port    |          |
| C        | C_1_q0        | port    |          |
| C        | C_2_address0  | port    | offset   |
| C        | C_2_ce0       | port    |          |
| C        | C_2_q0        | port    |          |
| C        | C_3_address0  | port    | offset   |
| C        | C_3_ce0       | port    |          |
| C        | C_3_q0        | port    |          |
| C        | C_4_address0  | port    | offset   |
| C        | C_4_ce0       | port    |          |
| C        | C_4_q0        | port    |          |
| C        | C_5_address0  | port    | offset   |
| C        | C_5_ce0       | port    |          |
| C        | C_5_q0        | port    |          |
| C        | C_6_address0  | port    | offset   |
| C        | C_6_ce0       | port    |          |
| C        | C_6_q0        | port    |          |
| C        | C_7_address0  | port    | offset   |
| C        | C_7_ce0       | port    |          |
| C        | C_7_q0        | port    |          |
| X1       | X1_0_address0 | port    | offset   |
| X1       | X1_0_ce0      | port    |          |
| X1       | X1_0_we0      | port    |          |
| X1       | X1_0_d0       | port    |          |
| X1       | X1_1_address0 | port    | offset   |
| X1       | X1_1_ce0      | port    |          |
| X1       | X1_1_we0      | port    |          |
| X1       | X1_1_d0       | port    |          |
| X1       | X1_2_address0 | port    | offset   |
| X1       | X1_2_ce0      | port    |          |
| X1       | X1_2_we0      | port    |          |
| X1       | X1_2_d0       | port    |          |
| X1       | X1_3_address0 | port    | offset   |
| X1       | X1_3_ce0      | port    |          |
| X1       | X1_3_we0      | port    |          |
| X1       | X1_3_d0       | port    |          |
| X1       | X1_4_address0 | port    | offset   |
| X1       | X1_4_ce0      | port    |          |
| X1       | X1_4_we0      | port    |          |
| X1       | X1_4_d0       | port    |          |
| X1       | X1_5_address0 | port    | offset   |
| X1       | X1_5_ce0      | port    |          |
| X1       | X1_5_we0      | port    |          |
| X1       | X1_5_d0       | port    |          |
| X1       | X1_6_address0 | port    | offset   |
| X1       | X1_6_ce0      | port    |          |
| X1       | X1_6_we0      | port    |          |
| X1       | X1_6_d0       | port    |          |
| X1       | X1_7_address0 | port    | offset   |
| X1       | X1_7_ce0      | port    |          |
| X1       | X1_7_we0      | port    |          |
| X1       | X1_7_d0       | port    |          |
| X2       | X2_0_address0 | port    | offset   |
| X2       | X2_0_ce0      | port    |          |
| X2       | X2_0_we0      | port    |          |
| X2       | X2_0_d0       | port    |          |
| X2       | X2_1_address0 | port    | offset   |
| X2       | X2_1_ce0      | port    |          |
| X2       | X2_1_we0      | port    |          |
| X2       | X2_1_d0       | port    |          |
| X2       | X2_2_address0 | port    | offset   |
| X2       | X2_2_ce0      | port    |          |
| X2       | X2_2_we0      | port    |          |
| X2       | X2_2_d0       | port    |          |
| X2       | X2_3_address0 | port    | offset   |
| X2       | X2_3_ce0      | port    |          |
| X2       | X2_3_we0      | port    |          |
| X2       | X2_3_d0       | port    |          |
| X2       | X2_4_address0 | port    | offset   |
| X2       | X2_4_ce0      | port    |          |
| X2       | X2_4_we0      | port    |          |
| X2       | X2_4_d0       | port    |          |
| X2       | X2_5_address0 | port    | offset   |
| X2       | X2_5_ce0      | port    |          |
| X2       | X2_5_we0      | port    |          |
| X2       | X2_5_d0       | port    |          |
| X2       | X2_6_address0 | port    | offset   |
| X2       | X2_6_ce0      | port    |          |
| X2       | X2_6_we0      | port    |          |
| X2       | X2_6_d0       | port    |          |
| X2       | X2_7_address0 | port    | offset   |
| X2       | X2_7_ce0      | port    |          |
| X2       | X2_7_we0      | port    |          |
| X2       | X2_7_d0       | port    |          |
| D        | D_0_address0  | port    | offset   |
| D        | D_0_ce0       | port    |          |
| D        | D_0_we0       | port    |          |
| D        | D_0_d0        | port    |          |
| D        | D_1_address0  | port    | offset   |
| D        | D_1_ce0       | port    |          |
| D        | D_1_we0       | port    |          |
| D        | D_1_d0        | port    |          |
| D        | D_2_address0  | port    | offset   |
| D        | D_2_ce0       | port    |          |
| D        | D_2_we0       | port    |          |
| D        | D_2_d0        | port    |          |
| D        | D_3_address0  | port    | offset   |
| D        | D_3_ce0       | port    |          |
| D        | D_3_we0       | port    |          |
| D        | D_3_d0        | port    |          |
| D        | D_4_address0  | port    | offset   |
| D        | D_4_ce0       | port    |          |
| D        | D_4_we0       | port    |          |
| D        | D_4_d0        | port    |          |
| D        | D_5_address0  | port    | offset   |
| D        | D_5_ce0       | port    |          |
| D        | D_5_we0       | port    |          |
| D        | D_5_d0        | port    |          |
| D        | D_6_address0  | port    | offset   |
| D        | D_6_ce0       | port    |          |
| D        | D_6_we0       | port    |          |
| D        | D_6_d0        | port    |          |
| D        | D_7_address0  | port    | offset   |
| D        | D_7_ce0       | port    |          |
| D        | D_7_we0       | port    |          |
| D        | D_7_d0        | port    |          |
+----------+---------------+---------+----------+


================================================================
== Bind Op Report
================================================================
+----------------------------+-----+--------+--------------+-----+--------+---------+
| Name                       | DSP | Pragma | Variable     | Op  | Impl   | Latency |
+----------------------------+-----+--------+--------------+-----+--------+---------+
| + kp_502_7                 | 48  |        |              |     |        |         |
|   mul_32s_32s_32_3_1_U2    | 3   |        | mul_ln13     | mul | auto   | 2       |
|   mul_32s_32s_32_3_1_U3    | 3   |        | mul_ln13_1   | mul | auto   | 2       |
|   xf_V_fu_946_p2           | -   |        | xf_V         | sub | fabric | 0       |
|   add_ln19_fu_1032_p2      | -   |        | add_ln19     | add | fabric | 0       |
|   X1_0_d0                  | -   |        | sub_ln19     | sub | fabric | 0       |
|   sub_ln20_fu_1037_p2      | -   |        | sub_ln20     | sub | fabric | 0       |
|   mul_32s_32s_32_3_1_U4    | 3   |        | mul_ln13_2   | mul | auto   | 2       |
|   mul_32s_32s_32_3_1_U5    | 3   |        | mul_ln13_3   | mul | auto   | 2       |
|   xf_V_1_fu_957_p2         | -   |        | xf_V_1       | sub | fabric | 0       |
|   add_ln19_1_fu_1045_p2    | -   |        | add_ln19_1   | add | fabric | 0       |
|   X1_1_d0                  | -   |        | sub_ln19_1   | sub | fabric | 0       |
|   sub_ln20_1_fu_1050_p2    | -   |        | sub_ln20_1   | sub | fabric | 0       |
|   mul_32s_32s_32_3_1_U6    | 3   |        | mul_ln13_4   | mul | auto   | 2       |
|   mul_32s_32s_32_3_1_U7    | 3   |        | mul_ln13_5   | mul | auto   | 2       |
|   xf_V_2_fu_968_p2         | -   |        | xf_V_2       | sub | fabric | 0       |
|   add_ln19_2_fu_1058_p2    | -   |        | add_ln19_2   | add | fabric | 0       |
|   X1_2_d0                  | -   |        | sub_ln19_2   | sub | fabric | 0       |
|   sub_ln20_2_fu_1063_p2    | -   |        | sub_ln20_2   | sub | fabric | 0       |
|   mul_32s_32s_32_3_1_U8    | 3   |        | mul_ln13_6   | mul | auto   | 2       |
|   mul_32s_32s_32_3_1_U9    | 3   |        | mul_ln13_7   | mul | auto   | 2       |
|   xf_V_3_fu_979_p2         | -   |        | xf_V_3       | sub | fabric | 0       |
|   add_ln19_3_fu_1071_p2    | -   |        | add_ln19_3   | add | fabric | 0       |
|   X1_3_d0                  | -   |        | sub_ln19_3   | sub | fabric | 0       |
|   sub_ln20_3_fu_1076_p2    | -   |        | sub_ln20_3   | sub | fabric | 0       |
|   mul_32s_32s_32_3_1_U10   | 3   |        | mul_ln13_8   | mul | auto   | 2       |
|   mul_32s_32s_32_3_1_U11   | 3   |        | mul_ln13_9   | mul | auto   | 2       |
|   xf_V_4_fu_990_p2         | -   |        | xf_V_4       | sub | fabric | 0       |
|   add_ln19_4_fu_1084_p2    | -   |        | add_ln19_4   | add | fabric | 0       |
|   X1_4_d0                  | -   |        | sub_ln19_4   | sub | fabric | 0       |
|   sub_ln20_4_fu_1089_p2    | -   |        | sub_ln20_4   | sub | fabric | 0       |
|   mul_32s_32s_32_3_1_U12   | 3   |        | mul_ln13_10  | mul | auto   | 2       |
|   mul_32s_32s_32_3_1_U13   | 3   |        | mul_ln13_11  | mul | auto   | 2       |
|   xf_V_5_fu_1001_p2        | -   |        | xf_V_5       | sub | fabric | 0       |
|   add_ln19_5_fu_1097_p2    | -   |        | add_ln19_5   | add | fabric | 0       |
|   X1_5_d0                  | -   |        | sub_ln19_5   | sub | fabric | 0       |
|   sub_ln20_5_fu_1102_p2    | -   |        | sub_ln20_5   | sub | fabric | 0       |
|   mul_32s_32s_32_3_1_U14   | 3   |        | mul_ln13_12  | mul | auto   | 2       |
|   mul_32s_32s_32_3_1_U15   | 3   |        | mul_ln13_13  | mul | auto   | 2       |
|   xf_V_6_fu_1012_p2        | -   |        | xf_V_6       | sub | fabric | 0       |
|   add_ln19_6_fu_1110_p2    | -   |        | add_ln19_6   | add | fabric | 0       |
|   X1_6_d0                  | -   |        | sub_ln19_6   | sub | fabric | 0       |
|   sub_ln20_6_fu_1115_p2    | -   |        | sub_ln20_6   | sub | fabric | 0       |
|   mul_32s_32s_32_3_1_U16   | 3   |        | mul_ln13_14  | mul | auto   | 2       |
|   mul_32s_32s_32_3_1_U17   | 3   |        | mul_ln13_15  | mul | auto   | 2       |
|   xf_V_7_fu_1023_p2        | -   |        | xf_V_7       | sub | fabric | 0       |
|   add_ln19_7_fu_1123_p2    | -   |        | add_ln19_7   | add | fabric | 0       |
|   X1_7_d0                  | -   |        | sub_ln19_7   | sub | fabric | 0       |
|   sub_ln20_7_fu_1128_p2    | -   |        | sub_ln20_7   | sub | fabric | 0       |
|   add_ln8_fu_866_p2        | -   |        | add_ln8      | add | fabric | 0       |
|  + sqrt_fixed_32_32_s      | 0   |        |              |     |        |         |
|    add_ln219_fu_246_p2     | -   |        | add_ln219    | add | fabric | 0       |
|    sub_ln219_fu_318_p2     | -   |        | sub_ln219    | sub | fabric | 0       |
|    sub_ln219_1_fu_398_p2   | -   |        | sub_ln219_1  | sub | fabric | 0       |
|    sub_ln219_2_fu_475_p2   | -   |        | sub_ln219_2  | sub | fabric | 0       |
|    sub_ln219_3_fu_555_p2   | -   |        | sub_ln219_3  | sub | fabric | 0       |
|    sub_ln219_4_fu_632_p2   | -   |        | sub_ln219_4  | sub | fabric | 0       |
|    sub_ln219_5_fu_712_p2   | -   |        | sub_ln219_5  | sub | fabric | 0       |
|    sub_ln219_6_fu_789_p2   | -   |        | sub_ln219_6  | sub | fabric | 0       |
|    sub_ln219_7_fu_864_p2   | -   |        | sub_ln219_7  | sub | fabric | 0       |
|    sub_ln219_8_fu_944_p2   | -   |        | sub_ln219_8  | sub | fabric | 0       |
|    sub_ln219_9_fu_1021_p2  | -   |        | sub_ln219_9  | sub | fabric | 0       |
|    sub_ln219_10_fu_1096_p2 | -   |        | sub_ln219_10 | sub | fabric | 0       |
|    sub_ln219_11_fu_1176_p2 | -   |        | sub_ln219_11 | sub | fabric | 0       |
|    sub_ln219_12_fu_1253_p2 | -   |        | sub_ln219_12 | sub | fabric | 0       |
|    sub_ln219_13_fu_1328_p2 | -   |        | sub_ln219_13 | sub | fabric | 0       |
|    sub_ln219_14_fu_1387_p2 | -   |        | sub_ln219_14 | sub | fabric | 0       |
|    res_I_V_30_fu_1449_p2   | -   |        | res_I_V_30   | add | fabric | 0       |
|  + sqrt_fixed_32_32_s      | 0   |        |              |     |        |         |
|    add_ln219_fu_246_p2     | -   |        | add_ln219    | add | fabric | 0       |
|    sub_ln219_fu_318_p2     | -   |        | sub_ln219    | sub | fabric | 0       |
|    sub_ln219_1_fu_398_p2   | -   |        | sub_ln219_1  | sub | fabric | 0       |
|    sub_ln219_2_fu_475_p2   | -   |        | sub_ln219_2  | sub | fabric | 0       |
|    sub_ln219_3_fu_555_p2   | -   |        | sub_ln219_3  | sub | fabric | 0       |
|    sub_ln219_4_fu_632_p2   | -   |        | sub_ln219_4  | sub | fabric | 0       |
|    sub_ln219_5_fu_712_p2   | -   |        | sub_ln219_5  | sub | fabric | 0       |
|    sub_ln219_6_fu_789_p2   | -   |        | sub_ln219_6  | sub | fabric | 0       |
|    sub_ln219_7_fu_864_p2   | -   |        | sub_ln219_7  | sub | fabric | 0       |
|    sub_ln219_8_fu_944_p2   | -   |        | sub_ln219_8  | sub | fabric | 0       |
|    sub_ln219_9_fu_1021_p2  | -   |        | sub_ln219_9  | sub | fabric | 0       |
|    sub_ln219_10_fu_1096_p2 | -   |        | sub_ln219_10 | sub | fabric | 0       |
|    sub_ln219_11_fu_1176_p2 | -   |        | sub_ln219_11 | sub | fabric | 0       |
|    sub_ln219_12_fu_1253_p2 | -   |        | sub_ln219_12 | sub | fabric | 0       |
|    sub_ln219_13_fu_1328_p2 | -   |        | sub_ln219_13 | sub | fabric | 0       |
|    sub_ln219_14_fu_1387_p2 | -   |        | sub_ln219_14 | sub | fabric | 0       |
|    res_I_V_30_fu_1449_p2   | -   |        | res_I_V_30   | add | fabric | 0       |
|  + sqrt_fixed_32_32_s      | 0   |        |              |     |        |         |
|    add_ln219_fu_246_p2     | -   |        | add_ln219    | add | fabric | 0       |
|    sub_ln219_fu_318_p2     | -   |        | sub_ln219    | sub | fabric | 0       |
|    sub_ln219_1_fu_398_p2   | -   |        | sub_ln219_1  | sub | fabric | 0       |
|    sub_ln219_2_fu_475_p2   | -   |        | sub_ln219_2  | sub | fabric | 0       |
|    sub_ln219_3_fu_555_p2   | -   |        | sub_ln219_3  | sub | fabric | 0       |
|    sub_ln219_4_fu_632_p2   | -   |        | sub_ln219_4  | sub | fabric | 0       |
|    sub_ln219_5_fu_712_p2   | -   |        | sub_ln219_5  | sub | fabric | 0       |
|    sub_ln219_6_fu_789_p2   | -   |        | sub_ln219_6  | sub | fabric | 0       |
|    sub_ln219_7_fu_864_p2   | -   |        | sub_ln219_7  | sub | fabric | 0       |
|    sub_ln219_8_fu_944_p2   | -   |        | sub_ln219_8  | sub | fabric | 0       |
|    sub_ln219_9_fu_1021_p2  | -   |        | sub_ln219_9  | sub | fabric | 0       |
|    sub_ln219_10_fu_1096_p2 | -   |        | sub_ln219_10 | sub | fabric | 0       |
|    sub_ln219_11_fu_1176_p2 | -   |        | sub_ln219_11 | sub | fabric | 0       |
|    sub_ln219_12_fu_1253_p2 | -   |        | sub_ln219_12 | sub | fabric | 0       |
|    sub_ln219_13_fu_1328_p2 | -   |        | sub_ln219_13 | sub | fabric | 0       |
|    sub_ln219_14_fu_1387_p2 | -   |        | sub_ln219_14 | sub | fabric | 0       |
|    res_I_V_30_fu_1449_p2   | -   |        | res_I_V_30   | add | fabric | 0       |
|  + sqrt_fixed_32_32_s      | 0   |        |              |     |        |         |
|    add_ln219_fu_246_p2     | -   |        | add_ln219    | add | fabric | 0       |
|    sub_ln219_fu_318_p2     | -   |        | sub_ln219    | sub | fabric | 0       |
|    sub_ln219_1_fu_398_p2   | -   |        | sub_ln219_1  | sub | fabric | 0       |
|    sub_ln219_2_fu_475_p2   | -   |        | sub_ln219_2  | sub | fabric | 0       |
|    sub_ln219_3_fu_555_p2   | -   |        | sub_ln219_3  | sub | fabric | 0       |
|    sub_ln219_4_fu_632_p2   | -   |        | sub_ln219_4  | sub | fabric | 0       |
|    sub_ln219_5_fu_712_p2   | -   |        | sub_ln219_5  | sub | fabric | 0       |
|    sub_ln219_6_fu_789_p2   | -   |        | sub_ln219_6  | sub | fabric | 0       |
|    sub_ln219_7_fu_864_p2   | -   |        | sub_ln219_7  | sub | fabric | 0       |
|    sub_ln219_8_fu_944_p2   | -   |        | sub_ln219_8  | sub | fabric | 0       |
|    sub_ln219_9_fu_1021_p2  | -   |        | sub_ln219_9  | sub | fabric | 0       |
|    sub_ln219_10_fu_1096_p2 | -   |        | sub_ln219_10 | sub | fabric | 0       |
|    sub_ln219_11_fu_1176_p2 | -   |        | sub_ln219_11 | sub | fabric | 0       |
|    sub_ln219_12_fu_1253_p2 | -   |        | sub_ln219_12 | sub | fabric | 0       |
|    sub_ln219_13_fu_1328_p2 | -   |        | sub_ln219_13 | sub | fabric | 0       |
|    sub_ln219_14_fu_1387_p2 | -   |        | sub_ln219_14 | sub | fabric | 0       |
|    res_I_V_30_fu_1449_p2   | -   |        | res_I_V_30   | add | fabric | 0       |
|  + sqrt_fixed_32_32_s      | 0   |        |              |     |        |         |
|    add_ln219_fu_246_p2     | -   |        | add_ln219    | add | fabric | 0       |
|    sub_ln219_fu_318_p2     | -   |        | sub_ln219    | sub | fabric | 0       |
|    sub_ln219_1_fu_398_p2   | -   |        | sub_ln219_1  | sub | fabric | 0       |
|    sub_ln219_2_fu_475_p2   | -   |        | sub_ln219_2  | sub | fabric | 0       |
|    sub_ln219_3_fu_555_p2   | -   |        | sub_ln219_3  | sub | fabric | 0       |
|    sub_ln219_4_fu_632_p2   | -   |        | sub_ln219_4  | sub | fabric | 0       |
|    sub_ln219_5_fu_712_p2   | -   |        | sub_ln219_5  | sub | fabric | 0       |
|    sub_ln219_6_fu_789_p2   | -   |        | sub_ln219_6  | sub | fabric | 0       |
|    sub_ln219_7_fu_864_p2   | -   |        | sub_ln219_7  | sub | fabric | 0       |
|    sub_ln219_8_fu_944_p2   | -   |        | sub_ln219_8  | sub | fabric | 0       |
|    sub_ln219_9_fu_1021_p2  | -   |        | sub_ln219_9  | sub | fabric | 0       |
|    sub_ln219_10_fu_1096_p2 | -   |        | sub_ln219_10 | sub | fabric | 0       |
|    sub_ln219_11_fu_1176_p2 | -   |        | sub_ln219_11 | sub | fabric | 0       |
|    sub_ln219_12_fu_1253_p2 | -   |        | sub_ln219_12 | sub | fabric | 0       |
|    sub_ln219_13_fu_1328_p2 | -   |        | sub_ln219_13 | sub | fabric | 0       |
|    sub_ln219_14_fu_1387_p2 | -   |        | sub_ln219_14 | sub | fabric | 0       |
|    res_I_V_30_fu_1449_p2   | -   |        | res_I_V_30   | add | fabric | 0       |
|  + sqrt_fixed_32_32_s      | 0   |        |              |     |        |         |
|    add_ln219_fu_246_p2     | -   |        | add_ln219    | add | fabric | 0       |
|    sub_ln219_fu_318_p2     | -   |        | sub_ln219    | sub | fabric | 0       |
|    sub_ln219_1_fu_398_p2   | -   |        | sub_ln219_1  | sub | fabric | 0       |
|    sub_ln219_2_fu_475_p2   | -   |        | sub_ln219_2  | sub | fabric | 0       |
|    sub_ln219_3_fu_555_p2   | -   |        | sub_ln219_3  | sub | fabric | 0       |
|    sub_ln219_4_fu_632_p2   | -   |        | sub_ln219_4  | sub | fabric | 0       |
|    sub_ln219_5_fu_712_p2   | -   |        | sub_ln219_5  | sub | fabric | 0       |
|    sub_ln219_6_fu_789_p2   | -   |        | sub_ln219_6  | sub | fabric | 0       |
|    sub_ln219_7_fu_864_p2   | -   |        | sub_ln219_7  | sub | fabric | 0       |
|    sub_ln219_8_fu_944_p2   | -   |        | sub_ln219_8  | sub | fabric | 0       |
|    sub_ln219_9_fu_1021_p2  | -   |        | sub_ln219_9  | sub | fabric | 0       |
|    sub_ln219_10_fu_1096_p2 | -   |        | sub_ln219_10 | sub | fabric | 0       |
|    sub_ln219_11_fu_1176_p2 | -   |        | sub_ln219_11 | sub | fabric | 0       |
|    sub_ln219_12_fu_1253_p2 | -   |        | sub_ln219_12 | sub | fabric | 0       |
|    sub_ln219_13_fu_1328_p2 | -   |        | sub_ln219_13 | sub | fabric | 0       |
|    sub_ln219_14_fu_1387_p2 | -   |        | sub_ln219_14 | sub | fabric | 0       |
|    res_I_V_30_fu_1449_p2   | -   |        | res_I_V_30   | add | fabric | 0       |
|  + sqrt_fixed_32_32_s      | 0   |        |              |     |        |         |
|    add_ln219_fu_246_p2     | -   |        | add_ln219    | add | fabric | 0       |
|    sub_ln219_fu_318_p2     | -   |        | sub_ln219    | sub | fabric | 0       |
|    sub_ln219_1_fu_398_p2   | -   |        | sub_ln219_1  | sub | fabric | 0       |
|    sub_ln219_2_fu_475_p2   | -   |        | sub_ln219_2  | sub | fabric | 0       |
|    sub_ln219_3_fu_555_p2   | -   |        | sub_ln219_3  | sub | fabric | 0       |
|    sub_ln219_4_fu_632_p2   | -   |        | sub_ln219_4  | sub | fabric | 0       |
|    sub_ln219_5_fu_712_p2   | -   |        | sub_ln219_5  | sub | fabric | 0       |
|    sub_ln219_6_fu_789_p2   | -   |        | sub_ln219_6  | sub | fabric | 0       |
|    sub_ln219_7_fu_864_p2   | -   |        | sub_ln219_7  | sub | fabric | 0       |
|    sub_ln219_8_fu_944_p2   | -   |        | sub_ln219_8  | sub | fabric | 0       |
|    sub_ln219_9_fu_1021_p2  | -   |        | sub_ln219_9  | sub | fabric | 0       |
|    sub_ln219_10_fu_1096_p2 | -   |        | sub_ln219_10 | sub | fabric | 0       |
|    sub_ln219_11_fu_1176_p2 | -   |        | sub_ln219_11 | sub | fabric | 0       |
|    sub_ln219_12_fu_1253_p2 | -   |        | sub_ln219_12 | sub | fabric | 0       |
|    sub_ln219_13_fu_1328_p2 | -   |        | sub_ln219_13 | sub | fabric | 0       |
|    sub_ln219_14_fu_1387_p2 | -   |        | sub_ln219_14 | sub | fabric | 0       |
|    res_I_V_30_fu_1449_p2   | -   |        | res_I_V_30   | add | fabric | 0       |
|  + sqrt_fixed_32_32_s      | 0   |        |              |     |        |         |
|    add_ln219_fu_246_p2     | -   |        | add_ln219    | add | fabric | 0       |
|    sub_ln219_fu_318_p2     | -   |        | sub_ln219    | sub | fabric | 0       |
|    sub_ln219_1_fu_398_p2   | -   |        | sub_ln219_1  | sub | fabric | 0       |
|    sub_ln219_2_fu_475_p2   | -   |        | sub_ln219_2  | sub | fabric | 0       |
|    sub_ln219_3_fu_555_p2   | -   |        | sub_ln219_3  | sub | fabric | 0       |
|    sub_ln219_4_fu_632_p2   | -   |        | sub_ln219_4  | sub | fabric | 0       |
|    sub_ln219_5_fu_712_p2   | -   |        | sub_ln219_5  | sub | fabric | 0       |
|    sub_ln219_6_fu_789_p2   | -   |        | sub_ln219_6  | sub | fabric | 0       |
|    sub_ln219_7_fu_864_p2   | -   |        | sub_ln219_7  | sub | fabric | 0       |
|    sub_ln219_8_fu_944_p2   | -   |        | sub_ln219_8  | sub | fabric | 0       |
|    sub_ln219_9_fu_1021_p2  | -   |        | sub_ln219_9  | sub | fabric | 0       |
|    sub_ln219_10_fu_1096_p2 | -   |        | sub_ln219_10 | sub | fabric | 0       |
|    sub_ln219_11_fu_1176_p2 | -   |        | sub_ln219_11 | sub | fabric | 0       |
|    sub_ln219_12_fu_1253_p2 | -   |        | sub_ln219_12 | sub | fabric | 0       |
|    sub_ln219_13_fu_1328_p2 | -   |        | sub_ln219_13 | sub | fabric | 0       |
|    sub_ln219_14_fu_1387_p2 | -   |        | sub_ln219_14 | sub | fabric | 0       |
|    res_I_V_30_fu_1449_p2   | -   |        | res_I_V_30   | add | fabric | 0       |
+----------------------------+-----+--------+--------------+-----+--------+---------+


================================================================
== Bind Storage Report
================================================================
  No bind storage info in design

================================================================
== User Pragma Report
================================================================
* Valid Pragma Syntax
+-----------------+-----------------------------------+---------------------------+
| Type            | Options                           | Location                  |
+-----------------+-----------------------------------+---------------------------+
| array_partition | variable=A cyclic factor=8 dim=1  | DIRECTIVE in kp_502_7, A  |
| array_partition | variable=B cyclic factor=8 dim=1  | DIRECTIVE in kp_502_7, B  |
| array_partition | variable=C cyclic factor=8 dim=1  | DIRECTIVE in kp_502_7, C  |
| array_partition | variable=D cyclic factor=8 dim=1  | DIRECTIVE in kp_502_7, D  |
| array_partition | variable=X1 cyclic factor=8 dim=1 | DIRECTIVE in kp_502_7, X1 |
| array_partition | variable=X2 cyclic factor=8 dim=1 | DIRECTIVE in kp_502_7, X2 |
| pipeline        |                                   | DIRECTIVE in kp_502_7     |
| unroll          | factor=8                          | DIRECTIVE in kp_502_7     |
+-----------------+-----------------------------------+---------------------------+


