

================================================================
== Vitis HLS Report for 'kp_502_7'
================================================================
* Date:           Mon Feb 19 20:29:29 2024

* Version:        2021.2 (Build 3367213 on Tue Oct 19 02:48:09 MDT 2021)
* Project:        kp_502_7
* Solution:       sol2 (Vivado IP Flow Target)
* Product family: artix7
* Target device:  xc7a200t-sbv484-2


================================================================
== Performance Estimates
================================================================
+ Timing: 
    * Summary: 
    +------+----------+-----------+------------+
    | Clock|  Target  | Estimated | Uncertainty|
    +------+----------+-----------+------------+
    |clk   |  14.00 ns|  12.766 ns|     1.00 ns|
    +------+----------+-----------+------------+

+ Latency: 
    * Summary: 
    +---------+---------+----------+----------+-----+-----+---------+
    |  Latency (cycles) |  Latency (absolute) |  Interval | Pipeline|
    |   min   |   max   |    min   |    max   | min | max |   Type  |
    +---------+---------+----------+----------+-----+-----+---------+
    |      133|      485|  1.862 us|  6.790 us|  134|  486|       no|
    +---------+---------+----------+----------+-----+-----+---------+

    + Detail: 
        * Instance: 
        N/A

        * Loop: 
        +----------+---------+---------+----------+-----------+-----------+------+----------+
        |          |  Latency (cycles) | Iteration|  Initiation Interval  | Trip |          |
        | Loop Name|   min   |   max   |  Latency |  achieved |   target  | Count| Pipelined|
        +----------+---------+---------+----------+-----------+-----------+------+----------+
        |- Loop    |      132|      484|  33 ~ 121|          -|          -|     4|        no|
        +----------+---------+---------+----------+-----------+-----------+------+----------+



================================================================
== Utilization Estimates
================================================================
* Summary: 
+-----------------+---------+-----+--------+--------+-----+
|       Name      | BRAM_18K| DSP |   FF   |   LUT  | URAM|
+-----------------+---------+-----+--------+--------+-----+
|DSP              |        -|    -|       -|       -|    -|
|Expression       |        -|    -|       0|     159|    -|
|FIFO             |        -|    -|       -|       -|    -|
|Instance         |        -|   28|    1416|    1928|    -|
|Memory           |        -|    -|       -|       -|    -|
|Multiplexer      |        -|    -|       -|    1168|    -|
|Register         |        -|    -|    1408|       -|    -|
+-----------------+---------+-----+--------+--------+-----+
|Total            |        0|   28|    2824|    3255|    0|
+-----------------+---------+-----+--------+--------+-----+
|Available        |      730|  740|  269200|  134600|    0|
+-----------------+---------+-----+--------+--------+-----+
|Utilization (%)  |        0|    3|       1|       2|    0|
+-----------------+---------+-----+--------+--------+-----+

+ Detail: 
    * Instance: 
    +-----------------------------------+--------------------------------+---------+----+-----+-----+-----+
    |              Instance             |             Module             | BRAM_18K| DSP|  FF | LUT | URAM|
    +-----------------------------------+--------------------------------+---------+----+-----+-----+-----+
    |dcmp_64ns_64ns_1_2_no_dsp_1_U7     |dcmp_64ns_64ns_1_2_no_dsp_1     |        0|   0|    0|    0|    0|
    |ddiv_64ns_64ns_64_21_no_dsp_1_U5   |ddiv_64ns_64ns_64_21_no_dsp_1   |        0|   0|    0|    0|    0|
    |ddiv_64ns_64ns_64_21_no_dsp_1_U6   |ddiv_64ns_64ns_64_21_no_dsp_1   |        0|   0|    0|    0|    0|
    |dmul_64ns_64ns_64_4_max_dsp_1_U3   |dmul_64ns_64ns_64_4_max_dsp_1   |        0|  11|  275|  192|    0|
    |dmul_64ns_64ns_64_4_max_dsp_1_U4   |dmul_64ns_64ns_64_4_max_dsp_1   |        0|  11|  275|  192|    0|
    |dsqrt_64ns_64ns_64_17_no_dsp_1_U8  |dsqrt_64ns_64ns_64_17_no_dsp_1  |        0|   0|    0|    0|    0|
    |dsub_64ns_64ns_64_4_full_dsp_1_U1  |dsub_64ns_64ns_64_4_full_dsp_1  |        0|   3|  433|  772|    0|
    |dsub_64ns_64ns_64_4_full_dsp_1_U2  |dsub_64ns_64ns_64_4_full_dsp_1  |        0|   3|  433|  772|    0|
    +-----------------------------------+--------------------------------+---------+----+-----+-----+-----+
    |Total                              |                                |        0|  28| 1416| 1928|    0|
    +-----------------------------------+--------------------------------+---------+----+-----+-----+-----+

    * DSP: 
    N/A

    * Memory: 
    N/A

    * FIFO: 
    N/A

    * Expression: 
    +-----------------------+----------+----+---+----+------------+------------+
    |     Variable Name     | Operation| DSP| FF| LUT| Bitwidth P0| Bitwidth P1|
    +-----------------------+----------+----+---+----+------------+------------+
    |add_ln8_fu_470_p2      |         +|   0|  0|  13|           4|           2|
    |grp_fu_236_p2          |       and|   0|  0|   2|           1|           1|
    |grp_fu_241_p2          |       and|   0|  0|   2|           1|           1|
    |icmp_ln16_1_fu_361_p2  |      icmp|   0|  0|  24|          52|           1|
    |icmp_ln16_2_fu_440_p2  |      icmp|   0|  0|  11|          11|           2|
    |icmp_ln16_3_fu_446_p2  |      icmp|   0|  0|  24|          52|           1|
    |icmp_ln16_fu_355_p2    |      icmp|   0|  0|  11|          11|           2|
    |or_ln16_1_fu_452_p2    |        or|   0|  0|   2|           1|           1|
    |or_ln16_fu_367_p2      |        or|   0|  0|   2|           1|           1|
    |or_ln8_fu_388_p2       |        or|   0|  0|   3|           3|           1|
    |grp_fu_293_p2          |       xor|   0|  0|  65|          64|          65|
    +-----------------------+----------+----+---+----+------------+------------+
    |Total                  |          |   0|  0| 159|         201|          78|
    +-----------------------+----------+----+---+----+------------+------------+

    * Multiplexer: 
    +-------------------+-----+-----------+-----+-----------+
    |        Name       | LUT | Input Size| Bits| Total Bits|
    +-------------------+-----+-----------+-----+-----------+
    |A_address0         |   13|          3|    3|          9|
    |B_address0         |   13|          3|    3|          9|
    |C_address0         |   13|          3|    3|          9|
    |D_address0         |   13|          3|    3|          9|
    |D_d0               |   13|          3|   64|        192|
    |X1_address0        |   13|          3|    3|          9|
    |X1_d0              |   25|          6|   64|        384|
    |X2_address0        |   13|          3|    3|          9|
    |X2_d0              |   25|          6|   64|        384|
    |ap_NS_fsm          |  882|        167|    1|        167|
    |grp_fu_200_p0      |   17|          4|   64|        256|
    |grp_fu_200_p1      |   13|          3|   64|        192|
    |grp_fu_204_p1      |   13|          3|   64|        192|
    |grp_fu_208_p0      |   29|          7|   64|        448|
    |grp_fu_208_p1      |   21|          5|   64|        320|
    |grp_fu_213_p1      |   13|          3|   64|        192|
    |grp_fu_218_p0      |   17|          4|   64|        256|
    |grp_fu_226_opcode  |   13|          3|    5|         15|
    |i_fu_72            |    9|          2|    4|          8|
    +-------------------+-----+-----------+-----+-----------+
    |Total              | 1168|        234|  668|       3060|
    +-------------------+-----+-----------+-----+-----------+

    * Register: 
    +------------------------+-----+----+-----+-----------+
    |          Name          |  FF | LUT| Bits| Const Bits|
    +------------------------+-----+----+-----+-----------+
    |X1_addr_1_reg_625       |    2|   0|    3|          1|
    |X1_addr_reg_545         |    3|   0|    3|          0|
    |X2_addr_1_reg_630       |    2|   0|    3|          1|
    |X2_addr_reg_550         |    3|   0|    3|          0|
    |and_ln16_1_reg_635      |    1|   0|    1|          0|
    |and_ln16_reg_555        |    1|   0|    1|          0|
    |and_ln21_1_reg_639      |    1|   0|    1|          0|
    |and_ln21_reg_559        |    1|   0|    1|          0|
    |ap_CS_fsm               |  166|   0|  166|          0|
    |bitcast_ln23_2_reg_563  |   64|   0|   64|          0|
    |bitcast_ln32_2_reg_643  |   64|   0|   64|          0|
    |div1_reg_569            |   64|   0|   64|          0|
    |div2_reg_574            |   64|   0|   64|          0|
    |div34_1_reg_649         |   64|   0|   64|          0|
    |div39_1_reg_654         |   64|   0|   64|          0|
    |i_fu_72                 |    4|   0|    4|          0|
    |or_ln16_1_reg_620       |    1|   0|    1|          0|
    |or_ln16_reg_540         |    1|   0|    1|          0|
    |reg_246                 |   64|   0|   64|          0|
    |reg_250                 |   64|   0|   64|          0|
    |reg_254                 |   64|   0|   64|          0|
    |reg_262                 |   64|   0|   64|          0|
    |reg_266                 |   64|   0|   64|          0|
    |reg_271                 |   64|   0|   64|          0|
    |reg_278                 |   64|   0|   64|          0|
    |reg_284                 |   64|   0|   64|          0|
    |reg_289                 |   64|   0|   64|          0|
    |temp_A_1_reg_593        |   64|   0|   64|          0|
    |temp_A_reg_513          |   64|   0|   64|          0|
    |temp_B_1_reg_608        |   64|   0|   64|          0|
    |temp_B_reg_528          |   64|   0|   64|          0|
    |zext_ln8_reg_496        |    4|   0|   64|         60|
    |zext_ln9_reg_579        |    2|   0|   64|         62|
    +------------------------+-----+----+-----+-----------+
    |Total                   | 1408|   0| 1532|        124|
    +------------------------+-----+----+-----+-----------+



================================================================
== Interface
================================================================
* Summary: 
+-------------------+-----+-----+------------+--------------+--------------+
|     RTL Ports     | Dir | Bits|  Protocol  | Source Object|    C Type    |
+-------------------+-----+-----+------------+--------------+--------------+
|ap_local_block     |  out|    1|  ap_ctrl_hs|      kp_502_7|  return value|
|ap_local_deadlock  |  out|    1|  ap_ctrl_hs|      kp_502_7|  return value|
|ap_clk             |   in|    1|  ap_ctrl_hs|      kp_502_7|  return value|
|ap_rst             |   in|    1|  ap_ctrl_hs|      kp_502_7|  return value|
|ap_start           |   in|    1|  ap_ctrl_hs|      kp_502_7|  return value|
|ap_done            |  out|    1|  ap_ctrl_hs|      kp_502_7|  return value|
|ap_idle            |  out|    1|  ap_ctrl_hs|      kp_502_7|  return value|
|ap_ready           |  out|    1|  ap_ctrl_hs|      kp_502_7|  return value|
|A_address0         |  out|    3|   ap_memory|             A|         array|
|A_ce0              |  out|    1|   ap_memory|             A|         array|
|A_q0               |   in|   64|   ap_memory|             A|         array|
|B_address0         |  out|    3|   ap_memory|             B|         array|
|B_ce0              |  out|    1|   ap_memory|             B|         array|
|B_q0               |   in|   64|   ap_memory|             B|         array|
|C_address0         |  out|    3|   ap_memory|             C|         array|
|C_ce0              |  out|    1|   ap_memory|             C|         array|
|C_q0               |   in|   64|   ap_memory|             C|         array|
|X1_address0        |  out|    3|   ap_memory|            X1|         array|
|X1_ce0             |  out|    1|   ap_memory|            X1|         array|
|X1_we0             |  out|    1|   ap_memory|            X1|         array|
|X1_d0              |  out|   64|   ap_memory|            X1|         array|
|X2_address0        |  out|    3|   ap_memory|            X2|         array|
|X2_ce0             |  out|    1|   ap_memory|            X2|         array|
|X2_we0             |  out|    1|   ap_memory|            X2|         array|
|X2_d0              |  out|   64|   ap_memory|            X2|         array|
|D_address0         |  out|    3|   ap_memory|             D|         array|
|D_ce0              |  out|    1|   ap_memory|             D|         array|
|D_we0              |  out|    1|   ap_memory|             D|         array|
|D_d0               |  out|   64|   ap_memory|             D|         array|
+-------------------+-----+-----+------------+--------------+--------------+

