

================================================================
== Vitis HLS Report for 'kp_502_7'
================================================================
* Date:           Sat Mar 23 17:42:22 2024

* Version:        2021.2 (Build 3367213 on Tue Oct 19 02:48:09 MDT 2021)
* Project:        kp_502_7
* Solution:       sol1_2 (Vivado IP Flow Target)
* Product family: artix7
* Target device:  xc7a200t-sbv484-2


================================================================
== Performance Estimates
================================================================
+ Timing: 
    * Summary: 
    +------+----------+-----------+------------+
    | Clock|  Target  | Estimated | Uncertainty|
    +------+----------+-----------+------------+
    |clk   |  14.00 ns|  12.968 ns|     1.00 ns|
    +------+----------+-----------+------------+

+ Latency: 
    * Summary: 
    +---------+---------+----------+----------+-----+-----+---------+
    |  Latency (cycles) |  Latency (absolute) |  Interval | Pipeline|
    |   min   |   max   |    min   |    max   | min | max |   Type  |
    +---------+---------+----------+----------+-----+-----+---------+
    |      345|      345|  4.830 us|  4.830 us|  346|  346|       no|
    +---------+---------+----------+----------+-----+-----+---------+

    + Detail: 
        * Instance: 
        +-------------------------------+--------------------+---------+---------+-----------+-----------+-----+-----+---------+
        |                               |                    |  Latency (cycles) |   Latency (absolute)  |  Interval | Pipeline|
        |            Instance           |       Module       |   min   |   max   |    min    |    max    | min | max |   Type  |
        +-------------------------------+--------------------+---------+---------+-----------+-----------+-----+-----+---------+
        |grp_sqrt_fixed_32_32_s_fu_132  |sqrt_fixed_32_32_s  |        3|        3|  42.000 ns|  42.000 ns|    1|    1|      yes|
        +-------------------------------+--------------------+---------+---------+-----------+-----------+-----+-----+---------+

        * Loop: 
        +----------+---------+---------+----------+-----------+-----------+------+----------+
        |          |  Latency (cycles) | Iteration|  Initiation Interval  | Trip |          |
        | Loop Name|   min   |   max   |  Latency |  achieved |   target  | Count| Pipelined|
        +----------+---------+---------+----------+-----------+-----------+------+----------+
        |- Loop    |      344|      344|        43|          -|          -|     8|        no|
        +----------+---------+---------+----------+-----------+-----------+------+----------+



================================================================
== Utilization Estimates
================================================================
* Summary: 
+-----------------+---------+-----+--------+--------+-----+
|       Name      | BRAM_18K| DSP |   FF   |   LUT  | URAM|
+-----------------+---------+-----+--------+--------+-----+
|DSP              |        -|    -|       -|       -|    -|
|Expression       |        -|    -|       0|     178|    -|
|FIFO             |        -|    -|       -|       -|    -|
|Instance         |        -|    6|    1107|    1903|    -|
|Memory           |        -|    -|       -|       -|    -|
|Multiplexer      |        -|    -|       -|     206|    -|
|Register         |        -|    -|     164|       -|    -|
+-----------------+---------+-----+--------+--------+-----+
|Total            |        0|    6|    1271|    2287|    0|
+-----------------+---------+-----+--------+--------+-----+
|Available        |      730|  740|  269200|  134600|    0|
+-----------------+---------+-----+--------+--------+-----+
|Utilization (%)  |        0|   ~0|      ~0|       1|    0|
+-----------------+---------+-----+--------+--------+-----+

+ Detail: 
    * Instance: 
    +-------------------------------+----------------------------+---------+----+-----+------+-----+
    |            Instance           |           Module           | BRAM_18K| DSP|  FF |  LUT | URAM|
    +-------------------------------+----------------------------+---------+----+-----+------+-----+
    |mul_32s_32s_32_1_1_U2          |mul_32s_32s_32_1_1          |        0|   3|    0|    21|    0|
    |mul_32s_32s_32_1_1_U3          |mul_32s_32s_32_1_1          |        0|   3|    0|    21|    0|
    |sdiv_32ns_32ns_32_36_seq_1_U4  |sdiv_32ns_32ns_32_36_seq_1  |        0|   0|  394|   238|    0|
    |sdiv_32ns_32ns_32_36_seq_1_U5  |sdiv_32ns_32ns_32_36_seq_1  |        0|   0|  394|   238|    0|
    |grp_sqrt_fixed_32_32_s_fu_132  |sqrt_fixed_32_32_s          |        0|   0|  319|  1385|    0|
    +-------------------------------+----------------------------+---------+----+-----+------+-----+
    |Total                          |                            |        0|   6| 1107|  1903|    0|
    +-------------------------------+----------------------------+---------+----+-----+------+-----+

    * DSP: 
    N/A

    * Memory: 
    N/A

    * FIFO: 
    N/A

    * Expression: 
    +--------------------+----------+----+---+----+------------+------------+
    |    Variable Name   | Operation| DSP| FF| LUT| Bitwidth P0| Bitwidth P1|
    +--------------------+----------+----+---+----+------------+------------+
    |add_ln8_fu_158_p2   |         +|   0|  0|  13|           4|           1|
    |grp_fu_207_p0       |         +|   0|  0|  39|          32|          32|
    |D_d0                |         -|   0|  0|  39|          32|          32|
    |X1_d0               |         -|   0|  0|  39|           1|          32|
    |grp_fu_218_p0       |         -|   0|  0|  39|          32|          32|
    |icmp_ln8_fu_152_p2  |      icmp|   0|  0|   9|           4|           5|
    +--------------------+----------+----+---+----+------------+------------+
    |Total               |          |   0|  0| 178|         105|         134|
    +--------------------+----------+----+---+----+------------+------------+

    * Multiplexer: 
    +-----------+-----+-----------+-----+-----------+
    |    Name   | LUT | Input Size| Bits| Total Bits|
    +-----------+-----+-----------+-----+-----------+
    |ap_NS_fsm  |  197|         45|    1|         45|
    |i_fu_50    |    9|          2|    4|          8|
    +-----------+-----+-----------+-----+-----------+
    |Total      |  206|         47|    5|         53|
    +-----------+-----+-----------+-----+-----------+

    * Register: 
    +------------------+----+----+-----+-----------+
    |       Name       | FF | LUT| Bits| Const Bits|
    +------------------+----+----+-----+-----------+
    |ap_CS_fsm         |  44|   0|   44|          0|
    |i_fu_50           |   4|   0|    4|          0|
    |p_Val2_s_reg_280  |  16|   0|   16|          0|
    |temp_A_reg_270    |  32|   0|   32|          0|
    |temp_B_reg_264    |  32|   0|   32|          0|
    |xf_V_reg_275      |  32|   0|   32|          0|
    |zext_ln8_reg_239  |   4|   0|   64|         60|
    +------------------+----+----+-----+-----------+
    |Total             | 164|   0|  224|         60|
    +------------------+----+----+-----+-----------+



================================================================
== Interface
================================================================
* Summary: 
+-------------------+-----+-----+------------+--------------+--------------+
|     RTL Ports     | Dir | Bits|  Protocol  | Source Object|    C Type    |
+-------------------+-----+-----+------------+--------------+--------------+
|ap_local_block     |  out|    1|  ap_ctrl_hs|      kp_502_7|  return value|
|ap_local_deadlock  |  out|    1|  ap_ctrl_hs|      kp_502_7|  return value|
|ap_clk             |   in|    1|  ap_ctrl_hs|      kp_502_7|  return value|
|ap_rst             |   in|    1|  ap_ctrl_hs|      kp_502_7|  return value|
|ap_start           |   in|    1|  ap_ctrl_hs|      kp_502_7|  return value|
|ap_done            |  out|    1|  ap_ctrl_hs|      kp_502_7|  return value|
|ap_idle            |  out|    1|  ap_ctrl_hs|      kp_502_7|  return value|
|ap_ready           |  out|    1|  ap_ctrl_hs|      kp_502_7|  return value|
|A_address0         |  out|    3|   ap_memory|             A|         array|
|A_ce0              |  out|    1|   ap_memory|             A|         array|
|A_q0               |   in|   32|   ap_memory|             A|         array|
|B_address0         |  out|    3|   ap_memory|             B|         array|
|B_ce0              |  out|    1|   ap_memory|             B|         array|
|B_q0               |   in|   32|   ap_memory|             B|         array|
|C_address0         |  out|    3|   ap_memory|             C|         array|
|C_ce0              |  out|    1|   ap_memory|             C|         array|
|C_q0               |   in|   32|   ap_memory|             C|         array|
|X1_address0        |  out|    3|   ap_memory|            X1|         array|
|X1_ce0             |  out|    1|   ap_memory|            X1|         array|
|X1_we0             |  out|    1|   ap_memory|            X1|         array|
|X1_d0              |  out|   32|   ap_memory|            X1|         array|
|X2_address0        |  out|    3|   ap_memory|            X2|         array|
|X2_ce0             |  out|    1|   ap_memory|            X2|         array|
|X2_we0             |  out|    1|   ap_memory|            X2|         array|
|X2_d0              |  out|   32|   ap_memory|            X2|         array|
|D_address0         |  out|    3|   ap_memory|             D|         array|
|D_ce0              |  out|    1|   ap_memory|             D|         array|
|D_we0              |  out|    1|   ap_memory|             D|         array|
|D_d0               |  out|   32|   ap_memory|             D|         array|
+-------------------+-----+-----+------------+--------------+--------------+

