

================================================================
== Vitis HLS Report for 'sqrt_fixed_32_32_s'
================================================================
* Date:           Sat Mar 23 17:42:21 2024

* Version:        2021.2 (Build 3367213 on Tue Oct 19 02:48:09 MDT 2021)
* Project:        kp_502_7
* Solution:       sol1_2 (Vivado IP Flow Target)
* Product family: artix7
* Target device:  xc7a200t-sbv484-2


================================================================
== Performance Estimates
================================================================
+ Timing: 
    * Summary: 
    +------+----------+-----------+------------+
    | Clock|  Target  | Estimated | Uncertainty|
    +------+----------+-----------+------------+
    |clk   |  14.00 ns|  12.968 ns|     1.00 ns|
    +------+----------+-----------+------------+

+ Latency: 
    * Summary: 
    +---------+---------+-----------+-----------+-----+-----+---------+
    |  Latency (cycles) |   Latency (absolute)  |  Interval | Pipeline|
    |   min   |   max   |    min    |    max    | min | max |   Type  |
    +---------+---------+-----------+-----------+-----+-----+---------+
    |        3|        3|  42.000 ns|  42.000 ns|    1|    1|      yes|
    +---------+---------+-----------+-----------+-----+-----+---------+

    + Detail: 
        * Instance: 
        N/A

        * Loop: 
        N/A



================================================================
== Utilization Estimates
================================================================
* Summary: 
+-----------------+---------+-----+--------+--------+-----+
|       Name      | BRAM_18K| DSP |   FF   |   LUT  | URAM|
+-----------------+---------+-----+--------+--------+-----+
|DSP              |        -|    -|       -|       -|    -|
|Expression       |        -|    -|       0|    1353|    -|
|FIFO             |        -|    -|       -|       -|    -|
|Instance         |        -|    -|       -|       -|    -|
|Memory           |        -|    -|       -|       -|    -|
|Multiplexer      |        -|    -|       -|       -|    -|
|Register         |        -|    -|     319|      32|    -|
+-----------------+---------+-----+--------+--------+-----+
|Total            |        0|    0|     319|    1385|    0|
+-----------------+---------+-----+--------+--------+-----+
|Available        |      730|  740|  269200|  134600|    0|
+-----------------+---------+-----+--------+--------+-----+
|Utilization (%)  |        0|    0|      ~0|       1|    0|
+-----------------+---------+-----+--------+--------+-----+

+ Detail: 
    * Instance: 
    N/A

    * DSP: 
    N/A

    * Memory: 
    N/A

    * FIFO: 
    N/A

    * Expression: 
    +--------------------------+----------+----+---+----+------------+------------+
    |       Variable Name      | Operation| DSP| FF| LUT| Bitwidth P0| Bitwidth P1|
    +--------------------------+----------+----+---+----+------------+------------+
    |add_ln219_fu_246_p2       |         +|   0|  0|  11|           3|           2|
    |res_I_V_30_fu_1498_p2     |         +|   0|  0|  23|          16|           1|
    |sub_ln219_10_fu_1124_p2   |         -|   0|  0|  21|          14|          14|
    |sub_ln219_11_fu_1206_p2   |         -|   0|  0|  22|          15|          15|
    |sub_ln219_12_fu_1288_p2   |         -|   0|  0|  23|          16|          16|
    |sub_ln219_13_fu_1370_p2   |         -|   0|  0|  24|          17|          17|
    |sub_ln219_14_fu_1436_p2   |         -|   0|  0|  25|          18|          18|
    |sub_ln219_1_fu_400_p2     |         -|   0|  0|  13|           5|           5|
    |sub_ln219_2_fu_482_p2     |         -|   0|  0|  14|           6|           6|
    |sub_ln219_3_fu_564_p2     |         -|   0|  0|  14|           7|           7|
    |sub_ln219_4_fu_639_p2     |         -|   0|  0|  15|           8|           8|
    |sub_ln219_5_fu_721_p2     |         -|   0|  0|  16|           9|           9|
    |sub_ln219_6_fu_803_p2     |         -|   0|  0|  17|          10|          10|
    |sub_ln219_7_fu_885_p2     |         -|   0|  0|  18|          11|          11|
    |sub_ln219_8_fu_967_p2     |         -|   0|  0|  19|          12|          12|
    |sub_ln219_9_fu_1042_p2    |         -|   0|  0|  20|          13|          13|
    |sub_ln219_fu_318_p2       |         -|   0|  0|  13|           4|           4|
    |icmp_ln443_10_fu_1036_p2  |      icmp|   0|  0|  12|          13|          13|
    |icmp_ln443_11_fu_1118_p2  |      icmp|   0|  0|  12|          14|          14|
    |icmp_ln443_12_fu_1200_p2  |      icmp|   0|  0|  12|          15|          15|
    |icmp_ln443_13_fu_1282_p2  |      icmp|   0|  0|  13|          16|          16|
    |icmp_ln443_14_fu_1364_p2  |      icmp|   0|  0|  13|          17|          17|
    |icmp_ln443_15_fu_1430_p2  |      icmp|   0|  0|  13|          18|          18|
    |icmp_ln443_1_fu_312_p2    |      icmp|   0|  0|   9|           4|           4|
    |icmp_ln443_2_fu_394_p2    |      icmp|   0|  0|   9|           5|           5|
    |icmp_ln443_3_fu_476_p2    |      icmp|   0|  0|  10|           6|           6|
    |icmp_ln443_4_fu_558_p2    |      icmp|   0|  0|  10|           7|           7|
    |icmp_ln443_5_fu_633_p2    |      icmp|   0|  0|  11|           8|           8|
    |icmp_ln443_6_fu_715_p2    |      icmp|   0|  0|  11|           9|           9|
    |icmp_ln443_7_fu_797_p2    |      icmp|   0|  0|  11|          10|          10|
    |icmp_ln443_8_fu_879_p2    |      icmp|   0|  0|  11|          11|          11|
    |icmp_ln443_9_fu_961_p2    |      icmp|   0|  0|  12|          12|          12|
    |icmp_ln443_fu_236_p2      |      icmp|   0|  0|   8|           2|           1|
    |p_Result_48_fu_1492_p2    |      icmp|   0|  0|  19|          35|          35|
    |ap_return                 |    select|   0|  0|  16|           1|           1|
    |res_I_V_32_fu_272_p3      |    select|   0|  0|  17|           1|           1|
    |res_I_V_33_fu_354_p3      |    select|   0|  0|  16|           1|          16|
    |res_I_V_34_fu_436_p3      |    select|   0|  0|  16|           1|          16|
    |res_I_V_35_fu_518_p3      |    select|   0|  0|  16|           1|          16|
    |res_I_V_36_fu_595_p3      |    select|   0|  0|  16|           1|          16|
    |res_I_V_37_fu_675_p3      |    select|   0|  0|  16|           1|          16|
    |res_I_V_38_fu_757_p3      |    select|   0|  0|  16|           1|          16|
    |res_I_V_39_fu_921_p3      |    select|   0|  0|  16|           1|          16|
    |res_I_V_40_fu_998_p3      |    select|   0|  0|  16|           1|          16|
    |res_I_V_41_fu_1078_p3     |    select|   0|  0|  16|           1|          16|
    |res_I_V_42_fu_1160_p3     |    select|   0|  0|  16|           1|          16|
    |res_I_V_43_fu_1242_p3     |    select|   0|  0|  16|           1|          16|
    |res_I_V_44_fu_1326_p3     |    select|   0|  0|  16|           1|          16|
    |res_I_V_45_fu_1406_p3     |    select|   0|  0|  16|           1|          16|
    |res_I_V_46_fu_1472_p3     |    select|   0|  0|  16|           1|          16|
    |res_I_V_47_fu_1504_p3     |    select|   0|  0|  16|           1|          16|
    |res_I_V_fu_839_p3         |    select|   0|  0|  16|           1|          16|
    |x_l_I_V_31_fu_264_p3      |    select|   0|  0|  35|           1|          35|
    |x_l_I_V_32_fu_346_p3      |    select|   0|  0|  35|           1|          35|
    |x_l_I_V_33_fu_428_p3      |    select|   0|  0|  35|           1|          35|
    |x_l_I_V_34_fu_510_p3      |    select|   0|  0|  35|           1|          35|
    |x_l_I_V_35_fu_589_p3      |    select|   0|  0|  35|           1|          35|
    |x_l_I_V_36_fu_667_p3      |    select|   0|  0|  35|           1|          35|
    |x_l_I_V_37_fu_831_p3      |    select|   0|  0|  35|           1|          35|
    |x_l_I_V_38_fu_913_p3      |    select|   0|  0|  35|           1|          35|
    |x_l_I_V_39_fu_992_p3      |    select|   0|  0|  35|           1|          35|
    |x_l_I_V_40_fu_1070_p3     |    select|   0|  0|  35|           1|          35|
    |x_l_I_V_41_fu_1152_p3     |    select|   0|  0|  35|           1|          35|
    |x_l_I_V_42_fu_1234_p3     |    select|   0|  0|  35|           1|          35|
    |x_l_I_V_43_fu_1320_p3     |    select|   0|  0|  35|           1|          35|
    |x_l_I_V_44_fu_1398_p3     |    select|   0|  0|  35|           1|          35|
    |x_l_I_V_45_fu_1464_p3     |    select|   0|  0|  35|           1|          35|
    |x_l_I_V_fu_749_p3         |    select|   0|  0|  35|           1|          35|
    +--------------------------+----------+----+---+----+------------+------------+
    |Total                     |          |   0|  0|1353|         420|        1187|
    +--------------------------+----------+----+---+----+------------+------------+

    * Multiplexer: 
    N/A

    * Register: 
    +------------------------+----+----+-----+-----------+
    |          Name          | FF | LUT| Bits| Const Bits|
    +------------------------+----+----+-----+-----------+
    |icmp_ln443_13_reg_1583  |   1|   0|    1|          0|
    |icmp_ln443_4_reg_1537   |   1|   0|    1|          0|
    |icmp_ln443_9_reg_1560   |   1|   0|    1|          0|
    |res_I_V_35_reg_1531     |  16|   0|   16|          0|
    |res_I_V_39_reg_1554     |  16|   0|   16|          0|
    |res_I_V_43_reg_1577     |  16|   0|   16|          0|
    |sub_ln219_12_reg_1589   |  16|   0|   16|          0|
    |sub_ln219_3_reg_1543    |   7|   0|    7|          0|
    |sub_ln219_8_reg_1566    |  12|   0|   12|          0|
    |x_int_reg               |  32|   0|   32|          0|
    |x_l_I_V_34_reg_1525     |  35|   0|   35|          0|
    |x_l_I_V_38_reg_1548     |  35|   0|   35|          0|
    |x_l_I_V_42_reg_1571     |  35|   0|   35|          0|
    |x_read_reg_1520         |  32|   0|   32|          0|
    |x_read_reg_1520         |  64|  32|   32|          0|
    +------------------------+----+----+-----+-----------+
    |Total                   | 319|  32|  287|          0|
    +------------------------+----+----+-----+-----------+



================================================================
== Interface
================================================================
* Summary: 
+-----------+-----+-----+------------+--------------------+--------------+
| RTL Ports | Dir | Bits|  Protocol  |    Source Object   |    C Type    |
+-----------+-----+-----+------------+--------------------+--------------+
|ap_clk     |   in|    1|  ap_ctrl_hs|  sqrt_fixed<32, 32>|  return value|
|ap_rst     |   in|    1|  ap_ctrl_hs|  sqrt_fixed<32, 32>|  return value|
|ap_return  |  out|   16|  ap_ctrl_hs|  sqrt_fixed<32, 32>|  return value|
|x          |   in|   32|     ap_none|                   x|        scalar|
+-----------+-----+-----+------------+--------------------+--------------+

