

================================================================
== Vitis HLS Report for 'lab4_z2'
================================================================
* Date:           Sun Oct 22 03:34:12 2023

* Version:        2021.2 (Build 3367213 on Tue Oct 19 02:48:09 MDT 2021)
* Project:        lab4_z2
* Solution:       sol4 (Vivado IP Flow Target)
* Product family: artix7
* Target device:  xa7a12t-csg325-1Q


================================================================
== Performance Estimates
================================================================
+ Timing: 
    * Summary: 
    +------+----------+-----------+------------+
    | Clock|  Target  | Estimated | Uncertainty|
    +------+----------+-----------+------------+
    |clk   |  14.00 ns|  11.727 ns|     1.00 ns|
    +------+----------+-----------+------------+

+ Latency: 
    * Summary: 
    +---------+---------+----------+----------+--------+--------+---------+
    |  Latency (cycles) |  Latency (absolute) |     Interval    | Pipeline|
    |   min   |   max   |    min   |    max   |   min  |   max  |   Type  |
    +---------+---------+----------+----------+--------+--------+---------+
    |   131075|   131075|  1.835 ms|  1.835 ms|  131076|  131076|       no|
    +---------+---------+----------+----------+--------+--------+---------+

    + Detail: 
        * Instance: 
        N/A

        * Loop: 
        +----------+---------+---------+----------+-----------+-----------+-------+----------+
        |          |  Latency (cycles) | Iteration|  Initiation Interval  |  Trip |          |
        | Loop Name|   min   |   max   |  Latency |  achieved |   target  | Count | Pipelined|
        +----------+---------+---------+----------+-----------+-----------+-------+----------+
        |- Loop1   |    49152|    49152|         3|          -|          -|  16384|        no|
        |- Loop2   |    49152|    49152|         3|          -|          -|  16384|        no|
        |- Loop3   |    32768|    32768|         2|          -|          -|  16384|        no|
        +----------+---------+---------+----------+-----------+-----------+-------+----------+

============================================================
+ Verbose Summary: Synthesis Manager
============================================================
InlineROM: 1
ExposeGlobal: 0
============================================================
+ Verbose Summary: CDFG Model
============================================================
IsTopModel: 1
ResetActiveHigh: 1
IsCombinational: 0
IsDatapathOnly: 0
HasWiredReturn: 1
HasMFsm: 0
HasVarLatency: 1
IsPipeline: 0
IsRtlPipelined: 0
IsInstanceOverlapped: 0
IsDontTouch: 0
HasImplIP: 0
IsGatedGlobalClock: 0


============================================================
+ Verbose Summary: Schedule
============================================================
* Number of FSM states : 9
* Pipeline : 0
* Dataflow Pipeline: 0

* FSM state transitions: 
1 --> 2 
2 --> 3 5 
3 --> 4 
4 --> 2 
5 --> 6 8 
6 --> 7 
7 --> 5 
8 --> 9 
9 --> 8 

* FSM state operations: 

State 1 <SV = 0> <Delay = 1.61>
ST_1 : Operation 10 [1/1] (0.00ns)   --->   "%i = alloca i32 1"   --->   Operation 10 'alloca' 'i' <Predicate = true> <Delay = 0.00>
ST_1 : Operation 11 [1/1] (0.00ns)   --->   "%spectopmodule_ln0 = spectopmodule void @_ssdm_op_SpecTopModule, void @empty_2"   --->   Operation 11 'spectopmodule' 'spectopmodule_ln0' <Predicate = true> <Delay = 0.00>
ST_1 : Operation 12 [1/1] (0.00ns)   --->   "%specinterface_ln0 = specinterface void @_ssdm_op_SpecInterface, i32 %data_in, void @empty, i32 0, i32 0, void @empty_0, i32 4294967295, i32 0, void @empty_0, void @empty_0, void @empty_0, i32 0, i32 0, i32 0, i32 0, void @empty_0, void @empty_0"   --->   Operation 12 'specinterface' 'specinterface_ln0' <Predicate = true> <Delay = 0.00>
ST_1 : Operation 13 [1/1] (0.00ns)   --->   "%specbitsmap_ln0 = specbitsmap void @_ssdm_op_SpecBitsMap, i32 %data_in"   --->   Operation 13 'specbitsmap' 'specbitsmap_ln0' <Predicate = true> <Delay = 0.00>
ST_1 : Operation 14 [1/1] (0.00ns)   --->   "%specbitsmap_ln0 = specbitsmap void @_ssdm_op_SpecBitsMap, i32 %scale"   --->   Operation 14 'specbitsmap' 'specbitsmap_ln0' <Predicate = true> <Delay = 0.00>
ST_1 : Operation 15 [1/1] (0.00ns)   --->   "%specinterface_ln0 = specinterface void @_ssdm_op_SpecInterface, i32 %scale, void @empty_1, i32 0, i32 0, void @empty_0, i32 0, i32 0, void @empty_0, void @empty_0, void @empty_0, i32 0, i32 0, i32 0, i32 0, void @empty_0, void @empty_0"   --->   Operation 15 'specinterface' 'specinterface_ln0' <Predicate = true> <Delay = 0.00>
ST_1 : Operation 16 [1/1] (0.00ns)   --->   "%specinterface_ln0 = specinterface void @_ssdm_op_SpecInterface, i32 %data_out1, void @empty, i32 0, i32 0, void @empty_0, i32 4294967295, i32 0, void @empty_0, void @empty_0, void @empty_0, i32 0, i32 0, i32 0, i32 0, void @empty_0, void @empty_0"   --->   Operation 16 'specinterface' 'specinterface_ln0' <Predicate = true> <Delay = 0.00>
ST_1 : Operation 17 [1/1] (0.00ns)   --->   "%specbitsmap_ln0 = specbitsmap void @_ssdm_op_SpecBitsMap, i32 %data_out1"   --->   Operation 17 'specbitsmap' 'specbitsmap_ln0' <Predicate = true> <Delay = 0.00>
ST_1 : Operation 18 [1/1] (0.00ns)   --->   "%specinterface_ln0 = specinterface void @_ssdm_op_SpecInterface, i32 %data_out2, void @empty, i32 0, i32 0, void @empty_0, i32 4294967295, i32 0, void @empty_0, void @empty_0, void @empty_0, i32 0, i32 0, i32 0, i32 0, void @empty_0, void @empty_0"   --->   Operation 18 'specinterface' 'specinterface_ln0' <Predicate = true> <Delay = 0.00>
ST_1 : Operation 19 [1/1] (0.00ns)   --->   "%specbitsmap_ln0 = specbitsmap void @_ssdm_op_SpecBitsMap, i32 %data_out2"   --->   Operation 19 'specbitsmap' 'specbitsmap_ln0' <Predicate = true> <Delay = 0.00>
ST_1 : Operation 20 [1/1] (0.00ns)   --->   "%scale_read = read i32 @_ssdm_op_Read.ap_auto.i32, i32 %scale"   --->   Operation 20 'read' 'scale_read' <Predicate = true> <Delay = 0.00>
ST_1 : Operation 21 [1/1] (0.00ns)   --->   "%tempA1 = alloca i64 1" [./source/lab4_z2.cpp:4]   --->   Operation 21 'alloca' 'tempA1' <Predicate = true> <Delay = 0.00> <CoreInst = "RAM">   --->   Core 82 'RAM' <Latency = 1> <II = 1> <Delay = 3.25> <Storage> <Opcode : 'load' 'store'> <Ports = 2> <Width = 32> <Depth = 16384> <RAM>
ST_1 : Operation 22 [1/1] (0.00ns)   --->   "%tempA2 = alloca i64 1" [./source/lab4_z2.cpp:4]   --->   Operation 22 'alloca' 'tempA2' <Predicate = true> <Delay = 0.00> <CoreInst = "RAM">   --->   Core 82 'RAM' <Latency = 1> <II = 1> <Delay = 3.25> <Storage> <Opcode : 'load' 'store'> <Ports = 2> <Width = 32> <Depth = 16384> <RAM>
ST_1 : Operation 23 [1/1] (1.61ns)   --->   "%store_ln5 = store i15 0, i15 %i" [./source/lab4_z2.cpp:5]   --->   Operation 23 'store' 'store_ln5' <Predicate = true> <Delay = 1.61>
ST_1 : Operation 24 [1/1] (0.00ns)   --->   "%br_ln5 = br void" [./source/lab4_z2.cpp:5]   --->   Operation 24 'br' 'br_ln5' <Predicate = true> <Delay = 0.00>

State 2 <SV = 1> <Delay = 3.87>
ST_2 : Operation 25 [1/1] (0.00ns)   --->   "%i_1 = load i15 %i" [./source/lab4_z2.cpp:5]   --->   Operation 25 'load' 'i_1' <Predicate = true> <Delay = 0.00>
ST_2 : Operation 26 [1/1] (0.00ns)   --->   "%zext_ln5 = zext i15 %i_1" [./source/lab4_z2.cpp:5]   --->   Operation 26 'zext' 'zext_ln5' <Predicate = true> <Delay = 0.00>
ST_2 : Operation 27 [1/1] (2.26ns)   --->   "%icmp_ln5 = icmp_eq  i15 %i_1, i15 16384" [./source/lab4_z2.cpp:5]   --->   Operation 27 'icmp' 'icmp_ln5' <Predicate = true> <Delay = 2.26> <CoreInst = "Cmp">   --->   Core 9 'Cmp' <Latency = 0> <II = 1> <Delay = 2.26> <FuncUnit> <Opcode : 'icmp'> <InPorts = 2> <OutPorts = 1>
ST_2 : Operation 28 [1/1] (0.00ns)   --->   "%empty = speclooptripcount i32 @_ssdm_op_SpecLoopTripCount, i64 16384, i64 16384, i64 16384"   --->   Operation 28 'speclooptripcount' 'empty' <Predicate = true> <Delay = 0.00>
ST_2 : Operation 29 [1/1] (2.14ns)   --->   "%add_ln5 = add i15 %i_1, i15 1" [./source/lab4_z2.cpp:5]   --->   Operation 29 'add' 'add_ln5' <Predicate = true> <Delay = 2.14> <CoreInst = "Adder">   --->   Core 1 'Adder' <Latency = 0> <II = 1> <Delay = 2.70> <FuncUnit> <Opcode : 'add' 'sub'> <InPorts = 2> <OutPorts = 1>
ST_2 : Operation 30 [1/1] (0.00ns)   --->   "%br_ln5 = br i1 %icmp_ln5, void %.split4, void %.preheader1.preheader" [./source/lab4_z2.cpp:5]   --->   Operation 30 'br' 'br_ln5' <Predicate = true> <Delay = 0.00>
ST_2 : Operation 31 [1/1] (0.00ns)   --->   "%data_in_addr = getelementptr i32 %data_in, i64 0, i64 %zext_ln5" [./source/lab4_z2.cpp:7]   --->   Operation 31 'getelementptr' 'data_in_addr' <Predicate = (!icmp_ln5)> <Delay = 0.00>
ST_2 : Operation 32 [2/2] (3.25ns)   --->   "%data_in_load = load i14 %data_in_addr" [./source/lab4_z2.cpp:7]   --->   Operation 32 'load' 'data_in_load' <Predicate = (!icmp_ln5)> <Delay = 3.25> <CoreInst = "RAM">   --->   Core 82 'RAM' <Latency = 1> <II = 1> <Delay = 3.25> <Storage> <Opcode : 'load' 'store'> <Ports = 2> <Width = 32> <Depth = 16384> <RAM>
ST_2 : Operation 33 [1/1] (1.61ns)   --->   "%store_ln5 = store i15 %add_ln5, i15 %i" [./source/lab4_z2.cpp:5]   --->   Operation 33 'store' 'store_ln5' <Predicate = (!icmp_ln5)> <Delay = 1.61>
ST_2 : Operation 34 [1/1] (0.00ns)   --->   "%j = alloca i32 1"   --->   Operation 34 'alloca' 'j' <Predicate = (icmp_ln5)> <Delay = 0.00>
ST_2 : Operation 35 [1/1] (1.61ns)   --->   "%store_ln11 = store i15 0, i15 %j" [./source/lab4_z2.cpp:11]   --->   Operation 35 'store' 'store_ln11' <Predicate = (icmp_ln5)> <Delay = 1.61>
ST_2 : Operation 36 [1/1] (0.00ns)   --->   "%br_ln11 = br void %.preheader1" [./source/lab4_z2.cpp:11]   --->   Operation 36 'br' 'br_ln11' <Predicate = (icmp_ln5)> <Delay = 0.00>

State 3 <SV = 2> <Delay = 11.7>
ST_3 : Operation 37 [1/2] (3.25ns)   --->   "%data_in_load = load i14 %data_in_addr" [./source/lab4_z2.cpp:7]   --->   Operation 37 'load' 'data_in_load' <Predicate = true> <Delay = 3.25> <CoreInst = "RAM">   --->   Core 82 'RAM' <Latency = 1> <II = 1> <Delay = 3.25> <Storage> <Opcode : 'load' 'store'> <Ports = 2> <Width = 32> <Depth = 16384> <RAM>
ST_3 : Operation 38 [1/1] (8.47ns)   --->   "%res = mul i32 %data_in_load, i32 %scale_read" [./source/lab4_z2.cpp:7]   --->   Operation 38 'mul' 'res' <Predicate = true> <Delay = 8.47> <CoreInst = "Multiplier">   --->   Core 3 'Multiplier' <Latency = 0> <II = 1> <Delay = 8.47> <FuncUnit> <Opcode : 'mul'> <InPorts = 2> <OutPorts = 1>

State 4 <SV = 3> <Delay = 3.25>
ST_4 : Operation 39 [1/1] (0.00ns)   --->   "%specloopname_ln5 = specloopname void @_ssdm_op_SpecLoopName, void @empty_5" [./source/lab4_z2.cpp:5]   --->   Operation 39 'specloopname' 'specloopname_ln5' <Predicate = true> <Delay = 0.00>
ST_4 : Operation 40 [1/1] (0.00ns)   --->   "%tempA1_addr = getelementptr i32 %tempA1, i64 0, i64 %zext_ln5" [./source/lab4_z2.cpp:8]   --->   Operation 40 'getelementptr' 'tempA1_addr' <Predicate = true> <Delay = 0.00>
ST_4 : Operation 41 [1/1] (3.25ns)   --->   "%store_ln8 = store i32 %res, i14 %tempA1_addr" [./source/lab4_z2.cpp:8]   --->   Operation 41 'store' 'store_ln8' <Predicate = true> <Delay = 3.25> <CoreInst = "RAM">   --->   Core 82 'RAM' <Latency = 1> <II = 1> <Delay = 3.25> <Storage> <Opcode : 'load' 'store'> <Ports = 2> <Width = 32> <Depth = 16384> <RAM>
ST_4 : Operation 42 [1/1] (0.00ns)   --->   "%tempA2_addr = getelementptr i32 %tempA2, i64 0, i64 %zext_ln5" [./source/lab4_z2.cpp:9]   --->   Operation 42 'getelementptr' 'tempA2_addr' <Predicate = true> <Delay = 0.00>
ST_4 : Operation 43 [1/1] (3.25ns)   --->   "%store_ln9 = store i32 %res, i14 %tempA2_addr" [./source/lab4_z2.cpp:9]   --->   Operation 43 'store' 'store_ln9' <Predicate = true> <Delay = 3.25> <CoreInst = "RAM">   --->   Core 82 'RAM' <Latency = 1> <II = 1> <Delay = 3.25> <Storage> <Opcode : 'load' 'store'> <Ports = 2> <Width = 32> <Depth = 16384> <RAM>
ST_4 : Operation 44 [1/1] (0.00ns)   --->   "%br_ln0 = br void"   --->   Operation 44 'br' 'br_ln0' <Predicate = true> <Delay = 0.00>

State 5 <SV = 2> <Delay = 3.87>
ST_5 : Operation 45 [1/1] (0.00ns)   --->   "%j_1 = load i15 %j" [./source/lab4_z2.cpp:11]   --->   Operation 45 'load' 'j_1' <Predicate = true> <Delay = 0.00>
ST_5 : Operation 46 [1/1] (0.00ns)   --->   "%zext_ln11 = zext i15 %j_1" [./source/lab4_z2.cpp:11]   --->   Operation 46 'zext' 'zext_ln11' <Predicate = true> <Delay = 0.00>
ST_5 : Operation 47 [1/1] (2.26ns)   --->   "%icmp_ln11 = icmp_eq  i15 %j_1, i15 16384" [./source/lab4_z2.cpp:11]   --->   Operation 47 'icmp' 'icmp_ln11' <Predicate = true> <Delay = 2.26> <CoreInst = "Cmp">   --->   Core 9 'Cmp' <Latency = 0> <II = 1> <Delay = 2.26> <FuncUnit> <Opcode : 'icmp'> <InPorts = 2> <OutPorts = 1>
ST_5 : Operation 48 [1/1] (0.00ns)   --->   "%empty_9 = speclooptripcount i32 @_ssdm_op_SpecLoopTripCount, i64 16384, i64 16384, i64 16384"   --->   Operation 48 'speclooptripcount' 'empty_9' <Predicate = true> <Delay = 0.00>
ST_5 : Operation 49 [1/1] (2.14ns)   --->   "%add_ln11 = add i15 %j_1, i15 1" [./source/lab4_z2.cpp:11]   --->   Operation 49 'add' 'add_ln11' <Predicate = true> <Delay = 2.14> <CoreInst = "Adder">   --->   Core 1 'Adder' <Latency = 0> <II = 1> <Delay = 2.70> <FuncUnit> <Opcode : 'add' 'sub'> <InPorts = 2> <OutPorts = 1>
ST_5 : Operation 50 [1/1] (0.00ns)   --->   "%br_ln11 = br i1 %icmp_ln11, void %.split2, void %.preheader.preheader" [./source/lab4_z2.cpp:11]   --->   Operation 50 'br' 'br_ln11' <Predicate = true> <Delay = 0.00>
ST_5 : Operation 51 [1/1] (0.00ns)   --->   "%tempA1_addr_1 = getelementptr i32 %tempA1, i64 0, i64 %zext_ln11" [./source/lab4_z2.cpp:13]   --->   Operation 51 'getelementptr' 'tempA1_addr_1' <Predicate = (!icmp_ln11)> <Delay = 0.00>
ST_5 : Operation 52 [2/2] (3.25ns)   --->   "%tempA1_load = load i14 %tempA1_addr_1" [./source/lab4_z2.cpp:13]   --->   Operation 52 'load' 'tempA1_load' <Predicate = (!icmp_ln11)> <Delay = 3.25> <CoreInst = "RAM">   --->   Core 82 'RAM' <Latency = 1> <II = 1> <Delay = 3.25> <Storage> <Opcode : 'load' 'store'> <Ports = 2> <Width = 32> <Depth = 16384> <RAM>
ST_5 : Operation 53 [1/1] (1.61ns)   --->   "%store_ln11 = store i15 %add_ln11, i15 %j" [./source/lab4_z2.cpp:11]   --->   Operation 53 'store' 'store_ln11' <Predicate = (!icmp_ln11)> <Delay = 1.61>
ST_5 : Operation 54 [1/1] (0.00ns)   --->   "%k = alloca i32 1"   --->   Operation 54 'alloca' 'k' <Predicate = (icmp_ln11)> <Delay = 0.00>
ST_5 : Operation 55 [1/1] (1.61ns)   --->   "%store_ln15 = store i15 0, i15 %k" [./source/lab4_z2.cpp:15]   --->   Operation 55 'store' 'store_ln15' <Predicate = (icmp_ln11)> <Delay = 1.61>
ST_5 : Operation 56 [1/1] (0.00ns)   --->   "%br_ln15 = br void %.preheader" [./source/lab4_z2.cpp:15]   --->   Operation 56 'br' 'br_ln15' <Predicate = (icmp_ln11)> <Delay = 0.00>

State 6 <SV = 3> <Delay = 3.25>
ST_6 : Operation 57 [1/2] (3.25ns)   --->   "%tempA1_load = load i14 %tempA1_addr_1" [./source/lab4_z2.cpp:13]   --->   Operation 57 'load' 'tempA1_load' <Predicate = true> <Delay = 3.25> <CoreInst = "RAM">   --->   Core 82 'RAM' <Latency = 1> <II = 1> <Delay = 3.25> <Storage> <Opcode : 'load' 'store'> <Ports = 2> <Width = 32> <Depth = 16384> <RAM>

State 7 <SV = 4> <Delay = 11.7>
ST_7 : Operation 58 [1/1] (0.00ns)   --->   "%specloopname_ln11 = specloopname void @_ssdm_op_SpecLoopName, void @empty_4" [./source/lab4_z2.cpp:11]   --->   Operation 58 'specloopname' 'specloopname_ln11' <Predicate = true> <Delay = 0.00>
ST_7 : Operation 59 [1/1] (8.47ns)   --->   "%mul_ln13 = mul i32 %tempA1_load, i32 22" [./source/lab4_z2.cpp:13]   --->   Operation 59 'mul' 'mul_ln13' <Predicate = true> <Delay = 8.47> <CoreInst = "Multiplier">   --->   Core 3 'Multiplier' <Latency = 0> <II = 1> <Delay = 8.47> <FuncUnit> <Opcode : 'mul'> <InPorts = 2> <OutPorts = 1>
ST_7 : Operation 60 [1/1] (0.00ns)   --->   "%data_out1_addr = getelementptr i32 %data_out1, i64 0, i64 %zext_ln11" [./source/lab4_z2.cpp:13]   --->   Operation 60 'getelementptr' 'data_out1_addr' <Predicate = true> <Delay = 0.00>
ST_7 : Operation 61 [1/1] (3.25ns)   --->   "%store_ln13 = store i32 %mul_ln13, i14 %data_out1_addr" [./source/lab4_z2.cpp:13]   --->   Operation 61 'store' 'store_ln13' <Predicate = true> <Delay = 3.25> <CoreInst = "RAM">   --->   Core 82 'RAM' <Latency = 1> <II = 1> <Delay = 3.25> <Storage> <Opcode : 'load' 'store'> <Ports = 2> <Width = 32> <Depth = 16384> <RAM>
ST_7 : Operation 62 [1/1] (0.00ns)   --->   "%br_ln0 = br void %.preheader1"   --->   Operation 62 'br' 'br_ln0' <Predicate = true> <Delay = 0.00>

State 8 <SV = 3> <Delay = 3.87>
ST_8 : Operation 63 [1/1] (0.00ns)   --->   "%k_1 = load i15 %k" [./source/lab4_z2.cpp:15]   --->   Operation 63 'load' 'k_1' <Predicate = true> <Delay = 0.00>
ST_8 : Operation 64 [1/1] (0.00ns)   --->   "%zext_ln15 = zext i15 %k_1" [./source/lab4_z2.cpp:15]   --->   Operation 64 'zext' 'zext_ln15' <Predicate = true> <Delay = 0.00>
ST_8 : Operation 65 [1/1] (2.26ns)   --->   "%icmp_ln15 = icmp_eq  i15 %k_1, i15 16384" [./source/lab4_z2.cpp:15]   --->   Operation 65 'icmp' 'icmp_ln15' <Predicate = true> <Delay = 2.26> <CoreInst = "Cmp">   --->   Core 9 'Cmp' <Latency = 0> <II = 1> <Delay = 2.26> <FuncUnit> <Opcode : 'icmp'> <InPorts = 2> <OutPorts = 1>
ST_8 : Operation 66 [1/1] (0.00ns)   --->   "%empty_10 = speclooptripcount i32 @_ssdm_op_SpecLoopTripCount, i64 16384, i64 16384, i64 16384"   --->   Operation 66 'speclooptripcount' 'empty_10' <Predicate = true> <Delay = 0.00>
ST_8 : Operation 67 [1/1] (2.14ns)   --->   "%add_ln15 = add i15 %k_1, i15 1" [./source/lab4_z2.cpp:15]   --->   Operation 67 'add' 'add_ln15' <Predicate = true> <Delay = 2.14> <CoreInst = "Adder">   --->   Core 1 'Adder' <Latency = 0> <II = 1> <Delay = 2.70> <FuncUnit> <Opcode : 'add' 'sub'> <InPorts = 2> <OutPorts = 1>
ST_8 : Operation 68 [1/1] (0.00ns)   --->   "%br_ln15 = br i1 %icmp_ln15, void %.split, void" [./source/lab4_z2.cpp:15]   --->   Operation 68 'br' 'br_ln15' <Predicate = true> <Delay = 0.00>
ST_8 : Operation 69 [1/1] (0.00ns)   --->   "%tempA2_addr_1 = getelementptr i32 %tempA2, i64 0, i64 %zext_ln15" [./source/lab4_z2.cpp:17]   --->   Operation 69 'getelementptr' 'tempA2_addr_1' <Predicate = (!icmp_ln15)> <Delay = 0.00>
ST_8 : Operation 70 [2/2] (3.25ns)   --->   "%tempA2_load = load i14 %tempA2_addr_1" [./source/lab4_z2.cpp:17]   --->   Operation 70 'load' 'tempA2_load' <Predicate = (!icmp_ln15)> <Delay = 3.25> <CoreInst = "RAM">   --->   Core 82 'RAM' <Latency = 1> <II = 1> <Delay = 3.25> <Storage> <Opcode : 'load' 'store'> <Ports = 2> <Width = 32> <Depth = 16384> <RAM>
ST_8 : Operation 71 [1/1] (1.61ns)   --->   "%store_ln15 = store i15 %add_ln15, i15 %k" [./source/lab4_z2.cpp:15]   --->   Operation 71 'store' 'store_ln15' <Predicate = (!icmp_ln15)> <Delay = 1.61>
ST_8 : Operation 72 [1/1] (0.00ns)   --->   "%ret_ln19 = ret" [./source/lab4_z2.cpp:19]   --->   Operation 72 'ret' 'ret_ln19' <Predicate = (icmp_ln15)> <Delay = 0.00>

State 9 <SV = 4> <Delay = 9.21>
ST_9 : Operation 73 [1/1] (0.00ns)   --->   "%specloopname_ln15 = specloopname void @_ssdm_op_SpecLoopName, void @empty_3" [./source/lab4_z2.cpp:15]   --->   Operation 73 'specloopname' 'specloopname_ln15' <Predicate = true> <Delay = 0.00>
ST_9 : Operation 74 [1/2] (3.25ns)   --->   "%tempA2_load = load i14 %tempA2_addr_1" [./source/lab4_z2.cpp:17]   --->   Operation 74 'load' 'tempA2_load' <Predicate = true> <Delay = 3.25> <CoreInst = "RAM">   --->   Core 82 'RAM' <Latency = 1> <II = 1> <Delay = 3.25> <Storage> <Opcode : 'load' 'store'> <Ports = 2> <Width = 32> <Depth = 16384> <RAM>
ST_9 : Operation 75 [1/1] (0.00ns) (grouped into LUT with out node add_ln17)   --->   "%shl_ln17 = shl i32 %tempA2_load, i32 5" [./source/lab4_z2.cpp:17]   --->   Operation 75 'shl' 'shl_ln17' <Predicate = true> <Delay = 0.00>
ST_9 : Operation 76 [1/1] (2.70ns) (out node of the LUT)   --->   "%add_ln17 = add i32 %tempA2_load, i32 %shl_ln17" [./source/lab4_z2.cpp:17]   --->   Operation 76 'add' 'add_ln17' <Predicate = true> <Delay = 2.70> <CoreInst = "Adder">   --->   Core 1 'Adder' <Latency = 0> <II = 1> <Delay = 2.70> <FuncUnit> <Opcode : 'add' 'sub'> <InPorts = 2> <OutPorts = 1>
ST_9 : Operation 77 [1/1] (0.00ns)   --->   "%data_out2_addr = getelementptr i32 %data_out2, i64 0, i64 %zext_ln15" [./source/lab4_z2.cpp:17]   --->   Operation 77 'getelementptr' 'data_out2_addr' <Predicate = true> <Delay = 0.00>
ST_9 : Operation 78 [1/1] (3.25ns)   --->   "%store_ln17 = store i32 %add_ln17, i14 %data_out2_addr" [./source/lab4_z2.cpp:17]   --->   Operation 78 'store' 'store_ln17' <Predicate = true> <Delay = 3.25> <CoreInst = "RAM">   --->   Core 82 'RAM' <Latency = 1> <II = 1> <Delay = 3.25> <Storage> <Opcode : 'load' 'store'> <Ports = 2> <Width = 32> <Depth = 16384> <RAM>
ST_9 : Operation 79 [1/1] (0.00ns)   --->   "%br_ln0 = br void %.preheader"   --->   Operation 79 'br' 'br_ln0' <Predicate = true> <Delay = 0.00>


============================================================
+ Verbose Summary: Timing violations
============================================================
Target clock period: 14ns, clock uncertainty: 1ns.

 <State 1>: 1.61ns
The critical path consists of the following:
	'alloca' operation ('i') [5]  (0 ns)
	'store' operation ('store_ln5', ./source/lab4_z2.cpp:5) of constant 0 on local variable 'i' [18]  (1.61 ns)

 <State 2>: 3.88ns
The critical path consists of the following:
	'load' operation ('i', ./source/lab4_z2.cpp:5) on local variable 'i' [21]  (0 ns)
	'add' operation ('add_ln5', ./source/lab4_z2.cpp:5) [25]  (2.14 ns)
	'store' operation ('store_ln5', ./source/lab4_z2.cpp:5) of variable 'add_ln5', ./source/lab4_z2.cpp:5 on local variable 'i' [36]  (1.61 ns)
	blocking operation 0.125 ns on control path)

 <State 3>: 11.7ns
The critical path consists of the following:
	'load' operation ('data_in_load', ./source/lab4_z2.cpp:7) on array 'data_in' [30]  (3.26 ns)
	'mul' operation ('res', ./source/lab4_z2.cpp:7) [31]  (8.47 ns)

 <State 4>: 3.26ns
The critical path consists of the following:
	'getelementptr' operation ('tempA1_addr', ./source/lab4_z2.cpp:8) [32]  (0 ns)
	'store' operation ('store_ln8', ./source/lab4_z2.cpp:8) of variable 'res', ./source/lab4_z2.cpp:7 on array 'tempA1', ./source/lab4_z2.cpp:4 [33]  (3.26 ns)

 <State 5>: 3.88ns
The critical path consists of the following:
	'load' operation ('j', ./source/lab4_z2.cpp:11) on local variable 'j' [43]  (0 ns)
	'add' operation ('add_ln11', ./source/lab4_z2.cpp:11) [47]  (2.14 ns)
	'store' operation ('store_ln11', ./source/lab4_z2.cpp:11) of variable 'add_ln11', ./source/lab4_z2.cpp:11 on local variable 'j' [56]  (1.61 ns)
	blocking operation 0.125 ns on control path)

 <State 6>: 3.26ns
The critical path consists of the following:
	'load' operation ('tempA1_load', ./source/lab4_z2.cpp:13) on array 'tempA1', ./source/lab4_z2.cpp:4 [52]  (3.26 ns)

 <State 7>: 11.7ns
The critical path consists of the following:
	'mul' operation ('mul_ln13', ./source/lab4_z2.cpp:13) [53]  (8.47 ns)
	'store' operation ('store_ln13', ./source/lab4_z2.cpp:13) of variable 'mul_ln13', ./source/lab4_z2.cpp:13 on array 'data_out1' [55]  (3.26 ns)

 <State 8>: 3.88ns
The critical path consists of the following:
	'load' operation ('k', ./source/lab4_z2.cpp:15) on local variable 'k' [63]  (0 ns)
	'add' operation ('add_ln15', ./source/lab4_z2.cpp:15) [67]  (2.14 ns)
	'store' operation ('store_ln15', ./source/lab4_z2.cpp:15) of variable 'add_ln15', ./source/lab4_z2.cpp:15 on local variable 'k' [77]  (1.61 ns)
	blocking operation 0.125 ns on control path)

 <State 9>: 9.22ns
The critical path consists of the following:
	'load' operation ('tempA2_load', ./source/lab4_z2.cpp:17) on array 'tempA2', ./source/lab4_z2.cpp:4 [72]  (3.26 ns)
	'add' operation ('add_ln17', ./source/lab4_z2.cpp:17) [74]  (2.7 ns)
	'store' operation ('store_ln17', ./source/lab4_z2.cpp:17) of variable 'add_ln17', ./source/lab4_z2.cpp:17 on array 'data_out2' [76]  (3.26 ns)


============================================================
+ Verbose Summary: Binding
============================================================
N/A
* FSMD analyzer results:
  - Output states:
 - Input state : 
  - Chain level:
	State 1
	State 2
	State 3
	State 4
	State 5
	State 6
	State 7
	State 8
	State 9


============================================================
+ Verbose Summary: Datapath Resource usage 
============================================================
N/A
