#-----------------------------------------------------------
# xsim v2021.2 (64-bit)
# SW Build 3367213 on Tue Oct 19 02:48:09 MDT 2021
# IP Build 3369179 on Thu Oct 21 08:25:16 MDT 2021
# Start of session at: Sun Feb 18 18:01:48 2024
# Process ID: 24224
# Current directory: G:/Xilinx_lab/KP_502_7_v2/kp_502_7/sol2_1/sim/verilog
# Command line: xsim.exe -mode tcl -source {xsim.dir/kp_502_7/xsim_script.tcl}
# Log file: G:/Xilinx_lab/KP_502_7_v2/kp_502_7/sol2_1/sim/verilog/xsim.log
# Journal file: G:/Xilinx_lab/KP_502_7_v2/kp_502_7/sol2_1/sim/verilog\xsim.jou
# Running On: DESKTOP-MGF3PMH, OS: Windows, CPU Frequency: 3800 MHz, CPU Physical cores: 12, Host memory: 17128 MB
#-----------------------------------------------------------
source xsim.dir/kp_502_7/xsim_script.tcl
# xsim {kp_502_7} -view {{kp_502_7_dataflow_ana.wcfg}} -tclbatch {kp_502_7.tcl} -protoinst {kp_502_7.protoinst}
INFO: [Wavedata 42-565] Reading protoinst file kp_502_7.protoinst
INFO: [Wavedata 42-564]   Found protocol instance at /apatb_kp_502_7_top/AESL_inst_kp_502_7//AESL_inst_kp_502_7_activity
Time resolution is 1 ps
open_wave_config kp_502_7_dataflow_ana.wcfg
source kp_502_7.tcl
## log_wave -r /
WARNING: [Simtcl 6-197] One or more HDL objects could not be logged because of object type or size limitations.  To see details please rerun the command with -verbose (-v).
## set designtopgroup [add_wave_group "Design Top Signals"]
## set coutputgroup [add_wave_group "C Outputs" -into $designtopgroup]
## set return_group [add_wave_group return(axi_slave) -into $coutputgroup]
## add_wave /apatb_kp_502_7_top/AESL_inst_kp_502_7/D_d1 -into $return_group -radix hex
## add_wave /apatb_kp_502_7_top/AESL_inst_kp_502_7/D_we1 -into $return_group -color #ffff00 -radix hex
## add_wave /apatb_kp_502_7_top/AESL_inst_kp_502_7/D_ce1 -into $return_group -color #ffff00 -radix hex
## add_wave /apatb_kp_502_7_top/AESL_inst_kp_502_7/D_address1 -into $return_group -radix hex
## add_wave /apatb_kp_502_7_top/AESL_inst_kp_502_7/X2_d1 -into $return_group -radix hex
## add_wave /apatb_kp_502_7_top/AESL_inst_kp_502_7/X2_we1 -into $return_group -color #ffff00 -radix hex
## add_wave /apatb_kp_502_7_top/AESL_inst_kp_502_7/X2_ce1 -into $return_group -color #ffff00 -radix hex
## add_wave /apatb_kp_502_7_top/AESL_inst_kp_502_7/X2_address1 -into $return_group -radix hex
## add_wave /apatb_kp_502_7_top/AESL_inst_kp_502_7/X1_d1 -into $return_group -radix hex
## add_wave /apatb_kp_502_7_top/AESL_inst_kp_502_7/X1_we1 -into $return_group -color #ffff00 -radix hex
## add_wave /apatb_kp_502_7_top/AESL_inst_kp_502_7/X1_ce1 -into $return_group -color #ffff00 -radix hex
## add_wave /apatb_kp_502_7_top/AESL_inst_kp_502_7/X1_address1 -into $return_group -radix hex
## add_wave /apatb_kp_502_7_top/AESL_inst_kp_502_7/ap_local_deadlock -into $return_group -radix hex
## add_wave /apatb_kp_502_7_top/AESL_inst_kp_502_7/ap_local_block -into $return_group -radix hex
## set cinputgroup [add_wave_group "C Inputs" -into $designtopgroup]
## set return_group [add_wave_group return(memory) -into $cinputgroup]
## add_wave /apatb_kp_502_7_top/AESL_inst_kp_502_7/C_q0 -into $return_group -radix hex
## add_wave /apatb_kp_502_7_top/AESL_inst_kp_502_7/C_ce0 -into $return_group -color #ffff00 -radix hex
## add_wave /apatb_kp_502_7_top/AESL_inst_kp_502_7/C_address0 -into $return_group -radix hex
## add_wave /apatb_kp_502_7_top/AESL_inst_kp_502_7/B_q0 -into $return_group -radix hex
## add_wave /apatb_kp_502_7_top/AESL_inst_kp_502_7/B_ce0 -into $return_group -color #ffff00 -radix hex
## add_wave /apatb_kp_502_7_top/AESL_inst_kp_502_7/B_address0 -into $return_group -radix hex
## add_wave /apatb_kp_502_7_top/AESL_inst_kp_502_7/A_q0 -into $return_group -radix hex
## add_wave /apatb_kp_502_7_top/AESL_inst_kp_502_7/A_ce0 -into $return_group -color #ffff00 -radix hex
## add_wave /apatb_kp_502_7_top/AESL_inst_kp_502_7/A_address0 -into $return_group -radix hex
## set blocksiggroup [add_wave_group "Block-level IO Handshake" -into $designtopgroup]
## add_wave /apatb_kp_502_7_top/AESL_inst_kp_502_7/ap_start -into $blocksiggroup
## add_wave /apatb_kp_502_7_top/AESL_inst_kp_502_7/ap_done -into $blocksiggroup
## add_wave /apatb_kp_502_7_top/AESL_inst_kp_502_7/ap_idle -into $blocksiggroup
## add_wave /apatb_kp_502_7_top/AESL_inst_kp_502_7/ap_ready -into $blocksiggroup
## set resetgroup [add_wave_group "Reset" -into $designtopgroup]
## add_wave /apatb_kp_502_7_top/AESL_inst_kp_502_7/ap_rst -into $resetgroup
## set clockgroup [add_wave_group "Clock" -into $designtopgroup]
## add_wave /apatb_kp_502_7_top/AESL_inst_kp_502_7/ap_clk -into $clockgroup
## set testbenchgroup [add_wave_group "Test Bench Signals"]
## set tbinternalsiggroup [add_wave_group "Internal Signals" -into $testbenchgroup]
## set tb_simstatus_group [add_wave_group "Simulation Status" -into $tbinternalsiggroup]
## set tb_portdepth_group [add_wave_group "Port Depth" -into $tbinternalsiggroup]
## add_wave /apatb_kp_502_7_top/AUTOTB_TRANSACTION_NUM -into $tb_simstatus_group -radix hex
## add_wave /apatb_kp_502_7_top/ready_cnt -into $tb_simstatus_group -radix hex
## add_wave /apatb_kp_502_7_top/done_cnt -into $tb_simstatus_group -radix hex
## add_wave /apatb_kp_502_7_top/LENGTH_A -into $tb_portdepth_group -radix hex
## add_wave /apatb_kp_502_7_top/LENGTH_B -into $tb_portdepth_group -radix hex
## add_wave /apatb_kp_502_7_top/LENGTH_C -into $tb_portdepth_group -radix hex
## add_wave /apatb_kp_502_7_top/LENGTH_X1 -into $tb_portdepth_group -radix hex
## add_wave /apatb_kp_502_7_top/LENGTH_X2 -into $tb_portdepth_group -radix hex
## add_wave /apatb_kp_502_7_top/LENGTH_D -into $tb_portdepth_group -radix hex
## set tbcoutputgroup [add_wave_group "C Outputs" -into $testbenchgroup]
## set tb_return_group [add_wave_group return(axi_slave) -into $tbcoutputgroup]
## add_wave /apatb_kp_502_7_top/D_d1 -into $tb_return_group -radix hex
## add_wave /apatb_kp_502_7_top/D_we1 -into $tb_return_group -color #ffff00 -radix hex
## add_wave /apatb_kp_502_7_top/D_ce1 -into $tb_return_group -color #ffff00 -radix hex
## add_wave /apatb_kp_502_7_top/D_address1 -into $tb_return_group -radix hex
## add_wave /apatb_kp_502_7_top/X2_d1 -into $tb_return_group -radix hex
## add_wave /apatb_kp_502_7_top/X2_we1 -into $tb_return_group -color #ffff00 -radix hex
## add_wave /apatb_kp_502_7_top/X2_ce1 -into $tb_return_group -color #ffff00 -radix hex
## add_wave /apatb_kp_502_7_top/X2_address1 -into $tb_return_group -radix hex
## add_wave /apatb_kp_502_7_top/X1_d1 -into $tb_return_group -radix hex
## add_wave /apatb_kp_502_7_top/X1_we1 -into $tb_return_group -color #ffff00 -radix hex
## add_wave /apatb_kp_502_7_top/X1_ce1 -into $tb_return_group -color #ffff00 -radix hex
## add_wave /apatb_kp_502_7_top/X1_address1 -into $tb_return_group -radix hex
## add_wave /apatb_kp_502_7_top/ap_local_deadlock -into $tb_return_group -radix hex
## add_wave /apatb_kp_502_7_top/ap_local_block -into $tb_return_group -radix hex
## set tbcinputgroup [add_wave_group "C Inputs" -into $testbenchgroup]
## set tb_return_group [add_wave_group return(memory) -into $tbcinputgroup]
## add_wave /apatb_kp_502_7_top/C_q0 -into $tb_return_group -radix hex
## add_wave /apatb_kp_502_7_top/C_ce0 -into $tb_return_group -color #ffff00 -radix hex
## add_wave /apatb_kp_502_7_top/C_address0 -into $tb_return_group -radix hex
## add_wave /apatb_kp_502_7_top/B_q0 -into $tb_return_group -radix hex
## add_wave /apatb_kp_502_7_top/B_ce0 -into $tb_return_group -color #ffff00 -radix hex
## add_wave /apatb_kp_502_7_top/B_address0 -into $tb_return_group -radix hex
## add_wave /apatb_kp_502_7_top/A_q0 -into $tb_return_group -radix hex
## add_wave /apatb_kp_502_7_top/A_ce0 -into $tb_return_group -color #ffff00 -radix hex
## add_wave /apatb_kp_502_7_top/A_address0 -into $tb_return_group -radix hex
## save_wave_config kp_502_7.wcfg
## run all
////////////////////////////////////////////////////////////////////////////////////
// Inter-Transaction Progress: Completed Transaction / Total Transaction
// Intra-Transaction Progress: Measured Latency / Latency Estimation * 100%
//
// RTL Simulation : "Inter-Transaction Progress" ["Intra-Transaction Progress"] @ "Simulation Time"
////////////////////////////////////////////////////////////////////////////////////
// RTL Simulation : 0 / 3 [0.00%] @ "125000"
Warning: OPMODE Input Warning : The OPMODE 011XX11 with CARRYINSEL  000 to DSP48E1 instance is invalid.
Time: 215100 ps  Iteration: 11  Process: /apatb_kp_502_7_top/AESL_inst_kp_502_7/dmul_64ns_64ns_64_5_max_dsp_1_U3/kp_502_7_dmul_64ns_64ns_64_5_max_dsp_1_ip_u/inst/i_synth/mult/OP/i_non_prim/R_AND_R/logic/R_AND_R/dsp48_e1/dsp48e1_add/DSP48E1_ADD/i_no_versal_es1_workaround/DSP/prcs_opmode_drc  File: G:/Xilinx/Vivado/2021.2/data/vhdl/src/unisims/primitive/DSP48E1.vhd
Warning: OPMODE Input Warning : The OPMODE 011XX11 with CARRYINSEL  000 to DSP48E1 instance is invalid.
Time: 265100 ps  Iteration: 11  Process: /apatb_kp_502_7_top/AESL_inst_kp_502_7/dmul_64ns_64ns_64_5_max_dsp_1_U3/kp_502_7_dmul_64ns_64ns_64_5_max_dsp_1_ip_u/inst/i_synth/mult/OP/i_non_prim/R_AND_R/logic/R_AND_R/dsp48_e1/dsp48e1_add/DSP48E1_ADD/i_no_versal_es1_workaround/DSP/prcs_opmode_drc  File: G:/Xilinx/Vivado/2021.2/data/vhdl/src/unisims/primitive/DSP48E1.vhd
Warning: OPMODE Input Warning : The OPMODE 011XX11 with CARRYINSEL  000 to DSP48E1 instance is invalid.
Time: 265100 ps  Iteration: 11  Process: /apatb_kp_502_7_top/AESL_inst_kp_502_7/dmul_64ns_64ns_64_5_max_dsp_1_U4/kp_502_7_dmul_64ns_64ns_64_5_max_dsp_1_ip_u/inst/i_synth/mult/OP/i_non_prim/R_AND_R/logic/R_AND_R/dsp48_e1/dsp48e1_add/DSP48E1_ADD/i_no_versal_es1_workaround/DSP/prcs_opmode_drc  File: G:/Xilinx/Vivado/2021.2/data/vhdl/src/unisims/primitive/DSP48E1.vhd
Warning: OPMODE Input Warning : The OPMODE 001XXXX with CARRYINSEL  000 to DSP48E1 instance is invalid.
Time: 305 ns  Iteration: 16  Process: /apatb_kp_502_7_top/AESL_inst_kp_502_7/dsub_64ns_64ns_64_5_full_dsp_1_U1/kp_502_7_dsub_64ns_64ns_64_5_full_dsp_1_ip_u/inst/i_synth/addsub_op/ADDSUB/logic_speed/OP/ALIGN_BLK/FRAC_ADDSUB/dsp_add/FRAC_ADDSUB/i_no_versal_es1_workaround/dsp48e1_add/DSP48E1_ADD/i_no_versal_es1_workaround/DSP/prcs_opmode_drc  File: G:/Xilinx/Vivado/2021.2/data/vhdl/src/unisims/primitive/DSP48E1.vhd
Warning: OPMODE Input Warning : The OPMODE 001XXXX with CARRYINSEL  000 to DSP48E1 instance is invalid.
Time: 655 ns  Iteration: 16  Process: /apatb_kp_502_7_top/AESL_inst_kp_502_7/dsub_64ns_64ns_64_5_full_dsp_1_U1/kp_502_7_dsub_64ns_64ns_64_5_full_dsp_1_ip_u/inst/i_synth/addsub_op/ADDSUB/logic_speed/OP/ALIGN_BLK/FRAC_ADDSUB/dsp_add/FRAC_ADDSUB/i_no_versal_es1_workaround/dsp48e1_add/DSP48E1_ADD/i_no_versal_es1_workaround/DSP/prcs_opmode_drc  File: G:/Xilinx/Vivado/2021.2/data/vhdl/src/unisims/primitive/DSP48E1.vhd
Warning: OPMODE Input Warning : The OPMODE 001XXXX with CARRYINSEL  000 to DSP48E1 instance is invalid.
Time: 655 ns  Iteration: 16  Process: /apatb_kp_502_7_top/AESL_inst_kp_502_7/dsub_64ns_64ns_64_5_full_dsp_1_U2/kp_502_7_dsub_64ns_64ns_64_5_full_dsp_1_ip_u/inst/i_synth/addsub_op/ADDSUB/logic_speed/OP/ALIGN_BLK/FRAC_ADDSUB/dsp_add/FRAC_ADDSUB/i_no_versal_es1_workaround/dsp48e1_add/DSP48E1_ADD/i_no_versal_es1_workaround/DSP/prcs_opmode_drc  File: G:/Xilinx/Vivado/2021.2/data/vhdl/src/unisims/primitive/DSP48E1.vhd
Warning: OPMODE Input Warning : The OPMODE 011XX11 with CARRYINSEL  000 to DSP48E1 instance is invalid.
Time: 665100 ps  Iteration: 11  Process: /apatb_kp_502_7_top/AESL_inst_kp_502_7/dmul_64ns_64ns_64_5_max_dsp_1_U3/kp_502_7_dmul_64ns_64ns_64_5_max_dsp_1_ip_u/inst/i_synth/mult/OP/i_non_prim/R_AND_R/logic/R_AND_R/dsp48_e1/dsp48e1_add/DSP48E1_ADD/i_no_versal_es1_workaround/DSP/prcs_opmode_drc  File: G:/Xilinx/Vivado/2021.2/data/vhdl/src/unisims/primitive/DSP48E1.vhd
Warning: OPMODE Input Warning : The OPMODE 011XX11 with CARRYINSEL  000 to DSP48E1 instance is invalid.
Time: 1055100 ps  Iteration: 11  Process: /apatb_kp_502_7_top/AESL_inst_kp_502_7/dmul_64ns_64ns_64_5_max_dsp_1_U3/kp_502_7_dmul_64ns_64ns_64_5_max_dsp_1_ip_u/inst/i_synth/mult/OP/i_non_prim/R_AND_R/logic/R_AND_R/dsp48_e1/dsp48e1_add/DSP48E1_ADD/i_no_versal_es1_workaround/DSP/prcs_opmode_drc  File: G:/Xilinx/Vivado/2021.2/data/vhdl/src/unisims/primitive/DSP48E1.vhd
Warning: OPMODE Input Warning : The OPMODE 011XX11 with CARRYINSEL  000 to DSP48E1 instance is invalid.
Time: 1105100 ps  Iteration: 11  Process: /apatb_kp_502_7_top/AESL_inst_kp_502_7/dmul_64ns_64ns_64_5_max_dsp_1_U3/kp_502_7_dmul_64ns_64ns_64_5_max_dsp_1_ip_u/inst/i_synth/mult/OP/i_non_prim/R_AND_R/logic/R_AND_R/dsp48_e1/dsp48e1_add/DSP48E1_ADD/i_no_versal_es1_workaround/DSP/prcs_opmode_drc  File: G:/Xilinx/Vivado/2021.2/data/vhdl/src/unisims/primitive/DSP48E1.vhd
Warning: OPMODE Input Warning : The OPMODE 011XX11 with CARRYINSEL  000 to DSP48E1 instance is invalid.
Time: 1105100 ps  Iteration: 11  Process: /apatb_kp_502_7_top/AESL_inst_kp_502_7/dmul_64ns_64ns_64_5_max_dsp_1_U4/kp_502_7_dmul_64ns_64ns_64_5_max_dsp_1_ip_u/inst/i_synth/mult/OP/i_non_prim/R_AND_R/logic/R_AND_R/dsp48_e1/dsp48e1_add/DSP48E1_ADD/i_no_versal_es1_workaround/DSP/prcs_opmode_drc  File: G:/Xilinx/Vivado/2021.2/data/vhdl/src/unisims/primitive/DSP48E1.vhd
Warning: OPMODE Input Warning : The OPMODE 001XXXX with CARRYINSEL  000 to DSP48E1 instance is invalid.
Time: 1145 ns  Iteration: 16  Process: /apatb_kp_502_7_top/AESL_inst_kp_502_7/dsub_64ns_64ns_64_5_full_dsp_1_U1/kp_502_7_dsub_64ns_64ns_64_5_full_dsp_1_ip_u/inst/i_synth/addsub_op/ADDSUB/logic_speed/OP/ALIGN_BLK/FRAC_ADDSUB/dsp_add/FRAC_ADDSUB/i_no_versal_es1_workaround/dsp48e1_add/DSP48E1_ADD/i_no_versal_es1_workaround/DSP/prcs_opmode_drc  File: G:/Xilinx/Vivado/2021.2/data/vhdl/src/unisims/primitive/DSP48E1.vhd
Warning: OPMODE Input Warning : The OPMODE 001XXXX with CARRYINSEL  000 to DSP48E1 instance is invalid.
Time: 1495 ns  Iteration: 16  Process: /apatb_kp_502_7_top/AESL_inst_kp_502_7/dsub_64ns_64ns_64_5_full_dsp_1_U1/kp_502_7_dsub_64ns_64ns_64_5_full_dsp_1_ip_u/inst/i_synth/addsub_op/ADDSUB/logic_speed/OP/ALIGN_BLK/FRAC_ADDSUB/dsp_add/FRAC_ADDSUB/i_no_versal_es1_workaround/dsp48e1_add/DSP48E1_ADD/i_no_versal_es1_workaround/DSP/prcs_opmode_drc  File: G:/Xilinx/Vivado/2021.2/data/vhdl/src/unisims/primitive/DSP48E1.vhd
Warning: OPMODE Input Warning : The OPMODE 001XXXX with CARRYINSEL  000 to DSP48E1 instance is invalid.
Time: 1495 ns  Iteration: 16  Process: /apatb_kp_502_7_top/AESL_inst_kp_502_7/dsub_64ns_64ns_64_5_full_dsp_1_U2/kp_502_7_dsub_64ns_64ns_64_5_full_dsp_1_ip_u/inst/i_synth/addsub_op/ADDSUB/logic_speed/OP/ALIGN_BLK/FRAC_ADDSUB/dsp_add/FRAC_ADDSUB/i_no_versal_es1_workaround/dsp48e1_add/DSP48E1_ADD/i_no_versal_es1_workaround/DSP/prcs_opmode_drc  File: G:/Xilinx/Vivado/2021.2/data/vhdl/src/unisims/primitive/DSP48E1.vhd
Warning: OPMODE Input Warning : The OPMODE 011XX11 with CARRYINSEL  000 to DSP48E1 instance is invalid.
Time: 1505100 ps  Iteration: 11  Process: /apatb_kp_502_7_top/AESL_inst_kp_502_7/dmul_64ns_64ns_64_5_max_dsp_1_U3/kp_502_7_dmul_64ns_64ns_64_5_max_dsp_1_ip_u/inst/i_synth/mult/OP/i_non_prim/R_AND_R/logic/R_AND_R/dsp48_e1/dsp48e1_add/DSP48E1_ADD/i_no_versal_es1_workaround/DSP/prcs_opmode_drc  File: G:/Xilinx/Vivado/2021.2/data/vhdl/src/unisims/primitive/DSP48E1.vhd
Warning: OPMODE Input Warning : The OPMODE 011XX11 with CARRYINSEL  000 to DSP48E1 instance is invalid.
Time: 1895100 ps  Iteration: 11  Process: /apatb_kp_502_7_top/AESL_inst_kp_502_7/dmul_64ns_64ns_64_5_max_dsp_1_U3/kp_502_7_dmul_64ns_64ns_64_5_max_dsp_1_ip_u/inst/i_synth/mult/OP/i_non_prim/R_AND_R/logic/R_AND_R/dsp48_e1/dsp48e1_add/DSP48E1_ADD/i_no_versal_es1_workaround/DSP/prcs_opmode_drc  File: G:/Xilinx/Vivado/2021.2/data/vhdl/src/unisims/primitive/DSP48E1.vhd
Warning: OPMODE Input Warning : The OPMODE 011XX11 with CARRYINSEL  000 to DSP48E1 instance is invalid.
Time: 1945100 ps  Iteration: 11  Process: /apatb_kp_502_7_top/AESL_inst_kp_502_7/dmul_64ns_64ns_64_5_max_dsp_1_U3/kp_502_7_dmul_64ns_64ns_64_5_max_dsp_1_ip_u/inst/i_synth/mult/OP/i_non_prim/R_AND_R/logic/R_AND_R/dsp48_e1/dsp48e1_add/DSP48E1_ADD/i_no_versal_es1_workaround/DSP/prcs_opmode_drc  File: G:/Xilinx/Vivado/2021.2/data/vhdl/src/unisims/primitive/DSP48E1.vhd
Warning: OPMODE Input Warning : The OPMODE 011XX11 with CARRYINSEL  000 to DSP48E1 instance is invalid.
Time: 1945100 ps  Iteration: 11  Process: /apatb_kp_502_7_top/AESL_inst_kp_502_7/dmul_64ns_64ns_64_5_max_dsp_1_U4/kp_502_7_dmul_64ns_64ns_64_5_max_dsp_1_ip_u/inst/i_synth/mult/OP/i_non_prim/R_AND_R/logic/R_AND_R/dsp48_e1/dsp48e1_add/DSP48E1_ADD/i_no_versal_es1_workaround/DSP/prcs_opmode_drc  File: G:/Xilinx/Vivado/2021.2/data/vhdl/src/unisims/primitive/DSP48E1.vhd
Warning: OPMODE Input Warning : The OPMODE 001XXXX with CARRYINSEL  000 to DSP48E1 instance is invalid.
Time: 1985 ns  Iteration: 16  Process: /apatb_kp_502_7_top/AESL_inst_kp_502_7/dsub_64ns_64ns_64_5_full_dsp_1_U1/kp_502_7_dsub_64ns_64ns_64_5_full_dsp_1_ip_u/inst/i_synth/addsub_op/ADDSUB/logic_speed/OP/ALIGN_BLK/FRAC_ADDSUB/dsp_add/FRAC_ADDSUB/i_no_versal_es1_workaround/dsp48e1_add/DSP48E1_ADD/i_no_versal_es1_workaround/DSP/prcs_opmode_drc  File: G:/Xilinx/Vivado/2021.2/data/vhdl/src/unisims/primitive/DSP48E1.vhd
Warning: OPMODE Input Warning : The OPMODE 001XXXX with CARRYINSEL  000 to DSP48E1 instance is invalid.
Time: 2335 ns  Iteration: 16  Process: /apatb_kp_502_7_top/AESL_inst_kp_502_7/dsub_64ns_64ns_64_5_full_dsp_1_U1/kp_502_7_dsub_64ns_64ns_64_5_full_dsp_1_ip_u/inst/i_synth/addsub_op/ADDSUB/logic_speed/OP/ALIGN_BLK/FRAC_ADDSUB/dsp_add/FRAC_ADDSUB/i_no_versal_es1_workaround/dsp48e1_add/DSP48E1_ADD/i_no_versal_es1_workaround/DSP/prcs_opmode_drc  File: G:/Xilinx/Vivado/2021.2/data/vhdl/src/unisims/primitive/DSP48E1.vhd
Warning: OPMODE Input Warning : The OPMODE 001XXXX with CARRYINSEL  000 to DSP48E1 instance is invalid.
Time: 2335 ns  Iteration: 16  Process: /apatb_kp_502_7_top/AESL_inst_kp_502_7/dsub_64ns_64ns_64_5_full_dsp_1_U2/kp_502_7_dsub_64ns_64ns_64_5_full_dsp_1_ip_u/inst/i_synth/addsub_op/ADDSUB/logic_speed/OP/ALIGN_BLK/FRAC_ADDSUB/dsp_add/FRAC_ADDSUB/i_no_versal_es1_workaround/dsp48e1_add/DSP48E1_ADD/i_no_versal_es1_workaround/DSP/prcs_opmode_drc  File: G:/Xilinx/Vivado/2021.2/data/vhdl/src/unisims/primitive/DSP48E1.vhd
Warning: OPMODE Input Warning : The OPMODE 011XX11 with CARRYINSEL  000 to DSP48E1 instance is invalid.
Time: 2345100 ps  Iteration: 11  Process: /apatb_kp_502_7_top/AESL_inst_kp_502_7/dmul_64ns_64ns_64_5_max_dsp_1_U3/kp_502_7_dmul_64ns_64ns_64_5_max_dsp_1_ip_u/inst/i_synth/mult/OP/i_non_prim/R_AND_R/logic/R_AND_R/dsp48_e1/dsp48e1_add/DSP48E1_ADD/i_no_versal_es1_workaround/DSP/prcs_opmode_drc  File: G:/Xilinx/Vivado/2021.2/data/vhdl/src/unisims/primitive/DSP48E1.vhd
Warning: OPMODE Input Warning : The OPMODE 011XX11 with CARRYINSEL  000 to DSP48E1 instance is invalid.
Time: 2735100 ps  Iteration: 11  Process: /apatb_kp_502_7_top/AESL_inst_kp_502_7/dmul_64ns_64ns_64_5_max_dsp_1_U3/kp_502_7_dmul_64ns_64ns_64_5_max_dsp_1_ip_u/inst/i_synth/mult/OP/i_non_prim/R_AND_R/logic/R_AND_R/dsp48_e1/dsp48e1_add/DSP48E1_ADD/i_no_versal_es1_workaround/DSP/prcs_opmode_drc  File: G:/Xilinx/Vivado/2021.2/data/vhdl/src/unisims/primitive/DSP48E1.vhd
Warning: OPMODE Input Warning : The OPMODE 011XX11 with CARRYINSEL  000 to DSP48E1 instance is invalid.
Time: 2785100 ps  Iteration: 11  Process: /apatb_kp_502_7_top/AESL_inst_kp_502_7/dmul_64ns_64ns_64_5_max_dsp_1_U3/kp_502_7_dmul_64ns_64ns_64_5_max_dsp_1_ip_u/inst/i_synth/mult/OP/i_non_prim/R_AND_R/logic/R_AND_R/dsp48_e1/dsp48e1_add/DSP48E1_ADD/i_no_versal_es1_workaround/DSP/prcs_opmode_drc  File: G:/Xilinx/Vivado/2021.2/data/vhdl/src/unisims/primitive/DSP48E1.vhd
Warning: OPMODE Input Warning : The OPMODE 011XX11 with CARRYINSEL  000 to DSP48E1 instance is invalid.
Time: 2785100 ps  Iteration: 11  Process: /apatb_kp_502_7_top/AESL_inst_kp_502_7/dmul_64ns_64ns_64_5_max_dsp_1_U4/kp_502_7_dmul_64ns_64ns_64_5_max_dsp_1_ip_u/inst/i_synth/mult/OP/i_non_prim/R_AND_R/logic/R_AND_R/dsp48_e1/dsp48e1_add/DSP48E1_ADD/i_no_versal_es1_workaround/DSP/prcs_opmode_drc  File: G:/Xilinx/Vivado/2021.2/data/vhdl/src/unisims/primitive/DSP48E1.vhd
Warning: OPMODE Input Warning : The OPMODE 001XXXX with CARRYINSEL  000 to DSP48E1 instance is invalid.
Time: 2825 ns  Iteration: 16  Process: /apatb_kp_502_7_top/AESL_inst_kp_502_7/dsub_64ns_64ns_64_5_full_dsp_1_U1/kp_502_7_dsub_64ns_64ns_64_5_full_dsp_1_ip_u/inst/i_synth/addsub_op/ADDSUB/logic_speed/OP/ALIGN_BLK/FRAC_ADDSUB/dsp_add/FRAC_ADDSUB/i_no_versal_es1_workaround/dsp48e1_add/DSP48E1_ADD/i_no_versal_es1_workaround/DSP/prcs_opmode_drc  File: G:/Xilinx/Vivado/2021.2/data/vhdl/src/unisims/primitive/DSP48E1.vhd
Warning: OPMODE Input Warning : The OPMODE 001XXXX with CARRYINSEL  000 to DSP48E1 instance is invalid.
Time: 3175 ns  Iteration: 16  Process: /apatb_kp_502_7_top/AESL_inst_kp_502_7/dsub_64ns_64ns_64_5_full_dsp_1_U1/kp_502_7_dsub_64ns_64ns_64_5_full_dsp_1_ip_u/inst/i_synth/addsub_op/ADDSUB/logic_speed/OP/ALIGN_BLK/FRAC_ADDSUB/dsp_add/FRAC_ADDSUB/i_no_versal_es1_workaround/dsp48e1_add/DSP48E1_ADD/i_no_versal_es1_workaround/DSP/prcs_opmode_drc  File: G:/Xilinx/Vivado/2021.2/data/vhdl/src/unisims/primitive/DSP48E1.vhd
Warning: OPMODE Input Warning : The OPMODE 001XXXX with CARRYINSEL  000 to DSP48E1 instance is invalid.
Time: 3175 ns  Iteration: 16  Process: /apatb_kp_502_7_top/AESL_inst_kp_502_7/dsub_64ns_64ns_64_5_full_dsp_1_U2/kp_502_7_dsub_64ns_64ns_64_5_full_dsp_1_ip_u/inst/i_synth/addsub_op/ADDSUB/logic_speed/OP/ALIGN_BLK/FRAC_ADDSUB/dsp_add/FRAC_ADDSUB/i_no_versal_es1_workaround/dsp48e1_add/DSP48E1_ADD/i_no_versal_es1_workaround/DSP/prcs_opmode_drc  File: G:/Xilinx/Vivado/2021.2/data/vhdl/src/unisims/primitive/DSP48E1.vhd
Warning: OPMODE Input Warning : The OPMODE 011XX11 with CARRYINSEL  000 to DSP48E1 instance is invalid.
Time: 3185100 ps  Iteration: 11  Process: /apatb_kp_502_7_top/AESL_inst_kp_502_7/dmul_64ns_64ns_64_5_max_dsp_1_U3/kp_502_7_dmul_64ns_64ns_64_5_max_dsp_1_ip_u/inst/i_synth/mult/OP/i_non_prim/R_AND_R/logic/R_AND_R/dsp48_e1/dsp48e1_add/DSP48E1_ADD/i_no_versal_es1_workaround/DSP/prcs_opmode_drc  File: G:/Xilinx/Vivado/2021.2/data/vhdl/src/unisims/primitive/DSP48E1.vhd
// RTL Simulation : 1 / 3 [100.00%] @ "3515000"
Warning: OPMODE Input Warning : The OPMODE 011XX11 with CARRYINSEL  000 to DSP48E1 instance is invalid.
Time: 3595100 ps  Iteration: 11  Process: /apatb_kp_502_7_top/AESL_inst_kp_502_7/dmul_64ns_64ns_64_5_max_dsp_1_U3/kp_502_7_dmul_64ns_64ns_64_5_max_dsp_1_ip_u/inst/i_synth/mult/OP/i_non_prim/R_AND_R/logic/R_AND_R/dsp48_e1/dsp48e1_add/DSP48E1_ADD/i_no_versal_es1_workaround/DSP/prcs_opmode_drc  File: G:/Xilinx/Vivado/2021.2/data/vhdl/src/unisims/primitive/DSP48E1.vhd
Warning: OPMODE Input Warning : The OPMODE 011XX11 with CARRYINSEL  000 to DSP48E1 instance is invalid.
Time: 3645100 ps  Iteration: 11  Process: /apatb_kp_502_7_top/AESL_inst_kp_502_7/dmul_64ns_64ns_64_5_max_dsp_1_U3/kp_502_7_dmul_64ns_64ns_64_5_max_dsp_1_ip_u/inst/i_synth/mult/OP/i_non_prim/R_AND_R/logic/R_AND_R/dsp48_e1/dsp48e1_add/DSP48E1_ADD/i_no_versal_es1_workaround/DSP/prcs_opmode_drc  File: G:/Xilinx/Vivado/2021.2/data/vhdl/src/unisims/primitive/DSP48E1.vhd
Warning: OPMODE Input Warning : The OPMODE 011XX11 with CARRYINSEL  000 to DSP48E1 instance is invalid.
Time: 3645100 ps  Iteration: 11  Process: /apatb_kp_502_7_top/AESL_inst_kp_502_7/dmul_64ns_64ns_64_5_max_dsp_1_U4/kp_502_7_dmul_64ns_64ns_64_5_max_dsp_1_ip_u/inst/i_synth/mult/OP/i_non_prim/R_AND_R/logic/R_AND_R/dsp48_e1/dsp48e1_add/DSP48E1_ADD/i_no_versal_es1_workaround/DSP/prcs_opmode_drc  File: G:/Xilinx/Vivado/2021.2/data/vhdl/src/unisims/primitive/DSP48E1.vhd
Warning: OPMODE Input Warning : The OPMODE 001XXXX with CARRYINSEL  000 to DSP48E1 instance is invalid.
Time: 3685 ns  Iteration: 16  Process: /apatb_kp_502_7_top/AESL_inst_kp_502_7/dsub_64ns_64ns_64_5_full_dsp_1_U1/kp_502_7_dsub_64ns_64ns_64_5_full_dsp_1_ip_u/inst/i_synth/addsub_op/ADDSUB/logic_speed/OP/ALIGN_BLK/FRAC_ADDSUB/dsp_add/FRAC_ADDSUB/i_no_versal_es1_workaround/dsp48e1_add/DSP48E1_ADD/i_no_versal_es1_workaround/DSP/prcs_opmode_drc  File: G:/Xilinx/Vivado/2021.2/data/vhdl/src/unisims/primitive/DSP48E1.vhd
Warning: OPMODE Input Warning : The OPMODE 001XXXX with CARRYINSEL  000 to DSP48E1 instance is invalid.
Time: 4035 ns  Iteration: 16  Process: /apatb_kp_502_7_top/AESL_inst_kp_502_7/dsub_64ns_64ns_64_5_full_dsp_1_U1/kp_502_7_dsub_64ns_64ns_64_5_full_dsp_1_ip_u/inst/i_synth/addsub_op/ADDSUB/logic_speed/OP/ALIGN_BLK/FRAC_ADDSUB/dsp_add/FRAC_ADDSUB/i_no_versal_es1_workaround/dsp48e1_add/DSP48E1_ADD/i_no_versal_es1_workaround/DSP/prcs_opmode_drc  File: G:/Xilinx/Vivado/2021.2/data/vhdl/src/unisims/primitive/DSP48E1.vhd
Warning: OPMODE Input Warning : The OPMODE 001XXXX with CARRYINSEL  000 to DSP48E1 instance is invalid.
Time: 4035 ns  Iteration: 16  Process: /apatb_kp_502_7_top/AESL_inst_kp_502_7/dsub_64ns_64ns_64_5_full_dsp_1_U2/kp_502_7_dsub_64ns_64ns_64_5_full_dsp_1_ip_u/inst/i_synth/addsub_op/ADDSUB/logic_speed/OP/ALIGN_BLK/FRAC_ADDSUB/dsp_add/FRAC_ADDSUB/i_no_versal_es1_workaround/dsp48e1_add/DSP48E1_ADD/i_no_versal_es1_workaround/DSP/prcs_opmode_drc  File: G:/Xilinx/Vivado/2021.2/data/vhdl/src/unisims/primitive/DSP48E1.vhd
Warning: OPMODE Input Warning : The OPMODE 011XX11 with CARRYINSEL  000 to DSP48E1 instance is invalid.
Time: 4045100 ps  Iteration: 11  Process: /apatb_kp_502_7_top/AESL_inst_kp_502_7/dmul_64ns_64ns_64_5_max_dsp_1_U3/kp_502_7_dmul_64ns_64ns_64_5_max_dsp_1_ip_u/inst/i_synth/mult/OP/i_non_prim/R_AND_R/logic/R_AND_R/dsp48_e1/dsp48e1_add/DSP48E1_ADD/i_no_versal_es1_workaround/DSP/prcs_opmode_drc  File: G:/Xilinx/Vivado/2021.2/data/vhdl/src/unisims/primitive/DSP48E1.vhd
Warning: OPMODE Input Warning : The OPMODE 011XX11 with CARRYINSEL  000 to DSP48E1 instance is invalid.
Time: 4435100 ps  Iteration: 11  Process: /apatb_kp_502_7_top/AESL_inst_kp_502_7/dmul_64ns_64ns_64_5_max_dsp_1_U3/kp_502_7_dmul_64ns_64ns_64_5_max_dsp_1_ip_u/inst/i_synth/mult/OP/i_non_prim/R_AND_R/logic/R_AND_R/dsp48_e1/dsp48e1_add/DSP48E1_ADD/i_no_versal_es1_workaround/DSP/prcs_opmode_drc  File: G:/Xilinx/Vivado/2021.2/data/vhdl/src/unisims/primitive/DSP48E1.vhd
Warning: OPMODE Input Warning : The OPMODE 011XX11 with CARRYINSEL  000 to DSP48E1 instance is invalid.
Time: 4485100 ps  Iteration: 11  Process: /apatb_kp_502_7_top/AESL_inst_kp_502_7/dmul_64ns_64ns_64_5_max_dsp_1_U3/kp_502_7_dmul_64ns_64ns_64_5_max_dsp_1_ip_u/inst/i_synth/mult/OP/i_non_prim/R_AND_R/logic/R_AND_R/dsp48_e1/dsp48e1_add/DSP48E1_ADD/i_no_versal_es1_workaround/DSP/prcs_opmode_drc  File: G:/Xilinx/Vivado/2021.2/data/vhdl/src/unisims/primitive/DSP48E1.vhd
Warning: OPMODE Input Warning : The OPMODE 011XX11 with CARRYINSEL  000 to DSP48E1 instance is invalid.
Time: 4485100 ps  Iteration: 11  Process: /apatb_kp_502_7_top/AESL_inst_kp_502_7/dmul_64ns_64ns_64_5_max_dsp_1_U4/kp_502_7_dmul_64ns_64ns_64_5_max_dsp_1_ip_u/inst/i_synth/mult/OP/i_non_prim/R_AND_R/logic/R_AND_R/dsp48_e1/dsp48e1_add/DSP48E1_ADD/i_no_versal_es1_workaround/DSP/prcs_opmode_drc  File: G:/Xilinx/Vivado/2021.2/data/vhdl/src/unisims/primitive/DSP48E1.vhd
Warning: OPMODE Input Warning : The OPMODE 001XXXX with CARRYINSEL  000 to DSP48E1 instance is invalid.
Time: 4525 ns  Iteration: 16  Process: /apatb_kp_502_7_top/AESL_inst_kp_502_7/dsub_64ns_64ns_64_5_full_dsp_1_U1/kp_502_7_dsub_64ns_64ns_64_5_full_dsp_1_ip_u/inst/i_synth/addsub_op/ADDSUB/logic_speed/OP/ALIGN_BLK/FRAC_ADDSUB/dsp_add/FRAC_ADDSUB/i_no_versal_es1_workaround/dsp48e1_add/DSP48E1_ADD/i_no_versal_es1_workaround/DSP/prcs_opmode_drc  File: G:/Xilinx/Vivado/2021.2/data/vhdl/src/unisims/primitive/DSP48E1.vhd
Warning: OPMODE Input Warning : The OPMODE 001XXXX with CARRYINSEL  000 to DSP48E1 instance is invalid.
Time: 4875 ns  Iteration: 16  Process: /apatb_kp_502_7_top/AESL_inst_kp_502_7/dsub_64ns_64ns_64_5_full_dsp_1_U1/kp_502_7_dsub_64ns_64ns_64_5_full_dsp_1_ip_u/inst/i_synth/addsub_op/ADDSUB/logic_speed/OP/ALIGN_BLK/FRAC_ADDSUB/dsp_add/FRAC_ADDSUB/i_no_versal_es1_workaround/dsp48e1_add/DSP48E1_ADD/i_no_versal_es1_workaround/DSP/prcs_opmode_drc  File: G:/Xilinx/Vivado/2021.2/data/vhdl/src/unisims/primitive/DSP48E1.vhd
Warning: OPMODE Input Warning : The OPMODE 001XXXX with CARRYINSEL  000 to DSP48E1 instance is invalid.
Time: 4875 ns  Iteration: 16  Process: /apatb_kp_502_7_top/AESL_inst_kp_502_7/dsub_64ns_64ns_64_5_full_dsp_1_U2/kp_502_7_dsub_64ns_64ns_64_5_full_dsp_1_ip_u/inst/i_synth/addsub_op/ADDSUB/logic_speed/OP/ALIGN_BLK/FRAC_ADDSUB/dsp_add/FRAC_ADDSUB/i_no_versal_es1_workaround/dsp48e1_add/DSP48E1_ADD/i_no_versal_es1_workaround/DSP/prcs_opmode_drc  File: G:/Xilinx/Vivado/2021.2/data/vhdl/src/unisims/primitive/DSP48E1.vhd
Warning: OPMODE Input Warning : The OPMODE 011XX11 with CARRYINSEL  000 to DSP48E1 instance is invalid.
Time: 4885100 ps  Iteration: 11  Process: /apatb_kp_502_7_top/AESL_inst_kp_502_7/dmul_64ns_64ns_64_5_max_dsp_1_U3/kp_502_7_dmul_64ns_64ns_64_5_max_dsp_1_ip_u/inst/i_synth/mult/OP/i_non_prim/R_AND_R/logic/R_AND_R/dsp48_e1/dsp48e1_add/DSP48E1_ADD/i_no_versal_es1_workaround/DSP/prcs_opmode_drc  File: G:/Xilinx/Vivado/2021.2/data/vhdl/src/unisims/primitive/DSP48E1.vhd
Warning: OPMODE Input Warning : The OPMODE 011XX11 with CARRYINSEL  000 to DSP48E1 instance is invalid.
Time: 5275100 ps  Iteration: 11  Process: /apatb_kp_502_7_top/AESL_inst_kp_502_7/dmul_64ns_64ns_64_5_max_dsp_1_U3/kp_502_7_dmul_64ns_64ns_64_5_max_dsp_1_ip_u/inst/i_synth/mult/OP/i_non_prim/R_AND_R/logic/R_AND_R/dsp48_e1/dsp48e1_add/DSP48E1_ADD/i_no_versal_es1_workaround/DSP/prcs_opmode_drc  File: G:/Xilinx/Vivado/2021.2/data/vhdl/src/unisims/primitive/DSP48E1.vhd
Warning: OPMODE Input Warning : The OPMODE 011XX11 with CARRYINSEL  000 to DSP48E1 instance is invalid.
Time: 5325100 ps  Iteration: 11  Process: /apatb_kp_502_7_top/AESL_inst_kp_502_7/dmul_64ns_64ns_64_5_max_dsp_1_U3/kp_502_7_dmul_64ns_64ns_64_5_max_dsp_1_ip_u/inst/i_synth/mult/OP/i_non_prim/R_AND_R/logic/R_AND_R/dsp48_e1/dsp48e1_add/DSP48E1_ADD/i_no_versal_es1_workaround/DSP/prcs_opmode_drc  File: G:/Xilinx/Vivado/2021.2/data/vhdl/src/unisims/primitive/DSP48E1.vhd
Warning: OPMODE Input Warning : The OPMODE 011XX11 with CARRYINSEL  000 to DSP48E1 instance is invalid.
Time: 5325100 ps  Iteration: 11  Process: /apatb_kp_502_7_top/AESL_inst_kp_502_7/dmul_64ns_64ns_64_5_max_dsp_1_U4/kp_502_7_dmul_64ns_64ns_64_5_max_dsp_1_ip_u/inst/i_synth/mult/OP/i_non_prim/R_AND_R/logic/R_AND_R/dsp48_e1/dsp48e1_add/DSP48E1_ADD/i_no_versal_es1_workaround/DSP/prcs_opmode_drc  File: G:/Xilinx/Vivado/2021.2/data/vhdl/src/unisims/primitive/DSP48E1.vhd
Warning: OPMODE Input Warning : The OPMODE 001XXXX with CARRYINSEL  000 to DSP48E1 instance is invalid.
Time: 5365 ns  Iteration: 16  Process: /apatb_kp_502_7_top/AESL_inst_kp_502_7/dsub_64ns_64ns_64_5_full_dsp_1_U1/kp_502_7_dsub_64ns_64ns_64_5_full_dsp_1_ip_u/inst/i_synth/addsub_op/ADDSUB/logic_speed/OP/ALIGN_BLK/FRAC_ADDSUB/dsp_add/FRAC_ADDSUB/i_no_versal_es1_workaround/dsp48e1_add/DSP48E1_ADD/i_no_versal_es1_workaround/DSP/prcs_opmode_drc  File: G:/Xilinx/Vivado/2021.2/data/vhdl/src/unisims/primitive/DSP48E1.vhd
Warning: OPMODE Input Warning : The OPMODE 001XXXX with CARRYINSEL  000 to DSP48E1 instance is invalid.
Time: 5715 ns  Iteration: 16  Process: /apatb_kp_502_7_top/AESL_inst_kp_502_7/dsub_64ns_64ns_64_5_full_dsp_1_U1/kp_502_7_dsub_64ns_64ns_64_5_full_dsp_1_ip_u/inst/i_synth/addsub_op/ADDSUB/logic_speed/OP/ALIGN_BLK/FRAC_ADDSUB/dsp_add/FRAC_ADDSUB/i_no_versal_es1_workaround/dsp48e1_add/DSP48E1_ADD/i_no_versal_es1_workaround/DSP/prcs_opmode_drc  File: G:/Xilinx/Vivado/2021.2/data/vhdl/src/unisims/primitive/DSP48E1.vhd
Warning: OPMODE Input Warning : The OPMODE 001XXXX with CARRYINSEL  000 to DSP48E1 instance is invalid.
Time: 5715 ns  Iteration: 16  Process: /apatb_kp_502_7_top/AESL_inst_kp_502_7/dsub_64ns_64ns_64_5_full_dsp_1_U2/kp_502_7_dsub_64ns_64ns_64_5_full_dsp_1_ip_u/inst/i_synth/addsub_op/ADDSUB/logic_speed/OP/ALIGN_BLK/FRAC_ADDSUB/dsp_add/FRAC_ADDSUB/i_no_versal_es1_workaround/dsp48e1_add/DSP48E1_ADD/i_no_versal_es1_workaround/DSP/prcs_opmode_drc  File: G:/Xilinx/Vivado/2021.2/data/vhdl/src/unisims/primitive/DSP48E1.vhd
Warning: OPMODE Input Warning : The OPMODE 011XX11 with CARRYINSEL  000 to DSP48E1 instance is invalid.
Time: 5725100 ps  Iteration: 11  Process: /apatb_kp_502_7_top/AESL_inst_kp_502_7/dmul_64ns_64ns_64_5_max_dsp_1_U3/kp_502_7_dmul_64ns_64ns_64_5_max_dsp_1_ip_u/inst/i_synth/mult/OP/i_non_prim/R_AND_R/logic/R_AND_R/dsp48_e1/dsp48e1_add/DSP48E1_ADD/i_no_versal_es1_workaround/DSP/prcs_opmode_drc  File: G:/Xilinx/Vivado/2021.2/data/vhdl/src/unisims/primitive/DSP48E1.vhd
Warning: OPMODE Input Warning : The OPMODE 011XX11 with CARRYINSEL  000 to DSP48E1 instance is invalid.
Time: 6115100 ps  Iteration: 11  Process: /apatb_kp_502_7_top/AESL_inst_kp_502_7/dmul_64ns_64ns_64_5_max_dsp_1_U3/kp_502_7_dmul_64ns_64ns_64_5_max_dsp_1_ip_u/inst/i_synth/mult/OP/i_non_prim/R_AND_R/logic/R_AND_R/dsp48_e1/dsp48e1_add/DSP48E1_ADD/i_no_versal_es1_workaround/DSP/prcs_opmode_drc  File: G:/Xilinx/Vivado/2021.2/data/vhdl/src/unisims/primitive/DSP48E1.vhd
Warning: OPMODE Input Warning : The OPMODE 011XX11 with CARRYINSEL  000 to DSP48E1 instance is invalid.
Time: 6165100 ps  Iteration: 11  Process: /apatb_kp_502_7_top/AESL_inst_kp_502_7/dmul_64ns_64ns_64_5_max_dsp_1_U3/kp_502_7_dmul_64ns_64ns_64_5_max_dsp_1_ip_u/inst/i_synth/mult/OP/i_non_prim/R_AND_R/logic/R_AND_R/dsp48_e1/dsp48e1_add/DSP48E1_ADD/i_no_versal_es1_workaround/DSP/prcs_opmode_drc  File: G:/Xilinx/Vivado/2021.2/data/vhdl/src/unisims/primitive/DSP48E1.vhd
Warning: OPMODE Input Warning : The OPMODE 011XX11 with CARRYINSEL  000 to DSP48E1 instance is invalid.
Time: 6165100 ps  Iteration: 11  Process: /apatb_kp_502_7_top/AESL_inst_kp_502_7/dmul_64ns_64ns_64_5_max_dsp_1_U4/kp_502_7_dmul_64ns_64ns_64_5_max_dsp_1_ip_u/inst/i_synth/mult/OP/i_non_prim/R_AND_R/logic/R_AND_R/dsp48_e1/dsp48e1_add/DSP48E1_ADD/i_no_versal_es1_workaround/DSP/prcs_opmode_drc  File: G:/Xilinx/Vivado/2021.2/data/vhdl/src/unisims/primitive/DSP48E1.vhd
Warning: OPMODE Input Warning : The OPMODE 001XXXX with CARRYINSEL  000 to DSP48E1 instance is invalid.
Time: 6205 ns  Iteration: 16  Process: /apatb_kp_502_7_top/AESL_inst_kp_502_7/dsub_64ns_64ns_64_5_full_dsp_1_U1/kp_502_7_dsub_64ns_64ns_64_5_full_dsp_1_ip_u/inst/i_synth/addsub_op/ADDSUB/logic_speed/OP/ALIGN_BLK/FRAC_ADDSUB/dsp_add/FRAC_ADDSUB/i_no_versal_es1_workaround/dsp48e1_add/DSP48E1_ADD/i_no_versal_es1_workaround/DSP/prcs_opmode_drc  File: G:/Xilinx/Vivado/2021.2/data/vhdl/src/unisims/primitive/DSP48E1.vhd
Warning: OPMODE Input Warning : The OPMODE 001XXXX with CARRYINSEL  000 to DSP48E1 instance is invalid.
Time: 6555 ns  Iteration: 16  Process: /apatb_kp_502_7_top/AESL_inst_kp_502_7/dsub_64ns_64ns_64_5_full_dsp_1_U1/kp_502_7_dsub_64ns_64ns_64_5_full_dsp_1_ip_u/inst/i_synth/addsub_op/ADDSUB/logic_speed/OP/ALIGN_BLK/FRAC_ADDSUB/dsp_add/FRAC_ADDSUB/i_no_versal_es1_workaround/dsp48e1_add/DSP48E1_ADD/i_no_versal_es1_workaround/DSP/prcs_opmode_drc  File: G:/Xilinx/Vivado/2021.2/data/vhdl/src/unisims/primitive/DSP48E1.vhd
Warning: OPMODE Input Warning : The OPMODE 001XXXX with CARRYINSEL  000 to DSP48E1 instance is invalid.
Time: 6555 ns  Iteration: 16  Process: /apatb_kp_502_7_top/AESL_inst_kp_502_7/dsub_64ns_64ns_64_5_full_dsp_1_U2/kp_502_7_dsub_64ns_64ns_64_5_full_dsp_1_ip_u/inst/i_synth/addsub_op/ADDSUB/logic_speed/OP/ALIGN_BLK/FRAC_ADDSUB/dsp_add/FRAC_ADDSUB/i_no_versal_es1_workaround/dsp48e1_add/DSP48E1_ADD/i_no_versal_es1_workaround/DSP/prcs_opmode_drc  File: G:/Xilinx/Vivado/2021.2/data/vhdl/src/unisims/primitive/DSP48E1.vhd
Warning: OPMODE Input Warning : The OPMODE 011XX11 with CARRYINSEL  000 to DSP48E1 instance is invalid.
Time: 6565100 ps  Iteration: 11  Process: /apatb_kp_502_7_top/AESL_inst_kp_502_7/dmul_64ns_64ns_64_5_max_dsp_1_U3/kp_502_7_dmul_64ns_64ns_64_5_max_dsp_1_ip_u/inst/i_synth/mult/OP/i_non_prim/R_AND_R/logic/R_AND_R/dsp48_e1/dsp48e1_add/DSP48E1_ADD/i_no_versal_es1_workaround/DSP/prcs_opmode_drc  File: G:/Xilinx/Vivado/2021.2/data/vhdl/src/unisims/primitive/DSP48E1.vhd
// RTL Simulation : 2 / 3 [100.00%] @ "6895000"
Warning: OPMODE Input Warning : The OPMODE 011XX11 with CARRYINSEL  000 to DSP48E1 instance is invalid.
Time: 6975100 ps  Iteration: 11  Process: /apatb_kp_502_7_top/AESL_inst_kp_502_7/dmul_64ns_64ns_64_5_max_dsp_1_U3/kp_502_7_dmul_64ns_64ns_64_5_max_dsp_1_ip_u/inst/i_synth/mult/OP/i_non_prim/R_AND_R/logic/R_AND_R/dsp48_e1/dsp48e1_add/DSP48E1_ADD/i_no_versal_es1_workaround/DSP/prcs_opmode_drc  File: G:/Xilinx/Vivado/2021.2/data/vhdl/src/unisims/primitive/DSP48E1.vhd
Warning: OPMODE Input Warning : The OPMODE 011XX11 with CARRYINSEL  000 to DSP48E1 instance is invalid.
Time: 7025100 ps  Iteration: 11  Process: /apatb_kp_502_7_top/AESL_inst_kp_502_7/dmul_64ns_64ns_64_5_max_dsp_1_U3/kp_502_7_dmul_64ns_64ns_64_5_max_dsp_1_ip_u/inst/i_synth/mult/OP/i_non_prim/R_AND_R/logic/R_AND_R/dsp48_e1/dsp48e1_add/DSP48E1_ADD/i_no_versal_es1_workaround/DSP/prcs_opmode_drc  File: G:/Xilinx/Vivado/2021.2/data/vhdl/src/unisims/primitive/DSP48E1.vhd
Warning: OPMODE Input Warning : The OPMODE 011XX11 with CARRYINSEL  000 to DSP48E1 instance is invalid.
Time: 7025100 ps  Iteration: 11  Process: /apatb_kp_502_7_top/AESL_inst_kp_502_7/dmul_64ns_64ns_64_5_max_dsp_1_U4/kp_502_7_dmul_64ns_64ns_64_5_max_dsp_1_ip_u/inst/i_synth/mult/OP/i_non_prim/R_AND_R/logic/R_AND_R/dsp48_e1/dsp48e1_add/DSP48E1_ADD/i_no_versal_es1_workaround/DSP/prcs_opmode_drc  File: G:/Xilinx/Vivado/2021.2/data/vhdl/src/unisims/primitive/DSP48E1.vhd
Warning: OPMODE Input Warning : The OPMODE 001XXXX with CARRYINSEL  000 to DSP48E1 instance is invalid.
Time: 7065 ns  Iteration: 16  Process: /apatb_kp_502_7_top/AESL_inst_kp_502_7/dsub_64ns_64ns_64_5_full_dsp_1_U1/kp_502_7_dsub_64ns_64ns_64_5_full_dsp_1_ip_u/inst/i_synth/addsub_op/ADDSUB/logic_speed/OP/ALIGN_BLK/FRAC_ADDSUB/dsp_add/FRAC_ADDSUB/i_no_versal_es1_workaround/dsp48e1_add/DSP48E1_ADD/i_no_versal_es1_workaround/DSP/prcs_opmode_drc  File: G:/Xilinx/Vivado/2021.2/data/vhdl/src/unisims/primitive/DSP48E1.vhd
Warning: OPMODE Input Warning : The OPMODE 001XXXX with CARRYINSEL  000 to DSP48E1 instance is invalid.
Time: 7415 ns  Iteration: 16  Process: /apatb_kp_502_7_top/AESL_inst_kp_502_7/dsub_64ns_64ns_64_5_full_dsp_1_U1/kp_502_7_dsub_64ns_64ns_64_5_full_dsp_1_ip_u/inst/i_synth/addsub_op/ADDSUB/logic_speed/OP/ALIGN_BLK/FRAC_ADDSUB/dsp_add/FRAC_ADDSUB/i_no_versal_es1_workaround/dsp48e1_add/DSP48E1_ADD/i_no_versal_es1_workaround/DSP/prcs_opmode_drc  File: G:/Xilinx/Vivado/2021.2/data/vhdl/src/unisims/primitive/DSP48E1.vhd
Warning: OPMODE Input Warning : The OPMODE 001XXXX with CARRYINSEL  000 to DSP48E1 instance is invalid.
Time: 7415 ns  Iteration: 16  Process: /apatb_kp_502_7_top/AESL_inst_kp_502_7/dsub_64ns_64ns_64_5_full_dsp_1_U2/kp_502_7_dsub_64ns_64ns_64_5_full_dsp_1_ip_u/inst/i_synth/addsub_op/ADDSUB/logic_speed/OP/ALIGN_BLK/FRAC_ADDSUB/dsp_add/FRAC_ADDSUB/i_no_versal_es1_workaround/dsp48e1_add/DSP48E1_ADD/i_no_versal_es1_workaround/DSP/prcs_opmode_drc  File: G:/Xilinx/Vivado/2021.2/data/vhdl/src/unisims/primitive/DSP48E1.vhd
Warning: OPMODE Input Warning : The OPMODE 011XX11 with CARRYINSEL  000 to DSP48E1 instance is invalid.
Time: 7425100 ps  Iteration: 11  Process: /apatb_kp_502_7_top/AESL_inst_kp_502_7/dmul_64ns_64ns_64_5_max_dsp_1_U3/kp_502_7_dmul_64ns_64ns_64_5_max_dsp_1_ip_u/inst/i_synth/mult/OP/i_non_prim/R_AND_R/logic/R_AND_R/dsp48_e1/dsp48e1_add/DSP48E1_ADD/i_no_versal_es1_workaround/DSP/prcs_opmode_drc  File: G:/Xilinx/Vivado/2021.2/data/vhdl/src/unisims/primitive/DSP48E1.vhd
Warning: OPMODE Input Warning : The OPMODE 011XX11 with CARRYINSEL  000 to DSP48E1 instance is invalid.
Time: 7815100 ps  Iteration: 11  Process: /apatb_kp_502_7_top/AESL_inst_kp_502_7/dmul_64ns_64ns_64_5_max_dsp_1_U3/kp_502_7_dmul_64ns_64ns_64_5_max_dsp_1_ip_u/inst/i_synth/mult/OP/i_non_prim/R_AND_R/logic/R_AND_R/dsp48_e1/dsp48e1_add/DSP48E1_ADD/i_no_versal_es1_workaround/DSP/prcs_opmode_drc  File: G:/Xilinx/Vivado/2021.2/data/vhdl/src/unisims/primitive/DSP48E1.vhd
Warning: OPMODE Input Warning : The OPMODE 011XX11 with CARRYINSEL  000 to DSP48E1 instance is invalid.
Time: 7865100 ps  Iteration: 11  Process: /apatb_kp_502_7_top/AESL_inst_kp_502_7/dmul_64ns_64ns_64_5_max_dsp_1_U3/kp_502_7_dmul_64ns_64ns_64_5_max_dsp_1_ip_u/inst/i_synth/mult/OP/i_non_prim/R_AND_R/logic/R_AND_R/dsp48_e1/dsp48e1_add/DSP48E1_ADD/i_no_versal_es1_workaround/DSP/prcs_opmode_drc  File: G:/Xilinx/Vivado/2021.2/data/vhdl/src/unisims/primitive/DSP48E1.vhd
Warning: OPMODE Input Warning : The OPMODE 011XX11 with CARRYINSEL  000 to DSP48E1 instance is invalid.
Time: 7865100 ps  Iteration: 11  Process: /apatb_kp_502_7_top/AESL_inst_kp_502_7/dmul_64ns_64ns_64_5_max_dsp_1_U4/kp_502_7_dmul_64ns_64ns_64_5_max_dsp_1_ip_u/inst/i_synth/mult/OP/i_non_prim/R_AND_R/logic/R_AND_R/dsp48_e1/dsp48e1_add/DSP48E1_ADD/i_no_versal_es1_workaround/DSP/prcs_opmode_drc  File: G:/Xilinx/Vivado/2021.2/data/vhdl/src/unisims/primitive/DSP48E1.vhd
Warning: OPMODE Input Warning : The OPMODE 001XXXX with CARRYINSEL  000 to DSP48E1 instance is invalid.
Time: 7905 ns  Iteration: 16  Process: /apatb_kp_502_7_top/AESL_inst_kp_502_7/dsub_64ns_64ns_64_5_full_dsp_1_U1/kp_502_7_dsub_64ns_64ns_64_5_full_dsp_1_ip_u/inst/i_synth/addsub_op/ADDSUB/logic_speed/OP/ALIGN_BLK/FRAC_ADDSUB/dsp_add/FRAC_ADDSUB/i_no_versal_es1_workaround/dsp48e1_add/DSP48E1_ADD/i_no_versal_es1_workaround/DSP/prcs_opmode_drc  File: G:/Xilinx/Vivado/2021.2/data/vhdl/src/unisims/primitive/DSP48E1.vhd
Warning: OPMODE Input Warning : The OPMODE 001XXXX with CARRYINSEL  000 to DSP48E1 instance is invalid.
Time: 8255 ns  Iteration: 16  Process: /apatb_kp_502_7_top/AESL_inst_kp_502_7/dsub_64ns_64ns_64_5_full_dsp_1_U1/kp_502_7_dsub_64ns_64ns_64_5_full_dsp_1_ip_u/inst/i_synth/addsub_op/ADDSUB/logic_speed/OP/ALIGN_BLK/FRAC_ADDSUB/dsp_add/FRAC_ADDSUB/i_no_versal_es1_workaround/dsp48e1_add/DSP48E1_ADD/i_no_versal_es1_workaround/DSP/prcs_opmode_drc  File: G:/Xilinx/Vivado/2021.2/data/vhdl/src/unisims/primitive/DSP48E1.vhd
Warning: OPMODE Input Warning : The OPMODE 001XXXX with CARRYINSEL  000 to DSP48E1 instance is invalid.
Time: 8255 ns  Iteration: 16  Process: /apatb_kp_502_7_top/AESL_inst_kp_502_7/dsub_64ns_64ns_64_5_full_dsp_1_U2/kp_502_7_dsub_64ns_64ns_64_5_full_dsp_1_ip_u/inst/i_synth/addsub_op/ADDSUB/logic_speed/OP/ALIGN_BLK/FRAC_ADDSUB/dsp_add/FRAC_ADDSUB/i_no_versal_es1_workaround/dsp48e1_add/DSP48E1_ADD/i_no_versal_es1_workaround/DSP/prcs_opmode_drc  File: G:/Xilinx/Vivado/2021.2/data/vhdl/src/unisims/primitive/DSP48E1.vhd
Warning: OPMODE Input Warning : The OPMODE 011XX11 with CARRYINSEL  000 to DSP48E1 instance is invalid.
Time: 8265100 ps  Iteration: 11  Process: /apatb_kp_502_7_top/AESL_inst_kp_502_7/dmul_64ns_64ns_64_5_max_dsp_1_U3/kp_502_7_dmul_64ns_64ns_64_5_max_dsp_1_ip_u/inst/i_synth/mult/OP/i_non_prim/R_AND_R/logic/R_AND_R/dsp48_e1/dsp48e1_add/DSP48E1_ADD/i_no_versal_es1_workaround/DSP/prcs_opmode_drc  File: G:/Xilinx/Vivado/2021.2/data/vhdl/src/unisims/primitive/DSP48E1.vhd
Warning: OPMODE Input Warning : The OPMODE 011XX11 with CARRYINSEL  000 to DSP48E1 instance is invalid.
Time: 8655100 ps  Iteration: 11  Process: /apatb_kp_502_7_top/AESL_inst_kp_502_7/dmul_64ns_64ns_64_5_max_dsp_1_U3/kp_502_7_dmul_64ns_64ns_64_5_max_dsp_1_ip_u/inst/i_synth/mult/OP/i_non_prim/R_AND_R/logic/R_AND_R/dsp48_e1/dsp48e1_add/DSP48E1_ADD/i_no_versal_es1_workaround/DSP/prcs_opmode_drc  File: G:/Xilinx/Vivado/2021.2/data/vhdl/src/unisims/primitive/DSP48E1.vhd
Warning: OPMODE Input Warning : The OPMODE 011XX11 with CARRYINSEL  000 to DSP48E1 instance is invalid.
Time: 8705100 ps  Iteration: 11  Process: /apatb_kp_502_7_top/AESL_inst_kp_502_7/dmul_64ns_64ns_64_5_max_dsp_1_U3/kp_502_7_dmul_64ns_64ns_64_5_max_dsp_1_ip_u/inst/i_synth/mult/OP/i_non_prim/R_AND_R/logic/R_AND_R/dsp48_e1/dsp48e1_add/DSP48E1_ADD/i_no_versal_es1_workaround/DSP/prcs_opmode_drc  File: G:/Xilinx/Vivado/2021.2/data/vhdl/src/unisims/primitive/DSP48E1.vhd
Warning: OPMODE Input Warning : The OPMODE 011XX11 with CARRYINSEL  000 to DSP48E1 instance is invalid.
Time: 8705100 ps  Iteration: 11  Process: /apatb_kp_502_7_top/AESL_inst_kp_502_7/dmul_64ns_64ns_64_5_max_dsp_1_U4/kp_502_7_dmul_64ns_64ns_64_5_max_dsp_1_ip_u/inst/i_synth/mult/OP/i_non_prim/R_AND_R/logic/R_AND_R/dsp48_e1/dsp48e1_add/DSP48E1_ADD/i_no_versal_es1_workaround/DSP/prcs_opmode_drc  File: G:/Xilinx/Vivado/2021.2/data/vhdl/src/unisims/primitive/DSP48E1.vhd
Warning: OPMODE Input Warning : The OPMODE 001XXXX with CARRYINSEL  000 to DSP48E1 instance is invalid.
Time: 8745 ns  Iteration: 16  Process: /apatb_kp_502_7_top/AESL_inst_kp_502_7/dsub_64ns_64ns_64_5_full_dsp_1_U1/kp_502_7_dsub_64ns_64ns_64_5_full_dsp_1_ip_u/inst/i_synth/addsub_op/ADDSUB/logic_speed/OP/ALIGN_BLK/FRAC_ADDSUB/dsp_add/FRAC_ADDSUB/i_no_versal_es1_workaround/dsp48e1_add/DSP48E1_ADD/i_no_versal_es1_workaround/DSP/prcs_opmode_drc  File: G:/Xilinx/Vivado/2021.2/data/vhdl/src/unisims/primitive/DSP48E1.vhd
Warning: OPMODE Input Warning : The OPMODE 001XXXX with CARRYINSEL  000 to DSP48E1 instance is invalid.
Time: 9095 ns  Iteration: 16  Process: /apatb_kp_502_7_top/AESL_inst_kp_502_7/dsub_64ns_64ns_64_5_full_dsp_1_U1/kp_502_7_dsub_64ns_64ns_64_5_full_dsp_1_ip_u/inst/i_synth/addsub_op/ADDSUB/logic_speed/OP/ALIGN_BLK/FRAC_ADDSUB/dsp_add/FRAC_ADDSUB/i_no_versal_es1_workaround/dsp48e1_add/DSP48E1_ADD/i_no_versal_es1_workaround/DSP/prcs_opmode_drc  File: G:/Xilinx/Vivado/2021.2/data/vhdl/src/unisims/primitive/DSP48E1.vhd
Warning: OPMODE Input Warning : The OPMODE 001XXXX with CARRYINSEL  000 to DSP48E1 instance is invalid.
Time: 9095 ns  Iteration: 16  Process: /apatb_kp_502_7_top/AESL_inst_kp_502_7/dsub_64ns_64ns_64_5_full_dsp_1_U2/kp_502_7_dsub_64ns_64ns_64_5_full_dsp_1_ip_u/inst/i_synth/addsub_op/ADDSUB/logic_speed/OP/ALIGN_BLK/FRAC_ADDSUB/dsp_add/FRAC_ADDSUB/i_no_versal_es1_workaround/dsp48e1_add/DSP48E1_ADD/i_no_versal_es1_workaround/DSP/prcs_opmode_drc  File: G:/Xilinx/Vivado/2021.2/data/vhdl/src/unisims/primitive/DSP48E1.vhd
Warning: OPMODE Input Warning : The OPMODE 011XX11 with CARRYINSEL  000 to DSP48E1 instance is invalid.
Time: 9105100 ps  Iteration: 11  Process: /apatb_kp_502_7_top/AESL_inst_kp_502_7/dmul_64ns_64ns_64_5_max_dsp_1_U3/kp_502_7_dmul_64ns_64ns_64_5_max_dsp_1_ip_u/inst/i_synth/mult/OP/i_non_prim/R_AND_R/logic/R_AND_R/dsp48_e1/dsp48e1_add/DSP48E1_ADD/i_no_versal_es1_workaround/DSP/prcs_opmode_drc  File: G:/Xilinx/Vivado/2021.2/data/vhdl/src/unisims/primitive/DSP48E1.vhd
Warning: OPMODE Input Warning : The OPMODE 011XX11 with CARRYINSEL  000 to DSP48E1 instance is invalid.
Time: 9495100 ps  Iteration: 11  Process: /apatb_kp_502_7_top/AESL_inst_kp_502_7/dmul_64ns_64ns_64_5_max_dsp_1_U3/kp_502_7_dmul_64ns_64ns_64_5_max_dsp_1_ip_u/inst/i_synth/mult/OP/i_non_prim/R_AND_R/logic/R_AND_R/dsp48_e1/dsp48e1_add/DSP48E1_ADD/i_no_versal_es1_workaround/DSP/prcs_opmode_drc  File: G:/Xilinx/Vivado/2021.2/data/vhdl/src/unisims/primitive/DSP48E1.vhd
Warning: OPMODE Input Warning : The OPMODE 011XX11 with CARRYINSEL  000 to DSP48E1 instance is invalid.
Time: 9545100 ps  Iteration: 11  Process: /apatb_kp_502_7_top/AESL_inst_kp_502_7/dmul_64ns_64ns_64_5_max_dsp_1_U3/kp_502_7_dmul_64ns_64ns_64_5_max_dsp_1_ip_u/inst/i_synth/mult/OP/i_non_prim/R_AND_R/logic/R_AND_R/dsp48_e1/dsp48e1_add/DSP48E1_ADD/i_no_versal_es1_workaround/DSP/prcs_opmode_drc  File: G:/Xilinx/Vivado/2021.2/data/vhdl/src/unisims/primitive/DSP48E1.vhd
Warning: OPMODE Input Warning : The OPMODE 011XX11 with CARRYINSEL  000 to DSP48E1 instance is invalid.
Time: 9545100 ps  Iteration: 11  Process: /apatb_kp_502_7_top/AESL_inst_kp_502_7/dmul_64ns_64ns_64_5_max_dsp_1_U4/kp_502_7_dmul_64ns_64ns_64_5_max_dsp_1_ip_u/inst/i_synth/mult/OP/i_non_prim/R_AND_R/logic/R_AND_R/dsp48_e1/dsp48e1_add/DSP48E1_ADD/i_no_versal_es1_workaround/DSP/prcs_opmode_drc  File: G:/Xilinx/Vivado/2021.2/data/vhdl/src/unisims/primitive/DSP48E1.vhd
Warning: OPMODE Input Warning : The OPMODE 001XXXX with CARRYINSEL  000 to DSP48E1 instance is invalid.
Time: 9585 ns  Iteration: 16  Process: /apatb_kp_502_7_top/AESL_inst_kp_502_7/dsub_64ns_64ns_64_5_full_dsp_1_U1/kp_502_7_dsub_64ns_64ns_64_5_full_dsp_1_ip_u/inst/i_synth/addsub_op/ADDSUB/logic_speed/OP/ALIGN_BLK/FRAC_ADDSUB/dsp_add/FRAC_ADDSUB/i_no_versal_es1_workaround/dsp48e1_add/DSP48E1_ADD/i_no_versal_es1_workaround/DSP/prcs_opmode_drc  File: G:/Xilinx/Vivado/2021.2/data/vhdl/src/unisims/primitive/DSP48E1.vhd
Warning: OPMODE Input Warning : The OPMODE 001XXXX with CARRYINSEL  000 to DSP48E1 instance is invalid.
Time: 9935 ns  Iteration: 16  Process: /apatb_kp_502_7_top/AESL_inst_kp_502_7/dsub_64ns_64ns_64_5_full_dsp_1_U1/kp_502_7_dsub_64ns_64ns_64_5_full_dsp_1_ip_u/inst/i_synth/addsub_op/ADDSUB/logic_speed/OP/ALIGN_BLK/FRAC_ADDSUB/dsp_add/FRAC_ADDSUB/i_no_versal_es1_workaround/dsp48e1_add/DSP48E1_ADD/i_no_versal_es1_workaround/DSP/prcs_opmode_drc  File: G:/Xilinx/Vivado/2021.2/data/vhdl/src/unisims/primitive/DSP48E1.vhd
Warning: OPMODE Input Warning : The OPMODE 001XXXX with CARRYINSEL  000 to DSP48E1 instance is invalid.
Time: 9935 ns  Iteration: 16  Process: /apatb_kp_502_7_top/AESL_inst_kp_502_7/dsub_64ns_64ns_64_5_full_dsp_1_U2/kp_502_7_dsub_64ns_64ns_64_5_full_dsp_1_ip_u/inst/i_synth/addsub_op/ADDSUB/logic_speed/OP/ALIGN_BLK/FRAC_ADDSUB/dsp_add/FRAC_ADDSUB/i_no_versal_es1_workaround/dsp48e1_add/DSP48E1_ADD/i_no_versal_es1_workaround/DSP/prcs_opmode_drc  File: G:/Xilinx/Vivado/2021.2/data/vhdl/src/unisims/primitive/DSP48E1.vhd
Warning: OPMODE Input Warning : The OPMODE 011XX11 with CARRYINSEL  000 to DSP48E1 instance is invalid.
Time: 9945100 ps  Iteration: 11  Process: /apatb_kp_502_7_top/AESL_inst_kp_502_7/dmul_64ns_64ns_64_5_max_dsp_1_U3/kp_502_7_dmul_64ns_64ns_64_5_max_dsp_1_ip_u/inst/i_synth/mult/OP/i_non_prim/R_AND_R/logic/R_AND_R/dsp48_e1/dsp48e1_add/DSP48E1_ADD/i_no_versal_es1_workaround/DSP/prcs_opmode_drc  File: G:/Xilinx/Vivado/2021.2/data/vhdl/src/unisims/primitive/DSP48E1.vhd
// RTL Simulation : 3 / 3 [100.00%] @ "10275000"
////////////////////////////////////////////////////////////////////////////////////
$finish called at time : 10335 ns : File "G:/Xilinx_lab/KP_502_7_v2/kp_502_7/sol2_1/sim/verilog/kp_502_7.autotb.v" Line 499
## quit
INFO: [Common 17-206] Exiting xsim at Sun Feb 18 18:01:51 2024...
