

================================================================
== Vitis HLS Report for 'lab5_z1'
================================================================
* Date:           Tue Nov  7 12:50:05 2023

* Version:        2021.2 (Build 3367213 on Tue Oct 19 02:48:09 MDT 2021)
* Project:        lab5_z1
* Solution:       sol2 (Vivado IP Flow Target)
* Product family: artix7
* Target device:  xa7a12t-csg325-1Q


================================================================
== Performance Estimates
================================================================
+ Timing: 
    * Summary: 
    +------+----------+-----------+------------+
    | Clock|  Target  | Estimated | Uncertainty|
    +------+----------+-----------+------------+
    |clk   |  20.00 ns|  12.697 ns|     5.40 ns|
    +------+----------+-----------+------------+

+ Latency: 
    * Summary: 
    +---------+---------+----------+----------+-----+-----+---------+
    |  Latency (cycles) |  Latency (absolute) |  Interval | Pipeline|
    |   min   |   max   |    min   |    max   | min | max |   Type  |
    +---------+---------+----------+----------+-----+-----+---------+
    |      385|      385|  7.700 us|  7.700 us|  386|  386|       no|
    +---------+---------+----------+----------+-----+-----+---------+

    + Detail: 
        * Instance: 
        N/A

        * Loop: 
        +--------------+---------+---------+----------+-----------+-----------+------+----------+
        |              |  Latency (cycles) | Iteration|  Initiation Interval  | Trip |          |
        |   Loop Name  |   min   |   max   |  Latency |  achieved |   target  | Count| Pipelined|
        +--------------+---------+---------+----------+-----------+-----------+------+----------+
        |- foo_label0  |      384|      384|         3|          -|          -|   128|        no|
        +--------------+---------+---------+----------+-----------+-----------+------+----------+

============================================================
+ Verbose Summary: Synthesis Manager
============================================================
InlineROM: 1
ExposeGlobal: 0
============================================================
+ Verbose Summary: CDFG Model
============================================================
IsTopModel: 1
ResetActiveHigh: 1
IsCombinational: 0
IsDatapathOnly: 0
HasWiredReturn: 1
HasMFsm: 0
HasVarLatency: 1
IsPipeline: 0
IsRtlPipelined: 0
IsInstanceOverlapped: 0
IsDontTouch: 0
HasImplIP: 0
IsGatedGlobalClock: 0


============================================================
+ Verbose Summary: Schedule
============================================================
* Number of FSM states : 4
* Pipeline : 0
* Dataflow Pipeline: 0

* FSM state transitions: 
1 --> 2 
2 --> 3 
3 --> 4 
4 --> 2 

* FSM state operations: 

State 1 <SV = 0> <Delay = 1.61>
ST_1 : Operation 5 [1/1] (0.00ns)   --->   "%i = alloca i32 1"   --->   Operation 5 'alloca' 'i' <Predicate = true> <Delay = 0.00>
ST_1 : Operation 6 [1/1] (0.00ns)   --->   "%spectopmodule_ln0 = spectopmodule void @_ssdm_op_SpecTopModule, void @empty_1"   --->   Operation 6 'spectopmodule' 'spectopmodule_ln0' <Predicate = true> <Delay = 0.00>
ST_1 : Operation 7 [1/1] (0.00ns)   --->   "%specinterface_ln0 = specinterface void @_ssdm_op_SpecInterface, i16 %d_in, void @empty, i32 0, i32 0, void @empty_0, i32 4294967295, i32 0, void @empty_0, void @empty_0, void @empty_0, i32 0, i32 0, i32 0, i32 0, void @empty_0, void @empty_0"   --->   Operation 7 'specinterface' 'specinterface_ln0' <Predicate = true> <Delay = 0.00>
ST_1 : Operation 8 [1/1] (0.00ns)   --->   "%specmemcore_ln0 = specmemcore void @_ssdm_op_SpecMemCore, i16 %d_in, i64 666, i64 208, i64 4294967295"   --->   Operation 8 'specmemcore' 'specmemcore_ln0' <Predicate = true> <Delay = 0.00>
ST_1 : Operation 9 [1/1] (0.00ns)   --->   "%specbitsmap_ln0 = specbitsmap void @_ssdm_op_SpecBitsMap, i16 %d_in"   --->   Operation 9 'specbitsmap' 'specbitsmap_ln0' <Predicate = true> <Delay = 0.00>
ST_1 : Operation 10 [1/1] (0.00ns)   --->   "%specinterface_ln0 = specinterface void @_ssdm_op_SpecInterface, i16 %d_out, void @empty, i32 0, i32 0, void @empty_0, i32 4294967295, i32 0, void @empty_0, void @empty_0, void @empty_0, i32 0, i32 0, i32 0, i32 0, void @empty_0, void @empty_0"   --->   Operation 10 'specinterface' 'specinterface_ln0' <Predicate = true> <Delay = 0.00>
ST_1 : Operation 11 [1/1] (0.00ns)   --->   "%specbitsmap_ln0 = specbitsmap void @_ssdm_op_SpecBitsMap, i16 %d_out"   --->   Operation 11 'specbitsmap' 'specbitsmap_ln0' <Predicate = true> <Delay = 0.00>
ST_1 : Operation 12 [1/1] (1.61ns)   --->   "%store_ln6 = store i8 0, i8 %i" [./source/lab5_z1.cpp:6]   --->   Operation 12 'store' 'store_ln6' <Predicate = true> <Delay = 1.61>
ST_1 : Operation 13 [1/1] (0.00ns)   --->   "%br_ln6 = br void" [./source/lab5_z1.cpp:6]   --->   Operation 13 'br' 'br_ln6' <Predicate = true> <Delay = 0.00>

State 2 <SV = 1> <Delay = 4.23>
ST_2 : Operation 14 [1/1] (0.00ns)   --->   "%i_1 = load i8 %i" [./source/lab5_z1.cpp:6]   --->   Operation 14 'load' 'i_1' <Predicate = true> <Delay = 0.00>
ST_2 : Operation 15 [1/1] (0.00ns)   --->   "%zext_ln6 = zext i8 %i_1" [./source/lab5_z1.cpp:6]   --->   Operation 15 'zext' 'zext_ln6' <Predicate = true> <Delay = 0.00>
ST_2 : Operation 16 [1/1] (1.47ns)   --->   "%icmp_ln6 = icmp_eq  i8 %i_1, i8 128" [./source/lab5_z1.cpp:6]   --->   Operation 16 'icmp' 'icmp_ln6' <Predicate = true> <Delay = 1.47> <CoreInst = "Cmp">   --->   Core 9 'Cmp' <Latency = 0> <II = 1> <Delay = 1.47> <FuncUnit> <Opcode : 'icmp'> <InPorts = 2> <OutPorts = 1>
ST_2 : Operation 17 [1/1] (0.00ns)   --->   "%empty = speclooptripcount i32 @_ssdm_op_SpecLoopTripCount, i64 128, i64 128, i64 128"   --->   Operation 17 'speclooptripcount' 'empty' <Predicate = true> <Delay = 0.00>
ST_2 : Operation 18 [1/1] (2.11ns)   --->   "%add_ln6 = add i8 %i_1, i8 1" [./source/lab5_z1.cpp:6]   --->   Operation 18 'add' 'add_ln6' <Predicate = true> <Delay = 2.11> <CoreInst = "Adder">   --->   Core 1 'Adder' <Latency = 0> <II = 1> <Delay = 2.14> <FuncUnit> <Opcode : 'add' 'sub'> <InPorts = 2> <OutPorts = 1>
ST_2 : Operation 19 [1/1] (0.00ns)   --->   "%br_ln6 = br i1 %icmp_ln6, void %.split, void" [./source/lab5_z1.cpp:6]   --->   Operation 19 'br' 'br_ln6' <Predicate = true> <Delay = 0.00>
ST_2 : Operation 20 [1/1] (0.00ns)   --->   "%d_in_addr = getelementptr i16 %d_in, i64 0, i64 %zext_ln6" [./source/lab5_z1.cpp:7]   --->   Operation 20 'getelementptr' 'd_in_addr' <Predicate = (!icmp_ln6)> <Delay = 0.00>
ST_2 : Operation 21 [2/2] (3.25ns)   --->   "%d_in_load = load i9 %d_in_addr" [./source/lab5_z1.cpp:7]   --->   Operation 21 'load' 'd_in_load' <Predicate = (!icmp_ln6)> <Delay = 3.25> <CoreInst = "RAM_2P">   --->   Core 89 'RAM_2P' <Latency = 1> <II = 1> <Delay = 3.25> <Storage> <Opcode : 'load' 'store'> <Ports = 2> <Width = 16> <Depth = 512> <RAM>
ST_2 : Operation 22 [1/1] (0.97ns)   --->   "%xor_ln8 = xor i8 %i_1, i8 128" [./source/lab5_z1.cpp:8]   --->   Operation 22 'xor' 'xor_ln8' <Predicate = (!icmp_ln6)> <Delay = 0.97> <CoreInst = "LogicGate">   --->   Core 74 'LogicGate' <Latency = 0> <II = 1> <Delay = 0.97> <FuncUnit> <Opcode : 'and' 'or' 'xor'> <InPorts = 2> <OutPorts = 1>
ST_2 : Operation 23 [1/1] (0.00ns)   --->   "%zext_ln8 = zext i8 %xor_ln8" [./source/lab5_z1.cpp:8]   --->   Operation 23 'zext' 'zext_ln8' <Predicate = (!icmp_ln6)> <Delay = 0.00>
ST_2 : Operation 24 [1/1] (0.00ns)   --->   "%d_in_addr_1 = getelementptr i16 %d_in, i64 0, i64 %zext_ln8" [./source/lab5_z1.cpp:8]   --->   Operation 24 'getelementptr' 'd_in_addr_1' <Predicate = (!icmp_ln6)> <Delay = 0.00>
ST_2 : Operation 25 [2/2] (3.25ns)   --->   "%d_in_load_1 = load i9 %d_in_addr_1" [./source/lab5_z1.cpp:8]   --->   Operation 25 'load' 'd_in_load_1' <Predicate = (!icmp_ln6)> <Delay = 3.25> <CoreInst = "RAM_2P">   --->   Core 89 'RAM_2P' <Latency = 1> <II = 1> <Delay = 3.25> <Storage> <Opcode : 'load' 'store'> <Ports = 2> <Width = 16> <Depth = 512> <RAM>
ST_2 : Operation 26 [1/1] (1.61ns)   --->   "%store_ln6 = store i8 %add_ln6, i8 %i" [./source/lab5_z1.cpp:6]   --->   Operation 26 'store' 'store_ln6' <Predicate = (!icmp_ln6)> <Delay = 1.61>
ST_2 : Operation 27 [1/1] (0.00ns)   --->   "%ret_ln13 = ret" [./source/lab5_z1.cpp:13]   --->   Operation 27 'ret' 'ret_ln13' <Predicate = (icmp_ln6)> <Delay = 0.00>

State 3 <SV = 2> <Delay = 3.25>
ST_3 : Operation 28 [1/2] (3.25ns)   --->   "%d_in_load = load i9 %d_in_addr" [./source/lab5_z1.cpp:7]   --->   Operation 28 'load' 'd_in_load' <Predicate = true> <Delay = 3.25> <CoreInst = "RAM_2P">   --->   Core 89 'RAM_2P' <Latency = 1> <II = 1> <Delay = 3.25> <Storage> <Opcode : 'load' 'store'> <Ports = 2> <Width = 16> <Depth = 512> <RAM>
ST_3 : Operation 29 [1/2] (3.25ns)   --->   "%d_in_load_1 = load i9 %d_in_addr_1" [./source/lab5_z1.cpp:8]   --->   Operation 29 'load' 'd_in_load_1' <Predicate = true> <Delay = 3.25> <CoreInst = "RAM_2P">   --->   Core 89 'RAM_2P' <Latency = 1> <II = 1> <Delay = 3.25> <Storage> <Opcode : 'load' 'store'> <Ports = 2> <Width = 16> <Depth = 512> <RAM>
ST_3 : Operation 30 [1/1] (0.00ns)   --->   "%or_ln9 = bitconcatenate i9 @_ssdm_op_BitConcatenate.i9.i1.i8, i1 1, i8 %i_1" [./source/lab5_z1.cpp:9]   --->   Operation 30 'bitconcatenate' 'or_ln9' <Predicate = true> <Delay = 0.00>
ST_3 : Operation 31 [1/1] (0.00ns)   --->   "%zext_ln9 = zext i9 %or_ln9" [./source/lab5_z1.cpp:9]   --->   Operation 31 'zext' 'zext_ln9' <Predicate = true> <Delay = 0.00>
ST_3 : Operation 32 [1/1] (0.00ns)   --->   "%d_in_addr_2 = getelementptr i16 %d_in, i64 0, i64 %zext_ln9" [./source/lab5_z1.cpp:9]   --->   Operation 32 'getelementptr' 'd_in_addr_2' <Predicate = true> <Delay = 0.00>
ST_3 : Operation 33 [2/2] (3.25ns)   --->   "%d_in_load_2 = load i9 %d_in_addr_2" [./source/lab5_z1.cpp:9]   --->   Operation 33 'load' 'd_in_load_2' <Predicate = true> <Delay = 3.25> <CoreInst = "RAM_2P">   --->   Core 89 'RAM_2P' <Latency = 1> <II = 1> <Delay = 3.25> <Storage> <Opcode : 'load' 'store'> <Ports = 2> <Width = 16> <Depth = 512> <RAM>
ST_3 : Operation 34 [1/1] (0.00ns)   --->   "%sext_ln10 = sext i8 %xor_ln8" [./source/lab5_z1.cpp:10]   --->   Operation 34 'sext' 'sext_ln10' <Predicate = true> <Delay = 0.00>
ST_3 : Operation 35 [1/1] (0.00ns)   --->   "%zext_ln10 = zext i9 %sext_ln10" [./source/lab5_z1.cpp:10]   --->   Operation 35 'zext' 'zext_ln10' <Predicate = true> <Delay = 0.00>
ST_3 : Operation 36 [1/1] (0.00ns)   --->   "%d_in_addr_3 = getelementptr i16 %d_in, i64 0, i64 %zext_ln10" [./source/lab5_z1.cpp:10]   --->   Operation 36 'getelementptr' 'd_in_addr_3' <Predicate = true> <Delay = 0.00>
ST_3 : Operation 37 [2/2] (3.25ns)   --->   "%d_in_load_3 = load i9 %d_in_addr_3" [./source/lab5_z1.cpp:10]   --->   Operation 37 'load' 'd_in_load_3' <Predicate = true> <Delay = 3.25> <CoreInst = "RAM_2P">   --->   Core 89 'RAM_2P' <Latency = 1> <II = 1> <Delay = 3.25> <Storage> <Opcode : 'load' 'store'> <Ports = 2> <Width = 16> <Depth = 512> <RAM>

State 4 <SV = 3> <Delay = 12.6>
ST_4 : Operation 38 [1/1] (0.00ns)   --->   "%specloopname_ln4 = specloopname void @_ssdm_op_SpecLoopName, void @empty_2" [./source/lab5_z1.cpp:4]   --->   Operation 38 'specloopname' 'specloopname_ln4' <Predicate = true> <Delay = 0.00>
ST_4 : Operation 39 [1/2] (3.25ns)   --->   "%d_in_load_2 = load i9 %d_in_addr_2" [./source/lab5_z1.cpp:9]   --->   Operation 39 'load' 'd_in_load_2' <Predicate = true> <Delay = 3.25> <CoreInst = "RAM_2P">   --->   Core 89 'RAM_2P' <Latency = 1> <II = 1> <Delay = 3.25> <Storage> <Opcode : 'load' 'store'> <Ports = 2> <Width = 16> <Depth = 512> <RAM>
ST_4 : Operation 40 [1/2] (3.25ns)   --->   "%d_in_load_3 = load i9 %d_in_addr_3" [./source/lab5_z1.cpp:10]   --->   Operation 40 'load' 'd_in_load_3' <Predicate = true> <Delay = 3.25> <CoreInst = "RAM_2P">   --->   Core 89 'RAM_2P' <Latency = 1> <II = 1> <Delay = 3.25> <Storage> <Opcode : 'load' 'store'> <Ports = 2> <Width = 16> <Depth = 512> <RAM>
ST_4 : Operation 41 [1/1] (0.00ns) (grouped into TernaryAdder)   --->   "%add_ln11 = add i16 %d_in_load_1, i16 %d_in_load" [./source/lab5_z1.cpp:11]   --->   Operation 41 'add' 'add_ln11' <Predicate = true> <Delay = 0.00> <CoreInst = "TAddSub">   --->   Core 10 'TAddSub' <Latency = 0> <II = 1> <Delay = 2.01> <IPBlock> <Opcode : 'add' 'sub'> <InPorts = 3> <OutPorts = 1> <Sync> <CReg>
ST_4 : Operation 42 [1/1] (2.14ns)   --->   "%add_ln11_1 = add i16 %d_in_load_2, i16 %d_in_load_3" [./source/lab5_z1.cpp:11]   --->   Operation 42 'add' 'add_ln11_1' <Predicate = true> <Delay = 2.14> <CoreInst = "Adder">   --->   Core 1 'Adder' <Latency = 0> <II = 1> <Delay = 2.14> <FuncUnit> <Opcode : 'add' 'sub'> <InPorts = 2> <OutPorts = 1>
ST_4 : Operation 43 [1/1] (4.03ns) (root node of TernaryAdder)   --->   "%add_ln11_2 = add i16 %add_ln11_1, i16 %add_ln11" [./source/lab5_z1.cpp:11]   --->   Operation 43 'add' 'add_ln11_2' <Predicate = true> <Delay = 4.03> <CoreInst = "TAddSub">   --->   Core 10 'TAddSub' <Latency = 0> <II = 1> <Delay = 2.01> <IPBlock> <Opcode : 'add' 'sub'> <InPorts = 3> <OutPorts = 1> <Sync> <CReg>
ST_4 : Operation 44 [1/1] (0.00ns)   --->   "%d_out_addr = getelementptr i16 %d_out, i64 0, i64 %zext_ln6" [./source/lab5_z1.cpp:11]   --->   Operation 44 'getelementptr' 'd_out_addr' <Predicate = true> <Delay = 0.00>
ST_4 : Operation 45 [1/1] (3.25ns)   --->   "%store_ln11 = store i16 %add_ln11_2, i7 %d_out_addr" [./source/lab5_z1.cpp:11]   --->   Operation 45 'store' 'store_ln11' <Predicate = true> <Delay = 3.25> <CoreInst = "RAM">   --->   Core 82 'RAM' <Latency = 1> <II = 1> <Delay = 3.25> <Storage> <Opcode : 'load' 'store'> <Ports = 2> <Width = 16> <Depth = 128> <RAM>
ST_4 : Operation 46 [1/1] (0.00ns)   --->   "%br_ln0 = br void"   --->   Operation 46 'br' 'br_ln0' <Predicate = true> <Delay = 0.00>


============================================================
+ Verbose Summary: Timing violations
============================================================
Target clock period: 20ns, clock uncertainty: 5.4ns.

 <State 1>: 1.61ns
The critical path consists of the following:
	'alloca' operation ('i') [3]  (0 ns)
	'store' operation ('store_ln6', ./source/lab5_z1.cpp:6) of constant 0 on local variable 'i' [10]  (1.61 ns)

 <State 2>: 4.23ns
The critical path consists of the following:
	'load' operation ('i', ./source/lab5_z1.cpp:6) on local variable 'i' [13]  (0 ns)
	'xor' operation ('xor_ln8', ./source/lab5_z1.cpp:8) [23]  (0.975 ns)
	'getelementptr' operation ('d_in_addr_1', ./source/lab5_z1.cpp:8) [25]  (0 ns)
	'load' operation ('d_in_load_1', ./source/lab5_z1.cpp:8) on array 'd_in' [26]  (3.26 ns)

 <State 3>: 3.26ns
The critical path consists of the following:
	'load' operation ('d_in_load', ./source/lab5_z1.cpp:7) on array 'd_in' [22]  (3.26 ns)

 <State 4>: 12.7ns
The critical path consists of the following:
	'load' operation ('d_in_load_2', ./source/lab5_z1.cpp:9) on array 'd_in' [30]  (3.26 ns)
	'add' operation ('add_ln11_1', ./source/lab5_z1.cpp:11) [36]  (2.15 ns)
	'add' operation ('add_ln11_2', ./source/lab5_z1.cpp:11) [37]  (4.04 ns)
	'store' operation ('store_ln11', ./source/lab5_z1.cpp:11) of variable 'add_ln11_2', ./source/lab5_z1.cpp:11 on array 'd_out' [39]  (3.26 ns)


============================================================
+ Verbose Summary: Binding
============================================================
N/A
* FSMD analyzer results:
  - Output states:
 - Input state : 
  - Chain level:
	State 1
	State 2
	State 3
	State 4


============================================================
+ Verbose Summary: Datapath Resource usage 
============================================================
N/A
