

================================================================
== Vitis HLS Report for 'kp_502_7'
================================================================
* Date:           Mon Feb 19 18:37:28 2024

* Version:        2021.2 (Build 3367213 on Tue Oct 19 02:48:09 MDT 2021)
* Project:        kp_502_7
* Solution:       sol2_5 (Vivado IP Flow Target)
* Product family: artix7
* Target device:  xc7a200t-sbv484-2


================================================================
== Performance Estimates
================================================================
+ Timing: 
    * Summary: 
    +------+----------+-----------+------------+
    | Clock|  Target  | Estimated | Uncertainty|
    +------+----------+-----------+------------+
    |clk   |  14.00 ns|  12.766 ns|     1.00 ns|
    +------+----------+-----------+------------+

+ Latency: 
    * Summary: 
    +---------+---------+----------+----------+-----+-----+---------+
    |  Latency (cycles) |  Latency (absolute) |  Interval | Pipeline|
    |   min   |   max   |    min   |    max   | min | max |   Type  |
    +---------+---------+----------+----------+-----+-----+---------+
    |      119|      471|  1.666 us|  6.594 us|  120|  472|       no|
    +---------+---------+----------+----------+-----+-----+---------+

    + Detail: 
        * Instance: 
        N/A

        * Loop: 
        +----------+---------+---------+----------+-----------+-----------+------+----------+
        |          |  Latency (cycles) | Iteration|  Initiation Interval  | Trip |          |
        | Loop Name|   min   |   max   |  Latency |  achieved |   target  | Count| Pipelined|
        +----------+---------+---------+----------+-----------+-----------+------+----------+
        |- Loop    |      118|      470|  59 ~ 235|          -|          -|     2|        no|
        +----------+---------+---------+----------+-----------+-----------+------+----------+



================================================================
== Utilization Estimates
================================================================
* Summary: 
+-----------------+---------+-----+--------+--------+-----+
|       Name      | BRAM_18K| DSP |   FF   |   LUT  | URAM|
+-----------------+---------+-----+--------+--------+-----+
|DSP              |        -|    -|       -|       -|    -|
|Expression       |        -|    -|       0|     429|    -|
|FIFO             |        -|    -|       -|       -|    -|
|Instance         |        -|   28|    1416|    1928|    -|
|Memory           |        -|    -|       -|       -|    -|
|Multiplexer      |        -|    -|       -|    2074|    -|
|Register         |        -|    -|    5464|       -|    -|
+-----------------+---------+-----+--------+--------+-----+
|Total            |        0|   28|    6880|    4431|    0|
+-----------------+---------+-----+--------+--------+-----+
|Available        |      730|  740|  269200|  134600|    0|
+-----------------+---------+-----+--------+--------+-----+
|Utilization (%)  |        0|    3|       2|       3|    0|
+-----------------+---------+-----+--------+--------+-----+

+ Detail: 
    * Instance: 
    +-----------------------------------+--------------------------------+---------+----+-----+-----+-----+
    |              Instance             |             Module             | BRAM_18K| DSP|  FF | LUT | URAM|
    +-----------------------------------+--------------------------------+---------+----+-----+-----+-----+
    |dcmp_64ns_64ns_1_2_no_dsp_1_U7     |dcmp_64ns_64ns_1_2_no_dsp_1     |        0|   0|    0|    0|    0|
    |ddiv_64ns_64ns_64_21_no_dsp_1_U5   |ddiv_64ns_64ns_64_21_no_dsp_1   |        0|   0|    0|    0|    0|
    |ddiv_64ns_64ns_64_21_no_dsp_1_U6   |ddiv_64ns_64ns_64_21_no_dsp_1   |        0|   0|    0|    0|    0|
    |dmul_64ns_64ns_64_4_max_dsp_1_U3   |dmul_64ns_64ns_64_4_max_dsp_1   |        0|  11|  275|  192|    0|
    |dmul_64ns_64ns_64_4_max_dsp_1_U4   |dmul_64ns_64ns_64_4_max_dsp_1   |        0|  11|  275|  192|    0|
    |dsqrt_64ns_64ns_64_17_no_dsp_1_U8  |dsqrt_64ns_64ns_64_17_no_dsp_1  |        0|   0|    0|    0|    0|
    |dsub_64ns_64ns_64_4_full_dsp_1_U1  |dsub_64ns_64ns_64_4_full_dsp_1  |        0|   3|  433|  772|    0|
    |dsub_64ns_64ns_64_4_full_dsp_1_U2  |dsub_64ns_64ns_64_4_full_dsp_1  |        0|   3|  433|  772|    0|
    +-----------------------------------+--------------------------------+---------+----+-----+-----+-----+
    |Total                              |                                |        0|  28| 1416| 1928|    0|
    +-----------------------------------+--------------------------------+---------+----+-----+-----+-----+

    * DSP: 
    N/A

    * Memory: 
    N/A

    * FIFO: 
    N/A

    * Expression: 
    +-----------------------+----------+----+---+----+------------+------------+
    |     Variable Name     | Operation| DSP| FF| LUT| Bitwidth P0| Bitwidth P1|
    +-----------------------+----------+----+---+----+------------+------------+
    |add_ln8_fu_966_p2      |         +|   0|  0|  13|           4|           3|
    |grp_fu_207_p2          |       and|   0|  0|   2|           1|           1|
    |grp_fu_212_p2          |       and|   0|  0|   2|           1|           1|
    |grp_fu_217_p2          |       and|   0|  0|   2|           1|           1|
    |grp_fu_222_p2          |       and|   0|  0|   2|           1|           1|
    |icmp_ln16_1_fu_348_p2  |      icmp|   0|  0|  24|          52|           1|
    |icmp_ln16_2_fu_519_p2  |      icmp|   0|  0|  11|          11|           2|
    |icmp_ln16_3_fu_525_p2  |      icmp|   0|  0|  24|          52|           1|
    |icmp_ln16_4_fu_696_p2  |      icmp|   0|  0|  11|          11|           2|
    |icmp_ln16_5_fu_702_p2  |      icmp|   0|  0|  24|          52|           1|
    |icmp_ln16_6_fu_881_p2  |      icmp|   0|  0|  11|          11|           2|
    |icmp_ln16_7_fu_887_p2  |      icmp|   0|  0|  24|          52|           1|
    |icmp_ln16_fu_342_p2    |      icmp|   0|  0|  11|          11|           2|
    |or_ln16_1_fu_531_p2    |        or|   0|  0|   2|           1|           1|
    |or_ln16_2_fu_708_p2    |        or|   0|  0|   2|           1|           1|
    |or_ln16_3_fu_893_p2    |        or|   0|  0|   2|           1|           1|
    |or_ln16_fu_354_p2      |        or|   0|  0|   2|           1|           1|
    |xor_ln23_fu_387_p2     |       xor|   0|  0|  65|          64|          65|
    |xor_ln32_1_fu_741_p2   |       xor|   0|  0|  65|          64|          65|
    |xor_ln32_2_fu_899_p2   |       xor|   0|  0|  65|          64|          65|
    |xor_ln32_fu_564_p2     |       xor|   0|  0|  65|          64|          65|
    +-----------------------+----------+----+---+----+------------+------------+
    |Total                  |          |   0|  0| 429|         520|         283|
    +-----------------------+----------+----+---+----+------------+------------+

    * Multiplexer: 
    +-------------------+------+-----------+-----+-----------+
    |        Name       |  LUT | Input Size| Bits| Total Bits|
    +-------------------+------+-----------+-----+-----------+
    |X1_d0              |    53|         13|  256|       3328|
    |X2_d0              |    53|         13|  256|       3328|
    |ap_NS_fsm          |  1720|        325|    1|        325|
    |grp_fu_171_p0      |    25|          6|   64|        384|
    |grp_fu_171_p1      |    13|          3|   64|        192|
    |grp_fu_175_p1      |    21|          5|   64|        320|
    |grp_fu_179_p0      |    53|         13|   64|        832|
    |grp_fu_179_p1      |    29|          7|   64|        448|
    |grp_fu_184_p1      |    21|          5|   64|        320|
    |grp_fu_189_p0      |    25|          6|   64|        384|
    |grp_fu_197_opcode  |    13|          3|    5|         15|
    |grp_fu_207_p0      |    13|          3|    1|          3|
    |grp_fu_212_p0      |    13|          3|    1|          3|
    |grp_fu_217_p0      |    13|          3|    1|          3|
    |i_fu_92            |     9|          2|    4|          8|
    +-------------------+------+-----------+-----+-----------+
    |Total              |  2074|        410|  973|       9893|
    +-------------------+------+-----------+-----+-----------+

    * Register: 
    +-------------------------+-----+----+-----+-----------+
    |           Name          |  FF | LUT| Bits| Const Bits|
    +-------------------------+-----+----+-----+-----------+
    |A_load_reg_1033          |  256|   0|  256|          0|
    |B_load_reg_1075          |  256|   0|  256|          0|
    |C_load_reg_1088          |  256|   0|  256|          0|
    |D_addr_reg_1060          |    1|   0|    1|          0|
    |X1_addr_reg_1065         |    1|   0|    1|          0|
    |X2_addr_reg_1070         |    1|   0|    1|          0|
    |and_ln16_1_reg_1178      |    1|   0|    1|          0|
    |and_ln16_2_reg_1234      |    1|   0|    1|          0|
    |and_ln16_3_reg_1291      |    1|   0|    1|          0|
    |and_ln16_reg_1122        |    1|   0|    1|          0|
    |and_ln21_1_reg_1182      |    1|   0|    1|          0|
    |and_ln21_2_reg_1238      |    1|   0|    1|          0|
    |and_ln21_3_reg_1301      |    1|   0|    1|          0|
    |and_ln21_reg_1126        |    1|   0|    1|          0|
    |ap_CS_fsm                |  324|   0|  324|          0|
    |bitcast_ln13_1_reg_1112  |   64|   0|   64|          0|
    |bitcast_ln13_3_reg_1168  |   64|   0|   64|          0|
    |bitcast_ln13_5_reg_1224  |   64|   0|   64|          0|
    |bitcast_ln23_4_reg_1130  |   64|   0|   64|          0|
    |bitcast_ln32_4_reg_1186  |   64|   0|   64|          0|
    |bitcast_ln32_5_reg_1242  |   64|   0|   64|          0|
    |bitcast_ln32_6_reg_1295  |   64|   0|   64|          0|
    |i_fu_92                  |    4|   0|    4|          0|
    |or_ln16_1_reg_1173       |    1|   0|    1|          0|
    |or_ln16_2_reg_1229       |    1|   0|    1|          0|
    |or_ln16_3_reg_1286       |    1|   0|    1|          0|
    |or_ln16_reg_1117         |    1|   0|    1|          0|
    |reg_227                  |   64|   0|   64|          0|
    |reg_235                  |   64|   0|   64|          0|
    |reg_240                  |   64|   0|   64|          0|
    |reg_247                  |  256|   0|  256|          0|
    |reg_251                  |  256|   0|  256|          0|
    |reg_255                  |   64|   0|   64|          0|
    |reg_261                  |   64|   0|   64|          0|
    |reg_266                  |   64|   0|   64|          0|
    |temp_A_1_reg_1146        |   64|   0|   64|          0|
    |temp_A_2_reg_1202        |   64|   0|   64|          0|
    |temp_A_3_reg_1264        |   64|   0|   64|          0|
    |temp_A_reg_1045          |   64|   0|   64|          0|
    |temp_B_1_reg_1156        |   64|   0|   64|          0|
    |temp_B_2_reg_1212        |   64|   0|   64|          0|
    |temp_B_3_reg_1274        |   64|   0|   64|          0|
    |temp_B_reg_1100          |   64|   0|   64|          0|
    |tmp_15_reg_1192          |  256|   0|  256|          0|
    |tmp_16_reg_1197          |  256|   0|  256|          0|
    |tmp_17_reg_1207          |   64|   0|   64|          0|
    |tmp_24_reg_1248          |  256|   0|  256|          0|
    |tmp_25_reg_1253          |  256|   0|  256|          0|
    |tmp_26_reg_1258          |   64|   0|   64|          0|
    |tmp_28_reg_1269          |   64|   0|   64|          0|
    |tmp_33_reg_1305          |  256|   0|  256|          0|
    |tmp_34_reg_1310          |  256|   0|  256|          0|
    |tmp_8_reg_1151           |   64|   0|   64|          0|
    |tmp_9_reg_1136           |  256|   0|  256|          0|
    |tmp_s_reg_1141           |  256|   0|  256|          0|
    |trunc_ln10_reg_1040      |   64|   0|   64|          0|
    |trunc_ln13_reg_1095      |   64|   0|   64|          0|
    |trunc_ln9_reg_1082       |   64|   0|   64|          0|
    |zext_ln9_reg_1019        |    1|   0|   64|         63|
    +-------------------------+-----+----+-----+-----------+
    |Total                    | 5464|   0| 5527|         63|
    +-------------------------+-----+----+-----+-----------+



================================================================
== Interface
================================================================
* Summary: 
+-------------------+-----+-----+------------+--------------+--------------+
|     RTL Ports     | Dir | Bits|  Protocol  | Source Object|    C Type    |
+-------------------+-----+-----+------------+--------------+--------------+
|ap_local_block     |  out|    1|  ap_ctrl_hs|      kp_502_7|  return value|
|ap_local_deadlock  |  out|    1|  ap_ctrl_hs|      kp_502_7|  return value|
|ap_clk             |   in|    1|  ap_ctrl_hs|      kp_502_7|  return value|
|ap_rst             |   in|    1|  ap_ctrl_hs|      kp_502_7|  return value|
|ap_start           |   in|    1|  ap_ctrl_hs|      kp_502_7|  return value|
|ap_done            |  out|    1|  ap_ctrl_hs|      kp_502_7|  return value|
|ap_idle            |  out|    1|  ap_ctrl_hs|      kp_502_7|  return value|
|ap_ready           |  out|    1|  ap_ctrl_hs|      kp_502_7|  return value|
|A_address0         |  out|    1|   ap_memory|             A|         array|
|A_ce0              |  out|    1|   ap_memory|             A|         array|
|A_q0               |   in|  256|   ap_memory|             A|         array|
|B_address0         |  out|    1|   ap_memory|             B|         array|
|B_ce0              |  out|    1|   ap_memory|             B|         array|
|B_q0               |   in|  256|   ap_memory|             B|         array|
|C_address0         |  out|    1|   ap_memory|             C|         array|
|C_ce0              |  out|    1|   ap_memory|             C|         array|
|C_q0               |   in|  256|   ap_memory|             C|         array|
|X1_address0        |  out|    1|   ap_memory|            X1|         array|
|X1_ce0             |  out|    1|   ap_memory|            X1|         array|
|X1_we0             |  out|    1|   ap_memory|            X1|         array|
|X1_d0              |  out|  256|   ap_memory|            X1|         array|
|X1_q0              |   in|  256|   ap_memory|            X1|         array|
|X2_address0        |  out|    1|   ap_memory|            X2|         array|
|X2_ce0             |  out|    1|   ap_memory|            X2|         array|
|X2_we0             |  out|    1|   ap_memory|            X2|         array|
|X2_d0              |  out|  256|   ap_memory|            X2|         array|
|X2_q0              |   in|  256|   ap_memory|            X2|         array|
|D_address0         |  out|    1|   ap_memory|             D|         array|
|D_ce0              |  out|    1|   ap_memory|             D|         array|
|D_we0              |  out|    1|   ap_memory|             D|         array|
|D_d0               |  out|  256|   ap_memory|             D|         array|
+-------------------+-----+-----+------------+--------------+--------------+

