

================================================================
== Vitis HLS Report for 'kp_502_15'
================================================================
* Date:           Sat Dec  9 23:21:36 2023

* Version:        2021.2 (Build 3367213 on Tue Oct 19 02:48:09 MDT 2021)
* Project:        kp_502_15
* Solution:       sol2_10 (Vivado IP Flow Target)
* Product family: artix7
* Target device:  xc7a200t-sbv484-2


================================================================
== Performance Estimates
================================================================
+ Timing: 
    * Summary: 
    +------+----------+-----------+------------+
    | Clock|  Target  | Estimated | Uncertainty|
    +------+----------+-----------+------------+
    |clk   |  14.00 ns|  11.825 ns|     1.00 ns|
    +------+----------+-----------+------------+

+ Latency: 
    * Summary: 
    +---------+---------+-----------+-----------+------+------+---------+
    |  Latency (cycles) |   Latency (absolute)  |   Interval  | Pipeline|
    |   min   |   max   |    min    |    max    |  min |  max |   Type  |
    +---------+---------+-----------+-----------+------+------+---------+
    |     4115|     4115|  57.610 us|  57.610 us|  4116|  4116|       no|
    +---------+---------+-----------+-----------+------+------+---------+

    + Detail: 
        * Instance: 
        N/A

        * Loop: 
        +----------+---------+---------+----------+-----------+-----------+------+----------+
        |          |  Latency (cycles) | Iteration|  Initiation Interval  | Trip |          |
        | Loop Name|   min   |   max   |  Latency |  achieved |   target  | Count| Pipelined|
        +----------+---------+---------+----------+-----------+-----------+------+----------+
        |- Loop    |     4113|     4113|        19|          1|          1|  4096|       yes|
        +----------+---------+---------+----------+-----------+-----------+------+----------+



================================================================
== Utilization Estimates
================================================================
* Summary: 
+-----------------+---------+-----+--------+--------+-----+
|       Name      | BRAM_18K| DSP |   FF   |   LUT  | URAM|
+-----------------+---------+-----+--------+--------+-----+
|DSP              |        -|    -|       -|       -|    -|
|Expression       |        -|    -|       0|      28|    -|
|FIFO             |        -|    -|       -|       -|    -|
|Instance         |        -|  624|   27056|   33920|    -|
|Memory           |        -|    -|       -|       -|    -|
|Multiplexer      |        -|    -|       -|      36|    -|
|Register         |        -|    -|   11394|     544|    -|
+-----------------+---------+-----+--------+--------+-----+
|Total            |        0|  624|   38450|   34528|    0|
+-----------------+---------+-----+--------+--------+-----+
|Available        |      730|  740|  269200|  134600|    0|
+-----------------+---------+-----+--------+--------+-----+
|Utilization (%)  |        0|   84|      14|      25|    0|
+-----------------+---------+-----+--------+--------+-----+

+ Detail: 
    * Instance: 
    +------------------------------------+--------------------------------+---------+----+-----+-----+-----+
    |              Instance              |             Module             | BRAM_18K| DSP|  FF | LUT | URAM|
    +------------------------------------+--------------------------------+---------+----+-----+-----+-----+
    |dadd_64ns_64ns_64_4_full_dsp_1_U1   |dadd_64ns_64ns_64_4_full_dsp_1  |        0|   3|  433|  772|    0|
    |dadd_64ns_64ns_64_4_full_dsp_1_U2   |dadd_64ns_64ns_64_4_full_dsp_1  |        0|   3|  433|  772|    0|
    |dadd_64ns_64ns_64_4_full_dsp_1_U3   |dadd_64ns_64ns_64_4_full_dsp_1  |        0|   3|  433|  772|    0|
    |dadd_64ns_64ns_64_4_full_dsp_1_U4   |dadd_64ns_64ns_64_4_full_dsp_1  |        0|   3|  433|  772|    0|
    |dadd_64ns_64ns_64_4_full_dsp_1_U5   |dadd_64ns_64ns_64_4_full_dsp_1  |        0|   3|  433|  772|    0|
    |dadd_64ns_64ns_64_4_full_dsp_1_U6   |dadd_64ns_64ns_64_4_full_dsp_1  |        0|   3|  433|  772|    0|
    |dadd_64ns_64ns_64_4_full_dsp_1_U7   |dadd_64ns_64ns_64_4_full_dsp_1  |        0|   3|  433|  772|    0|
    |dadd_64ns_64ns_64_4_full_dsp_1_U8   |dadd_64ns_64ns_64_4_full_dsp_1  |        0|   3|  433|  772|    0|
    |dadd_64ns_64ns_64_4_full_dsp_1_U9   |dadd_64ns_64ns_64_4_full_dsp_1  |        0|   3|  433|  772|    0|
    |dadd_64ns_64ns_64_4_full_dsp_1_U10  |dadd_64ns_64ns_64_4_full_dsp_1  |        0|   3|  433|  772|    0|
    |dadd_64ns_64ns_64_4_full_dsp_1_U11  |dadd_64ns_64ns_64_4_full_dsp_1  |        0|   3|  433|  772|    0|
    |dadd_64ns_64ns_64_4_full_dsp_1_U12  |dadd_64ns_64ns_64_4_full_dsp_1  |        0|   3|  433|  772|    0|
    |dadd_64ns_64ns_64_4_full_dsp_1_U13  |dadd_64ns_64ns_64_4_full_dsp_1  |        0|   3|  433|  772|    0|
    |dadd_64ns_64ns_64_4_full_dsp_1_U14  |dadd_64ns_64ns_64_4_full_dsp_1  |        0|   3|  433|  772|    0|
    |dadd_64ns_64ns_64_4_full_dsp_1_U15  |dadd_64ns_64ns_64_4_full_dsp_1  |        0|   3|  433|  772|    0|
    |dadd_64ns_64ns_64_4_full_dsp_1_U16  |dadd_64ns_64ns_64_4_full_dsp_1  |        0|   3|  433|  772|    0|
    |dadd_64ns_64ns_64_4_full_dsp_1_U17  |dadd_64ns_64ns_64_4_full_dsp_1  |        0|   3|  433|  772|    0|
    |dadd_64ns_64ns_64_4_full_dsp_1_U18  |dadd_64ns_64ns_64_4_full_dsp_1  |        0|   3|  433|  772|    0|
    |dadd_64ns_64ns_64_4_full_dsp_1_U19  |dadd_64ns_64ns_64_4_full_dsp_1  |        0|   3|  433|  772|    0|
    |dadd_64ns_64ns_64_4_full_dsp_1_U20  |dadd_64ns_64ns_64_4_full_dsp_1  |        0|   3|  433|  772|    0|
    |dadd_64ns_64ns_64_4_full_dsp_1_U21  |dadd_64ns_64ns_64_4_full_dsp_1  |        0|   3|  433|  772|    0|
    |dadd_64ns_64ns_64_4_full_dsp_1_U22  |dadd_64ns_64ns_64_4_full_dsp_1  |        0|   3|  433|  772|    0|
    |dadd_64ns_64ns_64_4_full_dsp_1_U23  |dadd_64ns_64ns_64_4_full_dsp_1  |        0|   3|  433|  772|    0|
    |dadd_64ns_64ns_64_4_full_dsp_1_U24  |dadd_64ns_64ns_64_4_full_dsp_1  |        0|   3|  433|  772|    0|
    |dadd_64ns_64ns_64_4_full_dsp_1_U25  |dadd_64ns_64ns_64_4_full_dsp_1  |        0|   3|  433|  772|    0|
    |dadd_64ns_64ns_64_4_full_dsp_1_U26  |dadd_64ns_64ns_64_4_full_dsp_1  |        0|   3|  433|  772|    0|
    |dadd_64ns_64ns_64_4_full_dsp_1_U27  |dadd_64ns_64ns_64_4_full_dsp_1  |        0|   3|  433|  772|    0|
    |dadd_64ns_64ns_64_4_full_dsp_1_U28  |dadd_64ns_64ns_64_4_full_dsp_1  |        0|   3|  433|  772|    0|
    |dadd_64ns_64ns_64_4_full_dsp_1_U29  |dadd_64ns_64ns_64_4_full_dsp_1  |        0|   3|  433|  772|    0|
    |dadd_64ns_64ns_64_4_full_dsp_1_U30  |dadd_64ns_64ns_64_4_full_dsp_1  |        0|   3|  433|  772|    0|
    |dadd_64ns_64ns_64_4_full_dsp_1_U31  |dadd_64ns_64ns_64_4_full_dsp_1  |        0|   3|  433|  772|    0|
    |dadd_64ns_64ns_64_4_full_dsp_1_U32  |dadd_64ns_64ns_64_4_full_dsp_1  |        0|   3|  433|  772|    0|
    |dmul_64ns_64ns_64_4_max_dsp_1_U33   |dmul_64ns_64ns_64_4_max_dsp_1   |        0|  11|  275|  192|    0|
    |dmul_64ns_64ns_64_4_max_dsp_1_U34   |dmul_64ns_64ns_64_4_max_dsp_1   |        0|  11|  275|  192|    0|
    |dmul_64ns_64ns_64_4_max_dsp_1_U35   |dmul_64ns_64ns_64_4_max_dsp_1   |        0|  11|  275|  192|    0|
    |dmul_64ns_64ns_64_4_max_dsp_1_U36   |dmul_64ns_64ns_64_4_max_dsp_1   |        0|  11|  275|  192|    0|
    |dmul_64ns_64ns_64_4_max_dsp_1_U37   |dmul_64ns_64ns_64_4_max_dsp_1   |        0|  11|  275|  192|    0|
    |dmul_64ns_64ns_64_4_max_dsp_1_U38   |dmul_64ns_64ns_64_4_max_dsp_1   |        0|  11|  275|  192|    0|
    |dmul_64ns_64ns_64_4_max_dsp_1_U39   |dmul_64ns_64ns_64_4_max_dsp_1   |        0|  11|  275|  192|    0|
    |dmul_64ns_64ns_64_4_max_dsp_1_U40   |dmul_64ns_64ns_64_4_max_dsp_1   |        0|  11|  275|  192|    0|
    |dmul_64ns_64ns_64_4_max_dsp_1_U41   |dmul_64ns_64ns_64_4_max_dsp_1   |        0|  11|  275|  192|    0|
    |dmul_64ns_64ns_64_4_max_dsp_1_U42   |dmul_64ns_64ns_64_4_max_dsp_1   |        0|  11|  275|  192|    0|
    |dmul_64ns_64ns_64_4_max_dsp_1_U43   |dmul_64ns_64ns_64_4_max_dsp_1   |        0|  11|  275|  192|    0|
    |dmul_64ns_64ns_64_4_max_dsp_1_U44   |dmul_64ns_64ns_64_4_max_dsp_1   |        0|  11|  275|  192|    0|
    |dmul_64ns_64ns_64_4_max_dsp_1_U45   |dmul_64ns_64ns_64_4_max_dsp_1   |        0|  11|  275|  192|    0|
    |dmul_64ns_64ns_64_4_max_dsp_1_U46   |dmul_64ns_64ns_64_4_max_dsp_1   |        0|  11|  275|  192|    0|
    |dmul_64ns_64ns_64_4_max_dsp_1_U47   |dmul_64ns_64ns_64_4_max_dsp_1   |        0|  11|  275|  192|    0|
    |dmul_64ns_64ns_64_4_max_dsp_1_U48   |dmul_64ns_64ns_64_4_max_dsp_1   |        0|  11|  275|  192|    0|
    |dmul_64ns_64ns_64_4_max_dsp_1_U49   |dmul_64ns_64ns_64_4_max_dsp_1   |        0|  11|  275|  192|    0|
    |dmul_64ns_64ns_64_4_max_dsp_1_U50   |dmul_64ns_64ns_64_4_max_dsp_1   |        0|  11|  275|  192|    0|
    |dmul_64ns_64ns_64_4_max_dsp_1_U51   |dmul_64ns_64ns_64_4_max_dsp_1   |        0|  11|  275|  192|    0|
    |dmul_64ns_64ns_64_4_max_dsp_1_U52   |dmul_64ns_64ns_64_4_max_dsp_1   |        0|  11|  275|  192|    0|
    |dmul_64ns_64ns_64_4_max_dsp_1_U53   |dmul_64ns_64ns_64_4_max_dsp_1   |        0|  11|  275|  192|    0|
    |dmul_64ns_64ns_64_4_max_dsp_1_U54   |dmul_64ns_64ns_64_4_max_dsp_1   |        0|  11|  275|  192|    0|
    |dmul_64ns_64ns_64_4_max_dsp_1_U55   |dmul_64ns_64ns_64_4_max_dsp_1   |        0|  11|  275|  192|    0|
    |dmul_64ns_64ns_64_4_max_dsp_1_U56   |dmul_64ns_64ns_64_4_max_dsp_1   |        0|  11|  275|  192|    0|
    |dmul_64ns_64ns_64_4_max_dsp_1_U57   |dmul_64ns_64ns_64_4_max_dsp_1   |        0|  11|  275|  192|    0|
    |dmul_64ns_64ns_64_4_max_dsp_1_U58   |dmul_64ns_64ns_64_4_max_dsp_1   |        0|  11|  275|  192|    0|
    |dmul_64ns_64ns_64_4_max_dsp_1_U59   |dmul_64ns_64ns_64_4_max_dsp_1   |        0|  11|  275|  192|    0|
    |dmul_64ns_64ns_64_4_max_dsp_1_U60   |dmul_64ns_64ns_64_4_max_dsp_1   |        0|  11|  275|  192|    0|
    |dmul_64ns_64ns_64_4_max_dsp_1_U61   |dmul_64ns_64ns_64_4_max_dsp_1   |        0|  11|  275|  192|    0|
    |dmul_64ns_64ns_64_4_max_dsp_1_U62   |dmul_64ns_64ns_64_4_max_dsp_1   |        0|  11|  275|  192|    0|
    |dmul_64ns_64ns_64_4_max_dsp_1_U63   |dmul_64ns_64ns_64_4_max_dsp_1   |        0|  11|  275|  192|    0|
    |dmul_64ns_64ns_64_4_max_dsp_1_U64   |dmul_64ns_64ns_64_4_max_dsp_1   |        0|  11|  275|  192|    0|
    |dmul_64ns_64ns_64_4_max_dsp_1_U65   |dmul_64ns_64ns_64_4_max_dsp_1   |        0|  11|  275|  192|    0|
    |dmul_64ns_64ns_64_4_max_dsp_1_U66   |dmul_64ns_64ns_64_4_max_dsp_1   |        0|  11|  275|  192|    0|
    |dmul_64ns_64ns_64_4_max_dsp_1_U67   |dmul_64ns_64ns_64_4_max_dsp_1   |        0|  11|  275|  192|    0|
    |dmul_64ns_64ns_64_4_max_dsp_1_U68   |dmul_64ns_64ns_64_4_max_dsp_1   |        0|  11|  275|  192|    0|
    |dmul_64ns_64ns_64_4_max_dsp_1_U69   |dmul_64ns_64ns_64_4_max_dsp_1   |        0|  11|  275|  192|    0|
    |dmul_64ns_64ns_64_4_max_dsp_1_U70   |dmul_64ns_64ns_64_4_max_dsp_1   |        0|  11|  275|  192|    0|
    |dmul_64ns_64ns_64_4_max_dsp_1_U71   |dmul_64ns_64ns_64_4_max_dsp_1   |        0|  11|  275|  192|    0|
    |dmul_64ns_64ns_64_4_max_dsp_1_U72   |dmul_64ns_64ns_64_4_max_dsp_1   |        0|  11|  275|  192|    0|
    |dmul_64ns_64ns_64_4_max_dsp_1_U73   |dmul_64ns_64ns_64_4_max_dsp_1   |        0|  11|  275|  192|    0|
    |dmul_64ns_64ns_64_4_max_dsp_1_U74   |dmul_64ns_64ns_64_4_max_dsp_1   |        0|  11|  275|  192|    0|
    |dmul_64ns_64ns_64_4_max_dsp_1_U75   |dmul_64ns_64ns_64_4_max_dsp_1   |        0|  11|  275|  192|    0|
    |dmul_64ns_64ns_64_4_max_dsp_1_U76   |dmul_64ns_64ns_64_4_max_dsp_1   |        0|  11|  275|  192|    0|
    |dmul_64ns_64ns_64_4_max_dsp_1_U77   |dmul_64ns_64ns_64_4_max_dsp_1   |        0|  11|  275|  192|    0|
    |dmul_64ns_64ns_64_4_max_dsp_1_U78   |dmul_64ns_64ns_64_4_max_dsp_1   |        0|  11|  275|  192|    0|
    |dmul_64ns_64ns_64_4_max_dsp_1_U79   |dmul_64ns_64ns_64_4_max_dsp_1   |        0|  11|  275|  192|    0|
    |dmul_64ns_64ns_64_4_max_dsp_1_U80   |dmul_64ns_64ns_64_4_max_dsp_1   |        0|  11|  275|  192|    0|
    +------------------------------------+--------------------------------+---------+----+-----+-----+-----+
    |Total                               |                                |        0| 624|27056|33920|    0|
    +------------------------------------+--------------------------------+---------+----+-----+-----+-----+

    * DSP: 
    N/A

    * Memory: 
    N/A

    * FIFO: 
    N/A

    * Expression: 
    +--------------------+----------+----+---+----+------------+------------+
    |    Variable Name   | Operation| DSP| FF| LUT| Bitwidth P0| Bitwidth P1|
    +--------------------+----------+----+---+----+------------+------------+
    |add_ln8_fu_1630_p2  |         +|   0|  0|  24|          17|           5|
    |ap_condition_1684   |       and|   0|  0|   2|           1|           1|
    |ap_enable_pp0       |       xor|   0|  0|   2|           1|           2|
    +--------------------+----------+----+---+----+------------+------------+
    |Total               |          |   0|  0|  28|          19|           8|
    +--------------------+----------+----+---+----+------------+------------+

    * Multiplexer: 
    +-------------------------+----+-----------+-----+-----------+
    |           Name          | LUT| Input Size| Bits| Total Bits|
    +-------------------------+----+-----------+-----+-----------+
    |ap_done_int              |   9|          2|    1|          2|
    |ap_enable_reg_pp0_iter1  |   9|          2|    1|          2|
    |ap_sig_allocacmp_i_1     |   9|          2|   17|         34|
    |i_fu_204                 |   9|          2|   17|         34|
    +-------------------------+----+-----------+-----+-----------+
    |Total                    |  36|          8|   36|         72|
    +-------------------------+----+-----------+-----+-----------+

    * Register: 
    +-----------------------------------+-----+----+-----+-----------+
    |                Name               |  FF | LUT| Bits| Const Bits|
    +-----------------------------------+-----+----+-----+-----------+
    |a_0_load_reg_2189                  |   64|   0|   64|          0|
    |a_10_load_reg_2289                 |   64|   0|   64|          0|
    |a_11_load_reg_2299                 |   64|   0|   64|          0|
    |a_12_load_reg_2309                 |   64|   0|   64|          0|
    |a_13_load_reg_2319                 |   64|   0|   64|          0|
    |a_14_load_reg_2329                 |   64|   0|   64|          0|
    |a_15_load_reg_2339                 |   64|   0|   64|          0|
    |a_1_load_reg_2199                  |   64|   0|   64|          0|
    |a_2_load_reg_2209                  |   64|   0|   64|          0|
    |a_3_load_reg_2219                  |   64|   0|   64|          0|
    |a_4_load_reg_2229                  |   64|   0|   64|          0|
    |a_5_load_reg_2239                  |   64|   0|   64|          0|
    |a_6_load_reg_2249                  |   64|   0|   64|          0|
    |a_7_load_reg_2259                  |   64|   0|   64|          0|
    |a_8_load_reg_2269                  |   64|   0|   64|          0|
    |a_9_load_reg_2279                  |   64|   0|   64|          0|
    |add9_10_reg_3391                   |   64|   0|   64|          0|
    |add9_11_reg_3396                   |   64|   0|   64|          0|
    |add9_12_reg_3401                   |   64|   0|   64|          0|
    |add9_13_reg_3406                   |   64|   0|   64|          0|
    |add9_14_reg_3411                   |   64|   0|   64|          0|
    |add9_1_reg_3341                    |   64|   0|   64|          0|
    |add9_2_reg_3346                    |   64|   0|   64|          0|
    |add9_3_reg_3351                    |   64|   0|   64|          0|
    |add9_4_reg_3356                    |   64|   0|   64|          0|
    |add9_5_reg_3361                    |   64|   0|   64|          0|
    |add9_6_reg_3366                    |   64|   0|   64|          0|
    |add9_7_reg_3371                    |   64|   0|   64|          0|
    |add9_8_reg_3376                    |   64|   0|   64|          0|
    |add9_9_reg_3381                    |   64|   0|   64|          0|
    |add9_reg_3336                      |   64|   0|   64|          0|
    |add9_s_reg_3386                    |   64|   0|   64|          0|
    |add_10_reg_3206                    |   64|   0|   64|          0|
    |add_11_reg_3216                    |   64|   0|   64|          0|
    |add_12_reg_3226                    |   64|   0|   64|          0|
    |add_13_reg_3236                    |   64|   0|   64|          0|
    |add_14_reg_3246                    |   64|   0|   64|          0|
    |add_1_reg_3106                     |   64|   0|   64|          0|
    |add_2_reg_3116                     |   64|   0|   64|          0|
    |add_3_reg_3126                     |   64|   0|   64|          0|
    |add_4_reg_3136                     |   64|   0|   64|          0|
    |add_5_reg_3146                     |   64|   0|   64|          0|
    |add_6_reg_3156                     |   64|   0|   64|          0|
    |add_7_reg_3166                     |   64|   0|   64|          0|
    |add_8_reg_3176                     |   64|   0|   64|          0|
    |add_9_reg_3186                     |   64|   0|   64|          0|
    |add_reg_3096                       |   64|   0|   64|          0|
    |add_s_reg_3196                     |   64|   0|   64|          0|
    |ap_CS_fsm                          |    1|   0|    1|          0|
    |ap_done_reg                        |    1|   0|    1|          0|
    |ap_enable_reg_pp0_iter1            |    1|   0|    1|          0|
    |ap_enable_reg_pp0_iter10           |    1|   0|    1|          0|
    |ap_enable_reg_pp0_iter11           |    1|   0|    1|          0|
    |ap_enable_reg_pp0_iter12           |    1|   0|    1|          0|
    |ap_enable_reg_pp0_iter13           |    1|   0|    1|          0|
    |ap_enable_reg_pp0_iter14           |    1|   0|    1|          0|
    |ap_enable_reg_pp0_iter15           |    1|   0|    1|          0|
    |ap_enable_reg_pp0_iter16           |    1|   0|    1|          0|
    |ap_enable_reg_pp0_iter17           |    1|   0|    1|          0|
    |ap_enable_reg_pp0_iter18           |    1|   0|    1|          0|
    |ap_enable_reg_pp0_iter2            |    1|   0|    1|          0|
    |ap_enable_reg_pp0_iter3            |    1|   0|    1|          0|
    |ap_enable_reg_pp0_iter4            |    1|   0|    1|          0|
    |ap_enable_reg_pp0_iter5            |    1|   0|    1|          0|
    |ap_enable_reg_pp0_iter6            |    1|   0|    1|          0|
    |ap_enable_reg_pp0_iter7            |    1|   0|    1|          0|
    |ap_enable_reg_pp0_iter8            |    1|   0|    1|          0|
    |ap_enable_reg_pp0_iter9            |    1|   0|    1|          0|
    |ap_loop_exit_ready_pp0_iter10_reg  |    1|   0|    1|          0|
    |ap_loop_exit_ready_pp0_iter11_reg  |    1|   0|    1|          0|
    |ap_loop_exit_ready_pp0_iter12_reg  |    1|   0|    1|          0|
    |ap_loop_exit_ready_pp0_iter13_reg  |    1|   0|    1|          0|
    |ap_loop_exit_ready_pp0_iter14_reg  |    1|   0|    1|          0|
    |ap_loop_exit_ready_pp0_iter15_reg  |    1|   0|    1|          0|
    |ap_loop_exit_ready_pp0_iter16_reg  |    1|   0|    1|          0|
    |ap_loop_exit_ready_pp0_iter17_reg  |    1|   0|    1|          0|
    |ap_loop_exit_ready_pp0_iter1_reg   |    1|   0|    1|          0|
    |ap_loop_exit_ready_pp0_iter2_reg   |    1|   0|    1|          0|
    |ap_loop_exit_ready_pp0_iter3_reg   |    1|   0|    1|          0|
    |ap_loop_exit_ready_pp0_iter4_reg   |    1|   0|    1|          0|
    |ap_loop_exit_ready_pp0_iter5_reg   |    1|   0|    1|          0|
    |ap_loop_exit_ready_pp0_iter6_reg   |    1|   0|    1|          0|
    |ap_loop_exit_ready_pp0_iter7_reg   |    1|   0|    1|          0|
    |ap_loop_exit_ready_pp0_iter8_reg   |    1|   0|    1|          0|
    |ap_loop_exit_ready_pp0_iter9_reg   |    1|   0|    1|          0|
    |b_0_load_reg_2621                  |   64|   0|   64|          0|
    |b_10_load_reg_2721                 |   64|   0|   64|          0|
    |b_11_load_reg_2731                 |   64|   0|   64|          0|
    |b_12_load_reg_2741                 |   64|   0|   64|          0|
    |b_13_load_reg_2751                 |   64|   0|   64|          0|
    |b_14_load_reg_2761                 |   64|   0|   64|          0|
    |b_15_load_reg_2771                 |   64|   0|   64|          0|
    |b_1_load_reg_2631                  |   64|   0|   64|          0|
    |b_2_load_reg_2641                  |   64|   0|   64|          0|
    |b_3_load_reg_2651                  |   64|   0|   64|          0|
    |b_4_load_reg_2661                  |   64|   0|   64|          0|
    |b_5_load_reg_2671                  |   64|   0|   64|          0|
    |b_6_load_reg_2681                  |   64|   0|   64|          0|
    |b_7_load_reg_2691                  |   64|   0|   64|          0|
    |b_8_load_reg_2701                  |   64|   0|   64|          0|
    |b_9_load_reg_2711                  |   64|   0|   64|          0|
    |c_0_load_reg_3101                  |   64|   0|   64|          0|
    |c_10_load_reg_3201                 |   64|   0|   64|          0|
    |c_11_load_reg_3211                 |   64|   0|   64|          0|
    |c_12_load_reg_3221                 |   64|   0|   64|          0|
    |c_13_load_reg_3231                 |   64|   0|   64|          0|
    |c_14_load_reg_3241                 |   64|   0|   64|          0|
    |c_15_load_reg_3251                 |   64|   0|   64|          0|
    |c_1_load_reg_3111                  |   64|   0|   64|          0|
    |c_2_load_reg_3121                  |   64|   0|   64|          0|
    |c_3_load_reg_3131                  |   64|   0|   64|          0|
    |c_4_load_reg_3141                  |   64|   0|   64|          0|
    |c_5_load_reg_3151                  |   64|   0|   64|          0|
    |c_6_load_reg_3161                  |   64|   0|   64|          0|
    |c_7_load_reg_3171                  |   64|   0|   64|          0|
    |c_8_load_reg_3181                  |   64|   0|   64|          0|
    |c_9_load_reg_3191                  |   64|   0|   64|          0|
    |i_fu_204                           |   17|   0|   17|          0|
    |mul3_10_reg_2966                   |   64|   0|   64|          0|
    |mul3_11_reg_2976                   |   64|   0|   64|          0|
    |mul3_12_reg_2986                   |   64|   0|   64|          0|
    |mul3_13_reg_2996                   |   64|   0|   64|          0|
    |mul3_14_reg_3006                   |   64|   0|   64|          0|
    |mul3_1_reg_2866                    |   64|   0|   64|          0|
    |mul3_2_reg_2876                    |   64|   0|   64|          0|
    |mul3_3_reg_2886                    |   64|   0|   64|          0|
    |mul3_4_reg_2896                    |   64|   0|   64|          0|
    |mul3_5_reg_2906                    |   64|   0|   64|          0|
    |mul3_6_reg_2916                    |   64|   0|   64|          0|
    |mul3_7_reg_2926                    |   64|   0|   64|          0|
    |mul3_8_reg_2936                    |   64|   0|   64|          0|
    |mul3_9_reg_2946                    |   64|   0|   64|          0|
    |mul3_reg_2856                      |   64|   0|   64|          0|
    |mul3_s_reg_2956                    |   64|   0|   64|          0|
    |mul6_10_reg_2971                   |   64|   0|   64|          0|
    |mul6_11_reg_2981                   |   64|   0|   64|          0|
    |mul6_12_reg_2991                   |   64|   0|   64|          0|
    |mul6_13_reg_3001                   |   64|   0|   64|          0|
    |mul6_14_reg_3011                   |   64|   0|   64|          0|
    |mul6_1_reg_2871                    |   64|   0|   64|          0|
    |mul6_2_reg_2881                    |   64|   0|   64|          0|
    |mul6_3_reg_2891                    |   64|   0|   64|          0|
    |mul6_4_reg_2901                    |   64|   0|   64|          0|
    |mul6_5_reg_2911                    |   64|   0|   64|          0|
    |mul6_6_reg_2921                    |   64|   0|   64|          0|
    |mul6_7_reg_2931                    |   64|   0|   64|          0|
    |mul6_8_reg_2941                    |   64|   0|   64|          0|
    |mul6_9_reg_2951                    |   64|   0|   64|          0|
    |mul6_reg_2861                      |   64|   0|   64|          0|
    |mul6_s_reg_2961                    |   64|   0|   64|          0|
    |mul_10_reg_2726                    |   64|   0|   64|          0|
    |mul_11_reg_2736                    |   64|   0|   64|          0|
    |mul_12_reg_2746                    |   64|   0|   64|          0|
    |mul_13_reg_2756                    |   64|   0|   64|          0|
    |mul_14_reg_2766                    |   64|   0|   64|          0|
    |mul_1_reg_2626                     |   64|   0|   64|          0|
    |mul_2_reg_2636                     |   64|   0|   64|          0|
    |mul_3_reg_2646                     |   64|   0|   64|          0|
    |mul_4_reg_2656                     |   64|   0|   64|          0|
    |mul_5_reg_2666                     |   64|   0|   64|          0|
    |mul_6_reg_2676                     |   64|   0|   64|          0|
    |mul_7_reg_2686                     |   64|   0|   64|          0|
    |mul_8_reg_2696                     |   64|   0|   64|          0|
    |mul_9_reg_2706                     |   64|   0|   64|          0|
    |mul_reg_2616                       |   64|   0|   64|          0|
    |mul_s_reg_2716                     |   64|   0|   64|          0|
    |temp_x_10_reg_2464                 |   64|   0|   64|          0|
    |temp_x_11_reg_2476                 |   64|   0|   64|          0|
    |temp_x_12_reg_2488                 |   64|   0|   64|          0|
    |temp_x_13_reg_2500                 |   64|   0|   64|          0|
    |temp_x_14_reg_2512                 |   64|   0|   64|          0|
    |temp_x_15_reg_2524                 |   64|   0|   64|          0|
    |temp_x_1_reg_2356                  |   64|   0|   64|          0|
    |temp_x_2_reg_2368                  |   64|   0|   64|          0|
    |temp_x_3_reg_2380                  |   64|   0|   64|          0|
    |temp_x_4_reg_2392                  |   64|   0|   64|          0|
    |temp_x_5_reg_2404                  |   64|   0|   64|          0|
    |temp_x_6_reg_2416                  |   64|   0|   64|          0|
    |temp_x_7_reg_2428                  |   64|   0|   64|          0|
    |temp_x_8_reg_2440                  |   64|   0|   64|          0|
    |temp_x_9_reg_2452                  |   64|   0|   64|          0|
    |temp_x_reg_2344                    |   64|   0|   64|          0|
    |x_0_load_reg_2184                  |   64|   0|   64|          0|
    |x_10_load_reg_2284                 |   64|   0|   64|          0|
    |x_11_load_reg_2294                 |   64|   0|   64|          0|
    |x_12_load_reg_2304                 |   64|   0|   64|          0|
    |x_13_load_reg_2314                 |   64|   0|   64|          0|
    |x_14_load_reg_2324                 |   64|   0|   64|          0|
    |x_15_load_reg_2334                 |   64|   0|   64|          0|
    |x_1_load_reg_2194                  |   64|   0|   64|          0|
    |x_2_load_reg_2204                  |   64|   0|   64|          0|
    |x_3_load_reg_2214                  |   64|   0|   64|          0|
    |x_4_load_reg_2224                  |   64|   0|   64|          0|
    |x_5_load_reg_2234                  |   64|   0|   64|          0|
    |x_6_load_reg_2244                  |   64|   0|   64|          0|
    |x_7_load_reg_2254                  |   64|   0|   64|          0|
    |x_8_load_reg_2264                  |   64|   0|   64|          0|
    |x_9_load_reg_2274                  |   64|   0|   64|          0|
    |zext_ln10_reg_1972                 |   12|   0|   64|         52|
    |temp_x_10_reg_2464                 |   64|  32|   64|          0|
    |temp_x_11_reg_2476                 |   64|  32|   64|          0|
    |temp_x_12_reg_2488                 |   64|  32|   64|          0|
    |temp_x_13_reg_2500                 |   64|  32|   64|          0|
    |temp_x_14_reg_2512                 |   64|  32|   64|          0|
    |temp_x_15_reg_2524                 |   64|  32|   64|          0|
    |temp_x_1_reg_2356                  |   64|  32|   64|          0|
    |temp_x_2_reg_2368                  |   64|  32|   64|          0|
    |temp_x_3_reg_2380                  |   64|  32|   64|          0|
    |temp_x_4_reg_2392                  |   64|  32|   64|          0|
    |temp_x_5_reg_2404                  |   64|  32|   64|          0|
    |temp_x_6_reg_2416                  |   64|  32|   64|          0|
    |temp_x_7_reg_2428                  |   64|  32|   64|          0|
    |temp_x_8_reg_2440                  |   64|  32|   64|          0|
    |temp_x_9_reg_2452                  |   64|  32|   64|          0|
    |temp_x_reg_2344                    |   64|  32|   64|          0|
    |zext_ln10_reg_1972                 |   64|  32|   64|         52|
    +-----------------------------------+-----+----+-----+-----------+
    |Total                              |11394| 544|11446|        104|
    +-----------------------------------+-----+----+-----+-----------+



================================================================
== Interface
================================================================
* Summary: 
+-------------------+-----+-----+------------+--------------+--------------+
|     RTL Ports     | Dir | Bits|  Protocol  | Source Object|    C Type    |
+-------------------+-----+-----+------------+--------------+--------------+
|ap_local_block     |  out|    1|  ap_ctrl_hs|     kp_502_15|  return value|
|ap_local_deadlock  |  out|    1|  ap_ctrl_hs|     kp_502_15|  return value|
|ap_clk             |   in|    1|  ap_ctrl_hs|     kp_502_15|  return value|
|ap_rst             |   in|    1|  ap_ctrl_hs|     kp_502_15|  return value|
|ap_start           |   in|    1|  ap_ctrl_hs|     kp_502_15|  return value|
|ap_done            |  out|    1|  ap_ctrl_hs|     kp_502_15|  return value|
|ap_idle            |  out|    1|  ap_ctrl_hs|     kp_502_15|  return value|
|ap_ready           |  out|    1|  ap_ctrl_hs|     kp_502_15|  return value|
|r_0_address0       |  out|   12|   ap_memory|           r_0|         array|
|r_0_ce0            |  out|    1|   ap_memory|           r_0|         array|
|r_0_we0            |  out|    1|   ap_memory|           r_0|         array|
|r_0_d0             |  out|   64|   ap_memory|           r_0|         array|
|r_1_address0       |  out|   12|   ap_memory|           r_1|         array|
|r_1_ce0            |  out|    1|   ap_memory|           r_1|         array|
|r_1_we0            |  out|    1|   ap_memory|           r_1|         array|
|r_1_d0             |  out|   64|   ap_memory|           r_1|         array|
|r_2_address0       |  out|   12|   ap_memory|           r_2|         array|
|r_2_ce0            |  out|    1|   ap_memory|           r_2|         array|
|r_2_we0            |  out|    1|   ap_memory|           r_2|         array|
|r_2_d0             |  out|   64|   ap_memory|           r_2|         array|
|r_3_address0       |  out|   12|   ap_memory|           r_3|         array|
|r_3_ce0            |  out|    1|   ap_memory|           r_3|         array|
|r_3_we0            |  out|    1|   ap_memory|           r_3|         array|
|r_3_d0             |  out|   64|   ap_memory|           r_3|         array|
|r_4_address0       |  out|   12|   ap_memory|           r_4|         array|
|r_4_ce0            |  out|    1|   ap_memory|           r_4|         array|
|r_4_we0            |  out|    1|   ap_memory|           r_4|         array|
|r_4_d0             |  out|   64|   ap_memory|           r_4|         array|
|r_5_address0       |  out|   12|   ap_memory|           r_5|         array|
|r_5_ce0            |  out|    1|   ap_memory|           r_5|         array|
|r_5_we0            |  out|    1|   ap_memory|           r_5|         array|
|r_5_d0             |  out|   64|   ap_memory|           r_5|         array|
|r_6_address0       |  out|   12|   ap_memory|           r_6|         array|
|r_6_ce0            |  out|    1|   ap_memory|           r_6|         array|
|r_6_we0            |  out|    1|   ap_memory|           r_6|         array|
|r_6_d0             |  out|   64|   ap_memory|           r_6|         array|
|r_7_address0       |  out|   12|   ap_memory|           r_7|         array|
|r_7_ce0            |  out|    1|   ap_memory|           r_7|         array|
|r_7_we0            |  out|    1|   ap_memory|           r_7|         array|
|r_7_d0             |  out|   64|   ap_memory|           r_7|         array|
|r_8_address0       |  out|   12|   ap_memory|           r_8|         array|
|r_8_ce0            |  out|    1|   ap_memory|           r_8|         array|
|r_8_we0            |  out|    1|   ap_memory|           r_8|         array|
|r_8_d0             |  out|   64|   ap_memory|           r_8|         array|
|r_9_address0       |  out|   12|   ap_memory|           r_9|         array|
|r_9_ce0            |  out|    1|   ap_memory|           r_9|         array|
|r_9_we0            |  out|    1|   ap_memory|           r_9|         array|
|r_9_d0             |  out|   64|   ap_memory|           r_9|         array|
|r_10_address0      |  out|   12|   ap_memory|          r_10|         array|
|r_10_ce0           |  out|    1|   ap_memory|          r_10|         array|
|r_10_we0           |  out|    1|   ap_memory|          r_10|         array|
|r_10_d0            |  out|   64|   ap_memory|          r_10|         array|
|r_11_address0      |  out|   12|   ap_memory|          r_11|         array|
|r_11_ce0           |  out|    1|   ap_memory|          r_11|         array|
|r_11_we0           |  out|    1|   ap_memory|          r_11|         array|
|r_11_d0            |  out|   64|   ap_memory|          r_11|         array|
|r_12_address0      |  out|   12|   ap_memory|          r_12|         array|
|r_12_ce0           |  out|    1|   ap_memory|          r_12|         array|
|r_12_we0           |  out|    1|   ap_memory|          r_12|         array|
|r_12_d0            |  out|   64|   ap_memory|          r_12|         array|
|r_13_address0      |  out|   12|   ap_memory|          r_13|         array|
|r_13_ce0           |  out|    1|   ap_memory|          r_13|         array|
|r_13_we0           |  out|    1|   ap_memory|          r_13|         array|
|r_13_d0            |  out|   64|   ap_memory|          r_13|         array|
|r_14_address0      |  out|   12|   ap_memory|          r_14|         array|
|r_14_ce0           |  out|    1|   ap_memory|          r_14|         array|
|r_14_we0           |  out|    1|   ap_memory|          r_14|         array|
|r_14_d0            |  out|   64|   ap_memory|          r_14|         array|
|r_15_address0      |  out|   12|   ap_memory|          r_15|         array|
|r_15_ce0           |  out|    1|   ap_memory|          r_15|         array|
|r_15_we0           |  out|    1|   ap_memory|          r_15|         array|
|r_15_d0            |  out|   64|   ap_memory|          r_15|         array|
|a_0_address0       |  out|   12|   ap_memory|           a_0|         array|
|a_0_ce0            |  out|    1|   ap_memory|           a_0|         array|
|a_0_q0             |   in|   64|   ap_memory|           a_0|         array|
|a_1_address0       |  out|   12|   ap_memory|           a_1|         array|
|a_1_ce0            |  out|    1|   ap_memory|           a_1|         array|
|a_1_q0             |   in|   64|   ap_memory|           a_1|         array|
|a_2_address0       |  out|   12|   ap_memory|           a_2|         array|
|a_2_ce0            |  out|    1|   ap_memory|           a_2|         array|
|a_2_q0             |   in|   64|   ap_memory|           a_2|         array|
|a_3_address0       |  out|   12|   ap_memory|           a_3|         array|
|a_3_ce0            |  out|    1|   ap_memory|           a_3|         array|
|a_3_q0             |   in|   64|   ap_memory|           a_3|         array|
|a_4_address0       |  out|   12|   ap_memory|           a_4|         array|
|a_4_ce0            |  out|    1|   ap_memory|           a_4|         array|
|a_4_q0             |   in|   64|   ap_memory|           a_4|         array|
|a_5_address0       |  out|   12|   ap_memory|           a_5|         array|
|a_5_ce0            |  out|    1|   ap_memory|           a_5|         array|
|a_5_q0             |   in|   64|   ap_memory|           a_5|         array|
|a_6_address0       |  out|   12|   ap_memory|           a_6|         array|
|a_6_ce0            |  out|    1|   ap_memory|           a_6|         array|
|a_6_q0             |   in|   64|   ap_memory|           a_6|         array|
|a_7_address0       |  out|   12|   ap_memory|           a_7|         array|
|a_7_ce0            |  out|    1|   ap_memory|           a_7|         array|
|a_7_q0             |   in|   64|   ap_memory|           a_7|         array|
|a_8_address0       |  out|   12|   ap_memory|           a_8|         array|
|a_8_ce0            |  out|    1|   ap_memory|           a_8|         array|
|a_8_q0             |   in|   64|   ap_memory|           a_8|         array|
|a_9_address0       |  out|   12|   ap_memory|           a_9|         array|
|a_9_ce0            |  out|    1|   ap_memory|           a_9|         array|
|a_9_q0             |   in|   64|   ap_memory|           a_9|         array|
|a_10_address0      |  out|   12|   ap_memory|          a_10|         array|
|a_10_ce0           |  out|    1|   ap_memory|          a_10|         array|
|a_10_q0            |   in|   64|   ap_memory|          a_10|         array|
|a_11_address0      |  out|   12|   ap_memory|          a_11|         array|
|a_11_ce0           |  out|    1|   ap_memory|          a_11|         array|
|a_11_q0            |   in|   64|   ap_memory|          a_11|         array|
|a_12_address0      |  out|   12|   ap_memory|          a_12|         array|
|a_12_ce0           |  out|    1|   ap_memory|          a_12|         array|
|a_12_q0            |   in|   64|   ap_memory|          a_12|         array|
|a_13_address0      |  out|   12|   ap_memory|          a_13|         array|
|a_13_ce0           |  out|    1|   ap_memory|          a_13|         array|
|a_13_q0            |   in|   64|   ap_memory|          a_13|         array|
|a_14_address0      |  out|   12|   ap_memory|          a_14|         array|
|a_14_ce0           |  out|    1|   ap_memory|          a_14|         array|
|a_14_q0            |   in|   64|   ap_memory|          a_14|         array|
|a_15_address0      |  out|   12|   ap_memory|          a_15|         array|
|a_15_ce0           |  out|    1|   ap_memory|          a_15|         array|
|a_15_q0            |   in|   64|   ap_memory|          a_15|         array|
|b_0_address0       |  out|   12|   ap_memory|           b_0|         array|
|b_0_ce0            |  out|    1|   ap_memory|           b_0|         array|
|b_0_q0             |   in|   64|   ap_memory|           b_0|         array|
|b_1_address0       |  out|   12|   ap_memory|           b_1|         array|
|b_1_ce0            |  out|    1|   ap_memory|           b_1|         array|
|b_1_q0             |   in|   64|   ap_memory|           b_1|         array|
|b_2_address0       |  out|   12|   ap_memory|           b_2|         array|
|b_2_ce0            |  out|    1|   ap_memory|           b_2|         array|
|b_2_q0             |   in|   64|   ap_memory|           b_2|         array|
|b_3_address0       |  out|   12|   ap_memory|           b_3|         array|
|b_3_ce0            |  out|    1|   ap_memory|           b_3|         array|
|b_3_q0             |   in|   64|   ap_memory|           b_3|         array|
|b_4_address0       |  out|   12|   ap_memory|           b_4|         array|
|b_4_ce0            |  out|    1|   ap_memory|           b_4|         array|
|b_4_q0             |   in|   64|   ap_memory|           b_4|         array|
|b_5_address0       |  out|   12|   ap_memory|           b_5|         array|
|b_5_ce0            |  out|    1|   ap_memory|           b_5|         array|
|b_5_q0             |   in|   64|   ap_memory|           b_5|         array|
|b_6_address0       |  out|   12|   ap_memory|           b_6|         array|
|b_6_ce0            |  out|    1|   ap_memory|           b_6|         array|
|b_6_q0             |   in|   64|   ap_memory|           b_6|         array|
|b_7_address0       |  out|   12|   ap_memory|           b_7|         array|
|b_7_ce0            |  out|    1|   ap_memory|           b_7|         array|
|b_7_q0             |   in|   64|   ap_memory|           b_7|         array|
|b_8_address0       |  out|   12|   ap_memory|           b_8|         array|
|b_8_ce0            |  out|    1|   ap_memory|           b_8|         array|
|b_8_q0             |   in|   64|   ap_memory|           b_8|         array|
|b_9_address0       |  out|   12|   ap_memory|           b_9|         array|
|b_9_ce0            |  out|    1|   ap_memory|           b_9|         array|
|b_9_q0             |   in|   64|   ap_memory|           b_9|         array|
|b_10_address0      |  out|   12|   ap_memory|          b_10|         array|
|b_10_ce0           |  out|    1|   ap_memory|          b_10|         array|
|b_10_q0            |   in|   64|   ap_memory|          b_10|         array|
|b_11_address0      |  out|   12|   ap_memory|          b_11|         array|
|b_11_ce0           |  out|    1|   ap_memory|          b_11|         array|
|b_11_q0            |   in|   64|   ap_memory|          b_11|         array|
|b_12_address0      |  out|   12|   ap_memory|          b_12|         array|
|b_12_ce0           |  out|    1|   ap_memory|          b_12|         array|
|b_12_q0            |   in|   64|   ap_memory|          b_12|         array|
|b_13_address0      |  out|   12|   ap_memory|          b_13|         array|
|b_13_ce0           |  out|    1|   ap_memory|          b_13|         array|
|b_13_q0            |   in|   64|   ap_memory|          b_13|         array|
|b_14_address0      |  out|   12|   ap_memory|          b_14|         array|
|b_14_ce0           |  out|    1|   ap_memory|          b_14|         array|
|b_14_q0            |   in|   64|   ap_memory|          b_14|         array|
|b_15_address0      |  out|   12|   ap_memory|          b_15|         array|
|b_15_ce0           |  out|    1|   ap_memory|          b_15|         array|
|b_15_q0            |   in|   64|   ap_memory|          b_15|         array|
|c_0_address0       |  out|   12|   ap_memory|           c_0|         array|
|c_0_ce0            |  out|    1|   ap_memory|           c_0|         array|
|c_0_q0             |   in|   64|   ap_memory|           c_0|         array|
|c_1_address0       |  out|   12|   ap_memory|           c_1|         array|
|c_1_ce0            |  out|    1|   ap_memory|           c_1|         array|
|c_1_q0             |   in|   64|   ap_memory|           c_1|         array|
|c_2_address0       |  out|   12|   ap_memory|           c_2|         array|
|c_2_ce0            |  out|    1|   ap_memory|           c_2|         array|
|c_2_q0             |   in|   64|   ap_memory|           c_2|         array|
|c_3_address0       |  out|   12|   ap_memory|           c_3|         array|
|c_3_ce0            |  out|    1|   ap_memory|           c_3|         array|
|c_3_q0             |   in|   64|   ap_memory|           c_3|         array|
|c_4_address0       |  out|   12|   ap_memory|           c_4|         array|
|c_4_ce0            |  out|    1|   ap_memory|           c_4|         array|
|c_4_q0             |   in|   64|   ap_memory|           c_4|         array|
|c_5_address0       |  out|   12|   ap_memory|           c_5|         array|
|c_5_ce0            |  out|    1|   ap_memory|           c_5|         array|
|c_5_q0             |   in|   64|   ap_memory|           c_5|         array|
|c_6_address0       |  out|   12|   ap_memory|           c_6|         array|
|c_6_ce0            |  out|    1|   ap_memory|           c_6|         array|
|c_6_q0             |   in|   64|   ap_memory|           c_6|         array|
|c_7_address0       |  out|   12|   ap_memory|           c_7|         array|
|c_7_ce0            |  out|    1|   ap_memory|           c_7|         array|
|c_7_q0             |   in|   64|   ap_memory|           c_7|         array|
|c_8_address0       |  out|   12|   ap_memory|           c_8|         array|
|c_8_ce0            |  out|    1|   ap_memory|           c_8|         array|
|c_8_q0             |   in|   64|   ap_memory|           c_8|         array|
|c_9_address0       |  out|   12|   ap_memory|           c_9|         array|
|c_9_ce0            |  out|    1|   ap_memory|           c_9|         array|
|c_9_q0             |   in|   64|   ap_memory|           c_9|         array|
|c_10_address0      |  out|   12|   ap_memory|          c_10|         array|
|c_10_ce0           |  out|    1|   ap_memory|          c_10|         array|
|c_10_q0            |   in|   64|   ap_memory|          c_10|         array|
|c_11_address0      |  out|   12|   ap_memory|          c_11|         array|
|c_11_ce0           |  out|    1|   ap_memory|          c_11|         array|
|c_11_q0            |   in|   64|   ap_memory|          c_11|         array|
|c_12_address0      |  out|   12|   ap_memory|          c_12|         array|
|c_12_ce0           |  out|    1|   ap_memory|          c_12|         array|
|c_12_q0            |   in|   64|   ap_memory|          c_12|         array|
|c_13_address0      |  out|   12|   ap_memory|          c_13|         array|
|c_13_ce0           |  out|    1|   ap_memory|          c_13|         array|
|c_13_q0            |   in|   64|   ap_memory|          c_13|         array|
|c_14_address0      |  out|   12|   ap_memory|          c_14|         array|
|c_14_ce0           |  out|    1|   ap_memory|          c_14|         array|
|c_14_q0            |   in|   64|   ap_memory|          c_14|         array|
|c_15_address0      |  out|   12|   ap_memory|          c_15|         array|
|c_15_ce0           |  out|    1|   ap_memory|          c_15|         array|
|c_15_q0            |   in|   64|   ap_memory|          c_15|         array|
|x_0_address0       |  out|   12|   ap_memory|           x_0|         array|
|x_0_ce0            |  out|    1|   ap_memory|           x_0|         array|
|x_0_q0             |   in|   64|   ap_memory|           x_0|         array|
|x_1_address0       |  out|   12|   ap_memory|           x_1|         array|
|x_1_ce0            |  out|    1|   ap_memory|           x_1|         array|
|x_1_q0             |   in|   64|   ap_memory|           x_1|         array|
|x_2_address0       |  out|   12|   ap_memory|           x_2|         array|
|x_2_ce0            |  out|    1|   ap_memory|           x_2|         array|
|x_2_q0             |   in|   64|   ap_memory|           x_2|         array|
|x_3_address0       |  out|   12|   ap_memory|           x_3|         array|
|x_3_ce0            |  out|    1|   ap_memory|           x_3|         array|
|x_3_q0             |   in|   64|   ap_memory|           x_3|         array|
|x_4_address0       |  out|   12|   ap_memory|           x_4|         array|
|x_4_ce0            |  out|    1|   ap_memory|           x_4|         array|
|x_4_q0             |   in|   64|   ap_memory|           x_4|         array|
|x_5_address0       |  out|   12|   ap_memory|           x_5|         array|
|x_5_ce0            |  out|    1|   ap_memory|           x_5|         array|
|x_5_q0             |   in|   64|   ap_memory|           x_5|         array|
|x_6_address0       |  out|   12|   ap_memory|           x_6|         array|
|x_6_ce0            |  out|    1|   ap_memory|           x_6|         array|
|x_6_q0             |   in|   64|   ap_memory|           x_6|         array|
|x_7_address0       |  out|   12|   ap_memory|           x_7|         array|
|x_7_ce0            |  out|    1|   ap_memory|           x_7|         array|
|x_7_q0             |   in|   64|   ap_memory|           x_7|         array|
|x_8_address0       |  out|   12|   ap_memory|           x_8|         array|
|x_8_ce0            |  out|    1|   ap_memory|           x_8|         array|
|x_8_q0             |   in|   64|   ap_memory|           x_8|         array|
|x_9_address0       |  out|   12|   ap_memory|           x_9|         array|
|x_9_ce0            |  out|    1|   ap_memory|           x_9|         array|
|x_9_q0             |   in|   64|   ap_memory|           x_9|         array|
|x_10_address0      |  out|   12|   ap_memory|          x_10|         array|
|x_10_ce0           |  out|    1|   ap_memory|          x_10|         array|
|x_10_q0            |   in|   64|   ap_memory|          x_10|         array|
|x_11_address0      |  out|   12|   ap_memory|          x_11|         array|
|x_11_ce0           |  out|    1|   ap_memory|          x_11|         array|
|x_11_q0            |   in|   64|   ap_memory|          x_11|         array|
|x_12_address0      |  out|   12|   ap_memory|          x_12|         array|
|x_12_ce0           |  out|    1|   ap_memory|          x_12|         array|
|x_12_q0            |   in|   64|   ap_memory|          x_12|         array|
|x_13_address0      |  out|   12|   ap_memory|          x_13|         array|
|x_13_ce0           |  out|    1|   ap_memory|          x_13|         array|
|x_13_q0            |   in|   64|   ap_memory|          x_13|         array|
|x_14_address0      |  out|   12|   ap_memory|          x_14|         array|
|x_14_ce0           |  out|    1|   ap_memory|          x_14|         array|
|x_14_q0            |   in|   64|   ap_memory|          x_14|         array|
|x_15_address0      |  out|   12|   ap_memory|          x_15|         array|
|x_15_ce0           |  out|    1|   ap_memory|          x_15|         array|
|x_15_q0            |   in|   64|   ap_memory|          x_15|         array|
+-------------------+-----+-----+------------+--------------+--------------+

