

================================================================
== Vitis HLS Report for 'lab7_z4'
================================================================
* Date:           Sat Dec  2 15:42:36 2023

* Version:        2021.2 (Build 3367213 on Tue Oct 19 02:48:09 MDT 2021)
* Project:        lab7_z4
* Solution:       sol1 (Vivado IP Flow Target)
* Product family: artix7
* Target device:  xc7a100t-csg324-2


================================================================
== Performance Estimates
================================================================
+ Timing: 
    * Summary: 
    +------+----------+----------+------------+
    | Clock|  Target  | Estimated| Uncertainty|
    +------+----------+----------+------------+
    |clk   |  10.00 ns|  8.609 ns|     1.00 ns|
    +------+----------+----------+------------+

+ Latency: 
    * Summary: 
    +---------+---------+----------+----------+-----+-----+---------+
    |  Latency (cycles) |  Latency (absolute) |  Interval | Pipeline|
    |   min   |   max   |    min   |    max   | min | max |   Type  |
    +---------+---------+----------+----------+-----+-----+---------+
    |      641|      641|  6.410 us|  6.410 us|  642|  642|       no|
    +---------+---------+----------+----------+-----+-----+---------+

    + Detail: 
        * Instance: 
        N/A

        * Loop: 
        +----------+---------+---------+----------+-----------+-----------+------+----------+
        |          |  Latency (cycles) | Iteration|  Initiation Interval  | Trip |          |
        | Loop Name|   min   |   max   |  Latency |  achieved |   target  | Count| Pipelined|
        +----------+---------+---------+----------+-----------+-----------+------+----------+
        |- Mult    |      640|      640|         5|          -|          -|   128|        no|
        +----------+---------+---------+----------+-----------+-----------+------+----------+

============================================================
+ Verbose Summary: Synthesis Manager
============================================================
InlineROM: 1
ExposeGlobal: 0
============================================================
+ Verbose Summary: CDFG Model
============================================================
IsTopModel: 1
ResetActiveHigh: 1
IsCombinational: 0
IsDatapathOnly: 0
HasWiredReturn: 1
HasMFsm: 0
HasVarLatency: 1
IsPipeline: 0
IsRtlPipelined: 0
IsInstanceOverlapped: 0
IsDontTouch: 0
HasImplIP: 0
IsGatedGlobalClock: 0


============================================================
+ Verbose Summary: Schedule
============================================================
* Number of FSM states : 6
* Pipeline : 0
* Dataflow Pipeline: 0

* FSM state transitions: 
1 --> 2 
2 --> 3 
3 --> 4 
4 --> 5 
5 --> 6 
6 --> 2 

* FSM state operations: 

State 1 <SV = 0> <Delay = 1.32>
ST_1 : Operation 7 [1/1] (0.00ns)   --->   "%i = alloca i32 1"   --->   Operation 7 'alloca' 'i' <Predicate = true> <Delay = 0.00>
ST_1 : Operation 8 [1/1] (0.00ns)   --->   "%spectopmodule_ln0 = spectopmodule void @_ssdm_op_SpecTopModule, void @empty_1"   --->   Operation 8 'spectopmodule' 'spectopmodule_ln0' <Predicate = true> <Delay = 0.00>
ST_1 : Operation 9 [1/1] (0.00ns)   --->   "%specinterface_ln0 = specinterface void @_ssdm_op_SpecInterface, i256 %a, void @empty, i32 0, i32 0, void @empty_0, i32 4294967295, i32 0, void @empty_0, void @empty_0, void @empty_0, i32 0, i32 0, i32 0, i32 0, void @empty_0, void @empty_0"   --->   Operation 9 'specinterface' 'specinterface_ln0' <Predicate = true> <Delay = 0.00>
ST_1 : Operation 10 [1/1] (0.00ns)   --->   "%specbitsmap_ln0 = specbitsmap void @_ssdm_op_SpecBitsMap, i256 %a"   --->   Operation 10 'specbitsmap' 'specbitsmap_ln0' <Predicate = true> <Delay = 0.00>
ST_1 : Operation 11 [1/1] (0.00ns)   --->   "%specinterface_ln0 = specinterface void @_ssdm_op_SpecInterface, i256 %b, void @empty, i32 0, i32 0, void @empty_0, i32 4294967295, i32 0, void @empty_0, void @empty_0, void @empty_0, i32 0, i32 0, i32 0, i32 0, void @empty_0, void @empty_0"   --->   Operation 11 'specinterface' 'specinterface_ln0' <Predicate = true> <Delay = 0.00>
ST_1 : Operation 12 [1/1] (0.00ns)   --->   "%specbitsmap_ln0 = specbitsmap void @_ssdm_op_SpecBitsMap, i256 %b"   --->   Operation 12 'specbitsmap' 'specbitsmap_ln0' <Predicate = true> <Delay = 0.00>
ST_1 : Operation 13 [1/1] (0.00ns)   --->   "%specinterface_ln0 = specinterface void @_ssdm_op_SpecInterface, i256 %c, void @empty, i32 0, i32 0, void @empty_0, i32 4294967295, i32 0, void @empty_0, void @empty_0, void @empty_0, i32 0, i32 0, i32 0, i32 0, void @empty_0, void @empty_0"   --->   Operation 13 'specinterface' 'specinterface_ln0' <Predicate = true> <Delay = 0.00>
ST_1 : Operation 14 [1/1] (0.00ns)   --->   "%specbitsmap_ln0 = specbitsmap void @_ssdm_op_SpecBitsMap, i256 %c"   --->   Operation 14 'specbitsmap' 'specbitsmap_ln0' <Predicate = true> <Delay = 0.00>
ST_1 : Operation 15 [1/1] (1.32ns)   --->   "%store_ln8 = store i8 0, i8 %i" [./source/lab7_z4.cpp:8]   --->   Operation 15 'store' 'store_ln8' <Predicate = true> <Delay = 1.32>
ST_1 : Operation 16 [1/1] (0.00ns)   --->   "%br_ln8 = br void" [./source/lab7_z4.cpp:8]   --->   Operation 16 'br' 'br_ln8' <Predicate = true> <Delay = 0.00>

State 2 <SV = 1> <Delay = 3.04>
ST_2 : Operation 17 [1/1] (0.00ns)   --->   "%i_1 = load i8 %i" [./source/lab7_z4.cpp:8]   --->   Operation 17 'load' 'i_1' <Predicate = true> <Delay = 0.00>
ST_2 : Operation 18 [1/1] (0.00ns)   --->   "%zext_ln8 = zext i8 %i_1" [./source/lab7_z4.cpp:8]   --->   Operation 18 'zext' 'zext_ln8' <Predicate = true> <Delay = 0.00>
ST_2 : Operation 19 [1/1] (1.24ns)   --->   "%icmp_ln8 = icmp_eq  i8 %i_1, i8 128" [./source/lab7_z4.cpp:8]   --->   Operation 19 'icmp' 'icmp_ln8' <Predicate = true> <Delay = 1.24> <CoreInst = "Cmp">   --->   Core 9 'Cmp' <Latency = 0> <II = 1> <Delay = 1.24> <FuncUnit> <Opcode : 'icmp'> <InPorts = 2> <OutPorts = 1>
ST_2 : Operation 20 [1/1] (0.00ns)   --->   "%empty = speclooptripcount i32 @_ssdm_op_SpecLoopTripCount, i64 128, i64 128, i64 128"   --->   Operation 20 'speclooptripcount' 'empty' <Predicate = true> <Delay = 0.00>
ST_2 : Operation 21 [1/1] (1.71ns)   --->   "%add_ln8 = add i8 %i_1, i8 1" [./source/lab7_z4.cpp:8]   --->   Operation 21 'add' 'add_ln8' <Predicate = true> <Delay = 1.71> <CoreInst = "Adder">   --->   Core 1 'Adder' <Latency = 0> <II = 1> <Delay = 1.71> <FuncUnit> <Opcode : 'add' 'sub'> <InPorts = 2> <OutPorts = 1>
ST_2 : Operation 22 [1/1] (0.00ns)   --->   "%br_ln8 = br i1 %icmp_ln8, void %.split, void" [./source/lab7_z4.cpp:8]   --->   Operation 22 'br' 'br_ln8' <Predicate = true> <Delay = 0.00>
ST_2 : Operation 23 [1/1] (0.00ns)   --->   "%b_addr = getelementptr i256 %b, i64 0, i64 %zext_ln8"   --->   Operation 23 'getelementptr' 'b_addr' <Predicate = (!icmp_ln8)> <Delay = 0.00>
ST_2 : Operation 24 [2/2] (2.77ns)   --->   "%b_load = load i7 %b_addr"   --->   Operation 24 'load' 'b_load' <Predicate = (!icmp_ln8)> <Delay = 2.77> <CoreInst = "RAM">   --->   Core 82 'RAM' <Latency = 1> <II = 1> <Delay = 2.77> <Storage> <Opcode : 'load' 'store'> <Ports = 2> <Width = 256> <Depth = 128> <RAM>
ST_2 : Operation 25 [1/1] (0.00ns)   --->   "%c_addr = getelementptr i256 %c, i64 0, i64 %zext_ln8"   --->   Operation 25 'getelementptr' 'c_addr' <Predicate = (!icmp_ln8)> <Delay = 0.00>
ST_2 : Operation 26 [2/2] (2.77ns)   --->   "%c_load = load i7 %c_addr"   --->   Operation 26 'load' 'c_load' <Predicate = (!icmp_ln8)> <Delay = 2.77> <CoreInst = "RAM">   --->   Core 82 'RAM' <Latency = 1> <II = 1> <Delay = 2.77> <Storage> <Opcode : 'load' 'store'> <Ports = 2> <Width = 256> <Depth = 128> <RAM>
ST_2 : Operation 27 [1/1] (1.32ns)   --->   "%store_ln8 = store i8 %add_ln8, i8 %i" [./source/lab7_z4.cpp:8]   --->   Operation 27 'store' 'store_ln8' <Predicate = (!icmp_ln8)> <Delay = 1.32>
ST_2 : Operation 28 [1/1] (0.00ns)   --->   "%ret_ln13 = ret" [./source/lab7_z4.cpp:13]   --->   Operation 28 'ret' 'ret_ln13' <Predicate = (icmp_ln8)> <Delay = 0.00>

State 3 <SV = 2> <Delay = 2.77>
ST_3 : Operation 29 [1/2] (2.77ns)   --->   "%b_load = load i7 %b_addr"   --->   Operation 29 'load' 'b_load' <Predicate = true> <Delay = 2.77> <CoreInst = "RAM">   --->   Core 82 'RAM' <Latency = 1> <II = 1> <Delay = 2.77> <Storage> <Opcode : 'load' 'store'> <Ports = 2> <Width = 256> <Depth = 128> <RAM>
ST_3 : Operation 30 [1/2] (2.77ns)   --->   "%c_load = load i7 %c_addr"   --->   Operation 30 'load' 'c_load' <Predicate = true> <Delay = 2.77> <CoreInst = "RAM">   --->   Core 82 'RAM' <Latency = 1> <II = 1> <Delay = 2.77> <Storage> <Opcode : 'load' 'store'> <Ports = 2> <Width = 256> <Depth = 128> <RAM>

State 4 <SV = 3> <Delay = 8.60>
ST_4 : Operation 31 [2/2] (8.60ns)   --->   "%mul_ln70 = mul i256 %c_load, i256 %b_load"   --->   Operation 31 'mul' 'mul_ln70' <Predicate = true> <Delay = 8.60> <CoreInst = "Multiplier">   --->   Core 3 'Multiplier' <Latency = 1> <II = 1> <Delay = 8.60> <FuncUnit> <Opcode : 'mul'> <InPorts = 2> <OutPorts = 1>

State 5 <SV = 4> <Delay = 8.60>
ST_5 : Operation 32 [1/2] (8.60ns)   --->   "%mul_ln70 = mul i256 %c_load, i256 %b_load"   --->   Operation 32 'mul' 'mul_ln70' <Predicate = true> <Delay = 8.60> <CoreInst = "Multiplier">   --->   Core 3 'Multiplier' <Latency = 1> <II = 1> <Delay = 8.60> <FuncUnit> <Opcode : 'mul'> <InPorts = 2> <OutPorts = 1>

State 6 <SV = 5> <Delay = 2.77>
ST_6 : Operation 33 [1/1] (0.00ns)   --->   "%specloopname_ln8 = specloopname void @_ssdm_op_SpecLoopName, void @empty_2" [./source/lab7_z4.cpp:8]   --->   Operation 33 'specloopname' 'specloopname_ln8' <Predicate = true> <Delay = 0.00>
ST_6 : Operation 34 [1/1] (0.00ns)   --->   "%a_addr = getelementptr i256 %a, i64 0, i64 %zext_ln8" [./source/lab7_z4.cpp:11]   --->   Operation 34 'getelementptr' 'a_addr' <Predicate = true> <Delay = 0.00>
ST_6 : Operation 35 [1/1] (2.77ns)   --->   "%store_ln11 = store i256 %mul_ln70, i7 %a_addr" [./source/lab7_z4.cpp:11]   --->   Operation 35 'store' 'store_ln11' <Predicate = true> <Delay = 2.77> <CoreInst = "RAM">   --->   Core 82 'RAM' <Latency = 1> <II = 1> <Delay = 2.77> <Storage> <Opcode : 'load' 'store'> <Ports = 2> <Width = 256> <Depth = 128> <RAM>
ST_6 : Operation 36 [1/1] (0.00ns)   --->   "%br_ln0 = br void"   --->   Operation 36 'br' 'br_ln0' <Predicate = true> <Delay = 0.00>


============================================================
+ Verbose Summary: Timing violations
============================================================
Target clock period: 10ns, clock uncertainty: 1ns.

 <State 1>: 1.32ns
The critical path consists of the following:
	'alloca' operation ('i') [4]  (0 ns)
	'store' operation ('store_ln8', ./source/lab7_z4.cpp:8) of constant 0 on local variable 'i' [12]  (1.32 ns)

 <State 2>: 3.04ns
The critical path consists of the following:
	'load' operation ('i', ./source/lab7_z4.cpp:8) on local variable 'i' [15]  (0 ns)
	'add' operation ('add_ln8', ./source/lab7_z4.cpp:8) [19]  (1.72 ns)
	'store' operation ('store_ln8', ./source/lab7_z4.cpp:8) of variable 'add_ln8', ./source/lab7_z4.cpp:8 on local variable 'i' [30]  (1.32 ns)

 <State 3>: 2.77ns
The critical path consists of the following:
	'load' operation ('b_load') on array 'b' [24]  (2.77 ns)

 <State 4>: 8.61ns
The critical path consists of the following:
	'mul' operation ('mul_ln70') [27]  (8.61 ns)

 <State 5>: 8.61ns
The critical path consists of the following:
	'mul' operation ('mul_ln70') [27]  (8.61 ns)

 <State 6>: 2.77ns
The critical path consists of the following:
	'getelementptr' operation ('a_addr', ./source/lab7_z4.cpp:11) [28]  (0 ns)
	'store' operation ('store_ln11', ./source/lab7_z4.cpp:11) of variable 'mul_ln70' on array 'a' [29]  (2.77 ns)


============================================================
+ Verbose Summary: Binding
============================================================
N/A
* FSMD analyzer results:
  - Output states:
 - Input state : 
  - Chain level:
	State 1
	State 2
	State 3
	State 4
	State 5
	State 6


============================================================
+ Verbose Summary: Datapath Resource usage 
============================================================
N/A
