
Results:

Results:

Results:
_________Pass_________!


G:\Xilinx_lab\KP_502_7\kp_502_7\sol2_5\sim\verilog>set PATH= 

G:\Xilinx_lab\KP_502_7\kp_502_7\sol2_5\sim\verilog>call G:/Xilinx/Vivado/2021.2/bin/xelab xil_defaultlib.apatb_kp_502_7_top glbl -Oenable_linking_all_libraries  -prj kp_502_7.prj -L smartconnect_v1_0 -L axi_protocol_checker_v1_1_12 -L axi_protocol_checker_v1_1_13 -L axis_protocol_checker_v1_1_11 -L axis_protocol_checker_v1_1_12 -L xil_defaultlib -L unisims_ver -L xpm  -L floating_point_v7_0_19 -L floating_point_v7_1_13 --lib "ieee_proposed=./ieee_proposed" -s kp_502_7 -debug wave 
Vivado Simulator v2021.2
Copyright 1986-1999, 2001-2021 Xilinx, Inc. All Rights Reserved.
Running: G:/Xilinx/Vivado/2021.2/bin/unwrapped/win64.o/xelab.exe xil_defaultlib.apatb_kp_502_7_top glbl -Oenable_linking_all_libraries -prj kp_502_7.prj -L smartconnect_v1_0 -L axi_protocol_checker_v1_1_12 -L axi_protocol_checker_v1_1_13 -L axis_protocol_checker_v1_1_11 -L axis_protocol_checker_v1_1_12 -L xil_defaultlib -L unisims_ver -L xpm -L floating_point_v7_0_19 -L floating_point_v7_1_13 --lib ieee_proposed=./ieee_proposed -s kp_502_7 -debug wave 
Multi-threading is on. Using 10 slave threads.
INFO: [VRFC 10-2263] Analyzing SystemVerilog file "G:/Xilinx_lab/KP_502_7/kp_502_7/sol2_5/sim/verilog/ip/xil_defaultlib/kp_502_7_dadd_64ns_64ns_64_5_full_dsp_1_ip.v" into library xil_defaultlib
INFO: [VRFC 10-311] analyzing module kp_502_7_dadd_64ns_64ns_64_5_full_dsp_1_ip
INFO: [VRFC 10-2263] Analyzing SystemVerilog file "G:/Xilinx_lab/KP_502_7/kp_502_7/sol2_5/sim/verilog/ip/xil_defaultlib/kp_502_7_ddiv_64ns_64ns_64_31_no_dsp_1_ip.v" into library xil_defaultlib
INFO: [VRFC 10-311] analyzing module kp_502_7_ddiv_64ns_64ns_64_31_no_dsp_1_ip
INFO: [VRFC 10-2263] Analyzing SystemVerilog file "G:/Xilinx_lab/KP_502_7/kp_502_7/sol2_5/sim/verilog/ip/xil_defaultlib/kp_502_7_dsqrt_64ns_64ns_64_30_no_dsp_1_ip.v" into library xil_defaultlib
INFO: [VRFC 10-311] analyzing module kp_502_7_dsqrt_64ns_64ns_64_30_no_dsp_1_ip
INFO: [VRFC 10-2263] Analyzing SystemVerilog file "G:/Xilinx_lab/KP_502_7/kp_502_7/sol2_5/sim/verilog/ip/xil_defaultlib/kp_502_7_dsub_64ns_64ns_64_5_full_dsp_1_ip.v" into library xil_defaultlib
INFO: [VRFC 10-311] analyzing module kp_502_7_dsub_64ns_64ns_64_5_full_dsp_1_ip
INFO: [VRFC 10-2263] Analyzing SystemVerilog file "G:/Xilinx_lab/KP_502_7/kp_502_7/sol2_5/sim/verilog/ip/xil_defaultlib/kp_502_7_sitodp_32ns_64_5_no_dsp_1_ip.v" into library xil_defaultlib
INFO: [VRFC 10-311] analyzing module kp_502_7_sitodp_32ns_64_5_no_dsp_1_ip
INFO: [VRFC 10-2263] Analyzing SystemVerilog file "G:/Xilinx_lab/KP_502_7/kp_502_7/sol2_5/sim/verilog/glbl.v" into library work
INFO: [VRFC 10-311] analyzing module glbl
INFO: [VRFC 10-2263] Analyzing SystemVerilog file "G:/Xilinx_lab/KP_502_7/kp_502_7/sol2_5/sim/verilog/kp_502_7.autotb.v" into library xil_defaultlib
INFO: [VRFC 10-311] analyzing module apatb_kp_502_7_top
INFO: [VRFC 10-2263] Analyzing SystemVerilog file "G:/Xilinx_lab/KP_502_7/kp_502_7/sol2_5/sim/verilog/kp_502_7.v" into library xil_defaultlib
INFO: [VRFC 10-311] analyzing module kp_502_7
INFO: [VRFC 10-2263] Analyzing SystemVerilog file "G:/Xilinx_lab/KP_502_7/kp_502_7/sol2_5/sim/verilog/kp_502_7_dadd_64ns_64ns_64_5_full_dsp_1.v" into library xil_defaultlib
INFO: [VRFC 10-311] analyzing module kp_502_7_dadd_64ns_64ns_64_5_full_dsp_1
INFO: [VRFC 10-2263] Analyzing SystemVerilog file "G:/Xilinx_lab/KP_502_7/kp_502_7/sol2_5/sim/verilog/kp_502_7_ddiv_64ns_64ns_64_31_no_dsp_1.v" into library xil_defaultlib
INFO: [VRFC 10-311] analyzing module kp_502_7_ddiv_64ns_64ns_64_31_no_dsp_1
INFO: [VRFC 10-2263] Analyzing SystemVerilog file "G:/Xilinx_lab/KP_502_7/kp_502_7/sol2_5/sim/verilog/kp_502_7_dsqrt_64ns_64ns_64_30_no_dsp_1.v" into library xil_defaultlib
INFO: [VRFC 10-311] analyzing module kp_502_7_dsqrt_64ns_64ns_64_30_no_dsp_1
INFO: [VRFC 10-2263] Analyzing SystemVerilog file "G:/Xilinx_lab/KP_502_7/kp_502_7/sol2_5/sim/verilog/kp_502_7_dsub_64ns_64ns_64_5_full_dsp_1.v" into library xil_defaultlib
INFO: [VRFC 10-311] analyzing module kp_502_7_dsub_64ns_64ns_64_5_full_dsp_1
INFO: [VRFC 10-2263] Analyzing SystemVerilog file "G:/Xilinx_lab/KP_502_7/kp_502_7/sol2_5/sim/verilog/kp_502_7_mul_32s_32s_32_1_1.v" into library xil_defaultlib
INFO: [VRFC 10-311] analyzing module kp_502_7_mul_32s_32s_32_1_1
INFO: [VRFC 10-2263] Analyzing SystemVerilog file "G:/Xilinx_lab/KP_502_7/kp_502_7/sol2_5/sim/verilog/kp_502_7_p_hls_fptosi_double_i32.v" into library xil_defaultlib
INFO: [VRFC 10-311] analyzing module kp_502_7_p_hls_fptosi_double_i32
INFO: [VRFC 10-2263] Analyzing SystemVerilog file "G:/Xilinx_lab/KP_502_7/kp_502_7/sol2_5/sim/verilog/kp_502_7_sitodp_32ns_64_5_no_dsp_1.v" into library xil_defaultlib
INFO: [VRFC 10-311] analyzing module kp_502_7_sitodp_32ns_64_5_no_dsp_1
INFO: [VRFC 10-2263] Analyzing SystemVerilog file "G:/Xilinx_lab/KP_502_7/kp_502_7/sol2_5/sim/verilog/dataflow_monitor.sv" into library xil_defaultlib
INFO: [VRFC 10-311] analyzing module dataflow_monitor
Starting static elaboration
Pass Through NonSizing Optimizer
Completed static elaboration
Starting simulation data flow analysis
Completed simulation data flow analysis
Time Resolution for simulation is 1ps
Compiling package std.standard
Compiling package std.textio
Compiling package ieee.std_logic_1164
Compiling package floating_point_v7_1_13.floating_point_v7_1_13_viv_comp
Compiling package ieee.numeric_std
Compiling package xbip_utils_v3_0_10.xbip_utils_v3_0_10_pkg
Compiling package axi_utils_v2_0_6.axi_utils_v2_0_6_pkg
Compiling package floating_point_v7_1_13.floating_point_v7_1_13_consts
Compiling package ieee.math_real
Compiling package floating_point_v7_1_13.floating_point_v7_1_13_exp_table...
Compiling package mult_gen_v12_0_17.mult_gen_v12_0_17_pkg
Compiling package ieee.std_logic_arith
Compiling package ieee.std_logic_signed
Compiling package floating_point_v7_1_13.floating_point_v7_1_13_pkg
Compiling package floating_point_v7_1_13.flt_utils
Compiling package xbip_pipe_v3_0_6.xbip_pipe_v3_0_6_viv_comp
Compiling package unisim.vcomponents
Compiling package ieee.vital_timing
Compiling package ieee.vital_primitives
Compiling package unisim.vpkg
Compiling package floating_point_v7_1_13.vt2mutils
Compiling package floating_point_v7_1_13.vt2mcomps
Compiling package xil_defaultlib.$unit_dataflow_monitor_sv
Compiling module xil_defaultlib.kp_502_7_p_hls_fptosi_double_i32
Compiling architecture synth of entity xbip_pipe_v3_0_6.xbip_pipe_v3_0_6_viv [\xbip_pipe_v3_0_6_viv(c_latency=...]
Compiling architecture rtl of entity floating_point_v7_1_13.delay [\delay(width=52)\]
Compiling architecture synth of entity xbip_pipe_v3_0_6.xbip_pipe_v3_0_6_viv [\xbip_pipe_v3_0_6_viv(c_latency=...]
Compiling architecture rtl of entity floating_point_v7_1_13.delay [delay_default]
Compiling architecture synth of entity xbip_pipe_v3_0_6.xbip_pipe_v3_0_6_viv [\xbip_pipe_v3_0_6_viv(c_has_ce=1...]
Compiling architecture rtl of entity floating_point_v7_1_13.delay [\delay(width=14,length=0)\]
Compiling architecture synth of entity xbip_pipe_v3_0_6.xbip_pipe_v3_0_6_viv [\xbip_pipe_v3_0_6_viv(c_has_ce=1...]
Compiling architecture rtl of entity floating_point_v7_1_13.delay [\delay(width=3,length=0,fast_inp...]
Compiling architecture synth of entity xbip_pipe_v3_0_6.xbip_pipe_v3_0_6_viv [\xbip_pipe_v3_0_6_viv(c_has_ce=1...]
Compiling architecture rtl of entity floating_point_v7_1_13.delay [\delay(length=0)\]
Compiling architecture synth of entity xbip_pipe_v3_0_6.xbip_pipe_v3_0_6_viv [\xbip_pipe_v3_0_6_viv(c_has_ce=1...]
Compiling architecture rtl of entity floating_point_v7_1_13.delay [\delay(width=54,length=0)\]
Compiling architecture synth of entity xbip_pipe_v3_0_6.xbip_pipe_v3_0_6_viv [\xbip_pipe_v3_0_6_viv(c_has_ce=1...]
Compiling architecture rtl of entity floating_point_v7_1_13.delay [\delay(width=11,length=0,fast_in...]
Compiling architecture synth of entity xbip_pipe_v3_0_6.xbip_pipe_v3_0_6_viv [\xbip_pipe_v3_0_6_viv(c_has_ce=1...]
Compiling architecture rtl of entity floating_point_v7_1_13.delay [\delay(length=0,fast_input=true)...]
Compiling architecture synth of entity xbip_pipe_v3_0_6.xbip_pipe_v3_0_6_viv [\xbip_pipe_v3_0_6_viv(c_has_ce=1...]
Compiling architecture rtl of entity floating_point_v7_1_13.delay [\delay(width=2,length=0)\]
Compiling architecture synth of entity xbip_pipe_v3_0_6.xbip_pipe_v3_0_6_viv [\xbip_pipe_v3_0_6_viv(c_has_ce=1...]
Compiling architecture rtl of entity floating_point_v7_1_13.delay [\delay(width=16,length=0)\]
Compiling architecture muxf7_v of entity unisim.MUXF7 [muxf7_default]
Compiling architecture muxf8_v of entity unisim.MUXF8 [muxf8_default]
Compiling architecture muxcy_v of entity unisim.MUXCY [muxcy_default]
Compiling architecture struct of entity floating_point_v7_1_13.carry_chain [\carry_chain(c_xdevicefamily="ar...]
Compiling architecture synth of entity floating_point_v7_1_13.compare_eq_im [\compare_eq_im(c_xdevicefamily="...]
Compiling architecture rtl of entity floating_point_v7_1_13.zero_det_sel [\zero_det_sel(c_xdevicefamily="a...]
Compiling architecture synth of entity xbip_pipe_v3_0_6.xbip_pipe_v3_0_6_viv [\xbip_pipe_v3_0_6_viv(c_has_ce=1...]
Compiling architecture rtl of entity floating_point_v7_1_13.delay [\delay(width=55,length=0)\]
Compiling architecture rtl of entity floating_point_v7_1_13.shift_msb_first [\shift_msb_first(a_width=54,regi...]
Compiling architecture rtl of entity floating_point_v7_1_13.alignment [\alignment(c_xdevicefamily="arti...]
Compiling architecture synth of entity xbip_pipe_v3_0_6.xbip_pipe_v3_0_6_viv [\xbip_pipe_v3_0_6_viv(c_latency=...]
Compiling architecture rtl of entity floating_point_v7_1_13.delay [\delay(fast_input=true)\]
Compiling architecture synth of entity xbip_pipe_v3_0_6.xbip_pipe_v3_0_6_viv [\xbip_pipe_v3_0_6_viv(c_has_ce=1...]
Compiling architecture rtl of entity floating_point_v7_1_13.delay [\delay(width=47,length=0)\]
Compiling architecture dsp48e1_v of entity unisim.DSP48E1 [\DSP48E1(acascreg=0,adreg=0,alum...]
Compiling architecture synth of entity xbip_pipe_v3_0_6.xbip_pipe_v3_0_6_viv [\xbip_pipe_v3_0_6_viv(c_has_ce=1...]
Compiling architecture rtl of entity floating_point_v7_1_13.delay [\delay(width=7,length=0)\]
Compiling architecture synth of entity xbip_pipe_v3_0_6.xbip_pipe_v3_0_6_viv [\xbip_pipe_v3_0_6_viv(c_has_ce=1...]
Compiling architecture rtl of entity floating_point_v7_1_13.delay [\delay(width=4,length=0)\]
Compiling architecture synth of entity xbip_pipe_v3_0_6.xbip_pipe_v3_0_6_viv [\xbip_pipe_v3_0_6_viv(c_has_ce=1...]
Compiling architecture rtl of entity floating_point_v7_1_13.delay [\delay(width=30,length=0)\]
Compiling architecture synth of entity xbip_pipe_v3_0_6.xbip_pipe_v3_0_6_viv [\xbip_pipe_v3_0_6_viv(c_has_ce=1...]
Compiling architecture rtl of entity floating_point_v7_1_13.delay [\delay(width=18,length=0)\]
Compiling architecture synth of entity xbip_pipe_v3_0_6.xbip_pipe_v3_0_6_viv [\xbip_pipe_v3_0_6_viv(c_has_ce=1...]
Compiling architecture rtl of entity floating_point_v7_1_13.delay [\delay(width=25,length=0)\]
Compiling architecture rtl of entity floating_point_v7_1_13.dsp48e1_wrapper [\dsp48e1_wrapper(a_width=30,b_wi...]
Compiling architecture dsp48e1_v of entity unisim.DSP48E1 [\DSP48E1(acascreg=0,adreg=0,alum...]
Compiling architecture synth of entity xbip_pipe_v3_0_6.xbip_pipe_v3_0_6_viv [\xbip_pipe_v3_0_6_viv(c_has_ce=1...]
Compiling architecture rtl of entity floating_point_v7_1_13.delay [\delay(width=48,length=0)\]
Compiling architecture rtl of entity floating_point_v7_1_13.dsp48e1_wrapper [\dsp48e1_wrapper(a_width=30,b_wi...]
Compiling architecture synth of entity xbip_pipe_v3_0_6.xbip_pipe_v3_0_6_viv [\xbip_pipe_v3_0_6_viv(c_has_ce=1...]
Compiling architecture rtl of entity floating_point_v7_1_13.delay [\delay(width=9,length=0)\]
Compiling architecture xorcy_v of entity unisim.XORCY [xorcy_default]
Compiling architecture synth of entity xbip_pipe_v3_0_6.xbip_pipe_v3_0_6_viv [\xbip_pipe_v3_0_6_viv(c_has_ce=1...]
Compiling architecture rtl of entity floating_point_v7_1_13.delay [\delay(width=8,length=0)\]
Compiling architecture synth of entity xbip_pipe_v3_0_6.xbip_pipe_v3_0_6_viv [\xbip_pipe_v3_0_6_viv(c_latency=...]
Compiling architecture rtl of entity floating_point_v7_1_13.delay [\delay(width=9)\]
Compiling architecture struct of entity floating_point_v7_1_13.carry_chain [\carry_chain(c_xdevicefamily="ar...]
Compiling architecture synth of entity xbip_pipe_v3_0_6.xbip_pipe_v3_0_6_viv [\xbip_pipe_v3_0_6_viv(c_has_ce=1...]
Compiling architecture rtl of entity floating_point_v7_1_13.delay [\delay(width=56,length=0)\]
Compiling architecture synth of entity floating_point_v7_1_13.addsub_dsp [\addsub_dsp(c_xdevicefamily="art...]
Compiling architecture rtl of entity floating_point_v7_1_13.addsub [\addsub(c_xdevicefamily="artix7"...]
Compiling architecture rtl of entity floating_point_v7_1_13.align_add [\align_add(c_xdevicefamily="arti...]
Compiling architecture synth of entity xbip_pipe_v3_0_6.xbip_pipe_v3_0_6_viv [\xbip_pipe_v3_0_6_viv(c_has_ce=1...]
Compiling architecture rtl of entity floating_point_v7_1_13.delay [\delay(width=6,length=0,fast_inp...]
Compiling architecture struct of entity floating_point_v7_1_13.carry_chain [\carry_chain(c_xdevicefamily="ar...]
Compiling architecture rtl of entity floating_point_v7_1_13.mux4 [\mux4(c_xdevicefamily="artix7",w...]
Compiling architecture synth of entity xbip_pipe_v3_0_6.xbip_pipe_v3_0_6_viv [\xbip_pipe_v3_0_6_viv(c_has_ce=1...]
Compiling architecture rtl of entity floating_point_v7_1_13.delay [\delay(width=4,length=0,fast_inp...]
Compiling architecture rtl of entity floating_point_v7_1_13.mux4 [\mux4(c_xdevicefamily="artix7",w...]
Compiling architecture synth of entity xbip_pipe_v3_0_6.xbip_pipe_v3_0_6_viv [\xbip_pipe_v3_0_6_viv(c_latency=...]
Compiling architecture rtl of entity floating_point_v7_1_13.delay [\delay(width=2)\]
Compiling architecture synth of entity xbip_pipe_v3_0_6.xbip_pipe_v3_0_6_viv [\xbip_pipe_v3_0_6_viv(c_has_ce=1...]
Compiling architecture rtl of entity floating_point_v7_1_13.delay [\delay(width=2,length=0,fast_inp...]
Compiling architecture rtl of entity floating_point_v7_1_13.mux4 [\mux4(c_xdevicefamily="artix7",w...]
Compiling architecture rtl of entity floating_point_v7_1_13.mux4 [\mux4(c_xdevicefamily="artix7",w...]
Compiling architecture synth of entity xbip_pipe_v3_0_6.xbip_pipe_v3_0_6_viv [\xbip_pipe_v3_0_6_viv(c_has_ce=1...]
Compiling architecture rtl of entity floating_point_v7_1_13.delay [\delay(width=8,length=0,fast_inp...]
Compiling architecture struct of entity floating_point_v7_1_13.carry_chain [\carry_chain(c_xdevicefamily="ar...]
Compiling architecture rtl of entity floating_point_v7_1_13.lead_zero_encode [\lead_zero_encode(c_xdevicefamil...]
Compiling architecture synth of entity xbip_pipe_v3_0_6.xbip_pipe_v3_0_6_viv [\xbip_pipe_v3_0_6_viv(c_latency=...]
Compiling architecture rtl of entity floating_point_v7_1_13.delay [\delay(width=56)\]
Compiling architecture rtl of entity floating_point_v7_1_13.shift_msb_first [\shift_msb_first(a_width=56,resu...]
Compiling architecture rtl of entity floating_point_v7_1_13.dsp48e1_wrapper [\dsp48e1_wrapper(b_width=18,c_wi...]
Compiling architecture synth of entity xbip_pipe_v3_0_6.xbip_pipe_v3_0_6_viv [\xbip_pipe_v3_0_6_viv(c_has_ce=1...]
Compiling architecture rtl of entity floating_point_v7_1_13.delay [\delay(width=19,length=0)\]
Compiling architecture struct of entity floating_point_v7_1_13.carry_chain [\carry_chain(c_xdevicefamily="ar...]
Compiling architecture synth of entity xbip_pipe_v3_0_6.xbip_pipe_v3_0_6_viv [\xbip_pipe_v3_0_6_viv(c_has_ce=1...]
Compiling architecture rtl of entity floating_point_v7_1_13.delay [\delay(width=28,length=0)\]
Compiling architecture synth of entity xbip_pipe_v3_0_6.xbip_pipe_v3_0_6_viv [\xbip_pipe_v3_0_6_viv(c_has_ce=1...]
Compiling architecture rtl of entity floating_point_v7_1_13.delay [\delay(width=29,length=0)\]
Compiling architecture synth of entity xbip_pipe_v3_0_6.xbip_pipe_v3_0_6_viv [\xbip_pipe_v3_0_6_viv(c_has_ce=1...]
Compiling architecture rtl of entity floating_point_v7_1_13.delay [\delay(width=3,length=0)\]
Compiling architecture struct of entity floating_point_v7_1_13.carry_chain [\carry_chain(c_xdevicefamily="ar...]
Compiling architecture rtl of entity floating_point_v7_1_13.flt_round_bit [\flt_round_bit(c_xdevicefamily="...]
Compiling architecture rtl of entity floating_point_v7_1_13.renorm_and_round_logic [\renorm_and_round_logic(c_xdevic...]
Compiling architecture rtl of entity floating_point_v7_1_13.norm_and_round_logic [\norm_and_round_logic(c_xdevicef...]
Compiling architecture synth of entity xbip_pipe_v3_0_6.xbip_pipe_v3_0_6_viv [\xbip_pipe_v3_0_6_viv(c_latency=...]
Compiling architecture rtl of entity floating_point_v7_1_13.delay [\delay(length=2)\]
Compiling architecture synth of entity xbip_pipe_v3_0_6.xbip_pipe_v3_0_6_viv [\xbip_pipe_v3_0_6_viv(c_has_ce=1...]
Compiling architecture rtl of entity floating_point_v7_1_13.delay [\delay(width=12,length=0)\]
Compiling architecture struct of entity floating_point_v7_1_13.carry_chain [\carry_chain(c_xdevicefamily="ar...]
Compiling architecture synth of entity xbip_pipe_v3_0_6.xbip_pipe_v3_0_6_viv [\xbip_pipe_v3_0_6_viv(c_has_ce=1...]
Compiling architecture rtl of entity floating_point_v7_1_13.delay [\delay(width=12,length=0,fast_in...]
Compiling architecture synth of entity xbip_pipe_v3_0_6.xbip_pipe_v3_0_6_viv [\xbip_pipe_v3_0_6_viv(c_latency=...]
Compiling architecture rtl of entity floating_point_v7_1_13.delay [\delay(width=12,length=2)\]
Compiling architecture fdre_v of entity unisim.FDRE [fdre_default]
Compiling architecture fde_v of entity unisim.FDE [fde_default]
Compiling architecture struct of entity floating_point_v7_1_13.carry_chain [\carry_chain(c_xdevicefamily="ar...]
Compiling architecture synth of entity floating_point_v7_1_13.compare_eq_im [\compare_eq_im(c_xdevicefamily="...]
Compiling architecture rtl of entity floating_point_v7_1_13.special_detect [\special_detect(c_xdevicefamily=...]
Compiling architecture struct of entity floating_point_v7_1_13.carry_chain [\carry_chain(c_xdevicefamily="ar...]
Compiling architecture synth of entity floating_point_v7_1_13.compare_gt [\compare_gt(c_xdevicefamily="art...]
Compiling architecture synth of entity xbip_pipe_v3_0_6.xbip_pipe_v3_0_6_viv [\xbip_pipe_v3_0_6_viv(c_has_ce=1...]
Compiling architecture rtl of entity floating_point_v7_1_13.delay [\delay(width=11,length=0)\]
Compiling architecture struct of entity floating_point_v7_1_13.carry_chain [\carry_chain(c_xdevicefamily="ar...]
Compiling architecture synth of entity floating_point_v7_1_13.compare_eq [\compare_eq(c_xdevicefamily="art...]
Compiling architecture synth of entity floating_point_v7_1_13.compare [\compare(c_xdevicefamily="artix7...]
Compiling architecture synth of entity xbip_pipe_v3_0_6.xbip_pipe_v3_0_6_viv [\xbip_pipe_v3_0_6_viv(c_latency=...]
Compiling architecture rtl of entity floating_point_v7_1_13.delay [\delay(width=11)\]
Compiling architecture synth of entity xbip_pipe_v3_0_6.xbip_pipe_v3_0_6_viv [\xbip_pipe_v3_0_6_viv(c_latency=...]
Compiling architecture rtl of entity floating_point_v7_1_13.delay [\delay(width=12)\]
Compiling architecture synth of entity xbip_pipe_v3_0_6.xbip_pipe_v3_0_6_viv [\xbip_pipe_v3_0_6_viv(c_latency=...]
Compiling architecture rtl of entity floating_point_v7_1_13.delay [\delay(width=2,length=2,fast_inp...]
Compiling architecture synth of entity xbip_pipe_v3_0_6.xbip_pipe_v3_0_6_viv [\xbip_pipe_v3_0_6_viv(c_latency=...]
Compiling architecture rtl of entity floating_point_v7_1_13.delay [\delay(length=2,fast_input=true)...]
Compiling architecture rtl of entity floating_point_v7_1_13.flt_add_exp [\flt_add_exp(c_xdevicefamily="ar...]
Compiling architecture synth of entity floating_point_v7_1_13.flt_dec_op [\flt_dec_op(c_xdevicefamily="art...]
Compiling architecture rtl of entity floating_point_v7_1_13.flt_add_logic [\flt_add_logic(c_xdevicefamily="...]
Compiling architecture rtl of entity floating_point_v7_1_13.flt_add [\flt_add(c_xdevicefamily="artix7...]
Compiling module unisims_ver.x_lut1_mux2
Compiling module unisims_ver.LUT1
Compiling architecture synth of entity xbip_pipe_v3_0_6.xbip_pipe_v3_0_6_viv [\xbip_pipe_v3_0_6_viv(c_latency=...]
Compiling architecture synth of entity xbip_pipe_v3_0_6.xbip_pipe_v3_0_6_viv [\xbip_pipe_v3_0_6_viv(c_has_ce=1...]
Compiling architecture rtl of entity floating_point_v7_1_13.delay [\delay(width=64,length=0)\]
Compiling architecture xilinx of entity floating_point_v7_1_13.floating_point_v7_1_13_viv [\floating_point_v7_1_13_viv(c_xd...]
Compiling architecture xilinx of entity floating_point_v7_1_13.floating_point_v7_1_13 [\floating_point_v7_1_13(c_xdevic...]
Compiling module xil_defaultlib.kp_502_7_dsub_64ns_64ns_64_5_ful...
Compiling module xil_defaultlib.kp_502_7_dsub_64ns_64ns_64_5_ful...
Compiling architecture rtl of entity floating_point_v7_1_13.flt_add [\flt_add(c_xdevicefamily="artix7...]
Compiling architecture xilinx of entity floating_point_v7_1_13.floating_point_v7_1_13_viv [\floating_point_v7_1_13_viv(c_xd...]
Compiling architecture xilinx of entity floating_point_v7_1_13.floating_point_v7_1_13 [\floating_point_v7_1_13(c_xdevic...]
Compiling module xil_defaultlib.kp_502_7_dadd_64ns_64ns_64_5_ful...
Compiling module xil_defaultlib.kp_502_7_dadd_64ns_64ns_64_5_ful...
Compiling architecture synth of entity xbip_pipe_v3_0_6.xbip_pipe_v3_0_6_viv [\xbip_pipe_v3_0_6_viv(c_has_ce=1...]
Compiling architecture rtl of entity floating_point_v7_1_13.delay [\delay(width=52,length=0)\]
Compiling architecture synth of entity xbip_pipe_v3_0_6.xbip_pipe_v3_0_6_viv [\xbip_pipe_v3_0_6_viv(c_has_ce=1...]
Compiling architecture rtl of entity floating_point_v7_1_13.delay [\delay(width=54,length=0,fast_in...]
Compiling architecture struct of entity floating_point_v7_1_13.carry_chain [\carry_chain(c_xdevicefamily="ar...]
Compiling architecture synth of entity floating_point_v7_1_13.flt_div_mant_addsub [\flt_div_mant_addsub(c_xdevicefa...]
Compiling architecture synth of entity xbip_pipe_v3_0_6.xbip_pipe_v3_0_6_viv [\xbip_pipe_v3_0_6_viv(c_has_ce=1...]
Compiling architecture rtl of entity floating_point_v7_1_13.delay [\delay(width=53,length=0)\]
Compiling architecture synth of entity xbip_pipe_v3_0_6.xbip_pipe_v3_0_6_viv [\xbip_pipe_v3_0_6_viv(c_latency=...]
Compiling architecture rtl of entity floating_point_v7_1_13.delay [\delay(width=54,fast_input=true)...]
Compiling architecture struct of entity floating_point_v7_1_13.carry_chain [\carry_chain(c_xdevicefamily="ar...]
Compiling architecture synth of entity floating_point_v7_1_13.flt_div_mant_addsub [\flt_div_mant_addsub(c_xdevicefa...]
Compiling architecture synth of entity xbip_pipe_v3_0_6.xbip_pipe_v3_0_6_viv [\xbip_pipe_v3_0_6_viv(c_latency=...]
Compiling architecture rtl of entity floating_point_v7_1_13.delay [\delay(width=55)\]
Compiling architecture virtex of entity floating_point_v7_1_13.flt_div_mant [\flt_div_mant(c_xdevicefamily="a...]
Compiling architecture synth of entity xbip_pipe_v3_0_6.xbip_pipe_v3_0_6_viv [\xbip_pipe_v3_0_6_viv(c_latency=...]
Compiling architecture rtl of entity floating_point_v7_1_13.delay [\delay(width=13,fast_input=true)...]
Compiling architecture rtl of entity floating_point_v7_1_13.special_detect [\special_detect(c_xdevicefamily=...]
Compiling architecture synth of entity xbip_pipe_v3_0_6.xbip_pipe_v3_0_6_viv [\xbip_pipe_v3_0_6_viv(c_latency=...]
Compiling architecture rtl of entity floating_point_v7_1_13.delay [\delay(length=28,fast_input=true...]
Compiling architecture synth of entity xbip_pipe_v3_0_6.xbip_pipe_v3_0_6_viv [\xbip_pipe_v3_0_6_viv(c_latency=...]
Compiling architecture rtl of entity floating_point_v7_1_13.delay [\delay(width=2,fast_input=true)\]
Compiling architecture synth of entity xbip_pipe_v3_0_6.xbip_pipe_v3_0_6_viv [\xbip_pipe_v3_0_6_viv(c_latency=...]
Compiling architecture rtl of entity floating_point_v7_1_13.delay [\delay(width=11,length=27)\]
Compiling architecture synth of entity xbip_pipe_v3_0_6.xbip_pipe_v3_0_6_viv [\xbip_pipe_v3_0_6_viv(c_latency=...]
Compiling architecture rtl of entity floating_point_v7_1_13.delay [\delay(length=27,fast_input=true...]
Compiling architecture synth of entity xbip_pipe_v3_0_6.xbip_pipe_v3_0_6_viv [\xbip_pipe_v3_0_6_viv(c_latency=...]
Compiling architecture rtl of entity floating_point_v7_1_13.delay [\delay(width=3,length=27,fast_in...]
Compiling architecture synth of entity xbip_pipe_v3_0_6.xbip_pipe_v3_0_6_viv [\xbip_pipe_v3_0_6_viv(c_latency=...]
Compiling architecture rtl of entity floating_point_v7_1_13.delay [\delay(width=4,length=27,fast_in...]
Compiling architecture rtl of entity floating_point_v7_1_13.flt_div_exp [\flt_div_exp(c_xdevicefamily="no...]
Compiling architecture synth of entity xbip_pipe_v3_0_6.xbip_pipe_v3_0_6_viv [\xbip_pipe_v3_0_6_viv(c_has_ce=1...]
Compiling architecture rtl of entity floating_point_v7_1_13.delay [\delay(width=26,length=0,fast_in...]
Compiling architecture struct of entity floating_point_v7_1_13.carry_chain [\carry_chain(c_xdevicefamily="ar...]
Compiling architecture synth of entity xbip_pipe_v3_0_6.xbip_pipe_v3_0_6_viv [\xbip_pipe_v3_0_6_viv(c_has_ce=1...]
Compiling architecture rtl of entity floating_point_v7_1_13.delay [\delay(width=27,length=0,fast_in...]
Compiling architecture struct of entity floating_point_v7_1_13.carry_chain [\carry_chain(c_xdevicefamily="ar...]
Compiling architecture struct of entity floating_point_v7_1_13.carry_chain [\carry_chain(c_xdevicefamily="ar...]
Compiling architecture struct of entity floating_point_v7_1_13.carry_chain [\carry_chain(c_xdevicefamily="ar...]
Compiling architecture rtl of entity floating_point_v7_1_13.flt_round_bit [\flt_round_bit(c_xdevicefamily="...]
Compiling architecture rtl of entity floating_point_v7_1_13.renorm_and_round_logic [\renorm_and_round_logic(c_xdevic...]
Compiling architecture synth of entity floating_point_v7_1_13.flt_dec_op_lat [\flt_dec_op_lat(c_xdevicefamily=...]
Compiling architecture virtex of entity floating_point_v7_1_13.flt_div [\flt_div(c_xdevicefamily="artix7...]
Compiling architecture synth of entity xbip_pipe_v3_0_6.xbip_pipe_v3_0_6_viv [\xbip_pipe_v3_0_6_viv(c_latency=...]
Compiling architecture xilinx of entity floating_point_v7_1_13.floating_point_v7_1_13_viv [\floating_point_v7_1_13_viv(c_xd...]
Compiling architecture xilinx of entity floating_point_v7_1_13.floating_point_v7_1_13 [\floating_point_v7_1_13(c_xdevic...]
Compiling module xil_defaultlib.kp_502_7_ddiv_64ns_64ns_64_31_no...
Compiling module xil_defaultlib.kp_502_7_ddiv_64ns_64ns_64_31_no...
Compiling architecture synth of entity xbip_pipe_v3_0_6.xbip_pipe_v3_0_6_viv [\xbip_pipe_v3_0_6_viv(c_has_ce=1...]
Compiling architecture rtl of entity floating_point_v7_1_13.delay [\delay(width=31,length=0)\]
Compiling architecture synth of entity xbip_pipe_v3_0_6.xbip_pipe_v3_0_6_viv [\xbip_pipe_v3_0_6_viv(c_latency=...]
Compiling architecture rtl of entity floating_point_v7_1_13.delay [\delay(width=32)\]
Compiling architecture struct of entity floating_point_v7_1_13.carry_chain [\carry_chain(c_xdevicefamily="ar...]
Compiling architecture synth of entity xbip_pipe_v3_0_6.xbip_pipe_v3_0_6_viv [\xbip_pipe_v3_0_6_viv(c_has_ce=1...]
Compiling architecture rtl of entity floating_point_v7_1_13.delay [\delay(width=32,length=0)\]
Compiling architecture rtl of entity floating_point_v7_1_13.mux4 [\mux4(c_xdevicefamily="artix7",w...]
Compiling architecture rtl of entity floating_point_v7_1_13.lead_zero_encode [\lead_zero_encode(c_xdevicefamil...]
Compiling architecture rtl of entity floating_point_v7_1_13.shift_msb_first [\shift_msb_first(a_width=32,dist...]
Compiling architecture synth of entity xbip_pipe_v3_0_6.xbip_pipe_v3_0_6_viv [\xbip_pipe_v3_0_6_viv(c_has_ce=1...]
Compiling architecture rtl of entity floating_point_v7_1_13.delay [\delay(width=26,length=0)\]
Compiling architecture struct of entity floating_point_v7_1_13.carry_chain [\carry_chain(c_xdevicefamily="ar...]
Compiling architecture synth of entity xbip_pipe_v3_0_6.xbip_pipe_v3_0_6_viv [\xbip_pipe_v3_0_6_viv(c_has_ce=1...]
Compiling architecture rtl of entity floating_point_v7_1_13.delay [\delay(width=27,length=0)\]
Compiling architecture struct of entity floating_point_v7_1_13.carry_chain [\carry_chain(c_xdevicefamily="ar...]
Compiling architecture rtl of entity floating_point_v7_1_13.renorm_and_round_logic [\renorm_and_round_logic(c_xdevic...]
Compiling architecture synth of entity floating_point_v7_1_13.fix_to_flt_conv_exp [\fix_to_flt_conv_exp(c_xdevicefa...]
Compiling architecture synth of entity floating_point_v7_1_13.flt_dec_op [\flt_dec_op(c_xdevicefamily="art...]
Compiling architecture struct of entity floating_point_v7_1_13.fix_to_flt_conv [\fix_to_flt_conv(c_xdevicefamily...]
Compiling architecture xilinx of entity floating_point_v7_1_13.floating_point_v7_1_13_viv [\floating_point_v7_1_13_viv(c_xd...]
Compiling architecture xilinx of entity floating_point_v7_1_13.floating_point_v7_1_13 [\floating_point_v7_1_13(c_xdevic...]
Compiling module xil_defaultlib.kp_502_7_sitodp_32ns_64_5_no_dsp...
Compiling module xil_defaultlib.kp_502_7_sitodp_32ns_64_5_no_dsp...
Compiling architecture synth of entity xbip_pipe_v3_0_6.xbip_pipe_v3_0_6_viv [\xbip_pipe_v3_0_6_viv(c_has_ce=1...]
Compiling architecture rtl of entity floating_point_v7_1_13.delay [\delay(width=5,length=0,fast_inp...]
Compiling architecture struct of entity floating_point_v7_1_13.carry_chain [\carry_chain(c_xdevicefamily="ar...]
Compiling architecture synth of entity floating_point_v7_1_13.flt_sqrt_mant_addsub [\flt_sqrt_mant_addsub(c_xdevicef...]
Compiling architecture synth of entity xbip_pipe_v3_0_6.xbip_pipe_v3_0_6_viv [\xbip_pipe_v3_0_6_viv(c_latency=...]
Compiling architecture rtl of entity floating_point_v7_1_13.delay [\delay(width=53)\]
Compiling architecture synth of entity xbip_pipe_v3_0_6.xbip_pipe_v3_0_6_viv [\xbip_pipe_v3_0_6_viv(c_has_ce=1...]
Compiling architecture rtl of entity floating_point_v7_1_13.delay [\delay(width=5,length=0)\]
Compiling architecture synth of entity xbip_pipe_v3_0_6.xbip_pipe_v3_0_6_viv [\xbip_pipe_v3_0_6_viv(c_latency=...]
Compiling architecture rtl of entity floating_point_v7_1_13.delay [\delay(width=6,fast_input=true)\]
Compiling architecture struct of entity floating_point_v7_1_13.carry_chain [\carry_chain(c_xdevicefamily="ar...]
Compiling architecture synth of entity floating_point_v7_1_13.flt_sqrt_mant_addsub [\flt_sqrt_mant_addsub(c_xdevicef...]
Compiling architecture synth of entity xbip_pipe_v3_0_6.xbip_pipe_v3_0_6_viv [\xbip_pipe_v3_0_6_viv(c_latency=...]
Compiling architecture rtl of entity floating_point_v7_1_13.delay [\delay(width=3)\]
Compiling architecture synth of entity xbip_pipe_v3_0_6.xbip_pipe_v3_0_6_viv [\xbip_pipe_v3_0_6_viv(c_has_ce=1...]
Compiling architecture rtl of entity floating_point_v7_1_13.delay [\delay(width=51,length=0)\]
Compiling architecture synth of entity xbip_pipe_v3_0_6.xbip_pipe_v3_0_6_viv [\xbip_pipe_v3_0_6_viv(c_has_ce=1...]
Compiling architecture rtl of entity floating_point_v7_1_13.delay [\delay(width=7,length=0,fast_inp...]
Compiling architecture struct of entity floating_point_v7_1_13.carry_chain [\carry_chain(c_xdevicefamily="ar...]
Compiling architecture synth of entity floating_point_v7_1_13.flt_sqrt_mant_addsub [\flt_sqrt_mant_addsub(c_xdevicef...]
Compiling architecture synth of entity xbip_pipe_v3_0_6.xbip_pipe_v3_0_6_viv [\xbip_pipe_v3_0_6_viv(c_latency=...]
Compiling architecture rtl of entity floating_point_v7_1_13.delay [\delay(width=49)\]
Compiling architecture synth of entity xbip_pipe_v3_0_6.xbip_pipe_v3_0_6_viv [\xbip_pipe_v3_0_6_viv(c_latency=...]
Compiling architecture rtl of entity floating_point_v7_1_13.delay [\delay(width=8,fast_input=true)\]
Compiling architecture struct of entity floating_point_v7_1_13.carry_chain [\carry_chain(c_xdevicefamily="ar...]
Compiling architecture synth of entity floating_point_v7_1_13.flt_sqrt_mant_addsub [\flt_sqrt_mant_addsub(c_xdevicef...]
Compiling architecture synth of entity xbip_pipe_v3_0_6.xbip_pipe_v3_0_6_viv [\xbip_pipe_v3_0_6_viv(c_latency=...]
Compiling architecture rtl of entity floating_point_v7_1_13.delay [\delay(width=5)\]
Compiling architecture synth of entity xbip_pipe_v3_0_6.xbip_pipe_v3_0_6_viv [\xbip_pipe_v3_0_6_viv(c_has_ce=1...]
Compiling architecture rtl of entity floating_point_v7_1_13.delay [\delay(width=9,length=0,fast_inp...]
Compiling architecture struct of entity floating_point_v7_1_13.carry_chain [\carry_chain(c_xdevicefamily="ar...]
Compiling architecture synth of entity floating_point_v7_1_13.flt_sqrt_mant_addsub [\flt_sqrt_mant_addsub(c_xdevicef...]
Compiling architecture synth of entity xbip_pipe_v3_0_6.xbip_pipe_v3_0_6_viv [\xbip_pipe_v3_0_6_viv(c_has_ce=1...]
Compiling architecture rtl of entity floating_point_v7_1_13.delay [\delay(width=6,length=0)\]
Compiling architecture synth of entity xbip_pipe_v3_0_6.xbip_pipe_v3_0_6_viv [\xbip_pipe_v3_0_6_viv(c_latency=...]
Compiling architecture rtl of entity floating_point_v7_1_13.delay [\delay(width=45)\]
Compiling architecture synth of entity xbip_pipe_v3_0_6.xbip_pipe_v3_0_6_viv [\xbip_pipe_v3_0_6_viv(c_latency=...]
Compiling architecture rtl of entity floating_point_v7_1_13.delay [\delay(width=10,fast_input=true)...]
Compiling architecture struct of entity floating_point_v7_1_13.carry_chain [\carry_chain(c_xdevicefamily="ar...]
Compiling architecture synth of entity floating_point_v7_1_13.flt_sqrt_mant_addsub [\flt_sqrt_mant_addsub(c_xdevicef...]
Compiling architecture synth of entity xbip_pipe_v3_0_6.xbip_pipe_v3_0_6_viv [\xbip_pipe_v3_0_6_viv(c_latency=...]
Compiling architecture rtl of entity floating_point_v7_1_13.delay [\delay(width=7)\]
Compiling architecture synth of entity xbip_pipe_v3_0_6.xbip_pipe_v3_0_6_viv [\xbip_pipe_v3_0_6_viv(c_has_ce=1...]
Compiling architecture rtl of entity floating_point_v7_1_13.delay [\delay(width=43,length=0)\]
Compiling architecture struct of entity floating_point_v7_1_13.carry_chain [\carry_chain(c_xdevicefamily="ar...]
Compiling architecture synth of entity floating_point_v7_1_13.flt_sqrt_mant_addsub [\flt_sqrt_mant_addsub(c_xdevicef...]
Compiling architecture synth of entity xbip_pipe_v3_0_6.xbip_pipe_v3_0_6_viv [\xbip_pipe_v3_0_6_viv(c_latency=...]
Compiling architecture rtl of entity floating_point_v7_1_13.delay [\delay(width=41)\]
Compiling architecture synth of entity xbip_pipe_v3_0_6.xbip_pipe_v3_0_6_viv [\xbip_pipe_v3_0_6_viv(c_latency=...]
Compiling architecture rtl of entity floating_point_v7_1_13.delay [\delay(width=12,fast_input=true)...]
Compiling architecture struct of entity floating_point_v7_1_13.carry_chain [\carry_chain(c_xdevicefamily="ar...]
Compiling architecture synth of entity floating_point_v7_1_13.flt_sqrt_mant_addsub [\flt_sqrt_mant_addsub(c_xdevicef...]
Compiling architecture synth of entity xbip_pipe_v3_0_6.xbip_pipe_v3_0_6_viv [\xbip_pipe_v3_0_6_viv(c_has_ce=1...]
Compiling architecture rtl of entity floating_point_v7_1_13.delay [\delay(width=39,length=0)\]
Compiling architecture synth of entity xbip_pipe_v3_0_6.xbip_pipe_v3_0_6_viv [\xbip_pipe_v3_0_6_viv(c_has_ce=1...]
Compiling architecture rtl of entity floating_point_v7_1_13.delay [\delay(width=13,length=0,fast_in...]
Compiling architecture struct of entity floating_point_v7_1_13.carry_chain [\carry_chain(c_xdevicefamily="ar...]
Compiling architecture synth of entity floating_point_v7_1_13.flt_sqrt_mant_addsub [\flt_sqrt_mant_addsub(c_xdevicef...]
Compiling architecture synth of entity xbip_pipe_v3_0_6.xbip_pipe_v3_0_6_viv [\xbip_pipe_v3_0_6_viv(c_has_ce=1...]
Compiling architecture rtl of entity floating_point_v7_1_13.delay [\delay(width=10,length=0)\]
Compiling architecture synth of entity xbip_pipe_v3_0_6.xbip_pipe_v3_0_6_viv [\xbip_pipe_v3_0_6_viv(c_latency=...]
Compiling architecture rtl of entity floating_point_v7_1_13.delay [\delay(width=37)\]
Compiling architecture synth of entity xbip_pipe_v3_0_6.xbip_pipe_v3_0_6_viv [\xbip_pipe_v3_0_6_viv(c_has_ce=1...]
Compiling architecture rtl of entity floating_point_v7_1_13.delay [\delay(width=13,length=0)\]
Compiling architecture synth of entity xbip_pipe_v3_0_6.xbip_pipe_v3_0_6_viv [\xbip_pipe_v3_0_6_viv(c_latency=...]
Compiling architecture rtl of entity floating_point_v7_1_13.delay [\delay(width=14,fast_input=true)...]
Compiling architecture struct of entity floating_point_v7_1_13.carry_chain [\carry_chain(c_xdevicefamily="ar...]
Compiling architecture synth of entity floating_point_v7_1_13.flt_sqrt_mant_addsub [\flt_sqrt_mant_addsub(c_xdevicef...]
Compiling architecture synth of entity xbip_pipe_v3_0_6.xbip_pipe_v3_0_6_viv [\xbip_pipe_v3_0_6_viv(c_has_ce=1...]
Compiling architecture rtl of entity floating_point_v7_1_13.delay [\delay(width=35,length=0)\]
Compiling architecture synth of entity xbip_pipe_v3_0_6.xbip_pipe_v3_0_6_viv [\xbip_pipe_v3_0_6_viv(c_has_ce=1...]
Compiling architecture rtl of entity floating_point_v7_1_13.delay [\delay(width=15,length=0,fast_in...]
Compiling architecture struct of entity floating_point_v7_1_13.carry_chain [\carry_chain(c_xdevicefamily="ar...]
Compiling architecture synth of entity floating_point_v7_1_13.flt_sqrt_mant_addsub [\flt_sqrt_mant_addsub(c_xdevicef...]
Compiling architecture synth of entity xbip_pipe_v3_0_6.xbip_pipe_v3_0_6_viv [\xbip_pipe_v3_0_6_viv(c_latency=...]
Compiling architecture rtl of entity floating_point_v7_1_13.delay [\delay(width=33)\]
Compiling architecture synth of entity xbip_pipe_v3_0_6.xbip_pipe_v3_0_6_viv [\xbip_pipe_v3_0_6_viv(c_has_ce=1...]
Compiling architecture rtl of entity floating_point_v7_1_13.delay [\delay(width=15,length=0)\]
Compiling architecture synth of entity xbip_pipe_v3_0_6.xbip_pipe_v3_0_6_viv [\xbip_pipe_v3_0_6_viv(c_latency=...]
Compiling architecture rtl of entity floating_point_v7_1_13.delay [\delay(width=16,fast_input=true)...]
Compiling architecture struct of entity floating_point_v7_1_13.carry_chain [\carry_chain(c_xdevicefamily="ar...]
Compiling architecture synth of entity floating_point_v7_1_13.flt_sqrt_mant_addsub [\flt_sqrt_mant_addsub(c_xdevicef...]
Compiling architecture synth of entity xbip_pipe_v3_0_6.xbip_pipe_v3_0_6_viv [\xbip_pipe_v3_0_6_viv(c_latency=...]
Compiling architecture rtl of entity floating_point_v7_1_13.delay [\delay(width=13)\]
Compiling architecture synth of entity xbip_pipe_v3_0_6.xbip_pipe_v3_0_6_viv [\xbip_pipe_v3_0_6_viv(c_has_ce=1...]
Compiling architecture rtl of entity floating_point_v7_1_13.delay [\delay(width=17,length=0,fast_in...]
Compiling architecture struct of entity floating_point_v7_1_13.carry_chain [\carry_chain(c_xdevicefamily="ar...]
Compiling architecture synth of entity floating_point_v7_1_13.flt_sqrt_mant_addsub [\flt_sqrt_mant_addsub(c_xdevicef...]
Compiling architecture synth of entity xbip_pipe_v3_0_6.xbip_pipe_v3_0_6_viv [\xbip_pipe_v3_0_6_viv(c_latency=...]
Compiling architecture rtl of entity floating_point_v7_1_13.delay [\delay(width=29)\]
Compiling architecture synth of entity xbip_pipe_v3_0_6.xbip_pipe_v3_0_6_viv [\xbip_pipe_v3_0_6_viv(c_has_ce=1...]
Compiling architecture rtl of entity floating_point_v7_1_13.delay [\delay(width=17,length=0)\]
Compiling architecture synth of entity xbip_pipe_v3_0_6.xbip_pipe_v3_0_6_viv [\xbip_pipe_v3_0_6_viv(c_latency=...]
Compiling architecture rtl of entity floating_point_v7_1_13.delay [\delay(width=18,fast_input=true)...]
Compiling architecture struct of entity floating_point_v7_1_13.carry_chain [\carry_chain(c_xdevicefamily="ar...]
Compiling architecture synth of entity floating_point_v7_1_13.flt_sqrt_mant_addsub [\flt_sqrt_mant_addsub(c_xdevicef...]
Compiling architecture synth of entity xbip_pipe_v3_0_6.xbip_pipe_v3_0_6_viv [\xbip_pipe_v3_0_6_viv(c_latency=...]
Compiling architecture rtl of entity floating_point_v7_1_13.delay [\delay(width=15)\]
Compiling architecture synth of entity xbip_pipe_v3_0_6.xbip_pipe_v3_0_6_viv [\xbip_pipe_v3_0_6_viv(c_has_ce=1...]
Compiling architecture rtl of entity floating_point_v7_1_13.delay [\delay(width=19,length=0,fast_in...]
Compiling architecture struct of entity floating_point_v7_1_13.carry_chain [\carry_chain(c_xdevicefamily="ar...]
Compiling architecture synth of entity floating_point_v7_1_13.flt_sqrt_mant_addsub [\flt_sqrt_mant_addsub(c_xdevicef...]
Compiling architecture synth of entity xbip_pipe_v3_0_6.xbip_pipe_v3_0_6_viv [\xbip_pipe_v3_0_6_viv(c_latency=...]
Compiling architecture rtl of entity floating_point_v7_1_13.delay [\delay(width=25)\]
Compiling architecture synth of entity xbip_pipe_v3_0_6.xbip_pipe_v3_0_6_viv [\xbip_pipe_v3_0_6_viv(c_latency=...]
Compiling architecture rtl of entity floating_point_v7_1_13.delay [\delay(width=20,fast_input=true)...]
Compiling architecture struct of entity floating_point_v7_1_13.carry_chain [\carry_chain(c_xdevicefamily="ar...]
Compiling architecture synth of entity floating_point_v7_1_13.flt_sqrt_mant_addsub [\flt_sqrt_mant_addsub(c_xdevicef...]
Compiling architecture synth of entity xbip_pipe_v3_0_6.xbip_pipe_v3_0_6_viv [\xbip_pipe_v3_0_6_viv(c_latency=...]
Compiling architecture rtl of entity floating_point_v7_1_13.delay [\delay(width=17)\]
Compiling architecture synth of entity xbip_pipe_v3_0_6.xbip_pipe_v3_0_6_viv [\xbip_pipe_v3_0_6_viv(c_has_ce=1...]
Compiling architecture rtl of entity floating_point_v7_1_13.delay [\delay(width=23,length=0)\]
Compiling architecture synth of entity xbip_pipe_v3_0_6.xbip_pipe_v3_0_6_viv [\xbip_pipe_v3_0_6_viv(c_has_ce=1...]
Compiling architecture rtl of entity floating_point_v7_1_13.delay [\delay(width=21,length=0,fast_in...]
Compiling architecture struct of entity floating_point_v7_1_13.carry_chain [\carry_chain(c_xdevicefamily="ar...]
Compiling architecture synth of entity floating_point_v7_1_13.flt_sqrt_mant_addsub [\flt_sqrt_mant_addsub(c_xdevicef...]
Compiling architecture synth of entity xbip_pipe_v3_0_6.xbip_pipe_v3_0_6_viv [\xbip_pipe_v3_0_6_viv(c_latency=...]
Compiling architecture rtl of entity floating_point_v7_1_13.delay [\delay(width=21)\]
Compiling architecture synth of entity xbip_pipe_v3_0_6.xbip_pipe_v3_0_6_viv [\xbip_pipe_v3_0_6_viv(c_has_ce=1...]
Compiling architecture rtl of entity floating_point_v7_1_13.delay [\delay(width=21,length=0)\]
Compiling architecture synth of entity xbip_pipe_v3_0_6.xbip_pipe_v3_0_6_viv [\xbip_pipe_v3_0_6_viv(c_latency=...]
Compiling architecture rtl of entity floating_point_v7_1_13.delay [\delay(width=22,fast_input=true)...]
Compiling architecture struct of entity floating_point_v7_1_13.carry_chain [\carry_chain(c_xdevicefamily="ar...]
Compiling architecture synth of entity floating_point_v7_1_13.flt_sqrt_mant_addsub [\flt_sqrt_mant_addsub(c_xdevicef...]
Compiling architecture synth of entity xbip_pipe_v3_0_6.xbip_pipe_v3_0_6_viv [\xbip_pipe_v3_0_6_viv(c_latency=...]
Compiling architecture rtl of entity floating_point_v7_1_13.delay [\delay(width=19)\]
Compiling architecture synth of entity xbip_pipe_v3_0_6.xbip_pipe_v3_0_6_viv [\xbip_pipe_v3_0_6_viv(c_has_ce=1...]
Compiling architecture rtl of entity floating_point_v7_1_13.delay [\delay(width=23,length=0,fast_in...]
Compiling architecture struct of entity floating_point_v7_1_13.carry_chain [\carry_chain(c_xdevicefamily="ar...]
Compiling architecture synth of entity floating_point_v7_1_13.flt_sqrt_mant_addsub [\flt_sqrt_mant_addsub(c_xdevicef...]
Compiling architecture synth of entity xbip_pipe_v3_0_6.xbip_pipe_v3_0_6_viv [\xbip_pipe_v3_0_6_viv(c_has_ce=1...]
Compiling architecture rtl of entity floating_point_v7_1_13.delay [\delay(width=20,length=0)\]
Compiling architecture synth of entity xbip_pipe_v3_0_6.xbip_pipe_v3_0_6_viv [\xbip_pipe_v3_0_6_viv(c_latency=...]
Compiling architecture rtl of entity floating_point_v7_1_13.delay [\delay(width=24,fast_input=true)...]
Compiling architecture struct of entity floating_point_v7_1_13.carry_chain [\carry_chain(c_xdevicefamily="ar...]
Compiling architecture synth of entity floating_point_v7_1_13.flt_sqrt_mant_addsub [\flt_sqrt_mant_addsub(c_xdevicef...]
Compiling architecture synth of entity xbip_pipe_v3_0_6.xbip_pipe_v3_0_6_viv [\xbip_pipe_v3_0_6_viv(c_has_ce=1...]
Compiling architecture rtl of entity floating_point_v7_1_13.delay [\delay(width=25,length=0,fast_in...]
Compiling architecture struct of entity floating_point_v7_1_13.carry_chain [\carry_chain(c_xdevicefamily="ar...]
Compiling architecture synth of entity floating_point_v7_1_13.flt_sqrt_mant_addsub [\flt_sqrt_mant_addsub(c_xdevicef...]
Compiling architecture synth of entity xbip_pipe_v3_0_6.xbip_pipe_v3_0_6_viv [\xbip_pipe_v3_0_6_viv(c_has_ce=1...]
Compiling architecture rtl of entity floating_point_v7_1_13.delay [\delay(width=22,length=0)\]
Compiling architecture synth of entity xbip_pipe_v3_0_6.xbip_pipe_v3_0_6_viv [\xbip_pipe_v3_0_6_viv(c_latency=...]
Compiling architecture rtl of entity floating_point_v7_1_13.delay [\delay(width=26,fast_input=true)...]
Compiling architecture struct of entity floating_point_v7_1_13.carry_chain [\carry_chain(c_xdevicefamily="ar...]
Compiling architecture synth of entity floating_point_v7_1_13.flt_sqrt_mant_addsub [\flt_sqrt_mant_addsub(c_xdevicef...]
Compiling architecture synth of entity xbip_pipe_v3_0_6.xbip_pipe_v3_0_6_viv [\xbip_pipe_v3_0_6_viv(c_latency=...]
Compiling architecture rtl of entity floating_point_v7_1_13.delay [\delay(width=23)\]
Compiling architecture struct of entity floating_point_v7_1_13.carry_chain [\carry_chain(c_xdevicefamily="ar...]
Compiling architecture synth of entity floating_point_v7_1_13.flt_sqrt_mant_addsub [\flt_sqrt_mant_addsub(c_xdevicef...]
Compiling architecture synth of entity xbip_pipe_v3_0_6.xbip_pipe_v3_0_6_viv [\xbip_pipe_v3_0_6_viv(c_has_ce=1...]
Compiling architecture rtl of entity floating_point_v7_1_13.delay [\delay(width=24,length=0)\]
Compiling architecture synth of entity xbip_pipe_v3_0_6.xbip_pipe_v3_0_6_viv [\xbip_pipe_v3_0_6_viv(c_latency=...]
Compiling architecture rtl of entity floating_point_v7_1_13.delay [\delay(width=28,fast_input=true)...]
Compiling architecture struct of entity floating_point_v7_1_13.carry_chain [\carry_chain(c_xdevicefamily="ar...]
Compiling architecture synth of entity floating_point_v7_1_13.flt_sqrt_mant_addsub [\flt_sqrt_mant_addsub(c_xdevicef...]
Compiling architecture synth of entity xbip_pipe_v3_0_6.xbip_pipe_v3_0_6_viv [\xbip_pipe_v3_0_6_viv(c_has_ce=1...]
Compiling architecture rtl of entity floating_point_v7_1_13.delay [\delay(width=29,length=0,fast_in...]
Compiling architecture struct of entity floating_point_v7_1_13.carry_chain [\carry_chain(c_xdevicefamily="ar...]
Compiling architecture synth of entity floating_point_v7_1_13.flt_sqrt_mant_addsub [\flt_sqrt_mant_addsub(c_xdevicef...]
Compiling architecture synth of entity xbip_pipe_v3_0_6.xbip_pipe_v3_0_6_viv [\xbip_pipe_v3_0_6_viv(c_latency=...]
Compiling architecture rtl of entity floating_point_v7_1_13.delay [\delay(width=30,fast_input=true)...]
Compiling architecture struct of entity floating_point_v7_1_13.carry_chain [\carry_chain(c_xdevicefamily="ar...]
Compiling architecture synth of entity floating_point_v7_1_13.flt_sqrt_mant_addsub [\flt_sqrt_mant_addsub(c_xdevicef...]
Compiling architecture synth of entity xbip_pipe_v3_0_6.xbip_pipe_v3_0_6_viv [\xbip_pipe_v3_0_6_viv(c_latency=...]
Compiling architecture rtl of entity floating_point_v7_1_13.delay [\delay(width=27)\]
Compiling architecture synth of entity xbip_pipe_v3_0_6.xbip_pipe_v3_0_6_viv [\xbip_pipe_v3_0_6_viv(c_has_ce=1...]
Compiling architecture rtl of entity floating_point_v7_1_13.delay [\delay(width=31,length=0,fast_in...]
Compiling architecture struct of entity floating_point_v7_1_13.carry_chain [\carry_chain(c_xdevicefamily="ar...]
Compiling architecture synth of entity floating_point_v7_1_13.flt_sqrt_mant_addsub [\flt_sqrt_mant_addsub(c_xdevicef...]
Compiling architecture synth of entity xbip_pipe_v3_0_6.xbip_pipe_v3_0_6_viv [\xbip_pipe_v3_0_6_viv(c_latency=...]
Compiling architecture rtl of entity floating_point_v7_1_13.delay [\delay(width=32,fast_input=true)...]
Compiling architecture struct of entity floating_point_v7_1_13.carry_chain [\carry_chain(c_xdevicefamily="ar...]
Compiling architecture synth of entity floating_point_v7_1_13.flt_sqrt_mant_addsub [\flt_sqrt_mant_addsub(c_xdevicef...]
Compiling architecture synth of entity xbip_pipe_v3_0_6.xbip_pipe_v3_0_6_viv [\xbip_pipe_v3_0_6_viv(c_has_ce=1...]
Compiling architecture rtl of entity floating_point_v7_1_13.delay [\delay(width=33,length=0,fast_in...]
Compiling architecture struct of entity floating_point_v7_1_13.carry_chain [\carry_chain(c_xdevicefamily="ar...]
Compiling architecture synth of entity floating_point_v7_1_13.flt_sqrt_mant_addsub [\flt_sqrt_mant_addsub(c_xdevicef...]
Compiling architecture synth of entity xbip_pipe_v3_0_6.xbip_pipe_v3_0_6_viv [\xbip_pipe_v3_0_6_viv(c_has_ce=1...]
Compiling architecture rtl of entity floating_point_v7_1_13.delay [\delay(width=33,length=0)\]
Compiling architecture synth of entity xbip_pipe_v3_0_6.xbip_pipe_v3_0_6_viv [\xbip_pipe_v3_0_6_viv(c_latency=...]
Compiling architecture rtl of entity floating_point_v7_1_13.delay [\delay(width=34,fast_input=true)...]
Compiling architecture struct of entity floating_point_v7_1_13.carry_chain [\carry_chain(c_xdevicefamily="ar...]
Compiling architecture synth of entity floating_point_v7_1_13.flt_sqrt_mant_addsub [\flt_sqrt_mant_addsub(c_xdevicef...]
Compiling architecture synth of entity xbip_pipe_v3_0_6.xbip_pipe_v3_0_6_viv [\xbip_pipe_v3_0_6_viv(c_latency=...]
Compiling architecture rtl of entity floating_point_v7_1_13.delay [\delay(width=31)\]
Compiling architecture synth of entity xbip_pipe_v3_0_6.xbip_pipe_v3_0_6_viv [\xbip_pipe_v3_0_6_viv(c_has_ce=1...]
Compiling architecture rtl of entity floating_point_v7_1_13.delay [\delay(width=35,length=0,fast_in...]
Compiling architecture struct of entity floating_point_v7_1_13.carry_chain [\carry_chain(c_xdevicefamily="ar...]
Compiling architecture synth of entity floating_point_v7_1_13.flt_sqrt_mant_addsub [\flt_sqrt_mant_addsub(c_xdevicef...]
Compiling architecture synth of entity xbip_pipe_v3_0_6.xbip_pipe_v3_0_6_viv [\xbip_pipe_v3_0_6_viv(c_latency=...]
Compiling architecture rtl of entity floating_point_v7_1_13.delay [\delay(width=36,fast_input=true)...]
Compiling architecture struct of entity floating_point_v7_1_13.carry_chain [\carry_chain(c_xdevicefamily="ar...]
Compiling architecture synth of entity floating_point_v7_1_13.flt_sqrt_mant_addsub [\flt_sqrt_mant_addsub(c_xdevicef...]
Compiling architecture synth of entity xbip_pipe_v3_0_6.xbip_pipe_v3_0_6_viv [\xbip_pipe_v3_0_6_viv(c_has_ce=1...]
Compiling architecture rtl of entity floating_point_v7_1_13.delay [\delay(width=37,length=0,fast_in...]
Compiling architecture struct of entity floating_point_v7_1_13.carry_chain [\carry_chain(c_xdevicefamily="ar...]
Compiling architecture synth of entity floating_point_v7_1_13.flt_sqrt_mant_addsub [\flt_sqrt_mant_addsub(c_xdevicef...]
Compiling architecture synth of entity xbip_pipe_v3_0_6.xbip_pipe_v3_0_6_viv [\xbip_pipe_v3_0_6_viv(c_has_ce=1...]
Compiling architecture rtl of entity floating_point_v7_1_13.delay [\delay(width=34,length=0)\]
Compiling architecture synth of entity xbip_pipe_v3_0_6.xbip_pipe_v3_0_6_viv [\xbip_pipe_v3_0_6_viv(c_has_ce=1...]
Compiling architecture rtl of entity floating_point_v7_1_13.delay [\delay(width=37,length=0)\]
Compiling architecture synth of entity xbip_pipe_v3_0_6.xbip_pipe_v3_0_6_viv [\xbip_pipe_v3_0_6_viv(c_latency=...]
Compiling architecture rtl of entity floating_point_v7_1_13.delay [\delay(width=38,fast_input=true)...]
Compiling architecture struct of entity floating_point_v7_1_13.carry_chain [\carry_chain(c_xdevicefamily="ar...]
Compiling architecture synth of entity floating_point_v7_1_13.flt_sqrt_mant_addsub [\flt_sqrt_mant_addsub(c_xdevicef...]
Compiling architecture synth of entity xbip_pipe_v3_0_6.xbip_pipe_v3_0_6_viv [\xbip_pipe_v3_0_6_viv(c_latency=...]
Compiling architecture rtl of entity floating_point_v7_1_13.delay [\delay(width=35)\]
Compiling architecture synth of entity xbip_pipe_v3_0_6.xbip_pipe_v3_0_6_viv [\xbip_pipe_v3_0_6_viv(c_has_ce=1...]
Compiling architecture rtl of entity floating_point_v7_1_13.delay [\delay(width=39,length=0,fast_in...]
Compiling architecture struct of entity floating_point_v7_1_13.carry_chain [\carry_chain(c_xdevicefamily="ar...]
Compiling architecture synth of entity floating_point_v7_1_13.flt_sqrt_mant_addsub [\flt_sqrt_mant_addsub(c_xdevicef...]
Compiling architecture synth of entity xbip_pipe_v3_0_6.xbip_pipe_v3_0_6_viv [\xbip_pipe_v3_0_6_viv(c_has_ce=1...]
Compiling architecture rtl of entity floating_point_v7_1_13.delay [\delay(width=36,length=0)\]
Compiling architecture synth of entity xbip_pipe_v3_0_6.xbip_pipe_v3_0_6_viv [\xbip_pipe_v3_0_6_viv(c_latency=...]
Compiling architecture rtl of entity floating_point_v7_1_13.delay [\delay(width=40,fast_input=true)...]
Compiling architecture struct of entity floating_point_v7_1_13.carry_chain [\carry_chain(c_xdevicefamily="ar...]
Compiling architecture synth of entity floating_point_v7_1_13.flt_sqrt_mant_addsub [\flt_sqrt_mant_addsub(c_xdevicef...]
Compiling architecture synth of entity xbip_pipe_v3_0_6.xbip_pipe_v3_0_6_viv [\xbip_pipe_v3_0_6_viv(c_has_ce=1...]
Compiling architecture rtl of entity floating_point_v7_1_13.delay [\delay(width=41,length=0,fast_in...]
Compiling architecture struct of entity floating_point_v7_1_13.carry_chain [\carry_chain(c_xdevicefamily="ar...]
Compiling architecture synth of entity floating_point_v7_1_13.flt_sqrt_mant_addsub [\flt_sqrt_mant_addsub(c_xdevicef...]
Compiling architecture synth of entity xbip_pipe_v3_0_6.xbip_pipe_v3_0_6_viv [\xbip_pipe_v3_0_6_viv(c_has_ce=1...]
Compiling architecture rtl of entity floating_point_v7_1_13.delay [\delay(width=38,length=0)\]
Compiling architecture synth of entity xbip_pipe_v3_0_6.xbip_pipe_v3_0_6_viv [\xbip_pipe_v3_0_6_viv(c_has_ce=1...]
Compiling architecture rtl of entity floating_point_v7_1_13.delay [\delay(width=41,length=0)\]
Compiling architecture synth of entity xbip_pipe_v3_0_6.xbip_pipe_v3_0_6_viv [\xbip_pipe_v3_0_6_viv(c_latency=...]
Compiling architecture rtl of entity floating_point_v7_1_13.delay [\delay(width=42,fast_input=true)...]
Compiling architecture struct of entity floating_point_v7_1_13.carry_chain [\carry_chain(c_xdevicefamily="ar...]
Compiling architecture synth of entity floating_point_v7_1_13.flt_sqrt_mant_addsub [\flt_sqrt_mant_addsub(c_xdevicef...]
Compiling architecture synth of entity xbip_pipe_v3_0_6.xbip_pipe_v3_0_6_viv [\xbip_pipe_v3_0_6_viv(c_latency=...]
Compiling architecture rtl of entity floating_point_v7_1_13.delay [\delay(width=39)\]
Compiling architecture synth of entity xbip_pipe_v3_0_6.xbip_pipe_v3_0_6_viv [\xbip_pipe_v3_0_6_viv(c_has_ce=1...]
Compiling architecture rtl of entity floating_point_v7_1_13.delay [\delay(width=43,length=0,fast_in...]
Compiling architecture struct of entity floating_point_v7_1_13.carry_chain [\carry_chain(c_xdevicefamily="ar...]
Compiling architecture synth of entity floating_point_v7_1_13.flt_sqrt_mant_addsub [\flt_sqrt_mant_addsub(c_xdevicef...]
Compiling architecture synth of entity xbip_pipe_v3_0_6.xbip_pipe_v3_0_6_viv [\xbip_pipe_v3_0_6_viv(c_has_ce=1...]
Compiling architecture rtl of entity floating_point_v7_1_13.delay [\delay(width=40,length=0)\]
Compiling architecture synth of entity xbip_pipe_v3_0_6.xbip_pipe_v3_0_6_viv [\xbip_pipe_v3_0_6_viv(c_latency=...]
Compiling architecture rtl of entity floating_point_v7_1_13.delay [\delay(width=44,fast_input=true)...]
Compiling architecture struct of entity floating_point_v7_1_13.carry_chain [\carry_chain(c_xdevicefamily="ar...]
Compiling architecture synth of entity floating_point_v7_1_13.flt_sqrt_mant_addsub [\flt_sqrt_mant_addsub(c_xdevicef...]
Compiling architecture synth of entity xbip_pipe_v3_0_6.xbip_pipe_v3_0_6_viv [\xbip_pipe_v3_0_6_viv(c_has_ce=1...]
Compiling architecture rtl of entity floating_point_v7_1_13.delay [\delay(width=45,length=0,fast_in...]
Compiling architecture struct of entity floating_point_v7_1_13.carry_chain [\carry_chain(c_xdevicefamily="ar...]
Compiling architecture synth of entity floating_point_v7_1_13.flt_sqrt_mant_addsub [\flt_sqrt_mant_addsub(c_xdevicef...]
Compiling architecture synth of entity xbip_pipe_v3_0_6.xbip_pipe_v3_0_6_viv [\xbip_pipe_v3_0_6_viv(c_has_ce=1...]
Compiling architecture rtl of entity floating_point_v7_1_13.delay [\delay(width=42,length=0)\]
Compiling architecture synth of entity xbip_pipe_v3_0_6.xbip_pipe_v3_0_6_viv [\xbip_pipe_v3_0_6_viv(c_has_ce=1...]
Compiling architecture rtl of entity floating_point_v7_1_13.delay [\delay(width=45,length=0)\]
Compiling architecture synth of entity xbip_pipe_v3_0_6.xbip_pipe_v3_0_6_viv [\xbip_pipe_v3_0_6_viv(c_latency=...]
Compiling architecture rtl of entity floating_point_v7_1_13.delay [\delay(width=46,fast_input=true)...]
Compiling architecture struct of entity floating_point_v7_1_13.carry_chain [\carry_chain(c_xdevicefamily="ar...]
Compiling architecture synth of entity floating_point_v7_1_13.flt_sqrt_mant_addsub [\flt_sqrt_mant_addsub(c_xdevicef...]
Compiling architecture synth of entity xbip_pipe_v3_0_6.xbip_pipe_v3_0_6_viv [\xbip_pipe_v3_0_6_viv(c_latency=...]
Compiling architecture rtl of entity floating_point_v7_1_13.delay [\delay(width=43)\]
Compiling architecture synth of entity xbip_pipe_v3_0_6.xbip_pipe_v3_0_6_viv [\xbip_pipe_v3_0_6_viv(c_has_ce=1...]
Compiling architecture rtl of entity floating_point_v7_1_13.delay [\delay(width=47,length=0,fast_in...]
Compiling architecture struct of entity floating_point_v7_1_13.carry_chain [\carry_chain(c_xdevicefamily="ar...]
Compiling architecture synth of entity floating_point_v7_1_13.flt_sqrt_mant_addsub [\flt_sqrt_mant_addsub(c_xdevicef...]
Compiling architecture synth of entity xbip_pipe_v3_0_6.xbip_pipe_v3_0_6_viv [\xbip_pipe_v3_0_6_viv(c_has_ce=1...]
Compiling architecture rtl of entity floating_point_v7_1_13.delay [\delay(width=44,length=0)\]
Compiling architecture synth of entity xbip_pipe_v3_0_6.xbip_pipe_v3_0_6_viv [\xbip_pipe_v3_0_6_viv(c_latency=...]
Compiling architecture rtl of entity floating_point_v7_1_13.delay [\delay(width=48,fast_input=true)...]
Compiling architecture struct of entity floating_point_v7_1_13.carry_chain [\carry_chain(c_xdevicefamily="ar...]
Compiling architecture synth of entity floating_point_v7_1_13.flt_sqrt_mant_addsub [\flt_sqrt_mant_addsub(c_xdevicef...]
Compiling architecture synth of entity xbip_pipe_v3_0_6.xbip_pipe_v3_0_6_viv [\xbip_pipe_v3_0_6_viv(c_has_ce=1...]
Compiling architecture rtl of entity floating_point_v7_1_13.delay [\delay(width=49,length=0,fast_in...]
Compiling architecture struct of entity floating_point_v7_1_13.carry_chain [\carry_chain(c_xdevicefamily="ar...]
Compiling architecture synth of entity floating_point_v7_1_13.flt_sqrt_mant_addsub [\flt_sqrt_mant_addsub(c_xdevicef...]
Compiling architecture synth of entity xbip_pipe_v3_0_6.xbip_pipe_v3_0_6_viv [\xbip_pipe_v3_0_6_viv(c_has_ce=1...]
Compiling architecture rtl of entity floating_point_v7_1_13.delay [\delay(width=46,length=0)\]
Compiling architecture synth of entity xbip_pipe_v3_0_6.xbip_pipe_v3_0_6_viv [\xbip_pipe_v3_0_6_viv(c_has_ce=1...]
Compiling architecture rtl of entity floating_point_v7_1_13.delay [\delay(width=49,length=0)\]
Compiling architecture synth of entity xbip_pipe_v3_0_6.xbip_pipe_v3_0_6_viv [\xbip_pipe_v3_0_6_viv(c_latency=...]
Compiling architecture rtl of entity floating_point_v7_1_13.delay [\delay(width=50,fast_input=true)...]
Compiling architecture struct of entity floating_point_v7_1_13.carry_chain [\carry_chain(c_xdevicefamily="ar...]
Compiling architecture synth of entity floating_point_v7_1_13.flt_sqrt_mant_addsub [\flt_sqrt_mant_addsub(c_xdevicef...]
Compiling architecture synth of entity xbip_pipe_v3_0_6.xbip_pipe_v3_0_6_viv [\xbip_pipe_v3_0_6_viv(c_latency=...]
Compiling architecture rtl of entity floating_point_v7_1_13.delay [\delay(width=47)\]
Compiling architecture synth of entity xbip_pipe_v3_0_6.xbip_pipe_v3_0_6_viv [\xbip_pipe_v3_0_6_viv(c_has_ce=1...]
Compiling architecture rtl of entity floating_point_v7_1_13.delay [\delay(width=51,length=0,fast_in...]
Compiling architecture struct of entity floating_point_v7_1_13.carry_chain [\carry_chain(c_xdevicefamily="ar...]
Compiling architecture synth of entity floating_point_v7_1_13.flt_sqrt_mant_addsub [\flt_sqrt_mant_addsub(c_xdevicef...]
Compiling architecture synth of entity xbip_pipe_v3_0_6.xbip_pipe_v3_0_6_viv [\xbip_pipe_v3_0_6_viv(c_latency=...]
Compiling architecture rtl of entity floating_point_v7_1_13.delay [\delay(width=52,fast_input=true)...]
Compiling architecture struct of entity floating_point_v7_1_13.carry_chain [\carry_chain(c_xdevicefamily="ar...]
Compiling architecture synth of entity floating_point_v7_1_13.flt_sqrt_mant_addsub [\flt_sqrt_mant_addsub(c_xdevicef...]
Compiling architecture synth of entity xbip_pipe_v3_0_6.xbip_pipe_v3_0_6_viv [\xbip_pipe_v3_0_6_viv(c_has_ce=1...]
Compiling architecture rtl of entity floating_point_v7_1_13.delay [\delay(width=53,length=0,fast_in...]
Compiling architecture struct of entity floating_point_v7_1_13.carry_chain [\carry_chain(c_xdevicefamily="ar...]
Compiling architecture synth of entity floating_point_v7_1_13.flt_sqrt_mant_addsub [\flt_sqrt_mant_addsub(c_xdevicef...]
Compiling architecture synth of entity xbip_pipe_v3_0_6.xbip_pipe_v3_0_6_viv [\xbip_pipe_v3_0_6_viv(c_has_ce=1...]
Compiling architecture rtl of entity floating_point_v7_1_13.delay [\delay(width=50,length=0)\]
Compiling architecture synth of entity floating_point_v7_1_13.flt_sqrt_mant_addsub [\flt_sqrt_mant_addsub(c_xdevicef...]
Compiling architecture synth of entity xbip_pipe_v3_0_6.xbip_pipe_v3_0_6_viv [\xbip_pipe_v3_0_6_viv(c_latency=...]
Compiling architecture rtl of entity floating_point_v7_1_13.delay [\delay(width=51)\]
Compiling architecture synth of entity xbip_pipe_v3_0_6.xbip_pipe_v3_0_6_viv [\xbip_pipe_v3_0_6_viv(c_has_ce=1...]
Compiling architecture rtl of entity floating_point_v7_1_13.delay [\delay(width=55,length=0,fast_in...]
Compiling architecture struct of entity floating_point_v7_1_13.carry_chain [\carry_chain(c_xdevicefamily="ar...]
Compiling architecture synth of entity floating_point_v7_1_13.flt_sqrt_mant_addsub [\flt_sqrt_mant_addsub(c_xdevicef...]
Compiling architecture synth of entity xbip_pipe_v3_0_6.xbip_pipe_v3_0_6_viv [\xbip_pipe_v3_0_6_viv(c_latency=...]
Compiling architecture rtl of entity floating_point_v7_1_13.delay [\delay(width=56,fast_input=true)...]
Compiling architecture struct of entity floating_point_v7_1_13.carry_chain [\carry_chain(c_xdevicefamily="ar...]
Compiling architecture synth of entity floating_point_v7_1_13.flt_sqrt_mant_addsub [\flt_sqrt_mant_addsub(c_xdevicef...]
Compiling architecture synth of entity xbip_pipe_v3_0_6.xbip_pipe_v3_0_6_viv [\xbip_pipe_v3_0_6_viv(c_has_ce=1...]
Compiling architecture rtl of entity floating_point_v7_1_13.delay [\delay(width=57,length=0,fast_in...]
Compiling architecture struct of entity floating_point_v7_1_13.carry_chain [\carry_chain(c_xdevicefamily="ar...]
Compiling architecture synth of entity floating_point_v7_1_13.flt_sqrt_mant_addsub [\flt_sqrt_mant_addsub(c_xdevicef...]
Compiling architecture synth of entity xbip_pipe_v3_0_6.xbip_pipe_v3_0_6_viv [\xbip_pipe_v3_0_6_viv(c_has_ce=1...]
Compiling architecture rtl of entity floating_point_v7_1_13.delay [\delay(width=57,length=0)\]
Compiling architecture synth of entity xbip_pipe_v3_0_6.xbip_pipe_v3_0_6_viv [\xbip_pipe_v3_0_6_viv(c_latency=...]
Compiling architecture rtl of entity floating_point_v7_1_13.delay [\delay(width=58,fast_input=true)...]
Compiling architecture struct of entity floating_point_v7_1_13.carry_chain [\carry_chain(c_xdevicefamily="ar...]
Compiling architecture synth of entity floating_point_v7_1_13.flt_sqrt_mant_addsub [\flt_sqrt_mant_addsub(c_xdevicef...]
Compiling architecture synth of entity floating_point_v7_1_13.flt_sqrt_mant [\flt_sqrt_mant(c_xdevicefamily="...]
Compiling architecture synth of entity xbip_pipe_v3_0_6.xbip_pipe_v3_0_6_viv [\xbip_pipe_v3_0_6_viv(c_latency=...]
Compiling architecture rtl of entity floating_point_v7_1_13.delay [\delay(width=11,length=27,fast_i...]
Compiling architecture synth of entity xbip_pipe_v3_0_6.xbip_pipe_v3_0_6_viv [\xbip_pipe_v3_0_6_viv(c_latency=...]
Compiling architecture rtl of entity floating_point_v7_1_13.delay [\delay(width=2,length=27,fast_in...]
Compiling architecture rtl of entity floating_point_v7_1_13.flt_sqrt_exp [\flt_sqrt_exp(c_xdevicefamily="n...]
Compiling architecture rtl of entity floating_point_v7_1_13.renorm_and_round_logic [\renorm_and_round_logic(c_xdevic...]
Compiling architecture virtex of entity floating_point_v7_1_13.flt_sqrt [\flt_sqrt(c_xdevicefamily="artix...]
Compiling architecture xilinx of entity floating_point_v7_1_13.floating_point_v7_1_13_viv [\floating_point_v7_1_13_viv(c_xd...]
Compiling architecture xilinx of entity floating_point_v7_1_13.floating_point_v7_1_13 [\floating_point_v7_1_13(c_xdevic...]
Compiling module xil_defaultlib.kp_502_7_dsqrt_64ns_64ns_64_30_n...
Compiling module xil_defaultlib.kp_502_7_dsqrt_64ns_64ns_64_30_n...
Compiling module xil_defaultlib.kp_502_7_mul_32s_32s_32_1_1(NUM_...
Compiling module xil_defaultlib.kp_502_7
Compiling module xil_defaultlib.nodf_module_intf
Compiling module xil_defaultlib.dataflow_monitor_1
Compiling module xil_defaultlib.apatb_kp_502_7_top
Compiling module work.glbl
Built simulation snapshot kp_502_7

****** xsim v2021.2 (64-bit)
  **** SW Build 3367213 on Tue Oct 19 02:48:09 MDT 2021
  **** IP Build 3369179 on Thu Oct 21 08:25:16 MDT 2021
    ** Copyright 1986-2021 Xilinx, Inc. All Rights Reserved.

source xsim.dir/kp_502_7/xsim_script.tcl
# xsim {kp_502_7} -view {{kp_502_7_dataflow_ana.wcfg}} -tclbatch {kp_502_7.tcl} -protoinst {kp_502_7.protoinst}
INFO: [Wavedata 42-565] Reading protoinst file kp_502_7.protoinst
INFO: [Wavedata 42-564]   Found protocol instance at /apatb_kp_502_7_top/AESL_inst_kp_502_7//AESL_inst_kp_502_7_activity
Time resolution is 1 ps
open_wave_config kp_502_7_dataflow_ana.wcfg
source kp_502_7.tcl
## log_wave -r /
WARNING: [Simtcl 6-197] One or more HDL objects could not be logged because of object type or size limitations.  To see details please rerun the command with -verbose (-v).
## set designtopgroup [add_wave_group "Design Top Signals"]
## set coutputgroup [add_wave_group "C Outputs" -into $designtopgroup]
## set return_group [add_wave_group return(axi_slave) -into $coutputgroup]
## add_wave /apatb_kp_502_7_top/AESL_inst_kp_502_7/D_7_ap_vld -into $return_group -color #ffff00 -radix hex
## add_wave /apatb_kp_502_7_top/AESL_inst_kp_502_7/D_7 -into $return_group -radix hex
## add_wave /apatb_kp_502_7_top/AESL_inst_kp_502_7/D_6_ap_vld -into $return_group -color #ffff00 -radix hex
## add_wave /apatb_kp_502_7_top/AESL_inst_kp_502_7/D_6 -into $return_group -radix hex
## add_wave /apatb_kp_502_7_top/AESL_inst_kp_502_7/D_5_ap_vld -into $return_group -color #ffff00 -radix hex
## add_wave /apatb_kp_502_7_top/AESL_inst_kp_502_7/D_5 -into $return_group -radix hex
## add_wave /apatb_kp_502_7_top/AESL_inst_kp_502_7/D_4_ap_vld -into $return_group -color #ffff00 -radix hex
## add_wave /apatb_kp_502_7_top/AESL_inst_kp_502_7/D_4 -into $return_group -radix hex
## add_wave /apatb_kp_502_7_top/AESL_inst_kp_502_7/D_3_ap_vld -into $return_group -color #ffff00 -radix hex
## add_wave /apatb_kp_502_7_top/AESL_inst_kp_502_7/D_3 -into $return_group -radix hex
## add_wave /apatb_kp_502_7_top/AESL_inst_kp_502_7/D_2_ap_vld -into $return_group -color #ffff00 -radix hex
## add_wave /apatb_kp_502_7_top/AESL_inst_kp_502_7/D_2 -into $return_group -radix hex
## add_wave /apatb_kp_502_7_top/AESL_inst_kp_502_7/D_1_ap_vld -into $return_group -color #ffff00 -radix hex
## add_wave /apatb_kp_502_7_top/AESL_inst_kp_502_7/D_1 -into $return_group -radix hex
## add_wave /apatb_kp_502_7_top/AESL_inst_kp_502_7/D_0_ap_vld -into $return_group -color #ffff00 -radix hex
## add_wave /apatb_kp_502_7_top/AESL_inst_kp_502_7/D_0 -into $return_group -radix hex
## add_wave /apatb_kp_502_7_top/AESL_inst_kp_502_7/X2_7_ap_vld -into $return_group -color #ffff00 -radix hex
## add_wave /apatb_kp_502_7_top/AESL_inst_kp_502_7/X2_7 -into $return_group -radix hex
## add_wave /apatb_kp_502_7_top/AESL_inst_kp_502_7/X2_6_ap_vld -into $return_group -color #ffff00 -radix hex
## add_wave /apatb_kp_502_7_top/AESL_inst_kp_502_7/X2_6 -into $return_group -radix hex
## add_wave /apatb_kp_502_7_top/AESL_inst_kp_502_7/X2_5_ap_vld -into $return_group -color #ffff00 -radix hex
## add_wave /apatb_kp_502_7_top/AESL_inst_kp_502_7/X2_5 -into $return_group -radix hex
## add_wave /apatb_kp_502_7_top/AESL_inst_kp_502_7/X2_4_ap_vld -into $return_group -color #ffff00 -radix hex
## add_wave /apatb_kp_502_7_top/AESL_inst_kp_502_7/X2_4 -into $return_group -radix hex
## add_wave /apatb_kp_502_7_top/AESL_inst_kp_502_7/X2_3_ap_vld -into $return_group -color #ffff00 -radix hex
## add_wave /apatb_kp_502_7_top/AESL_inst_kp_502_7/X2_3 -into $return_group -radix hex
## add_wave /apatb_kp_502_7_top/AESL_inst_kp_502_7/X2_2_ap_vld -into $return_group -color #ffff00 -radix hex
## add_wave /apatb_kp_502_7_top/AESL_inst_kp_502_7/X2_2 -into $return_group -radix hex
## add_wave /apatb_kp_502_7_top/AESL_inst_kp_502_7/X2_1_ap_vld -into $return_group -color #ffff00 -radix hex
## add_wave /apatb_kp_502_7_top/AESL_inst_kp_502_7/X2_1 -into $return_group -radix hex
## add_wave /apatb_kp_502_7_top/AESL_inst_kp_502_7/X2_0_ap_vld -into $return_group -color #ffff00 -radix hex
## add_wave /apatb_kp_502_7_top/AESL_inst_kp_502_7/X2_0 -into $return_group -radix hex
## add_wave /apatb_kp_502_7_top/AESL_inst_kp_502_7/X1_7_ap_vld -into $return_group -color #ffff00 -radix hex
## add_wave /apatb_kp_502_7_top/AESL_inst_kp_502_7/X1_7 -into $return_group -radix hex
## add_wave /apatb_kp_502_7_top/AESL_inst_kp_502_7/X1_6_ap_vld -into $return_group -color #ffff00 -radix hex
## add_wave /apatb_kp_502_7_top/AESL_inst_kp_502_7/X1_6 -into $return_group -radix hex
## add_wave /apatb_kp_502_7_top/AESL_inst_kp_502_7/X1_5_ap_vld -into $return_group -color #ffff00 -radix hex
## add_wave /apatb_kp_502_7_top/AESL_inst_kp_502_7/X1_5 -into $return_group -radix hex
## add_wave /apatb_kp_502_7_top/AESL_inst_kp_502_7/X1_4_ap_vld -into $return_group -color #ffff00 -radix hex
## add_wave /apatb_kp_502_7_top/AESL_inst_kp_502_7/X1_4 -into $return_group -radix hex
## add_wave /apatb_kp_502_7_top/AESL_inst_kp_502_7/X1_3_ap_vld -into $return_group -color #ffff00 -radix hex
## add_wave /apatb_kp_502_7_top/AESL_inst_kp_502_7/X1_3 -into $return_group -radix hex
## add_wave /apatb_kp_502_7_top/AESL_inst_kp_502_7/X1_2_ap_vld -into $return_group -color #ffff00 -radix hex
## add_wave /apatb_kp_502_7_top/AESL_inst_kp_502_7/X1_2 -into $return_group -radix hex
## add_wave /apatb_kp_502_7_top/AESL_inst_kp_502_7/X1_1_ap_vld -into $return_group -color #ffff00 -radix hex
## add_wave /apatb_kp_502_7_top/AESL_inst_kp_502_7/X1_1 -into $return_group -radix hex
## add_wave /apatb_kp_502_7_top/AESL_inst_kp_502_7/X1_0_ap_vld -into $return_group -color #ffff00 -radix hex
## add_wave /apatb_kp_502_7_top/AESL_inst_kp_502_7/X1_0 -into $return_group -radix hex
## add_wave /apatb_kp_502_7_top/AESL_inst_kp_502_7/ap_local_deadlock -into $return_group -radix hex
## add_wave /apatb_kp_502_7_top/AESL_inst_kp_502_7/ap_local_block -into $return_group -radix hex
## set cinputgroup [add_wave_group "C Inputs" -into $designtopgroup]
## set return_group [add_wave_group return(wire) -into $cinputgroup]
## add_wave /apatb_kp_502_7_top/AESL_inst_kp_502_7/C_7 -into $return_group -radix hex
## add_wave /apatb_kp_502_7_top/AESL_inst_kp_502_7/C_6 -into $return_group -radix hex
## add_wave /apatb_kp_502_7_top/AESL_inst_kp_502_7/C_5 -into $return_group -radix hex
## add_wave /apatb_kp_502_7_top/AESL_inst_kp_502_7/C_4 -into $return_group -radix hex
## add_wave /apatb_kp_502_7_top/AESL_inst_kp_502_7/C_3 -into $return_group -radix hex
## add_wave /apatb_kp_502_7_top/AESL_inst_kp_502_7/C_2 -into $return_group -radix hex
## add_wave /apatb_kp_502_7_top/AESL_inst_kp_502_7/C_1 -into $return_group -radix hex
## add_wave /apatb_kp_502_7_top/AESL_inst_kp_502_7/C_0 -into $return_group -radix hex
## add_wave /apatb_kp_502_7_top/AESL_inst_kp_502_7/B_7 -into $return_group -radix hex
## add_wave /apatb_kp_502_7_top/AESL_inst_kp_502_7/B_6 -into $return_group -radix hex
## add_wave /apatb_kp_502_7_top/AESL_inst_kp_502_7/B_5 -into $return_group -radix hex
## add_wave /apatb_kp_502_7_top/AESL_inst_kp_502_7/B_4 -into $return_group -radix hex
## add_wave /apatb_kp_502_7_top/AESL_inst_kp_502_7/B_3 -into $return_group -radix hex
## add_wave /apatb_kp_502_7_top/AESL_inst_kp_502_7/B_2 -into $return_group -radix hex
## add_wave /apatb_kp_502_7_top/AESL_inst_kp_502_7/B_1 -into $return_group -radix hex
## add_wave /apatb_kp_502_7_top/AESL_inst_kp_502_7/B_0 -into $return_group -radix hex
## add_wave /apatb_kp_502_7_top/AESL_inst_kp_502_7/A_7 -into $return_group -radix hex
## add_wave /apatb_kp_502_7_top/AESL_inst_kp_502_7/A_6 -into $return_group -radix hex
## add_wave /apatb_kp_502_7_top/AESL_inst_kp_502_7/A_5 -into $return_group -radix hex
## add_wave /apatb_kp_502_7_top/AESL_inst_kp_502_7/A_4 -into $return_group -radix hex
## add_wave /apatb_kp_502_7_top/AESL_inst_kp_502_7/A_3 -into $return_group -radix hex
## add_wave /apatb_kp_502_7_top/AESL_inst_kp_502_7/A_2 -into $return_group -radix hex
## add_wave /apatb_kp_502_7_top/AESL_inst_kp_502_7/A_1 -into $return_group -radix hex
## add_wave /apatb_kp_502_7_top/AESL_inst_kp_502_7/A_0 -into $return_group -radix hex
## set blocksiggroup [add_wave_group "Block-level IO Handshake" -into $designtopgroup]
## add_wave /apatb_kp_502_7_top/AESL_inst_kp_502_7/ap_start -into $blocksiggroup
## add_wave /apatb_kp_502_7_top/AESL_inst_kp_502_7/ap_done -into $blocksiggroup
## add_wave /apatb_kp_502_7_top/AESL_inst_kp_502_7/ap_idle -into $blocksiggroup
## add_wave /apatb_kp_502_7_top/AESL_inst_kp_502_7/ap_ready -into $blocksiggroup
## set resetgroup [add_wave_group "Reset" -into $designtopgroup]
## add_wave /apatb_kp_502_7_top/AESL_inst_kp_502_7/ap_rst -into $resetgroup
## set clockgroup [add_wave_group "Clock" -into $designtopgroup]
## add_wave /apatb_kp_502_7_top/AESL_inst_kp_502_7/ap_clk -into $clockgroup
## set testbenchgroup [add_wave_group "Test Bench Signals"]
## set tbinternalsiggroup [add_wave_group "Internal Signals" -into $testbenchgroup]
## set tb_simstatus_group [add_wave_group "Simulation Status" -into $tbinternalsiggroup]
## set tb_portdepth_group [add_wave_group "Port Depth" -into $tbinternalsiggroup]
## add_wave /apatb_kp_502_7_top/AUTOTB_TRANSACTION_NUM -into $tb_simstatus_group -radix hex
## add_wave /apatb_kp_502_7_top/ready_cnt -into $tb_simstatus_group -radix hex
## add_wave /apatb_kp_502_7_top/done_cnt -into $tb_simstatus_group -radix hex
## add_wave /apatb_kp_502_7_top/LENGTH_A_0 -into $tb_portdepth_group -radix hex
## add_wave /apatb_kp_502_7_top/LENGTH_A_1 -into $tb_portdepth_group -radix hex
## add_wave /apatb_kp_502_7_top/LENGTH_A_2 -into $tb_portdepth_group -radix hex
## add_wave /apatb_kp_502_7_top/LENGTH_A_3 -into $tb_portdepth_group -radix hex
## add_wave /apatb_kp_502_7_top/LENGTH_A_4 -into $tb_portdepth_group -radix hex
## add_wave /apatb_kp_502_7_top/LENGTH_A_5 -into $tb_portdepth_group -radix hex
## add_wave /apatb_kp_502_7_top/LENGTH_A_6 -into $tb_portdepth_group -radix hex
## add_wave /apatb_kp_502_7_top/LENGTH_A_7 -into $tb_portdepth_group -radix hex
## add_wave /apatb_kp_502_7_top/LENGTH_B_0 -into $tb_portdepth_group -radix hex
## add_wave /apatb_kp_502_7_top/LENGTH_B_1 -into $tb_portdepth_group -radix hex
## add_wave /apatb_kp_502_7_top/LENGTH_B_2 -into $tb_portdepth_group -radix hex
## add_wave /apatb_kp_502_7_top/LENGTH_B_3 -into $tb_portdepth_group -radix hex
## add_wave /apatb_kp_502_7_top/LENGTH_B_4 -into $tb_portdepth_group -radix hex
## add_wave /apatb_kp_502_7_top/LENGTH_B_5 -into $tb_portdepth_group -radix hex
## add_wave /apatb_kp_502_7_top/LENGTH_B_6 -into $tb_portdepth_group -radix hex
## add_wave /apatb_kp_502_7_top/LENGTH_B_7 -into $tb_portdepth_group -radix hex
## add_wave /apatb_kp_502_7_top/LENGTH_C_0 -into $tb_portdepth_group -radix hex
## add_wave /apatb_kp_502_7_top/LENGTH_C_1 -into $tb_portdepth_group -radix hex
## add_wave /apatb_kp_502_7_top/LENGTH_C_2 -into $tb_portdepth_group -radix hex
## add_wave /apatb_kp_502_7_top/LENGTH_C_3 -into $tb_portdepth_group -radix hex
## add_wave /apatb_kp_502_7_top/LENGTH_C_4 -into $tb_portdepth_group -radix hex
## add_wave /apatb_kp_502_7_top/LENGTH_C_5 -into $tb_portdepth_group -radix hex
## add_wave /apatb_kp_502_7_top/LENGTH_C_6 -into $tb_portdepth_group -radix hex
## add_wave /apatb_kp_502_7_top/LENGTH_C_7 -into $tb_portdepth_group -radix hex
## add_wave /apatb_kp_502_7_top/LENGTH_X1_0 -into $tb_portdepth_group -radix hex
## add_wave /apatb_kp_502_7_top/LENGTH_X1_1 -into $tb_portdepth_group -radix hex
## add_wave /apatb_kp_502_7_top/LENGTH_X1_2 -into $tb_portdepth_group -radix hex
## add_wave /apatb_kp_502_7_top/LENGTH_X1_3 -into $tb_portdepth_group -radix hex
## add_wave /apatb_kp_502_7_top/LENGTH_X1_4 -into $tb_portdepth_group -radix hex
## add_wave /apatb_kp_502_7_top/LENGTH_X1_5 -into $tb_portdepth_group -radix hex
## add_wave /apatb_kp_502_7_top/LENGTH_X1_6 -into $tb_portdepth_group -radix hex
## add_wave /apatb_kp_502_7_top/LENGTH_X1_7 -into $tb_portdepth_group -radix hex
## add_wave /apatb_kp_502_7_top/LENGTH_X2_0 -into $tb_portdepth_group -radix hex
## add_wave /apatb_kp_502_7_top/LENGTH_X2_1 -into $tb_portdepth_group -radix hex
## add_wave /apatb_kp_502_7_top/LENGTH_X2_2 -into $tb_portdepth_group -radix hex
## add_wave /apatb_kp_502_7_top/LENGTH_X2_3 -into $tb_portdepth_group -radix hex
## add_wave /apatb_kp_502_7_top/LENGTH_X2_4 -into $tb_portdepth_group -radix hex
## add_wave /apatb_kp_502_7_top/LENGTH_X2_5 -into $tb_portdepth_group -radix hex
## add_wave /apatb_kp_502_7_top/LENGTH_X2_6 -into $tb_portdepth_group -radix hex
## add_wave /apatb_kp_502_7_top/LENGTH_X2_7 -into $tb_portdepth_group -radix hex
## add_wave /apatb_kp_502_7_top/LENGTH_D_0 -into $tb_portdepth_group -radix hex
## add_wave /apatb_kp_502_7_top/LENGTH_D_1 -into $tb_portdepth_group -radix hex
## add_wave /apatb_kp_502_7_top/LENGTH_D_2 -into $tb_portdepth_group -radix hex
## add_wave /apatb_kp_502_7_top/LENGTH_D_3 -into $tb_portdepth_group -radix hex
## add_wave /apatb_kp_502_7_top/LENGTH_D_4 -into $tb_portdepth_group -radix hex
## add_wave /apatb_kp_502_7_top/LENGTH_D_5 -into $tb_portdepth_group -radix hex
## add_wave /apatb_kp_502_7_top/LENGTH_D_6 -into $tb_portdepth_group -radix hex
## add_wave /apatb_kp_502_7_top/LENGTH_D_7 -into $tb_portdepth_group -radix hex
## set tbcoutputgroup [add_wave_group "C Outputs" -into $testbenchgroup]
## set tb_return_group [add_wave_group return(axi_slave) -into $tbcoutputgroup]
## add_wave /apatb_kp_502_7_top/D_7_ap_vld -into $tb_return_group -color #ffff00 -radix hex
## add_wave /apatb_kp_502_7_top/D_7 -into $tb_return_group -radix hex
## add_wave /apatb_kp_502_7_top/D_6_ap_vld -into $tb_return_group -color #ffff00 -radix hex
## add_wave /apatb_kp_502_7_top/D_6 -into $tb_return_group -radix hex
## add_wave /apatb_kp_502_7_top/D_5_ap_vld -into $tb_return_group -color #ffff00 -radix hex
## add_wave /apatb_kp_502_7_top/D_5 -into $tb_return_group -radix hex
## add_wave /apatb_kp_502_7_top/D_4_ap_vld -into $tb_return_group -color #ffff00 -radix hex
## add_wave /apatb_kp_502_7_top/D_4 -into $tb_return_group -radix hex
## add_wave /apatb_kp_502_7_top/D_3_ap_vld -into $tb_return_group -color #ffff00 -radix hex
## add_wave /apatb_kp_502_7_top/D_3 -into $tb_return_group -radix hex
## add_wave /apatb_kp_502_7_top/D_2_ap_vld -into $tb_return_group -color #ffff00 -radix hex
## add_wave /apatb_kp_502_7_top/D_2 -into $tb_return_group -radix hex
## add_wave /apatb_kp_502_7_top/D_1_ap_vld -into $tb_return_group -color #ffff00 -radix hex
## add_wave /apatb_kp_502_7_top/D_1 -into $tb_return_group -radix hex
## add_wave /apatb_kp_502_7_top/D_0_ap_vld -into $tb_return_group -color #ffff00 -radix hex
## add_wave /apatb_kp_502_7_top/D_0 -into $tb_return_group -radix hex
## add_wave /apatb_kp_502_7_top/X2_7_ap_vld -into $tb_return_group -color #ffff00 -radix hex
## add_wave /apatb_kp_502_7_top/X2_7 -into $tb_return_group -radix hex
## add_wave /apatb_kp_502_7_top/X2_6_ap_vld -into $tb_return_group -color #ffff00 -radix hex
## add_wave /apatb_kp_502_7_top/X2_6 -into $tb_return_group -radix hex
## add_wave /apatb_kp_502_7_top/X2_5_ap_vld -into $tb_return_group -color #ffff00 -radix hex
## add_wave /apatb_kp_502_7_top/X2_5 -into $tb_return_group -radix hex
## add_wave /apatb_kp_502_7_top/X2_4_ap_vld -into $tb_return_group -color #ffff00 -radix hex
## add_wave /apatb_kp_502_7_top/X2_4 -into $tb_return_group -radix hex
## add_wave /apatb_kp_502_7_top/X2_3_ap_vld -into $tb_return_group -color #ffff00 -radix hex
## add_wave /apatb_kp_502_7_top/X2_3 -into $tb_return_group -radix hex
## add_wave /apatb_kp_502_7_top/X2_2_ap_vld -into $tb_return_group -color #ffff00 -radix hex
## add_wave /apatb_kp_502_7_top/X2_2 -into $tb_return_group -radix hex
## add_wave /apatb_kp_502_7_top/X2_1_ap_vld -into $tb_return_group -color #ffff00 -radix hex
## add_wave /apatb_kp_502_7_top/X2_1 -into $tb_return_group -radix hex
## add_wave /apatb_kp_502_7_top/X2_0_ap_vld -into $tb_return_group -color #ffff00 -radix hex
## add_wave /apatb_kp_502_7_top/X2_0 -into $tb_return_group -radix hex
## add_wave /apatb_kp_502_7_top/X1_7_ap_vld -into $tb_return_group -color #ffff00 -radix hex
## add_wave /apatb_kp_502_7_top/X1_7 -into $tb_return_group -radix hex
## add_wave /apatb_kp_502_7_top/X1_6_ap_vld -into $tb_return_group -color #ffff00 -radix hex
## add_wave /apatb_kp_502_7_top/X1_6 -into $tb_return_group -radix hex
## add_wave /apatb_kp_502_7_top/X1_5_ap_vld -into $tb_return_group -color #ffff00 -radix hex
## add_wave /apatb_kp_502_7_top/X1_5 -into $tb_return_group -radix hex
## add_wave /apatb_kp_502_7_top/X1_4_ap_vld -into $tb_return_group -color #ffff00 -radix hex
## add_wave /apatb_kp_502_7_top/X1_4 -into $tb_return_group -radix hex
## add_wave /apatb_kp_502_7_top/X1_3_ap_vld -into $tb_return_group -color #ffff00 -radix hex
## add_wave /apatb_kp_502_7_top/X1_3 -into $tb_return_group -radix hex
## add_wave /apatb_kp_502_7_top/X1_2_ap_vld -into $tb_return_group -color #ffff00 -radix hex
## add_wave /apatb_kp_502_7_top/X1_2 -into $tb_return_group -radix hex
## add_wave /apatb_kp_502_7_top/X1_1_ap_vld -into $tb_return_group -color #ffff00 -radix hex
## add_wave /apatb_kp_502_7_top/X1_1 -into $tb_return_group -radix hex
## add_wave /apatb_kp_502_7_top/X1_0_ap_vld -into $tb_return_group -color #ffff00 -radix hex
## add_wave /apatb_kp_502_7_top/X1_0 -into $tb_return_group -radix hex
## add_wave /apatb_kp_502_7_top/ap_local_deadlock -into $tb_return_group -radix hex
## add_wave /apatb_kp_502_7_top/ap_local_block -into $tb_return_group -radix hex
## set tbcinputgroup [add_wave_group "C Inputs" -into $testbenchgroup]
## set tb_return_group [add_wave_group return(wire) -into $tbcinputgroup]
## add_wave /apatb_kp_502_7_top/C_7 -into $tb_return_group -radix hex
## add_wave /apatb_kp_502_7_top/C_6 -into $tb_return_group -radix hex
## add_wave /apatb_kp_502_7_top/C_5 -into $tb_return_group -radix hex
## add_wave /apatb_kp_502_7_top/C_4 -into $tb_return_group -radix hex
## add_wave /apatb_kp_502_7_top/C_3 -into $tb_return_group -radix hex
## add_wave /apatb_kp_502_7_top/C_2 -into $tb_return_group -radix hex
## add_wave /apatb_kp_502_7_top/C_1 -into $tb_return_group -radix hex
## add_wave /apatb_kp_502_7_top/C_0 -into $tb_return_group -radix hex
## add_wave /apatb_kp_502_7_top/B_7 -into $tb_return_group -radix hex
## add_wave /apatb_kp_502_7_top/B_6 -into $tb_return_group -radix hex
## add_wave /apatb_kp_502_7_top/B_5 -into $tb_return_group -radix hex
## add_wave /apatb_kp_502_7_top/B_4 -into $tb_return_group -radix hex
## add_wave /apatb_kp_502_7_top/B_3 -into $tb_return_group -radix hex
## add_wave /apatb_kp_502_7_top/B_2 -into $tb_return_group -radix hex
## add_wave /apatb_kp_502_7_top/B_1 -into $tb_return_group -radix hex
## add_wave /apatb_kp_502_7_top/B_0 -into $tb_return_group -radix hex
## add_wave /apatb_kp_502_7_top/A_7 -into $tb_return_group -radix hex
## add_wave /apatb_kp_502_7_top/A_6 -into $tb_return_group -radix hex
## add_wave /apatb_kp_502_7_top/A_5 -into $tb_return_group -radix hex
## add_wave /apatb_kp_502_7_top/A_4 -into $tb_return_group -radix hex
## add_wave /apatb_kp_502_7_top/A_3 -into $tb_return_group -radix hex
## add_wave /apatb_kp_502_7_top/A_2 -into $tb_return_group -radix hex
## add_wave /apatb_kp_502_7_top/A_1 -into $tb_return_group -radix hex
## add_wave /apatb_kp_502_7_top/A_0 -into $tb_return_group -radix hex
## save_wave_config kp_502_7.wcfg
## run all
////////////////////////////////////////////////////////////////////////////////////
// Inter-Transaction Progress: Completed Transaction / Total Transaction
// Intra-Transaction Progress: Measured Latency / Latency Estimation * 100%
//
// RTL Simulation : "Inter-Transaction Progress" ["Intra-Transaction Progress"] @ "Simulation Time"
////////////////////////////////////////////////////////////////////////////////////
// RTL Simulation : 0 / 3 [0.00%] @ "125000"
// RTL Simulation : 1 / 3 [100.00%] @ "1725000"
// RTL Simulation : 2 / 3 [100.00%] @ "4025000"
// RTL Simulation : 3 / 3 [100.00%] @ "5615000"
////////////////////////////////////////////////////////////////////////////////////
$finish called at time : 5675 ns : File "G:/Xilinx_lab/KP_502_7/kp_502_7/sol2_5/sim/verilog/kp_502_7.autotb.v" Line 3067
## quit
INFO: [Common 17-206] Exiting xsim at Mon Dec 18 08:03:01 2023...

Results:

Results:

Results:
_________Pass_________!

