

================================================================
== Vitis HLS Report for 'lab5_z1'
================================================================
* Date:           Tue Nov  7 12:52:43 2023

* Version:        2021.2 (Build 3367213 on Tue Oct 19 02:48:09 MDT 2021)
* Project:        lab5_z1
* Solution:       sol5_1 (Vivado IP Flow Target)
* Product family: artix7
* Target device:  xa7a12t-csg325-1Q


================================================================
== Performance Estimates
================================================================
+ Timing: 
    * Summary: 
    +------+----------+-----------+------------+
    | Clock|  Target  | Estimated | Uncertainty|
    +------+----------+-----------+------------+
    |clk   |  20.00 ns|  12.697 ns|     5.40 ns|
    +------+----------+-----------+------------+

+ Latency: 
    * Summary: 
    +---------+---------+----------+----------+-----+-----+---------+
    |  Latency (cycles) |  Latency (absolute) |  Interval | Pipeline|
    |   min   |   max   |    min   |    max   | min | max |   Type  |
    +---------+---------+----------+----------+-----+-----+---------+
    |      130|      130|  2.600 us|  2.600 us|  131|  131|       no|
    +---------+---------+----------+----------+-----+-----+---------+

    + Detail: 
        * Instance: 
        N/A

        * Loop: 
        +--------------+---------+---------+----------+-----------+-----------+------+----------+
        |              |  Latency (cycles) | Iteration|  Initiation Interval  | Trip |          |
        |   Loop Name  |   min   |   max   |  Latency |  achieved |   target  | Count| Pipelined|
        +--------------+---------+---------+----------+-----------+-----------+------+----------+
        |- foo_label0  |      128|      128|         2|          1|          1|   128|       yes|
        +--------------+---------+---------+----------+-----------+-----------+------+----------+

============================================================
+ Verbose Summary: Synthesis Manager
============================================================
InlineROM: 1
ExposeGlobal: 0
============================================================
+ Verbose Summary: CDFG Model
============================================================
IsTopModel: 1
ResetActiveHigh: 1
IsCombinational: 0
IsDatapathOnly: 0
HasWiredReturn: 1
HasMFsm: 2
HasVarLatency: 1
IsPipeline: 0
IsRtlPipelined: 0
IsInstanceOverlapped: 0
IsDontTouch: 0
HasImplIP: 0
IsGatedGlobalClock: 0

+ Individual pipeline summary: 
  * Pipeline-0: initiation interval (II) = 1, depth = 2


============================================================
+ Verbose Summary: Schedule
============================================================
* Number of FSM states : 2
* Pipeline : 1
  Pipeline-0 : II = 1, D = 2, States = { 1 2 }
* Dataflow Pipeline: 0

* FSM state transitions: 
1 --> 2 
2 --> 

* FSM state operations: 

State 1 <SV = 0> <Delay = 4.23>
ST_1 : Operation 5 [1/1] (0.00ns)   --->   "%i = alloca i32 1"   --->   Operation 5 'alloca' 'i' <Predicate = true> <Delay = 0.00>
ST_1 : Operation 6 [1/1] (0.00ns)   --->   "%spectopmodule_ln0 = spectopmodule void @_ssdm_op_SpecTopModule, void @empty_1"   --->   Operation 6 'spectopmodule' 'spectopmodule_ln0' <Predicate = true> <Delay = 0.00>
ST_1 : Operation 7 [1/1] (0.00ns)   --->   "%specinterface_ln0 = specinterface void @_ssdm_op_SpecInterface, i16 %d_in_0, void @empty, i32 0, i32 0, void @empty_0, i32 4294967295, i32 0, void @empty_0, void @empty_0, void @empty_0, i32 0, i32 0, i32 0, i32 0, void @empty_0, void @empty_0"   --->   Operation 7 'specinterface' 'specinterface_ln0' <Predicate = true> <Delay = 0.00>
ST_1 : Operation 8 [1/1] (0.00ns)   --->   "%specmemcore_ln0 = specmemcore void @_ssdm_op_SpecMemCore, i16 %d_in_0, i64 666, i64 208, i64 4294967295"   --->   Operation 8 'specmemcore' 'specmemcore_ln0' <Predicate = true> <Delay = 0.00>
ST_1 : Operation 9 [1/1] (0.00ns)   --->   "%specbitsmap_ln0 = specbitsmap void @_ssdm_op_SpecBitsMap, i16 %d_in_0"   --->   Operation 9 'specbitsmap' 'specbitsmap_ln0' <Predicate = true> <Delay = 0.00>
ST_1 : Operation 10 [1/1] (0.00ns)   --->   "%specinterface_ln0 = specinterface void @_ssdm_op_SpecInterface, i16 %d_in_1, void @empty, i32 0, i32 0, void @empty_0, i32 4294967295, i32 0, void @empty_0, void @empty_0, void @empty_0, i32 0, i32 0, i32 0, i32 0, void @empty_0, void @empty_0"   --->   Operation 10 'specinterface' 'specinterface_ln0' <Predicate = true> <Delay = 0.00>
ST_1 : Operation 11 [1/1] (0.00ns)   --->   "%specmemcore_ln0 = specmemcore void @_ssdm_op_SpecMemCore, i16 %d_in_1, i64 666, i64 208, i64 4294967295"   --->   Operation 11 'specmemcore' 'specmemcore_ln0' <Predicate = true> <Delay = 0.00>
ST_1 : Operation 12 [1/1] (0.00ns)   --->   "%specbitsmap_ln0 = specbitsmap void @_ssdm_op_SpecBitsMap, i16 %d_in_1"   --->   Operation 12 'specbitsmap' 'specbitsmap_ln0' <Predicate = true> <Delay = 0.00>
ST_1 : Operation 13 [1/1] (0.00ns)   --->   "%specinterface_ln0 = specinterface void @_ssdm_op_SpecInterface, i16 %d_out, void @empty, i32 0, i32 0, void @empty_0, i32 4294967295, i32 0, void @empty_0, void @empty_0, void @empty_0, i32 0, i32 0, i32 0, i32 0, void @empty_0, void @empty_0"   --->   Operation 13 'specinterface' 'specinterface_ln0' <Predicate = true> <Delay = 0.00>
ST_1 : Operation 14 [1/1] (0.00ns)   --->   "%specbitsmap_ln0 = specbitsmap void @_ssdm_op_SpecBitsMap, i16 %d_out"   --->   Operation 14 'specbitsmap' 'specbitsmap_ln0' <Predicate = true> <Delay = 0.00>
ST_1 : Operation 15 [1/1] (1.61ns)   --->   "%store_ln6 = store i8 0, i8 %i" [./source/lab5_z1.cpp:6]   --->   Operation 15 'store' 'store_ln6' <Predicate = true> <Delay = 1.61>
ST_1 : Operation 16 [1/1] (0.00ns)   --->   "%br_ln6 = br void" [./source/lab5_z1.cpp:6]   --->   Operation 16 'br' 'br_ln6' <Predicate = true> <Delay = 0.00>
ST_1 : Operation 17 [1/1] (0.00ns)   --->   "%i_1 = load i8 %i" [./source/lab5_z1.cpp:6]   --->   Operation 17 'load' 'i_1' <Predicate = true> <Delay = 0.00>
ST_1 : Operation 18 [1/1] (1.47ns)   --->   "%icmp_ln6 = icmp_eq  i8 %i_1, i8 128" [./source/lab5_z1.cpp:6]   --->   Operation 18 'icmp' 'icmp_ln6' <Predicate = true> <Delay = 1.47> <CoreInst = "Cmp">   --->   Core 9 'Cmp' <Latency = 0> <II = 1> <Delay = 1.47> <FuncUnit> <Opcode : 'icmp'> <InPorts = 2> <OutPorts = 1>
ST_1 : Operation 19 [1/1] (0.00ns)   --->   "%empty = speclooptripcount i32 @_ssdm_op_SpecLoopTripCount, i64 128, i64 128, i64 128"   --->   Operation 19 'speclooptripcount' 'empty' <Predicate = true> <Delay = 0.00>
ST_1 : Operation 20 [1/1] (2.11ns)   --->   "%add_ln6 = add i8 %i_1, i8 1" [./source/lab5_z1.cpp:6]   --->   Operation 20 'add' 'add_ln6' <Predicate = true> <Delay = 2.11> <CoreInst = "Adder">   --->   Core 1 'Adder' <Latency = 0> <II = 1> <Delay = 2.14> <FuncUnit> <Opcode : 'add' 'sub'> <InPorts = 2> <OutPorts = 1>
ST_1 : Operation 21 [1/1] (0.00ns)   --->   "%br_ln6 = br i1 %icmp_ln6, void %.split, void" [./source/lab5_z1.cpp:6]   --->   Operation 21 'br' 'br_ln6' <Predicate = true> <Delay = 0.00>
ST_1 : Operation 22 [1/1] (0.00ns)   --->   "%zext_ln6 = zext i8 %i_1" [./source/lab5_z1.cpp:6]   --->   Operation 22 'zext' 'zext_ln6' <Predicate = (!icmp_ln6)> <Delay = 0.00>
ST_1 : Operation 23 [1/1] (0.00ns)   --->   "%trunc_ln6 = trunc i8 %i_1" [./source/lab5_z1.cpp:6]   --->   Operation 23 'trunc' 'trunc_ln6' <Predicate = (!icmp_ln6)> <Delay = 0.00>
ST_1 : Operation 24 [1/1] (0.00ns)   --->   "%d_in_0_addr = getelementptr i16 %d_in_0, i64 0, i64 %zext_ln6" [./source/lab5_z1.cpp:7]   --->   Operation 24 'getelementptr' 'd_in_0_addr' <Predicate = (!icmp_ln6)> <Delay = 0.00>
ST_1 : Operation 25 [2/2] (3.25ns)   --->   "%d_in_0_load = load i8 %d_in_0_addr" [./source/lab5_z1.cpp:7]   --->   Operation 25 'load' 'd_in_0_load' <Predicate = (!icmp_ln6)> <Delay = 3.25> <CoreInst = "RAM_2P">   --->   Core 89 'RAM_2P' <Latency = 1> <II = 1> <Delay = 3.25> <Storage> <Opcode : 'load' 'store'> <Ports = 2> <Width = 16> <Depth = 256> <RAM>
ST_1 : Operation 26 [1/1] (0.97ns)   --->   "%xor_ln8 = xor i8 %i_1, i8 128" [./source/lab5_z1.cpp:8]   --->   Operation 26 'xor' 'xor_ln8' <Predicate = (!icmp_ln6)> <Delay = 0.97> <CoreInst = "LogicGate">   --->   Core 74 'LogicGate' <Latency = 0> <II = 1> <Delay = 0.97> <FuncUnit> <Opcode : 'and' 'or' 'xor'> <InPorts = 2> <OutPorts = 1>
ST_1 : Operation 27 [1/1] (0.00ns)   --->   "%zext_ln8 = zext i8 %xor_ln8" [./source/lab5_z1.cpp:8]   --->   Operation 27 'zext' 'zext_ln8' <Predicate = (!icmp_ln6)> <Delay = 0.00>
ST_1 : Operation 28 [1/1] (0.00ns)   --->   "%d_in_0_addr_1 = getelementptr i16 %d_in_0, i64 0, i64 %zext_ln8" [./source/lab5_z1.cpp:8]   --->   Operation 28 'getelementptr' 'd_in_0_addr_1' <Predicate = (!icmp_ln6)> <Delay = 0.00>
ST_1 : Operation 29 [2/2] (3.25ns)   --->   "%d_in_0_load_1 = load i8 %d_in_0_addr_1" [./source/lab5_z1.cpp:8]   --->   Operation 29 'load' 'd_in_0_load_1' <Predicate = (!icmp_ln6)> <Delay = 3.25> <CoreInst = "RAM_2P">   --->   Core 89 'RAM_2P' <Latency = 1> <II = 1> <Delay = 3.25> <Storage> <Opcode : 'load' 'store'> <Ports = 2> <Width = 16> <Depth = 256> <RAM>
ST_1 : Operation 30 [1/1] (0.00ns)   --->   "%zext_ln9 = zext i7 %trunc_ln6" [./source/lab5_z1.cpp:9]   --->   Operation 30 'zext' 'zext_ln9' <Predicate = (!icmp_ln6)> <Delay = 0.00>
ST_1 : Operation 31 [1/1] (0.00ns)   --->   "%d_in_1_addr = getelementptr i16 %d_in_1, i64 0, i64 %zext_ln9" [./source/lab5_z1.cpp:9]   --->   Operation 31 'getelementptr' 'd_in_1_addr' <Predicate = (!icmp_ln6)> <Delay = 0.00>
ST_1 : Operation 32 [2/2] (3.25ns)   --->   "%d_in_1_load = load i8 %d_in_1_addr" [./source/lab5_z1.cpp:9]   --->   Operation 32 'load' 'd_in_1_load' <Predicate = (!icmp_ln6)> <Delay = 3.25> <CoreInst = "RAM_2P">   --->   Core 89 'RAM_2P' <Latency = 1> <II = 1> <Delay = 3.25> <Storage> <Opcode : 'load' 'store'> <Ports = 2> <Width = 16> <Depth = 256> <RAM>
ST_1 : Operation 33 [1/1] (0.00ns)   --->   "%d_in_1_addr_1 = getelementptr i16 %d_in_1, i64 0, i64 %zext_ln8" [./source/lab5_z1.cpp:10]   --->   Operation 33 'getelementptr' 'd_in_1_addr_1' <Predicate = (!icmp_ln6)> <Delay = 0.00>
ST_1 : Operation 34 [2/2] (3.25ns)   --->   "%d_in_1_load_1 = load i8 %d_in_1_addr_1" [./source/lab5_z1.cpp:10]   --->   Operation 34 'load' 'd_in_1_load_1' <Predicate = (!icmp_ln6)> <Delay = 3.25> <CoreInst = "RAM_2P">   --->   Core 89 'RAM_2P' <Latency = 1> <II = 1> <Delay = 3.25> <Storage> <Opcode : 'load' 'store'> <Ports = 2> <Width = 16> <Depth = 256> <RAM>
ST_1 : Operation 35 [1/1] (1.61ns)   --->   "%store_ln6 = store i8 %add_ln6, i8 %i" [./source/lab5_z1.cpp:6]   --->   Operation 35 'store' 'store_ln6' <Predicate = (!icmp_ln6)> <Delay = 1.61>
ST_1 : Operation 48 [1/1] (0.00ns)   --->   "%ret_ln13 = ret" [./source/lab5_z1.cpp:13]   --->   Operation 48 'ret' 'ret_ln13' <Predicate = (icmp_ln6)> <Delay = 0.00>

State 2 <SV = 1> <Delay = 12.6>
ST_2 : Operation 36 [1/1] (0.00ns)   --->   "%specpipeline_ln4 = specpipeline void @_ssdm_op_SpecPipeline, i32 4294967295, i32 0, i32 0, i32 0, void @empty_0" [./source/lab5_z1.cpp:4]   --->   Operation 36 'specpipeline' 'specpipeline_ln4' <Predicate = true> <Delay = 0.00>
ST_2 : Operation 37 [1/1] (0.00ns)   --->   "%specloopname_ln4 = specloopname void @_ssdm_op_SpecLoopName, void @empty_2" [./source/lab5_z1.cpp:4]   --->   Operation 37 'specloopname' 'specloopname_ln4' <Predicate = true> <Delay = 0.00>
ST_2 : Operation 38 [1/2] (3.25ns)   --->   "%d_in_0_load = load i8 %d_in_0_addr" [./source/lab5_z1.cpp:7]   --->   Operation 38 'load' 'd_in_0_load' <Predicate = true> <Delay = 3.25> <CoreInst = "RAM_2P">   --->   Core 89 'RAM_2P' <Latency = 1> <II = 1> <Delay = 3.25> <Storage> <Opcode : 'load' 'store'> <Ports = 2> <Width = 16> <Depth = 256> <RAM>
ST_2 : Operation 39 [1/2] (3.25ns)   --->   "%d_in_0_load_1 = load i8 %d_in_0_addr_1" [./source/lab5_z1.cpp:8]   --->   Operation 39 'load' 'd_in_0_load_1' <Predicate = true> <Delay = 3.25> <CoreInst = "RAM_2P">   --->   Core 89 'RAM_2P' <Latency = 1> <II = 1> <Delay = 3.25> <Storage> <Opcode : 'load' 'store'> <Ports = 2> <Width = 16> <Depth = 256> <RAM>
ST_2 : Operation 40 [1/2] (3.25ns)   --->   "%d_in_1_load = load i8 %d_in_1_addr" [./source/lab5_z1.cpp:9]   --->   Operation 40 'load' 'd_in_1_load' <Predicate = true> <Delay = 3.25> <CoreInst = "RAM_2P">   --->   Core 89 'RAM_2P' <Latency = 1> <II = 1> <Delay = 3.25> <Storage> <Opcode : 'load' 'store'> <Ports = 2> <Width = 16> <Depth = 256> <RAM>
ST_2 : Operation 41 [1/2] (3.25ns)   --->   "%d_in_1_load_1 = load i8 %d_in_1_addr_1" [./source/lab5_z1.cpp:10]   --->   Operation 41 'load' 'd_in_1_load_1' <Predicate = true> <Delay = 3.25> <CoreInst = "RAM_2P">   --->   Core 89 'RAM_2P' <Latency = 1> <II = 1> <Delay = 3.25> <Storage> <Opcode : 'load' 'store'> <Ports = 2> <Width = 16> <Depth = 256> <RAM>
ST_2 : Operation 42 [1/1] (0.00ns) (grouped into TernaryAdder)   --->   "%add_ln11 = add i16 %d_in_0_load_1, i16 %d_in_0_load" [./source/lab5_z1.cpp:11]   --->   Operation 42 'add' 'add_ln11' <Predicate = true> <Delay = 0.00> <CoreInst = "TAddSub">   --->   Core 10 'TAddSub' <Latency = 0> <II = 1> <Delay = 2.01> <IPBlock> <Opcode : 'add' 'sub'> <InPorts = 3> <OutPorts = 1> <Sync> <CReg>
ST_2 : Operation 43 [1/1] (2.14ns)   --->   "%add_ln11_1 = add i16 %d_in_1_load, i16 %d_in_1_load_1" [./source/lab5_z1.cpp:11]   --->   Operation 43 'add' 'add_ln11_1' <Predicate = true> <Delay = 2.14> <CoreInst = "Adder">   --->   Core 1 'Adder' <Latency = 0> <II = 1> <Delay = 2.14> <FuncUnit> <Opcode : 'add' 'sub'> <InPorts = 2> <OutPorts = 1>
ST_2 : Operation 44 [1/1] (4.03ns) (root node of TernaryAdder)   --->   "%add_ln11_2 = add i16 %add_ln11_1, i16 %add_ln11" [./source/lab5_z1.cpp:11]   --->   Operation 44 'add' 'add_ln11_2' <Predicate = true> <Delay = 4.03> <CoreInst = "TAddSub">   --->   Core 10 'TAddSub' <Latency = 0> <II = 1> <Delay = 2.01> <IPBlock> <Opcode : 'add' 'sub'> <InPorts = 3> <OutPorts = 1> <Sync> <CReg>
ST_2 : Operation 45 [1/1] (0.00ns)   --->   "%d_out_addr = getelementptr i16 %d_out, i64 0, i64 %zext_ln6" [./source/lab5_z1.cpp:11]   --->   Operation 45 'getelementptr' 'd_out_addr' <Predicate = true> <Delay = 0.00>
ST_2 : Operation 46 [1/1] (3.25ns)   --->   "%store_ln11 = store i16 %add_ln11_2, i7 %d_out_addr" [./source/lab5_z1.cpp:11]   --->   Operation 46 'store' 'store_ln11' <Predicate = true> <Delay = 3.25> <CoreInst = "RAM">   --->   Core 82 'RAM' <Latency = 1> <II = 1> <Delay = 3.25> <Storage> <Opcode : 'load' 'store'> <Ports = 2> <Width = 16> <Depth = 128> <RAM>
ST_2 : Operation 47 [1/1] (0.00ns)   --->   "%br_ln0 = br void"   --->   Operation 47 'br' 'br_ln0' <Predicate = true> <Delay = 0.00>


============================================================
+ Verbose Summary: Timing violations
============================================================
Target clock period: 20ns, clock uncertainty: 5.4ns.

 <State 1>: 4.23ns
The critical path consists of the following:
	'alloca' operation ('i') [4]  (0 ns)
	'load' operation ('i', ./source/lab5_z1.cpp:6) on local variable 'i' [17]  (0 ns)
	'xor' operation ('xor_ln8', ./source/lab5_z1.cpp:8) [29]  (0.975 ns)
	'getelementptr' operation ('d_in_0_addr_1', ./source/lab5_z1.cpp:8) [31]  (0 ns)
	'load' operation ('d_in_0_load_1', ./source/lab5_z1.cpp:8) on array 'd_in_0' [32]  (3.26 ns)

 <State 2>: 12.7ns
The critical path consists of the following:
	'load' operation ('d_in_1_load', ./source/lab5_z1.cpp:9) on array 'd_in_1' [35]  (3.26 ns)
	'add' operation ('add_ln11_1', ./source/lab5_z1.cpp:11) [39]  (2.15 ns)
	'add' operation ('add_ln11_2', ./source/lab5_z1.cpp:11) [40]  (4.04 ns)
	'store' operation ('store_ln11', ./source/lab5_z1.cpp:11) of variable 'add_ln11_2', ./source/lab5_z1.cpp:11 on array 'd_out' [42]  (3.26 ns)


============================================================
+ Verbose Summary: Binding
============================================================
N/A
* FSMD analyzer results:
  - Output states:
 - Input state : 
  - Chain level:
	State 1
	State 2


============================================================
+ Verbose Summary: Datapath Resource usage 
============================================================
N/A
