

================================================================
== Vitis HLS Report for 'kp_502_15'
================================================================
* Date:           Sat Dec  9 20:39:08 2023

* Version:        2021.2 (Build 3367213 on Tue Oct 19 02:48:09 MDT 2021)
* Project:        kp_502_15
* Solution:       sol2_6 (Vivado IP Flow Target)
* Product family: artix7
* Target device:  xc7a200t-sbv484-2


================================================================
== Performance Estimates
================================================================
+ Timing: 
    * Summary: 
    +------+----------+-----------+------------+
    | Clock|  Target  | Estimated | Uncertainty|
    +------+----------+-----------+------------+
    |clk   |  14.00 ns|  11.240 ns|     1.00 ns|
    +------+----------+-----------+------------+

+ Latency: 
    * Summary: 
    +---------+---------+-----------+-----------+-----+-----+---------+
    |  Latency (cycles) |   Latency (absolute)  |  Interval | Pipeline|
    |   min   |   max   |    min    |    max    | min | max |   Type  |
    +---------+---------+-----------+-----------+-----+-----+---------+
    |        1|        1|  14.000 ns|  14.000 ns|    2|    2|       no|
    +---------+---------+-----------+-----------+-----+-----+---------+

    + Detail: 
        * Instance: 
        N/A

        * Loop: 
        N/A



================================================================
== Utilization Estimates
================================================================
* Summary: 
+-----------------+---------+-----+--------+--------+-----+
|       Name      | BRAM_18K| DSP |   FF   |   LUT  | URAM|
+-----------------+---------+-----+--------+--------+-----+
|DSP              |        -|    -|       -|       -|    -|
|Expression       |        -|    -|       0|     624|    -|
|FIFO             |        -|    -|       -|       -|    -|
|Instance         |        -|   48|       0|     336|    -|
|Memory           |        -|    -|       -|       -|    -|
|Multiplexer      |        -|    -|       -|      13|    -|
|Register         |        -|    -|     258|       -|    -|
+-----------------+---------+-----+--------+--------+-----+
|Total            |        0|   48|     258|     973|    0|
+-----------------+---------+-----+--------+--------+-----+
|Available        |      730|  740|  269200|  134600|    0|
+-----------------+---------+-----+--------+--------+-----+
|Utilization (%)  |        0|    6|      ~0|      ~0|    0|
+-----------------+---------+-----+--------+--------+-----+

+ Detail: 
    * Instance: 
    +------------------------+--------------------+---------+----+---+----+-----+
    |        Instance        |       Module       | BRAM_18K| DSP| FF| LUT| URAM|
    +------------------------+--------------------+---------+----+---+----+-----+
    |mul_32s_32s_32_1_1_U1   |mul_32s_32s_32_1_1  |        0|   3|  0|  21|    0|
    |mul_32s_32s_32_1_1_U2   |mul_32s_32s_32_1_1  |        0|   3|  0|  21|    0|
    |mul_32s_32s_32_1_1_U3   |mul_32s_32s_32_1_1  |        0|   3|  0|  21|    0|
    |mul_32s_32s_32_1_1_U4   |mul_32s_32s_32_1_1  |        0|   3|  0|  21|    0|
    |mul_32s_32s_32_1_1_U5   |mul_32s_32s_32_1_1  |        0|   3|  0|  21|    0|
    |mul_32s_32s_32_1_1_U6   |mul_32s_32s_32_1_1  |        0|   3|  0|  21|    0|
    |mul_32s_32s_32_1_1_U7   |mul_32s_32s_32_1_1  |        0|   3|  0|  21|    0|
    |mul_32s_32s_32_1_1_U8   |mul_32s_32s_32_1_1  |        0|   3|  0|  21|    0|
    |mul_32s_32s_32_1_1_U9   |mul_32s_32s_32_1_1  |        0|   3|  0|  21|    0|
    |mul_32s_32s_32_1_1_U10  |mul_32s_32s_32_1_1  |        0|   3|  0|  21|    0|
    |mul_32s_32s_32_1_1_U11  |mul_32s_32s_32_1_1  |        0|   3|  0|  21|    0|
    |mul_32s_32s_32_1_1_U12  |mul_32s_32s_32_1_1  |        0|   3|  0|  21|    0|
    |mul_32s_32s_32_1_1_U13  |mul_32s_32s_32_1_1  |        0|   3|  0|  21|    0|
    |mul_32s_32s_32_1_1_U14  |mul_32s_32s_32_1_1  |        0|   3|  0|  21|    0|
    |mul_32s_32s_32_1_1_U15  |mul_32s_32s_32_1_1  |        0|   3|  0|  21|    0|
    |mul_32s_32s_32_1_1_U16  |mul_32s_32s_32_1_1  |        0|   3|  0|  21|    0|
    +------------------------+--------------------+---------+----+---+----+-----+
    |Total                   |                    |        0|  48|  0| 336|    0|
    +------------------------+--------------------+---------+----+---+----+-----+

    * DSP: 
    N/A

    * Memory: 
    N/A

    * FIFO: 
    N/A

    * Expression: 
    +-----------------------+----------+----+---+----+------------+------------+
    |     Variable Name     | Operation| DSP| FF| LUT| Bitwidth P0| Bitwidth P1|
    +-----------------------+----------+----+---+----+------------+------------+
    |mul_ln11_11_fu_484_p1  |         +|   0|  0|  39|          32|          32|
    |mul_ln11_13_fu_501_p1  |         +|   0|  0|  39|          32|          32|
    |mul_ln11_15_fu_518_p1  |         +|   0|  0|  39|          32|          32|
    |mul_ln11_1_fu_399_p1   |         +|   0|  0|  39|          32|          32|
    |mul_ln11_3_fu_416_p1   |         +|   0|  0|  39|          32|          32|
    |mul_ln11_5_fu_433_p1   |         +|   0|  0|  39|          32|          32|
    |mul_ln11_7_fu_450_p1   |         +|   0|  0|  39|          32|          32|
    |mul_ln11_9_fu_467_p1   |         +|   0|  0|  39|          32|          32|
    |r_0                    |         +|   0|  0|  39|          32|          32|
    |r_1                    |         +|   0|  0|  39|          32|          32|
    |r_2                    |         +|   0|  0|  39|          32|          32|
    |r_3                    |         +|   0|  0|  39|          32|          32|
    |r_4                    |         +|   0|  0|  39|          32|          32|
    |r_5                    |         +|   0|  0|  39|          32|          32|
    |r_6                    |         +|   0|  0|  39|          32|          32|
    |r_7                    |         +|   0|  0|  39|          32|          32|
    +-----------------------+----------+----+---+----+------------+------------+
    |Total                  |          |   0|  0| 624|         512|         512|
    +-----------------------+----------+----+---+----+------------+------------+

    * Multiplexer: 
    +-----------+----+-----------+-----+-----------+
    |    Name   | LUT| Input Size| Bits| Total Bits|
    +-----------+----+-----------+-----+-----------+
    |ap_NS_fsm  |  13|          3|    1|          3|
    +-----------+----+-----------+-----+-----------+
    |Total      |  13|          3|    1|          3|
    +-----------+----+-----------+-----+-----------+

    * Register: 
    +---------------------+----+----+-----+-----------+
    |         Name        | FF | LUT| Bits| Const Bits|
    +---------------------+----+----+-----+-----------+
    |ap_CS_fsm            |   2|   0|    2|          0|
    |mul_ln11_10_reg_585  |  32|   0|   32|          0|
    |mul_ln11_12_reg_595  |  32|   0|   32|          0|
    |mul_ln11_14_reg_605  |  32|   0|   32|          0|
    |mul_ln11_2_reg_545   |  32|   0|   32|          0|
    |mul_ln11_4_reg_555   |  32|   0|   32|          0|
    |mul_ln11_6_reg_565   |  32|   0|   32|          0|
    |mul_ln11_8_reg_575   |  32|   0|   32|          0|
    |mul_ln11_reg_535     |  32|   0|   32|          0|
    +---------------------+----+----+-----+-----------+
    |Total                | 258|   0|  258|          0|
    +---------------------+----+----+-----+-----------+



================================================================
== Interface
================================================================
* Summary: 
+-------------------+-----+-----+------------+--------------+--------------+
|     RTL Ports     | Dir | Bits|  Protocol  | Source Object|    C Type    |
+-------------------+-----+-----+------------+--------------+--------------+
|ap_local_block     |  out|    1|  ap_ctrl_hs|     kp_502_15|  return value|
|ap_local_deadlock  |  out|    1|  ap_ctrl_hs|     kp_502_15|  return value|
|ap_clk             |   in|    1|  ap_ctrl_hs|     kp_502_15|  return value|
|ap_rst             |   in|    1|  ap_ctrl_hs|     kp_502_15|  return value|
|ap_start           |   in|    1|  ap_ctrl_hs|     kp_502_15|  return value|
|ap_done            |  out|    1|  ap_ctrl_hs|     kp_502_15|  return value|
|ap_idle            |  out|    1|  ap_ctrl_hs|     kp_502_15|  return value|
|ap_ready           |  out|    1|  ap_ctrl_hs|     kp_502_15|  return value|
|r_0                |  out|   32|      ap_vld|           r_0|       pointer|
|r_0_ap_vld         |  out|    1|      ap_vld|           r_0|       pointer|
|r_1                |  out|   32|      ap_vld|           r_1|       pointer|
|r_1_ap_vld         |  out|    1|      ap_vld|           r_1|       pointer|
|r_2                |  out|   32|      ap_vld|           r_2|       pointer|
|r_2_ap_vld         |  out|    1|      ap_vld|           r_2|       pointer|
|r_3                |  out|   32|      ap_vld|           r_3|       pointer|
|r_3_ap_vld         |  out|    1|      ap_vld|           r_3|       pointer|
|r_4                |  out|   32|      ap_vld|           r_4|       pointer|
|r_4_ap_vld         |  out|    1|      ap_vld|           r_4|       pointer|
|r_5                |  out|   32|      ap_vld|           r_5|       pointer|
|r_5_ap_vld         |  out|    1|      ap_vld|           r_5|       pointer|
|r_6                |  out|   32|      ap_vld|           r_6|       pointer|
|r_6_ap_vld         |  out|    1|      ap_vld|           r_6|       pointer|
|r_7                |  out|   32|      ap_vld|           r_7|       pointer|
|r_7_ap_vld         |  out|    1|      ap_vld|           r_7|       pointer|
|a_0                |   in|   32|     ap_none|           a_0|       pointer|
|a_1                |   in|   32|     ap_none|           a_1|       pointer|
|a_2                |   in|   32|     ap_none|           a_2|       pointer|
|a_3                |   in|   32|     ap_none|           a_3|       pointer|
|a_4                |   in|   32|     ap_none|           a_4|       pointer|
|a_5                |   in|   32|     ap_none|           a_5|       pointer|
|a_6                |   in|   32|     ap_none|           a_6|       pointer|
|a_7                |   in|   32|     ap_none|           a_7|       pointer|
|b_0                |   in|   32|     ap_none|           b_0|       pointer|
|b_1                |   in|   32|     ap_none|           b_1|       pointer|
|b_2                |   in|   32|     ap_none|           b_2|       pointer|
|b_3                |   in|   32|     ap_none|           b_3|       pointer|
|b_4                |   in|   32|     ap_none|           b_4|       pointer|
|b_5                |   in|   32|     ap_none|           b_5|       pointer|
|b_6                |   in|   32|     ap_none|           b_6|       pointer|
|b_7                |   in|   32|     ap_none|           b_7|       pointer|
|c_0                |   in|   32|     ap_none|           c_0|       pointer|
|c_1                |   in|   32|     ap_none|           c_1|       pointer|
|c_2                |   in|   32|     ap_none|           c_2|       pointer|
|c_3                |   in|   32|     ap_none|           c_3|       pointer|
|c_4                |   in|   32|     ap_none|           c_4|       pointer|
|c_5                |   in|   32|     ap_none|           c_5|       pointer|
|c_6                |   in|   32|     ap_none|           c_6|       pointer|
|c_7                |   in|   32|     ap_none|           c_7|       pointer|
|x_0                |   in|   32|     ap_none|           x_0|       pointer|
|x_1                |   in|   32|     ap_none|           x_1|       pointer|
|x_2                |   in|   32|     ap_none|           x_2|       pointer|
|x_3                |   in|   32|     ap_none|           x_3|       pointer|
|x_4                |   in|   32|     ap_none|           x_4|       pointer|
|x_5                |   in|   32|     ap_none|           x_5|       pointer|
|x_6                |   in|   32|     ap_none|           x_6|       pointer|
|x_7                |   in|   32|     ap_none|           x_7|       pointer|
+-------------------+-----+-----+------------+--------------+--------------+

