

================================================================
== Vitis HLS Report for 'lab7_z3'
================================================================
* Date:           Wed Dec  6 16:12:00 2023

* Version:        2021.2 (Build 3367213 on Tue Oct 19 02:48:09 MDT 2021)
* Project:        lab7_z3
* Solution:       sol1_1 (Vivado IP Flow Target)
* Product family: artix7
* Target device:  xc7a100t-csg324-2


================================================================
== Performance Estimates
================================================================
+ Timing: 
    * Summary: 
    +------+----------+----------+------------+
    | Clock|  Target  | Estimated| Uncertainty|
    +------+----------+----------+------------+
    |clk   |  10.00 ns|  8.567 ns|     1.00 ns|
    +------+----------+----------+------------+

+ Latency: 
    * Summary: 
    +---------+---------+----------+----------+-----+-----+---------+
    |  Latency (cycles) |  Latency (absolute) |  Interval | Pipeline|
    |   min   |   max   |    min   |    max   | min | max |   Type  |
    +---------+---------+----------+----------+-----+-----+---------+
    |      136|      136|  1.360 us|  1.360 us|  137|  137|       no|
    +---------+---------+----------+----------+-----+-----+---------+

    + Detail: 
        * Instance: 
        N/A

        * Loop: 
        +----------+---------+---------+----------+-----------+-----------+------+----------+
        |          |  Latency (cycles) | Iteration|  Initiation Interval  | Trip |          |
        | Loop Name|   min   |   max   |  Latency |  achieved |   target  | Count| Pipelined|
        +----------+---------+---------+----------+-----------+-----------+------+----------+
        |- Mult    |      134|      134|         8|          1|          1|   128|       yes|
        +----------+---------+---------+----------+-----------+-----------+------+----------+



================================================================
== Utilization Estimates
================================================================
* Summary: 
+-----------------+---------+-----+--------+-------+-----+
|       Name      | BRAM_18K| DSP |   FF   |  LUT  | URAM|
+-----------------+---------+-----+--------+-------+-----+
|DSP              |        -|    -|       -|      -|    -|
|Expression       |        -|    -|       0|     30|    -|
|FIFO             |        -|    -|       -|      -|    -|
|Instance         |        -|   11|     299|    204|    -|
|Memory           |        -|    -|       -|      -|    -|
|Multiplexer      |        -|    -|       -|     36|    -|
|Register         |        -|    -|     287|     32|    -|
+-----------------+---------+-----+--------+-------+-----+
|Total            |        0|   11|     586|    302|    0|
+-----------------+---------+-----+--------+-------+-----+
|Available        |      270|  240|  126800|  63400|    0|
+-----------------+---------+-----+--------+-------+-----+
|Utilization (%)  |        0|    4|      ~0|     ~0|    0|
+-----------------+---------+-----+--------+-------+-----+

+ Detail: 
    * Instance: 
    +----------------------------------+-------------------------------+---------+----+-----+-----+-----+
    |             Instance             |             Module            | BRAM_18K| DSP|  FF | LUT | URAM|
    +----------------------------------+-------------------------------+---------+----+-----+-----+-----+
    |dmul_64ns_64ns_64_5_max_dsp_1_U1  |dmul_64ns_64ns_64_5_max_dsp_1  |        0|  11|  299|  204|    0|
    +----------------------------------+-------------------------------+---------+----+-----+-----+-----+
    |Total                             |                               |        0|  11|  299|  204|    0|
    +----------------------------------+-------------------------------+---------+----+-----+-----+-----+

    * DSP: 
    N/A

    * Memory: 
    N/A

    * FIFO: 
    N/A

    * Expression: 
    +-------------------+----------+----+---+----+------------+------------+
    |   Variable Name   | Operation| DSP| FF| LUT| Bitwidth P0| Bitwidth P1|
    +-------------------+----------+----+---+----+------------+------------+
    |add_ln8_fu_105_p2  |         +|   0|  0|  15|           8|           1|
    |ap_condition_150   |       and|   0|  0|   2|           1|           1|
    |icmp_ln8_fu_99_p2  |      icmp|   0|  0|  11|           8|           9|
    |ap_enable_pp0      |       xor|   0|  0|   2|           1|           2|
    +-------------------+----------+----+---+----+------------+------------+
    |Total              |          |   0|  0|  30|          18|          13|
    +-------------------+----------+----+---+----+------------+------------+

    * Multiplexer: 
    +-------------------------+----+-----------+-----+-----------+
    |           Name          | LUT| Input Size| Bits| Total Bits|
    +-------------------------+----+-----------+-----+-----------+
    |ap_done_int              |   9|          2|    1|          2|
    |ap_enable_reg_pp0_iter1  |   9|          2|    1|          2|
    |ap_sig_allocacmp_i_1     |   9|          2|    8|         16|
    |i_fu_44                  |   9|          2|    8|         16|
    +-------------------------+----+-----------+-----+-----------+
    |Total                    |  36|          8|   18|         36|
    +-------------------------+----+-----------+-----+-----------+

    * Register: 
    +----------------------------------+----+----+-----+-----------+
    |               Name               | FF | LUT| Bits| Const Bits|
    +----------------------------------+----+----+-----+-----------+
    |ap_CS_fsm                         |   1|   0|    1|          0|
    |ap_done_reg                       |   1|   0|    1|          0|
    |ap_enable_reg_pp0_iter1           |   1|   0|    1|          0|
    |ap_enable_reg_pp0_iter2           |   1|   0|    1|          0|
    |ap_enable_reg_pp0_iter3           |   1|   0|    1|          0|
    |ap_enable_reg_pp0_iter4           |   1|   0|    1|          0|
    |ap_enable_reg_pp0_iter5           |   1|   0|    1|          0|
    |ap_enable_reg_pp0_iter6           |   1|   0|    1|          0|
    |ap_enable_reg_pp0_iter7           |   1|   0|    1|          0|
    |ap_loop_exit_ready_pp0_iter1_reg  |   1|   0|    1|          0|
    |ap_loop_exit_ready_pp0_iter2_reg  |   1|   0|    1|          0|
    |ap_loop_exit_ready_pp0_iter3_reg  |   1|   0|    1|          0|
    |ap_loop_exit_ready_pp0_iter4_reg  |   1|   0|    1|          0|
    |ap_loop_exit_ready_pp0_iter5_reg  |   1|   0|    1|          0|
    |ap_loop_exit_ready_pp0_iter6_reg  |   1|   0|    1|          0|
    |b_load_reg_160                    |  64|   0|   64|          0|
    |c_load_reg_165                    |  64|   0|   64|          0|
    |i_cast_reg_145                    |   8|   0|   64|         56|
    |i_fu_44                           |   8|   0|    8|          0|
    |temp_mult_reg_180                 |  64|   0|   64|          0|
    |i_cast_reg_145                    |  64|  32|   64|         56|
    +----------------------------------+----+----+-----+-----------+
    |Total                             | 287|  32|  343|        112|
    +----------------------------------+----+----+-----+-----------+



================================================================
== Interface
================================================================
* Summary: 
+-------------------+-----+-----+------------+--------------+--------------+
|     RTL Ports     | Dir | Bits|  Protocol  | Source Object|    C Type    |
+-------------------+-----+-----+------------+--------------+--------------+
|ap_local_block     |  out|    1|  ap_ctrl_hs|       lab7_z3|  return value|
|ap_local_deadlock  |  out|    1|  ap_ctrl_hs|       lab7_z3|  return value|
|ap_clk             |   in|    1|  ap_ctrl_hs|       lab7_z3|  return value|
|ap_rst             |   in|    1|  ap_ctrl_hs|       lab7_z3|  return value|
|ap_start           |   in|    1|  ap_ctrl_hs|       lab7_z3|  return value|
|ap_done            |  out|    1|  ap_ctrl_hs|       lab7_z3|  return value|
|ap_idle            |  out|    1|  ap_ctrl_hs|       lab7_z3|  return value|
|ap_ready           |  out|    1|  ap_ctrl_hs|       lab7_z3|  return value|
|a_address0         |  out|    7|   ap_memory|             a|         array|
|a_ce0              |  out|    1|   ap_memory|             a|         array|
|a_we0              |  out|    1|   ap_memory|             a|         array|
|a_d0               |  out|   64|   ap_memory|             a|         array|
|b_address0         |  out|    7|   ap_memory|             b|         array|
|b_ce0              |  out|    1|   ap_memory|             b|         array|
|b_q0               |   in|   64|   ap_memory|             b|         array|
|c_address0         |  out|    7|   ap_memory|             c|         array|
|c_ce0              |  out|    1|   ap_memory|             c|         array|
|c_q0               |   in|   64|   ap_memory|             c|         array|
+-------------------+-----+-----+------------+--------------+--------------+

============================================================
+ Verbose Summary: Synthesis Manager
============================================================
InlineROM: 1
ExposeGlobal: 0
============================================================
+ Verbose Summary: CDFG Model
============================================================
IsTopModel: 1
ResetActiveHigh: 1
IsCombinational: 2
IsDatapathOnly: 2
HasWiredReturn: 1
HasMFsm: 2
HasVarLatency: 1
IsPipeline: 0
IsRtlPipelined: 0
IsInstanceOverlapped: 0
IsDontTouch: 0
HasImplIP: 0
IsGatedGlobalClock: 0

+ Individual pipeline summary: 
  * Pipeline-0: initiation interval (II) = 1, depth = 8


============================================================
+ Verbose Summary: Schedule
============================================================
* Number of FSM states : 8
* Pipeline : 1
  Pipeline-0 : II = 1, D = 8, States = { 1 2 3 4 5 6 7 8 }
* Dataflow Pipeline: 0

* FSM state transitions: 
1 --> 2 
2 --> 3 
3 --> 4 
4 --> 5 
5 --> 6 
6 --> 7 
7 --> 8 
8 --> 

* FSM state operations: 

State 1 <SV = 0> <Delay = 3.04>
ST_1 : Operation 11 [1/1] (0.00ns)   --->   "%i = alloca i32 1"   --->   Operation 11 'alloca' 'i' <Predicate = true> <Delay = 0.00>
ST_1 : Operation 12 [1/1] (0.00ns)   --->   "%spectopmodule_ln0 = spectopmodule void @_ssdm_op_SpecTopModule, void @empty_1"   --->   Operation 12 'spectopmodule' 'spectopmodule_ln0' <Predicate = true> <Delay = 0.00>
ST_1 : Operation 13 [1/1] (0.00ns)   --->   "%specinterface_ln0 = specinterface void @_ssdm_op_SpecInterface, i64 %a, void @empty, i32 0, i32 0, void @empty_0, i32 4294967295, i32 0, void @empty_0, void @empty_0, void @empty_0, i32 0, i32 0, i32 0, i32 0, void @empty_0, void @empty_0"   --->   Operation 13 'specinterface' 'specinterface_ln0' <Predicate = true> <Delay = 0.00>
ST_1 : Operation 14 [1/1] (0.00ns)   --->   "%specbitsmap_ln0 = specbitsmap void @_ssdm_op_SpecBitsMap, i64 %a"   --->   Operation 14 'specbitsmap' 'specbitsmap_ln0' <Predicate = true> <Delay = 0.00>
ST_1 : Operation 15 [1/1] (0.00ns)   --->   "%specinterface_ln0 = specinterface void @_ssdm_op_SpecInterface, i64 %b, void @empty, i32 0, i32 0, void @empty_0, i32 4294967295, i32 0, void @empty_0, void @empty_0, void @empty_0, i32 0, i32 0, i32 0, i32 0, void @empty_0, void @empty_0"   --->   Operation 15 'specinterface' 'specinterface_ln0' <Predicate = true> <Delay = 0.00>
ST_1 : Operation 16 [1/1] (0.00ns)   --->   "%specbitsmap_ln0 = specbitsmap void @_ssdm_op_SpecBitsMap, i64 %b"   --->   Operation 16 'specbitsmap' 'specbitsmap_ln0' <Predicate = true> <Delay = 0.00>
ST_1 : Operation 17 [1/1] (0.00ns)   --->   "%specinterface_ln0 = specinterface void @_ssdm_op_SpecInterface, i64 %c, void @empty, i32 0, i32 0, void @empty_0, i32 4294967295, i32 0, void @empty_0, void @empty_0, void @empty_0, i32 0, i32 0, i32 0, i32 0, void @empty_0, void @empty_0"   --->   Operation 17 'specinterface' 'specinterface_ln0' <Predicate = true> <Delay = 0.00>
ST_1 : Operation 18 [1/1] (0.00ns)   --->   "%specbitsmap_ln0 = specbitsmap void @_ssdm_op_SpecBitsMap, i64 %c"   --->   Operation 18 'specbitsmap' 'specbitsmap_ln0' <Predicate = true> <Delay = 0.00>
ST_1 : Operation 19 [1/1] (1.32ns)   --->   "%store_ln8 = store i8 0, i8 %i" [./source/lab7_z3.cpp:8]   --->   Operation 19 'store' 'store_ln8' <Predicate = true> <Delay = 1.32>
ST_1 : Operation 20 [1/1] (0.00ns)   --->   "%br_ln8 = br void" [./source/lab7_z3.cpp:8]   --->   Operation 20 'br' 'br_ln8' <Predicate = true> <Delay = 0.00>
ST_1 : Operation 21 [1/1] (0.00ns)   --->   "%i_1 = load i8 %i" [./source/lab7_z3.cpp:8]   --->   Operation 21 'load' 'i_1' <Predicate = true> <Delay = 0.00>
ST_1 : Operation 22 [1/1] (0.00ns)   --->   "%specpipeline_ln0 = specpipeline void @_ssdm_op_SpecPipeline, i32 4294967295, i32 0, i32 1, i32 0, void @p_str"   --->   Operation 22 'specpipeline' 'specpipeline_ln0' <Predicate = true> <Delay = 0.00>
ST_1 : Operation 23 [1/1] (1.24ns)   --->   "%icmp_ln8 = icmp_eq  i8 %i_1, i8 128" [./source/lab7_z3.cpp:8]   --->   Operation 23 'icmp' 'icmp_ln8' <Predicate = true> <Delay = 1.24> <CoreInst = "Cmp">   --->   Core 9 'Cmp' <Latency = 0> <II = 1> <Delay = 1.34> <FuncUnit> <Opcode : 'icmp'> <InPorts = 2> <OutPorts = 1>
ST_1 : Operation 24 [1/1] (0.00ns)   --->   "%empty = speclooptripcount i32 @_ssdm_op_SpecLoopTripCount, i64 128, i64 128, i64 128"   --->   Operation 24 'speclooptripcount' 'empty' <Predicate = true> <Delay = 0.00>
ST_1 : Operation 25 [1/1] (1.71ns)   --->   "%add_ln8 = add i8 %i_1, i8 1" [./source/lab7_z3.cpp:8]   --->   Operation 25 'add' 'add_ln8' <Predicate = true> <Delay = 1.71> <CoreInst = "Adder">   --->   Core 1 'Adder' <Latency = 0> <II = 1> <Delay = 1.71> <FuncUnit> <Opcode : 'add' 'sub'> <InPorts = 2> <OutPorts = 1>
ST_1 : Operation 26 [1/1] (0.00ns)   --->   "%br_ln8 = br i1 %icmp_ln8, void %.split, void" [./source/lab7_z3.cpp:8]   --->   Operation 26 'br' 'br_ln8' <Predicate = true> <Delay = 0.00>
ST_1 : Operation 27 [1/1] (0.00ns)   --->   "%i_cast = zext i8 %i_1" [./source/lab7_z3.cpp:8]   --->   Operation 27 'zext' 'i_cast' <Predicate = (!icmp_ln8)> <Delay = 0.00>
ST_1 : Operation 28 [1/1] (0.00ns)   --->   "%b_addr = getelementptr i64 %b, i64 0, i64 %i_cast" [./source/lab7_z3.cpp:10]   --->   Operation 28 'getelementptr' 'b_addr' <Predicate = (!icmp_ln8)> <Delay = 0.00>
ST_1 : Operation 29 [2/2] (2.77ns)   --->   "%b_load = load i7 %b_addr" [./source/lab7_z3.cpp:10]   --->   Operation 29 'load' 'b_load' <Predicate = (!icmp_ln8)> <Delay = 2.77> <CoreInst = "RAM">   --->   Core 82 'RAM' <Latency = 1> <II = 1> <Delay = 2.77> <Storage> <Opcode : 'load' 'store'> <Ports = 2> <Width = 64> <Depth = 128> <RAM>
ST_1 : Operation 30 [1/1] (0.00ns)   --->   "%c_addr = getelementptr i64 %c, i64 0, i64 %i_cast" [./source/lab7_z3.cpp:10]   --->   Operation 30 'getelementptr' 'c_addr' <Predicate = (!icmp_ln8)> <Delay = 0.00>
ST_1 : Operation 31 [2/2] (2.77ns)   --->   "%c_load = load i7 %c_addr" [./source/lab7_z3.cpp:10]   --->   Operation 31 'load' 'c_load' <Predicate = (!icmp_ln8)> <Delay = 2.77> <CoreInst = "RAM">   --->   Core 82 'RAM' <Latency = 1> <II = 1> <Delay = 2.77> <Storage> <Opcode : 'load' 'store'> <Ports = 2> <Width = 64> <Depth = 128> <RAM>
ST_1 : Operation 32 [1/1] (1.32ns)   --->   "%store_ln8 = store i8 %add_ln8, i8 %i" [./source/lab7_z3.cpp:8]   --->   Operation 32 'store' 'store_ln8' <Predicate = (!icmp_ln8)> <Delay = 1.32>

State 2 <SV = 1> <Delay = 2.77>
ST_2 : Operation 33 [1/2] (2.77ns)   --->   "%b_load = load i7 %b_addr" [./source/lab7_z3.cpp:10]   --->   Operation 33 'load' 'b_load' <Predicate = true> <Delay = 2.77> <CoreInst = "RAM">   --->   Core 82 'RAM' <Latency = 1> <II = 1> <Delay = 2.77> <Storage> <Opcode : 'load' 'store'> <Ports = 2> <Width = 64> <Depth = 128> <RAM>
ST_2 : Operation 34 [1/2] (2.77ns)   --->   "%c_load = load i7 %c_addr" [./source/lab7_z3.cpp:10]   --->   Operation 34 'load' 'c_load' <Predicate = true> <Delay = 2.77> <CoreInst = "RAM">   --->   Core 82 'RAM' <Latency = 1> <II = 1> <Delay = 2.77> <Storage> <Opcode : 'load' 'store'> <Ports = 2> <Width = 64> <Depth = 128> <RAM>

State 3 <SV = 2> <Delay = 8.56>
ST_3 : Operation 35 [1/1] (0.00ns)   --->   "%bitcast_ln10 = bitcast i64 %b_load" [./source/lab7_z3.cpp:10]   --->   Operation 35 'bitcast' 'bitcast_ln10' <Predicate = true> <Delay = 0.00>
ST_3 : Operation 36 [1/1] (0.00ns)   --->   "%bitcast_ln10_1 = bitcast i64 %c_load" [./source/lab7_z3.cpp:10]   --->   Operation 36 'bitcast' 'bitcast_ln10_1' <Predicate = true> <Delay = 0.00>
ST_3 : Operation 37 [5/5] (8.56ns)   --->   "%temp_mult = dmul i64 %bitcast_ln10, i64 %bitcast_ln10_1" [./source/lab7_z3.cpp:10]   --->   Operation 37 'dmul' 'temp_mult' <Predicate = true> <Delay = 8.56> <CoreInst = "DMul_maxdsp">   --->   Core 49 'DMul_maxdsp' <Latency = 4> <II = 1> <Delay = 8.56> <FuncUnit> <Opcode : 'dmul'> <InPorts = 2> <OutPorts = 1>

State 4 <SV = 3> <Delay = 8.56>
ST_4 : Operation 38 [4/5] (8.56ns)   --->   "%temp_mult = dmul i64 %bitcast_ln10, i64 %bitcast_ln10_1" [./source/lab7_z3.cpp:10]   --->   Operation 38 'dmul' 'temp_mult' <Predicate = true> <Delay = 8.56> <CoreInst = "DMul_maxdsp">   --->   Core 49 'DMul_maxdsp' <Latency = 4> <II = 1> <Delay = 8.56> <FuncUnit> <Opcode : 'dmul'> <InPorts = 2> <OutPorts = 1>

State 5 <SV = 4> <Delay = 8.56>
ST_5 : Operation 39 [3/5] (8.56ns)   --->   "%temp_mult = dmul i64 %bitcast_ln10, i64 %bitcast_ln10_1" [./source/lab7_z3.cpp:10]   --->   Operation 39 'dmul' 'temp_mult' <Predicate = true> <Delay = 8.56> <CoreInst = "DMul_maxdsp">   --->   Core 49 'DMul_maxdsp' <Latency = 4> <II = 1> <Delay = 8.56> <FuncUnit> <Opcode : 'dmul'> <InPorts = 2> <OutPorts = 1>

State 6 <SV = 5> <Delay = 8.56>
ST_6 : Operation 40 [2/5] (8.56ns)   --->   "%temp_mult = dmul i64 %bitcast_ln10, i64 %bitcast_ln10_1" [./source/lab7_z3.cpp:10]   --->   Operation 40 'dmul' 'temp_mult' <Predicate = true> <Delay = 8.56> <CoreInst = "DMul_maxdsp">   --->   Core 49 'DMul_maxdsp' <Latency = 4> <II = 1> <Delay = 8.56> <FuncUnit> <Opcode : 'dmul'> <InPorts = 2> <OutPorts = 1>

State 7 <SV = 6> <Delay = 8.56>
ST_7 : Operation 41 [1/5] (8.56ns)   --->   "%temp_mult = dmul i64 %bitcast_ln10, i64 %bitcast_ln10_1" [./source/lab7_z3.cpp:10]   --->   Operation 41 'dmul' 'temp_mult' <Predicate = true> <Delay = 8.56> <CoreInst = "DMul_maxdsp">   --->   Core 49 'DMul_maxdsp' <Latency = 4> <II = 1> <Delay = 8.56> <FuncUnit> <Opcode : 'dmul'> <InPorts = 2> <OutPorts = 1>
ST_7 : Operation 47 [1/1] (0.00ns)   --->   "%ret_ln13 = ret" [./source/lab7_z3.cpp:13]   --->   Operation 47 'ret' 'ret_ln13' <Predicate = (icmp_ln8)> <Delay = 0.00>

State 8 <SV = 7> <Delay = 2.77>
ST_8 : Operation 42 [1/1] (0.00ns)   --->   "%specloopname_ln8 = specloopname void @_ssdm_op_SpecLoopName, void @empty_2" [./source/lab7_z3.cpp:8]   --->   Operation 42 'specloopname' 'specloopname_ln8' <Predicate = true> <Delay = 0.00>
ST_8 : Operation 43 [1/1] (0.00ns)   --->   "%bitcast_ln11 = bitcast i64 %temp_mult" [./source/lab7_z3.cpp:11]   --->   Operation 43 'bitcast' 'bitcast_ln11' <Predicate = true> <Delay = 0.00>
ST_8 : Operation 44 [1/1] (0.00ns)   --->   "%a_addr = getelementptr i64 %a, i64 0, i64 %i_cast" [./source/lab7_z3.cpp:11]   --->   Operation 44 'getelementptr' 'a_addr' <Predicate = true> <Delay = 0.00>
ST_8 : Operation 45 [1/1] (2.77ns)   --->   "%store_ln11 = store i64 %bitcast_ln11, i7 %a_addr" [./source/lab7_z3.cpp:11]   --->   Operation 45 'store' 'store_ln11' <Predicate = true> <Delay = 2.77> <CoreInst = "RAM">   --->   Core 82 'RAM' <Latency = 1> <II = 1> <Delay = 2.77> <Storage> <Opcode : 'load' 'store'> <Ports = 2> <Width = 64> <Depth = 128> <RAM>
ST_8 : Operation 46 [1/1] (0.00ns)   --->   "%br_ln0 = br void"   --->   Operation 46 'br' 'br_ln0' <Predicate = true> <Delay = 0.00>


============================================================
+ Verbose Summary: Binding
============================================================
STG Binding: 
---------------- STG Properties BEGIN ----------------
- Is combinational: 0
- Is one-state seq: 0
- Is datapath-only: 0
- Is pipelined: 0
- Is top level: 1
Port [ Return ] is wired: 1; IO mode=ap_ctrl_hs:ce=0
Port [ a]:  wired=1; compound=1; hidden=0; nouse=0; global=0; static=0; extern=0; dir=1; type=1; pingpong=0; private_global=0; MemPort=[03]; IO mode=ap_memory:ce=0
Port [ b]:  wired=1; compound=1; hidden=0; nouse=0; global=0; static=0; extern=0; dir=0; type=1; pingpong=0; private_global=0; MemPort=[13]; IO mode=ap_memory:ce=0
Port [ c]:  wired=1; compound=1; hidden=0; nouse=0; global=0; static=0; extern=0; dir=0; type=1; pingpong=0; private_global=0; MemPort=[13]; IO mode=ap_memory:ce=0
---------------- STG Properties END ------------------

---------------- Datapath Model BEGIN ----------------

<LifeTime>
<method=bitvector/>
i                 (alloca           ) [ 010000000]
spectopmodule_ln0 (spectopmodule    ) [ 000000000]
specinterface_ln0 (specinterface    ) [ 000000000]
specbitsmap_ln0   (specbitsmap      ) [ 000000000]
specinterface_ln0 (specinterface    ) [ 000000000]
specbitsmap_ln0   (specbitsmap      ) [ 000000000]
specinterface_ln0 (specinterface    ) [ 000000000]
specbitsmap_ln0   (specbitsmap      ) [ 000000000]
store_ln8         (store            ) [ 000000000]
br_ln8            (br               ) [ 000000000]
i_1               (load             ) [ 000000000]
specpipeline_ln0  (specpipeline     ) [ 000000000]
icmp_ln8          (icmp             ) [ 011111110]
empty             (speclooptripcount) [ 000000000]
add_ln8           (add              ) [ 000000000]
br_ln8            (br               ) [ 000000000]
i_cast            (zext             ) [ 011111111]
b_addr            (getelementptr    ) [ 011000000]
c_addr            (getelementptr    ) [ 011000000]
store_ln8         (store            ) [ 000000000]
b_load            (load             ) [ 010100000]
c_load            (load             ) [ 010100000]
bitcast_ln10      (bitcast          ) [ 010011110]
bitcast_ln10_1    (bitcast          ) [ 010011110]
temp_mult         (dmul             ) [ 010000001]
specloopname_ln8  (specloopname     ) [ 000000000]
bitcast_ln11      (bitcast          ) [ 000000000]
a_addr            (getelementptr    ) [ 000000000]
store_ln11        (store            ) [ 000000000]
br_ln0            (br               ) [ 000000000]
ret_ln13          (ret              ) [ 000000000]
</LifeTime>

<model>

<comp_list>
<comp id="0" class="1000" name="a">
<pin_list>
<pin id="1" dir="1" index="0" bw="1" slack="0"/>
</pin_list>
<bind>
<StgValue><ssdm name="a"/><MemPortTyVec>0 3 </MemPortTyVec>
</StgValue>
</bind>
</comp>

<comp id="2" class="1000" name="b">
<pin_list>
<pin id="3" dir="1" index="0" bw="1" slack="0"/>
</pin_list>
<bind>
<StgValue><ssdm name="b"/><MemPortTyVec>1 3 </MemPortTyVec>
</StgValue>
</bind>
</comp>

<comp id="4" class="1000" name="c">
<pin_list>
<pin id="5" dir="1" index="0" bw="1" slack="0"/>
</pin_list>
<bind>
<StgValue><ssdm name="c"/><MemPortTyVec>1 3 </MemPortTyVec>
</StgValue>
</bind>
</comp>

<comp id="6" class="1001" name="const_6">
<pin_list>
<pin id="7" dir="1" index="0" bw="1" slack="0"/>
</pin_list>
<bind>
<StgValue><ssdm name=""/></StgValue>
</bind>
</comp>

<comp id="8" class="1001" name="const_8">
<pin_list>
<pin id="9" dir="1" index="0" bw="1" slack="2147483647"/>
</pin_list>
<bind>
<StgValue><ssdm name="_ssdm_op_SpecTopModule"/></StgValue>
</bind>
</comp>

<comp id="10" class="1001" name="const_10">
<pin_list>
<pin id="11" dir="1" index="0" bw="1" slack="2147483647"/>
</pin_list>
<bind>
<StgValue><ssdm name="empty_1"/></StgValue>
</bind>
</comp>

<comp id="12" class="1001" name="const_12">
<pin_list>
<pin id="13" dir="1" index="0" bw="1" slack="2147483647"/>
</pin_list>
<bind>
<StgValue><ssdm name="_ssdm_op_SpecInterface"/></StgValue>
</bind>
</comp>

<comp id="14" class="1001" name="const_14">
<pin_list>
<pin id="15" dir="1" index="0" bw="1" slack="2147483647"/>
</pin_list>
<bind>
<StgValue><ssdm name="empty"/></StgValue>
</bind>
</comp>

<comp id="16" class="1001" name="const_16">
<pin_list>
<pin id="17" dir="1" index="0" bw="1" slack="2147483647"/>
</pin_list>
<bind>
<StgValue><ssdm name=""/></StgValue>
</bind>
</comp>

<comp id="18" class="1001" name="const_18">
<pin_list>
<pin id="19" dir="1" index="0" bw="1" slack="2147483647"/>
</pin_list>
<bind>
<StgValue><ssdm name="empty_0"/></StgValue>
</bind>
</comp>

<comp id="20" class="1001" name="const_20">
<pin_list>
<pin id="21" dir="1" index="0" bw="1" slack="2147483647"/>
</pin_list>
<bind>
<StgValue><ssdm name=""/></StgValue>
</bind>
</comp>

<comp id="22" class="1001" name="const_22">
<pin_list>
<pin id="23" dir="1" index="0" bw="1" slack="2147483647"/>
</pin_list>
<bind>
<StgValue><ssdm name="_ssdm_op_SpecBitsMap"/></StgValue>
</bind>
</comp>

<comp id="24" class="1001" name="const_24">
<pin_list>
<pin id="25" dir="1" index="0" bw="1" slack="0"/>
</pin_list>
<bind>
<StgValue><ssdm name=""/></StgValue>
</bind>
</comp>

<comp id="26" class="1001" name="const_26">
<pin_list>
<pin id="27" dir="1" index="0" bw="1" slack="2147483647"/>
</pin_list>
<bind>
<StgValue><ssdm name="_ssdm_op_SpecPipeline"/></StgValue>
</bind>
</comp>

<comp id="28" class="1001" name="const_28">
<pin_list>
<pin id="29" dir="1" index="0" bw="1" slack="2147483647"/>
</pin_list>
<bind>
<StgValue><ssdm name="p_str"/></StgValue>
</bind>
</comp>

<comp id="30" class="1001" name="const_30">
<pin_list>
<pin id="31" dir="1" index="0" bw="1" slack="0"/>
</pin_list>
<bind>
<StgValue><ssdm name=""/></StgValue>
</bind>
</comp>

<comp id="32" class="1001" name="const_32">
<pin_list>
<pin id="33" dir="1" index="0" bw="1" slack="2147483647"/>
</pin_list>
<bind>
<StgValue><ssdm name="_ssdm_op_SpecLoopTripCount"/></StgValue>
</bind>
</comp>

<comp id="34" class="1001" name="const_34">
<pin_list>
<pin id="35" dir="1" index="0" bw="1" slack="2147483647"/>
</pin_list>
<bind>
<StgValue><ssdm name=""/></StgValue>
</bind>
</comp>

<comp id="36" class="1001" name="const_36">
<pin_list>
<pin id="37" dir="1" index="0" bw="1" slack="0"/>
</pin_list>
<bind>
<StgValue><ssdm name=""/></StgValue>
</bind>
</comp>

<comp id="38" class="1001" name="const_38">
<pin_list>
<pin id="39" dir="1" index="0" bw="1" slack="0"/>
</pin_list>
<bind>
<StgValue><ssdm name=""/></StgValue>
</bind>
</comp>

<comp id="40" class="1001" name="const_40">
<pin_list>
<pin id="41" dir="1" index="0" bw="1" slack="2147483647"/>
</pin_list>
<bind>
<StgValue><ssdm name="_ssdm_op_SpecLoopName"/></StgValue>
</bind>
</comp>

<comp id="42" class="1001" name="const_42">
<pin_list>
<pin id="43" dir="1" index="0" bw="1" slack="2147483647"/>
</pin_list>
<bind>
<StgValue><ssdm name="empty_2"/></StgValue>
</bind>
</comp>

<comp id="44" class="1004" name="i_fu_44">
<pin_list>
<pin id="45" dir="0" index="0" bw="1" slack="0"/>
<pin id="46" dir="1" index="1" bw="8" slack="0"/>
</pin_list>
<bind>
<opcode="alloca(26) " fcode="alloca"/>
<opset="i/1 "/>
</bind>
</comp>

<comp id="48" class="1004" name="b_addr_gep_fu_48">
<pin_list>
<pin id="49" dir="0" index="0" bw="64" slack="0"/>
<pin id="50" dir="0" index="1" bw="1" slack="0"/>
<pin id="51" dir="0" index="2" bw="8" slack="0"/>
<pin id="52" dir="1" index="3" bw="7" slack="0"/>
</pin_list>
<bind>
<opcode="getelementptr(29) " fcode="getelementptr"/>
<opset="b_addr/1 "/>
</bind>
</comp>

<comp id="55" class="1004" name="grp_access_fu_55">
<pin_list>
<pin id="56" dir="0" index="0" bw="7" slack="0"/>
<pin id="57" dir="0" index="1" bw="64" slack="2147483647"/>
<pin id="58" dir="0" index="2" bw="0" slack="2147483647"/>
<pin id="59" dir="1" index="3" bw="64" slack="1"/>
</pin_list>
<bind>
<opcode="load(27) " fcode="load"/>
<opset="b_load/1 "/>
</bind>
</comp>

<comp id="61" class="1004" name="c_addr_gep_fu_61">
<pin_list>
<pin id="62" dir="0" index="0" bw="64" slack="0"/>
<pin id="63" dir="0" index="1" bw="1" slack="0"/>
<pin id="64" dir="0" index="2" bw="8" slack="0"/>
<pin id="65" dir="1" index="3" bw="7" slack="0"/>
</pin_list>
<bind>
<opcode="getelementptr(29) " fcode="getelementptr"/>
<opset="c_addr/1 "/>
</bind>
</comp>

<comp id="68" class="1004" name="grp_access_fu_68">
<pin_list>
<pin id="69" dir="0" index="0" bw="7" slack="0"/>
<pin id="70" dir="0" index="1" bw="64" slack="2147483647"/>
<pin id="71" dir="0" index="2" bw="0" slack="2147483647"/>
<pin id="72" dir="1" index="3" bw="64" slack="1"/>
</pin_list>
<bind>
<opcode="load(27) " fcode="load"/>
<opset="c_load/1 "/>
</bind>
</comp>

<comp id="74" class="1004" name="a_addr_gep_fu_74">
<pin_list>
<pin id="75" dir="0" index="0" bw="64" slack="0"/>
<pin id="76" dir="0" index="1" bw="1" slack="0"/>
<pin id="77" dir="0" index="2" bw="8" slack="7"/>
<pin id="78" dir="1" index="3" bw="7" slack="0"/>
</pin_list>
<bind>
<opcode="getelementptr(29) " fcode="getelementptr"/>
<opset="a_addr/8 "/>
</bind>
</comp>

<comp id="81" class="1004" name="store_ln11_access_fu_81">
<pin_list>
<pin id="82" dir="0" index="0" bw="7" slack="0"/>
<pin id="83" dir="0" index="1" bw="64" slack="0"/>
<pin id="84" dir="0" index="2" bw="0" slack="2147483647"/>
<pin id="85" dir="1" index="3" bw="64" slack="2147483647"/>
</pin_list>
<bind>
<opcode="store(28) " fcode="store"/>
<opset="store_ln11/8 "/>
</bind>
</comp>

<comp id="87" class="1004" name="grp_fu_87">
<pin_list>
<pin id="88" dir="0" index="0" bw="64" slack="0"/>
<pin id="89" dir="0" index="1" bw="64" slack="0"/>
<pin id="90" dir="1" index="2" bw="64" slack="1"/>
</pin_list>
<bind>
<opcode="dmul(510) " fcode="dmul"/>
<opset="temp_mult/3 "/>
</bind>
</comp>

<comp id="91" class="1004" name="store_ln8_store_fu_91">
<pin_list>
<pin id="92" dir="0" index="0" bw="1" slack="0"/>
<pin id="93" dir="0" index="1" bw="8" slack="0"/>
<pin id="94" dir="1" index="2" bw="0" slack="2147483647"/>
</pin_list>
<bind>
<opcode="store(28) " fcode="store"/>
<opset="store_ln8/1 "/>
</bind>
</comp>

<comp id="96" class="1004" name="i_1_load_fu_96">
<pin_list>
<pin id="97" dir="0" index="0" bw="8" slack="0"/>
<pin id="98" dir="1" index="1" bw="8" slack="0"/>
</pin_list>
<bind>
<opcode="load(27) " fcode="load"/>
<opset="i_1/1 "/>
</bind>
</comp>

<comp id="99" class="1004" name="icmp_ln8_fu_99">
<pin_list>
<pin id="100" dir="0" index="0" bw="8" slack="0"/>
<pin id="101" dir="0" index="1" bw="8" slack="0"/>
<pin id="102" dir="1" index="2" bw="1" slack="6"/>
</pin_list>
<bind>
<opcode="icmp(45) " fcode="icmp"/>
<opset="icmp_ln8/1 "/>
</bind>
</comp>

<comp id="105" class="1004" name="add_ln8_fu_105">
<pin_list>
<pin id="106" dir="0" index="0" bw="8" slack="0"/>
<pin id="107" dir="0" index="1" bw="1" slack="0"/>
<pin id="108" dir="1" index="2" bw="8" slack="0"/>
</pin_list>
<bind>
<opcode="add(8) " fcode="add"/>
<opset="add_ln8/1 "/>
</bind>
</comp>

<comp id="111" class="1004" name="i_cast_fu_111">
<pin_list>
<pin id="112" dir="0" index="0" bw="8" slack="0"/>
<pin id="113" dir="1" index="1" bw="64" slack="0"/>
</pin_list>
<bind>
<opcode="zext(34) " fcode="zext"/>
<opset="i_cast/1 "/>
</bind>
</comp>

<comp id="117" class="1004" name="store_ln8_store_fu_117">
<pin_list>
<pin id="118" dir="0" index="0" bw="8" slack="0"/>
<pin id="119" dir="0" index="1" bw="8" slack="0"/>
<pin id="120" dir="1" index="2" bw="0" slack="2147483647"/>
</pin_list>
<bind>
<opcode="store(28) " fcode="store"/>
<opset="store_ln8/1 "/>
</bind>
</comp>

<comp id="122" class="1004" name="bitcast_ln10_fu_122">
<pin_list>
<pin id="123" dir="0" index="0" bw="64" slack="1"/>
<pin id="124" dir="1" index="1" bw="64" slack="0"/>
</pin_list>
<bind>
<opcode="bitcast(44) " fcode="bitcast"/>
<opset="bitcast_ln10/3 "/>
</bind>
</comp>

<comp id="126" class="1004" name="bitcast_ln10_1_fu_126">
<pin_list>
<pin id="127" dir="0" index="0" bw="64" slack="1"/>
<pin id="128" dir="1" index="1" bw="64" slack="0"/>
</pin_list>
<bind>
<opcode="bitcast(44) " fcode="bitcast"/>
<opset="bitcast_ln10_1/3 "/>
</bind>
</comp>

<comp id="130" class="1004" name="bitcast_ln11_fu_130">
<pin_list>
<pin id="131" dir="0" index="0" bw="64" slack="1"/>
<pin id="132" dir="1" index="1" bw="64" slack="0"/>
</pin_list>
<bind>
<opcode="bitcast(44) " fcode="bitcast"/>
<opset="bitcast_ln11/8 "/>
</bind>
</comp>

<comp id="134" class="1005" name="i_reg_134">
<pin_list>
<pin id="135" dir="0" index="0" bw="8" slack="0"/>
<pin id="136" dir="1" index="1" bw="8" slack="0"/>
</pin_list>
<bind>
<opset="i "/>
</bind>
</comp>

<comp id="141" class="1005" name="icmp_ln8_reg_141">
<pin_list>
<pin id="142" dir="0" index="0" bw="1" slack="6"/>
<pin id="143" dir="1" index="1" bw="1" slack="2147483647"/>
</pin_list>
<bind>
<opset="icmp_ln8 "/>
</bind>
</comp>

<comp id="145" class="1005" name="i_cast_reg_145">
<pin_list>
<pin id="146" dir="0" index="0" bw="64" slack="7"/>
<pin id="147" dir="1" index="1" bw="64" slack="7"/>
</pin_list>
<bind>
<opset="i_cast "/>
</bind>
</comp>

<comp id="150" class="1005" name="b_addr_reg_150">
<pin_list>
<pin id="151" dir="0" index="0" bw="7" slack="1"/>
<pin id="152" dir="1" index="1" bw="7" slack="1"/>
</pin_list>
<bind>
<opset="b_addr "/>
</bind>
</comp>

<comp id="155" class="1005" name="c_addr_reg_155">
<pin_list>
<pin id="156" dir="0" index="0" bw="7" slack="1"/>
<pin id="157" dir="1" index="1" bw="7" slack="1"/>
</pin_list>
<bind>
<opset="c_addr "/>
</bind>
</comp>

<comp id="160" class="1005" name="b_load_reg_160">
<pin_list>
<pin id="161" dir="0" index="0" bw="64" slack="1"/>
<pin id="162" dir="1" index="1" bw="64" slack="1"/>
</pin_list>
<bind>
<opset="b_load "/>
</bind>
</comp>

<comp id="165" class="1005" name="c_load_reg_165">
<pin_list>
<pin id="166" dir="0" index="0" bw="64" slack="1"/>
<pin id="167" dir="1" index="1" bw="64" slack="1"/>
</pin_list>
<bind>
<opset="c_load "/>
</bind>
</comp>

<comp id="170" class="1005" name="bitcast_ln10_reg_170">
<pin_list>
<pin id="171" dir="0" index="0" bw="64" slack="1"/>
<pin id="172" dir="1" index="1" bw="64" slack="1"/>
</pin_list>
<bind>
<opset="bitcast_ln10 "/>
</bind>
</comp>

<comp id="175" class="1005" name="bitcast_ln10_1_reg_175">
<pin_list>
<pin id="176" dir="0" index="0" bw="64" slack="1"/>
<pin id="177" dir="1" index="1" bw="64" slack="1"/>
</pin_list>
<bind>
<opset="bitcast_ln10_1 "/>
</bind>
</comp>

<comp id="180" class="1005" name="temp_mult_reg_180">
<pin_list>
<pin id="181" dir="0" index="0" bw="64" slack="1"/>
<pin id="182" dir="1" index="1" bw="64" slack="1"/>
</pin_list>
<bind>
<opset="temp_mult "/>
</bind>
</comp>

</comp_list>

<net_list>
<net id="47"><net_src comp="6" pin="0"/><net_sink comp="44" pin=0"/></net>

<net id="53"><net_src comp="2" pin="0"/><net_sink comp="48" pin=0"/></net>

<net id="54"><net_src comp="38" pin="0"/><net_sink comp="48" pin=1"/></net>

<net id="60"><net_src comp="48" pin="3"/><net_sink comp="55" pin=0"/></net>

<net id="66"><net_src comp="4" pin="0"/><net_sink comp="61" pin=0"/></net>

<net id="67"><net_src comp="38" pin="0"/><net_sink comp="61" pin=1"/></net>

<net id="73"><net_src comp="61" pin="3"/><net_sink comp="68" pin=0"/></net>

<net id="79"><net_src comp="0" pin="0"/><net_sink comp="74" pin=0"/></net>

<net id="80"><net_src comp="38" pin="0"/><net_sink comp="74" pin=1"/></net>

<net id="86"><net_src comp="74" pin="3"/><net_sink comp="81" pin=0"/></net>

<net id="95"><net_src comp="24" pin="0"/><net_sink comp="91" pin=0"/></net>

<net id="103"><net_src comp="96" pin="1"/><net_sink comp="99" pin=0"/></net>

<net id="104"><net_src comp="30" pin="0"/><net_sink comp="99" pin=1"/></net>

<net id="109"><net_src comp="96" pin="1"/><net_sink comp="105" pin=0"/></net>

<net id="110"><net_src comp="36" pin="0"/><net_sink comp="105" pin=1"/></net>

<net id="114"><net_src comp="96" pin="1"/><net_sink comp="111" pin=0"/></net>

<net id="115"><net_src comp="111" pin="1"/><net_sink comp="48" pin=2"/></net>

<net id="116"><net_src comp="111" pin="1"/><net_sink comp="61" pin=2"/></net>

<net id="121"><net_src comp="105" pin="2"/><net_sink comp="117" pin=0"/></net>

<net id="125"><net_src comp="122" pin="1"/><net_sink comp="87" pin=0"/></net>

<net id="129"><net_src comp="126" pin="1"/><net_sink comp="87" pin=1"/></net>

<net id="133"><net_src comp="130" pin="1"/><net_sink comp="81" pin=1"/></net>

<net id="137"><net_src comp="44" pin="1"/><net_sink comp="134" pin=0"/></net>

<net id="138"><net_src comp="134" pin="1"/><net_sink comp="91" pin=1"/></net>

<net id="139"><net_src comp="134" pin="1"/><net_sink comp="96" pin=0"/></net>

<net id="140"><net_src comp="134" pin="1"/><net_sink comp="117" pin=1"/></net>

<net id="144"><net_src comp="99" pin="2"/><net_sink comp="141" pin=0"/></net>

<net id="148"><net_src comp="111" pin="1"/><net_sink comp="145" pin=0"/></net>

<net id="149"><net_src comp="145" pin="1"/><net_sink comp="74" pin=2"/></net>

<net id="153"><net_src comp="48" pin="3"/><net_sink comp="150" pin=0"/></net>

<net id="154"><net_src comp="150" pin="1"/><net_sink comp="55" pin=0"/></net>

<net id="158"><net_src comp="61" pin="3"/><net_sink comp="155" pin=0"/></net>

<net id="159"><net_src comp="155" pin="1"/><net_sink comp="68" pin=0"/></net>

<net id="163"><net_src comp="55" pin="3"/><net_sink comp="160" pin=0"/></net>

<net id="164"><net_src comp="160" pin="1"/><net_sink comp="122" pin=0"/></net>

<net id="168"><net_src comp="68" pin="3"/><net_sink comp="165" pin=0"/></net>

<net id="169"><net_src comp="165" pin="1"/><net_sink comp="126" pin=0"/></net>

<net id="173"><net_src comp="122" pin="1"/><net_sink comp="170" pin=0"/></net>

<net id="174"><net_src comp="170" pin="1"/><net_sink comp="87" pin=0"/></net>

<net id="178"><net_src comp="126" pin="1"/><net_sink comp="175" pin=0"/></net>

<net id="179"><net_src comp="175" pin="1"/><net_sink comp="87" pin=1"/></net>

<net id="183"><net_src comp="87" pin="2"/><net_sink comp="180" pin=0"/></net>

<net id="184"><net_src comp="180" pin="1"/><net_sink comp="130" pin=0"/></net>

</net_list>

</model> 
---------------- Datapath Model END ------------------

* FSMD analyzer results:
  - Output states:
	Port: a | {8 }
 - Input state : 
	Port: lab7_z3 : b | {1 2 }
	Port: lab7_z3 : c | {1 2 }
  - Chain level:
	State 1
		store_ln8 : 1
		i_1 : 1
		icmp_ln8 : 2
		add_ln8 : 2
		br_ln8 : 3
		i_cast : 2
		b_addr : 3
		b_load : 4
		c_addr : 3
		c_load : 4
		store_ln8 : 3
	State 2
	State 3
		temp_mult : 1
	State 4
	State 5
	State 6
	State 7
	State 8
		store_ln11 : 1


============================================================
+ Verbose Summary: Datapath Resource usage 
============================================================

* Functional unit list:
|----------|----------------|---------|---------|---------|
| Operation| Functional Unit|   DSP   |    FF   |   LUT   |
|----------|----------------|---------|---------|---------|
|   dmul   |    grp_fu_87   |    11   |   299   |   204   |
|----------|----------------|---------|---------|---------|
|    add   | add_ln8_fu_105 |    0    |    0    |    15   |
|----------|----------------|---------|---------|---------|
|   icmp   | icmp_ln8_fu_99 |    0    |    0    |    11   |
|----------|----------------|---------|---------|---------|
|   zext   |  i_cast_fu_111 |    0    |    0    |    0    |
|----------|----------------|---------|---------|---------|
|   Total  |                |    11   |   299   |   230   |
|----------|----------------|---------|---------|---------|

Memories:
N/A

* Register list:
+----------------------+--------+
|                      |   FF   |
+----------------------+--------+
|    b_addr_reg_150    |    7   |
|    b_load_reg_160    |   64   |
|bitcast_ln10_1_reg_175|   64   |
| bitcast_ln10_reg_170 |   64   |
|    c_addr_reg_155    |    7   |
|    c_load_reg_165    |   64   |
|    i_cast_reg_145    |   64   |
|       i_reg_134      |    8   |
|   icmp_ln8_reg_141   |    1   |
|   temp_mult_reg_180  |   64   |
+----------------------+--------+
|         Total        |   407  |
+----------------------+--------+

* Multiplexer (MUX) list: 
|------------------|------|------|------|--------||---------||---------|
|       Comp       |  Pin | Size |  BW  | S x BW ||  Delay  ||   LUT   |
|------------------|------|------|------|--------||---------||---------|
| grp_access_fu_55 |  p0  |   2  |   7  |   14   ||    9    |
| grp_access_fu_68 |  p0  |   2  |   7  |   14   ||    9    |
|     grp_fu_87    |  p0  |   2  |  64  |   128  ||    9    |
|     grp_fu_87    |  p1  |   2  |  64  |   128  ||    9    |
|------------------|------|------|------|--------||---------||---------|
|       Total      |      |      |      |   284  ||  5.296  ||    36   |
|------------------|------|------|------|--------||---------||---------|



* Summary:
+-----------+--------+--------+--------+--------+
|           |   DSP  |  Delay |   FF   |   LUT  |
+-----------+--------+--------+--------+--------+
|  Function |   11   |    -   |   299  |   230  |
|   Memory  |    -   |    -   |    -   |    -   |
|Multiplexer|    -   |    5   |    -   |   36   |
|  Register |    -   |    -   |   407  |    -   |
+-----------+--------+--------+--------+--------+
|   Total   |   11   |    5   |   706  |   266  |
+-----------+--------+--------+--------+--------+
