==============================================================
Vitis HLS - High-Level Synthesis from C, C++ and OpenCL v2021.2 (64-bit)
Copyright 1986-2021 Xilinx, Inc. All Rights Reserved.
==============================================================
INFO: [SYN 201-201] Setting up clock 'clk' with a period of 14ns.
INFO: [SYN 201-201] Setting up clock 'clk' with an uncertainty of 1ns.
INFO: [HLS 200-1611] Setting target device to 'xc7a200t-sbv484-2'
INFO: [HLS 200-1505] Using flow_target 'vivado'
INFO: [HLS 200-1510] Running: set_part xc7a200t-sbv484-2 
INFO: [HLS 200-1510] Running: create_clock -period 14 -name clk 
INFO: [HLS 200-1510] Running: set_clock_uncertainty 1 
INFO: [HLS 200-1510] Running: set_directive_pipeline -off kp_502_7/Loop 
INFO: [HLS 200-1510] Running: set_directive_top -name kp_502_7 kp_502_7 
INFO: [HLS 200-1510] Running: set_directive_unroll -factor 4 kp_502_7/Loop 
INFO: [HLS 200-1510] Running: csynth_design 
INFO: [HLS 200-111] Finished File checks and directory preparation: CPU user time: 0 seconds. CPU system time: 0 seconds. Elapsed time: 0.017 seconds; current allocated memory: 1.256 GB.
INFO: [HLS 200-10] Analyzing design file './source/kp_502_7.cpp' ... 
INFO: [HLS 200-111] Finished Source Code Analysis and Preprocessing: CPU user time: 1 seconds. CPU system time: 0 seconds. Elapsed time: 25.341 seconds; current allocated memory: 1.256 GB.
INFO: [HLS 200-777] Using interface defaults for 'Vivado' flow target.
INFO: [HLS 214-284] Auto array partition mode is set into default.
INFO: [HLS 214-131] Inlining function 'hls::sqrt(double)' into 'kp_502_7(double*, double*, double*, double*, double*, double*)' (./source/kp_502_7.cpp:26:27)
INFO: [HLS 214-188] Unrolling loop 'Loop' (./source/kp_502_7.cpp:5:10) in function 'kp_502_7' partially with a factor of 4 (./source/kp_502_7.cpp:4:0)
INFO: [HLS 214-270] Starting automatic array partition analysis...
INFO: [HLS 200-111] Finished Compiling Optimization and Transform: CPU user time: 0 seconds. CPU system time: 0 seconds. Elapsed time: 3.612 seconds; current allocated memory: 1.256 GB.
INFO: [HLS 200-111] Finished Checking Pragmas: CPU user time: 0 seconds. CPU system time: 0 seconds. Elapsed time: 0.003 seconds; current allocated memory: 1.256 GB.
INFO: [HLS 200-10] Starting code transformations ...
INFO: [HLS 200-111] Finished Standard Transforms: CPU user time: 0 seconds. CPU system time: 0 seconds. Elapsed time: 0.016 seconds; current allocated memory: 1.256 GB.
INFO: [HLS 200-10] Checking synthesizability ...
INFO: [HLS 200-111] Finished Checking Synthesizability: CPU user time: 0 seconds. CPU system time: 0 seconds. Elapsed time: 0.012 seconds; current allocated memory: 1.256 GB.
INFO: [HLS 200-111] Finished Loop, function and other optimizations: CPU user time: 0 seconds. CPU system time: 0 seconds. Elapsed time: 0.051 seconds; current allocated memory: 1.256 GB.
INFO: [HLS 200-111] Finished Architecture Synthesis: CPU user time: 0 seconds. CPU system time: 0 seconds. Elapsed time: 0.047 seconds; current allocated memory: 1.256 GB.
INFO: [HLS 200-10] Starting hardware synthesis ...
INFO: [HLS 200-10] Synthesizing 'kp_502_7' ...
INFO: [HLS 200-10] ----------------------------------------------------------------
INFO: [HLS 200-42] -- Implementing module 'kp_502_7' 
INFO: [HLS 200-10] ----------------------------------------------------------------
INFO: [SCHED 204-11] Starting scheduling ...
INFO: [SCHED 204-11] Finished scheduling.
INFO: [HLS 200-111] Finished Scheduling: CPU user time: 1 seconds. CPU system time: 0 seconds. Elapsed time: 0.812 seconds; current allocated memory: 1.256 GB.
INFO: [BIND 205-100] Starting micro-architecture generation ...
INFO: [BIND 205-101] Performing variable lifetime analysis.
INFO: [BIND 205-101] Exploring resource sharing.
INFO: [BIND 205-101] Binding ...
INFO: [BIND 205-100] Finished micro-architecture generation.
INFO: [HLS 200-111] Finished Binding: CPU user time: 2 seconds. CPU system time: 0 seconds. Elapsed time: 1.524 seconds; current allocated memory: 1.256 GB.
INFO: [HLS 200-10] ----------------------------------------------------------------
INFO: [HLS 200-10] -- Generating RTL for module 'kp_502_7' 
INFO: [HLS 200-10] ----------------------------------------------------------------
INFO: [RTGEN 206-500] Setting interface mode on port 'kp_502_7/A' to 'ap_memory'.
INFO: [RTGEN 206-500] Setting interface mode on port 'kp_502_7/B' to 'ap_memory'.
INFO: [RTGEN 206-500] Setting interface mode on port 'kp_502_7/C' to 'ap_memory'.
INFO: [RTGEN 206-500] Setting interface mode on port 'kp_502_7/X1' to 'ap_memory'.
INFO: [RTGEN 206-500] Setting interface mode on port 'kp_502_7/X2' to 'ap_memory'.
INFO: [RTGEN 206-500] Setting interface mode on port 'kp_502_7/D' to 'ap_memory'.
INFO: [RTGEN 206-500] Setting interface mode on function 'kp_502_7' to 'ap_ctrl_hs'.
INFO: [RTGEN 206-100] Generating core module 'dcmp_64ns_64ns_1_2_no_dsp_1': 1 instance(s).
INFO: [RTGEN 206-100] Generating core module 'ddiv_64ns_64ns_64_21_no_dsp_1': 2 instance(s).
INFO: [RTGEN 206-100] Generating core module 'dmul_64ns_64ns_64_4_max_dsp_1': 2 instance(s).
INFO: [RTGEN 206-100] Generating core module 'dsqrt_64ns_64ns_64_17_no_dsp_1': 1 instance(s).
INFO: [RTGEN 206-100] Generating core module 'dsub_64ns_64ns_64_4_full_dsp_1': 2 instance(s).
INFO: [RTGEN 206-100] Finished creating RTL model for 'kp_502_7'.
INFO: [HLS 200-111] Finished Creating RTL model: CPU user time: 0 seconds. CPU system time: 0 seconds. Elapsed time: 0.889 seconds; current allocated memory: 1.256 GB.
INFO: [HLS 200-111] Finished Generating all RTL models: CPU user time: 2 seconds. CPU system time: 1 seconds. Elapsed time: 1.46 seconds; current allocated memory: 1.256 GB.
INFO: [HLS 200-111] Finished Updating report files: CPU user time: 0 seconds. CPU system time: 0 seconds. Elapsed time: 0.682 seconds; current allocated memory: 1.256 GB.
INFO: [VHDL 208-304] Generating VHDL RTL for kp_502_7.
INFO: [VLOG 209-307] Generating Verilog RTL for kp_502_7.
INFO: [HLS 200-790] **** Loop Constraint Status: All loop constraints were satisfied.
INFO: [HLS 200-789] **** Estimated Fmax: 78.33 MHz
INFO: [HLS 200-111] Finished Command csynth_design CPU user time: 6 seconds. CPU system time: 1 seconds. Elapsed time: 34.482 seconds; current allocated memory: 0.000 MB.
INFO: [HLS 200-112] Total CPU user time: 9 seconds. Total CPU system time: 2 seconds. Total elapsed time: 36.762 seconds; peak allocated memory: 1.256 GB.
==============================================================
Vitis HLS - High-Level Synthesis from C, C++ and OpenCL v2021.2 (64-bit)
Copyright 1986-2021 Xilinx, Inc. All Rights Reserved.
==============================================================
INFO: [SYN 201-201] Setting up clock 'clk' with a period of 14ns.
INFO: [SYN 201-201] Setting up clock 'clk' with an uncertainty of 1ns.
INFO: [HLS 200-1611] Setting target device to 'xc7a200t-sbv484-2'
INFO: [HLS 200-1505] Using flow_target 'vivado'
INFO: [HLS 200-1510] Running: set_part xc7a200t-sbv484-2 
INFO: [HLS 200-1510] Running: create_clock -period 14 -name clk 
INFO: [HLS 200-1510] Running: set_clock_uncertainty 1 
INFO: [HLS 200-1510] Running: set_directive_pipeline kp_502_7/Loop 
INFO: [HLS 200-1510] Running: set_directive_top -name kp_502_7 kp_502_7 
INFO: [HLS 200-1510] Running: set_directive_unroll -factor 4 kp_502_7/Loop 
INFO: [HLS 200-1510] Running: csynth_design 
INFO: [HLS 200-111] Finished File checks and directory preparation: CPU user time: 0 seconds. CPU system time: 0 seconds. Elapsed time: 0.017 seconds; current allocated memory: 1.256 GB.
INFO: [HLS 200-10] Analyzing design file './source/kp_502_7.cpp' ... 
INFO: [HLS 200-111] Finished Source Code Analysis and Preprocessing: CPU user time: 1 seconds. CPU system time: 0 seconds. Elapsed time: 25.39 seconds; current allocated memory: 1.256 GB.
INFO: [HLS 200-777] Using interface defaults for 'Vivado' flow target.
INFO: [HLS 214-284] Auto array partition mode is set into default.
INFO: [HLS 214-131] Inlining function 'hls::sqrt(double)' into 'kp_502_7(double*, double*, double*, double*, double*, double*)' (./source/kp_502_7.cpp:26:27)
INFO: [HLS 214-188] Unrolling loop 'Loop' (./source/kp_502_7.cpp:5:10) in function 'kp_502_7' partially with a factor of 4 (./source/kp_502_7.cpp:4:0)
INFO: [HLS 214-270] Starting automatic array partition analysis...
INFO: [HLS 200-111] Finished Compiling Optimization and Transform: CPU user time: 0 seconds. CPU system time: 0 seconds. Elapsed time: 3.622 seconds; current allocated memory: 1.256 GB.
INFO: [HLS 200-111] Finished Checking Pragmas: CPU user time: 0 seconds. CPU system time: 0 seconds. Elapsed time: 0.003 seconds; current allocated memory: 1.256 GB.
INFO: [HLS 200-10] Starting code transformations ...
INFO: [HLS 200-111] Finished Standard Transforms: CPU user time: 0 seconds. CPU system time: 0 seconds. Elapsed time: 0.015 seconds; current allocated memory: 1.256 GB.
INFO: [HLS 200-10] Checking synthesizability ...
INFO: [HLS 200-111] Finished Checking Synthesizability: CPU user time: 0 seconds. CPU system time: 0 seconds. Elapsed time: 0.011 seconds; current allocated memory: 1.256 GB.
INFO: [HLS 200-111] Finished Loop, function and other optimizations: CPU user time: 0 seconds. CPU system time: 0 seconds. Elapsed time: 0.052 seconds; current allocated memory: 1.256 GB.
INFO: [HLS 200-111] Finished Architecture Synthesis: CPU user time: 0 seconds. CPU system time: 0 seconds. Elapsed time: 0.047 seconds; current allocated memory: 1.256 GB.
INFO: [HLS 200-10] Starting hardware synthesis ...
INFO: [HLS 200-10] Synthesizing 'kp_502_7' ...
INFO: [HLS 200-10] ----------------------------------------------------------------
INFO: [HLS 200-42] -- Implementing module 'kp_502_7' 
INFO: [HLS 200-10] ----------------------------------------------------------------
INFO: [SCHED 204-11] Starting scheduling ...
INFO: [SCHED 204-61] Pipelining loop 'Loop'.
WARNING: [HLS 200-885] The II Violation in module 'kp_502_7' (loop 'Loop'): Unable to schedule 'load' operation ('A_load_1', ./source/kp_502_7.cpp:7) on array 'A' due to limited memory ports (II = 1). Please consider using a memory core with more ports or partitioning the array 'A'.
INFO: [HLS 200-1470] Pipelining result : Target II = NA, Final II = 2, Depth = 60, loop 'Loop'
INFO: [SCHED 204-11] Finished scheduling.
INFO: [HLS 200-111] Finished Scheduling: CPU user time: 1 seconds. CPU system time: 0 seconds. Elapsed time: 0.556 seconds; current allocated memory: 1.256 GB.
INFO: [BIND 205-100] Starting micro-architecture generation ...
INFO: [BIND 205-101] Performing variable lifetime analysis.
INFO: [BIND 205-101] Exploring resource sharing.
INFO: [BIND 205-101] Binding ...
INFO: [BIND 205-100] Finished micro-architecture generation.
INFO: [HLS 200-111] Finished Binding: CPU user time: 1 seconds. CPU system time: 0 seconds. Elapsed time: 0.715 seconds; current allocated memory: 1.256 GB.
INFO: [HLS 200-10] ----------------------------------------------------------------
INFO: [HLS 200-10] -- Generating RTL for module 'kp_502_7' 
INFO: [HLS 200-10] ----------------------------------------------------------------
INFO: [RTGEN 206-500] Setting interface mode on port 'kp_502_7/A' to 'ap_memory'.
INFO: [RTGEN 206-500] Setting interface mode on port 'kp_502_7/B' to 'ap_memory'.
INFO: [RTGEN 206-500] Setting interface mode on port 'kp_502_7/C' to 'ap_memory'.
INFO: [RTGEN 206-500] Setting interface mode on port 'kp_502_7/X1' to 'ap_memory'.
INFO: [RTGEN 206-500] Setting interface mode on port 'kp_502_7/X2' to 'ap_memory'.
INFO: [RTGEN 206-500] Setting interface mode on port 'kp_502_7/D' to 'ap_memory'.
INFO: [RTGEN 206-500] Setting interface mode on function 'kp_502_7' to 'ap_ctrl_hs'.
INFO: [HLS 200-1030] Apply Unified Pipeline Control on module 'kp_502_7' pipeline 'Loop' pipeline type 'loop pipeline'
INFO: [RTGEN 206-104] Estimated max fanout for 'kp_502_7' is 9117 from HDL expression: ((1'b1 == ap_CS_fsm_pp0_stage0) & (1'b0 == ap_block_pp0_stage0_11001))
INFO: [RTGEN 206-100] Generating core module 'dcmp_64ns_64ns_1_2_no_dsp_1': 4 instance(s).
INFO: [RTGEN 206-100] Generating core module 'ddiv_64ns_64ns_64_21_no_dsp_1': 6 instance(s).
INFO: [RTGEN 206-100] Generating core module 'dmul_64ns_64ns_64_4_max_dsp_1': 8 instance(s).
INFO: [RTGEN 206-100] Generating core module 'dsqrt_64ns_64ns_64_17_no_dsp_1': 2 instance(s).
INFO: [RTGEN 206-100] Generating core module 'dsub_64ns_64ns_64_4_full_dsp_1': 6 instance(s).
INFO: [RTGEN 206-100] Finished creating RTL model for 'kp_502_7'.
INFO: [HLS 200-111] Finished Creating RTL model: CPU user time: 0 seconds. CPU system time: 0 seconds. Elapsed time: 0.808 seconds; current allocated memory: 1.256 GB.
INFO: [HLS 200-111] Finished Generating all RTL models: CPU user time: 2 seconds. CPU system time: 1 seconds. Elapsed time: 2.087 seconds; current allocated memory: 1.256 GB.
INFO: [HLS 200-111] Finished Updating report files: CPU user time: 1 seconds. CPU system time: 0 seconds. Elapsed time: 0.891 seconds; current allocated memory: 1.256 GB.
INFO: [VHDL 208-304] Generating VHDL RTL for kp_502_7.
INFO: [VLOG 209-307] Generating Verilog RTL for kp_502_7.
INFO: [HLS 200-790] **** Loop Constraint Status: All loop constraints were NOT satisfied.
INFO: [HLS 200-789] **** Estimated Fmax: 78.33 MHz
INFO: [HLS 200-111] Finished Command csynth_design CPU user time: 6 seconds. CPU system time: 1 seconds. Elapsed time: 34.231 seconds; current allocated memory: 0.000 MB.
INFO: [HLS 200-112] Total CPU user time: 9 seconds. Total CPU system time: 2 seconds. Total elapsed time: 36.861 seconds; peak allocated memory: 1.256 GB.
==============================================================
Vitis HLS - High-Level Synthesis from C, C++ and OpenCL v2021.2 (64-bit)
Copyright 1986-2021 Xilinx, Inc. All Rights Reserved.
==============================================================
INFO: [SYN 201-201] Setting up clock 'clk' with a period of 14ns.
INFO: [SYN 201-201] Setting up clock 'clk' with an uncertainty of 1ns.
INFO: [HLS 200-1611] Setting target device to 'xc7a200t-sbv484-2'
INFO: [HLS 200-1505] Using flow_target 'vivado'
INFO: [HLS 200-1510] Running: set_part xc7a200t-sbv484-2 
INFO: [HLS 200-1510] Running: create_clock -period 14 -name clk 
INFO: [HLS 200-1510] Running: set_clock_uncertainty 1 
INFO: [HLS 200-1510] Running: set_directive_pipeline kp_502_7/Loop 
INFO: [HLS 200-1510] Running: set_directive_top -name kp_502_7 kp_502_7 
INFO: [HLS 200-1510] Running: csynth_design 
INFO: [HLS 200-111] Finished File checks and directory preparation: CPU user time: 0 seconds. CPU system time: 0 seconds. Elapsed time: 0.021 seconds; current allocated memory: 1.260 GB.
INFO: [HLS 200-10] Analyzing design file './source/kp_502_7.cpp' ... 
INFO: [HLS 200-111] Finished Source Code Analysis and Preprocessing: CPU user time: 1 seconds. CPU system time: 1 seconds. Elapsed time: 24.873 seconds; current allocated memory: 1.260 GB.
INFO: [HLS 200-777] Using interface defaults for 'Vivado' flow target.
INFO: [HLS 214-284] Auto array partition mode is set into default.
INFO: [HLS 214-131] Inlining function 'hls::sqrt(double)' into 'kp_502_7(double*, double*, double*, double*, double*, double*)' (./source/kp_502_7.cpp:26:27)
INFO: [HLS 214-270] Starting automatic array partition analysis...
INFO: [HLS 200-111] Finished Compiling Optimization and Transform: CPU user time: 0 seconds. CPU system time: 0 seconds. Elapsed time: 3.462 seconds; current allocated memory: 1.260 GB.
INFO: [HLS 200-111] Finished Checking Pragmas: CPU user time: 0 seconds. CPU system time: 0 seconds. Elapsed time: 0.002 seconds; current allocated memory: 1.260 GB.
INFO: [HLS 200-10] Starting code transformations ...
INFO: [HLS 200-111] Finished Standard Transforms: CPU user time: 0 seconds. CPU system time: 0 seconds. Elapsed time: 0.013 seconds; current allocated memory: 1.260 GB.
INFO: [HLS 200-10] Checking synthesizability ...
INFO: [HLS 200-111] Finished Checking Synthesizability: CPU user time: 0 seconds. CPU system time: 0 seconds. Elapsed time: 0.008 seconds; current allocated memory: 1.260 GB.
INFO: [HLS 200-111] Finished Loop, function and other optimizations: CPU user time: 0 seconds. CPU system time: 0 seconds. Elapsed time: 0.034 seconds; current allocated memory: 1.260 GB.
INFO: [HLS 200-111] Finished Architecture Synthesis: CPU user time: 0 seconds. CPU system time: 0 seconds. Elapsed time: 0.025 seconds; current allocated memory: 1.260 GB.
INFO: [HLS 200-10] Starting hardware synthesis ...
INFO: [HLS 200-10] Synthesizing 'kp_502_7' ...
INFO: [HLS 200-10] ----------------------------------------------------------------
INFO: [HLS 200-42] -- Implementing module 'kp_502_7' 
INFO: [HLS 200-10] ----------------------------------------------------------------
INFO: [SCHED 204-11] Starting scheduling ...
INFO: [SCHED 204-61] Pipelining loop 'Loop'.
INFO: [HLS 200-1470] Pipelining result : Target II = NA, Final II = 1, Depth = 59, loop 'Loop'
INFO: [SCHED 204-11] Finished scheduling.
INFO: [HLS 200-111] Finished Scheduling: CPU user time: 0 seconds. CPU system time: 0 seconds. Elapsed time: 0.242 seconds; current allocated memory: 1.260 GB.
INFO: [BIND 205-100] Starting micro-architecture generation ...
INFO: [BIND 205-101] Performing variable lifetime analysis.
INFO: [BIND 205-101] Exploring resource sharing.
INFO: [BIND 205-101] Binding ...
INFO: [BIND 205-100] Finished micro-architecture generation.
INFO: [HLS 200-111] Finished Binding: CPU user time: 0 seconds. CPU system time: 0 seconds. Elapsed time: 0.327 seconds; current allocated memory: 1.260 GB.
INFO: [HLS 200-10] ----------------------------------------------------------------
INFO: [HLS 200-10] -- Generating RTL for module 'kp_502_7' 
INFO: [HLS 200-10] ----------------------------------------------------------------
INFO: [RTGEN 206-500] Setting interface mode on port 'kp_502_7/A' to 'ap_memory'.
INFO: [RTGEN 206-500] Setting interface mode on port 'kp_502_7/B' to 'ap_memory'.
INFO: [RTGEN 206-500] Setting interface mode on port 'kp_502_7/C' to 'ap_memory'.
INFO: [RTGEN 206-500] Setting interface mode on port 'kp_502_7/X1' to 'ap_memory'.
INFO: [RTGEN 206-500] Setting interface mode on port 'kp_502_7/X2' to 'ap_memory'.
INFO: [RTGEN 206-500] Setting interface mode on port 'kp_502_7/D' to 'ap_memory'.
INFO: [RTGEN 206-500] Setting interface mode on function 'kp_502_7' to 'ap_ctrl_hs'.
INFO: [HLS 200-1030] Apply Unified Pipeline Control on module 'kp_502_7' pipeline 'Loop' pipeline type 'loop pipeline'
INFO: [RTGEN 206-104] Estimated max fanout for 'kp_502_7' is 8213 from HDL expression: (1'b0 == ap_block_pp0_stage0_11001)
INFO: [RTGEN 206-100] Generating core module 'dcmp_64ns_64ns_1_2_no_dsp_1': 2 instance(s).
INFO: [RTGEN 206-100] Generating core module 'ddiv_64ns_64ns_64_21_no_dsp_1': 3 instance(s).
INFO: [RTGEN 206-100] Generating core module 'dmul_64ns_64ns_64_4_max_dsp_1': 4 instance(s).
INFO: [RTGEN 206-100] Generating core module 'dsqrt_64ns_64ns_64_17_no_dsp_1': 1 instance(s).
INFO: [RTGEN 206-100] Generating core module 'dsub_64ns_64ns_64_4_full_dsp_1': 3 instance(s).
INFO: [RTGEN 206-100] Finished creating RTL model for 'kp_502_7'.
INFO: [HLS 200-111] Finished Creating RTL model: CPU user time: 1 seconds. CPU system time: 0 seconds. Elapsed time: 0.296 seconds; current allocated memory: 1.260 GB.
INFO: [HLS 200-111] Finished Generating all RTL models: CPU user time: 0 seconds. CPU system time: 0 seconds. Elapsed time: 0.885 seconds; current allocated memory: 1.260 GB.
INFO: [HLS 200-111] Finished Updating report files: CPU user time: 1 seconds. CPU system time: 0 seconds. Elapsed time: 0.731 seconds; current allocated memory: 1.260 GB.
INFO: [VHDL 208-304] Generating VHDL RTL for kp_502_7.
INFO: [VLOG 209-307] Generating Verilog RTL for kp_502_7.
INFO: [HLS 200-790] **** Loop Constraint Status: All loop constraints were satisfied.
INFO: [HLS 200-789] **** Estimated Fmax: 78.33 MHz
INFO: [HLS 200-111] Finished Command csynth_design CPU user time: 3 seconds. CPU system time: 1 seconds. Elapsed time: 30.936 seconds; current allocated memory: 0.000 MB.
INFO: [HLS 200-112] Total CPU user time: 6 seconds. Total CPU system time: 2 seconds. Total elapsed time: 33.83 seconds; peak allocated memory: 1.260 GB.
==============================================================
Vitis HLS - High-Level Synthesis from C, C++ and OpenCL v2021.2 (64-bit)
Copyright 1986-2021 Xilinx, Inc. All Rights Reserved.
==============================================================
INFO: [SYN 201-201] Setting up clock 'clk' with a period of 14ns.
INFO: [SYN 201-201] Setting up clock 'clk' with an uncertainty of 1ns.
INFO: [HLS 200-1611] Setting target device to 'xc7a200t-sbv484-2'
INFO: [HLS 200-1505] Using flow_target 'vivado'
INFO: [HLS 200-1510] Running: set_part xc7a200t-sbv484-2 
INFO: [HLS 200-1510] Running: create_clock -period 14 -name clk 
INFO: [HLS 200-1510] Running: set_clock_uncertainty 1 
INFO: [HLS 200-1510] Running: set_directive_pipeline kp_502_7/Loop 
INFO: [HLS 200-1510] Running: set_directive_top -name kp_502_7 kp_502_7 
INFO: [HLS 200-1510] Running: set_directive_interface -mode ap_memory -storage_type rom_1p kp_502_7 X2 
INFO: [HLS 200-1510] Running: set_directive_interface -mode ap_memory -storage_type rom_1p kp_502_7 A 
INFO: [HLS 200-1510] Running: set_directive_interface -mode ap_memory -storage_type rom_1p kp_502_7 B 
INFO: [HLS 200-1510] Running: set_directive_interface -mode ap_memory -storage_type rom_1p kp_502_7 C 
INFO: [HLS 200-1510] Running: set_directive_interface -mode ap_memory -storage_type rom_1p kp_502_7 X1 
INFO: [HLS 200-1510] Running: set_directive_interface -mode ap_memory -storage_type rom_1p kp_502_7 D 
INFO: [HLS 200-1510] Running: csynth_design 
INFO: [HLS 200-111] Finished File checks and directory preparation: CPU user time: 0 seconds. CPU system time: 0 seconds. Elapsed time: 0.016 seconds; current allocated memory: 1.255 GB.
INFO: [HLS 200-10] Analyzing design file './source/kp_502_7.cpp' ... 
INFO: [HLS 200-111] Finished Source Code Analysis and Preprocessing: CPU user time: 1 seconds. CPU system time: 0 seconds. Elapsed time: 24.819 seconds; current allocated memory: 1.255 GB.
INFO: [HLS 200-777] Using interface defaults for 'Vivado' flow target.
INFO: [HLS 214-284] Auto array partition mode is set into default.
INFO: [HLS 214-131] Inlining function 'hls::sqrt(double)' into 'kp_502_7(double*, double*, double*, double*, double*, double*)' (./source/kp_502_7.cpp:26:27)
INFO: [HLS 214-270] Starting automatic array partition analysis...
INFO: [HLS 200-111] Finished Compiling Optimization and Transform: CPU user time: 0 seconds. CPU system time: 0 seconds. Elapsed time: 3.438 seconds; current allocated memory: 1.255 GB.
INFO: [HLS 200-111] Finished Checking Pragmas: CPU user time: 0 seconds. CPU system time: 0 seconds. Elapsed time: 0.002 seconds; current allocated memory: 1.255 GB.
INFO: [HLS 200-10] Starting code transformations ...
INFO: [HLS 200-111] Finished Standard Transforms: CPU user time: 0 seconds. CPU system time: 0 seconds. Elapsed time: 0.013 seconds; current allocated memory: 1.255 GB.
INFO: [HLS 200-10] Checking synthesizability ...
INFO: [HLS 200-111] Finished Checking Synthesizability: CPU user time: 0 seconds. CPU system time: 0 seconds. Elapsed time: 0.008 seconds; current allocated memory: 1.255 GB.
INFO: [HLS 200-111] Finished Loop, function and other optimizations: CPU user time: 0 seconds. CPU system time: 0 seconds. Elapsed time: 0.036 seconds; current allocated memory: 1.255 GB.
INFO: [HLS 200-111] Finished Architecture Synthesis: CPU user time: 0 seconds. CPU system time: 0 seconds. Elapsed time: 0.025 seconds; current allocated memory: 1.255 GB.
INFO: [HLS 200-10] Starting hardware synthesis ...
INFO: [HLS 200-10] Synthesizing 'kp_502_7' ...
INFO: [HLS 200-10] ----------------------------------------------------------------
INFO: [HLS 200-42] -- Implementing module 'kp_502_7' 
INFO: [HLS 200-10] ----------------------------------------------------------------
INFO: [SCHED 204-11] Starting scheduling ...
ERROR: [SCHED 204-43] Cannot find a legal memory core for 'store' operation on array 'X2'.
INFO: [HLS 200-111] Finished Scheduling: CPU user time: 0 seconds. CPU system time: 0 seconds. Elapsed time: 0.079 seconds; current allocated memory: 1.255 GB.
INFO: [HLS 200-111] Finished Command csynth_design CPU user time: 1 seconds. CPU system time: 0 seconds. Elapsed time: 28.444 seconds; current allocated memory: 0.000 MB.
INFO: [HLS 200-112] Total CPU user time: 4 seconds. Total CPU system time: 1 seconds. Total elapsed time: 30.704 seconds; peak allocated memory: 1.255 GB.
==============================================================
Vitis HLS - High-Level Synthesis from C, C++ and OpenCL v2021.2 (64-bit)
Copyright 1986-2021 Xilinx, Inc. All Rights Reserved.
==============================================================
INFO: [SYN 201-201] Setting up clock 'clk' with a period of 14ns.
INFO: [SYN 201-201] Setting up clock 'clk' with an uncertainty of 1ns.
INFO: [HLS 200-1611] Setting target device to 'xc7a200t-sbv484-2'
INFO: [HLS 200-1505] Using flow_target 'vivado'
INFO: [HLS 200-1510] Running: set_part xc7a200t-sbv484-2 
INFO: [HLS 200-1510] Running: create_clock -period 14 -name clk 
INFO: [HLS 200-1510] Running: set_clock_uncertainty 1 
INFO: [HLS 200-1510] Running: set_directive_pipeline kp_502_7/Loop 
INFO: [HLS 200-1510] Running: set_directive_top -name kp_502_7 kp_502_7 
INFO: [HLS 200-1510] Running: set_directive_interface -mode ap_memory -storage_type ram_2p kp_502_7 D 
INFO: [HLS 200-1510] Running: set_directive_interface -mode ap_memory -storage_type ram_2p kp_502_7 C 
INFO: [HLS 200-1510] Running: set_directive_interface -mode ap_memory -storage_type ram_2p kp_502_7 X2 
INFO: [HLS 200-1510] Running: set_directive_interface -mode ap_memory -storage_type ram_2p kp_502_7 A 
INFO: [HLS 200-1510] Running: set_directive_interface -mode ap_memory -storage_type ram_2p kp_502_7 B 
INFO: [HLS 200-1510] Running: set_directive_interface -mode ap_memory -storage_type ram_2p kp_502_7 X1 
INFO: [HLS 200-1510] Running: csynth_design 
INFO: [HLS 200-111] Finished File checks and directory preparation: CPU user time: 0 seconds. CPU system time: 0 seconds. Elapsed time: 0.019 seconds; current allocated memory: 1.256 GB.
INFO: [HLS 200-10] Analyzing design file './source/kp_502_7.cpp' ... 
INFO: [HLS 200-111] Finished Source Code Analysis and Preprocessing: CPU user time: 1 seconds. CPU system time: 0 seconds. Elapsed time: 26.263 seconds; current allocated memory: 1.256 GB.
INFO: [HLS 200-777] Using interface defaults for 'Vivado' flow target.
INFO: [HLS 214-284] Auto array partition mode is set into default.
INFO: [HLS 214-131] Inlining function 'hls::sqrt(double)' into 'kp_502_7(double*, double*, double*, double*, double*, double*)' (./source/kp_502_7.cpp:26:27)
INFO: [HLS 214-270] Starting automatic array partition analysis...
INFO: [HLS 200-111] Finished Compiling Optimization and Transform: CPU user time: 0 seconds. CPU system time: 0 seconds. Elapsed time: 3.666 seconds; current allocated memory: 1.256 GB.
INFO: [HLS 200-111] Finished Checking Pragmas: CPU user time: 0 seconds. CPU system time: 0 seconds. Elapsed time: 0.002 seconds; current allocated memory: 1.256 GB.
INFO: [HLS 200-10] Starting code transformations ...
INFO: [HLS 200-111] Finished Standard Transforms: CPU user time: 0 seconds. CPU system time: 0 seconds. Elapsed time: 0.014 seconds; current allocated memory: 1.256 GB.
INFO: [HLS 200-10] Checking synthesizability ...
INFO: [HLS 200-111] Finished Checking Synthesizability: CPU user time: 0 seconds. CPU system time: 0 seconds. Elapsed time: 0.009 seconds; current allocated memory: 1.256 GB.
INFO: [HLS 200-111] Finished Loop, function and other optimizations: CPU user time: 0 seconds. CPU system time: 0 seconds. Elapsed time: 0.036 seconds; current allocated memory: 1.256 GB.
INFO: [HLS 200-111] Finished Architecture Synthesis: CPU user time: 0 seconds. CPU system time: 1 seconds. Elapsed time: 0.025 seconds; current allocated memory: 1.256 GB.
INFO: [HLS 200-10] Starting hardware synthesis ...
INFO: [HLS 200-10] Synthesizing 'kp_502_7' ...
INFO: [HLS 200-10] ----------------------------------------------------------------
INFO: [HLS 200-42] -- Implementing module 'kp_502_7' 
INFO: [HLS 200-10] ----------------------------------------------------------------
INFO: [SCHED 204-11] Starting scheduling ...
INFO: [SCHED 204-61] Pipelining loop 'Loop'.
INFO: [HLS 200-1470] Pipelining result : Target II = NA, Final II = 1, Depth = 59, loop 'Loop'
INFO: [SCHED 204-11] Finished scheduling.
INFO: [HLS 200-111] Finished Scheduling: CPU user time: 0 seconds. CPU system time: 0 seconds. Elapsed time: 0.257 seconds; current allocated memory: 1.256 GB.
INFO: [BIND 205-100] Starting micro-architecture generation ...
INFO: [BIND 205-101] Performing variable lifetime analysis.
INFO: [BIND 205-101] Exploring resource sharing.
INFO: [BIND 205-101] Binding ...
INFO: [BIND 205-100] Finished micro-architecture generation.
INFO: [HLS 200-111] Finished Binding: CPU user time: 1 seconds. CPU system time: 0 seconds. Elapsed time: 0.311 seconds; current allocated memory: 1.256 GB.
INFO: [HLS 200-10] ----------------------------------------------------------------
INFO: [HLS 200-10] -- Generating RTL for module 'kp_502_7' 
INFO: [HLS 200-10] ----------------------------------------------------------------
INFO: [RTGEN 206-500] Setting interface mode on port 'kp_502_7/A' to 'ap_memory'.
INFO: [RTGEN 206-500] Setting interface mode on port 'kp_502_7/B' to 'ap_memory'.
INFO: [RTGEN 206-500] Setting interface mode on port 'kp_502_7/C' to 'ap_memory'.
INFO: [RTGEN 206-500] Setting interface mode on port 'kp_502_7/X1' to 'ap_memory'.
INFO: [RTGEN 206-500] Setting interface mode on port 'kp_502_7/X2' to 'ap_memory'.
INFO: [RTGEN 206-500] Setting interface mode on port 'kp_502_7/D' to 'ap_memory'.
INFO: [RTGEN 206-500] Setting interface mode on function 'kp_502_7' to 'ap_ctrl_hs'.
INFO: [HLS 200-1030] Apply Unified Pipeline Control on module 'kp_502_7' pipeline 'Loop' pipeline type 'loop pipeline'
INFO: [RTGEN 206-104] Estimated max fanout for 'kp_502_7' is 8213 from HDL expression: (1'b0 == ap_block_pp0_stage0_11001)
INFO: [RTGEN 206-100] Generating core module 'dcmp_64ns_64ns_1_2_no_dsp_1': 2 instance(s).
INFO: [RTGEN 206-100] Generating core module 'ddiv_64ns_64ns_64_21_no_dsp_1': 3 instance(s).
INFO: [RTGEN 206-100] Generating core module 'dmul_64ns_64ns_64_4_max_dsp_1': 4 instance(s).
INFO: [RTGEN 206-100] Generating core module 'dsqrt_64ns_64ns_64_17_no_dsp_1': 1 instance(s).
INFO: [RTGEN 206-100] Generating core module 'dsub_64ns_64ns_64_4_full_dsp_1': 3 instance(s).
INFO: [RTGEN 206-100] Finished creating RTL model for 'kp_502_7'.
INFO: [HLS 200-111] Finished Creating RTL model: CPU user time: 0 seconds. CPU system time: 0 seconds. Elapsed time: 0.296 seconds; current allocated memory: 1.256 GB.
INFO: [HLS 200-111] Finished Generating all RTL models: CPU user time: 1 seconds. CPU system time: 0 seconds. Elapsed time: 0.87 seconds; current allocated memory: 1.256 GB.
INFO: [HLS 200-111] Finished Updating report files: CPU user time: 0 seconds. CPU system time: 0 seconds. Elapsed time: 0.685 seconds; current allocated memory: 1.256 GB.
INFO: [VHDL 208-304] Generating VHDL RTL for kp_502_7.
INFO: [VLOG 209-307] Generating Verilog RTL for kp_502_7.
INFO: [HLS 200-790] **** Loop Constraint Status: All loop constraints were satisfied.
INFO: [HLS 200-789] **** Estimated Fmax: 78.33 MHz
INFO: [HLS 200-111] Finished Command csynth_design CPU user time: 3 seconds. CPU system time: 1 seconds. Elapsed time: 32.471 seconds; current allocated memory: 0.000 MB.
INFO: [HLS 200-112] Total CPU user time: 6 seconds. Total CPU system time: 2 seconds. Total elapsed time: 35.018 seconds; peak allocated memory: 1.256 GB.
==============================================================
Vitis HLS - High-Level Synthesis from C, C++ and OpenCL v2021.2 (64-bit)
Copyright 1986-2021 Xilinx, Inc. All Rights Reserved.
==============================================================
INFO: [SYN 201-201] Setting up clock 'clk' with a period of 14ns.
INFO: [SYN 201-201] Setting up clock 'clk' with an uncertainty of 1ns.
INFO: [HLS 200-1611] Setting target device to 'xc7a200t-sbv484-2'
INFO: [HLS 200-1505] Using flow_target 'vivado'
INFO: [HLS 200-1510] Running: set_part xc7a200t-sbv484-2 
INFO: [HLS 200-1510] Running: create_clock -period 14 -name clk 
INFO: [HLS 200-1510] Running: set_clock_uncertainty 1 
INFO: [HLS 200-1510] Running: set_directive_pipeline -off kp_502_7/Loop 
INFO: [HLS 200-1510] Running: set_directive_top -name kp_502_7 kp_502_7 
INFO: [HLS 200-1510] Running: set_directive_interface -mode ap_memory -storage_type ram_2p kp_502_7 D 
INFO: [HLS 200-1510] Running: set_directive_interface -mode ap_memory -storage_type ram_2p kp_502_7 C 
INFO: [HLS 200-1510] Running: set_directive_interface -mode ap_memory -storage_type ram_2p kp_502_7 X2 
INFO: [HLS 200-1510] Running: set_directive_interface -mode ap_memory -storage_type ram_2p kp_502_7 A 
INFO: [HLS 200-1510] Running: set_directive_interface -mode ap_memory -storage_type ram_2p kp_502_7 B 
INFO: [HLS 200-1510] Running: set_directive_interface -mode ap_memory -storage_type ram_2p kp_502_7 X1 
INFO: [HLS 200-1510] Running: csynth_design 
INFO: [HLS 200-111] Finished File checks and directory preparation: CPU user time: 0 seconds. CPU system time: 0 seconds. Elapsed time: 0.016 seconds; current allocated memory: 1.256 GB.
INFO: [HLS 200-10] Analyzing design file './source/kp_502_7.cpp' ... 
INFO: [HLS 200-111] Finished Source Code Analysis and Preprocessing: CPU user time: 1 seconds. CPU system time: 0 seconds. Elapsed time: 25.368 seconds; current allocated memory: 1.256 GB.
INFO: [HLS 200-777] Using interface defaults for 'Vivado' flow target.
INFO: [HLS 214-284] Auto array partition mode is set into default.
INFO: [HLS 214-131] Inlining function 'hls::sqrt(double)' into 'kp_502_7(double*, double*, double*, double*, double*, double*)' (./source/kp_502_7.cpp:26:27)
INFO: [HLS 214-270] Starting automatic array partition analysis...
INFO: [HLS 200-111] Finished Compiling Optimization and Transform: CPU user time: 0 seconds. CPU system time: 0 seconds. Elapsed time: 3.531 seconds; current allocated memory: 1.256 GB.
INFO: [HLS 200-111] Finished Checking Pragmas: CPU user time: 0 seconds. CPU system time: 0 seconds. Elapsed time: 0.002 seconds; current allocated memory: 1.256 GB.
INFO: [HLS 200-10] Starting code transformations ...
INFO: [HLS 200-111] Finished Standard Transforms: CPU user time: 0 seconds. CPU system time: 0 seconds. Elapsed time: 0.012 seconds; current allocated memory: 1.256 GB.
INFO: [HLS 200-10] Checking synthesizability ...
INFO: [HLS 200-111] Finished Checking Synthesizability: CPU user time: 0 seconds. CPU system time: 0 seconds. Elapsed time: 0.009 seconds; current allocated memory: 1.256 GB.
INFO: [HLS 200-111] Finished Loop, function and other optimizations: CPU user time: 0 seconds. CPU system time: 0 seconds. Elapsed time: 0.036 seconds; current allocated memory: 1.256 GB.
INFO: [HLS 200-111] Finished Architecture Synthesis: CPU user time: 0 seconds. CPU system time: 0 seconds. Elapsed time: 0.026 seconds; current allocated memory: 1.256 GB.
INFO: [HLS 200-10] Starting hardware synthesis ...
INFO: [HLS 200-10] Synthesizing 'kp_502_7' ...
INFO: [HLS 200-10] ----------------------------------------------------------------
INFO: [HLS 200-42] -- Implementing module 'kp_502_7' 
INFO: [HLS 200-10] ----------------------------------------------------------------
INFO: [SCHED 204-11] Starting scheduling ...
INFO: [SCHED 204-11] Finished scheduling.
INFO: [HLS 200-111] Finished Scheduling: CPU user time: 0 seconds. CPU system time: 0 seconds. Elapsed time: 0.251 seconds; current allocated memory: 1.256 GB.
INFO: [BIND 205-100] Starting micro-architecture generation ...
INFO: [BIND 205-101] Performing variable lifetime analysis.
INFO: [BIND 205-101] Exploring resource sharing.
INFO: [BIND 205-101] Binding ...
INFO: [BIND 205-100] Finished micro-architecture generation.
INFO: [HLS 200-111] Finished Binding: CPU user time: 1 seconds. CPU system time: 0 seconds. Elapsed time: 0.378 seconds; current allocated memory: 1.256 GB.
INFO: [HLS 200-10] ----------------------------------------------------------------
INFO: [HLS 200-10] -- Generating RTL for module 'kp_502_7' 
INFO: [HLS 200-10] ----------------------------------------------------------------
INFO: [RTGEN 206-500] Setting interface mode on port 'kp_502_7/A' to 'ap_memory'.
INFO: [RTGEN 206-500] Setting interface mode on port 'kp_502_7/B' to 'ap_memory'.
INFO: [RTGEN 206-500] Setting interface mode on port 'kp_502_7/C' to 'ap_memory'.
INFO: [RTGEN 206-500] Setting interface mode on port 'kp_502_7/X1' to 'ap_memory'.
INFO: [RTGEN 206-500] Setting interface mode on port 'kp_502_7/X2' to 'ap_memory'.
INFO: [RTGEN 206-500] Setting interface mode on port 'kp_502_7/D' to 'ap_memory'.
INFO: [RTGEN 206-500] Setting interface mode on function 'kp_502_7' to 'ap_ctrl_hs'.
INFO: [RTGEN 206-100] Generating core module 'dcmp_64ns_64ns_1_2_no_dsp_1': 1 instance(s).
INFO: [RTGEN 206-100] Generating core module 'ddiv_64ns_64ns_64_21_no_dsp_1': 2 instance(s).
INFO: [RTGEN 206-100] Generating core module 'dmul_64ns_64ns_64_4_max_dsp_1': 2 instance(s).
INFO: [RTGEN 206-100] Generating core module 'dsqrt_64ns_64ns_64_17_no_dsp_1': 1 instance(s).
INFO: [RTGEN 206-100] Generating core module 'dsub_64ns_64ns_64_4_full_dsp_1': 2 instance(s).
INFO: [RTGEN 206-100] Finished creating RTL model for 'kp_502_7'.
INFO: [HLS 200-111] Finished Creating RTL model: CPU user time: 0 seconds. CPU system time: 0 seconds. Elapsed time: 0.256 seconds; current allocated memory: 1.256 GB.
INFO: [HLS 200-111] Finished Generating all RTL models: CPU user time: 0 seconds. CPU system time: 0 seconds. Elapsed time: 0.637 seconds; current allocated memory: 1.256 GB.
INFO: [HLS 200-111] Finished Updating report files: CPU user time: 1 seconds. CPU system time: 1 seconds. Elapsed time: 0.703 seconds; current allocated memory: 1.256 GB.
INFO: [VHDL 208-304] Generating VHDL RTL for kp_502_7.
INFO: [VLOG 209-307] Generating Verilog RTL for kp_502_7.
INFO: [HLS 200-790] **** Loop Constraint Status: All loop constraints were satisfied.
INFO: [HLS 200-789] **** Estimated Fmax: 78.33 MHz
INFO: [HLS 200-111] Finished Command csynth_design CPU user time: 3 seconds. CPU system time: 1 seconds. Elapsed time: 31.242 seconds; current allocated memory: 0.000 MB.
INFO: [HLS 200-112] Total CPU user time: 6 seconds. Total CPU system time: 2 seconds. Total elapsed time: 33.505 seconds; peak allocated memory: 1.256 GB.
