

================================================================
== Vitis HLS Report for 'kp_502_7'
================================================================
* Date:           Fri Mar 22 00:32:18 2024

* Version:        2021.2 (Build 3367213 on Tue Oct 19 02:48:09 MDT 2021)
* Project:        kp_502_7
* Solution:       sol3_5_int256_4 (Vivado IP Flow Target)
* Product family: artix7
* Target device:  xc7a200t-sbv484-2


================================================================
== Performance Estimates
================================================================
+ Timing: 
    * Summary: 
    +------+---------+----------+------------+
    | Clock|  Target | Estimated| Uncertainty|
    +------+---------+----------+------------+
    |clk   |  6.00 ns|  4.203 ns|     1.00 ns|
    +------+---------+----------+------------+

+ Latency: 
    * Summary: 
    +---------+---------+----------+----------+-----+-----+---------+
    |  Latency (cycles) |  Latency (absolute) |  Interval | Pipeline|
    |   min   |   max   |    min   |    max   | min | max |   Type  |
    +---------+---------+----------+----------+-----+-----+---------+
    |      262|      262|  1.572 us|  1.572 us|  263|  263|       no|
    +---------+---------+----------+----------+-----+-----+---------+

    + Detail: 
        * Instance: 
        N/A

        * Loop: 
        N/A



================================================================
== Utilization Estimates
================================================================
* Summary: 
+-----------------+---------+-----+--------+--------+-----+
|       Name      | BRAM_18K| DSP |   FF   |   LUT  | URAM|
+-----------------+---------+-----+--------+--------+-----+
|DSP              |        -|    -|       -|       -|    -|
|Expression       |        -|    -|       -|       -|    -|
|FIFO             |        -|    -|       -|       -|    -|
|Instance         |        -|  440|    8028|    3308|    -|
|Memory           |        -|    -|       -|       -|    -|
|Multiplexer      |        -|    -|       -|    1403|    -|
|Register         |        -|    -|    3327|       -|    -|
+-----------------+---------+-----+--------+--------+-----+
|Total            |        0|  440|   11355|    4711|    0|
+-----------------+---------+-----+--------+--------+-----+
|Available        |      730|  740|  269200|  134600|    0|
+-----------------+---------+-----+--------+--------+-----+
|Utilization (%)  |        0|   59|       4|       3|    0|
+-----------------+---------+-----+--------+--------+-----+

+ Detail: 
    * Instance: 
    +-----------------------------------+-------------------------------+---------+----+-----+-----+-----+
    |              Instance             |             Module            | BRAM_18K| DSP|  FF | LUT | URAM|
    +-----------------------------------+-------------------------------+---------+----+-----+-----+-----+
    |mul_254s_254s_254_3_1_U2           |mul_254s_254s_254_3_1          |        0|  55|   34|   47|    0|
    |mul_254s_254s_254_3_1_U5           |mul_254s_254s_254_3_1          |        0|  55|   34|   47|    0|
    |mul_254s_254s_254_3_1_U8           |mul_254s_254s_254_3_1          |        0|  55|   34|   47|    0|
    |mul_254s_254s_254_3_1_U11          |mul_254s_254s_254_3_1          |        0|  55|   34|   47|    0|
    |mul_256s_256s_256_3_1_U1           |mul_256s_256s_256_3_1          |        0|  55|   34|   47|    0|
    |mul_256s_256s_256_3_1_U4           |mul_256s_256s_256_3_1          |        0|  55|   34|   47|    0|
    |mul_256s_256s_256_3_1_U7           |mul_256s_256s_256_3_1          |        0|  55|   34|   47|    0|
    |mul_256s_256s_256_3_1_U10          |mul_256s_256s_256_3_1          |        0|  55|   34|   47|    0|
    |sdiv_257s_257ns_256_261_seq_1_U3   |sdiv_257s_257ns_256_261_seq_1  |        0|   0|  779|  469|    0|
    |sdiv_257s_257ns_256_261_seq_1_U6   |sdiv_257s_257ns_256_261_seq_1  |        0|   0|  779|  469|    0|
    |sdiv_257s_257ns_256_261_seq_1_U9   |sdiv_257s_257ns_256_261_seq_1  |        0|   0|  779|  469|    0|
    |sdiv_257s_257ns_256_261_seq_1_U12  |sdiv_257s_257ns_256_261_seq_1  |        0|   0|  779|  469|    0|
    |sub_256ns_256ns_256_2_1_U13        |sub_256ns_256ns_256_2_1        |        0|   0|  580|  132|    0|
    |sub_256ns_256ns_256_2_1_U14        |sub_256ns_256ns_256_2_1        |        0|   0|  580|  132|    0|
    |sub_256ns_256ns_256_2_1_U15        |sub_256ns_256ns_256_2_1        |        0|   0|  580|  132|    0|
    |sub_256ns_256ns_256_2_1_U16        |sub_256ns_256ns_256_2_1        |        0|   0|  580|  132|    0|
    |sub_256ns_256ns_256_2_1_U17        |sub_256ns_256ns_256_2_1        |        0|   0|  580|  132|    0|
    |sub_256ns_256ns_256_2_1_U18        |sub_256ns_256ns_256_2_1        |        0|   0|  580|  132|    0|
    |sub_256ns_256ns_256_2_1_U19        |sub_256ns_256ns_256_2_1        |        0|   0|  580|  132|    0|
    |sub_256ns_256ns_256_2_1_U20        |sub_256ns_256ns_256_2_1        |        0|   0|  580|  132|    0|
    +-----------------------------------+-------------------------------+---------+----+-----+-----+-----+
    |Total                              |                               |        0| 440| 8028| 3308|    0|
    +-----------------------------------+-------------------------------+---------+----+-----+-----+-----+

    * DSP: 
    N/A

    * Memory: 
    N/A

    * FIFO: 
    N/A

    * Expression: 
    N/A

    * Multiplexer: 
    +-----------+------+-----------+-----+-----------+
    |    Name   |  LUT | Input Size| Bits| Total Bits|
    +-----------+------+-----------+-----+-----------+
    |ap_NS_fsm  |  1403|        264|    1|        264|
    +-----------+------+-----------+-----+-----------+
    |Total      |  1403|        264|    1|        264|
    +-----------+------+-----------+-----+-----------+

    * Register: 
    +-----------------------+-----+----+-----+-----------+
    |          Name         |  FF | LUT| Bits| Const Bits|
    +-----------------------+-----+----+-----+-----------+
    |ap_CS_fsm              |  263|   0|  263|          0|
    |mul_ln70_1_reg_589     |  254|   0|  254|          0|
    |mul_ln70_2_reg_594     |  256|   0|  256|          0|
    |mul_ln70_3_reg_599     |  254|   0|  254|          0|
    |mul_ln70_4_reg_604     |  256|   0|  256|          0|
    |mul_ln70_5_reg_609     |  254|   0|  254|          0|
    |mul_ln70_6_reg_614     |  256|   0|  256|          0|
    |mul_ln70_7_reg_619     |  254|   0|  254|          0|
    |mul_ln70_reg_584       |  256|   0|  256|          0|
    |sdiv_ln1558_1_reg_649  |  256|   0|  256|          0|
    |sdiv_ln1558_2_reg_654  |  256|   0|  256|          0|
    |sdiv_ln1558_3_reg_659  |  256|   0|  256|          0|
    |sdiv_ln1558_reg_644    |  256|   0|  256|          0|
    +-----------------------+-----+----+-----+-----------+
    |Total                  | 3327|   0| 3327|          0|
    +-----------------------+-----+----+-----+-----------+



================================================================
== Interface
================================================================
* Summary: 
+-------------------+-----+-----+------------+--------------+--------------+
|     RTL Ports     | Dir | Bits|  Protocol  | Source Object|    C Type    |
+-------------------+-----+-----+------------+--------------+--------------+
|ap_local_block     |  out|    1|  ap_ctrl_hs|      kp_502_7|  return value|
|ap_local_deadlock  |  out|    1|  ap_ctrl_hs|      kp_502_7|  return value|
|ap_clk             |   in|    1|  ap_ctrl_hs|      kp_502_7|  return value|
|ap_rst             |   in|    1|  ap_ctrl_hs|      kp_502_7|  return value|
|ap_start           |   in|    1|  ap_ctrl_hs|      kp_502_7|  return value|
|ap_done            |  out|    1|  ap_ctrl_hs|      kp_502_7|  return value|
|ap_idle            |  out|    1|  ap_ctrl_hs|      kp_502_7|  return value|
|ap_ready           |  out|    1|  ap_ctrl_hs|      kp_502_7|  return value|
|A_0                |   in|  256|     ap_none|           A_0|       pointer|
|A_1                |   in|  256|     ap_none|           A_1|       pointer|
|A_2                |   in|  256|     ap_none|           A_2|       pointer|
|A_3                |   in|  256|     ap_none|           A_3|       pointer|
|B_0                |   in|  256|     ap_none|           B_0|       pointer|
|B_1                |   in|  256|     ap_none|           B_1|       pointer|
|B_2                |   in|  256|     ap_none|           B_2|       pointer|
|B_3                |   in|  256|     ap_none|           B_3|       pointer|
|C_0                |   in|  256|     ap_none|           C_0|       pointer|
|C_1                |   in|  256|     ap_none|           C_1|       pointer|
|C_2                |   in|  256|     ap_none|           C_2|       pointer|
|C_3                |   in|  256|     ap_none|           C_3|       pointer|
|X1_0               |  out|  256|      ap_vld|          X1_0|       pointer|
|X1_0_ap_vld        |  out|    1|      ap_vld|          X1_0|       pointer|
|X1_1               |  out|  256|      ap_vld|          X1_1|       pointer|
|X1_1_ap_vld        |  out|    1|      ap_vld|          X1_1|       pointer|
|X1_2               |  out|  256|      ap_vld|          X1_2|       pointer|
|X1_2_ap_vld        |  out|    1|      ap_vld|          X1_2|       pointer|
|X1_3               |  out|  256|      ap_vld|          X1_3|       pointer|
|X1_3_ap_vld        |  out|    1|      ap_vld|          X1_3|       pointer|
|X2_0               |  out|  256|      ap_vld|          X2_0|       pointer|
|X2_0_ap_vld        |  out|    1|      ap_vld|          X2_0|       pointer|
|X2_1               |  out|  256|      ap_vld|          X2_1|       pointer|
|X2_1_ap_vld        |  out|    1|      ap_vld|          X2_1|       pointer|
|X2_2               |  out|  256|      ap_vld|          X2_2|       pointer|
|X2_2_ap_vld        |  out|    1|      ap_vld|          X2_2|       pointer|
|X2_3               |  out|  256|      ap_vld|          X2_3|       pointer|
|X2_3_ap_vld        |  out|    1|      ap_vld|          X2_3|       pointer|
|D_0                |  out|  256|      ap_vld|           D_0|       pointer|
|D_0_ap_vld         |  out|    1|      ap_vld|           D_0|       pointer|
|D_1                |  out|  256|      ap_vld|           D_1|       pointer|
|D_1_ap_vld         |  out|    1|      ap_vld|           D_1|       pointer|
|D_2                |  out|  256|      ap_vld|           D_2|       pointer|
|D_2_ap_vld         |  out|    1|      ap_vld|           D_2|       pointer|
|D_3                |  out|  256|      ap_vld|           D_3|       pointer|
|D_3_ap_vld         |  out|    1|      ap_vld|           D_3|       pointer|
+-------------------+-----+-----+------------+--------------+--------------+

