

================================================================
== Vitis HLS Report for 'lab6_z1'
================================================================
* Date:           Wed Nov 29 19:20:13 2023

* Version:        2021.2 (Build 3367213 on Tue Oct 19 02:48:09 MDT 2021)
* Project:        lab6_z1
* Solution:       sol4 (Vivado IP Flow Target)
* Product family: artix7
* Target device:  xa7a12t-csg325-1Q


================================================================
== Performance Estimates
================================================================
+ Timing: 
    * Summary: 
    +------+----------+----------+------------+
    | Clock|  Target  | Estimated| Uncertainty|
    +------+----------+----------+------------+
    |clk   |  10.00 ns|  4.417 ns|     1.00 ns|
    +------+----------+----------+------------+

+ Latency: 
    * Summary: 
    +---------+---------+-----------+-----------+-----+-----+---------+
    |  Latency (cycles) |   Latency (absolute)  |  Interval | Pipeline|
    |   min   |   max   |    min    |    max    | min | max |   Type  |
    +---------+---------+-----------+-----------+-----+-----+---------+
    |        7|        7|  70.000 ns|  70.000 ns|    8|    8|       no|
    +---------+---------+-----------+-----------+-----+-----+---------+

    + Detail: 
        * Instance: 
        N/A

        * Loop: 
        +----------+---------+---------+----------+-----------+-----------+------+----------+
        |          |  Latency (cycles) | Iteration|  Initiation Interval  | Trip |          |
        | Loop Name|   min   |   max   |  Latency |  achieved |   target  | Count| Pipelined|
        +----------+---------+---------+----------+-----------+-----------+------+----------+
        |- Mult    |        5|        5|         5|          1|          1|     2|       yes|
        +----------+---------+---------+----------+-----------+-----------+------+----------+



================================================================
== Utilization Estimates
================================================================
* Summary: 
+-----------------+---------+----+-------+------+-----+
|       Name      | BRAM_18K| DSP|   FF  |  LUT | URAM|
+-----------------+---------+----+-------+------+-----+
|DSP              |        -|  16|      -|     -|    -|
|Expression       |        -|   -|      0|    18|    -|
|FIFO             |        -|   -|      -|     -|    -|
|Instance         |        -|   -|      -|     -|    -|
|Memory           |        -|   -|      -|     -|    -|
|Multiplexer      |        -|   -|      -|    36|    -|
|Register         |        -|   -|     80|    32|    -|
+-----------------+---------+----+-------+------+-----+
|Total            |        0|  16|     80|    86|    0|
+-----------------+---------+----+-------+------+-----+
|Available        |       40|  40|  16000|  8000|    0|
+-----------------+---------+----+-------+------+-----+
|Utilization (%)  |        0|  40|     ~0|     1|    0|
+-----------------+---------+----+-------+------+-----+

+ Detail: 
    * Instance: 
    N/A

    * DSP: 
    +----------------------------+------------------------+-----------+
    |          Instance          |         Module         | Expression|
    +----------------------------+------------------------+-----------+
    |mul_mul_16s_16s_16_4_1_U1   |mul_mul_16s_16s_16_4_1  |    i0 * i1|
    |mul_mul_16s_16s_16_4_1_U2   |mul_mul_16s_16s_16_4_1  |    i0 * i1|
    |mul_mul_16s_16s_16_4_1_U3   |mul_mul_16s_16s_16_4_1  |    i0 * i1|
    |mul_mul_16s_16s_16_4_1_U4   |mul_mul_16s_16s_16_4_1  |    i0 * i1|
    |mul_mul_16s_16s_16_4_1_U5   |mul_mul_16s_16s_16_4_1  |    i0 * i1|
    |mul_mul_16s_16s_16_4_1_U6   |mul_mul_16s_16s_16_4_1  |    i0 * i1|
    |mul_mul_16s_16s_16_4_1_U7   |mul_mul_16s_16s_16_4_1  |    i0 * i1|
    |mul_mul_16s_16s_16_4_1_U8   |mul_mul_16s_16s_16_4_1  |    i0 * i1|
    |mul_mul_16s_16s_16_4_1_U9   |mul_mul_16s_16s_16_4_1  |    i0 * i1|
    |mul_mul_16s_16s_16_4_1_U10  |mul_mul_16s_16s_16_4_1  |    i0 * i1|
    |mul_mul_16s_16s_16_4_1_U11  |mul_mul_16s_16s_16_4_1  |    i0 * i1|
    |mul_mul_16s_16s_16_4_1_U12  |mul_mul_16s_16s_16_4_1  |    i0 * i1|
    |mul_mul_16s_16s_16_4_1_U13  |mul_mul_16s_16s_16_4_1  |    i0 * i1|
    |mul_mul_16s_16s_16_4_1_U14  |mul_mul_16s_16s_16_4_1  |    i0 * i1|
    |mul_mul_16s_16s_16_4_1_U15  |mul_mul_16s_16s_16_4_1  |    i0 * i1|
    |mul_mul_16s_16s_16_4_1_U16  |mul_mul_16s_16s_16_4_1  |    i0 * i1|
    +----------------------------+------------------------+-----------+

    * Memory: 
    N/A

    * FIFO: 
    N/A

    * Expression: 
    +-------------------+----------+----+---+----+------------+------------+
    |   Variable Name   | Operation| DSP| FF| LUT| Bitwidth P0| Bitwidth P1|
    +-------------------+----------+----+---+----+------------+------------+
    |add_ln4_fu_183_p2  |         +|   0|  0|  14|           6|           5|
    |ap_condition_180   |       and|   0|  0|   2|           1|           1|
    |ap_enable_pp0      |       xor|   0|  0|   2|           1|           2|
    +-------------------+----------+----+---+----+------------+------------+
    |Total              |          |   0|  0|  18|           8|           8|
    +-------------------+----------+----+---+----+------------+------------+

    * Multiplexer: 
    +-------------------------+----+-----------+-----+-----------+
    |           Name          | LUT| Input Size| Bits| Total Bits|
    +-------------------------+----+-----------+-----+-----------+
    |ap_done_int              |   9|          2|    1|          2|
    |ap_enable_reg_pp0_iter1  |   9|          2|    1|          2|
    |ap_sig_allocacmp_i_1     |   9|          2|    6|         12|
    |i_fu_110                 |   9|          2|    6|         12|
    +-------------------------+----+-----------+-----+-----------+
    |Total                    |  36|          8|   14|         28|
    +-------------------------+----+-----------+-----+-----------+

    * Register: 
    +----------------------------------+----+----+-----+-----------+
    |               Name               | FF | LUT| Bits| Const Bits|
    +----------------------------------+----+----+-----+-----------+
    |ap_CS_fsm                         |   1|   0|    1|          0|
    |ap_done_reg                       |   1|   0|    1|          0|
    |ap_enable_reg_pp0_iter1           |   1|   0|    1|          0|
    |ap_enable_reg_pp0_iter2           |   1|   0|    1|          0|
    |ap_enable_reg_pp0_iter3           |   1|   0|    1|          0|
    |ap_enable_reg_pp0_iter4           |   1|   0|    1|          0|
    |ap_loop_exit_ready_pp0_iter1_reg  |   1|   0|    1|          0|
    |ap_loop_exit_ready_pp0_iter2_reg  |   1|   0|    1|          0|
    |ap_loop_exit_ready_pp0_iter3_reg  |   1|   0|    1|          0|
    |i_fu_110                          |   6|   0|    6|          0|
    |zext_ln5_reg_646                  |   1|   0|   64|         63|
    |zext_ln5_reg_646                  |  64|  32|   64|         63|
    +----------------------------------+----+----+-----+-----------+
    |Total                             |  80|  32|  143|        126|
    +----------------------------------+----+----+-----+-----------+



================================================================
== Interface
================================================================
* Summary: 
+-------------------+-----+-----+------------+--------------+--------------+
|     RTL Ports     | Dir | Bits|  Protocol  | Source Object|    C Type    |
+-------------------+-----+-----+------------+--------------+--------------+
|ap_local_block     |  out|    1|  ap_ctrl_hs|       lab6_z1|  return value|
|ap_local_deadlock  |  out|    1|  ap_ctrl_hs|       lab6_z1|  return value|
|ap_clk             |   in|    1|  ap_ctrl_hs|       lab6_z1|  return value|
|ap_rst             |   in|    1|  ap_ctrl_hs|       lab6_z1|  return value|
|ap_start           |   in|    1|  ap_ctrl_hs|       lab6_z1|  return value|
|ap_done            |  out|    1|  ap_ctrl_hs|       lab6_z1|  return value|
|ap_idle            |  out|    1|  ap_ctrl_hs|       lab6_z1|  return value|
|ap_ready           |  out|    1|  ap_ctrl_hs|       lab6_z1|  return value|
|a_address0         |  out|    1|   ap_memory|             a|         array|
|a_ce0              |  out|    1|   ap_memory|             a|         array|
|a_we0              |  out|    1|   ap_memory|             a|         array|
|a_d0               |  out|  256|   ap_memory|             a|         array|
|b_address0         |  out|    1|   ap_memory|             b|         array|
|b_ce0              |  out|    1|   ap_memory|             b|         array|
|b_q0               |   in|  256|   ap_memory|             b|         array|
|c_address0         |  out|    1|   ap_memory|             c|         array|
|c_ce0              |  out|    1|   ap_memory|             c|         array|
|c_q0               |   in|  256|   ap_memory|             c|         array|
+-------------------+-----+-----+------------+--------------+--------------+

