

================================================================
== Vitis HLS Report for 'kp_502_15'
================================================================
* Date:           Sat Feb 17 23:29:59 2024

* Version:        2021.2 (Build 3367213 on Tue Oct 19 02:48:09 MDT 2021)
* Project:        kp_502_15
* Solution:       sol1_2 (Vivado IP Flow Target)
* Product family: artix7
* Target device:  xc7a200t-sbv484-2


================================================================
== Performance Estimates
================================================================
+ Timing: 
    * Summary: 
    +------+----------+-----------+------------+
    | Clock|  Target  | Estimated | Uncertainty|
    +------+----------+-----------+------------+
    |clk   |  14.00 ns|  10.815 ns|     1.00 ns|
    +------+----------+-----------+------------+

+ Latency: 
    * Summary: 
    +---------+---------+----------+----------+-----+-----+---------+
    |  Latency (cycles) |  Latency (absolute) |  Interval | Pipeline|
    |   min   |   max   |    min   |    max   | min | max |   Type  |
    +---------+---------+----------+----------+-----+-----+---------+
    |       25|       25|  0.350 us|  0.350 us|   26|   26|       no|
    +---------+---------+----------+----------+-----+-----+---------+

    + Detail: 
        * Instance: 
        N/A

        * Loop: 
        +----------+---------+---------+----------+-----------+-----------+------+----------+
        |          |  Latency (cycles) | Iteration|  Initiation Interval  | Trip |          |
        | Loop Name|   min   |   max   |  Latency |  achieved |   target  | Count| Pipelined|
        +----------+---------+---------+----------+-----------+-----------+------+----------+
        |- Loop    |       24|       24|         3|          -|          -|     8|        no|
        +----------+---------+---------+----------+-----------+-----------+------+----------+

============================================================
+ Verbose Summary: Synthesis Manager
============================================================
InlineROM: 1
ExposeGlobal: 0
============================================================
+ Verbose Summary: CDFG Model
============================================================
IsTopModel: 1
ResetActiveHigh: 1
IsCombinational: 0
IsDatapathOnly: 0
HasWiredReturn: 1
HasMFsm: 0
HasVarLatency: 1
IsPipeline: 0
IsRtlPipelined: 0
IsInstanceOverlapped: 0
IsDontTouch: 0
HasImplIP: 0
IsGatedGlobalClock: 0


============================================================
+ Verbose Summary: Schedule
============================================================
* Number of FSM states : 4
* Pipeline : 0
* Dataflow Pipeline: 0

* FSM state transitions: 
1 --> 2 
2 --> 3 
3 --> 4 
4 --> 2 

* FSM state operations: 

State 1 <SV = 0> <Delay = 1.32>
ST_1 : Operation 5 [1/1] (0.00ns)   --->   "%i = alloca i32 1"   --->   Operation 5 'alloca' 'i' <Predicate = true> <Delay = 0.00>
ST_1 : Operation 6 [1/1] (0.00ns)   --->   "%spectopmodule_ln0 = spectopmodule void @_ssdm_op_SpecTopModule, void @empty_1"   --->   Operation 6 'spectopmodule' 'spectopmodule_ln0' <Predicate = true> <Delay = 0.00>
ST_1 : Operation 7 [1/1] (0.00ns)   --->   "%specinterface_ln0 = specinterface void @_ssdm_op_SpecInterface, i32 %r, void @empty, i32 0, i32 0, void @empty_0, i32 4294967295, i32 0, void @empty_0, void @empty_0, void @empty_0, i32 0, i32 0, i32 0, i32 0, void @empty_0, void @empty_0"   --->   Operation 7 'specinterface' 'specinterface_ln0' <Predicate = true> <Delay = 0.00>
ST_1 : Operation 8 [1/1] (0.00ns)   --->   "%specbitsmap_ln0 = specbitsmap void @_ssdm_op_SpecBitsMap, i32 %r"   --->   Operation 8 'specbitsmap' 'specbitsmap_ln0' <Predicate = true> <Delay = 0.00>
ST_1 : Operation 9 [1/1] (0.00ns)   --->   "%specinterface_ln0 = specinterface void @_ssdm_op_SpecInterface, i32 %a, void @empty, i32 0, i32 0, void @empty_0, i32 4294967295, i32 0, void @empty_0, void @empty_0, void @empty_0, i32 0, i32 0, i32 0, i32 0, void @empty_0, void @empty_0"   --->   Operation 9 'specinterface' 'specinterface_ln0' <Predicate = true> <Delay = 0.00>
ST_1 : Operation 10 [1/1] (0.00ns)   --->   "%specbitsmap_ln0 = specbitsmap void @_ssdm_op_SpecBitsMap, i32 %a"   --->   Operation 10 'specbitsmap' 'specbitsmap_ln0' <Predicate = true> <Delay = 0.00>
ST_1 : Operation 11 [1/1] (0.00ns)   --->   "%specinterface_ln0 = specinterface void @_ssdm_op_SpecInterface, i32 %b, void @empty, i32 0, i32 0, void @empty_0, i32 4294967295, i32 0, void @empty_0, void @empty_0, void @empty_0, i32 0, i32 0, i32 0, i32 0, void @empty_0, void @empty_0"   --->   Operation 11 'specinterface' 'specinterface_ln0' <Predicate = true> <Delay = 0.00>
ST_1 : Operation 12 [1/1] (0.00ns)   --->   "%specbitsmap_ln0 = specbitsmap void @_ssdm_op_SpecBitsMap, i32 %b"   --->   Operation 12 'specbitsmap' 'specbitsmap_ln0' <Predicate = true> <Delay = 0.00>
ST_1 : Operation 13 [1/1] (0.00ns)   --->   "%specinterface_ln0 = specinterface void @_ssdm_op_SpecInterface, i32 %c, void @empty, i32 0, i32 0, void @empty_0, i32 4294967295, i32 0, void @empty_0, void @empty_0, void @empty_0, i32 0, i32 0, i32 0, i32 0, void @empty_0, void @empty_0"   --->   Operation 13 'specinterface' 'specinterface_ln0' <Predicate = true> <Delay = 0.00>
ST_1 : Operation 14 [1/1] (0.00ns)   --->   "%specbitsmap_ln0 = specbitsmap void @_ssdm_op_SpecBitsMap, i32 %c"   --->   Operation 14 'specbitsmap' 'specbitsmap_ln0' <Predicate = true> <Delay = 0.00>
ST_1 : Operation 15 [1/1] (0.00ns)   --->   "%specinterface_ln0 = specinterface void @_ssdm_op_SpecInterface, i32 %x, void @empty, i32 0, i32 0, void @empty_0, i32 4294967295, i32 0, void @empty_0, void @empty_0, void @empty_0, i32 0, i32 0, i32 0, i32 0, void @empty_0, void @empty_0"   --->   Operation 15 'specinterface' 'specinterface_ln0' <Predicate = true> <Delay = 0.00>
ST_1 : Operation 16 [1/1] (0.00ns)   --->   "%specbitsmap_ln0 = specbitsmap void @_ssdm_op_SpecBitsMap, i32 %x"   --->   Operation 16 'specbitsmap' 'specbitsmap_ln0' <Predicate = true> <Delay = 0.00>
ST_1 : Operation 17 [1/1] (1.32ns)   --->   "%store_ln6 = store i4 0, i4 %i" [./source/kp_502_15.cpp:6]   --->   Operation 17 'store' 'store_ln6' <Predicate = true> <Delay = 1.32>
ST_1 : Operation 18 [1/1] (0.00ns)   --->   "%br_ln6 = br void" [./source/kp_502_15.cpp:6]   --->   Operation 18 'br' 'br_ln6' <Predicate = true> <Delay = 0.00>

State 2 <SV = 1> <Delay = 2.81>
ST_2 : Operation 19 [1/1] (0.00ns)   --->   "%i_1 = load i4 %i" [./source/kp_502_15.cpp:6]   --->   Operation 19 'load' 'i_1' <Predicate = true> <Delay = 0.00>
ST_2 : Operation 20 [1/1] (0.00ns)   --->   "%zext_ln6 = zext i4 %i_1" [./source/kp_502_15.cpp:6]   --->   Operation 20 'zext' 'zext_ln6' <Predicate = true> <Delay = 0.00>
ST_2 : Operation 21 [1/1] (1.21ns)   --->   "%icmp_ln6 = icmp_eq  i4 %i_1, i4 8" [./source/kp_502_15.cpp:6]   --->   Operation 21 'icmp' 'icmp_ln6' <Predicate = true> <Delay = 1.21> <CoreInst = "Cmp">   --->   Core 9 'Cmp' <Latency = 0> <II = 1> <Delay = 1.21> <FuncUnit> <Opcode : 'icmp'> <InPorts = 2> <OutPorts = 1>
ST_2 : Operation 22 [1/1] (0.00ns)   --->   "%empty = speclooptripcount i32 @_ssdm_op_SpecLoopTripCount, i64 8, i64 8, i64 8"   --->   Operation 22 'speclooptripcount' 'empty' <Predicate = true> <Delay = 0.00>
ST_2 : Operation 23 [1/1] (1.49ns)   --->   "%add_ln6 = add i4 %i_1, i4 1" [./source/kp_502_15.cpp:6]   --->   Operation 23 'add' 'add_ln6' <Predicate = true> <Delay = 1.49> <CoreInst = "Adder">   --->   Core 1 'Adder' <Latency = 0> <II = 1> <Delay = 2.18> <FuncUnit> <Opcode : 'add' 'sub'> <InPorts = 2> <OutPorts = 1>
ST_2 : Operation 24 [1/1] (0.00ns)   --->   "%br_ln6 = br i1 %icmp_ln6, void %.split, void" [./source/kp_502_15.cpp:6]   --->   Operation 24 'br' 'br_ln6' <Predicate = true> <Delay = 0.00>
ST_2 : Operation 25 [1/1] (0.00ns)   --->   "%x_addr = getelementptr i32 %x, i64 0, i64 %zext_ln6" [./source/kp_502_15.cpp:8]   --->   Operation 25 'getelementptr' 'x_addr' <Predicate = (!icmp_ln6)> <Delay = 0.00>
ST_2 : Operation 26 [2/2] (1.75ns)   --->   "%temp_x = load i3 %x_addr" [./source/kp_502_15.cpp:8]   --->   Operation 26 'load' 'temp_x' <Predicate = (!icmp_ln6)> <Delay = 1.75> <CoreInst = "RAM">   --->   Core 82 'RAM' <Latency = 1> <II = 1> <Delay = 1.75> <Storage> <Opcode : 'load' 'store'> <Ports = 2> <Width = 32> <Depth = 8> <RAM>
ST_2 : Operation 27 [1/1] (0.00ns)   --->   "%a_addr = getelementptr i32 %a, i64 0, i64 %zext_ln6" [./source/kp_502_15.cpp:9]   --->   Operation 27 'getelementptr' 'a_addr' <Predicate = (!icmp_ln6)> <Delay = 0.00>
ST_2 : Operation 28 [2/2] (1.75ns)   --->   "%a_load = load i3 %a_addr" [./source/kp_502_15.cpp:9]   --->   Operation 28 'load' 'a_load' <Predicate = (!icmp_ln6)> <Delay = 1.75> <CoreInst = "RAM">   --->   Core 82 'RAM' <Latency = 1> <II = 1> <Delay = 1.75> <Storage> <Opcode : 'load' 'store'> <Ports = 2> <Width = 32> <Depth = 8> <RAM>
ST_2 : Operation 29 [1/1] (0.00ns)   --->   "%b_addr = getelementptr i32 %b, i64 0, i64 %zext_ln6" [./source/kp_502_15.cpp:9]   --->   Operation 29 'getelementptr' 'b_addr' <Predicate = (!icmp_ln6)> <Delay = 0.00>
ST_2 : Operation 30 [2/2] (1.75ns)   --->   "%b_load = load i3 %b_addr" [./source/kp_502_15.cpp:9]   --->   Operation 30 'load' 'b_load' <Predicate = (!icmp_ln6)> <Delay = 1.75> <CoreInst = "RAM">   --->   Core 82 'RAM' <Latency = 1> <II = 1> <Delay = 1.75> <Storage> <Opcode : 'load' 'store'> <Ports = 2> <Width = 32> <Depth = 8> <RAM>
ST_2 : Operation 31 [1/1] (1.32ns)   --->   "%store_ln6 = store i4 %add_ln6, i4 %i" [./source/kp_502_15.cpp:6]   --->   Operation 31 'store' 'store_ln6' <Predicate = (!icmp_ln6)> <Delay = 1.32>
ST_2 : Operation 32 [1/1] (0.00ns)   --->   "%ret_ln11 = ret" [./source/kp_502_15.cpp:11]   --->   Operation 32 'ret' 'ret_ln11' <Predicate = (icmp_ln6)> <Delay = 0.00>

State 3 <SV = 2> <Delay = 10.8>
ST_3 : Operation 33 [1/2] (1.75ns)   --->   "%temp_x = load i3 %x_addr" [./source/kp_502_15.cpp:8]   --->   Operation 33 'load' 'temp_x' <Predicate = true> <Delay = 1.75> <CoreInst = "RAM">   --->   Core 82 'RAM' <Latency = 1> <II = 1> <Delay = 1.75> <Storage> <Opcode : 'load' 'store'> <Ports = 2> <Width = 32> <Depth = 8> <RAM>
ST_3 : Operation 34 [1/2] (1.75ns)   --->   "%a_load = load i3 %a_addr" [./source/kp_502_15.cpp:9]   --->   Operation 34 'load' 'a_load' <Predicate = true> <Delay = 1.75> <CoreInst = "RAM">   --->   Core 82 'RAM' <Latency = 1> <II = 1> <Delay = 1.75> <Storage> <Opcode : 'load' 'store'> <Ports = 2> <Width = 32> <Depth = 8> <RAM>
ST_3 : Operation 35 [1/1] (6.88ns)   --->   "%mul_ln9 = mul i32 %a_load, i32 %temp_x" [./source/kp_502_15.cpp:9]   --->   Operation 35 'mul' 'mul_ln9' <Predicate = true> <Delay = 6.88> <CoreInst = "Multiplier">   --->   Core 3 'Multiplier' <Latency = 0> <II = 1> <Delay = 6.88> <FuncUnit> <Opcode : 'mul'> <InPorts = 2> <OutPorts = 1>
ST_3 : Operation 36 [1/2] (1.75ns)   --->   "%b_load = load i3 %b_addr" [./source/kp_502_15.cpp:9]   --->   Operation 36 'load' 'b_load' <Predicate = true> <Delay = 1.75> <CoreInst = "RAM">   --->   Core 82 'RAM' <Latency = 1> <II = 1> <Delay = 1.75> <Storage> <Opcode : 'load' 'store'> <Ports = 2> <Width = 32> <Depth = 8> <RAM>
ST_3 : Operation 37 [1/1] (2.18ns)   --->   "%add_ln9 = add i32 %b_load, i32 %mul_ln9" [./source/kp_502_15.cpp:9]   --->   Operation 37 'add' 'add_ln9' <Predicate = true> <Delay = 2.18> <CoreInst = "Adder">   --->   Core 1 'Adder' <Latency = 0> <II = 1> <Delay = 2.18> <FuncUnit> <Opcode : 'add' 'sub'> <InPorts = 2> <OutPorts = 1>
ST_3 : Operation 38 [1/1] (0.00ns)   --->   "%c_addr = getelementptr i32 %c, i64 0, i64 %zext_ln6" [./source/kp_502_15.cpp:9]   --->   Operation 38 'getelementptr' 'c_addr' <Predicate = true> <Delay = 0.00>
ST_3 : Operation 39 [2/2] (1.75ns)   --->   "%c_load = load i3 %c_addr" [./source/kp_502_15.cpp:9]   --->   Operation 39 'load' 'c_load' <Predicate = true> <Delay = 1.75> <CoreInst = "RAM">   --->   Core 82 'RAM' <Latency = 1> <II = 1> <Delay = 1.75> <Storage> <Opcode : 'load' 'store'> <Ports = 2> <Width = 32> <Depth = 8> <RAM>

State 4 <SV = 3> <Delay = 10.8>
ST_4 : Operation 40 [1/1] (0.00ns)   --->   "%specloopname_ln6 = specloopname void @_ssdm_op_SpecLoopName, void @empty_2" [./source/kp_502_15.cpp:6]   --->   Operation 40 'specloopname' 'specloopname_ln6' <Predicate = true> <Delay = 0.00>
ST_4 : Operation 41 [1/1] (6.88ns)   --->   "%mul_ln9_1 = mul i32 %temp_x, i32 %add_ln9" [./source/kp_502_15.cpp:9]   --->   Operation 41 'mul' 'mul_ln9_1' <Predicate = true> <Delay = 6.88> <CoreInst = "Multiplier">   --->   Core 3 'Multiplier' <Latency = 0> <II = 1> <Delay = 6.88> <FuncUnit> <Opcode : 'mul'> <InPorts = 2> <OutPorts = 1>
ST_4 : Operation 42 [1/2] (1.75ns)   --->   "%c_load = load i3 %c_addr" [./source/kp_502_15.cpp:9]   --->   Operation 42 'load' 'c_load' <Predicate = true> <Delay = 1.75> <CoreInst = "RAM">   --->   Core 82 'RAM' <Latency = 1> <II = 1> <Delay = 1.75> <Storage> <Opcode : 'load' 'store'> <Ports = 2> <Width = 32> <Depth = 8> <RAM>
ST_4 : Operation 43 [1/1] (2.18ns)   --->   "%add_ln9_1 = add i32 %c_load, i32 %mul_ln9_1" [./source/kp_502_15.cpp:9]   --->   Operation 43 'add' 'add_ln9_1' <Predicate = true> <Delay = 2.18> <CoreInst = "Adder">   --->   Core 1 'Adder' <Latency = 0> <II = 1> <Delay = 2.18> <FuncUnit> <Opcode : 'add' 'sub'> <InPorts = 2> <OutPorts = 1>
ST_4 : Operation 44 [1/1] (0.00ns)   --->   "%r_addr = getelementptr i32 %r, i64 0, i64 %zext_ln6" [./source/kp_502_15.cpp:9]   --->   Operation 44 'getelementptr' 'r_addr' <Predicate = true> <Delay = 0.00>
ST_4 : Operation 45 [1/1] (1.75ns)   --->   "%store_ln9 = store i32 %add_ln9_1, i3 %r_addr" [./source/kp_502_15.cpp:9]   --->   Operation 45 'store' 'store_ln9' <Predicate = true> <Delay = 1.75> <CoreInst = "RAM">   --->   Core 82 'RAM' <Latency = 1> <II = 1> <Delay = 1.75> <Storage> <Opcode : 'load' 'store'> <Ports = 2> <Width = 32> <Depth = 8> <RAM>
ST_4 : Operation 46 [1/1] (0.00ns)   --->   "%br_ln0 = br void"   --->   Operation 46 'br' 'br_ln0' <Predicate = true> <Delay = 0.00>


============================================================
+ Verbose Summary: Timing violations
============================================================
Target clock period: 14ns, clock uncertainty: 1ns.

 <State 1>: 1.32ns
The critical path consists of the following:
	'alloca' operation ('i') [6]  (0 ns)
	'store' operation ('store_ln6', ./source/kp_502_15.cpp:6) of constant 0 on local variable 'i' [18]  (1.32 ns)

 <State 2>: 2.82ns
The critical path consists of the following:
	'load' operation ('i', ./source/kp_502_15.cpp:6) on local variable 'i' [21]  (0 ns)
	'add' operation ('add_ln6', ./source/kp_502_15.cpp:6) [25]  (1.49 ns)
	'store' operation ('store_ln6', ./source/kp_502_15.cpp:6) of variable 'add_ln6', ./source/kp_502_15.cpp:6 on local variable 'i' [43]  (1.32 ns)

 <State 3>: 10.8ns
The critical path consists of the following:
	'load' operation ('temp_x', ./source/kp_502_15.cpp:8) on array 'x' [30]  (1.75 ns)
	'mul' operation ('mul_ln9', ./source/kp_502_15.cpp:9) [33]  (6.88 ns)
	'add' operation ('add_ln9', ./source/kp_502_15.cpp:9) [36]  (2.18 ns)

 <State 4>: 10.8ns
The critical path consists of the following:
	'mul' operation ('mul_ln9_1', ./source/kp_502_15.cpp:9) [37]  (6.88 ns)
	'add' operation ('add_ln9_1', ./source/kp_502_15.cpp:9) [40]  (2.18 ns)
	'store' operation ('store_ln9', ./source/kp_502_15.cpp:9) of variable 'add_ln9_1', ./source/kp_502_15.cpp:9 on array 'r' [42]  (1.75 ns)


============================================================
+ Verbose Summary: Binding
============================================================
N/A
* FSMD analyzer results:
  - Output states:
 - Input state : 
  - Chain level:
	State 1
	State 2
	State 3
	State 4


============================================================
+ Verbose Summary: Datapath Resource usage 
============================================================
N/A
