

================================================================
== Vitis HLS Report for 'kp_502_7'
================================================================
* Date:           Sun Feb 18 18:05:00 2024

* Version:        2021.2 (Build 3367213 on Tue Oct 19 02:48:09 MDT 2021)
* Project:        kp_502_7
* Solution:       sol2_3 (Vivado IP Flow Target)
* Product family: artix7
* Target device:  xc7a200t-sbv484-2


================================================================
== Performance Estimates
================================================================
+ Timing: 
    * Summary: 
    +------+----------+----------+------------+
    | Clock|  Target  | Estimated| Uncertainty|
    +------+----------+----------+------------+
    |clk   |  10.00 ns|  8.814 ns|     1.00 ns|
    +------+----------+----------+------------+

+ Latency: 
    * Summary: 
    +---------+---------+----------+----------+-----+-----+---------+
    |  Latency (cycles) |  Latency (absolute) |  Interval | Pipeline|
    |   min   |   max   |    min   |    max   | min | max |   Type  |
    +---------+---------+----------+----------+-----+-----+---------+
    |      167|      167|  1.670 us|  1.670 us|  168|  168|       no|
    +---------+---------+----------+----------+-----+-----+---------+

    + Detail: 
        * Instance: 
        N/A

        * Loop: 
        +----------+---------+---------+----------+-----------+-----------+------+----------+
        |          |  Latency (cycles) | Iteration|  Initiation Interval  | Trip |          |
        | Loop Name|   min   |   max   |  Latency |  achieved |   target  | Count| Pipelined|
        +----------+---------+---------+----------+-----------+-----------+------+----------+
        |- Loop    |      166|      166|        83|          -|          -|     2|        no|
        +----------+---------+---------+----------+-----------+-----------+------+----------+



================================================================
== Utilization Estimates
================================================================
* Summary: 
+-----------------+---------+-----+--------+--------+-----+
|       Name      | BRAM_18K| DSP |   FF   |   LUT  | URAM|
+-----------------+---------+-----+--------+--------+-----+
|DSP              |        -|    -|       -|       -|    -|
|Expression       |        -|    -|       0|     273|    -|
|FIFO             |        -|    -|       -|       -|    -|
|Instance         |        -|  112|    5952|    7936|    -|
|Memory           |        -|    -|       -|       -|    -|
|Multiplexer      |        -|    -|       -|     658|    -|
|Register         |        -|    -|    2649|       -|    -|
+-----------------+---------+-----+--------+--------+-----+
|Total            |        0|  112|    8601|    8867|    0|
+-----------------+---------+-----+--------+--------+-----+
|Available        |      730|  740|  269200|  134600|    0|
+-----------------+---------+-----+--------+--------+-----+
|Utilization (%)  |        0|   15|       3|       6|    0|
+-----------------+---------+-----+--------+--------+-----+

+ Detail: 
    * Instance: 
    +------------------------------------+--------------------------------+---------+----+-----+-----+-----+
    |              Instance              |             Module             | BRAM_18K| DSP|  FF | LUT | URAM|
    +------------------------------------+--------------------------------+---------+----+-----+-----+-----+
    |ddiv_64ns_64ns_64_31_no_dsp_1_U17   |ddiv_64ns_64ns_64_31_no_dsp_1   |        0|   0|    0|    0|    0|
    |ddiv_64ns_64ns_64_31_no_dsp_1_U18   |ddiv_64ns_64ns_64_31_no_dsp_1   |        0|   0|    0|    0|    0|
    |ddiv_64ns_64ns_64_31_no_dsp_1_U19   |ddiv_64ns_64ns_64_31_no_dsp_1   |        0|   0|    0|    0|    0|
    |ddiv_64ns_64ns_64_31_no_dsp_1_U20   |ddiv_64ns_64ns_64_31_no_dsp_1   |        0|   0|    0|    0|    0|
    |ddiv_64ns_64ns_64_31_no_dsp_1_U21   |ddiv_64ns_64ns_64_31_no_dsp_1   |        0|   0|    0|    0|    0|
    |ddiv_64ns_64ns_64_31_no_dsp_1_U22   |ddiv_64ns_64ns_64_31_no_dsp_1   |        0|   0|    0|    0|    0|
    |ddiv_64ns_64ns_64_31_no_dsp_1_U23   |ddiv_64ns_64ns_64_31_no_dsp_1   |        0|   0|    0|    0|    0|
    |ddiv_64ns_64ns_64_31_no_dsp_1_U24   |ddiv_64ns_64ns_64_31_no_dsp_1   |        0|   0|    0|    0|    0|
    |dmul_64ns_64ns_64_5_max_dsp_1_U9    |dmul_64ns_64ns_64_5_max_dsp_1   |        0|  11|  299|  204|    0|
    |dmul_64ns_64ns_64_5_max_dsp_1_U10   |dmul_64ns_64ns_64_5_max_dsp_1   |        0|  11|  299|  204|    0|
    |dmul_64ns_64ns_64_5_max_dsp_1_U11   |dmul_64ns_64ns_64_5_max_dsp_1   |        0|  11|  299|  204|    0|
    |dmul_64ns_64ns_64_5_max_dsp_1_U12   |dmul_64ns_64ns_64_5_max_dsp_1   |        0|  11|  299|  204|    0|
    |dmul_64ns_64ns_64_5_max_dsp_1_U13   |dmul_64ns_64ns_64_5_max_dsp_1   |        0|  11|  299|  204|    0|
    |dmul_64ns_64ns_64_5_max_dsp_1_U14   |dmul_64ns_64ns_64_5_max_dsp_1   |        0|  11|  299|  204|    0|
    |dmul_64ns_64ns_64_5_max_dsp_1_U15   |dmul_64ns_64ns_64_5_max_dsp_1   |        0|  11|  299|  204|    0|
    |dmul_64ns_64ns_64_5_max_dsp_1_U16   |dmul_64ns_64ns_64_5_max_dsp_1   |        0|  11|  299|  204|    0|
    |dsqrt_64ns_64ns_64_30_no_dsp_1_U25  |dsqrt_64ns_64ns_64_30_no_dsp_1  |        0|   0|    0|    0|    0|
    |dsqrt_64ns_64ns_64_30_no_dsp_1_U26  |dsqrt_64ns_64ns_64_30_no_dsp_1  |        0|   0|    0|    0|    0|
    |dsqrt_64ns_64ns_64_30_no_dsp_1_U27  |dsqrt_64ns_64ns_64_30_no_dsp_1  |        0|   0|    0|    0|    0|
    |dsqrt_64ns_64ns_64_30_no_dsp_1_U28  |dsqrt_64ns_64ns_64_30_no_dsp_1  |        0|   0|    0|    0|    0|
    |dsub_64ns_64ns_64_5_full_dsp_1_U1   |dsub_64ns_64ns_64_5_full_dsp_1  |        0|   3|  445|  788|    0|
    |dsub_64ns_64ns_64_5_full_dsp_1_U2   |dsub_64ns_64ns_64_5_full_dsp_1  |        0|   3|  445|  788|    0|
    |dsub_64ns_64ns_64_5_full_dsp_1_U3   |dsub_64ns_64ns_64_5_full_dsp_1  |        0|   3|  445|  788|    0|
    |dsub_64ns_64ns_64_5_full_dsp_1_U4   |dsub_64ns_64ns_64_5_full_dsp_1  |        0|   3|  445|  788|    0|
    |dsub_64ns_64ns_64_5_full_dsp_1_U5   |dsub_64ns_64ns_64_5_full_dsp_1  |        0|   3|  445|  788|    0|
    |dsub_64ns_64ns_64_5_full_dsp_1_U6   |dsub_64ns_64ns_64_5_full_dsp_1  |        0|   3|  445|  788|    0|
    |dsub_64ns_64ns_64_5_full_dsp_1_U7   |dsub_64ns_64ns_64_5_full_dsp_1  |        0|   3|  445|  788|    0|
    |dsub_64ns_64ns_64_5_full_dsp_1_U8   |dsub_64ns_64ns_64_5_full_dsp_1  |        0|   3|  445|  788|    0|
    +------------------------------------+--------------------------------+---------+----+-----+-----+-----+
    |Total                               |                                |        0| 112| 5952| 7936|    0|
    +------------------------------------+--------------------------------+---------+----+-----+-----+-----+

    * DSP: 
    N/A

    * Memory: 
    N/A

    * FIFO: 
    N/A

    * Expression: 
    +----------------------+----------+----+---+----+------------+------------+
    |     Variable Name    | Operation| DSP| FF| LUT| Bitwidth P0| Bitwidth P1|
    +----------------------+----------+----+---+----+------------+------------+
    |add_ln5_fu_622_p2     |         +|   0|  0|  13|           4|           3|
    |xor_ln16_1_fu_715_p2  |       xor|   0|  0|  65|          65|          64|
    |xor_ln16_2_fu_725_p2  |       xor|   0|  0|  65|          65|          64|
    |xor_ln16_3_fu_735_p2  |       xor|   0|  0|  65|          65|          64|
    |xor_ln16_fu_705_p2    |       xor|   0|  0|  65|          65|          64|
    +----------------------+----------+----+---+----+------------+------------+
    |Total                 |          |   0|  0| 273|         264|         259|
    +----------------------+----------+----+---+----+------------+------------+

    * Multiplexer: 
    +---------------+-----+-----------+-----+-----------+
    |      Name     | LUT | Input Size| Bits| Total Bits|
    +---------------+-----+-----------+-----+-----------+
    |ap_NS_fsm      |  409|         85|    1|         85|
    |grp_fu_410_p0  |   13|          3|   64|        192|
    |grp_fu_410_p1  |   13|          3|   64|        192|
    |grp_fu_414_p0  |   13|          3|   64|        192|
    |grp_fu_414_p1  |   13|          3|   64|        192|
    |grp_fu_418_p0  |   13|          3|   64|        192|
    |grp_fu_418_p1  |   13|          3|   64|        192|
    |grp_fu_422_p0  |   13|          3|   64|        192|
    |grp_fu_422_p1  |   13|          3|   64|        192|
    |grp_fu_442_p0  |   17|          4|   64|        256|
    |grp_fu_442_p1  |   17|          4|   64|        256|
    |grp_fu_447_p0  |   17|          4|   64|        256|
    |grp_fu_447_p1  |   17|          4|   64|        256|
    |grp_fu_452_p0  |   17|          4|   64|        256|
    |grp_fu_452_p1  |   17|          4|   64|        256|
    |grp_fu_457_p0  |   17|          4|   64|        256|
    |grp_fu_457_p1  |   17|          4|   64|        256|
    |i_fu_94        |    9|          2|    4|          8|
    +---------------+-----+-----------+-----+-----------+
    |Total          |  658|        143| 1029|       3677|
    +---------------+-----+-----------+-----+-----------+

    * Register: 
    +-------------------+----+----+-----+-----------+
    |        Name       | FF | LUT| Bits| Const Bits|
    +-------------------+----+----+-----+-----------+
    |A_0_load_reg_839   |  64|   0|   64|          0|
    |A_1_load_reg_844   |  64|   0|   64|          0|
    |A_2_load_reg_849   |  64|   0|   64|          0|
    |A_3_load_reg_854   |  64|   0|   64|          0|
    |B_0_load_reg_919   |  64|   0|   64|          0|
    |B_1_load_reg_930   |  64|   0|   64|          0|
    |B_2_load_reg_941   |  64|   0|   64|          0|
    |B_3_load_reg_952   |  64|   0|   64|          0|
    |C_0_load_reg_925   |  64|   0|   64|          0|
    |C_1_load_reg_936   |  64|   0|   64|          0|
    |C_2_load_reg_947   |  64|   0|   64|          0|
    |C_3_load_reg_958   |  64|   0|   64|          0|
    |add_2_reg_1080     |  64|   0|   64|          0|
    |add_3_reg_1090     |  64|   0|   64|          0|
    |ap_CS_fsm          |  84|   0|   84|          0|
    |i_fu_94            |   4|   0|    4|          0|
    |mul6_2_reg_1016    |  64|   0|   64|          0|
    |mul6_3_reg_1026    |  64|   0|   64|          0|
    |mul_2_reg_1011     |  64|   0|   64|          0|
    |mul_3_reg_1021     |  64|   0|   64|          0|
    |reg_534            |  64|   0|   64|          0|
    |reg_542            |  64|   0|   64|          0|
    |reg_550            |  64|   0|   64|          0|
    |reg_558            |  64|   0|   64|          0|
    |reg_566            |  64|   0|   64|          0|
    |reg_572            |  64|   0|   64|          0|
    |reg_578            |  64|   0|   64|          0|
    |reg_584            |  64|   0|   64|          0|
    |sub12_2_reg_1075   |  64|   0|   64|          0|
    |sub12_3_reg_1085   |  64|   0|   64|          0|
    |temp_A_1_reg_864   |  64|   0|   64|          0|
    |temp_A_2_reg_869   |  64|   0|   64|          0|
    |temp_A_3_reg_874   |  64|   0|   64|          0|
    |temp_A_reg_859     |  64|   0|   64|          0|
    |temp_B_1_reg_975   |  64|   0|   64|          0|
    |temp_B_2_reg_987   |  64|   0|   64|          0|
    |temp_B_3_reg_999   |  64|   0|   64|          0|
    |temp_B_reg_963     |  64|   0|   64|          0|
    |temp_D_1_reg_1037  |  64|   0|   64|          0|
    |temp_D_2_reg_1043  |  64|   0|   64|          0|
    |temp_D_3_reg_1049  |  64|   0|   64|          0|
    |temp_D_reg_1031    |  64|   0|   64|          0|
    |zext_ln6_reg_795   |   1|   0|   64|         63|
    +-------------------+----+----+-----+-----------+
    |Total              |2649|   0| 2712|         63|
    +-------------------+----+----+-----+-----------+



================================================================
== Interface
================================================================
* Summary: 
+-------------------+-----+-----+------------+--------------+--------------+
|     RTL Ports     | Dir | Bits|  Protocol  | Source Object|    C Type    |
+-------------------+-----+-----+------------+--------------+--------------+
|ap_local_block     |  out|    1|  ap_ctrl_hs|      kp_502_7|  return value|
|ap_local_deadlock  |  out|    1|  ap_ctrl_hs|      kp_502_7|  return value|
|ap_clk             |   in|    1|  ap_ctrl_hs|      kp_502_7|  return value|
|ap_rst             |   in|    1|  ap_ctrl_hs|      kp_502_7|  return value|
|ap_start           |   in|    1|  ap_ctrl_hs|      kp_502_7|  return value|
|ap_done            |  out|    1|  ap_ctrl_hs|      kp_502_7|  return value|
|ap_idle            |  out|    1|  ap_ctrl_hs|      kp_502_7|  return value|
|ap_ready           |  out|    1|  ap_ctrl_hs|      kp_502_7|  return value|
|A_0_address0       |  out|    1|   ap_memory|           A_0|         array|
|A_0_ce0            |  out|    1|   ap_memory|           A_0|         array|
|A_0_q0             |   in|   64|   ap_memory|           A_0|         array|
|A_1_address0       |  out|    1|   ap_memory|           A_1|         array|
|A_1_ce0            |  out|    1|   ap_memory|           A_1|         array|
|A_1_q0             |   in|   64|   ap_memory|           A_1|         array|
|A_2_address0       |  out|    1|   ap_memory|           A_2|         array|
|A_2_ce0            |  out|    1|   ap_memory|           A_2|         array|
|A_2_q0             |   in|   64|   ap_memory|           A_2|         array|
|A_3_address0       |  out|    1|   ap_memory|           A_3|         array|
|A_3_ce0            |  out|    1|   ap_memory|           A_3|         array|
|A_3_q0             |   in|   64|   ap_memory|           A_3|         array|
|B_0_address0       |  out|    1|   ap_memory|           B_0|         array|
|B_0_ce0            |  out|    1|   ap_memory|           B_0|         array|
|B_0_q0             |   in|   64|   ap_memory|           B_0|         array|
|B_1_address0       |  out|    1|   ap_memory|           B_1|         array|
|B_1_ce0            |  out|    1|   ap_memory|           B_1|         array|
|B_1_q0             |   in|   64|   ap_memory|           B_1|         array|
|B_2_address0       |  out|    1|   ap_memory|           B_2|         array|
|B_2_ce0            |  out|    1|   ap_memory|           B_2|         array|
|B_2_q0             |   in|   64|   ap_memory|           B_2|         array|
|B_3_address0       |  out|    1|   ap_memory|           B_3|         array|
|B_3_ce0            |  out|    1|   ap_memory|           B_3|         array|
|B_3_q0             |   in|   64|   ap_memory|           B_3|         array|
|C_0_address0       |  out|    1|   ap_memory|           C_0|         array|
|C_0_ce0            |  out|    1|   ap_memory|           C_0|         array|
|C_0_q0             |   in|   64|   ap_memory|           C_0|         array|
|C_1_address0       |  out|    1|   ap_memory|           C_1|         array|
|C_1_ce0            |  out|    1|   ap_memory|           C_1|         array|
|C_1_q0             |   in|   64|   ap_memory|           C_1|         array|
|C_2_address0       |  out|    1|   ap_memory|           C_2|         array|
|C_2_ce0            |  out|    1|   ap_memory|           C_2|         array|
|C_2_q0             |   in|   64|   ap_memory|           C_2|         array|
|C_3_address0       |  out|    1|   ap_memory|           C_3|         array|
|C_3_ce0            |  out|    1|   ap_memory|           C_3|         array|
|C_3_q0             |   in|   64|   ap_memory|           C_3|         array|
|X1_0_address0      |  out|    1|   ap_memory|          X1_0|         array|
|X1_0_ce0           |  out|    1|   ap_memory|          X1_0|         array|
|X1_0_we0           |  out|    1|   ap_memory|          X1_0|         array|
|X1_0_d0            |  out|   64|   ap_memory|          X1_0|         array|
|X1_1_address0      |  out|    1|   ap_memory|          X1_1|         array|
|X1_1_ce0           |  out|    1|   ap_memory|          X1_1|         array|
|X1_1_we0           |  out|    1|   ap_memory|          X1_1|         array|
|X1_1_d0            |  out|   64|   ap_memory|          X1_1|         array|
|X1_2_address0      |  out|    1|   ap_memory|          X1_2|         array|
|X1_2_ce0           |  out|    1|   ap_memory|          X1_2|         array|
|X1_2_we0           |  out|    1|   ap_memory|          X1_2|         array|
|X1_2_d0            |  out|   64|   ap_memory|          X1_2|         array|
|X1_3_address0      |  out|    1|   ap_memory|          X1_3|         array|
|X1_3_ce0           |  out|    1|   ap_memory|          X1_3|         array|
|X1_3_we0           |  out|    1|   ap_memory|          X1_3|         array|
|X1_3_d0            |  out|   64|   ap_memory|          X1_3|         array|
|X2_0_address0      |  out|    1|   ap_memory|          X2_0|         array|
|X2_0_ce0           |  out|    1|   ap_memory|          X2_0|         array|
|X2_0_we0           |  out|    1|   ap_memory|          X2_0|         array|
|X2_0_d0            |  out|   64|   ap_memory|          X2_0|         array|
|X2_1_address0      |  out|    1|   ap_memory|          X2_1|         array|
|X2_1_ce0           |  out|    1|   ap_memory|          X2_1|         array|
|X2_1_we0           |  out|    1|   ap_memory|          X2_1|         array|
|X2_1_d0            |  out|   64|   ap_memory|          X2_1|         array|
|X2_2_address0      |  out|    1|   ap_memory|          X2_2|         array|
|X2_2_ce0           |  out|    1|   ap_memory|          X2_2|         array|
|X2_2_we0           |  out|    1|   ap_memory|          X2_2|         array|
|X2_2_d0            |  out|   64|   ap_memory|          X2_2|         array|
|X2_3_address0      |  out|    1|   ap_memory|          X2_3|         array|
|X2_3_ce0           |  out|    1|   ap_memory|          X2_3|         array|
|X2_3_we0           |  out|    1|   ap_memory|          X2_3|         array|
|X2_3_d0            |  out|   64|   ap_memory|          X2_3|         array|
|D_0_address0       |  out|    1|   ap_memory|           D_0|         array|
|D_0_ce0            |  out|    1|   ap_memory|           D_0|         array|
|D_0_we0            |  out|    1|   ap_memory|           D_0|         array|
|D_0_d0             |  out|   64|   ap_memory|           D_0|         array|
|D_1_address0       |  out|    1|   ap_memory|           D_1|         array|
|D_1_ce0            |  out|    1|   ap_memory|           D_1|         array|
|D_1_we0            |  out|    1|   ap_memory|           D_1|         array|
|D_1_d0             |  out|   64|   ap_memory|           D_1|         array|
|D_2_address0       |  out|    1|   ap_memory|           D_2|         array|
|D_2_ce0            |  out|    1|   ap_memory|           D_2|         array|
|D_2_we0            |  out|    1|   ap_memory|           D_2|         array|
|D_2_d0             |  out|   64|   ap_memory|           D_2|         array|
|D_3_address0       |  out|    1|   ap_memory|           D_3|         array|
|D_3_ce0            |  out|    1|   ap_memory|           D_3|         array|
|D_3_we0            |  out|    1|   ap_memory|           D_3|         array|
|D_3_d0             |  out|   64|   ap_memory|           D_3|         array|
+-------------------+-----+-----+------------+--------------+--------------+

