

================================================================
== Vitis HLS Report for 'lab7_z2'
================================================================
* Date:           Tue Dec  5 18:22:30 2023

* Version:        2021.2 (Build 3367213 on Tue Oct 19 02:48:09 MDT 2021)
* Project:        lab7_z2
* Solution:       sol1 (Vivado IP Flow Target)
* Product family: artix7
* Target device:  xc7a100t-csg324-2


================================================================
== Performance Estimates
================================================================
+ Timing: 
    * Summary: 
    +------+----------+----------+------------+
    | Clock|  Target  | Estimated| Uncertainty|
    +------+----------+----------+------------+
    |clk   |  10.00 ns|  8.567 ns|     1.00 ns|
    +------+----------+----------+------------+

+ Latency: 
    * Summary: 
    +---------+---------+-----------+-----------+------+------+---------+
    |  Latency (cycles) |   Latency (absolute)  |   Interval  | Pipeline|
    |   min   |   max   |    min    |    max    |  min |  max |   Type  |
    +---------+---------+-----------+-----------+------+------+---------+
    |     1025|     1025|  10.250 us|  10.250 us|  1026|  1026|       no|
    +---------+---------+-----------+-----------+------+------+---------+

    + Detail: 
        * Instance: 
        N/A

        * Loop: 
        +----------+---------+---------+----------+-----------+-----------+------+----------+
        |          |  Latency (cycles) | Iteration|  Initiation Interval  | Trip |          |
        | Loop Name|   min   |   max   |  Latency |  achieved |   target  | Count| Pipelined|
        +----------+---------+---------+----------+-----------+-----------+------+----------+
        |- Mult    |     1024|     1024|         8|          -|          -|   128|        no|
        +----------+---------+---------+----------+-----------+-----------+------+----------+



================================================================
== Utilization Estimates
================================================================
* Summary: 
+-----------------+---------+-----+--------+-------+-----+
|       Name      | BRAM_18K| DSP |   FF   |  LUT  | URAM|
+-----------------+---------+-----+--------+-------+-----+
|DSP              |        -|    -|       -|      -|    -|
|Expression       |        -|    -|       0|     26|    -|
|FIFO             |        -|    -|       -|      -|    -|
|Instance         |        -|   11|     299|    204|    -|
|Memory           |        -|    -|       -|      -|    -|
|Multiplexer      |        -|    -|       -|     50|    -|
|Register         |        -|    -|     217|      -|    -|
+-----------------+---------+-----+--------+-------+-----+
|Total            |        0|   11|     516|    280|    0|
+-----------------+---------+-----+--------+-------+-----+
|Available        |      270|  240|  126800|  63400|    0|
+-----------------+---------+-----+--------+-------+-----+
|Utilization (%)  |        0|    4|      ~0|     ~0|    0|
+-----------------+---------+-----+--------+-------+-----+

+ Detail: 
    * Instance: 
    +----------------------------------+-------------------------------+---------+----+-----+-----+-----+
    |             Instance             |             Module            | BRAM_18K| DSP|  FF | LUT | URAM|
    +----------------------------------+-------------------------------+---------+----+-----+-----+-----+
    |dmul_64ns_64ns_64_5_max_dsp_1_U1  |dmul_64ns_64ns_64_5_max_dsp_1  |        0|  11|  299|  204|    0|
    +----------------------------------+-------------------------------+---------+----+-----+-----+-----+
    |Total                             |                               |        0|  11|  299|  204|    0|
    +----------------------------------+-------------------------------+---------+----+-----+-----+-----+

    * DSP: 
    N/A

    * Memory: 
    N/A

    * FIFO: 
    N/A

    * Expression: 
    +--------------------+----------+----+---+----+------------+------------+
    |    Variable Name   | Operation| DSP| FF| LUT| Bitwidth P0| Bitwidth P1|
    +--------------------+----------+----+---+----+------------+------------+
    |add_ln8_fu_121_p2   |         +|   0|  0|  15|           8|           1|
    |icmp_ln8_fu_115_p2  |      icmp|   0|  0|  11|           8|           9|
    +--------------------+----------+----+---+----+------------+------------+
    |Total               |          |   0|  0|  26|          16|          10|
    +--------------------+----------+----+---+----+------------+------------+

    * Multiplexer: 
    +-----------+----+-----------+-----+-----------+
    |    Name   | LUT| Input Size| Bits| Total Bits|
    +-----------+----+-----------+-----+-----------+
    |ap_NS_fsm  |  41|         10|    1|         10|
    |i_fu_54    |   9|          2|    8|         16|
    +-----------+----+-----------+-----+-----------+
    |Total      |  50|         12|    9|         26|
    +-----------+----+-----------+-----+-----------+

    * Register: 
    +-------------------+----+----+-----+-----------+
    |        Name       | FF | LUT| Bits| Const Bits|
    +-------------------+----+----+-----+-----------+
    |ap_CS_fsm          |   9|   0|    9|          0|
    |b_load_reg_169     |  64|   0|   64|          0|
    |c_load_reg_174     |  64|   0|   64|          0|
    |i_fu_54            |   8|   0|    8|          0|
    |temp_mult_reg_189  |  64|   0|   64|          0|
    |zext_ln8_reg_151   |   8|   0|   64|         56|
    +-------------------+----+----+-----+-----------+
    |Total              | 217|   0|  273|         56|
    +-------------------+----+----+-----+-----------+



================================================================
== Interface
================================================================
* Summary: 
+-------------------+-----+-----+------------+--------------+--------------+
|     RTL Ports     | Dir | Bits|  Protocol  | Source Object|    C Type    |
+-------------------+-----+-----+------------+--------------+--------------+
|ap_local_block     |  out|    1|  ap_ctrl_hs|       lab7_z2|  return value|
|ap_local_deadlock  |  out|    1|  ap_ctrl_hs|       lab7_z2|  return value|
|ap_clk             |   in|    1|  ap_ctrl_hs|       lab7_z2|  return value|
|ap_rst             |   in|    1|  ap_ctrl_hs|       lab7_z2|  return value|
|ap_start           |   in|    1|  ap_ctrl_hs|       lab7_z2|  return value|
|ap_done            |  out|    1|  ap_ctrl_hs|       lab7_z2|  return value|
|ap_idle            |  out|    1|  ap_ctrl_hs|       lab7_z2|  return value|
|ap_ready           |  out|    1|  ap_ctrl_hs|       lab7_z2|  return value|
|a_address0         |  out|    7|   ap_memory|             a|         array|
|a_ce0              |  out|    1|   ap_memory|             a|         array|
|a_we0              |  out|    1|   ap_memory|             a|         array|
|a_d0               |  out|   64|   ap_memory|             a|         array|
|b_address0         |  out|    7|   ap_memory|             b|         array|
|b_ce0              |  out|    1|   ap_memory|             b|         array|
|b_q0               |   in|   64|   ap_memory|             b|         array|
|c_address0         |  out|    7|   ap_memory|             c|         array|
|c_ce0              |  out|    1|   ap_memory|             c|         array|
|c_q0               |   in|   64|   ap_memory|             c|         array|
+-------------------+-----+-----+------------+--------------+--------------+

