

================================================================
== Synthesis Summary Report of 'kp_502_7'
================================================================
+ General Information: 
    * Date:           Sat Mar 23 17:43:59 2024
    * Version:        2021.2 (Build 3367213 on Tue Oct 19 02:48:09 MDT 2021)
    * Project:        kp_502_7
    * Solution:       sol2_2 (Vivado IP Flow Target)
    * Product family: artix7
    * Target device:  xc7a200t-sbv484-2
    

+ Performance & Resource Estimates: 
    
    PS: '+' for module; 'o' for loop; '*' for dataflow
    +------------------------+------+------+---------+-----------+----------+---------+------+----------+------+---------+-----------+-----------+-----+
    |         Modules        | Issue|      | Latency |  Latency  | Iteration|         | Trip |          |      |         |           |           |     |
    |         & Loops        | Type | Slack| (cycles)|    (ns)   |  Latency | Interval| Count| Pipelined| BRAM |   DSP   |     FF    |    LUT    | URAM|
    +------------------------+------+------+---------+-----------+----------+---------+------+----------+------+---------+-----------+-----------+-----+
    |+ kp_502_7              |     -|  0.00|      225|  1.350e+03|         -|      226|     -|        no|     -|  12 (1%)|  4581 (1%)|  4501 (3%)|    -|
    | o Loop                 |     -|  5.00|      224|  1.344e+03|        56|        -|     4|        no|     -|        -|          -|          -|    -|
    |  + sqrt_fixed_32_32_s  |    II|  0.06|       10|     60.000|         -|        1|     -|       yes|     -|        -|  803 (~0%)|  1385 (1%)|    -|
    |  + sqrt_fixed_32_32_s  |    II|  0.06|       10|     60.000|         -|        1|     -|       yes|     -|        -|  803 (~0%)|  1385 (1%)|    -|
    +------------------------+------+------+---------+-----------+----------+---------+------+----------+------+---------+-----------+-----------+-----+


================================================================
== HW Interfaces
================================================================
* AP_MEMORY
+---------------+----------+
| Interface     | Bitwidth |
+---------------+----------+
| A_0_address0  | 2        |
| A_0_q0        | 32       |
| A_1_address0  | 2        |
| A_1_q0        | 32       |
| B_0_address0  | 2        |
| B_0_q0        | 32       |
| B_1_address0  | 2        |
| B_1_q0        | 32       |
| C_0_address0  | 2        |
| C_0_q0        | 32       |
| C_1_address0  | 2        |
| C_1_q0        | 32       |
| D_0_address0  | 2        |
| D_0_d0        | 32       |
| D_1_address0  | 2        |
| D_1_d0        | 32       |
| X1_0_address0 | 2        |
| X1_0_d0       | 32       |
| X1_1_address0 | 2        |
| X1_1_d0       | 32       |
| X2_0_address0 | 2        |
| X2_0_d0       | 32       |
| X2_1_address0 | 2        |
| X2_1_d0       | 32       |
+---------------+----------+

* TOP LEVEL CONTROL
+-----------+------------+-----------------------------------+
| Interface | Type       | Ports                             |
+-----------+------------+-----------------------------------+
| ap_clk    | clock      | ap_clk                            |
| ap_rst    | reset      | ap_rst                            |
| ap_ctrl   | ap_ctrl_hs | ap_done ap_idle ap_ready ap_start |
+-----------+------------+-----------------------------------+


================================================================
== SW I/O Information
================================================================
* Top Function Arguments
+----------+-----------+----------+
| Argument | Direction | Datatype |
+----------+-----------+----------+
| A        | in        | int*     |
| B        | in        | int*     |
| C        | in        | int*     |
| X1       | out       | int*     |
| X2       | out       | int*     |
| D        | out       | int*     |
+----------+-----------+----------+

* SW-to-HW Mapping
+----------+---------------+---------+----------+
| Argument | HW Interface  | HW Type | HW Usage |
+----------+---------------+---------+----------+
| A        | A_0_address0  | port    | offset   |
| A        | A_0_ce0       | port    |          |
| A        | A_0_q0        | port    |          |
| A        | A_1_address0  | port    | offset   |
| A        | A_1_ce0       | port    |          |
| A        | A_1_q0        | port    |          |
| B        | B_0_address0  | port    | offset   |
| B        | B_0_ce0       | port    |          |
| B        | B_0_q0        | port    |          |
| B        | B_1_address0  | port    | offset   |
| B        | B_1_ce0       | port    |          |
| B        | B_1_q0        | port    |          |
| C        | C_0_address0  | port    | offset   |
| C        | C_0_ce0       | port    |          |
| C        | C_0_q0        | port    |          |
| C        | C_1_address0  | port    | offset   |
| C        | C_1_ce0       | port    |          |
| C        | C_1_q0        | port    |          |
| X1       | X1_0_address0 | port    | offset   |
| X1       | X1_0_ce0      | port    |          |
| X1       | X1_0_we0      | port    |          |
| X1       | X1_0_d0       | port    |          |
| X1       | X1_1_address0 | port    | offset   |
| X1       | X1_1_ce0      | port    |          |
| X1       | X1_1_we0      | port    |          |
| X1       | X1_1_d0       | port    |          |
| X2       | X2_0_address0 | port    | offset   |
| X2       | X2_0_ce0      | port    |          |
| X2       | X2_0_we0      | port    |          |
| X2       | X2_0_d0       | port    |          |
| X2       | X2_1_address0 | port    | offset   |
| X2       | X2_1_ce0      | port    |          |
| X2       | X2_1_we0      | port    |          |
| X2       | X2_1_d0       | port    |          |
| D        | D_0_address0  | port    | offset   |
| D        | D_0_ce0       | port    |          |
| D        | D_0_we0       | port    |          |
| D        | D_0_d0        | port    |          |
| D        | D_1_address0  | port    | offset   |
| D        | D_1_ce0       | port    |          |
| D        | D_1_we0       | port    |          |
| D        | D_1_d0        | port    |          |
+----------+---------------+---------+----------+


================================================================
== Bind Op Report
================================================================
+----------------------------+-----+--------+--------------+-----+--------+---------+
| Name                       | DSP | Pragma | Variable     | Op  | Impl   | Latency |
+----------------------------+-----+--------+--------------+-----+--------+---------+
| + kp_502_7                 | 12  |        |              |     |        |         |
|   mul_32s_32s_32_3_1_U2    | 3   |        | mul_ln13     | mul | auto   | 2       |
|   mul_32s_32s_32_3_1_U3    | 3   |        | mul_ln13_1   | mul | auto   | 2       |
|   xf_V_fu_312_p2           | -   |        | xf_V         | sub | fabric | 0       |
|   add_ln19_fu_332_p2       | -   |        | add_ln19     | add | fabric | 0       |
|   X1_0_d0                  | -   |        | sub_ln19     | sub | fabric | 0       |
|   sub_ln20_fu_337_p2       | -   |        | sub_ln20     | sub | fabric | 0       |
|   mul_32s_32s_32_3_1_U4    | 3   |        | mul_ln13_2   | mul | auto   | 2       |
|   mul_32s_32s_32_3_1_U5    | 3   |        | mul_ln13_3   | mul | auto   | 2       |
|   xf_V_1_fu_323_p2         | -   |        | xf_V_1       | sub | fabric | 0       |
|   add_ln19_1_fu_345_p2     | -   |        | add_ln19_1   | add | fabric | 0       |
|   X1_1_d0                  | -   |        | sub_ln19_1   | sub | fabric | 0       |
|   sub_ln20_1_fu_350_p2     | -   |        | sub_ln20_1   | sub | fabric | 0       |
|   add_ln8_fu_280_p2        | -   |        | add_ln8      | add | fabric | 0       |
|  + sqrt_fixed_32_32_s      | 0   |        |              |     |        |         |
|    add_ln219_fu_246_p2     | -   |        | add_ln219    | add | fabric | 0       |
|    sub_ln219_fu_318_p2     | -   |        | sub_ln219    | sub | fabric | 0       |
|    sub_ln219_1_fu_398_p2   | -   |        | sub_ln219_1  | sub | fabric | 0       |
|    sub_ln219_2_fu_475_p2   | -   |        | sub_ln219_2  | sub | fabric | 0       |
|    sub_ln219_3_fu_555_p2   | -   |        | sub_ln219_3  | sub | fabric | 0       |
|    sub_ln219_4_fu_632_p2   | -   |        | sub_ln219_4  | sub | fabric | 0       |
|    sub_ln219_5_fu_712_p2   | -   |        | sub_ln219_5  | sub | fabric | 0       |
|    sub_ln219_6_fu_789_p2   | -   |        | sub_ln219_6  | sub | fabric | 0       |
|    sub_ln219_7_fu_864_p2   | -   |        | sub_ln219_7  | sub | fabric | 0       |
|    sub_ln219_8_fu_944_p2   | -   |        | sub_ln219_8  | sub | fabric | 0       |
|    sub_ln219_9_fu_1021_p2  | -   |        | sub_ln219_9  | sub | fabric | 0       |
|    sub_ln219_10_fu_1096_p2 | -   |        | sub_ln219_10 | sub | fabric | 0       |
|    sub_ln219_11_fu_1176_p2 | -   |        | sub_ln219_11 | sub | fabric | 0       |
|    sub_ln219_12_fu_1253_p2 | -   |        | sub_ln219_12 | sub | fabric | 0       |
|    sub_ln219_13_fu_1328_p2 | -   |        | sub_ln219_13 | sub | fabric | 0       |
|    sub_ln219_14_fu_1387_p2 | -   |        | sub_ln219_14 | sub | fabric | 0       |
|    res_I_V_30_fu_1449_p2   | -   |        | res_I_V_30   | add | fabric | 0       |
|  + sqrt_fixed_32_32_s      | 0   |        |              |     |        |         |
|    add_ln219_fu_246_p2     | -   |        | add_ln219    | add | fabric | 0       |
|    sub_ln219_fu_318_p2     | -   |        | sub_ln219    | sub | fabric | 0       |
|    sub_ln219_1_fu_398_p2   | -   |        | sub_ln219_1  | sub | fabric | 0       |
|    sub_ln219_2_fu_475_p2   | -   |        | sub_ln219_2  | sub | fabric | 0       |
|    sub_ln219_3_fu_555_p2   | -   |        | sub_ln219_3  | sub | fabric | 0       |
|    sub_ln219_4_fu_632_p2   | -   |        | sub_ln219_4  | sub | fabric | 0       |
|    sub_ln219_5_fu_712_p2   | -   |        | sub_ln219_5  | sub | fabric | 0       |
|    sub_ln219_6_fu_789_p2   | -   |        | sub_ln219_6  | sub | fabric | 0       |
|    sub_ln219_7_fu_864_p2   | -   |        | sub_ln219_7  | sub | fabric | 0       |
|    sub_ln219_8_fu_944_p2   | -   |        | sub_ln219_8  | sub | fabric | 0       |
|    sub_ln219_9_fu_1021_p2  | -   |        | sub_ln219_9  | sub | fabric | 0       |
|    sub_ln219_10_fu_1096_p2 | -   |        | sub_ln219_10 | sub | fabric | 0       |
|    sub_ln219_11_fu_1176_p2 | -   |        | sub_ln219_11 | sub | fabric | 0       |
|    sub_ln219_12_fu_1253_p2 | -   |        | sub_ln219_12 | sub | fabric | 0       |
|    sub_ln219_13_fu_1328_p2 | -   |        | sub_ln219_13 | sub | fabric | 0       |
|    sub_ln219_14_fu_1387_p2 | -   |        | sub_ln219_14 | sub | fabric | 0       |
|    res_I_V_30_fu_1449_p2   | -   |        | res_I_V_30   | add | fabric | 0       |
+----------------------------+-----+--------+--------------+-----+--------+---------+


================================================================
== Bind Storage Report
================================================================
  No bind storage info in design

================================================================
== User Pragma Report
================================================================
* Valid Pragma Syntax
+-----------------+---------------------------------------+---------------------------+
| Type            | Options                               | Location                  |
+-----------------+---------------------------------------+---------------------------+
| array_partition | variable=A cyclic factor=2 dim=1      | DIRECTIVE in kp_502_7, A  |
| array_partition | variable=B cyclic factor=2 dim=1      | DIRECTIVE in kp_502_7, B  |
| array_partition | variable=C cyclic factor=2 dim=1      | DIRECTIVE in kp_502_7, C  |
| array_partition | variable=D cyclic factor=2 dim=1      | DIRECTIVE in kp_502_7, D  |
| array_partition | variable=X1 cyclic factor=2 dim=1     | DIRECTIVE in kp_502_7, X1 |
| array_partition | variable=X2 cyclic factor=2 dim=1     | DIRECTIVE in kp_502_7, X2 |
| interface       | ap_memory storage_type=ram_1p port=A  | DIRECTIVE in kp_502_7, A  |
| interface       | ap_memory storage_type=ram_1p port=B  | DIRECTIVE in kp_502_7, B  |
| interface       | ap_memory storage_type=ram_1p port=C  | DIRECTIVE in kp_502_7, C  |
| interface       | ap_memory storage_type=ram_1p port=D  | DIRECTIVE in kp_502_7, D  |
| interface       | ap_memory storage_type=ram_1p port=X1 | DIRECTIVE in kp_502_7, X1 |
| interface       | ap_memory storage_type=ram_1p port=X2 | DIRECTIVE in kp_502_7, X2 |
| pipeline        | off                                   | DIRECTIVE in kp_502_7     |
| unroll          | factor=2                              | DIRECTIVE in kp_502_7     |
+-----------------+---------------------------------------+---------------------------+


