

================================================================
== Vitis HLS Report for 'kp_502_7'
================================================================
* Date:           Sat Mar 23 17:43:59 2024

* Version:        2021.2 (Build 3367213 on Tue Oct 19 02:48:09 MDT 2021)
* Project:        kp_502_7
* Solution:       sol2_2 (Vivado IP Flow Target)
* Product family: artix7
* Target device:  xc7a200t-sbv484-2


================================================================
== Performance Estimates
================================================================
+ Timing: 
    * Summary: 
    +------+---------+----------+------------+
    | Clock|  Target | Estimated| Uncertainty|
    +------+---------+----------+------------+
    |clk   |  6.00 ns|  5.000 ns|     1.00 ns|
    +------+---------+----------+------------+

+ Latency: 
    * Summary: 
    +---------+---------+----------+----------+-----+-----+---------+
    |  Latency (cycles) |  Latency (absolute) |  Interval | Pipeline|
    |   min   |   max   |    min   |    max   | min | max |   Type  |
    +---------+---------+----------+----------+-----+-----+---------+
    |      225|      225|  1.350 us|  1.350 us|  226|  226|       no|
    +---------+---------+----------+----------+-----+-----+---------+

    + Detail: 
        * Instance: 
        +-------------------------------+--------------------+---------+---------+-----------+-----------+-----+-----+---------+
        |                               |                    |  Latency (cycles) |   Latency (absolute)  |  Interval | Pipeline|
        |            Instance           |       Module       |   min   |   max   |    min    |    max    | min | max |   Type  |
        +-------------------------------+--------------------+---------+---------+-----------+-----------+-----+-----+---------+
        |grp_sqrt_fixed_32_32_s_fu_234  |sqrt_fixed_32_32_s  |       10|       10|  60.000 ns|  60.000 ns|    1|    1|      yes|
        |grp_sqrt_fixed_32_32_s_fu_239  |sqrt_fixed_32_32_s  |       10|       10|  60.000 ns|  60.000 ns|    1|    1|      yes|
        +-------------------------------+--------------------+---------+---------+-----------+-----------+-----+-----+---------+

        * Loop: 
        +----------+---------+---------+----------+-----------+-----------+------+----------+
        |          |  Latency (cycles) | Iteration|  Initiation Interval  | Trip |          |
        | Loop Name|   min   |   max   |  Latency |  achieved |   target  | Count| Pipelined|
        +----------+---------+---------+----------+-----------+-----------+------+----------+
        |- Loop    |      224|      224|        56|          -|          -|     4|        no|
        +----------+---------+---------+----------+-----------+-----------+------+----------+



================================================================
== Utilization Estimates
================================================================
* Summary: 
+-----------------+---------+-----+--------+--------+-----+
|       Name      | BRAM_18K| DSP |   FF   |   LUT  | URAM|
+-----------------+---------+-----+--------+--------+-----+
|DSP              |        -|    -|       -|       -|    -|
|Expression       |        -|    -|       0|     325|    -|
|FIFO             |        -|    -|       -|       -|    -|
|Instance         |        -|   12|    3846|    3918|    -|
|Memory           |        -|    -|       -|       -|    -|
|Multiplexer      |        -|    -|       -|     258|    -|
|Register         |        -|    -|     735|       -|    -|
+-----------------+---------+-----+--------+--------+-----+
|Total            |        0|   12|    4581|    4501|    0|
+-----------------+---------+-----+--------+--------+-----+
|Available        |      730|  740|  269200|  134600|    0|
+-----------------+---------+-----+--------+--------+-----+
|Utilization (%)  |        0|    1|       1|       3|    0|
+-----------------+---------+-----+--------+--------+-----+

+ Detail: 
    * Instance: 
    +-------------------------------+----------------------------+---------+----+-----+------+-----+
    |            Instance           |           Module           | BRAM_18K| DSP|  FF |  LUT | URAM|
    +-------------------------------+----------------------------+---------+----+-----+------+-----+
    |mul_32s_32s_32_3_1_U2          |mul_32s_32s_32_3_1          |        0|   3|  166|    49|    0|
    |mul_32s_32s_32_3_1_U3          |mul_32s_32s_32_3_1          |        0|   3|  166|    49|    0|
    |mul_32s_32s_32_3_1_U4          |mul_32s_32s_32_3_1          |        0|   3|  166|    49|    0|
    |mul_32s_32s_32_3_1_U5          |mul_32s_32s_32_3_1          |        0|   3|  166|    49|    0|
    |sdiv_32ns_32ns_32_36_seq_1_U6  |sdiv_32ns_32ns_32_36_seq_1  |        0|   0|  394|   238|    0|
    |sdiv_32ns_32ns_32_36_seq_1_U7  |sdiv_32ns_32ns_32_36_seq_1  |        0|   0|  394|   238|    0|
    |sdiv_32ns_32ns_32_36_seq_1_U8  |sdiv_32ns_32ns_32_36_seq_1  |        0|   0|  394|   238|    0|
    |sdiv_32ns_32ns_32_36_seq_1_U9  |sdiv_32ns_32ns_32_36_seq_1  |        0|   0|  394|   238|    0|
    |grp_sqrt_fixed_32_32_s_fu_234  |sqrt_fixed_32_32_s          |        0|   0|  803|  1385|    0|
    |grp_sqrt_fixed_32_32_s_fu_239  |sqrt_fixed_32_32_s          |        0|   0|  803|  1385|    0|
    +-------------------------------+----------------------------+---------+----+-----+------+-----+
    |Total                          |                            |        0|  12| 3846|  3918|    0|
    +-------------------------------+----------------------------+---------+----+-----+------+-----+

    * DSP: 
    N/A

    * Memory: 
    N/A

    * FIFO: 
    N/A

    * Expression: 
    +----------------------+----------+----+---+----+------------+------------+
    |     Variable Name    | Operation| DSP| FF| LUT| Bitwidth P0| Bitwidth P1|
    +----------------------+----------+----+---+----+------------+------------+
    |add_ln19_1_fu_345_p2  |         +|   0|  0|  39|          32|          32|
    |add_ln19_fu_332_p2    |         +|   0|  0|  39|          32|          32|
    |add_ln8_fu_280_p2     |         +|   0|  0|  13|           4|           2|
    |D_0_d0                |         -|   0|  0|  39|          32|          32|
    |D_1_d0                |         -|   0|  0|  39|          32|          32|
    |X1_0_d0               |         -|   0|  0|  39|           1|          32|
    |X1_1_d0               |         -|   0|  0|  39|           1|          32|
    |sub_ln20_1_fu_350_p2  |         -|   0|  0|  39|          32|          32|
    |sub_ln20_fu_337_p2    |         -|   0|  0|  39|          32|          32|
    +----------------------+----------+----+---+----+------------+------------+
    |Total                 |          |   0|  0| 325|         198|         258|
    +----------------------+----------+----+---+----+------------+------------+

    * Multiplexer: 
    +-----------+-----+-----------+-----+-----------+
    |    Name   | LUT | Input Size| Bits| Total Bits|
    +-----------+-----+-----------+-----+-----------+
    |ap_NS_fsm  |  249|         58|    1|         58|
    |i_fu_74    |    9|          2|    4|          8|
    +-----------+-----+-----------+-----+-----------+
    |Total      |  258|         60|    5|         66|
    +-----------+-----+-----------+-----+-----------+

    * Register: 
    +---------------------+----+----+-----+-----------+
    |         Name        | FF | LUT| Bits| Const Bits|
    +---------------------+----+----+-----+-----------+
    |C_0_load_reg_461     |  32|   0|   32|          0|
    |C_1_load_reg_480     |  32|   0|   32|          0|
    |add_ln19_1_reg_535   |  32|   0|   32|          0|
    |add_ln19_reg_525     |  32|   0|   32|          0|
    |ap_CS_fsm            |  57|   0|   57|          0|
    |i_fu_74              |   4|   0|    4|          0|
    |mul_ln13_1_reg_490   |  32|   0|   32|          0|
    |mul_ln13_2_reg_495   |  32|   0|   32|          0|
    |mul_ln13_3_reg_500   |  32|   0|   32|          0|
    |mul_ln13_reg_485     |  32|   0|   32|          0|
    |p_Val2_33_reg_520    |  16|   0|   16|          0|
    |p_Val2_s_reg_515     |  16|   0|   16|          0|
    |sdiv_ln19_1_reg_557  |  32|   0|   32|          0|
    |sdiv_ln19_reg_567    |  32|   0|   32|          0|
    |sdiv_ln20_1_reg_572  |  32|   0|   32|          0|
    |sdiv_ln20_reg_562    |  32|   0|   32|          0|
    |sub_ln20_1_reg_540   |  32|   0|   32|          0|
    |sub_ln20_reg_530     |  32|   0|   32|          0|
    |temp_A_1_reg_474     |  32|   0|   32|          0|
    |temp_A_reg_455       |  32|   0|   32|          0|
    |temp_B_1_reg_466     |  32|   0|   32|          0|
    |temp_B_reg_447       |  32|   0|   32|          0|
    |xf_V_1_reg_510       |  32|   0|   32|          0|
    |xf_V_reg_505         |  32|   0|   32|          0|
    |zext_ln9_reg_407     |   2|   0|   64|         62|
    +---------------------+----+----+-----+-----------+
    |Total                | 735|   0|  797|         62|
    +---------------------+----+----+-----+-----------+



================================================================
== Interface
================================================================
* Summary: 
+-------------------+-----+-----+------------+--------------+--------------+
|     RTL Ports     | Dir | Bits|  Protocol  | Source Object|    C Type    |
+-------------------+-----+-----+------------+--------------+--------------+
|ap_local_block     |  out|    1|  ap_ctrl_hs|      kp_502_7|  return value|
|ap_local_deadlock  |  out|    1|  ap_ctrl_hs|      kp_502_7|  return value|
|ap_clk             |   in|    1|  ap_ctrl_hs|      kp_502_7|  return value|
|ap_rst             |   in|    1|  ap_ctrl_hs|      kp_502_7|  return value|
|ap_start           |   in|    1|  ap_ctrl_hs|      kp_502_7|  return value|
|ap_done            |  out|    1|  ap_ctrl_hs|      kp_502_7|  return value|
|ap_idle            |  out|    1|  ap_ctrl_hs|      kp_502_7|  return value|
|ap_ready           |  out|    1|  ap_ctrl_hs|      kp_502_7|  return value|
|A_0_address0       |  out|    2|   ap_memory|           A_0|         array|
|A_0_ce0            |  out|    1|   ap_memory|           A_0|         array|
|A_0_q0             |   in|   32|   ap_memory|           A_0|         array|
|A_1_address0       |  out|    2|   ap_memory|           A_1|         array|
|A_1_ce0            |  out|    1|   ap_memory|           A_1|         array|
|A_1_q0             |   in|   32|   ap_memory|           A_1|         array|
|B_0_address0       |  out|    2|   ap_memory|           B_0|         array|
|B_0_ce0            |  out|    1|   ap_memory|           B_0|         array|
|B_0_q0             |   in|   32|   ap_memory|           B_0|         array|
|B_1_address0       |  out|    2|   ap_memory|           B_1|         array|
|B_1_ce0            |  out|    1|   ap_memory|           B_1|         array|
|B_1_q0             |   in|   32|   ap_memory|           B_1|         array|
|C_0_address0       |  out|    2|   ap_memory|           C_0|         array|
|C_0_ce0            |  out|    1|   ap_memory|           C_0|         array|
|C_0_q0             |   in|   32|   ap_memory|           C_0|         array|
|C_1_address0       |  out|    2|   ap_memory|           C_1|         array|
|C_1_ce0            |  out|    1|   ap_memory|           C_1|         array|
|C_1_q0             |   in|   32|   ap_memory|           C_1|         array|
|X1_0_address0      |  out|    2|   ap_memory|          X1_0|         array|
|X1_0_ce0           |  out|    1|   ap_memory|          X1_0|         array|
|X1_0_we0           |  out|    1|   ap_memory|          X1_0|         array|
|X1_0_d0            |  out|   32|   ap_memory|          X1_0|         array|
|X1_1_address0      |  out|    2|   ap_memory|          X1_1|         array|
|X1_1_ce0           |  out|    1|   ap_memory|          X1_1|         array|
|X1_1_we0           |  out|    1|   ap_memory|          X1_1|         array|
|X1_1_d0            |  out|   32|   ap_memory|          X1_1|         array|
|X2_0_address0      |  out|    2|   ap_memory|          X2_0|         array|
|X2_0_ce0           |  out|    1|   ap_memory|          X2_0|         array|
|X2_0_we0           |  out|    1|   ap_memory|          X2_0|         array|
|X2_0_d0            |  out|   32|   ap_memory|          X2_0|         array|
|X2_1_address0      |  out|    2|   ap_memory|          X2_1|         array|
|X2_1_ce0           |  out|    1|   ap_memory|          X2_1|         array|
|X2_1_we0           |  out|    1|   ap_memory|          X2_1|         array|
|X2_1_d0            |  out|   32|   ap_memory|          X2_1|         array|
|D_0_address0       |  out|    2|   ap_memory|           D_0|         array|
|D_0_ce0            |  out|    1|   ap_memory|           D_0|         array|
|D_0_we0            |  out|    1|   ap_memory|           D_0|         array|
|D_0_d0             |  out|   32|   ap_memory|           D_0|         array|
|D_1_address0       |  out|    2|   ap_memory|           D_1|         array|
|D_1_ce0            |  out|    1|   ap_memory|           D_1|         array|
|D_1_we0            |  out|    1|   ap_memory|           D_1|         array|
|D_1_d0             |  out|   32|   ap_memory|           D_1|         array|
+-------------------+-----+-----+------------+--------------+--------------+

