INFO-FLOW: Workspace G:/Xilinx_lab/KP_502_7/kp_502_7/sol1 opened at Mon Feb 19 20:23:57 +0300 2024
Execute     ap_set_clock -name clk -period 6 -default=false 
INFO: [SYN 201-201] Setting up clock 'clk' with a period of 6ns.
Execute     ap_set_clock -name clk -uncertainty 1 
INFO: [SYN 201-201] Setting up clock 'clk' with an uncertainty of 1ns.
Execute     set_part xc7a200t-sbv484-2 
Execute       create_platform xc7a200t-sbv484-2 -board  
DBG:HLSDevice: Trying to load device library: G:/Xilinx/Vitis_HLS/2021.2\lib\win64.o\librdi_hlsvwrap.dll
DBG:HLSDevice: first parts/arch.xml in RDI_DATADIR: G:/Xilinx/Vivado/2021.2/data/parts/arch.xml
DBG:HLSDevice: init success
Execute         source G:/Xilinx/Vitis_HLS/2021.2/common/technology/xilinx/DSP48/dsp48.hlp 
Execute         source G:/Xilinx/Vitis_HLS/2021.2/common/technology/xilinx/DSP48/artix7_dsp48e1.hlp 
INFO: [HLS 200-1611] Setting target device to 'xc7a200t-sbv484-2'
Command       create_platform done; 1.437 sec.
Execute       source G:/Xilinx/Vitis_HLS/2021.2/common/technology/xilinx/common/xilinx.gen 
Execute         source G:/Xilinx/Vitis_HLS/2021.2/common/technology/xilinx/interface/plb46.gen 
Execute         source G:/Xilinx/Vitis_HLS/2021.2/common/technology/xilinx/interface/axi4.gen 
Execute         source G:/Xilinx/Vitis_HLS/2021.2/common/technology/xilinx/interface/nativeAXI4.gen 
Execute           source G:/Xilinx/Vitis_HLS/2021.2/common/technology/xilinx/interface/saxilite.gen 
Execute           source G:/Xilinx/Vitis_HLS/2021.2/common/technology/xilinx/interface/maxi.gen 
Execute         source G:/Xilinx/Vitis_HLS/2021.2/common/technology/xilinx/scripts/xilinxcoregen.gen 
Execute         source G:/Xilinx/Vitis_HLS/2021.2/common/technology/xilinx/interface/XilEDKCoreGen.gen 
Execute         source G:/Xilinx/Vitis_HLS/2021.2/common/technology/xilinx/ip/dds_compiler.gen 
Execute         source G:/Xilinx/Vitis_HLS/2021.2/common/technology/xilinx/ip/util.gen 
Execute         source G:/Xilinx/Vitis_HLS/2021.2/common/technology/xilinx/ip/xfft.gen 
Execute         source G:/Xilinx/Vitis_HLS/2021.2/common/technology/xilinx/ip/xfir.gen 
Execute         source G:/Xilinx/Vitis_HLS/2021.2/common/technology/xilinx/DSP48/dsp48.gen 
Command       ap_source done; 0.119 sec.
Execute       ap_part_info -name xc7a200t-sbv484-2 -data info 
Execute       config_compile -quiet -complex-mul-dsp=0 
Command     set_part done; 1.585 sec.
Execute     send_msg_by_id INFO @200-1505@%s%s  vivado 
INFO: [HLS 200-1505] Using flow_target 'vivado'
Execute     get_config_interface -m_axi_latency 
Execute     get_config_interface -m_axi_alignment_byte_size 
Execute     get_config_interface -m_axi_max_widen_bitwidth 
Execute     get_config_interface -default_interface 
Execute     get_config_rtl -register_reset_num 
Command   open_solution done; 1.603 sec.
Execute   set_part xc7a200t-sbv484-2 
INFO: [HLS 200-1510] Running: set_part xc7a200t-sbv484-2 
Execute     create_platform xc7a200t-sbv484-2 -board  
Execute       source G:/Xilinx/Vitis_HLS/2021.2/common/technology/xilinx/DSP48/dsp48.hlp 
Execute       source G:/Xilinx/Vitis_HLS/2021.2/common/technology/xilinx/DSP48/artix7_dsp48e1.hlp 
Execute     source G:/Xilinx/Vitis_HLS/2021.2/common/technology/xilinx/common/xilinx.gen 
Execute       source G:/Xilinx/Vitis_HLS/2021.2/common/technology/xilinx/interface/plb46.gen 
Execute       source G:/Xilinx/Vitis_HLS/2021.2/common/technology/xilinx/interface/axi4.gen 
Execute       source G:/Xilinx/Vitis_HLS/2021.2/common/technology/xilinx/interface/nativeAXI4.gen 
Execute         source G:/Xilinx/Vitis_HLS/2021.2/common/technology/xilinx/interface/saxilite.gen 
Execute         source G:/Xilinx/Vitis_HLS/2021.2/common/technology/xilinx/interface/maxi.gen 
Execute       source G:/Xilinx/Vitis_HLS/2021.2/common/technology/xilinx/scripts/xilinxcoregen.gen 
Execute       source G:/Xilinx/Vitis_HLS/2021.2/common/technology/xilinx/interface/XilEDKCoreGen.gen 
Execute       source G:/Xilinx/Vitis_HLS/2021.2/common/technology/xilinx/ip/dds_compiler.gen 
Execute       source G:/Xilinx/Vitis_HLS/2021.2/common/technology/xilinx/ip/util.gen 
Execute       source G:/Xilinx/Vitis_HLS/2021.2/common/technology/xilinx/ip/xfft.gen 
Execute       source G:/Xilinx/Vitis_HLS/2021.2/common/technology/xilinx/ip/xfir.gen 
Execute       source G:/Xilinx/Vitis_HLS/2021.2/common/technology/xilinx/DSP48/dsp48.gen 
Command     ap_source done; 0.113 sec.
Execute     ap_part_info -name xc7a200t-sbv484-2 -data info 
Execute     config_compile -quiet -complex-mul-dsp=0 
Command   set_part done; 0.16 sec.
Execute   create_clock -period 6 -name clk 
INFO: [HLS 200-1510] Running: create_clock -period 6 -name clk 
Execute   set_clock_uncertainty 1 
INFO: [HLS 200-1510] Running: set_clock_uncertainty 1 
Execute   source ./kp_502_7/sol1/directives.tcl 
Execute     set_directive_top -name kp_502_7 kp_502_7 
INFO: [HLS 200-1510] Running: set_directive_top -name kp_502_7 kp_502_7 
Execute     set_directive_pipeline -off kp_502_7/Loop 
INFO: [HLS 200-1510] Running: set_directive_pipeline -off kp_502_7/Loop 
Execute     set_directive_pipeline -off kp_502_7/While 
INFO: [HLS 200-1510] Running: set_directive_pipeline -off kp_502_7/While 
Execute   csynth_design 
INFO: [HLS 200-1510] Running: csynth_design 
Execute     get_config_compile -effort 
Execute     get_config_compile -enable_clang39 
Execute     get_config_compile -g 
Execute     get_config_compile -hw_syn 
Execute     get_config_compile -ng 
Execute     get_config_compile -opt_fp 
Execute     get_config_compile -skip_cdt 
Execute     get_config_compile -skip_syncheck 
Execute     get_config_compile -skip_transform 
Execute     get_config_compile -pre_tcl 
Execute     get_config_compile -keep_printf 
Execute     elaborate -effort=medium -skip_syncheck=0 -keep_printf=0 -skip_cdt=0 -skip_transform=0 -ng=0 -g=0 -opt_fp=0 -from_csynth_design=1 
INFO: [HLS 200-111] Finished File checks and directory preparation: CPU user time: 0 seconds. CPU system time: 0 seconds. Elapsed time: 0.016 seconds; current allocated memory: 1.255 GB.
INFO: [HLS 200-10] Analyzing design file './source/kp_502_7.cpp' ... 
INFO-FLOW: Compiling one TU...
Execute       get_config_compile -pragma_strict_mode 
INFO-FLOW: Handling ./source/kp_502_7.cpp as C++
Execute       ap_part_info -name xc7a200t-sbv484-2 -data info 
INFO-FLOW: Running: GCC PP 39
INFO-FLOW: Source preprocessing
Execute       ap_eval exec -ignorestderr G:/Xilinx/Vitis_HLS/2021.2/win64/tools/clang-3.9-csynth/bin/clang ./source/kp_502_7.cpp -foptimization-record-file=G:/Xilinx_lab/KP_502_7/kp_502_7/sol1/.autopilot/db/kp_502_7.cpp.clang.diag.yml -mllvm -pass-remarks-missed=reflow|pasta|unroll -mllvm -pass-remarks=reflow|pasta|unroll|inline -fno-limit-debug-info --sysroot G:/Xilinx/Vitis_HLS/2021.2/tps/mingw/6.2.0/win64.o/nt -fhls -fno-exceptions -E -fno-math-errno -c -emit-llvm -mllvm -disable-llvm-optzns -Werror=implicit-function-declaration -Werror=implicit-hls-streams -Werror=return-type -Wpragmas -Wunused-parameter -Wdump-hls-pragmas -fno-threadsafe-statics -fno-use-cxa-atexit -std=gnu++14 -target fpga64-xilinx-mingw32 -fno-threadsafe-statics -fno-use-cxa-atexit -D__VITIS_HLS__ -DAESL_SYN -D__SYNTHESIS__ -D__HLS_SYN__ -I G:/Xilinx/Vitis_HLS/2021.2/common/technology/autopilot -I G:/Xilinx/Vitis_HLS/2021.2/common/technology/autopilot/ap_sysc -include etc/autopilot_ssdm_op.h -D__DSP48E1__ -I /usr/include/x86_64-linux-gnu -o G:/Xilinx_lab/KP_502_7/kp_502_7/sol1/.autopilot/db/kp_502_7.pp.0.cpp -hls-platform-db-name=G:/Xilinx/Vitis_HLS/2021.2/common/technology/xilinx/common/platform.db -hls-platform-name=artix7_medium > G:/Xilinx_lab/KP_502_7/kp_502_7/sol1/.autopilot/db/kp_502_7.cpp.clang.out.log 2> G:/Xilinx_lab/KP_502_7/kp_502_7/sol1/.autopilot/db/kp_502_7.cpp.clang.err.log 
Command       ap_eval done; 0.21 sec.
INFO-FLOW: Done: GCC PP 39 time: 0.2 seconds per iteration
Execute       set_directive_top kp_502_7 -name=kp_502_7 
Execute       source G:/Xilinx/Vitis_HLS/2021.2/tps/tcl/tcllib1.11.1/yaml/huddle.tcl 
Execute       source G:/Xilinx/Vitis_HLS/2021.2/tps/tcl/tcllib1.11.1/yaml/json2huddle.tcl 
Execute         source G:/Xilinx/Vitis_HLS/2021.2/tps/tcl/tcllib1.11.1/try/try.tcl 
Execute       list_core -type functional_unit 
INFO-FLOW: Source syntax check for synthesis
Execute       ap_eval exec -ignorestderr G:/Xilinx/Vitis_HLS/2021.2/win64/tools/clang-3.9-csynth/bin/clang -foptimization-record-file=G:/Xilinx_lab/KP_502_7/kp_502_7/sol1/.autopilot/db/clang.diag.yml -mllvm -pass-remarks-missed=reflow|pasta|unroll -mllvm -pass-remarks=reflow|pasta|unroll|inline -fsyntax-only -fhls -target fpga64-xilinx-linux-gnu G:/Xilinx_lab/KP_502_7/kp_502_7/sol1/.autopilot/db/kp_502_7.pp.0.cpp -hls-platform-db-name=G:/Xilinx/Vitis_HLS/2021.2/common/technology/xilinx/common/platform.db -hls-platform-name=artix7_medium > G:/Xilinx_lab/KP_502_7/kp_502_7/sol1/.autopilot/db/clang.out.log 2> G:/Xilinx_lab/KP_502_7/kp_502_7/sol1/.autopilot/db/clang.err.log 
Command       ap_eval done; 2.967 sec.
Execute       clang_tidy xilinx-systemc-detector -desc systemc-detector G:/Xilinx_lab/KP_502_7/kp_502_7/sol1/.autopilot/db/kp_502_7.pp.0.cpp std=gnu++14 -target fpga  -directive=G:/Xilinx_lab/KP_502_7/kp_502_7/sol1/.autopilot/db/.systemc_flag 
INFO-FLOW: exec G:/Xilinx/Vitis_HLS/2021.2/win64/tools/clang-3.9-csynth/bin/clang-tidy -header-filter=.* --checks=-*,xilinx-systemc-detector -import-directive=G:/Xilinx_lab/KP_502_7/kp_502_7/sol1/.autopilot/db/.systemc_flag -fix-errors G:/Xilinx_lab/KP_502_7/kp_502_7/sol1/.autopilot/db/kp_502_7.pp.0.cpp -- -std=gnu++14 -target fpga -fhls -ferror-limit=0
Command       clang_tidy done; 3.109 sec.
INFO-FLOW: Running: clang-tidy CDT preprocess 39
Execute       clang_tidy xilinx-directive2pragma -desc directive2pragma G:/Xilinx_lab/KP_502_7/kp_502_7/sol1/.autopilot/db/kp_502_7.pp.0.cpp std=gnu++14 -target fpga  -directive=G:/Xilinx_lab/KP_502_7/kp_502_7/sol1/.autopilot/db/all.directive.json 
INFO-FLOW: exec G:/Xilinx/Vitis_HLS/2021.2/win64/tools/clang-3.9-csynth/bin/clang-tidy -header-filter=.* --checks=-*,xilinx-directive2pragma -import-directive=G:/Xilinx_lab/KP_502_7/kp_502_7/sol1/.autopilot/db/all.directive.json -fix-errors G:/Xilinx_lab/KP_502_7/kp_502_7/sol1/.autopilot/db/kp_502_7.pp.0.cpp -- -std=gnu++14 -target fpga -fhls -ferror-limit=0
Command       clang_tidy done; 3.509 sec.
Execute       clang_tidy xilinx-constantarray-param,xilinx-remove-assert -desc constantarray_remove-assert G:/Xilinx_lab/KP_502_7/kp_502_7/sol1/.autopilot/db/kp_502_7.pp.0.cpp std=gnu++14 -target fpga  
INFO-FLOW: exec G:/Xilinx/Vitis_HLS/2021.2/win64/tools/clang-3.9-csynth/bin/clang-tidy -header-filter=.* --checks=-*,xilinx-constantarray-param,xilinx-remove-assert -fix-errors G:/Xilinx_lab/KP_502_7/kp_502_7/sol1/.autopilot/db/kp_502_7.pp.0.cpp -- -std=gnu++14 -target fpga -fhls -ferror-limit=0
Command       clang_tidy done; 4.022 sec.
INFO-FLOW: Done: clang-tidy CDT preprocess 39 time: 7.5 seconds per iteration
INFO-FLOW: Calling xilinx-label-all-loops ... 
INFO-FLOW: Calling xilinx-aggregate-on-hls-vector ... 
Execute       clang_tidy -errorcheck -desc loop-label xilinx-label-all-loops,xilinx-aggregate-on-hls-vector,,xilinx-warn-mayneed-no-ctor-attribute G:/Xilinx_lab/KP_502_7/kp_502_7/sol1/.autopilot/db/kp_502_7.pp.0.cpp std=gnu++14 -target fpga  
Execute         ap_eval exec -ignorestderr G:/Xilinx/Vitis_HLS/2021.2/win64/tools/clang-3.9-csynth/bin/clang-tidy -export-fixes=G:/Xilinx_lab/KP_502_7/kp_502_7/sol1/.autopilot/db/kp_502_7.pp.0.cpp.clang-tidy.loop-label.diag.yml -header-filter=.* --checks=-*,xilinx-label-all-loops,xilinx-aggregate-on-hls-vector,,xilinx-warn-mayneed-no-ctor-attribute -fix-errors G:/Xilinx_lab/KP_502_7/kp_502_7/sol1/.autopilot/db/kp_502_7.pp.0.cpp -- -std=gnu++14 -target fpga -fhls -ferror-limit=0 > G:/Xilinx_lab/KP_502_7/kp_502_7/sol1/.autopilot/db/kp_502_7.pp.0.cpp.clang-tidy.loop-label.out.log 2> G:/Xilinx_lab/KP_502_7/kp_502_7/sol1/.autopilot/db/kp_502_7.pp.0.cpp.clang-tidy.loop-label.err.log 
Command         ap_eval done; 5.286 sec.
Execute         source G:/Xilinx/Vitis_HLS/2021.2/tps/tcl/tcllib1.11.1/yaml/yaml.tcl 
Command       clang_tidy done; 5.753 sec.
Execute       get_config_dataflow -strict_mode 
Execute       ap_eval exec -ignorestderr G:/Xilinx/Vitis_HLS/2021.2/win64/tools/clang-3.9-csynth/bin/xilinx-dataflow-lawyer -export-fixes=G:/Xilinx_lab/KP_502_7/kp_502_7/sol1/.autopilot/db/kp_502_7.pp.0.cpp.xilinx-dataflow-lawyer.diag.yml G:/Xilinx_lab/KP_502_7/kp_502_7/sol1/.autopilot/db/kp_502_7.pp.0.cpp -- -std=gnu++14 -target fpga -fhls -ferror-limit=0 -fstrict-dataflow > G:/Xilinx_lab/KP_502_7/kp_502_7/sol1/.autopilot/db/kp_502_7.pp.0.cpp.xilinx-dataflow-lawyer.out.log 2> G:/Xilinx_lab/KP_502_7/kp_502_7/sol1/.autopilot/db/kp_502_7.pp.0.cpp.xilinx-dataflow-lawyer.err.log 
Command       ap_eval done; 2.827 sec.
Execute       ap_part_info -name xc7a200t-sbv484-2 -data info 
INFO-FLOW: compiling source code to llvm bc
Execute       ap_eval exec -ignorestderr G:/Xilinx/Vitis_HLS/2021.2/win64/tools/clang-3.9-csynth/bin/clang -foptimization-record-file=G:/Xilinx_lab/KP_502_7/kp_502_7/sol1/.autopilot/db/kp_502_7.pp.0.cpp.clang.diag.yml -mllvm -pass-remarks-missed=reflow|pasta|unroll -mllvm -pass-remarks=reflow|pasta|unroll|inline -fno-limit-debug-info -fhls -flto -fno-exceptions -Wno-error=c++11-narrowing G:/Xilinx_lab/KP_502_7/kp_502_7/sol1/.autopilot/db/kp_502_7.pp.0.cpp -fno-math-errno -c -emit-llvm -mllvm -disable-llvm-optzns -Werror=implicit-function-declaration -Werror=implicit-hls-streams -Werror=return-type -Wpragmas -Wunused-parameter -Wdump-hls-pragmas -fno-threadsafe-statics -fno-use-cxa-atexit -std=gnu++14 -target fpga64-xilinx-linux-gnu -D__VITIS_HLS__ -DAESL_SYN -D__SYNTHESIS__ -D__HLS_SYN__ -I G:/Xilinx/Vitis_HLS/2021.2/common/technology/autopilot -I G:/Xilinx/Vitis_HLS/2021.2/common/technology/autopilot/ap_sysc -include etc/autopilot_ssdm_op.h -D__DSP48E1__ -g -o G:/Xilinx_lab/KP_502_7/kp_502_7/sol1/.autopilot/db/kp_502_7.bc -hls-platform-db-name=G:/Xilinx/Vitis_HLS/2021.2/common/technology/xilinx/common/platform.db -hls-platform-name=artix7_medium > G:/Xilinx_lab/KP_502_7/kp_502_7/sol1/.autopilot/db/kp_502_7.pp.0.cpp.clang.out.log 2> G:/Xilinx_lab/KP_502_7/kp_502_7/sol1/.autopilot/db/kp_502_7.pp.0.cpp.clang.err.log 
Command       ap_eval done; 2.951 sec.
INFO: [HLS 200-111] Finished Source Code Analysis and Preprocessing: CPU user time: 1 seconds. CPU system time: 0 seconds. Elapsed time: 25.63 seconds; current allocated memory: 1.255 GB.
INFO-FLOW: Linking Debug ...
INFO-FLOW: Linking dut bc code.
Execute       run_link_or_opt -out G:/Xilinx_lab/KP_502_7/kp_502_7/sol1/.autopilot/db/a.g.ld.0.bc -args  "G:/Xilinx_lab/KP_502_7/kp_502_7/sol1/.autopilot/db/kp_502_7.g.bc"  
Execute         ap_eval exec -ignorestderr G:/Xilinx/Vitis_HLS/2021.2/win64/tools/clang-3.9-csynth/bin/llvm-link G:/Xilinx_lab/KP_502_7/kp_502_7/sol1/.autopilot/db/kp_502_7.g.bc -o G:/Xilinx_lab/KP_502_7/kp_502_7/sol1/.autopilot/db/a.g.ld.0.bc > G:/Xilinx_lab/KP_502_7/kp_502_7/sol1/.autopilot/db/a.g.ld.0.bc.llvm-link.out.log 2> G:/Xilinx_lab/KP_502_7/kp_502_7/sol1/.autopilot/db/a.g.ld.0.bc.llvm-link.err.log 
INFO-FLOW: 
Execute       run_link_or_opt -opt -out G:/Xilinx_lab/KP_502_7/kp_502_7/sol1/.autopilot/db/a.g.ld.1.lower.bc -args G:/Xilinx_lab/KP_502_7/kp_502_7/sol1/.autopilot/db/a.g.ld.0.bc -reflow-lower-math-intrinsics 
Execute         ap_eval exec -ignorestderr G:/Xilinx/Vitis_HLS/2021.2/win64/tools/clang-3.9-csynth/bin/opt -pass-remarks-missed=reflow|pasta|unroll -pass-remarks=reflow|pasta|unroll|inline -pass-remarks-output=G:/Xilinx_lab/KP_502_7/kp_502_7/sol1/.autopilot/db/a.g.ld.1.lower.bc.opt.diag.yml G:/Xilinx_lab/KP_502_7/kp_502_7/sol1/.autopilot/db/a.g.ld.0.bc -reflow-lower-math-intrinsics -o G:/Xilinx_lab/KP_502_7/kp_502_7/sol1/.autopilot/db/a.g.ld.1.lower.bc > G:/Xilinx_lab/KP_502_7/kp_502_7/sol1/.autopilot/db/a.g.ld.1.lower.bc.opt.out.log 2> G:/Xilinx_lab/KP_502_7/kp_502_7/sol1/.autopilot/db/a.g.ld.1.lower.bc.opt.err.log 
INFO-FLOW: 
INFO-FLOW: Linking math bc lib
Execute       run_link_or_opt -out G:/Xilinx_lab/KP_502_7/kp_502_7/sol1/.autopilot/db/a.g.ld.2.m1.bc -args G:/Xilinx_lab/KP_502_7/kp_502_7/sol1/.autopilot/db/a.g.ld.1.lower.bc -only-needed G:/Xilinx/Vitis_HLS/2021.2/win64/lib/libhlsm_39.bc G:/Xilinx/Vitis_HLS/2021.2/win64/lib/libhlsmc++_39.bc 
Execute         ap_eval exec -ignorestderr G:/Xilinx/Vitis_HLS/2021.2/win64/tools/clang-3.9-csynth/bin/llvm-link G:/Xilinx_lab/KP_502_7/kp_502_7/sol1/.autopilot/db/a.g.ld.1.lower.bc -only-needed G:/Xilinx/Vitis_HLS/2021.2/win64/lib/libhlsm_39.bc G:/Xilinx/Vitis_HLS/2021.2/win64/lib/libhlsmc++_39.bc -o G:/Xilinx_lab/KP_502_7/kp_502_7/sol1/.autopilot/db/a.g.ld.2.m1.bc > G:/Xilinx_lab/KP_502_7/kp_502_7/sol1/.autopilot/db/a.g.ld.2.m1.bc.llvm-link.out.log 2> G:/Xilinx_lab/KP_502_7/kp_502_7/sol1/.autopilot/db/a.g.ld.2.m1.bc.llvm-link.err.log 
Command         ap_eval done; 2.28 sec.
INFO-FLOW: 
Command       run_link_or_opt done; 2.282 sec.
Execute       run_link_or_opt -opt -out G:/Xilinx_lab/KP_502_7/kp_502_7/sol1/.autopilot/db/a.g.ld.3.fpc.bc -args G:/Xilinx_lab/KP_502_7/kp_502_7/sol1/.autopilot/db/a.g.ld.2.m1.bc -reflow-globaldce -hls-top-function-name=kp_502_7 -reflow-float-conversion 
Execute         ap_eval exec -ignorestderr G:/Xilinx/Vitis_HLS/2021.2/win64/tools/clang-3.9-csynth/bin/opt -pass-remarks-missed=reflow|pasta|unroll -pass-remarks=reflow|pasta|unroll|inline -pass-remarks-output=G:/Xilinx_lab/KP_502_7/kp_502_7/sol1/.autopilot/db/a.g.ld.3.fpc.bc.opt.diag.yml G:/Xilinx_lab/KP_502_7/kp_502_7/sol1/.autopilot/db/a.g.ld.2.m1.bc -reflow-globaldce -hls-top-function-name=kp_502_7 -reflow-float-conversion -o G:/Xilinx_lab/KP_502_7/kp_502_7/sol1/.autopilot/db/a.g.ld.3.fpc.bc > G:/Xilinx_lab/KP_502_7/kp_502_7/sol1/.autopilot/db/a.g.ld.3.fpc.bc.opt.out.log 2> G:/Xilinx_lab/KP_502_7/kp_502_7/sol1/.autopilot/db/a.g.ld.3.fpc.bc.opt.err.log 
Command         ap_eval done; 0.864 sec.
INFO-FLOW: 
Command       run_link_or_opt done; 0.868 sec.
Execute       run_link_or_opt -out G:/Xilinx_lab/KP_502_7/kp_502_7/sol1/.autopilot/db/a.g.ld.4.m2.bc -args G:/Xilinx_lab/KP_502_7/kp_502_7/sol1/.autopilot/db/a.g.ld.3.fpc.bc -only-needed G:/Xilinx/Vitis_HLS/2021.2/win64/lib/libfloatconversion_39.bc 
Execute         ap_eval exec -ignorestderr G:/Xilinx/Vitis_HLS/2021.2/win64/tools/clang-3.9-csynth/bin/llvm-link G:/Xilinx_lab/KP_502_7/kp_502_7/sol1/.autopilot/db/a.g.ld.3.fpc.bc -only-needed G:/Xilinx/Vitis_HLS/2021.2/win64/lib/libfloatconversion_39.bc -o G:/Xilinx_lab/KP_502_7/kp_502_7/sol1/.autopilot/db/a.g.ld.4.m2.bc > G:/Xilinx_lab/KP_502_7/kp_502_7/sol1/.autopilot/db/a.g.ld.4.m2.bc.llvm-link.out.log 2> G:/Xilinx_lab/KP_502_7/kp_502_7/sol1/.autopilot/db/a.g.ld.4.m2.bc.llvm-link.err.log 
INFO-FLOW: 
Execute       run_link_or_opt -opt -out G:/Xilinx_lab/KP_502_7/kp_502_7/sol1/.autopilot/db/a.g.ld.5.gdce.bc -args G:/Xilinx_lab/KP_502_7/kp_502_7/sol1/.autopilot/db/a.g.ld.4.m2.bc -reflow-globaldce -hls-top-function-name=kp_502_7 
Execute         ap_eval exec -ignorestderr G:/Xilinx/Vitis_HLS/2021.2/win64/tools/clang-3.9-csynth/bin/opt -pass-remarks-missed=reflow|pasta|unroll -pass-remarks=reflow|pasta|unroll|inline -pass-remarks-output=G:/Xilinx_lab/KP_502_7/kp_502_7/sol1/.autopilot/db/a.g.ld.5.gdce.bc.opt.diag.yml G:/Xilinx_lab/KP_502_7/kp_502_7/sol1/.autopilot/db/a.g.ld.4.m2.bc -reflow-globaldce -hls-top-function-name=kp_502_7 -o G:/Xilinx_lab/KP_502_7/kp_502_7/sol1/.autopilot/db/a.g.ld.5.gdce.bc > G:/Xilinx_lab/KP_502_7/kp_502_7/sol1/.autopilot/db/a.g.ld.5.gdce.bc.opt.out.log 2> G:/Xilinx_lab/KP_502_7/kp_502_7/sol1/.autopilot/db/a.g.ld.5.gdce.bc.opt.err.log 
INFO-FLOW: 
Execute       get_solution -flow_target 
Execute       get_config_export -xo 
Execute       get_config_export -format 
Execute       get_config_rtl -module_prefix 
Execute       get_config_interface -default_slave_interface 
Execute       get_solution -flow_target 
Execute       get_config_export -xo 
Execute       get_config_export -format 
Execute       get_config_interface -m_axi_offset 
Execute       get_config_interface -m_axi_latency 
Execute       get_config_interface -m_axi_alignment_byte_size 
Execute       get_config_interface -m_axi_min_bitwidth 
Execute       get_config_interface -m_axi_max_bitwidth 
Execute       get_config_interface -m_axi_max_widen_bitwidth 
Execute       get_config_interface -m_axi_num_read_outstanding 
Execute       get_config_interface -m_axi_num_write_outstanding 
Execute       get_config_interface -m_axi_max_read_burst_length 
Execute       get_config_interface -m_axi_max_write_burst_length 
Execute       get_config_interface -m_axi_min_bitwidth 
Execute       get_config_interface -m_axi_max_bitwidth 
Execute       get_config_interface -m_axi_latency 
Execute       get_config_interface -m_axi_min_bitwidth 
Execute       get_config_interface -m_axi_max_bitwidth 
Execute       get_config_interface -m_axi_max_widen_bitwidth 
Execute       get_config_interface -m_axi_auto_max_ports 
Execute       get_config_interface -m_axi_num_read_outstanding 
Execute       get_config_interface -m_axi_num_write_outstanding 
Execute       get_config_interface -m_axi_max_read_burst_length 
Execute       get_config_interface -m_axi_max_write_burst_length 
Execute       get_config_interface -s_axilite_data64 
Execute       get_config_compile -instruction_warning_threshold 
Execute       get_config_interface -m_axi_alignment_byte_size 
Execute       get_config_compile -pragma_strict_mode 
Execute       get_config_compile -pipeline_style 
Execute       get_config_array_partition -throughput_driven 
Execute       send_msg_by_id INFO @200-777@%s Vivado 
INFO: [HLS 200-777] Using interface defaults for 'Vivado' flow target.
Execute       is_m_axi_addr64 
INFO-FLOW: Doing LTO.
Execute       ap_eval exec -ignorestderr G:/Xilinx/Vitis_HLS/2021.2/win64/tools/clang-3.9-csynth/bin/clang -foptimization-record-file=G:/Xilinx_lab/KP_502_7/kp_502_7/sol1/.autopilot/db/a.g.ld.0.bc.clang.diag.yml -mllvm -pass-remarks-missed=reflow|pasta|unroll -mllvm -pass-remarks=reflow|pasta|unroll|inline -fhls -mllvm -hls-top-function-name=kp_502_7 -mllvm -hls-db-dir -mllvm G:/Xilinx_lab/KP_502_7/kp_502_7/sol1/.autopilot/db -emit-llvm -c -target fpga64-xilinx-none -mllvm -xcl-xmlinfo=G:/Xilinx_lab/KP_502_7/kp_502_7/sol1/.autopilot/db/kernel.internal.xml -mllvm -top-io-mapping-info=G:/Xilinx_lab/KP_502_7/kp_502_7/sol1/.autopilot/db/top-io-fe.xml -mllvm -hls-bitcode-version=3.1 -mllvm -reflow-enable-slave-interface-default-setting=true -mllvm -gen-kernel-xml=false -mllvm -default-maxi-offset=slave -mllvm -maxi-latency=0 -mllvm -hls-maxi-data-size-in-bits=8 -mllvm -hls-maxi-max-data-size-in-bits=1024 -mllvm -hls-max-widen-size-in-bits=0 -mllvm -xcl-kernel-max-mem-ports=0 -mllvm -maxi-read-trans=16 -mllvm -maxi-write-trans=16 -mllvm -maxi-read-burst-len=16 -mllvm -maxi-write-burst-len=16 -mllvm -reflow-enable-saxi-64bits=0 -mllvm -reflow-basic-block-instr-threshhold=200000 -mllvm -assume-maxi-align=0 -mllvm -no-unaligned-maxi-accesses -mllvm -reflow-pipeline-style-llvm-setting=0 -mllvm -reflow-auto-array-partition-mode=default -mllvm -reflow-enable-auto-array-partition=true -mllvm -reflow-aggregate-bitwidth-threshold=4096 -mllvm -reflow-disaggregate-bitwidth-threshold=4096 -mllvm -hls -mllvm -disable-inlined-alloca-merging=true -x ir G:/Xilinx_lab/KP_502_7/kp_502_7/sol1/.autopilot/db/a.g.ld.5.gdce.bc -o G:/Xilinx_lab/KP_502_7/kp_502_7/sol1/.autopilot/db/a.g.lto.bc -hls-platform-db-name=G:/Xilinx/Vitis_HLS/2021.2/common/technology/xilinx/common/platform.db -hls-platform-name=artix7_medium > G:/Xilinx_lab/KP_502_7/kp_502_7/sol1/.autopilot/db/a.g.ld.0.bc.clang.out.log 2> G:/Xilinx_lab/KP_502_7/kp_502_7/sol1/.autopilot/db/a.g.ld.0.bc.clang.err.log 
Command       ap_eval done; 0.147 sec.
INFO: [HLS 214-284] Auto array partition mode is set into default.
INFO: [HLS 214-131] Inlining function 'hls::sqrt(double)' into 'kp_502_7(double*, double*, double*, double*, double*, double*)' (./source/kp_502_7.cpp:29:18)
INFO: [HLS 214-270] Starting automatic array partition analysis...
INFO-FLOW: DBG:PUTS: copy_raw_kernel_xml ap_link_39: kernel.xml not generated: G:/Xilinx_lab/KP_502_7/kp_502_7/sol1/.autopilot/db/kernel.internal.xml
INFO: [HLS 200-111] Finished Compiling Optimization and Transform: CPU user time: 0 seconds. CPU system time: 0 seconds. Elapsed time: 3.56 seconds; current allocated memory: 1.255 GB.
INFO: [HLS 200-111] Finished Checking Pragmas: CPU user time: 0 seconds. CPU system time: 0 seconds. Elapsed time: 0.002 seconds; current allocated memory: 1.255 GB.
Execute       opt_and_import_c a -opt_level=2 -skip_syncheck=0 -ng=0 -keep_printf=0 
Execute         cleanup_all_models 
INFO: [HLS 200-10] Starting code transformations ...
INFO-FLOW: Running Standard Transforms...
Execute         transform -hls -share-std-xform -demangle-name -inline-byval-memcpy -always-inline -promote-dbg-pointer -interface-preproc -mem2reg -scalarrepl -mem2reg -keep-read-access -instcombine -dce -promote-dbg-pointer -bitop-raise -loop-simplify -indvarspre -indvars -loop-simplify -xunroll -constprop -instcombine -simplifycfg -indvars -simplifycfg -dce -globaldce -basicaa -simplifycfg -mem2reg -globalopt -global-constprop -deadargelim -instcombine -simplifycfg -scalarrepl -instcombine -reassociate -licm -simplifycfg -loop-simplify -indvars -instcombine -simplifycfg -mem2reg -loop-simplify -indvars -instcombine -gvn -gvn -instcombine -adce -break-crit-edges -simplifycfg -loop-delete -global-array-opt -dce -dse -adce -find-syn-modules -top kp_502_7 -deadargelim -mem2reg -instcombine -dce -presyn-prepare -auto-rom-infer -interface-preproc -syn-check -check-rec-only -find-region -simplifycfg -func-extr -function-inline -globaldce -mem2reg -instcombine -dce -gvn -globaldce -adce -adse -constprop -instcombine -bit-constprop -instcombine -dce -simplifycfg -bitop-raise -simplifycfg -dce -loop-delete -reassociate -globalopt -global-privatize -mem2reg -dce -global-constprop -pointer-simplify -constprop -dce -func-inst -deadargelim -auto-shift-reg-idiom -promote-dbg-pointer -norm-name G:/Xilinx_lab/KP_502_7/kp_502_7/sol1/.autopilot/db/a.g.0.bc -o G:/Xilinx_lab/KP_502_7/kp_502_7/sol1/.autopilot/db/a.g.1.bc -f -phase std-opt 
INFO: [HLS 200-111] Finished Standard Transforms: CPU user time: 0 seconds. CPU system time: 0 seconds. Elapsed time: 0.014 seconds; current allocated memory: 1.255 GB.
INFO: [HLS 200-10] Checking synthesizability ...
INFO-FLOW: Checking Synthesizability 1/2..
Execute         transform -hls -syn-check -check-rec-only -scalarrepl -norm-name -dce -mem2reg -instcombine -function-uniquify -directive-preproc -mem2reg -dse -dce -auto-rom-infer -dce -pag -array-normalize -instcombine -dce -array-seg-normalize -instcombine -dce -data-pack -instcombine -dce -inst-simplify -array-flatten -instcombine -dce -array-burst -dce -deadargelim -promote-global-argument -simplifycfg -mem2reg -globaldce -dce -deadargelim -dce -instcombine -function-inline -globaldce -dce -doublePtrSimplify -doublePtrElim -dce -doublePtrSimplify -promote-dbg-pointer -dce -scalarrepl -dse -adse -instcombine -ptrLegalization -simplifycfg -dce -instcombine -pointer-simplify -ptrArgReplace -dce -instcombine -resolve-double-ptr -scalarrepl -norm-name -dce -mem2reg -instcombine -ptrLegalization -simplifycfg -deadargelim -instcombine -dce -inst-simplify -function-uniquify -directive-preproc -mem2reg -dse -dce -globaldce -check-dspbuiltin G:/Xilinx_lab/KP_502_7/kp_502_7/sol1/.autopilot/db/a.g.1.bc -o G:/Xilinx_lab/KP_502_7/kp_502_7/sol1/.autopilot/db/a.g.2.prechk.bc -f 
INFO-FLOW: Checking Synthesizability 2/2..
Execute         transform -syn-check G:/Xilinx_lab/KP_502_7/kp_502_7/sol1/.autopilot/db/a.g.2.prechk.bc -o G:/Xilinx_lab/KP_502_7/kp_502_7/sol1/.autopilot/db/a.g.2.bc -f -phase syn-check 
INFO: [HLS 200-111] Finished Checking Synthesizability: CPU user time: 0 seconds. CPU system time: 0 seconds. Elapsed time: 0.009 seconds; current allocated memory: 1.255 GB.
INFO-FLOW: Compiler optimizing ...
INFO-FLOW: Share syncheck's 1.bc for syn flow: copy G:/Xilinx_lab/KP_502_7/kp_502_7/sol1/.autopilot/db/a.g.1.bc to G:/Xilinx_lab/KP_502_7/kp_502_7/sol1/.autopilot/db/a.o.1.bc
INFO-FLOW: Presyn 1...
Execute         transform -hls -tmp G:/Xilinx_lab/KP_502_7/kp_502_7/sol1/.autopilot/db -interface-port-rename -function-uniquify -directive-preproc -mem2reg -dse -dce -scalarrepl -norm-name -deadargelim -mem2reg -instcombine -dce -simplifycfg -auto-rom-infer -dce -function-uniquify -resource-proc -clib-intrinsic-prepare -dce -func-buffer -dce -pag -array-normalize -func-legal -instcombine -gvn -constprop -dce -simplifycfg -mem2reg -globaldce -resolve-double-ptr -dce -deadargelim -dce -instcombine -ptrArgReplace -mem2reg -dce -array-seg-normalize -deadargelim -instcombine -dce -function-uniquify -directive-preproc -mem2reg -dse -dce -pointer-simplify -dce -port-alignment -dce -interface-preproc -data-pack -instcombine -dce -basicaa -aggr-aa -aggrmodref-aa -aggr-aa -gvn -gvn -basicaa -aggr-aa -aggrmodref-aa -aggr-aa -dse -adse -adce -loop-simplify -indvars -instcombine -gvn -loop-simplify -mem2reg -dce -find-region -instcombine -auto-loop-pipeline -inst-simplify -interface-preproc -cfgopt -instcombine -indvars -auto-loop-unroll -loop-simplify -loop-bound -xunroll -constprop -instcombine -simplifycfg -indvars -simplifycfg -dce -globaldce -clean-region -attach-range -gvn -inst-simplify -constprop -simplifycfg -dce -pointer-simplify -dce -globalopt -constprop -dce -array-promote -constprop -dce -ptrArgReplace -mem2reg -simplifycfg -dce -instcombine -dce -array-transform-check -array-reshape -instcombine -simplifycfg -dce -ptrArgReplace -deadargelim -mem2reg -instcombine -simplifycfg -dce -indvars -loop-simplify -loop-bound -xunroll -constprop -instcombine -simplifycfg -indvars -simplifycfg -dce -globaldce -basicaa -aggr-aa -aggrmodref-aa -aggr-aa -dse -duplicate-dataflow-processes -globaldce -instcombine -array-partition -instcombine -simplifycfg -dce -ptrArgReplace -global-constprop -deadargelim -mem2reg -func-legal -dce -global-constprop -deadargelim -mem2reg -simplifycfg -dce -merge-param -deadargelim -globalopt -constprop -dce -array-promote -constprop -dce -ptrArgReplace -mem2reg -simplifycfg -dce -mem-intrinsic-preproc -dce -global-internalize -global-privatize -mem2reg -globaldce -promote-global-argument -ptrArgReplace -mem2reg -dce -globalopt -mergereturn -simplify-global-access -mem2reg -dce -pointer-simplify -dce -functionattrs -basicaa -aggr-aa -aggrmodref-aa -aggr-aa -gvn -gvn -basicaa -aggr-aa -aggrmodref-aa -aggr-aa -dse -adse -adce -dce -norm-name -basicaa -aggr-aa -aggrmodref-aa -aggr-aa -accesses-merge -function-inline -complex-op-raise -inst-simplify -globaldce -func-inst -constprop -instcombine -simplifycfg -dce -func-legal -dce -loop-bound -arraycheck -bitwidthmin2 -bitwidthmin2 -on-by-dataflow -loop-delete -instcombine -simplifycfg -globaldce -dce -gvn -deadargelim -dce -loop-simplify -clean-region -simplifycfg -propagate-stable-arguments -loop-stream -instcombine -simplifycfg -dce -globaldce -duplicate-dataflow-processes -stream-intrinsic-preproc -dce -check-ap-stream -loop-simplify -eliminate-keepreads -extract-dataflow-in-loop -loop-simplify -dce -gvn -deadargelim -dse -duplicate-dataflow-processes -check-dataflow-syntax -legalize-stream-variable -legalize-global -extract-subproc -dce -dead-channel-elimination -canonicalize-gep -globaldce -dce -gvn -hls-dead-arg-elim -deadargelim -directive-preproc -annotate-dataflow-channels -scalar-preprocessing -scalar-propagation2 -deadargelim -globaldce -mem2reg -check-dataflow-channels -function-stream -dce -globaldce -prop-fifo-spec -internal-stream-gen -canonicalize-gep -globaldce -dce -gvn -deadargelim -mergereturn -indvars -loop-simplify -instcombine -array-stream -array-seg-normalize -array-partition -func-legal -instcombine -simplifycfg -dce -bundle-memfifo-ops -deadargelim -function-uniquify -directive-preproc -mem2reg -dse -dce -group-axi-access -licm -simplifycfg -dce -loop-delete -hls-display -norm-name G:/Xilinx_lab/KP_502_7/kp_502_7/sol1/.autopilot/db/a.o.1.bc -o G:/Xilinx_lab/KP_502_7/kp_502_7/sol1/.autopilot/db/a.o.1.tmp.bc -f 
INFO-FLOW: Presyn 2...
Execute         transform -hls -keep-callgraph -scalarrepl -mem2reg -port-alignment -attach-range -dce -pipe-mux-gen -indvars -loop-bound -inst-simplify -instcombine -dce -merge-array-access -mem2reg -dce -clean-region -mergereturn -if-conv -instcombine -dce -constprop -basicaa -aggr-aa -aggrmodref-aa -aggr-aa -gvn -gvn -basicaa -aggr-aa -aggrmodref-aa -aggr-aa -dse -adse -adce -scalarrepl -mem2reg -global-constprop -deadargelim -deadargelim -instcombine -dce -simplifycfg -ptrArgReplace -mem2reg -function-inline -globaldce -mem2reg -instcombine -dce -expr-balance -instcombine -dce -bitwidthmin2 -bitwidthmin2 -interface-preproc -directive-preproc -inst-rectify -instcombine -dce -functionattrs -constprop -instcombine -bit-constprop -simplify-global-access -globalopt -globaldce -inst-simplify -instcombine -elimdeaddata -dce -loop-delete -simplifycfg -loop-simplify -auto-burst -barrier -norm-name G:/Xilinx_lab/KP_502_7/kp_502_7/sol1/.autopilot/db/a.o.1.tmp.bc -o G:/Xilinx_lab/KP_502_7/kp_502_7/sol1/.autopilot/db/a.o.2.bc -f -phase presyn 
INFO: [HLS 200-111] Finished Loop, function and other optimizations: CPU user time: 0 seconds. CPU system time: 0 seconds. Elapsed time: 0.033 seconds; current allocated memory: 1.255 GB.
Execute         get_config_compile -enable_auto_rewind 
Execute         get_config_compile -enable_loop_extract 
INFO-FLOW: Building ssdm...
Execute         transform -hls -function-uniquify -auto-function-inline -globaldce -ptrArgReplace -mem2reg -dce -reset-lda -loop-simplify -indvars -aggr-aa -licm -loop-dep -loop-bound -licm -loop-simplify -loop-sink-hoist -flattenloopnest -array-flatten -gvn -instcombine -dce -array-map -dce -func-legal -gvn -adce -instcombine -cfgopt -simplifycfg -loop-simplify -array-burst -promote-global-argument -dce -array-seg-normalize -basicaa -aggrmodref-aa -globalsmodref-aa -aggr-aa -gvn -gvn -basicaa -aggrmodref-aa -globalsmodref-aa -aggr-aa -dse -adse -adce -licm -inst-simplify -dce -globaldce -instcombine -array-stream -eliminate-keepreads -instcombine -dce -deadargelim -doublePtrSimplify -doublePtrElim -dce -doublePtrSimplify -promote-dbg-pointer -dce -scalarrepl -mem2reg -norm-name -mem2reg -instcombine -dse -adse -adce -ptrLegalization -dce -auto-rom-infer -array-flatten -dce -instcombine -check-doubleptr -loop-rot -constprop -cfgopt -simplifycfg -loop-simplify -indvars -pointer-simplify -dce -loop-bound -loop-simplify -loop-preproc -constprop -global-constprop -gvn -mem2reg -instcombine -dce -loop-bound -loop-merge -dce -deadargelim -dce -canonicalize-dataflow -dce -scalar-propagation2 -deadargelim -globaldce -mem2reg -load-elim -read-loop-dep -loop-simplify -loop-extract-inner -directive-preproc -bitwidthmin2 -bitwidthmin2 -read-loop-dep -interface-preproc -directive-preproc -interface-gen -bram-byte-enable -deadargelim -inst-simplify -dce -gvn -mem2reg -instcombine -dce -adse -loop-bound -instcombine -cfgopt -simplifycfg -loop-simplify -clean-region -io-protocol -find-region -mem2reg -bitop-raise -complex-op-raise -inst-simplify -inst-rectify -instcombine -adce -deadargelim -float-op-raise -loop-simplify -phi-opt -bitop-raise -cfgopt -simplifycfg -strip-dead-prototypes -interface-lower -bitop-lower -intrinsic-lower -auto-function-inline -basicaa -aggrmodref-aa -globalsmodref-aa -aggr-aa -inst-simplify -simplifycfg -loop-simplify -mergereturn -inst-simplify -inst-rectify -dce -load-elim -bitop-lower -float-op-raise -fma-raise -loop-rewind -pointer-simplify -dce -cfgopt -dce -loop-bound -loop-dep -read-loop-dep -dce -dyn-mem-reuse -dce -recurrence-min -dce -share-scalar-alloca -deadargelim -dce -check-stream -norm-name -legalize -validate-dataflow -inst-clarity -bitwidth -dump-loop-dep-to-ir -check-all-ssdm -cdfg-build G:/Xilinx_lab/KP_502_7/kp_502_7/sol1/.autopilot/db/a.o.2.bc -o G:/Xilinx_lab/KP_502_7/kp_502_7/sol1/.autopilot/db/a.o.3.bc -f -phase build-ssdm 
INFO: [HLS 200-111] Finished Architecture Synthesis: CPU user time: 0 seconds. CPU system time: 0 seconds. Elapsed time: 0.023 seconds; current allocated memory: 1.255 GB.
INFO-FLOW: Finish building internal data model.
Command     elaborate done; 29.285 sec.
Execute     ap_eval exec zip -j G:/Xilinx_lab/KP_502_7/kp_502_7/sol1/.autopilot/db/dut.hcp $dbDir/a.o.3.bc $dbDir/${topname}.rtl_wrap.cfg.tcl $dbDir/apatb_${topname}.cpp $dbDir/apatb_${topname}_util.cpp $dbDir/apatb_${topname}_ir.ll $dbDir/mapper_${topname}.cpp $dbDir/top-io-fe.xml $dbDir/kernel.internal.xml $workdir/../hls.app 
Execute     autosyn -from_csynth_design=1 
INFO: [HLS 200-10] Starting hardware synthesis ...
INFO-FLOW: Synthesizing C/C++ design ...
INFO: [HLS 200-10] Synthesizing 'kp_502_7' ...
Execute       ap_set_top_model kp_502_7 
Execute       get_model_list kp_502_7 -filter all-wo-channel -topdown 
Execute       preproc_iomode -model kp_502_7 
Execute       get_model_list kp_502_7 -filter all-wo-channel 
INFO-FLOW: Model list for configure: kp_502_7
INFO-FLOW: Configuring Module : kp_502_7 ...
Execute       set_default_model kp_502_7 
Execute       apply_spec_resource_limit kp_502_7 
INFO-FLOW: Model list for preprocess: kp_502_7
INFO-FLOW: Preprocessing Module: kp_502_7 ...
Execute       set_default_model kp_502_7 
Execute       cdfg_preprocess -model kp_502_7 
Execute       rtl_gen_preprocess kp_502_7 
INFO-FLOW: Model list for synthesis: kp_502_7
INFO: [HLS 200-10] ----------------------------------------------------------------
INFO: [HLS 200-42] -- Implementing module 'kp_502_7' 
INFO: [HLS 200-10] ----------------------------------------------------------------
Execute       set_default_model kp_502_7 
Execute       schedule -model kp_502_7 
INFO: [SCHED 204-11] Starting scheduling ...
INFO: [SCHED 204-11] Finished scheduling.
Command       schedule done; 0.27 sec.
INFO: [HLS 200-111] Finished Scheduling: CPU user time: 0 seconds. CPU system time: 0 seconds. Elapsed time: 0.332 seconds; current allocated memory: 1.255 GB.
Execute       syn_report -verbosereport -o G:/Xilinx_lab/KP_502_7/kp_502_7/sol1/.autopilot/db/kp_502_7.verbose.sched.rpt 
Execute         AP::get_flow_target_display_name
Execute           get_solution -flow_target 
Command       syn_report done; 0.656 sec.
Execute       db_write -o G:/Xilinx_lab/KP_502_7/kp_502_7/sol1/.autopilot/db/kp_502_7.sched.adb -f 
INFO-FLOW: Finish scheduling kp_502_7.
Execute       set_default_model kp_502_7 
Execute       bind -model kp_502_7 
INFO: [BIND 205-100] Starting micro-architecture generation ...
INFO: [BIND 205-101] Performing variable lifetime analysis.
INFO: [BIND 205-101] Exploring resource sharing.
INFO: [BIND 205-101] Binding ...
INFO: [BIND 205-100] Finished micro-architecture generation.
Command       bind done; 0.247 sec.
INFO: [HLS 200-111] Finished Binding: CPU user time: 1 seconds. CPU system time: 0 seconds. Elapsed time: 0.916 seconds; current allocated memory: 1.255 GB.
Execute       syn_report -verbosereport -o G:/Xilinx_lab/KP_502_7/kp_502_7/sol1/.autopilot/db/kp_502_7.verbose.bind.rpt 
Execute         AP::get_flow_target_display_name
Execute           get_solution -flow_target 
Command       syn_report done; 0.403 sec.
Execute       db_write -o G:/Xilinx_lab/KP_502_7/kp_502_7/sol1/.autopilot/db/kp_502_7.bind.adb -f 
INFO-FLOW: Finish binding kp_502_7.
Execute       get_model_list kp_502_7 -filter all-wo-channel 
INFO-FLOW: Preprocessing for RTLGen ...
Execute       rtl_gen_preprocess kp_502_7 
INFO-FLOW: Model list for RTL generation: kp_502_7
INFO: [HLS 200-10] ----------------------------------------------------------------
INFO: [HLS 200-10] -- Generating RTL for module 'kp_502_7' 
INFO: [HLS 200-10] ----------------------------------------------------------------
Execute       get_config_rtl -module_prefix 
Execute       get_config_rtl -module_prefix 
Execute       get_config_rtl -module_auto_prefix 
Execute       create_rtl_model kp_502_7 -top_prefix  -sub_prefix kp_502_7_ -mg_file G:/Xilinx_lab/KP_502_7/kp_502_7/sol1/.autopilot/db/kp_502_7.compgen.tcl 
INFO: [RTGEN 206-500] Setting interface mode on port 'kp_502_7/A' to 'ap_memory'.
INFO: [RTGEN 206-500] Setting interface mode on port 'kp_502_7/B' to 'ap_memory'.
INFO: [RTGEN 206-500] Setting interface mode on port 'kp_502_7/C' to 'ap_memory'.
INFO: [RTGEN 206-500] Setting interface mode on port 'kp_502_7/X1' to 'ap_memory'.
INFO: [RTGEN 206-500] Setting interface mode on port 'kp_502_7/X2' to 'ap_memory'.
INFO: [RTGEN 206-500] Setting interface mode on port 'kp_502_7/D' to 'ap_memory'.
INFO: [RTGEN 206-500] Setting interface mode on function 'kp_502_7' to 'ap_ctrl_hs'.
INFO: [RTGEN 206-100] Generating core module 'dcmp_64ns_64ns_1_2_no_dsp_1': 1 instance(s).
INFO: [RTGEN 206-100] Generating core module 'ddiv_64ns_64ns_64_59_no_dsp_1': 2 instance(s).
INFO: [RTGEN 206-100] Generating core module 'dmul_64ns_64ns_64_8_max_dsp_1': 2 instance(s).
INFO: [RTGEN 206-100] Generating core module 'dsqrt_64ns_64ns_64_57_no_dsp_1': 1 instance(s).
INFO: [RTGEN 206-100] Generating core module 'dsub_64ns_64ns_64_8_full_dsp_1': 2 instance(s).
INFO: [RTGEN 206-100] Finished creating RTL model for 'kp_502_7'.
INFO: [HLS 200-111] Finished Creating RTL model: CPU user time: 1 seconds. CPU system time: 0 seconds. Elapsed time: 0.51 seconds; current allocated memory: 1.255 GB.
Execute       source G:/Xilinx_lab/KP_502_7/kp_502_7/sol1/.autopilot/db/kp_502_7.rtl_wrap.cfg.tcl 
Execute       gen_rtl kp_502_7 -istop -style xilinx -f -lang vhdl -o G:/Xilinx_lab/KP_502_7/kp_502_7/sol1/syn/vhdl/kp_502_7 
Execute       gen_rtl kp_502_7 -istop -style xilinx -f -lang vlog -o G:/Xilinx_lab/KP_502_7/kp_502_7/sol1/syn/verilog/kp_502_7 
Execute       syn_report -csynth -model kp_502_7 -o G:/Xilinx_lab/KP_502_7/kp_502_7/sol1/syn/report/kp_502_7_csynth.rpt 
Execute         AP::get_flow_target_display_name
Execute           get_solution -flow_target 
Execute       syn_report -rtlxml -model kp_502_7 -o G:/Xilinx_lab/KP_502_7/kp_502_7/sol1/syn/report/kp_502_7_csynth.xml 
Execute         get_solution -flow_target
Execute           get_solution -flow_target 
Execute       syn_report -verbosereport -model kp_502_7 -o G:/Xilinx_lab/KP_502_7/kp_502_7/sol1/.autopilot/db/kp_502_7.verbose.rpt 
Execute         AP::get_flow_target_display_name
Execute           get_solution -flow_target 
Command       syn_report done; 0.436 sec.
Execute       db_write -model kp_502_7 -f -o G:/Xilinx_lab/KP_502_7/kp_502_7/sol1/.autopilot/db/kp_502_7.adb 
Execute       db_write -model kp_502_7 -bindview -o G:/Xilinx_lab/KP_502_7/kp_502_7/sol1/.autopilot/db/design.bindinfo.xml 
Execute       gen_tb_info kp_502_7 -p G:/Xilinx_lab/KP_502_7/kp_502_7/sol1/.autopilot/db -o G:/Xilinx_lab/KP_502_7/kp_502_7/sol1/.autopilot/db/kp_502_7 
Execute       export_constraint_db -f -tool general -o G:/Xilinx_lab/KP_502_7/kp_502_7/sol1/.autopilot/db/kp_502_7.constraint.tcl 
Execute       syn_report -designview -model kp_502_7 -o G:/Xilinx_lab/KP_502_7/kp_502_7/sol1/.autopilot/db/kp_502_7.design.xml 
Execute       syn_report -csynthDesign -model kp_502_7 -o G:/Xilinx_lab/KP_502_7/kp_502_7/sol1/syn/report/csynth.rpt 
Execute         AP::get_flow_target_display_name
Execute           get_solution -flow_target 
Execute       get_config_rtl -disable_wave_debug 
Execute       syn_report -wcfg -model kp_502_7 -o G:/Xilinx_lab/KP_502_7/kp_502_7/sol1/.autopilot/db/kp_502_7_dataflow_ana.wcfg 
Execute       syn_report -protoinst -model kp_502_7 -o G:/Xilinx_lab/KP_502_7/kp_502_7/sol1/.autopilot/db/kp_502_7.protoinst 
Execute       get_config_debug -directory 
Execute       sc_get_clocks kp_502_7 
Execute       get_config_export -vivado_clock 
Execute       get_config_rtl -module_prefix 
Execute       get_config_rtl -module_prefix 
Execute       get_config_rtl -module_auto_prefix 
Execute       sc_get_portdomain kp_502_7 
INFO-FLOW: Model list for RTL component generation: kp_502_7
INFO-FLOW: Handling components in module [kp_502_7] ... 
Execute       source G:/Xilinx_lab/KP_502_7/kp_502_7/sol1/.autopilot/db/kp_502_7.compgen.tcl 
INFO-FLOW: Found component kp_502_7_dsub_64ns_64ns_64_8_full_dsp_1.
INFO-FLOW: Append model kp_502_7_dsub_64ns_64ns_64_8_full_dsp_1
INFO-FLOW: Found component kp_502_7_dmul_64ns_64ns_64_8_max_dsp_1.
INFO-FLOW: Append model kp_502_7_dmul_64ns_64ns_64_8_max_dsp_1
INFO-FLOW: Found component kp_502_7_ddiv_64ns_64ns_64_59_no_dsp_1.
INFO-FLOW: Append model kp_502_7_ddiv_64ns_64ns_64_59_no_dsp_1
INFO-FLOW: Found component kp_502_7_dcmp_64ns_64ns_1_2_no_dsp_1.
INFO-FLOW: Append model kp_502_7_dcmp_64ns_64ns_1_2_no_dsp_1
INFO-FLOW: Found component kp_502_7_dsqrt_64ns_64ns_64_57_no_dsp_1.
INFO-FLOW: Append model kp_502_7_dsqrt_64ns_64ns_64_57_no_dsp_1
INFO-FLOW: Append model kp_502_7
INFO-FLOW: Generating RTL model list ...
INFO-FLOW: All models in this session: kp_502_7_dsub_64ns_64ns_64_8_full_dsp_1 kp_502_7_dmul_64ns_64ns_64_8_max_dsp_1 kp_502_7_ddiv_64ns_64ns_64_59_no_dsp_1 kp_502_7_dcmp_64ns_64ns_1_2_no_dsp_1 kp_502_7_dsqrt_64ns_64ns_64_57_no_dsp_1 kp_502_7
INFO-FLOW: Generating G:/Xilinx_lab/KP_502_7/kp_502_7/sol1/.autopilot/db/autopilot.rtl.models.txt file...
INFO-FLOW: To file: write model kp_502_7_dsub_64ns_64ns_64_8_full_dsp_1
INFO-FLOW: To file: write model kp_502_7_dmul_64ns_64ns_64_8_max_dsp_1
INFO-FLOW: To file: write model kp_502_7_ddiv_64ns_64ns_64_59_no_dsp_1
INFO-FLOW: To file: write model kp_502_7_dcmp_64ns_64ns_1_2_no_dsp_1
INFO-FLOW: To file: write model kp_502_7_dsqrt_64ns_64ns_64_57_no_dsp_1
INFO-FLOW: To file: write model kp_502_7
INFO-FLOW: Generating G:/Xilinx_lab/KP_502_7/kp_502_7/sol1/.autopilot/db/autopilot.rtl.models.tcl file...
INFO-FLOW: Finished generating RTL model list.


INFO-FLOW: RTL Generation done.
INFO-FLOW: CAS Generation done.
INFO-FLOW: CBC Generation done.
INFO-FLOW: DBG:PROC: ::AESL_AUTOMG::auto_generate_csynth_design
Execute       get_top 
Execute       get_config_export -ipname 
Execute       get_config_export -xo 
Execute       get_config_export -format 
Execute       get_config_rtl -module_auto_prefix 
INFO-FLOW: DBG:PUTS: read_platform_lib G:/Xilinx_lab/KP_502_7/kp_502_7/sol1/.autopilot/db/global.setting.tcl
Execute       source G:/Xilinx/Vitis_HLS/2021.2/common/technology/generic/autopilot/common.gen 
Execute         source G:/Xilinx/Vitis_HLS/2021.2/common/technology/generic/autopilot/APCoreGen.gen 
Execute       source G:/Xilinx/Vitis_HLS/2021.2/common/technology/generic/autopilot/op.gen 
Execute       source G:/Xilinx/Vitis_HLS/2021.2/common/technology/generic/autopilot/op_simcore.gen 
Execute       source G:/Xilinx/Vitis_HLS/2021.2/common/technology/generic/autopilot/interface.gen 
Execute       source G:/Xilinx_lab/KP_502_7/kp_502_7/sol1/.autopilot/db/global.setting.tcl 
Execute       ap_family_info -name artix7 -data parts 
Execute       ap_part_info -name xc7a12ticsg325-1L -data info 
Execute       source G:/Xilinx/Vitis_HLS/2021.2/common/technology/xilinx/common/xilinx.gen 
Execute         source G:/Xilinx/Vitis_HLS/2021.2/common/technology/xilinx/interface/plb46.gen 
Execute         source G:/Xilinx/Vitis_HLS/2021.2/common/technology/xilinx/interface/axi4.gen 
Execute         source G:/Xilinx/Vitis_HLS/2021.2/common/technology/xilinx/interface/nativeAXI4.gen 
Execute           source G:/Xilinx/Vitis_HLS/2021.2/common/technology/xilinx/interface/saxilite.gen 
Execute           source G:/Xilinx/Vitis_HLS/2021.2/common/technology/xilinx/interface/maxi.gen 
Execute         source G:/Xilinx/Vitis_HLS/2021.2/common/technology/xilinx/scripts/xilinxcoregen.gen 
Execute         source G:/Xilinx/Vitis_HLS/2021.2/common/technology/xilinx/interface/XilEDKCoreGen.gen 
Execute         source G:/Xilinx/Vitis_HLS/2021.2/common/technology/xilinx/ip/dds_compiler.gen 
Execute         source G:/Xilinx/Vitis_HLS/2021.2/common/technology/xilinx/ip/util.gen 
Execute         source G:/Xilinx/Vitis_HLS/2021.2/common/technology/xilinx/ip/xfft.gen 
Execute         source G:/Xilinx/Vitis_HLS/2021.2/common/technology/xilinx/ip/xfir.gen 
Execute         source G:/Xilinx/Vitis_HLS/2021.2/common/technology/xilinx/DSP48/dsp48.gen 
Command       ap_source done; 0.109 sec.
INFO-FLOW: DBG:PUTS:   using AESL_AUTOCG::g_clock_period=6.000 (was NA)
INFO-FLOW: DBG:PROC: ::AESL_AUTOMG::generate_ip_cores gen_sim_model='1' gen_fp_models='0' gen_for_export='0' dstSCDir='' dstVhdlDir='G:/Xilinx_lab/KP_502_7/kp_502_7/sol1/.autopilot/db/vhdl' dstVlogDir='G:/Xilinx_lab/KP_502_7/kp_502_7/sol1/.autopilot/db/vlog' tclDir='G:/Xilinx_lab/KP_502_7/kp_502_7/sol1/.autopilot/db' modelList='kp_502_7_dsub_64ns_64ns_64_8_full_dsp_1
kp_502_7_dmul_64ns_64ns_64_8_max_dsp_1
kp_502_7_ddiv_64ns_64ns_64_59_no_dsp_1
kp_502_7_dcmp_64ns_64ns_1_2_no_dsp_1
kp_502_7_dsqrt_64ns_64ns_64_57_no_dsp_1
kp_502_7
' expOnly='0'
Execute       source G:/Xilinx_lab/KP_502_7/kp_502_7/sol1/.autopilot/db/global.setting.tcl 
Execute       ap_part_info -name xc7a200t-sbv484-2 -data names -quiet 
Execute       ap_part_info -name xc7a200t-sbv484-2 -data info -quiet 
Execute       source G:/Xilinx_lab/KP_502_7/kp_502_7/sol1/.autopilot/db/global.setting.tcl 
Execute       source G:/Xilinx_lab/KP_502_7/kp_502_7/sol1/.autopilot/db/global.setting.tcl 
Execute       source G:/Xilinx_lab/KP_502_7/kp_502_7/sol1/.autopilot/db/kp_502_7.compgen.tcl 
INFO: [HLS 200-111] Finished Generating all RTL models: CPU user time: 0 seconds. CPU system time: 0 seconds. Elapsed time: 0.896 seconds; current allocated memory: 1.255 GB.
INFO-FLOW: DBG:PROC: ::AP::create_csynth_xml bind_adapter_nodes_var='bind_adapter_nodes' bind_report_dict_var='bind_report_dict' outfile=''
INFO-FLOW: Running: create_csynth_xml read xml data
INFO-FLOW: Done: create_csynth_xml read xml data time: 0 seconds per iteration
INFO-FLOW: Running: create_csynth_xml bind info
INFO-FLOW: Done: create_csynth_xml bind info time: 0 seconds per iteration
INFO-FLOW: Running: create_csynth_xml config info
Execute       get_config_op mul -impl 
Execute       get_config_op mul -latency 
Execute       get_config_op mul -precision 
Execute       get_config_op add -impl 
Execute       get_config_op add -latency 
Execute       get_config_op add -precision 
Execute       get_config_op sub -impl 
Execute       get_config_op sub -latency 
Execute       get_config_op sub -precision 
Execute       get_config_op fadd -impl 
Execute       get_config_op fadd -latency 
Execute       get_config_op fadd -precision 
Execute       get_config_op fsub -impl 
Execute       get_config_op fsub -latency 
Execute       get_config_op fsub -precision 
Execute       get_config_op fdiv -impl 
Execute       get_config_op fdiv -latency 
Execute       get_config_op fdiv -precision 
Execute       get_config_op fexp -impl 
Execute       get_config_op fexp -latency 
Execute       get_config_op fexp -precision 
Execute       get_config_op flog -impl 
Execute       get_config_op flog -latency 
Execute       get_config_op flog -precision 
Execute       get_config_op fmul -impl 
Execute       get_config_op fmul -latency 
Execute       get_config_op fmul -precision 
Execute       get_config_op frsqrt -impl 
Execute       get_config_op frsqrt -latency 
Execute       get_config_op frsqrt -precision 
Execute       get_config_op frecip -impl 
Execute       get_config_op frecip -latency 
Execute       get_config_op frecip -precision 
Execute       get_config_op fsqrt -impl 
Execute       get_config_op fsqrt -latency 
Execute       get_config_op fsqrt -precision 
Execute       get_config_op dadd -impl 
Execute       get_config_op dadd -latency 
Execute       get_config_op dadd -precision 
Execute       get_config_op dsub -impl 
Execute       get_config_op dsub -latency 
Execute       get_config_op dsub -precision 
Execute       get_config_op ddiv -impl 
Execute       get_config_op ddiv -latency 
Execute       get_config_op ddiv -precision 
Execute       get_config_op dexp -impl 
Execute       get_config_op dexp -latency 
Execute       get_config_op dexp -precision 
Execute       get_config_op dlog -impl 
Execute       get_config_op dlog -latency 
Execute       get_config_op dlog -precision 
Execute       get_config_op dmul -impl 
Execute       get_config_op dmul -latency 
Execute       get_config_op dmul -precision 
Execute       get_config_op drsqrt -impl 
Execute       get_config_op drsqrt -latency 
Execute       get_config_op drsqrt -precision 
Execute       get_config_op drecip -impl 
Execute       get_config_op drecip -latency 
Execute       get_config_op drecip -precision 
Execute       get_config_op dsqrt -impl 
Execute       get_config_op dsqrt -latency 
Execute       get_config_op dsqrt -precision 
Execute       get_config_op hadd -impl 
Execute       get_config_op hadd -latency 
Execute       get_config_op hadd -precision 
Execute       get_config_op hsub -impl 
Execute       get_config_op hsub -latency 
Execute       get_config_op hsub -precision 
Execute       get_config_op hdiv -impl 
Execute       get_config_op hdiv -latency 
Execute       get_config_op hdiv -precision 
Execute       get_config_op hmul -impl 
Execute       get_config_op hmul -latency 
Execute       get_config_op hmul -precision 
Execute       get_config_op hsqrt -impl 
Execute       get_config_op hsqrt -latency 
Execute       get_config_op hsqrt -precision 
Execute       get_config_op facc -impl 
Execute       get_config_op facc -latency 
Execute       get_config_op facc -precision 
Execute       get_config_op fmacc -impl 
Execute       get_config_op fmacc -latency 
Execute       get_config_op fmacc -precision 
Execute       get_config_op fmadd -impl 
Execute       get_config_op fmadd -latency 
Execute       get_config_op fmadd -precision 
Execute       get_config_storage fifo -auto_srl_max_bits 
Execute       get_config_storage fifo -auto_srl_max_depth 
Execute       get_config_storage fifo -impl 
Execute       get_solution -flow_target 
Execute       get_config_array_partition -complete_threshold 
Execute       get_config_array_partition -throughput_driven 
Execute       get_config_compile -enable_auto_rewind 
Execute       get_config_compile -name_max_length 
Execute       get_config_compile -no_signed_zeros 
Execute       get_config_compile -pipeline_loops 
Execute       get_config_compile -pipeline_style 
Execute       get_config_compile -pragma_strict_mode 
Execute       get_config_compile -pre_tcl 
Execute       get_config_compile -unsafe_math_optimizations 
Execute       get_config_dataflow -default_channel 
Execute       get_config_dataflow -disable_fifo_sizing_opt 
Execute       get_config_dataflow -fifo_depth 
Execute       get_config_dataflow -override_user_fifo_depth 
Execute       get_config_dataflow -scalar_fifo_depth 
Execute       get_config_dataflow -start_fifo_depth 
Execute       get_config_dataflow -strict_mode 
Execute       get_config_dataflow -strict_stable_sync 
Execute       get_config_dataflow -task_level_fifo_depth 
Execute       get_config_debug -directory 
Execute       get_config_debug -enable 
Execute       get_config_export -deadlock_detection 
Execute       get_config_export -description 
Execute       get_config_export -display_name 
Execute       get_config_export -format 
Execute       get_config_export -ip_xdc_file 
Execute       get_config_export -ip_xdc_ooc_file 
Execute       get_config_export -ipname 
Execute       get_config_export -library 
Execute       get_config_export -output 
Execute       get_config_export -rtl 
Execute       get_config_export -taxonomy 
Execute       get_config_export -vendor 
Execute       get_config_export -version 
Execute       get_config_export -vivado_clock 
Execute       get_config_export -vivado_impl_strategy 
Execute       get_config_export -vivado_max_timing_paths 
Execute       get_config_export -vivado_optimization_level 
Execute       get_config_export -vivado_pblock 
Execute       get_config_export -vivado_phys_opt 
Execute       get_config_export -vivado_report_level 
Execute       get_config_export -vivado_synth_design_args 
Execute       get_config_export -vivado_synth_strategy 
Execute       get_config_interface -clock_enable 
Execute       get_config_interface -default_slave_interface 
Execute       get_config_interface -m_axi_addr64 
Execute       get_config_interface -m_axi_alignment_byte_size 
Execute       get_config_interface -m_axi_auto_max_ports 
Execute       get_config_interface -m_axi_buffer_impl 
Execute       get_config_interface -m_axi_conservative_mode 
Execute       get_config_interface -m_axi_flush_mode 
Execute       get_config_interface -m_axi_latency 
Execute       get_config_interface -m_axi_max_bitwidth 
Execute       get_config_interface -m_axi_max_read_burst_length 
Execute       get_config_interface -m_axi_max_widen_bitwidth 
Execute       get_config_interface -m_axi_max_write_burst_length 
Execute       get_config_interface -m_axi_min_bitwidth 
Execute       get_config_interface -m_axi_num_read_outstanding 
Execute       get_config_interface -m_axi_num_write_outstanding 
Execute       get_config_interface -m_axi_offset 
Execute       get_config_interface -register_io 
Execute       get_config_interface -s_axilite_data64 
Execute       get_config_interface -s_axilite_mailbox 
Execute       get_config_interface -s_axilite_status_regs 
Execute       get_config_interface -s_axilite_sw_reset 
Execute       get_config_rtl -header 
Execute       get_config_rtl -kernel_profile 
Execute       get_config_rtl -module_auto_prefix 
Execute       get_config_rtl -module_prefix 
Execute       get_config_rtl -mult_keep_attribute 
Execute       get_config_rtl -register_all_io 
Execute       get_config_rtl -register_reset_num 
Execute       get_config_rtl -reset 
Execute       get_config_rtl -reset_async 
Execute       get_config_rtl -reset_level 
Execute       get_config_schedule -enable_dsp_full_reg 
Execute       get_config_unroll -tripcount_threshold 
INFO-FLOW: Done: create_csynth_xml config info time: 0.1 seconds per iteration
INFO-FLOW: Running: create_csynth_xml write xml
INFO-FLOW: Done: create_csynth_xml write xml time: 0 seconds per iteration
INFO-FLOW: DBG:PUTS:       create_csynth_xml wrote csynth_xml=G:/Xilinx_lab/KP_502_7/kp_502_7/sol1/syn/report/csynth.xml
INFO-FLOW: DBG:PROC: ::AP::DESIGN_DATA::generate_json generate_bd_files='0' generate_xo_files='0' modelList='kp_502_7_dsub_64ns_64ns_64_8_full_dsp_1
kp_502_7_dmul_64ns_64ns_64_8_max_dsp_1
kp_502_7_ddiv_64ns_64ns_64_59_no_dsp_1
kp_502_7_dcmp_64ns_64ns_1_2_no_dsp_1
kp_502_7_dsqrt_64ns_64ns_64_57_no_dsp_1
kp_502_7
' rtl_lang='both' bootstrap_tcl='false' outdir='' outfilename=''
Execute       source G:/Xilinx_lab/KP_502_7/kp_502_7/sol1/.autopilot/db/global.setting.tcl 
Execute       source G:/Xilinx_lab/KP_502_7/kp_502_7/sol1/.autopilot/db/global.setting.tcl 
Execute       get_solution -flow_target 
Execute       get_config_export -xo 
Execute       get_config_export -format 
Execute       source G:/Xilinx_lab/KP_502_7/kp_502_7/sol1/.autopilot/db/top-io-be.tcl 
Execute       source G:/Xilinx_lab/KP_502_7/kp_502_7/sol1/.autopilot/db/kp_502_7.tbgen.tcl 
Execute       source G:/Xilinx_lab/KP_502_7/kp_502_7/sol1/.autopilot/db/kp_502_7.rtl_wrap.cfg.tcl 
Execute       source G:/Xilinx_lab/KP_502_7/kp_502_7/sol1/.autopilot/db/kp_502_7.compgen.dataonly.tcl 
Execute       get_config_export -format 
Execute       ap_part_info -name xc7a200t-sbv484-2 -data names -quiet 
Execute       ap_part_info -name xc7a200t-sbv484-2 -data info -quiet 
Execute       source G:/Xilinx_lab/KP_502_7/kp_502_7/sol1/.autopilot/db/kp_502_7.tbgen.tcl 
Execute       source G:/Xilinx_lab/KP_502_7/kp_502_7/sol1/.autopilot/db/global.setting.tcl 
Execute       ap_part_info -name xc7a200t-sbv484-2 -data names -quiet 
Execute       ap_part_info -name xc7a200t-sbv484-2 -data info -quiet 
Execute       get_solution -flow_target 
Execute       get_config_rtl -kernel_profile 
Execute       get_config_rtl -kernel_profile 
Execute       get_config_rtl -stall_sig_gen 
Execute       get_config_rtl -profile 
Execute       source G:/Xilinx_lab/KP_502_7/kp_502_7/sol1/.autopilot/db/kp_502_7.constraint.tcl 
Execute       sc_get_clocks kp_502_7 
Execute       source G:/Xilinx_lab/KP_502_7/kp_502_7/sol1/.autopilot/db/global.setting.tcl 
Execute       get_config_export -ip_xdc_file 
Execute       get_config_export -ip_xdc_ooc_file 
Execute       get_config_debug -directory 
Execute       source G:/Xilinx_lab/KP_502_7/kp_502_7/sol1/impl/misc/kp_502_7_dadd_64ns_64ns_64_8_full_dsp_1_ip.tcl 
Execute       source G:/Xilinx_lab/KP_502_7/kp_502_7/sol1/impl/misc/kp_502_7_dadddsub_64ns_64ns_64_8_full_dsp_1_ip.tcl 
Execute       source G:/Xilinx_lab/KP_502_7/kp_502_7/sol1/impl/misc/kp_502_7_dcmp_64ns_64ns_1_2_no_dsp_1_ip.tcl 
Execute       source G:/Xilinx_lab/KP_502_7/kp_502_7/sol1/impl/misc/kp_502_7_ddiv_64ns_64ns_64_59_no_dsp_1_ip.tcl 
Execute       source G:/Xilinx_lab/KP_502_7/kp_502_7/sol1/impl/misc/kp_502_7_dmul_64ns_64ns_64_8_max_dsp_1_ip.tcl 
Execute       source G:/Xilinx_lab/KP_502_7/kp_502_7/sol1/impl/misc/kp_502_7_dsqrt_64ns_64ns_64_57_no_dsp_1_ip.tcl 
Execute       source G:/Xilinx_lab/KP_502_7/kp_502_7/sol1/impl/misc/kp_502_7_dsub_64ns_64ns_64_8_full_dsp_1_ip.tcl 
Execute       source G:/Xilinx_lab/KP_502_7/kp_502_7/sol1/impl/misc/kp_502_7_sitodp_32ns_64_7_no_dsp_1_ip.tcl 
Execute       source G:/Xilinx_lab/KP_502_7/kp_502_7/sol1/impl/misc/kp_502_7_sitodp_32s_64_7_no_dsp_1_ip.tcl 
INFO-FLOW: DBG:PROC: ::AP::add_csynth_report_sections bind_adapter_nodes='' bind_report_dict='TOP kp_502_7 DATA {kp_502_7 {DEPTH 1 CHILDREN {} BINDINFO {{BINDTYPE op ID {} IMPL fabric LATENCY 0 OPTYPE add PRAGMA {} RTLNAME add_ln8_fu_220_p2 SOURCE ./source/kp_502_7.cpp:8 VARIABLE add_ln8 LOOP Loop BUNDLEDNAME {} DSP 0 BRAM 0 URAM 0 DISPNAME {bind_op add}} {BINDTYPE op ID {} IMPL maxdsp LATENCY 7 OPTYPE dmul PRAGMA {} RTLNAME dmul_64ns_64ns_64_8_max_dsp_1_U3 SOURCE ./source/kp_502_7.cpp:13 VARIABLE mul LOOP Loop BUNDLEDNAME {} DSP 11 BRAM 0 URAM 0 DISPNAME {bind_op dmul}} {BINDTYPE op ID {} IMPL maxdsp LATENCY 7 OPTYPE dmul PRAGMA {} RTLNAME dmul_64ns_64ns_64_8_max_dsp_1_U3 SOURCE ./source/kp_502_7.cpp:13 VARIABLE mul3 LOOP Loop BUNDLEDNAME {} DSP 11 BRAM 0 URAM 0 DISPNAME {bind_op dmul}} {BINDTYPE op ID {} IMPL maxdsp LATENCY 7 OPTYPE dmul PRAGMA {} RTLNAME dmul_64ns_64ns_64_8_max_dsp_1_U4 SOURCE ./source/kp_502_7.cpp:13 VARIABLE mul6 LOOP Loop BUNDLEDNAME {} DSP 11 BRAM 0 URAM 0 DISPNAME {bind_op dmul}} {BINDTYPE op ID {} IMPL fulldsp LATENCY 7 OPTYPE dsub PRAGMA {} RTLNAME dsub_64ns_64ns_64_8_full_dsp_1_U1 SOURCE ./source/kp_502_7.cpp:13 VARIABLE x_assign LOOP Loop BUNDLEDNAME {} DSP 3 BRAM 0 URAM 0 DISPNAME {bind_op dsub}} {BINDTYPE op ID {} IMPL maxdsp LATENCY 7 OPTYPE dmul PRAGMA {} RTLNAME dmul_64ns_64ns_64_8_max_dsp_1_U3 SOURCE ./source/kp_502_7.cpp:23 VARIABLE mul1 LOOP Loop BUNDLEDNAME {} DSP 11 BRAM 0 URAM 0 DISPNAME {bind_op dmul}} {BINDTYPE op ID {} IMPL fabric LATENCY 56 OPTYPE dsqrt PRAGMA {} RTLNAME dsqrt_64ns_64ns_64_57_no_dsp_1_U8 SOURCE r:/builds/2021.2/rdi_builds/continuous/2021_10_19_3367213/src/shared/hls/clib/hlsmath/src/c++/sqrtdouble.cpp:8 VARIABLE temp_D LOOP Loop BUNDLEDNAME {} DSP 0 BRAM 0 URAM 0 DISPNAME {bind_op dsqrt}} {BINDTYPE op ID {} IMPL fulldsp LATENCY 7 OPTYPE dsub PRAGMA {} RTLNAME dsub_64ns_64ns_64_8_full_dsp_1_U1 SOURCE ./source/kp_502_7.cpp:32 VARIABLE sub LOOP Loop BUNDLEDNAME {} DSP 3 BRAM 0 URAM 0 DISPNAME {bind_op dsub}} {BINDTYPE op ID {} IMPL fabric LATENCY 58 OPTYPE ddiv PRAGMA {} RTLNAME ddiv_64ns_64ns_64_59_no_dsp_1_U5 SOURCE ./source/kp_502_7.cpp:32 VARIABLE div1 LOOP Loop BUNDLEDNAME {} DSP 0 BRAM 0 URAM 0 DISPNAME {bind_op ddiv}} {BINDTYPE op ID {} IMPL fulldsp LATENCY 7 OPTYPE dsub PRAGMA {} RTLNAME dsub_64ns_64ns_64_8_full_dsp_1_U2 SOURCE ./source/kp_502_7.cpp:33 VARIABLE add LOOP Loop BUNDLEDNAME {} DSP 3 BRAM 0 URAM 0 DISPNAME {bind_op dsub}} {BINDTYPE op ID {} IMPL fabric LATENCY 58 OPTYPE ddiv PRAGMA {} RTLNAME ddiv_64ns_64ns_64_59_no_dsp_1_U6 SOURCE ./source/kp_502_7.cpp:33 VARIABLE div2 LOOP Loop BUNDLEDNAME {} DSP 0 BRAM 0 URAM 0 DISPNAME {bind_op ddiv}} {BINDTYPE op ID {} IMPL fabric LATENCY 58 OPTYPE ddiv PRAGMA {} RTLNAME ddiv_64ns_64ns_64_59_no_dsp_1_U5 SOURCE ./source/kp_502_7.cpp:23 VARIABLE div LOOP Loop BUNDLEDNAME {} DSP 0 BRAM 0 URAM 0 DISPNAME {bind_op ddiv}}} AREA {DSP 28 BRAM 0 URAM 0}}}'
INFO-FLOW: DBG:PUTS:       update_csynth_reports json2reportxml
INFO-FLOW: Running: gen_csynth_pragma_report_xml
INFO-FLOW: Done: gen_csynth_pragma_report_xml time: 0.1 seconds per iteration
INFO-FLOW: DBG:PUTS:       update_csynth_reports wrote xml
INFO-FLOW: DBG:PUTS:       update_csynth_reports appended to csynth rpt file
INFO: [HLS 200-111] Finished Updating report files: CPU user time: 1 seconds. CPU system time: 1 seconds. Elapsed time: 0.697 seconds; current allocated memory: 1.255 GB.
INFO: [VHDL 208-304] Generating VHDL RTL for kp_502_7.
INFO: [VLOG 209-307] Generating Verilog RTL for kp_502_7.
Execute       syn_report -model kp_502_7 -printsummary 
INFO: [HLS 200-790] **** Loop Constraint Status: All loop constraints were satisfied.
INFO: [HLS 200-789] **** Estimated Fmax: 204.58 MHz
Command     autosyn done; 3.308 sec.
Command   csynth_design done; 32.652 sec.
INFO: [HLS 200-111] Finished Command csynth_design CPU user time: 4 seconds. CPU system time: 1 seconds. Elapsed time: 32.652 seconds; current allocated memory: 0.000 MB.
Command ap_source done; 34.468 sec.
Execute cleanup_all 
INFO-FLOW: Workspace G:/Xilinx_lab/KP_502_7/kp_502_7/sol1 opened at Thu Mar 21 17:13:05 +0300 2024
Execute     ap_set_clock -name clk -period 6 -default=false 
INFO: [SYN 201-201] Setting up clock 'clk' with a period of 6ns.
Execute     ap_set_clock -name clk -uncertainty 1 
INFO: [SYN 201-201] Setting up clock 'clk' with an uncertainty of 1ns.
Execute     set_part xc7a200t-sbv484-2 
Execute       create_platform xc7a200t-sbv484-2 -board  
DBG:HLSDevice: Trying to load device library: G:/Xilinx/Vitis_HLS/2021.2\lib\win64.o\librdi_hlsvwrap.dll
DBG:HLSDevice: first parts/arch.xml in RDI_DATADIR: G:/Xilinx/Vivado/2021.2/data/parts/arch.xml
DBG:HLSDevice: init success
Execute         source G:/Xilinx/Vitis_HLS/2021.2/common/technology/xilinx/DSP48/dsp48.hlp 
Execute         source G:/Xilinx/Vitis_HLS/2021.2/common/technology/xilinx/DSP48/artix7_dsp48e1.hlp 
INFO: [HLS 200-1611] Setting target device to 'xc7a200t-sbv484-2'
Command       create_platform done; 1.78 sec.
Execute       source G:/Xilinx/Vitis_HLS/2021.2/common/technology/xilinx/common/xilinx.gen 
Execute         source G:/Xilinx/Vitis_HLS/2021.2/common/technology/xilinx/interface/plb46.gen 
Execute         source G:/Xilinx/Vitis_HLS/2021.2/common/technology/xilinx/interface/axi4.gen 
Execute         source G:/Xilinx/Vitis_HLS/2021.2/common/technology/xilinx/interface/nativeAXI4.gen 
Execute           source G:/Xilinx/Vitis_HLS/2021.2/common/technology/xilinx/interface/saxilite.gen 
Execute           source G:/Xilinx/Vitis_HLS/2021.2/common/technology/xilinx/interface/maxi.gen 
Execute         source G:/Xilinx/Vitis_HLS/2021.2/common/technology/xilinx/scripts/xilinxcoregen.gen 
Execute         source G:/Xilinx/Vitis_HLS/2021.2/common/technology/xilinx/interface/XilEDKCoreGen.gen 
Execute         source G:/Xilinx/Vitis_HLS/2021.2/common/technology/xilinx/ip/dds_compiler.gen 
Execute         source G:/Xilinx/Vitis_HLS/2021.2/common/technology/xilinx/ip/util.gen 
Execute         source G:/Xilinx/Vitis_HLS/2021.2/common/technology/xilinx/ip/xfft.gen 
Execute         source G:/Xilinx/Vitis_HLS/2021.2/common/technology/xilinx/ip/xfir.gen 
Execute         source G:/Xilinx/Vitis_HLS/2021.2/common/technology/xilinx/DSP48/dsp48.gen 
Command       ap_source done; 0.133 sec.
Execute       ap_part_info -name xc7a200t-sbv484-2 -data info 
Execute       config_compile -quiet -complex-mul-dsp=0 
Command     set_part done; 1.95 sec.
Execute     send_msg_by_id INFO @200-1505@%s%s  vivado 
INFO: [HLS 200-1505] Using flow_target 'vivado'
Execute     get_config_interface -m_axi_latency 
Execute     get_config_interface -m_axi_alignment_byte_size 
Execute     get_config_interface -m_axi_max_widen_bitwidth 
Execute     get_config_interface -default_interface 
Execute     get_config_rtl -register_reset_num 
Command   open_solution done; 1.971 sec.
Execute   set_part xc7a200t-sbv484-2 
INFO: [HLS 200-1510] Running: set_part xc7a200t-sbv484-2 
Execute     create_platform xc7a200t-sbv484-2 -board  
Execute       source G:/Xilinx/Vitis_HLS/2021.2/common/technology/xilinx/DSP48/dsp48.hlp 
Execute       source G:/Xilinx/Vitis_HLS/2021.2/common/technology/xilinx/DSP48/artix7_dsp48e1.hlp 
Execute     source G:/Xilinx/Vitis_HLS/2021.2/common/technology/xilinx/common/xilinx.gen 
Execute       source G:/Xilinx/Vitis_HLS/2021.2/common/technology/xilinx/interface/plb46.gen 
Execute       source G:/Xilinx/Vitis_HLS/2021.2/common/technology/xilinx/interface/axi4.gen 
Execute       source G:/Xilinx/Vitis_HLS/2021.2/common/technology/xilinx/interface/nativeAXI4.gen 
Execute         source G:/Xilinx/Vitis_HLS/2021.2/common/technology/xilinx/interface/saxilite.gen 
Execute         source G:/Xilinx/Vitis_HLS/2021.2/common/technology/xilinx/interface/maxi.gen 
Execute       source G:/Xilinx/Vitis_HLS/2021.2/common/technology/xilinx/scripts/xilinxcoregen.gen 
Execute       source G:/Xilinx/Vitis_HLS/2021.2/common/technology/xilinx/interface/XilEDKCoreGen.gen 
Execute       source G:/Xilinx/Vitis_HLS/2021.2/common/technology/xilinx/ip/dds_compiler.gen 
Execute       source G:/Xilinx/Vitis_HLS/2021.2/common/technology/xilinx/ip/util.gen 
Execute       source G:/Xilinx/Vitis_HLS/2021.2/common/technology/xilinx/ip/xfft.gen 
Command       ap_source done; 0.102 sec.
Execute       source G:/Xilinx/Vitis_HLS/2021.2/common/technology/xilinx/ip/xfir.gen 
Execute       source G:/Xilinx/Vitis_HLS/2021.2/common/technology/xilinx/DSP48/dsp48.gen 
Command     ap_source done; 0.141 sec.
Execute     ap_part_info -name xc7a200t-sbv484-2 -data info 
Execute     config_compile -quiet -complex-mul-dsp=0 
Command   set_part done; 0.227 sec.
Execute   create_clock -period 6 -name clk 
INFO: [HLS 200-1510] Running: create_clock -period 6 -name clk 
Execute   set_clock_uncertainty 1 
INFO: [HLS 200-1510] Running: set_clock_uncertainty 1 
Execute   source ./kp_502_7/sol1/directives.tcl 
Execute     set_directive_top -name kp_502_7 kp_502_7 
INFO: [HLS 200-1510] Running: set_directive_top -name kp_502_7 kp_502_7 
Execute     set_directive_pipeline -off kp_502_7/Loop 
INFO: [HLS 200-1510] Running: set_directive_pipeline -off kp_502_7/Loop 
Execute     set_directive_pipeline -off kp_502_7/While 
INFO: [HLS 200-1510] Running: set_directive_pipeline -off kp_502_7/While 
Execute   csim_design -clean -quiet 
INFO: [HLS 200-1510] Running: csim_design -clean -quiet 
Execute     source G:/Xilinx_lab/KP_502_7/kp_502_7/sol1/.autopilot/db/global.setting.tcl 
INFO: [SIM 211-2] *************** CSIM start ***************
INFO: [SIM 211-4] CSIM will launch GCC as the compiler.
Execute     source csim/.lst_opt.tcl 
Execute     ap_part_info -name xc7a200t-sbv484-2 -data info 
Execute     source run_sim.tcl 
Command     ap_source done; 0.346 sec.
INFO: [SIM 211-1] CSim done with 0 errors.
INFO: [SIM 211-3] *************** CSIM finish ***************
Command   csim_design done; 9.754 sec.
INFO: [HLS 200-111] Finished Command csim_design CPU user time: 0 seconds. CPU system time: 0 seconds. Elapsed time: 9.754 seconds; current allocated memory: 0.000 MB.
Command ap_source done; 12.047 sec.
Execute cleanup_all 
INFO-FLOW: Workspace G:/Xilinx_lab/KP_502_7/kp_502_7/sol1 opened at Thu Mar 21 17:14:25 +0300 2024
Execute     ap_set_clock -name clk -period 6 -default=false 
INFO: [SYN 201-201] Setting up clock 'clk' with a period of 6ns.
Execute     ap_set_clock -name clk -uncertainty 1 
INFO: [SYN 201-201] Setting up clock 'clk' with an uncertainty of 1ns.
Execute     set_part xc7a200t-sbv484-2 
Execute       create_platform xc7a200t-sbv484-2 -board  
DBG:HLSDevice: Trying to load device library: G:/Xilinx/Vitis_HLS/2021.2\lib\win64.o\librdi_hlsvwrap.dll
DBG:HLSDevice: first parts/arch.xml in RDI_DATADIR: G:/Xilinx/Vivado/2021.2/data/parts/arch.xml
DBG:HLSDevice: init success
Execute         source G:/Xilinx/Vitis_HLS/2021.2/common/technology/xilinx/DSP48/dsp48.hlp 
Execute         source G:/Xilinx/Vitis_HLS/2021.2/common/technology/xilinx/DSP48/artix7_dsp48e1.hlp 
INFO: [HLS 200-1611] Setting target device to 'xc7a200t-sbv484-2'
Command       create_platform done; 1.603 sec.
Execute       source G:/Xilinx/Vitis_HLS/2021.2/common/technology/xilinx/common/xilinx.gen 
Execute         source G:/Xilinx/Vitis_HLS/2021.2/common/technology/xilinx/interface/plb46.gen 
Execute         source G:/Xilinx/Vitis_HLS/2021.2/common/technology/xilinx/interface/axi4.gen 
Execute         source G:/Xilinx/Vitis_HLS/2021.2/common/technology/xilinx/interface/nativeAXI4.gen 
Execute           source G:/Xilinx/Vitis_HLS/2021.2/common/technology/xilinx/interface/saxilite.gen 
Execute           source G:/Xilinx/Vitis_HLS/2021.2/common/technology/xilinx/interface/maxi.gen 
Execute         source G:/Xilinx/Vitis_HLS/2021.2/common/technology/xilinx/scripts/xilinxcoregen.gen 
Execute         source G:/Xilinx/Vitis_HLS/2021.2/common/technology/xilinx/interface/XilEDKCoreGen.gen 
Execute         source G:/Xilinx/Vitis_HLS/2021.2/common/technology/xilinx/ip/dds_compiler.gen 
Execute         source G:/Xilinx/Vitis_HLS/2021.2/common/technology/xilinx/ip/util.gen 
Execute         source G:/Xilinx/Vitis_HLS/2021.2/common/technology/xilinx/ip/xfft.gen 
Execute         source G:/Xilinx/Vitis_HLS/2021.2/common/technology/xilinx/ip/xfir.gen 
Execute         source G:/Xilinx/Vitis_HLS/2021.2/common/technology/xilinx/DSP48/dsp48.gen 
Command       ap_source done; 0.134 sec.
Execute       ap_part_info -name xc7a200t-sbv484-2 -data info 
Execute       config_compile -quiet -complex-mul-dsp=0 
Command     set_part done; 1.768 sec.
Execute     send_msg_by_id INFO @200-1505@%s%s  vivado 
INFO: [HLS 200-1505] Using flow_target 'vivado'
Execute     get_config_interface -m_axi_latency 
Execute     get_config_interface -m_axi_alignment_byte_size 
Execute     get_config_interface -m_axi_max_widen_bitwidth 
Execute     get_config_interface -default_interface 
Execute     get_config_rtl -register_reset_num 
Command   open_solution done; 1.787 sec.
Execute   set_part xc7a200t-sbv484-2 
INFO: [HLS 200-1510] Running: set_part xc7a200t-sbv484-2 
Execute     create_platform xc7a200t-sbv484-2 -board  
Execute       source G:/Xilinx/Vitis_HLS/2021.2/common/technology/xilinx/DSP48/dsp48.hlp 
Execute       source G:/Xilinx/Vitis_HLS/2021.2/common/technology/xilinx/DSP48/artix7_dsp48e1.hlp 
Execute     source G:/Xilinx/Vitis_HLS/2021.2/common/technology/xilinx/common/xilinx.gen 
Execute       source G:/Xilinx/Vitis_HLS/2021.2/common/technology/xilinx/interface/plb46.gen 
Execute       source G:/Xilinx/Vitis_HLS/2021.2/common/technology/xilinx/interface/axi4.gen 
Execute       source G:/Xilinx/Vitis_HLS/2021.2/common/technology/xilinx/interface/nativeAXI4.gen 
Execute         source G:/Xilinx/Vitis_HLS/2021.2/common/technology/xilinx/interface/saxilite.gen 
Execute         source G:/Xilinx/Vitis_HLS/2021.2/common/technology/xilinx/interface/maxi.gen 
Execute       source G:/Xilinx/Vitis_HLS/2021.2/common/technology/xilinx/scripts/xilinxcoregen.gen 
Execute       source G:/Xilinx/Vitis_HLS/2021.2/common/technology/xilinx/interface/XilEDKCoreGen.gen 
Execute       source G:/Xilinx/Vitis_HLS/2021.2/common/technology/xilinx/ip/dds_compiler.gen 
Execute       source G:/Xilinx/Vitis_HLS/2021.2/common/technology/xilinx/ip/util.gen 
Execute       source G:/Xilinx/Vitis_HLS/2021.2/common/technology/xilinx/ip/xfft.gen 
Execute       source G:/Xilinx/Vitis_HLS/2021.2/common/technology/xilinx/ip/xfir.gen 
Execute       source G:/Xilinx/Vitis_HLS/2021.2/common/technology/xilinx/DSP48/dsp48.gen 
Command     ap_source done; 0.115 sec.
Execute     ap_part_info -name xc7a200t-sbv484-2 -data info 
Execute     config_compile -quiet -complex-mul-dsp=0 
Command   set_part done; 0.193 sec.
Execute   create_clock -period 6 -name clk 
INFO: [HLS 200-1510] Running: create_clock -period 6 -name clk 
Execute   set_clock_uncertainty 1 
INFO: [HLS 200-1510] Running: set_clock_uncertainty 1 
Execute   source ./kp_502_7/sol1/directives.tcl 
Execute     set_directive_top -name kp_502_7 kp_502_7 
INFO: [HLS 200-1510] Running: set_directive_top -name kp_502_7 kp_502_7 
Execute     set_directive_pipeline -off kp_502_7/Loop 
INFO: [HLS 200-1510] Running: set_directive_pipeline -off kp_502_7/Loop 
Execute     set_directive_pipeline -off kp_502_7/While 
INFO: [HLS 200-1510] Running: set_directive_pipeline -off kp_502_7/While 
Execute   csim_design -clean -quiet 
INFO: [HLS 200-1510] Running: csim_design -clean -quiet 
Execute     source G:/Xilinx_lab/KP_502_7/kp_502_7/sol1/.autopilot/db/global.setting.tcl 
INFO: [SIM 211-2] *************** CSIM start ***************
INFO: [SIM 211-4] CSIM will launch GCC as the compiler.
Execute     source csim/.lst_opt.tcl 
Execute     ap_part_info -name xc7a200t-sbv484-2 -data info 
Execute     source run_sim.tcl 
Command     ap_source done; 0.308 sec.
INFO: [SIM 211-1] CSim done with 0 errors.
INFO: [SIM 211-3] *************** CSIM finish ***************
Command   csim_design done; 9.576 sec.
INFO: [HLS 200-111] Finished Command csim_design CPU user time: 0 seconds. CPU system time: 0 seconds. Elapsed time: 9.577 seconds; current allocated memory: 0.000 MB.
Command ap_source done; 11.604 sec.
Execute cleanup_all 
