

================================================================
== Vitis HLS Report for 'kp_502_7'
================================================================
* Date:           Tue Feb 20 06:17:46 2024

* Version:        2021.2 (Build 3367213 on Tue Oct 19 02:48:09 MDT 2021)
* Project:        kp_502_7
* Solution:       sol2_11_long_16 (Vivado IP Flow Target)
* Product family: artix7
* Target device:  xc7a200t-sbv484-2


================================================================
== Performance Estimates
================================================================
+ Timing: 
    * Summary: 
    +------+----------+-----------+------------+
    | Clock|  Target  | Estimated | Uncertainty|
    +------+----------+-----------+------------+
    |clk   |  14.00 ns|  10.450 ns|     1.00 ns|
    +------+----------+-----------+------------+

+ Latency: 
    * Summary: 
    +---------+---------+-----------+-----------+------+------+---------+
    |  Latency (cycles) |   Latency (absolute)  |   Interval  | Pipeline|
    |   min   |   max   |    min    |    max    |  min |  max |   Type  |
    +---------+---------+-----------+-----------+------+------+---------+
    |     4168|     4168|  58.352 us|  58.352 us|  4169|  4169|       no|
    +---------+---------+-----------+-----------+------+------+---------+

    + Detail: 
        * Instance: 
        N/A

        * Loop: 
        +----------+---------+---------+----------+-----------+-----------+------+----------+
        |          |  Latency (cycles) | Iteration|  Initiation Interval  | Trip |          |
        | Loop Name|   min   |   max   |  Latency |  achieved |   target  | Count| Pipelined|
        +----------+---------+---------+----------+-----------+-----------+------+----------+
        |- Loop    |     4166|     4166|        72|          1|          1|  4096|       yes|
        +----------+---------+---------+----------+-----------+-----------+------+----------+



================================================================
== Utilization Estimates
================================================================
* Summary: 
+-----------------+---------+-----+--------+--------+-----+
|       Name      | BRAM_18K| DSP |   FF   |   LUT  | URAM|
+-----------------+---------+-----+--------+--------+-----+
|DSP              |        -|    -|       -|       -|    -|
|Expression       |        -|    -|       0|    2300|    -|
|FIFO             |        -|    -|       -|       -|    -|
|Instance         |        -|  192|  138416|  107152|    -|
|Memory           |        -|    -|       -|       -|    -|
|Multiplexer      |        -|    -|       -|      36|    -|
|Register         |        -|    -|    9372|     544|    -|
+-----------------+---------+-----+--------+--------+-----+
|Total            |        0|  192|  147788|  110032|    0|
+-----------------+---------+-----+--------+--------+-----+
|Available        |      730|  740|  269200|  134600|    0|
+-----------------+---------+-----+--------+--------+-----+
|Utilization (%)  |        0|   25|      54|      81|    0|
+-----------------+---------+-----+--------+--------+-----+

+ Detail: 
    * Instance: 
    +---------------------------+-----------------------+---------+----+------+------+-----+
    |          Instance         |         Module        | BRAM_18K| DSP|  FF  |  LUT | URAM|
    +---------------------------+-----------------------+---------+----+------+------+-----+
    |mul_62s_62s_62_1_1_U2      |mul_62s_62s_62_1_1     |        0|   6|     0|    43|    0|
    |mul_62s_62s_62_1_1_U4      |mul_62s_62s_62_1_1     |        0|   6|     0|    43|    0|
    |mul_62s_62s_62_1_1_U6      |mul_62s_62s_62_1_1     |        0|   6|     0|    43|    0|
    |mul_62s_62s_62_1_1_U8      |mul_62s_62s_62_1_1     |        0|   6|     0|    43|    0|
    |mul_62s_62s_62_1_1_U10     |mul_62s_62s_62_1_1     |        0|   6|     0|    43|    0|
    |mul_62s_62s_62_1_1_U12     |mul_62s_62s_62_1_1     |        0|   6|     0|    43|    0|
    |mul_62s_62s_62_1_1_U14     |mul_62s_62s_62_1_1     |        0|   6|     0|    43|    0|
    |mul_62s_62s_62_1_1_U16     |mul_62s_62s_62_1_1     |        0|   6|     0|    43|    0|
    |mul_62s_62s_62_1_1_U18     |mul_62s_62s_62_1_1     |        0|   6|     0|    43|    0|
    |mul_62s_62s_62_1_1_U20     |mul_62s_62s_62_1_1     |        0|   6|     0|    43|    0|
    |mul_62s_62s_62_1_1_U22     |mul_62s_62s_62_1_1     |        0|   6|     0|    43|    0|
    |mul_62s_62s_62_1_1_U24     |mul_62s_62s_62_1_1     |        0|   6|     0|    43|    0|
    |mul_62s_62s_62_1_1_U26     |mul_62s_62s_62_1_1     |        0|   6|     0|    43|    0|
    |mul_62s_62s_62_1_1_U28     |mul_62s_62s_62_1_1     |        0|   6|     0|    43|    0|
    |mul_62s_62s_62_1_1_U30     |mul_62s_62s_62_1_1     |        0|   6|     0|    43|    0|
    |mul_62s_62s_62_1_1_U32     |mul_62s_62s_62_1_1     |        0|   6|     0|    43|    0|
    |mul_64s_64s_64_1_1_U1      |mul_64s_64s_64_1_1     |        0|   6|     0|    47|    0|
    |mul_64s_64s_64_1_1_U3      |mul_64s_64s_64_1_1     |        0|   6|     0|    47|    0|
    |mul_64s_64s_64_1_1_U5      |mul_64s_64s_64_1_1     |        0|   6|     0|    47|    0|
    |mul_64s_64s_64_1_1_U7      |mul_64s_64s_64_1_1     |        0|   6|     0|    47|    0|
    |mul_64s_64s_64_1_1_U9      |mul_64s_64s_64_1_1     |        0|   6|     0|    47|    0|
    |mul_64s_64s_64_1_1_U11     |mul_64s_64s_64_1_1     |        0|   6|     0|    47|    0|
    |mul_64s_64s_64_1_1_U13     |mul_64s_64s_64_1_1     |        0|   6|     0|    47|    0|
    |mul_64s_64s_64_1_1_U15     |mul_64s_64s_64_1_1     |        0|   6|     0|    47|    0|
    |mul_64s_64s_64_1_1_U17     |mul_64s_64s_64_1_1     |        0|   6|     0|    47|    0|
    |mul_64s_64s_64_1_1_U19     |mul_64s_64s_64_1_1     |        0|   6|     0|    47|    0|
    |mul_64s_64s_64_1_1_U21     |mul_64s_64s_64_1_1     |        0|   6|     0|    47|    0|
    |mul_64s_64s_64_1_1_U23     |mul_64s_64s_64_1_1     |        0|   6|     0|    47|    0|
    |mul_64s_64s_64_1_1_U25     |mul_64s_64s_64_1_1     |        0|   6|     0|    47|    0|
    |mul_64s_64s_64_1_1_U27     |mul_64s_64s_64_1_1     |        0|   6|     0|    47|    0|
    |mul_64s_64s_64_1_1_U29     |mul_64s_64s_64_1_1     |        0|   6|     0|    47|    0|
    |mul_64s_64s_64_1_1_U31     |mul_64s_64s_64_1_1     |        0|   6|     0|    47|    0|
    |sdiv_65s_65ns_64_69_1_U33  |sdiv_65s_65ns_64_69_1  |        0|   0|  8651|  6607|    0|
    |sdiv_65s_65ns_64_69_1_U34  |sdiv_65s_65ns_64_69_1  |        0|   0|  8651|  6607|    0|
    |sdiv_65s_65ns_64_69_1_U35  |sdiv_65s_65ns_64_69_1  |        0|   0|  8651|  6607|    0|
    |sdiv_65s_65ns_64_69_1_U36  |sdiv_65s_65ns_64_69_1  |        0|   0|  8651|  6607|    0|
    |sdiv_65s_65ns_64_69_1_U37  |sdiv_65s_65ns_64_69_1  |        0|   0|  8651|  6607|    0|
    |sdiv_65s_65ns_64_69_1_U38  |sdiv_65s_65ns_64_69_1  |        0|   0|  8651|  6607|    0|
    |sdiv_65s_65ns_64_69_1_U39  |sdiv_65s_65ns_64_69_1  |        0|   0|  8651|  6607|    0|
    |sdiv_65s_65ns_64_69_1_U40  |sdiv_65s_65ns_64_69_1  |        0|   0|  8651|  6607|    0|
    |sdiv_65s_65ns_64_69_1_U41  |sdiv_65s_65ns_64_69_1  |        0|   0|  8651|  6607|    0|
    |sdiv_65s_65ns_64_69_1_U42  |sdiv_65s_65ns_64_69_1  |        0|   0|  8651|  6607|    0|
    |sdiv_65s_65ns_64_69_1_U43  |sdiv_65s_65ns_64_69_1  |        0|   0|  8651|  6607|    0|
    |sdiv_65s_65ns_64_69_1_U44  |sdiv_65s_65ns_64_69_1  |        0|   0|  8651|  6607|    0|
    |sdiv_65s_65ns_64_69_1_U45  |sdiv_65s_65ns_64_69_1  |        0|   0|  8651|  6607|    0|
    |sdiv_65s_65ns_64_69_1_U46  |sdiv_65s_65ns_64_69_1  |        0|   0|  8651|  6607|    0|
    |sdiv_65s_65ns_64_69_1_U47  |sdiv_65s_65ns_64_69_1  |        0|   0|  8651|  6607|    0|
    |sdiv_65s_65ns_64_69_1_U48  |sdiv_65s_65ns_64_69_1  |        0|   0|  8651|  6607|    0|
    +---------------------------+-----------------------+---------+----+------+------+-----+
    |Total                      |                       |        0| 192|138416|107152|    0|
    +---------------------------+-----------------------+---------+----+------+------+-----+

    * DSP: 
    N/A

    * Memory: 
    N/A

    * FIFO: 
    N/A

    * Expression: 
    +------------------------+----------+----+---+----+------------+------------+
    |      Variable Name     | Operation| DSP| FF| LUT| Bitwidth P0| Bitwidth P1|
    +------------------------+----------+----+---+----+------------+------------+
    |add_ln8_fu_1578_p2      |         +|   0|  0|  24|          17|           5|
    |sub_ln70_10_fu_2222_p2  |         -|   0|  0|  71|          64|          64|
    |sub_ln70_11_fu_2259_p2  |         -|   0|  0|  71|          64|          64|
    |sub_ln70_12_fu_2296_p2  |         -|   0|  0|  71|          64|          64|
    |sub_ln70_13_fu_2333_p2  |         -|   0|  0|  71|          64|          64|
    |sub_ln70_14_fu_2370_p2  |         -|   0|  0|  71|          64|          64|
    |sub_ln70_15_fu_2407_p2  |         -|   0|  0|  71|          64|          64|
    |sub_ln70_16_fu_2441_p2  |         -|   0|  0|  71|           1|          64|
    |sub_ln70_17_fu_2453_p2  |         -|   0|  0|  71|           1|          64|
    |sub_ln70_18_fu_2465_p2  |         -|   0|  0|  71|           1|          64|
    |sub_ln70_19_fu_2477_p2  |         -|   0|  0|  71|           1|          64|
    |sub_ln70_1_fu_1889_p2   |         -|   0|  0|  71|          64|          64|
    |sub_ln70_20_fu_2489_p2  |         -|   0|  0|  71|           1|          64|
    |sub_ln70_21_fu_2501_p2  |         -|   0|  0|  71|           1|          64|
    |sub_ln70_22_fu_2513_p2  |         -|   0|  0|  71|           1|          64|
    |sub_ln70_23_fu_2525_p2  |         -|   0|  0|  71|           1|          64|
    |sub_ln70_24_fu_2537_p2  |         -|   0|  0|  71|           1|          64|
    |sub_ln70_25_fu_2549_p2  |         -|   0|  0|  71|           1|          64|
    |sub_ln70_26_fu_2561_p2  |         -|   0|  0|  71|           1|          64|
    |sub_ln70_27_fu_2573_p2  |         -|   0|  0|  71|           1|          64|
    |sub_ln70_28_fu_2585_p2  |         -|   0|  0|  71|           1|          64|
    |sub_ln70_29_fu_2597_p2  |         -|   0|  0|  71|           1|          64|
    |sub_ln70_2_fu_1926_p2   |         -|   0|  0|  71|          64|          64|
    |sub_ln70_30_fu_2609_p2  |         -|   0|  0|  71|           1|          64|
    |sub_ln70_31_fu_2621_p2  |         -|   0|  0|  71|           1|          64|
    |sub_ln70_3_fu_1963_p2   |         -|   0|  0|  71|          64|          64|
    |sub_ln70_4_fu_2000_p2   |         -|   0|  0|  71|          64|          64|
    |sub_ln70_5_fu_2037_p2   |         -|   0|  0|  71|          64|          64|
    |sub_ln70_6_fu_2074_p2   |         -|   0|  0|  71|          64|          64|
    |sub_ln70_7_fu_2111_p2   |         -|   0|  0|  71|          64|          64|
    |sub_ln70_8_fu_2148_p2   |         -|   0|  0|  71|          64|          64|
    |sub_ln70_9_fu_2185_p2   |         -|   0|  0|  71|          64|          64|
    |sub_ln70_fu_1852_p2     |         -|   0|  0|  71|          64|          64|
    |ap_condition_4912       |       and|   0|  0|   2|           1|           1|
    |ap_enable_pp0           |       xor|   0|  0|   2|           1|           2|
    +------------------------+----------+----+---+----+------------+------------+
    |Total                   |          |   0|  0|2300|        1059|        2056|
    +------------------------+----------+----+---+----+------------+------------+

    * Multiplexer: 
    +-------------------------+----+-----------+-----+-----------+
    |           Name          | LUT| Input Size| Bits| Total Bits|
    +-------------------------+----+-----------+-----+-----------+
    |ap_done_int              |   9|          2|    1|          2|
    |ap_enable_reg_pp0_iter1  |   9|          2|    1|          2|
    |ap_sig_allocacmp_i_1     |   9|          2|   17|         34|
    |i_fu_248                 |   9|          2|   17|         34|
    +-------------------------+----+-----------+-----+-----------+
    |Total                    |  36|          8|   36|         72|
    +-------------------------+----+-----------+-----+-----------+

    * Register: 
    +------------------------------------+----+----+-----+-----------+
    |                Name                | FF | LUT| Bits| Const Bits|
    +------------------------------------+----+----+-----+-----------+
    |ap_CS_fsm                           |   1|   0|    1|          0|
    |ap_done_reg                         |   1|   0|    1|          0|
    |ap_enable_reg_pp0_iter1             |   1|   0|    1|          0|
    |ap_enable_reg_pp0_iter10            |   1|   0|    1|          0|
    |ap_enable_reg_pp0_iter11            |   1|   0|    1|          0|
    |ap_enable_reg_pp0_iter12            |   1|   0|    1|          0|
    |ap_enable_reg_pp0_iter13            |   1|   0|    1|          0|
    |ap_enable_reg_pp0_iter14            |   1|   0|    1|          0|
    |ap_enable_reg_pp0_iter15            |   1|   0|    1|          0|
    |ap_enable_reg_pp0_iter16            |   1|   0|    1|          0|
    |ap_enable_reg_pp0_iter17            |   1|   0|    1|          0|
    |ap_enable_reg_pp0_iter18            |   1|   0|    1|          0|
    |ap_enable_reg_pp0_iter19            |   1|   0|    1|          0|
    |ap_enable_reg_pp0_iter2             |   1|   0|    1|          0|
    |ap_enable_reg_pp0_iter20            |   1|   0|    1|          0|
    |ap_enable_reg_pp0_iter21            |   1|   0|    1|          0|
    |ap_enable_reg_pp0_iter22            |   1|   0|    1|          0|
    |ap_enable_reg_pp0_iter23            |   1|   0|    1|          0|
    |ap_enable_reg_pp0_iter24            |   1|   0|    1|          0|
    |ap_enable_reg_pp0_iter25            |   1|   0|    1|          0|
    |ap_enable_reg_pp0_iter26            |   1|   0|    1|          0|
    |ap_enable_reg_pp0_iter27            |   1|   0|    1|          0|
    |ap_enable_reg_pp0_iter28            |   1|   0|    1|          0|
    |ap_enable_reg_pp0_iter29            |   1|   0|    1|          0|
    |ap_enable_reg_pp0_iter3             |   1|   0|    1|          0|
    |ap_enable_reg_pp0_iter30            |   1|   0|    1|          0|
    |ap_enable_reg_pp0_iter31            |   1|   0|    1|          0|
    |ap_enable_reg_pp0_iter32            |   1|   0|    1|          0|
    |ap_enable_reg_pp0_iter33            |   1|   0|    1|          0|
    |ap_enable_reg_pp0_iter34            |   1|   0|    1|          0|
    |ap_enable_reg_pp0_iter35            |   1|   0|    1|          0|
    |ap_enable_reg_pp0_iter36            |   1|   0|    1|          0|
    |ap_enable_reg_pp0_iter37            |   1|   0|    1|          0|
    |ap_enable_reg_pp0_iter38            |   1|   0|    1|          0|
    |ap_enable_reg_pp0_iter39            |   1|   0|    1|          0|
    |ap_enable_reg_pp0_iter4             |   1|   0|    1|          0|
    |ap_enable_reg_pp0_iter40            |   1|   0|    1|          0|
    |ap_enable_reg_pp0_iter41            |   1|   0|    1|          0|
    |ap_enable_reg_pp0_iter42            |   1|   0|    1|          0|
    |ap_enable_reg_pp0_iter43            |   1|   0|    1|          0|
    |ap_enable_reg_pp0_iter44            |   1|   0|    1|          0|
    |ap_enable_reg_pp0_iter45            |   1|   0|    1|          0|
    |ap_enable_reg_pp0_iter46            |   1|   0|    1|          0|
    |ap_enable_reg_pp0_iter47            |   1|   0|    1|          0|
    |ap_enable_reg_pp0_iter48            |   1|   0|    1|          0|
    |ap_enable_reg_pp0_iter49            |   1|   0|    1|          0|
    |ap_enable_reg_pp0_iter5             |   1|   0|    1|          0|
    |ap_enable_reg_pp0_iter50            |   1|   0|    1|          0|
    |ap_enable_reg_pp0_iter51            |   1|   0|    1|          0|
    |ap_enable_reg_pp0_iter52            |   1|   0|    1|          0|
    |ap_enable_reg_pp0_iter53            |   1|   0|    1|          0|
    |ap_enable_reg_pp0_iter54            |   1|   0|    1|          0|
    |ap_enable_reg_pp0_iter55            |   1|   0|    1|          0|
    |ap_enable_reg_pp0_iter56            |   1|   0|    1|          0|
    |ap_enable_reg_pp0_iter57            |   1|   0|    1|          0|
    |ap_enable_reg_pp0_iter58            |   1|   0|    1|          0|
    |ap_enable_reg_pp0_iter59            |   1|   0|    1|          0|
    |ap_enable_reg_pp0_iter6             |   1|   0|    1|          0|
    |ap_enable_reg_pp0_iter60            |   1|   0|    1|          0|
    |ap_enable_reg_pp0_iter61            |   1|   0|    1|          0|
    |ap_enable_reg_pp0_iter62            |   1|   0|    1|          0|
    |ap_enable_reg_pp0_iter63            |   1|   0|    1|          0|
    |ap_enable_reg_pp0_iter64            |   1|   0|    1|          0|
    |ap_enable_reg_pp0_iter65            |   1|   0|    1|          0|
    |ap_enable_reg_pp0_iter66            |   1|   0|    1|          0|
    |ap_enable_reg_pp0_iter67            |   1|   0|    1|          0|
    |ap_enable_reg_pp0_iter68            |   1|   0|    1|          0|
    |ap_enable_reg_pp0_iter69            |   1|   0|    1|          0|
    |ap_enable_reg_pp0_iter7             |   1|   0|    1|          0|
    |ap_enable_reg_pp0_iter70            |   1|   0|    1|          0|
    |ap_enable_reg_pp0_iter71            |   1|   0|    1|          0|
    |ap_enable_reg_pp0_iter8             |   1|   0|    1|          0|
    |ap_enable_reg_pp0_iter9             |   1|   0|    1|          0|
    |ap_loop_exit_ready_pp0_iter10_reg   |   1|   0|    1|          0|
    |ap_loop_exit_ready_pp0_iter11_reg   |   1|   0|    1|          0|
    |ap_loop_exit_ready_pp0_iter12_reg   |   1|   0|    1|          0|
    |ap_loop_exit_ready_pp0_iter13_reg   |   1|   0|    1|          0|
    |ap_loop_exit_ready_pp0_iter14_reg   |   1|   0|    1|          0|
    |ap_loop_exit_ready_pp0_iter15_reg   |   1|   0|    1|          0|
    |ap_loop_exit_ready_pp0_iter16_reg   |   1|   0|    1|          0|
    |ap_loop_exit_ready_pp0_iter17_reg   |   1|   0|    1|          0|
    |ap_loop_exit_ready_pp0_iter18_reg   |   1|   0|    1|          0|
    |ap_loop_exit_ready_pp0_iter19_reg   |   1|   0|    1|          0|
    |ap_loop_exit_ready_pp0_iter1_reg    |   1|   0|    1|          0|
    |ap_loop_exit_ready_pp0_iter20_reg   |   1|   0|    1|          0|
    |ap_loop_exit_ready_pp0_iter21_reg   |   1|   0|    1|          0|
    |ap_loop_exit_ready_pp0_iter22_reg   |   1|   0|    1|          0|
    |ap_loop_exit_ready_pp0_iter23_reg   |   1|   0|    1|          0|
    |ap_loop_exit_ready_pp0_iter24_reg   |   1|   0|    1|          0|
    |ap_loop_exit_ready_pp0_iter25_reg   |   1|   0|    1|          0|
    |ap_loop_exit_ready_pp0_iter26_reg   |   1|   0|    1|          0|
    |ap_loop_exit_ready_pp0_iter27_reg   |   1|   0|    1|          0|
    |ap_loop_exit_ready_pp0_iter28_reg   |   1|   0|    1|          0|
    |ap_loop_exit_ready_pp0_iter29_reg   |   1|   0|    1|          0|
    |ap_loop_exit_ready_pp0_iter2_reg    |   1|   0|    1|          0|
    |ap_loop_exit_ready_pp0_iter30_reg   |   1|   0|    1|          0|
    |ap_loop_exit_ready_pp0_iter31_reg   |   1|   0|    1|          0|
    |ap_loop_exit_ready_pp0_iter32_reg   |   1|   0|    1|          0|
    |ap_loop_exit_ready_pp0_iter33_reg   |   1|   0|    1|          0|
    |ap_loop_exit_ready_pp0_iter34_reg   |   1|   0|    1|          0|
    |ap_loop_exit_ready_pp0_iter35_reg   |   1|   0|    1|          0|
    |ap_loop_exit_ready_pp0_iter36_reg   |   1|   0|    1|          0|
    |ap_loop_exit_ready_pp0_iter37_reg   |   1|   0|    1|          0|
    |ap_loop_exit_ready_pp0_iter38_reg   |   1|   0|    1|          0|
    |ap_loop_exit_ready_pp0_iter39_reg   |   1|   0|    1|          0|
    |ap_loop_exit_ready_pp0_iter3_reg    |   1|   0|    1|          0|
    |ap_loop_exit_ready_pp0_iter40_reg   |   1|   0|    1|          0|
    |ap_loop_exit_ready_pp0_iter41_reg   |   1|   0|    1|          0|
    |ap_loop_exit_ready_pp0_iter42_reg   |   1|   0|    1|          0|
    |ap_loop_exit_ready_pp0_iter43_reg   |   1|   0|    1|          0|
    |ap_loop_exit_ready_pp0_iter44_reg   |   1|   0|    1|          0|
    |ap_loop_exit_ready_pp0_iter45_reg   |   1|   0|    1|          0|
    |ap_loop_exit_ready_pp0_iter46_reg   |   1|   0|    1|          0|
    |ap_loop_exit_ready_pp0_iter47_reg   |   1|   0|    1|          0|
    |ap_loop_exit_ready_pp0_iter48_reg   |   1|   0|    1|          0|
    |ap_loop_exit_ready_pp0_iter49_reg   |   1|   0|    1|          0|
    |ap_loop_exit_ready_pp0_iter4_reg    |   1|   0|    1|          0|
    |ap_loop_exit_ready_pp0_iter50_reg   |   1|   0|    1|          0|
    |ap_loop_exit_ready_pp0_iter51_reg   |   1|   0|    1|          0|
    |ap_loop_exit_ready_pp0_iter52_reg   |   1|   0|    1|          0|
    |ap_loop_exit_ready_pp0_iter53_reg   |   1|   0|    1|          0|
    |ap_loop_exit_ready_pp0_iter54_reg   |   1|   0|    1|          0|
    |ap_loop_exit_ready_pp0_iter55_reg   |   1|   0|    1|          0|
    |ap_loop_exit_ready_pp0_iter56_reg   |   1|   0|    1|          0|
    |ap_loop_exit_ready_pp0_iter57_reg   |   1|   0|    1|          0|
    |ap_loop_exit_ready_pp0_iter58_reg   |   1|   0|    1|          0|
    |ap_loop_exit_ready_pp0_iter59_reg   |   1|   0|    1|          0|
    |ap_loop_exit_ready_pp0_iter5_reg    |   1|   0|    1|          0|
    |ap_loop_exit_ready_pp0_iter60_reg   |   1|   0|    1|          0|
    |ap_loop_exit_ready_pp0_iter61_reg   |   1|   0|    1|          0|
    |ap_loop_exit_ready_pp0_iter62_reg   |   1|   0|    1|          0|
    |ap_loop_exit_ready_pp0_iter63_reg   |   1|   0|    1|          0|
    |ap_loop_exit_ready_pp0_iter64_reg   |   1|   0|    1|          0|
    |ap_loop_exit_ready_pp0_iter65_reg   |   1|   0|    1|          0|
    |ap_loop_exit_ready_pp0_iter66_reg   |   1|   0|    1|          0|
    |ap_loop_exit_ready_pp0_iter67_reg   |   1|   0|    1|          0|
    |ap_loop_exit_ready_pp0_iter68_reg   |   1|   0|    1|          0|
    |ap_loop_exit_ready_pp0_iter69_reg   |   1|   0|    1|          0|
    |ap_loop_exit_ready_pp0_iter6_reg    |   1|   0|    1|          0|
    |ap_loop_exit_ready_pp0_iter70_reg   |   1|   0|    1|          0|
    |ap_loop_exit_ready_pp0_iter7_reg    |   1|   0|    1|          0|
    |ap_loop_exit_ready_pp0_iter8_reg    |   1|   0|    1|          0|
    |ap_loop_exit_ready_pp0_iter9_reg    |   1|   0|    1|          0|
    |i_fu_248                            |  17|   0|   17|          0|
    |mul_ln70_10_reg_3334                |  64|   0|   64|          0|
    |mul_ln70_11_reg_3339                |  62|   0|   62|          0|
    |mul_ln70_12_reg_3344                |  64|   0|   64|          0|
    |mul_ln70_13_reg_3349                |  62|   0|   62|          0|
    |mul_ln70_14_reg_3354                |  64|   0|   64|          0|
    |mul_ln70_15_reg_3359                |  62|   0|   62|          0|
    |mul_ln70_16_reg_3364                |  64|   0|   64|          0|
    |mul_ln70_17_reg_3369                |  62|   0|   62|          0|
    |mul_ln70_18_reg_3374                |  64|   0|   64|          0|
    |mul_ln70_19_reg_3379                |  62|   0|   62|          0|
    |mul_ln70_1_reg_3289                 |  62|   0|   62|          0|
    |mul_ln70_20_reg_3384                |  64|   0|   64|          0|
    |mul_ln70_21_reg_3389                |  62|   0|   62|          0|
    |mul_ln70_22_reg_3394                |  64|   0|   64|          0|
    |mul_ln70_23_reg_3399                |  62|   0|   62|          0|
    |mul_ln70_24_reg_3404                |  64|   0|   64|          0|
    |mul_ln70_25_reg_3409                |  62|   0|   62|          0|
    |mul_ln70_26_reg_3414                |  64|   0|   64|          0|
    |mul_ln70_27_reg_3419                |  62|   0|   62|          0|
    |mul_ln70_28_reg_3424                |  64|   0|   64|          0|
    |mul_ln70_29_reg_3429                |  62|   0|   62|          0|
    |mul_ln70_2_reg_3294                 |  64|   0|   64|          0|
    |mul_ln70_30_reg_3434                |  64|   0|   64|          0|
    |mul_ln70_31_reg_3439                |  62|   0|   62|          0|
    |mul_ln70_3_reg_3299                 |  62|   0|   62|          0|
    |mul_ln70_4_reg_3304                 |  64|   0|   64|          0|
    |mul_ln70_5_reg_3309                 |  62|   0|   62|          0|
    |mul_ln70_6_reg_3314                 |  64|   0|   64|          0|
    |mul_ln70_7_reg_3319                 |  62|   0|   62|          0|
    |mul_ln70_8_reg_3324                 |  64|   0|   64|          0|
    |mul_ln70_9_reg_3329                 |  62|   0|   62|          0|
    |mul_ln70_reg_3284                   |  64|   0|   64|          0|
    |temp_A_V_10_reg_3159                |  64|   0|   64|          0|
    |temp_A_V_10_reg_3159_pp0_iter2_reg  |  64|   0|   64|          0|
    |temp_A_V_11_reg_3181                |  64|   0|   64|          0|
    |temp_A_V_11_reg_3181_pp0_iter2_reg  |  64|   0|   64|          0|
    |temp_A_V_12_reg_3203                |  64|   0|   64|          0|
    |temp_A_V_12_reg_3203_pp0_iter2_reg  |  64|   0|   64|          0|
    |temp_A_V_13_reg_3225                |  64|   0|   64|          0|
    |temp_A_V_13_reg_3225_pp0_iter2_reg  |  64|   0|   64|          0|
    |temp_A_V_14_reg_3247                |  64|   0|   64|          0|
    |temp_A_V_14_reg_3247_pp0_iter2_reg  |  64|   0|   64|          0|
    |temp_A_V_15_reg_3269                |  64|   0|   64|          0|
    |temp_A_V_15_reg_3269_pp0_iter2_reg  |  64|   0|   64|          0|
    |temp_A_V_1_reg_2961                 |  64|   0|   64|          0|
    |temp_A_V_1_reg_2961_pp0_iter2_reg   |  64|   0|   64|          0|
    |temp_A_V_2_reg_2983                 |  64|   0|   64|          0|
    |temp_A_V_2_reg_2983_pp0_iter2_reg   |  64|   0|   64|          0|
    |temp_A_V_3_reg_3005                 |  64|   0|   64|          0|
    |temp_A_V_3_reg_3005_pp0_iter2_reg   |  64|   0|   64|          0|
    |temp_A_V_4_reg_3027                 |  64|   0|   64|          0|
    |temp_A_V_4_reg_3027_pp0_iter2_reg   |  64|   0|   64|          0|
    |temp_A_V_5_reg_3049                 |  64|   0|   64|          0|
    |temp_A_V_5_reg_3049_pp0_iter2_reg   |  64|   0|   64|          0|
    |temp_A_V_6_reg_3071                 |  64|   0|   64|          0|
    |temp_A_V_6_reg_3071_pp0_iter2_reg   |  64|   0|   64|          0|
    |temp_A_V_7_reg_3093                 |  64|   0|   64|          0|
    |temp_A_V_7_reg_3093_pp0_iter2_reg   |  64|   0|   64|          0|
    |temp_A_V_8_reg_3115                 |  64|   0|   64|          0|
    |temp_A_V_8_reg_3115_pp0_iter2_reg   |  64|   0|   64|          0|
    |temp_A_V_9_reg_3137                 |  64|   0|   64|          0|
    |temp_A_V_9_reg_3137_pp0_iter2_reg   |  64|   0|   64|          0|
    |temp_A_V_reg_2939                   |  64|   0|   64|          0|
    |temp_A_V_reg_2939_pp0_iter2_reg     |  64|   0|   64|          0|
    |temp_B_V_10_reg_3152                |  64|   0|   64|          0|
    |temp_B_V_10_reg_3152_pp0_iter2_reg  |  64|   0|   64|          0|
    |temp_B_V_11_reg_3174                |  64|   0|   64|          0|
    |temp_B_V_11_reg_3174_pp0_iter2_reg  |  64|   0|   64|          0|
    |temp_B_V_12_reg_3196                |  64|   0|   64|          0|
    |temp_B_V_12_reg_3196_pp0_iter2_reg  |  64|   0|   64|          0|
    |temp_B_V_13_reg_3218                |  64|   0|   64|          0|
    |temp_B_V_13_reg_3218_pp0_iter2_reg  |  64|   0|   64|          0|
    |temp_B_V_14_reg_3240                |  64|   0|   64|          0|
    |temp_B_V_14_reg_3240_pp0_iter2_reg  |  64|   0|   64|          0|
    |temp_B_V_15_reg_3262                |  64|   0|   64|          0|
    |temp_B_V_15_reg_3262_pp0_iter2_reg  |  64|   0|   64|          0|
    |temp_B_V_1_reg_2954                 |  64|   0|   64|          0|
    |temp_B_V_1_reg_2954_pp0_iter2_reg   |  64|   0|   64|          0|
    |temp_B_V_2_reg_2976                 |  64|   0|   64|          0|
    |temp_B_V_2_reg_2976_pp0_iter2_reg   |  64|   0|   64|          0|
    |temp_B_V_3_reg_2998                 |  64|   0|   64|          0|
    |temp_B_V_3_reg_2998_pp0_iter2_reg   |  64|   0|   64|          0|
    |temp_B_V_4_reg_3020                 |  64|   0|   64|          0|
    |temp_B_V_4_reg_3020_pp0_iter2_reg   |  64|   0|   64|          0|
    |temp_B_V_5_reg_3042                 |  64|   0|   64|          0|
    |temp_B_V_5_reg_3042_pp0_iter2_reg   |  64|   0|   64|          0|
    |temp_B_V_6_reg_3064                 |  64|   0|   64|          0|
    |temp_B_V_6_reg_3064_pp0_iter2_reg   |  64|   0|   64|          0|
    |temp_B_V_7_reg_3086                 |  64|   0|   64|          0|
    |temp_B_V_7_reg_3086_pp0_iter2_reg   |  64|   0|   64|          0|
    |temp_B_V_8_reg_3108                 |  64|   0|   64|          0|
    |temp_B_V_8_reg_3108_pp0_iter2_reg   |  64|   0|   64|          0|
    |temp_B_V_9_reg_3130                 |  64|   0|   64|          0|
    |temp_B_V_9_reg_3130_pp0_iter2_reg   |  64|   0|   64|          0|
    |temp_B_V_reg_2932                   |  64|   0|   64|          0|
    |temp_B_V_reg_2932_pp0_iter2_reg     |  64|   0|   64|          0|
    |tmp_10_reg_3570                     |   1|   0|    1|          0|
    |tmp_11_reg_3584                     |   1|   0|    1|          0|
    |tmp_12_reg_3598                     |   1|   0|    1|          0|
    |tmp_13_reg_3612                     |   1|   0|    1|          0|
    |tmp_14_reg_3626                     |   1|   0|    1|          0|
    |tmp_15_reg_3640                     |   1|   0|    1|          0|
    |tmp_16_reg_3654                     |   1|   0|    1|          0|
    |tmp_1_reg_3444                      |   1|   0|    1|          0|
    |tmp_2_reg_3458                      |   1|   0|    1|          0|
    |tmp_3_reg_3472                      |   1|   0|    1|          0|
    |tmp_4_reg_3486                      |   1|   0|    1|          0|
    |tmp_5_reg_3500                      |   1|   0|    1|          0|
    |tmp_6_reg_3514                      |   1|   0|    1|          0|
    |tmp_7_reg_3528                      |   1|   0|    1|          0|
    |tmp_8_reg_3542                      |   1|   0|    1|          0|
    |tmp_9_reg_3556                      |   1|   0|    1|          0|
    |trunc_ln6_10_reg_3164               |  62|   0|   62|          0|
    |trunc_ln6_11_reg_3186               |  62|   0|   62|          0|
    |trunc_ln6_12_reg_3208               |  62|   0|   62|          0|
    |trunc_ln6_13_reg_3230               |  62|   0|   62|          0|
    |trunc_ln6_14_reg_3252               |  62|   0|   62|          0|
    |trunc_ln6_15_reg_3274               |  62|   0|   62|          0|
    |trunc_ln6_1_reg_2966                |  62|   0|   62|          0|
    |trunc_ln6_2_reg_2988                |  62|   0|   62|          0|
    |trunc_ln6_3_reg_3010                |  62|   0|   62|          0|
    |trunc_ln6_4_reg_3032                |  62|   0|   62|          0|
    |trunc_ln6_5_reg_3054                |  62|   0|   62|          0|
    |trunc_ln6_6_reg_3076                |  62|   0|   62|          0|
    |trunc_ln6_7_reg_3098                |  62|   0|   62|          0|
    |trunc_ln6_8_reg_3120                |  62|   0|   62|          0|
    |trunc_ln6_9_reg_3142                |  62|   0|   62|          0|
    |trunc_ln6_reg_2944                  |  62|   0|   62|          0|
    |trunc_ln70_10_reg_3169              |  62|   0|   62|          0|
    |trunc_ln70_11_reg_3191              |  62|   0|   62|          0|
    |trunc_ln70_12_reg_3213              |  62|   0|   62|          0|
    |trunc_ln70_13_reg_3235              |  62|   0|   62|          0|
    |trunc_ln70_14_reg_3257              |  62|   0|   62|          0|
    |trunc_ln70_15_reg_3279              |  62|   0|   62|          0|
    |trunc_ln70_1_reg_2971               |  62|   0|   62|          0|
    |trunc_ln70_2_reg_2993               |  62|   0|   62|          0|
    |trunc_ln70_3_reg_3015               |  62|   0|   62|          0|
    |trunc_ln70_4_reg_3037               |  62|   0|   62|          0|
    |trunc_ln70_5_reg_3059               |  62|   0|   62|          0|
    |trunc_ln70_6_reg_3081               |  62|   0|   62|          0|
    |trunc_ln70_7_reg_3103               |  62|   0|   62|          0|
    |trunc_ln70_8_reg_3125               |  62|   0|   62|          0|
    |trunc_ln70_9_reg_3147               |  62|   0|   62|          0|
    |trunc_ln70_reg_2949                 |  62|   0|   62|          0|
    |zext_ln9_reg_2640                   |  12|   0|   64|         52|
    |tmp_10_reg_3570                     |  64|  32|    1|          0|
    |tmp_11_reg_3584                     |  64|  32|    1|          0|
    |tmp_12_reg_3598                     |  64|  32|    1|          0|
    |tmp_13_reg_3612                     |  64|  32|    1|          0|
    |tmp_14_reg_3626                     |  64|  32|    1|          0|
    |tmp_15_reg_3640                     |  64|  32|    1|          0|
    |tmp_16_reg_3654                     |  64|  32|    1|          0|
    |tmp_1_reg_3444                      |  64|  32|    1|          0|
    |tmp_2_reg_3458                      |  64|  32|    1|          0|
    |tmp_3_reg_3472                      |  64|  32|    1|          0|
    |tmp_4_reg_3486                      |  64|  32|    1|          0|
    |tmp_5_reg_3500                      |  64|  32|    1|          0|
    |tmp_6_reg_3514                      |  64|  32|    1|          0|
    |tmp_7_reg_3528                      |  64|  32|    1|          0|
    |tmp_8_reg_3542                      |  64|  32|    1|          0|
    |tmp_9_reg_3556                      |  64|  32|    1|          0|
    |zext_ln9_reg_2640                   |  64|  32|   64|         52|
    +------------------------------------+----+----+-----+-----------+
    |Total                               |9372| 544| 8416|        104|
    +------------------------------------+----+----+-----+-----------+



================================================================
== Interface
================================================================
* Summary: 
+-------------------+-----+-----+------------+--------------+--------------+
|     RTL Ports     | Dir | Bits|  Protocol  | Source Object|    C Type    |
+-------------------+-----+-----+------------+--------------+--------------+
|ap_local_block     |  out|    1|  ap_ctrl_hs|      kp_502_7|  return value|
|ap_local_deadlock  |  out|    1|  ap_ctrl_hs|      kp_502_7|  return value|
|ap_clk             |   in|    1|  ap_ctrl_hs|      kp_502_7|  return value|
|ap_rst             |   in|    1|  ap_ctrl_hs|      kp_502_7|  return value|
|ap_start           |   in|    1|  ap_ctrl_hs|      kp_502_7|  return value|
|ap_done            |  out|    1|  ap_ctrl_hs|      kp_502_7|  return value|
|ap_idle            |  out|    1|  ap_ctrl_hs|      kp_502_7|  return value|
|ap_ready           |  out|    1|  ap_ctrl_hs|      kp_502_7|  return value|
|A_0_address0       |  out|   12|   ap_memory|           A_0|         array|
|A_0_ce0            |  out|    1|   ap_memory|           A_0|         array|
|A_0_q0             |   in|   64|   ap_memory|           A_0|         array|
|A_1_address0       |  out|   12|   ap_memory|           A_1|         array|
|A_1_ce0            |  out|    1|   ap_memory|           A_1|         array|
|A_1_q0             |   in|   64|   ap_memory|           A_1|         array|
|A_2_address0       |  out|   12|   ap_memory|           A_2|         array|
|A_2_ce0            |  out|    1|   ap_memory|           A_2|         array|
|A_2_q0             |   in|   64|   ap_memory|           A_2|         array|
|A_3_address0       |  out|   12|   ap_memory|           A_3|         array|
|A_3_ce0            |  out|    1|   ap_memory|           A_3|         array|
|A_3_q0             |   in|   64|   ap_memory|           A_3|         array|
|A_4_address0       |  out|   12|   ap_memory|           A_4|         array|
|A_4_ce0            |  out|    1|   ap_memory|           A_4|         array|
|A_4_q0             |   in|   64|   ap_memory|           A_4|         array|
|A_5_address0       |  out|   12|   ap_memory|           A_5|         array|
|A_5_ce0            |  out|    1|   ap_memory|           A_5|         array|
|A_5_q0             |   in|   64|   ap_memory|           A_5|         array|
|A_6_address0       |  out|   12|   ap_memory|           A_6|         array|
|A_6_ce0            |  out|    1|   ap_memory|           A_6|         array|
|A_6_q0             |   in|   64|   ap_memory|           A_6|         array|
|A_7_address0       |  out|   12|   ap_memory|           A_7|         array|
|A_7_ce0            |  out|    1|   ap_memory|           A_7|         array|
|A_7_q0             |   in|   64|   ap_memory|           A_7|         array|
|A_8_address0       |  out|   12|   ap_memory|           A_8|         array|
|A_8_ce0            |  out|    1|   ap_memory|           A_8|         array|
|A_8_q0             |   in|   64|   ap_memory|           A_8|         array|
|A_9_address0       |  out|   12|   ap_memory|           A_9|         array|
|A_9_ce0            |  out|    1|   ap_memory|           A_9|         array|
|A_9_q0             |   in|   64|   ap_memory|           A_9|         array|
|A_10_address0      |  out|   12|   ap_memory|          A_10|         array|
|A_10_ce0           |  out|    1|   ap_memory|          A_10|         array|
|A_10_q0            |   in|   64|   ap_memory|          A_10|         array|
|A_11_address0      |  out|   12|   ap_memory|          A_11|         array|
|A_11_ce0           |  out|    1|   ap_memory|          A_11|         array|
|A_11_q0            |   in|   64|   ap_memory|          A_11|         array|
|A_12_address0      |  out|   12|   ap_memory|          A_12|         array|
|A_12_ce0           |  out|    1|   ap_memory|          A_12|         array|
|A_12_q0            |   in|   64|   ap_memory|          A_12|         array|
|A_13_address0      |  out|   12|   ap_memory|          A_13|         array|
|A_13_ce0           |  out|    1|   ap_memory|          A_13|         array|
|A_13_q0            |   in|   64|   ap_memory|          A_13|         array|
|A_14_address0      |  out|   12|   ap_memory|          A_14|         array|
|A_14_ce0           |  out|    1|   ap_memory|          A_14|         array|
|A_14_q0            |   in|   64|   ap_memory|          A_14|         array|
|A_15_address0      |  out|   12|   ap_memory|          A_15|         array|
|A_15_ce0           |  out|    1|   ap_memory|          A_15|         array|
|A_15_q0            |   in|   64|   ap_memory|          A_15|         array|
|B_0_address0       |  out|   12|   ap_memory|           B_0|         array|
|B_0_ce0            |  out|    1|   ap_memory|           B_0|         array|
|B_0_q0             |   in|   64|   ap_memory|           B_0|         array|
|B_1_address0       |  out|   12|   ap_memory|           B_1|         array|
|B_1_ce0            |  out|    1|   ap_memory|           B_1|         array|
|B_1_q0             |   in|   64|   ap_memory|           B_1|         array|
|B_2_address0       |  out|   12|   ap_memory|           B_2|         array|
|B_2_ce0            |  out|    1|   ap_memory|           B_2|         array|
|B_2_q0             |   in|   64|   ap_memory|           B_2|         array|
|B_3_address0       |  out|   12|   ap_memory|           B_3|         array|
|B_3_ce0            |  out|    1|   ap_memory|           B_3|         array|
|B_3_q0             |   in|   64|   ap_memory|           B_3|         array|
|B_4_address0       |  out|   12|   ap_memory|           B_4|         array|
|B_4_ce0            |  out|    1|   ap_memory|           B_4|         array|
|B_4_q0             |   in|   64|   ap_memory|           B_4|         array|
|B_5_address0       |  out|   12|   ap_memory|           B_5|         array|
|B_5_ce0            |  out|    1|   ap_memory|           B_5|         array|
|B_5_q0             |   in|   64|   ap_memory|           B_5|         array|
|B_6_address0       |  out|   12|   ap_memory|           B_6|         array|
|B_6_ce0            |  out|    1|   ap_memory|           B_6|         array|
|B_6_q0             |   in|   64|   ap_memory|           B_6|         array|
|B_7_address0       |  out|   12|   ap_memory|           B_7|         array|
|B_7_ce0            |  out|    1|   ap_memory|           B_7|         array|
|B_7_q0             |   in|   64|   ap_memory|           B_7|         array|
|B_8_address0       |  out|   12|   ap_memory|           B_8|         array|
|B_8_ce0            |  out|    1|   ap_memory|           B_8|         array|
|B_8_q0             |   in|   64|   ap_memory|           B_8|         array|
|B_9_address0       |  out|   12|   ap_memory|           B_9|         array|
|B_9_ce0            |  out|    1|   ap_memory|           B_9|         array|
|B_9_q0             |   in|   64|   ap_memory|           B_9|         array|
|B_10_address0      |  out|   12|   ap_memory|          B_10|         array|
|B_10_ce0           |  out|    1|   ap_memory|          B_10|         array|
|B_10_q0            |   in|   64|   ap_memory|          B_10|         array|
|B_11_address0      |  out|   12|   ap_memory|          B_11|         array|
|B_11_ce0           |  out|    1|   ap_memory|          B_11|         array|
|B_11_q0            |   in|   64|   ap_memory|          B_11|         array|
|B_12_address0      |  out|   12|   ap_memory|          B_12|         array|
|B_12_ce0           |  out|    1|   ap_memory|          B_12|         array|
|B_12_q0            |   in|   64|   ap_memory|          B_12|         array|
|B_13_address0      |  out|   12|   ap_memory|          B_13|         array|
|B_13_ce0           |  out|    1|   ap_memory|          B_13|         array|
|B_13_q0            |   in|   64|   ap_memory|          B_13|         array|
|B_14_address0      |  out|   12|   ap_memory|          B_14|         array|
|B_14_ce0           |  out|    1|   ap_memory|          B_14|         array|
|B_14_q0            |   in|   64|   ap_memory|          B_14|         array|
|B_15_address0      |  out|   12|   ap_memory|          B_15|         array|
|B_15_ce0           |  out|    1|   ap_memory|          B_15|         array|
|B_15_q0            |   in|   64|   ap_memory|          B_15|         array|
|C_0_address0       |  out|   12|   ap_memory|           C_0|         array|
|C_0_ce0            |  out|    1|   ap_memory|           C_0|         array|
|C_0_q0             |   in|   64|   ap_memory|           C_0|         array|
|C_1_address0       |  out|   12|   ap_memory|           C_1|         array|
|C_1_ce0            |  out|    1|   ap_memory|           C_1|         array|
|C_1_q0             |   in|   64|   ap_memory|           C_1|         array|
|C_2_address0       |  out|   12|   ap_memory|           C_2|         array|
|C_2_ce0            |  out|    1|   ap_memory|           C_2|         array|
|C_2_q0             |   in|   64|   ap_memory|           C_2|         array|
|C_3_address0       |  out|   12|   ap_memory|           C_3|         array|
|C_3_ce0            |  out|    1|   ap_memory|           C_3|         array|
|C_3_q0             |   in|   64|   ap_memory|           C_3|         array|
|C_4_address0       |  out|   12|   ap_memory|           C_4|         array|
|C_4_ce0            |  out|    1|   ap_memory|           C_4|         array|
|C_4_q0             |   in|   64|   ap_memory|           C_4|         array|
|C_5_address0       |  out|   12|   ap_memory|           C_5|         array|
|C_5_ce0            |  out|    1|   ap_memory|           C_5|         array|
|C_5_q0             |   in|   64|   ap_memory|           C_5|         array|
|C_6_address0       |  out|   12|   ap_memory|           C_6|         array|
|C_6_ce0            |  out|    1|   ap_memory|           C_6|         array|
|C_6_q0             |   in|   64|   ap_memory|           C_6|         array|
|C_7_address0       |  out|   12|   ap_memory|           C_7|         array|
|C_7_ce0            |  out|    1|   ap_memory|           C_7|         array|
|C_7_q0             |   in|   64|   ap_memory|           C_7|         array|
|C_8_address0       |  out|   12|   ap_memory|           C_8|         array|
|C_8_ce0            |  out|    1|   ap_memory|           C_8|         array|
|C_8_q0             |   in|   64|   ap_memory|           C_8|         array|
|C_9_address0       |  out|   12|   ap_memory|           C_9|         array|
|C_9_ce0            |  out|    1|   ap_memory|           C_9|         array|
|C_9_q0             |   in|   64|   ap_memory|           C_9|         array|
|C_10_address0      |  out|   12|   ap_memory|          C_10|         array|
|C_10_ce0           |  out|    1|   ap_memory|          C_10|         array|
|C_10_q0            |   in|   64|   ap_memory|          C_10|         array|
|C_11_address0      |  out|   12|   ap_memory|          C_11|         array|
|C_11_ce0           |  out|    1|   ap_memory|          C_11|         array|
|C_11_q0            |   in|   64|   ap_memory|          C_11|         array|
|C_12_address0      |  out|   12|   ap_memory|          C_12|         array|
|C_12_ce0           |  out|    1|   ap_memory|          C_12|         array|
|C_12_q0            |   in|   64|   ap_memory|          C_12|         array|
|C_13_address0      |  out|   12|   ap_memory|          C_13|         array|
|C_13_ce0           |  out|    1|   ap_memory|          C_13|         array|
|C_13_q0            |   in|   64|   ap_memory|          C_13|         array|
|C_14_address0      |  out|   12|   ap_memory|          C_14|         array|
|C_14_ce0           |  out|    1|   ap_memory|          C_14|         array|
|C_14_q0            |   in|   64|   ap_memory|          C_14|         array|
|C_15_address0      |  out|   12|   ap_memory|          C_15|         array|
|C_15_ce0           |  out|    1|   ap_memory|          C_15|         array|
|C_15_q0            |   in|   64|   ap_memory|          C_15|         array|
|X1_0_address0      |  out|   12|   ap_memory|          X1_0|         array|
|X1_0_ce0           |  out|    1|   ap_memory|          X1_0|         array|
|X1_0_we0           |  out|    1|   ap_memory|          X1_0|         array|
|X1_0_d0            |  out|   64|   ap_memory|          X1_0|         array|
|X1_1_address0      |  out|   12|   ap_memory|          X1_1|         array|
|X1_1_ce0           |  out|    1|   ap_memory|          X1_1|         array|
|X1_1_we0           |  out|    1|   ap_memory|          X1_1|         array|
|X1_1_d0            |  out|   64|   ap_memory|          X1_1|         array|
|X1_2_address0      |  out|   12|   ap_memory|          X1_2|         array|
|X1_2_ce0           |  out|    1|   ap_memory|          X1_2|         array|
|X1_2_we0           |  out|    1|   ap_memory|          X1_2|         array|
|X1_2_d0            |  out|   64|   ap_memory|          X1_2|         array|
|X1_3_address0      |  out|   12|   ap_memory|          X1_3|         array|
|X1_3_ce0           |  out|    1|   ap_memory|          X1_3|         array|
|X1_3_we0           |  out|    1|   ap_memory|          X1_3|         array|
|X1_3_d0            |  out|   64|   ap_memory|          X1_3|         array|
|X1_4_address0      |  out|   12|   ap_memory|          X1_4|         array|
|X1_4_ce0           |  out|    1|   ap_memory|          X1_4|         array|
|X1_4_we0           |  out|    1|   ap_memory|          X1_4|         array|
|X1_4_d0            |  out|   64|   ap_memory|          X1_4|         array|
|X1_5_address0      |  out|   12|   ap_memory|          X1_5|         array|
|X1_5_ce0           |  out|    1|   ap_memory|          X1_5|         array|
|X1_5_we0           |  out|    1|   ap_memory|          X1_5|         array|
|X1_5_d0            |  out|   64|   ap_memory|          X1_5|         array|
|X1_6_address0      |  out|   12|   ap_memory|          X1_6|         array|
|X1_6_ce0           |  out|    1|   ap_memory|          X1_6|         array|
|X1_6_we0           |  out|    1|   ap_memory|          X1_6|         array|
|X1_6_d0            |  out|   64|   ap_memory|          X1_6|         array|
|X1_7_address0      |  out|   12|   ap_memory|          X1_7|         array|
|X1_7_ce0           |  out|    1|   ap_memory|          X1_7|         array|
|X1_7_we0           |  out|    1|   ap_memory|          X1_7|         array|
|X1_7_d0            |  out|   64|   ap_memory|          X1_7|         array|
|X1_8_address0      |  out|   12|   ap_memory|          X1_8|         array|
|X1_8_ce0           |  out|    1|   ap_memory|          X1_8|         array|
|X1_8_we0           |  out|    1|   ap_memory|          X1_8|         array|
|X1_8_d0            |  out|   64|   ap_memory|          X1_8|         array|
|X1_9_address0      |  out|   12|   ap_memory|          X1_9|         array|
|X1_9_ce0           |  out|    1|   ap_memory|          X1_9|         array|
|X1_9_we0           |  out|    1|   ap_memory|          X1_9|         array|
|X1_9_d0            |  out|   64|   ap_memory|          X1_9|         array|
|X1_10_address0     |  out|   12|   ap_memory|         X1_10|         array|
|X1_10_ce0          |  out|    1|   ap_memory|         X1_10|         array|
|X1_10_we0          |  out|    1|   ap_memory|         X1_10|         array|
|X1_10_d0           |  out|   64|   ap_memory|         X1_10|         array|
|X1_11_address0     |  out|   12|   ap_memory|         X1_11|         array|
|X1_11_ce0          |  out|    1|   ap_memory|         X1_11|         array|
|X1_11_we0          |  out|    1|   ap_memory|         X1_11|         array|
|X1_11_d0           |  out|   64|   ap_memory|         X1_11|         array|
|X1_12_address0     |  out|   12|   ap_memory|         X1_12|         array|
|X1_12_ce0          |  out|    1|   ap_memory|         X1_12|         array|
|X1_12_we0          |  out|    1|   ap_memory|         X1_12|         array|
|X1_12_d0           |  out|   64|   ap_memory|         X1_12|         array|
|X1_13_address0     |  out|   12|   ap_memory|         X1_13|         array|
|X1_13_ce0          |  out|    1|   ap_memory|         X1_13|         array|
|X1_13_we0          |  out|    1|   ap_memory|         X1_13|         array|
|X1_13_d0           |  out|   64|   ap_memory|         X1_13|         array|
|X1_14_address0     |  out|   12|   ap_memory|         X1_14|         array|
|X1_14_ce0          |  out|    1|   ap_memory|         X1_14|         array|
|X1_14_we0          |  out|    1|   ap_memory|         X1_14|         array|
|X1_14_d0           |  out|   64|   ap_memory|         X1_14|         array|
|X1_15_address0     |  out|   12|   ap_memory|         X1_15|         array|
|X1_15_ce0          |  out|    1|   ap_memory|         X1_15|         array|
|X1_15_we0          |  out|    1|   ap_memory|         X1_15|         array|
|X1_15_d0           |  out|   64|   ap_memory|         X1_15|         array|
|X2_0_address0      |  out|   12|   ap_memory|          X2_0|         array|
|X2_0_ce0           |  out|    1|   ap_memory|          X2_0|         array|
|X2_0_we0           |  out|    1|   ap_memory|          X2_0|         array|
|X2_0_d0            |  out|   64|   ap_memory|          X2_0|         array|
|X2_1_address0      |  out|   12|   ap_memory|          X2_1|         array|
|X2_1_ce0           |  out|    1|   ap_memory|          X2_1|         array|
|X2_1_we0           |  out|    1|   ap_memory|          X2_1|         array|
|X2_1_d0            |  out|   64|   ap_memory|          X2_1|         array|
|X2_2_address0      |  out|   12|   ap_memory|          X2_2|         array|
|X2_2_ce0           |  out|    1|   ap_memory|          X2_2|         array|
|X2_2_we0           |  out|    1|   ap_memory|          X2_2|         array|
|X2_2_d0            |  out|   64|   ap_memory|          X2_2|         array|
|X2_3_address0      |  out|   12|   ap_memory|          X2_3|         array|
|X2_3_ce0           |  out|    1|   ap_memory|          X2_3|         array|
|X2_3_we0           |  out|    1|   ap_memory|          X2_3|         array|
|X2_3_d0            |  out|   64|   ap_memory|          X2_3|         array|
|X2_4_address0      |  out|   12|   ap_memory|          X2_4|         array|
|X2_4_ce0           |  out|    1|   ap_memory|          X2_4|         array|
|X2_4_we0           |  out|    1|   ap_memory|          X2_4|         array|
|X2_4_d0            |  out|   64|   ap_memory|          X2_4|         array|
|X2_5_address0      |  out|   12|   ap_memory|          X2_5|         array|
|X2_5_ce0           |  out|    1|   ap_memory|          X2_5|         array|
|X2_5_we0           |  out|    1|   ap_memory|          X2_5|         array|
|X2_5_d0            |  out|   64|   ap_memory|          X2_5|         array|
|X2_6_address0      |  out|   12|   ap_memory|          X2_6|         array|
|X2_6_ce0           |  out|    1|   ap_memory|          X2_6|         array|
|X2_6_we0           |  out|    1|   ap_memory|          X2_6|         array|
|X2_6_d0            |  out|   64|   ap_memory|          X2_6|         array|
|X2_7_address0      |  out|   12|   ap_memory|          X2_7|         array|
|X2_7_ce0           |  out|    1|   ap_memory|          X2_7|         array|
|X2_7_we0           |  out|    1|   ap_memory|          X2_7|         array|
|X2_7_d0            |  out|   64|   ap_memory|          X2_7|         array|
|X2_8_address0      |  out|   12|   ap_memory|          X2_8|         array|
|X2_8_ce0           |  out|    1|   ap_memory|          X2_8|         array|
|X2_8_we0           |  out|    1|   ap_memory|          X2_8|         array|
|X2_8_d0            |  out|   64|   ap_memory|          X2_8|         array|
|X2_9_address0      |  out|   12|   ap_memory|          X2_9|         array|
|X2_9_ce0           |  out|    1|   ap_memory|          X2_9|         array|
|X2_9_we0           |  out|    1|   ap_memory|          X2_9|         array|
|X2_9_d0            |  out|   64|   ap_memory|          X2_9|         array|
|X2_10_address0     |  out|   12|   ap_memory|         X2_10|         array|
|X2_10_ce0          |  out|    1|   ap_memory|         X2_10|         array|
|X2_10_we0          |  out|    1|   ap_memory|         X2_10|         array|
|X2_10_d0           |  out|   64|   ap_memory|         X2_10|         array|
|X2_11_address0     |  out|   12|   ap_memory|         X2_11|         array|
|X2_11_ce0          |  out|    1|   ap_memory|         X2_11|         array|
|X2_11_we0          |  out|    1|   ap_memory|         X2_11|         array|
|X2_11_d0           |  out|   64|   ap_memory|         X2_11|         array|
|X2_12_address0     |  out|   12|   ap_memory|         X2_12|         array|
|X2_12_ce0          |  out|    1|   ap_memory|         X2_12|         array|
|X2_12_we0          |  out|    1|   ap_memory|         X2_12|         array|
|X2_12_d0           |  out|   64|   ap_memory|         X2_12|         array|
|X2_13_address0     |  out|   12|   ap_memory|         X2_13|         array|
|X2_13_ce0          |  out|    1|   ap_memory|         X2_13|         array|
|X2_13_we0          |  out|    1|   ap_memory|         X2_13|         array|
|X2_13_d0           |  out|   64|   ap_memory|         X2_13|         array|
|X2_14_address0     |  out|   12|   ap_memory|         X2_14|         array|
|X2_14_ce0          |  out|    1|   ap_memory|         X2_14|         array|
|X2_14_we0          |  out|    1|   ap_memory|         X2_14|         array|
|X2_14_d0           |  out|   64|   ap_memory|         X2_14|         array|
|X2_15_address0     |  out|   12|   ap_memory|         X2_15|         array|
|X2_15_ce0          |  out|    1|   ap_memory|         X2_15|         array|
|X2_15_we0          |  out|    1|   ap_memory|         X2_15|         array|
|X2_15_d0           |  out|   64|   ap_memory|         X2_15|         array|
|D_0_address0       |  out|   12|   ap_memory|           D_0|         array|
|D_0_ce0            |  out|    1|   ap_memory|           D_0|         array|
|D_0_we0            |  out|    1|   ap_memory|           D_0|         array|
|D_0_d0             |  out|   64|   ap_memory|           D_0|         array|
|D_1_address0       |  out|   12|   ap_memory|           D_1|         array|
|D_1_ce0            |  out|    1|   ap_memory|           D_1|         array|
|D_1_we0            |  out|    1|   ap_memory|           D_1|         array|
|D_1_d0             |  out|   64|   ap_memory|           D_1|         array|
|D_2_address0       |  out|   12|   ap_memory|           D_2|         array|
|D_2_ce0            |  out|    1|   ap_memory|           D_2|         array|
|D_2_we0            |  out|    1|   ap_memory|           D_2|         array|
|D_2_d0             |  out|   64|   ap_memory|           D_2|         array|
|D_3_address0       |  out|   12|   ap_memory|           D_3|         array|
|D_3_ce0            |  out|    1|   ap_memory|           D_3|         array|
|D_3_we0            |  out|    1|   ap_memory|           D_3|         array|
|D_3_d0             |  out|   64|   ap_memory|           D_3|         array|
|D_4_address0       |  out|   12|   ap_memory|           D_4|         array|
|D_4_ce0            |  out|    1|   ap_memory|           D_4|         array|
|D_4_we0            |  out|    1|   ap_memory|           D_4|         array|
|D_4_d0             |  out|   64|   ap_memory|           D_4|         array|
|D_5_address0       |  out|   12|   ap_memory|           D_5|         array|
|D_5_ce0            |  out|    1|   ap_memory|           D_5|         array|
|D_5_we0            |  out|    1|   ap_memory|           D_5|         array|
|D_5_d0             |  out|   64|   ap_memory|           D_5|         array|
|D_6_address0       |  out|   12|   ap_memory|           D_6|         array|
|D_6_ce0            |  out|    1|   ap_memory|           D_6|         array|
|D_6_we0            |  out|    1|   ap_memory|           D_6|         array|
|D_6_d0             |  out|   64|   ap_memory|           D_6|         array|
|D_7_address0       |  out|   12|   ap_memory|           D_7|         array|
|D_7_ce0            |  out|    1|   ap_memory|           D_7|         array|
|D_7_we0            |  out|    1|   ap_memory|           D_7|         array|
|D_7_d0             |  out|   64|   ap_memory|           D_7|         array|
|D_8_address0       |  out|   12|   ap_memory|           D_8|         array|
|D_8_ce0            |  out|    1|   ap_memory|           D_8|         array|
|D_8_we0            |  out|    1|   ap_memory|           D_8|         array|
|D_8_d0             |  out|   64|   ap_memory|           D_8|         array|
|D_9_address0       |  out|   12|   ap_memory|           D_9|         array|
|D_9_ce0            |  out|    1|   ap_memory|           D_9|         array|
|D_9_we0            |  out|    1|   ap_memory|           D_9|         array|
|D_9_d0             |  out|   64|   ap_memory|           D_9|         array|
|D_10_address0      |  out|   12|   ap_memory|          D_10|         array|
|D_10_ce0           |  out|    1|   ap_memory|          D_10|         array|
|D_10_we0           |  out|    1|   ap_memory|          D_10|         array|
|D_10_d0            |  out|   64|   ap_memory|          D_10|         array|
|D_11_address0      |  out|   12|   ap_memory|          D_11|         array|
|D_11_ce0           |  out|    1|   ap_memory|          D_11|         array|
|D_11_we0           |  out|    1|   ap_memory|          D_11|         array|
|D_11_d0            |  out|   64|   ap_memory|          D_11|         array|
|D_12_address0      |  out|   12|   ap_memory|          D_12|         array|
|D_12_ce0           |  out|    1|   ap_memory|          D_12|         array|
|D_12_we0           |  out|    1|   ap_memory|          D_12|         array|
|D_12_d0            |  out|   64|   ap_memory|          D_12|         array|
|D_13_address0      |  out|   12|   ap_memory|          D_13|         array|
|D_13_ce0           |  out|    1|   ap_memory|          D_13|         array|
|D_13_we0           |  out|    1|   ap_memory|          D_13|         array|
|D_13_d0            |  out|   64|   ap_memory|          D_13|         array|
|D_14_address0      |  out|   12|   ap_memory|          D_14|         array|
|D_14_ce0           |  out|    1|   ap_memory|          D_14|         array|
|D_14_we0           |  out|    1|   ap_memory|          D_14|         array|
|D_14_d0            |  out|   64|   ap_memory|          D_14|         array|
|D_15_address0      |  out|   12|   ap_memory|          D_15|         array|
|D_15_ce0           |  out|    1|   ap_memory|          D_15|         array|
|D_15_we0           |  out|    1|   ap_memory|          D_15|         array|
|D_15_d0            |  out|   64|   ap_memory|          D_15|         array|
+-------------------+-----+-----+------------+--------------+--------------+

