INFO: [SIM 2] *************** CSIM start ***************
INFO: [SIM 4] CSIM will launch GCC as the compiler.
   Compiling ../../../../source/kp_502_7_test.cpp in debug mode
   Compiling ../../../../source/kp_502_7.cpp in debug mode
   Generating csim.exe
OK4584- actual_D ==4584- actual_D
OK4880- actual_D ==4880- actual_D
OK3373- actual_D ==3373- actual_D
OK-84- actual_D ==-84- actual_D
OK768- actual_D ==768- actual_D
OK9192- actual_D ==9192- actual_D
OK1305- actual_D ==1305- actual_D
OK-71- actual_D ==-71- actual_D
OK6865- actual_D ==6865- actual_D
OK193- actual_D ==193- actual_D
OK665- actual_D ==665- actual_D
OK4792- actual_D ==4792- actual_D
OK9808- actual_D ==9808- actual_D
OK-24- actual_D ==-24- actual_D
OK1108- actual_D ==1108- actual_D
OK1724- actual_D ==1724- actual_D
OK4633- actual_D ==4633- actual_D
OK3809- actual_D ==3809- actual_D
OK3472- actual_D ==3472- actual_D
OK828- actual_D ==828- actual_D
OK1268- actual_D ==1268- actual_D
OK7837- actual_D ==7837- actual_D
OK1829- actual_D ==1829- actual_D
OK1993- actual_D ==1993- actual_D
_________Pass_________!

INFO: [SIM 1] CSim done with 0 errors.
INFO: [SIM 3] *************** CSIM finish ***************
