INFO: [HLS 200-10] Running 'G:/Xilinx/Vitis_HLS/2021.2/bin/unwrapped/win64.o/vitis_hls.exe'
INFO: [HLS 200-10] For user 'Stepan' on host 'desktop-mgf3pmh' (Windows NT_amd64 version 6.2) on Tue Feb 20 05:25:56 +0300 2024
INFO: [HLS 200-10] In directory 'G:/Xilinx_lab/KP'
Sourcing Tcl script 'G:/Xilinx_lab/KP/kp_502_15/sol2_7/csynth.tcl'
INFO: [HLS 200-1510] Running: open_project kp_502_15 
INFO: [HLS 200-10] Opening project 'G:/Xilinx_lab/KP/kp_502_15'.
INFO: [HLS 200-1510] Running: set_top kp_502_15 
INFO: [HLS 200-1510] Running: add_files ./source/kp_502_15.cpp 
INFO: [HLS 200-10] Adding design file './source/kp_502_15.cpp' to the project
INFO: [HLS 200-1510] Running: add_files -tb source/kp_502_15_test.cpp -cflags -Wno-unknown-pragmas -csimflags -Wno-unknown-pragmas 
INFO: [HLS 200-10] Adding test bench file 'source/kp_502_15_test.cpp' to the project
INFO: [HLS 200-1510] Running: open_solution sol2_7 -flow_target vivado 
INFO: [HLS 200-10] Opening solution 'G:/Xilinx_lab/KP/kp_502_15/sol2_7'.
INFO: [SYN 201-201] Setting up clock 'clk' with a period of 14ns.
INFO: [SYN 201-201] Setting up clock 'clk' with an uncertainty of 1ns.
INFO: [HLS 200-1611] Setting target device to 'xc7a200t-sbv484-2'
INFO: [HLS 200-1505] Using flow_target 'vivado'
Resolution: For help on HLS 200-1505 see www.xilinx.com/cgi-bin/docs/rdoc?v=2021.2;t=hls+guidance;d=200-1505.html
INFO: [HLS 200-1510] Running: set_part xc7a200t-sbv484-2 
INFO: [HLS 200-1510] Running: create_clock -period 14 -name clk 
INFO: [HLS 200-1510] Running: set_clock_uncertainty 1 
INFO: [HLS 200-1510] Running: set_directive_pipeline kp_502_15/Loop 
INFO: [HLS 200-1510] Running: set_directive_unroll -factor 64 kp_502_15/Loop 
INFO: [HLS 200-1510] Running: set_directive_top -name kp_502_15 kp_502_15 
INFO: [HLS 200-1510] Running: set_directive_array_partition -dim 1 -factor 64 -type cyclic kp_502_15 a 
INFO: [HLS 200-1510] Running: set_directive_array_partition -dim 1 -factor 64 -type cyclic kp_502_15 b 
INFO: [HLS 200-1510] Running: set_directive_array_partition -dim 1 -factor 64 -type cyclic kp_502_15 c 
INFO: [HLS 200-1510] Running: set_directive_array_partition -dim 1 -factor 64 -type cyclic kp_502_15 x 
INFO: [HLS 200-1510] Running: set_directive_array_partition -dim 1 -factor 64 -type cyclic kp_502_15 r 
INFO: [HLS 200-1510] Running: csynth_design 
INFO: [HLS 200-111] Finished File checks and directory preparation: CPU user time: 0 seconds. CPU system time: 0 seconds. Elapsed time: 0.017 seconds; current allocated memory: 1.256 GB.
INFO: [HLS 200-10] Analyzing design file './source/kp_502_15.cpp' ... 
INFO: [HLS 200-111] Finished Source Code Analysis and Preprocessing: CPU user time: 0 seconds. CPU system time: 0 seconds. Elapsed time: 1.108 seconds; current allocated memory: 1.256 GB.
INFO: [HLS 200-777] Using interface defaults for 'Vivado' flow target.
INFO: [HLS 214-284] Auto array partition mode is set into default.
INFO: [HLS 214-188] Unrolling loop 'Loop' (./source/kp_502_15.cpp:6:7) in function 'kp_502_15' partially with a factor of 64 (./source/kp_502_15.cpp:4:0)
INFO: [HLS 214-248] Applying array_partition to 'r': Cyclic partitioning with factor 64 on dimension 1. (./source/kp_502_15.cpp:4:0)
INFO: [HLS 214-248] Applying array_partition to 'a': Cyclic partitioning with factor 64 on dimension 1. (./source/kp_502_15.cpp:4:0)
INFO: [HLS 214-248] Applying array_partition to 'b': Cyclic partitioning with factor 64 on dimension 1. (./source/kp_502_15.cpp:4:0)
INFO: [HLS 214-248] Applying array_partition to 'c': Cyclic partitioning with factor 64 on dimension 1. (./source/kp_502_15.cpp:4:0)
INFO: [HLS 214-248] Applying array_partition to 'x': Cyclic partitioning with factor 64 on dimension 1. (./source/kp_502_15.cpp:4:0)
INFO: [HLS 214-270] Starting automatic array partition analysis...
INFO: [HLS 200-111] Finished Compiling Optimization and Transform: CPU user time: 0 seconds. CPU system time: 0 seconds. Elapsed time: 4.463 seconds; current allocated memory: 1.256 GB.
INFO: [HLS 200-111] Finished Checking Pragmas: CPU user time: 0 seconds. CPU system time: 0 seconds. Elapsed time: 0.002 seconds; current allocated memory: 1.256 GB.
INFO: [HLS 200-10] Starting code transformations ...
INFO: [HLS 200-111] Finished Standard Transforms: CPU user time: 1 seconds. CPU system time: 0 seconds. Elapsed time: 0.638 seconds; current allocated memory: 1.256 GB.
INFO: [HLS 200-10] Checking synthesizability ...
INFO: [HLS 200-111] Finished Checking Synthesizability: CPU user time: 0 seconds. CPU system time: 0 seconds. Elapsed time: 0.269 seconds; current allocated memory: 1.256 GB.
INFO: [HLS 200-111] Finished Loop, function and other optimizations: CPU user time: 2 seconds. CPU system time: 0 seconds. Elapsed time: 1.87 seconds; current allocated memory: 1.256 GB.
INFO: [HLS 200-111] Finished Architecture Synthesis: CPU user time: 0 seconds. CPU system time: 0 seconds. Elapsed time: 0.713 seconds; current allocated memory: 1.256 GB.
INFO: [HLS 200-10] Starting hardware synthesis ...
INFO: [HLS 200-10] Synthesizing 'kp_502_15' ...
INFO: [HLS 200-10] ----------------------------------------------------------------
INFO: [HLS 200-42] -- Implementing module 'kp_502_15' 
INFO: [HLS 200-10] ----------------------------------------------------------------
INFO: [SCHED 204-11] Starting scheduling ...
INFO: [SCHED 204-61] Pipelining loop 'Loop'.
INFO: [HLS 200-1470] Pipelining result : Target II = NA, Final II = 1, Depth = 3, loop 'Loop'
INFO: [SCHED 204-11] Finished scheduling.
INFO: [HLS 200-111] Finished Scheduling: CPU user time: 2 seconds. CPU system time: 0 seconds. Elapsed time: 1.535 seconds; current allocated memory: 1.256 GB.
INFO: [BIND 205-100] Starting micro-architecture generation ...
INFO: [BIND 205-101] Performing variable lifetime analysis.
INFO: [BIND 205-101] Exploring resource sharing.
INFO: [BIND 205-101] Binding ...
INFO: [BIND 205-100] Finished micro-architecture generation.
INFO: [HLS 200-111] Finished Binding: CPU user time: 1 seconds. CPU system time: 0 seconds. Elapsed time: 0.721 seconds; current allocated memory: 1.256 GB.
INFO: [HLS 200-10] ----------------------------------------------------------------
INFO: [HLS 200-10] -- Generating RTL for module 'kp_502_15' 
INFO: [HLS 200-10] ----------------------------------------------------------------
INFO: [RTGEN 206-500] Setting interface mode on port 'kp_502_15/r_0' to 'ap_memory'.
INFO: [RTGEN 206-500] Setting interface mode on port 'kp_502_15/r_1' to 'ap_memory'.
INFO: [RTGEN 206-500] Setting interface mode on port 'kp_502_15/r_2' to 'ap_memory'.
INFO: [RTGEN 206-500] Setting interface mode on port 'kp_502_15/r_3' to 'ap_memory'.
INFO: [RTGEN 206-500] Setting interface mode on port 'kp_502_15/r_4' to 'ap_memory'.
INFO: [RTGEN 206-500] Setting interface mode on port 'kp_502_15/r_5' to 'ap_memory'.
INFO: [RTGEN 206-500] Setting interface mode on port 'kp_502_15/r_6' to 'ap_memory'.
INFO: [RTGEN 206-500] Setting interface mode on port 'kp_502_15/r_7' to 'ap_memory'.
INFO: [RTGEN 206-500] Setting interface mode on port 'kp_502_15/r_8' to 'ap_memory'.
INFO: [RTGEN 206-500] Setting interface mode on port 'kp_502_15/r_9' to 'ap_memory'.
INFO: [RTGEN 206-500] Setting interface mode on port 'kp_502_15/r_10' to 'ap_memory'.
INFO: [RTGEN 206-500] Setting interface mode on port 'kp_502_15/r_11' to 'ap_memory'.
INFO: [RTGEN 206-500] Setting interface mode on port 'kp_502_15/r_12' to 'ap_memory'.
INFO: [RTGEN 206-500] Setting interface mode on port 'kp_502_15/r_13' to 'ap_memory'.
INFO: [RTGEN 206-500] Setting interface mode on port 'kp_502_15/r_14' to 'ap_memory'.
INFO: [RTGEN 206-500] Setting interface mode on port 'kp_502_15/r_15' to 'ap_memory'.
INFO: [RTGEN 206-500] Setting interface mode on port 'kp_502_15/r_16' to 'ap_memory'.
INFO: [RTGEN 206-500] Setting interface mode on port 'kp_502_15/r_17' to 'ap_memory'.
INFO: [RTGEN 206-500] Setting interface mode on port 'kp_502_15/r_18' to 'ap_memory'.
INFO: [RTGEN 206-500] Setting interface mode on port 'kp_502_15/r_19' to 'ap_memory'.
INFO: [RTGEN 206-500] Setting interface mode on port 'kp_502_15/r_20' to 'ap_memory'.
INFO: [RTGEN 206-500] Setting interface mode on port 'kp_502_15/r_21' to 'ap_memory'.
INFO: [RTGEN 206-500] Setting interface mode on port 'kp_502_15/r_22' to 'ap_memory'.
INFO: [RTGEN 206-500] Setting interface mode on port 'kp_502_15/r_23' to 'ap_memory'.
INFO: [RTGEN 206-500] Setting interface mode on port 'kp_502_15/r_24' to 'ap_memory'.
INFO: [RTGEN 206-500] Setting interface mode on port 'kp_502_15/r_25' to 'ap_memory'.
INFO: [RTGEN 206-500] Setting interface mode on port 'kp_502_15/r_26' to 'ap_memory'.
INFO: [RTGEN 206-500] Setting interface mode on port 'kp_502_15/r_27' to 'ap_memory'.
INFO: [RTGEN 206-500] Setting interface mode on port 'kp_502_15/r_28' to 'ap_memory'.
INFO: [RTGEN 206-500] Setting interface mode on port 'kp_502_15/r_29' to 'ap_memory'.
INFO: [RTGEN 206-500] Setting interface mode on port 'kp_502_15/r_30' to 'ap_memory'.
INFO: [RTGEN 206-500] Setting interface mode on port 'kp_502_15/r_31' to 'ap_memory'.
INFO: [RTGEN 206-500] Setting interface mode on port 'kp_502_15/r_32' to 'ap_memory'.
INFO: [RTGEN 206-500] Setting interface mode on port 'kp_502_15/r_33' to 'ap_memory'.
INFO: [RTGEN 206-500] Setting interface mode on port 'kp_502_15/r_34' to 'ap_memory'.
INFO: [RTGEN 206-500] Setting interface mode on port 'kp_502_15/r_35' to 'ap_memory'.
INFO: [RTGEN 206-500] Setting interface mode on port 'kp_502_15/r_36' to 'ap_memory'.
INFO: [RTGEN 206-500] Setting interface mode on port 'kp_502_15/r_37' to 'ap_memory'.
INFO: [RTGEN 206-500] Setting interface mode on port 'kp_502_15/r_38' to 'ap_memory'.
INFO: [RTGEN 206-500] Setting interface mode on port 'kp_502_15/r_39' to 'ap_memory'.
INFO: [RTGEN 206-500] Setting interface mode on port 'kp_502_15/r_40' to 'ap_memory'.
INFO: [RTGEN 206-500] Setting interface mode on port 'kp_502_15/r_41' to 'ap_memory'.
INFO: [RTGEN 206-500] Setting interface mode on port 'kp_502_15/r_42' to 'ap_memory'.
INFO: [RTGEN 206-500] Setting interface mode on port 'kp_502_15/r_43' to 'ap_memory'.
INFO: [RTGEN 206-500] Setting interface mode on port 'kp_502_15/r_44' to 'ap_memory'.
INFO: [RTGEN 206-500] Setting interface mode on port 'kp_502_15/r_45' to 'ap_memory'.
INFO: [RTGEN 206-500] Setting interface mode on port 'kp_502_15/r_46' to 'ap_memory'.
INFO: [RTGEN 206-500] Setting interface mode on port 'kp_502_15/r_47' to 'ap_memory'.
INFO: [RTGEN 206-500] Setting interface mode on port 'kp_502_15/r_48' to 'ap_memory'.
INFO: [RTGEN 206-500] Setting interface mode on port 'kp_502_15/r_49' to 'ap_memory'.
INFO: [RTGEN 206-500] Setting interface mode on port 'kp_502_15/r_50' to 'ap_memory'.
INFO: [RTGEN 206-500] Setting interface mode on port 'kp_502_15/r_51' to 'ap_memory'.
INFO: [RTGEN 206-500] Setting interface mode on port 'kp_502_15/r_52' to 'ap_memory'.
INFO: [RTGEN 206-500] Setting interface mode on port 'kp_502_15/r_53' to 'ap_memory'.
INFO: [RTGEN 206-500] Setting interface mode on port 'kp_502_15/r_54' to 'ap_memory'.
INFO: [RTGEN 206-500] Setting interface mode on port 'kp_502_15/r_55' to 'ap_memory'.
INFO: [RTGEN 206-500] Setting interface mode on port 'kp_502_15/r_56' to 'ap_memory'.
INFO: [RTGEN 206-500] Setting interface mode on port 'kp_502_15/r_57' to 'ap_memory'.
INFO: [RTGEN 206-500] Setting interface mode on port 'kp_502_15/r_58' to 'ap_memory'.
INFO: [RTGEN 206-500] Setting interface mode on port 'kp_502_15/r_59' to 'ap_memory'.
INFO: [RTGEN 206-500] Setting interface mode on port 'kp_502_15/r_60' to 'ap_memory'.
INFO: [RTGEN 206-500] Setting interface mode on port 'kp_502_15/r_61' to 'ap_memory'.
INFO: [RTGEN 206-500] Setting interface mode on port 'kp_502_15/r_62' to 'ap_memory'.
INFO: [RTGEN 206-500] Setting interface mode on port 'kp_502_15/r_63' to 'ap_memory'.
INFO: [RTGEN 206-500] Setting interface mode on port 'kp_502_15/a_0' to 'ap_memory'.
INFO: [RTGEN 206-500] Setting interface mode on port 'kp_502_15/a_1' to 'ap_memory'.
INFO: [RTGEN 206-500] Setting interface mode on port 'kp_502_15/a_2' to 'ap_memory'.
INFO: [RTGEN 206-500] Setting interface mode on port 'kp_502_15/a_3' to 'ap_memory'.
INFO: [RTGEN 206-500] Setting interface mode on port 'kp_502_15/a_4' to 'ap_memory'.
INFO: [RTGEN 206-500] Setting interface mode on port 'kp_502_15/a_5' to 'ap_memory'.
INFO: [RTGEN 206-500] Setting interface mode on port 'kp_502_15/a_6' to 'ap_memory'.
INFO: [RTGEN 206-500] Setting interface mode on port 'kp_502_15/a_7' to 'ap_memory'.
INFO: [RTGEN 206-500] Setting interface mode on port 'kp_502_15/a_8' to 'ap_memory'.
INFO: [RTGEN 206-500] Setting interface mode on port 'kp_502_15/a_9' to 'ap_memory'.
INFO: [RTGEN 206-500] Setting interface mode on port 'kp_502_15/a_10' to 'ap_memory'.
INFO: [RTGEN 206-500] Setting interface mode on port 'kp_502_15/a_11' to 'ap_memory'.
INFO: [RTGEN 206-500] Setting interface mode on port 'kp_502_15/a_12' to 'ap_memory'.
INFO: [RTGEN 206-500] Setting interface mode on port 'kp_502_15/a_13' to 'ap_memory'.
INFO: [RTGEN 206-500] Setting interface mode on port 'kp_502_15/a_14' to 'ap_memory'.
INFO: [RTGEN 206-500] Setting interface mode on port 'kp_502_15/a_15' to 'ap_memory'.
INFO: [RTGEN 206-500] Setting interface mode on port 'kp_502_15/a_16' to 'ap_memory'.
INFO: [RTGEN 206-500] Setting interface mode on port 'kp_502_15/a_17' to 'ap_memory'.
INFO: [RTGEN 206-500] Setting interface mode on port 'kp_502_15/a_18' to 'ap_memory'.
INFO: [RTGEN 206-500] Setting interface mode on port 'kp_502_15/a_19' to 'ap_memory'.
INFO: [RTGEN 206-500] Setting interface mode on port 'kp_502_15/a_20' to 'ap_memory'.
INFO: [RTGEN 206-500] Setting interface mode on port 'kp_502_15/a_21' to 'ap_memory'.
INFO: [RTGEN 206-500] Setting interface mode on port 'kp_502_15/a_22' to 'ap_memory'.
INFO: [RTGEN 206-500] Setting interface mode on port 'kp_502_15/a_23' to 'ap_memory'.
INFO: [RTGEN 206-500] Setting interface mode on port 'kp_502_15/a_24' to 'ap_memory'.
INFO: [RTGEN 206-500] Setting interface mode on port 'kp_502_15/a_25' to 'ap_memory'.
INFO: [RTGEN 206-500] Setting interface mode on port 'kp_502_15/a_26' to 'ap_memory'.
INFO: [RTGEN 206-500] Setting interface mode on port 'kp_502_15/a_27' to 'ap_memory'.
INFO: [RTGEN 206-500] Setting interface mode on port 'kp_502_15/a_28' to 'ap_memory'.
INFO: [RTGEN 206-500] Setting interface mode on port 'kp_502_15/a_29' to 'ap_memory'.
INFO: [RTGEN 206-500] Setting interface mode on port 'kp_502_15/a_30' to 'ap_memory'.
INFO: [RTGEN 206-500] Setting interface mode on port 'kp_502_15/a_31' to 'ap_memory'.
INFO: [RTGEN 206-500] Setting interface mode on port 'kp_502_15/a_32' to 'ap_memory'.
INFO: [RTGEN 206-500] Setting interface mode on port 'kp_502_15/a_33' to 'ap_memory'.
INFO: [RTGEN 206-500] Setting interface mode on port 'kp_502_15/a_34' to 'ap_memory'.
INFO: [RTGEN 206-500] Setting interface mode on port 'kp_502_15/a_35' to 'ap_memory'.
INFO: [RTGEN 206-500] Setting interface mode on port 'kp_502_15/a_36' to 'ap_memory'.
INFO: [RTGEN 206-500] Setting interface mode on port 'kp_502_15/a_37' to 'ap_memory'.
INFO: [RTGEN 206-500] Setting interface mode on port 'kp_502_15/a_38' to 'ap_memory'.
INFO: [RTGEN 206-500] Setting interface mode on port 'kp_502_15/a_39' to 'ap_memory'.
INFO: [RTGEN 206-500] Setting interface mode on port 'kp_502_15/a_40' to 'ap_memory'.
INFO: [RTGEN 206-500] Setting interface mode on port 'kp_502_15/a_41' to 'ap_memory'.
INFO: [RTGEN 206-500] Setting interface mode on port 'kp_502_15/a_42' to 'ap_memory'.
INFO: [RTGEN 206-500] Setting interface mode on port 'kp_502_15/a_43' to 'ap_memory'.
INFO: [RTGEN 206-500] Setting interface mode on port 'kp_502_15/a_44' to 'ap_memory'.
INFO: [RTGEN 206-500] Setting interface mode on port 'kp_502_15/a_45' to 'ap_memory'.
INFO: [RTGEN 206-500] Setting interface mode on port 'kp_502_15/a_46' to 'ap_memory'.
INFO: [RTGEN 206-500] Setting interface mode on port 'kp_502_15/a_47' to 'ap_memory'.
INFO: [RTGEN 206-500] Setting interface mode on port 'kp_502_15/a_48' to 'ap_memory'.
INFO: [RTGEN 206-500] Setting interface mode on port 'kp_502_15/a_49' to 'ap_memory'.
INFO: [RTGEN 206-500] Setting interface mode on port 'kp_502_15/a_50' to 'ap_memory'.
INFO: [RTGEN 206-500] Setting interface mode on port 'kp_502_15/a_51' to 'ap_memory'.
INFO: [RTGEN 206-500] Setting interface mode on port 'kp_502_15/a_52' to 'ap_memory'.
INFO: [RTGEN 206-500] Setting interface mode on port 'kp_502_15/a_53' to 'ap_memory'.
INFO: [RTGEN 206-500] Setting interface mode on port 'kp_502_15/a_54' to 'ap_memory'.
INFO: [RTGEN 206-500] Setting interface mode on port 'kp_502_15/a_55' to 'ap_memory'.
INFO: [RTGEN 206-500] Setting interface mode on port 'kp_502_15/a_56' to 'ap_memory'.
INFO: [RTGEN 206-500] Setting interface mode on port 'kp_502_15/a_57' to 'ap_memory'.
INFO: [RTGEN 206-500] Setting interface mode on port 'kp_502_15/a_58' to 'ap_memory'.
INFO: [RTGEN 206-500] Setting interface mode on port 'kp_502_15/a_59' to 'ap_memory'.
INFO: [RTGEN 206-500] Setting interface mode on port 'kp_502_15/a_60' to 'ap_memory'.
INFO: [RTGEN 206-500] Setting interface mode on port 'kp_502_15/a_61' to 'ap_memory'.
INFO: [RTGEN 206-500] Setting interface mode on port 'kp_502_15/a_62' to 'ap_memory'.
INFO: [RTGEN 206-500] Setting interface mode on port 'kp_502_15/a_63' to 'ap_memory'.
INFO: [RTGEN 206-500] Setting interface mode on port 'kp_502_15/b_0' to 'ap_memory'.
INFO: [RTGEN 206-500] Setting interface mode on port 'kp_502_15/b_1' to 'ap_memory'.
INFO: [RTGEN 206-500] Setting interface mode on port 'kp_502_15/b_2' to 'ap_memory'.
INFO: [RTGEN 206-500] Setting interface mode on port 'kp_502_15/b_3' to 'ap_memory'.
INFO: [RTGEN 206-500] Setting interface mode on port 'kp_502_15/b_4' to 'ap_memory'.
INFO: [RTGEN 206-500] Setting interface mode on port 'kp_502_15/b_5' to 'ap_memory'.
INFO: [RTGEN 206-500] Setting interface mode on port 'kp_502_15/b_6' to 'ap_memory'.
INFO: [RTGEN 206-500] Setting interface mode on port 'kp_502_15/b_7' to 'ap_memory'.
INFO: [RTGEN 206-500] Setting interface mode on port 'kp_502_15/b_8' to 'ap_memory'.
INFO: [RTGEN 206-500] Setting interface mode on port 'kp_502_15/b_9' to 'ap_memory'.
INFO: [RTGEN 206-500] Setting interface mode on port 'kp_502_15/b_10' to 'ap_memory'.
INFO: [RTGEN 206-500] Setting interface mode on port 'kp_502_15/b_11' to 'ap_memory'.
INFO: [RTGEN 206-500] Setting interface mode on port 'kp_502_15/b_12' to 'ap_memory'.
INFO: [RTGEN 206-500] Setting interface mode on port 'kp_502_15/b_13' to 'ap_memory'.
INFO: [RTGEN 206-500] Setting interface mode on port 'kp_502_15/b_14' to 'ap_memory'.
INFO: [RTGEN 206-500] Setting interface mode on port 'kp_502_15/b_15' to 'ap_memory'.
INFO: [RTGEN 206-500] Setting interface mode on port 'kp_502_15/b_16' to 'ap_memory'.
INFO: [RTGEN 206-500] Setting interface mode on port 'kp_502_15/b_17' to 'ap_memory'.
INFO: [RTGEN 206-500] Setting interface mode on port 'kp_502_15/b_18' to 'ap_memory'.
INFO: [RTGEN 206-500] Setting interface mode on port 'kp_502_15/b_19' to 'ap_memory'.
INFO: [RTGEN 206-500] Setting interface mode on port 'kp_502_15/b_20' to 'ap_memory'.
INFO: [RTGEN 206-500] Setting interface mode on port 'kp_502_15/b_21' to 'ap_memory'.
INFO: [RTGEN 206-500] Setting interface mode on port 'kp_502_15/b_22' to 'ap_memory'.
INFO: [RTGEN 206-500] Setting interface mode on port 'kp_502_15/b_23' to 'ap_memory'.
INFO: [RTGEN 206-500] Setting interface mode on port 'kp_502_15/b_24' to 'ap_memory'.
INFO: [RTGEN 206-500] Setting interface mode on port 'kp_502_15/b_25' to 'ap_memory'.
INFO: [RTGEN 206-500] Setting interface mode on port 'kp_502_15/b_26' to 'ap_memory'.
INFO: [RTGEN 206-500] Setting interface mode on port 'kp_502_15/b_27' to 'ap_memory'.
INFO: [RTGEN 206-500] Setting interface mode on port 'kp_502_15/b_28' to 'ap_memory'.
INFO: [RTGEN 206-500] Setting interface mode on port 'kp_502_15/b_29' to 'ap_memory'.
INFO: [RTGEN 206-500] Setting interface mode on port 'kp_502_15/b_30' to 'ap_memory'.
INFO: [RTGEN 206-500] Setting interface mode on port 'kp_502_15/b_31' to 'ap_memory'.
INFO: [RTGEN 206-500] Setting interface mode on port 'kp_502_15/b_32' to 'ap_memory'.
INFO: [RTGEN 206-500] Setting interface mode on port 'kp_502_15/b_33' to 'ap_memory'.
INFO: [RTGEN 206-500] Setting interface mode on port 'kp_502_15/b_34' to 'ap_memory'.
INFO: [RTGEN 206-500] Setting interface mode on port 'kp_502_15/b_35' to 'ap_memory'.
INFO: [RTGEN 206-500] Setting interface mode on port 'kp_502_15/b_36' to 'ap_memory'.
INFO: [RTGEN 206-500] Setting interface mode on port 'kp_502_15/b_37' to 'ap_memory'.
INFO: [RTGEN 206-500] Setting interface mode on port 'kp_502_15/b_38' to 'ap_memory'.
INFO: [RTGEN 206-500] Setting interface mode on port 'kp_502_15/b_39' to 'ap_memory'.
INFO: [RTGEN 206-500] Setting interface mode on port 'kp_502_15/b_40' to 'ap_memory'.
INFO: [RTGEN 206-500] Setting interface mode on port 'kp_502_15/b_41' to 'ap_memory'.
INFO: [RTGEN 206-500] Setting interface mode on port 'kp_502_15/b_42' to 'ap_memory'.
INFO: [RTGEN 206-500] Setting interface mode on port 'kp_502_15/b_43' to 'ap_memory'.
INFO: [RTGEN 206-500] Setting interface mode on port 'kp_502_15/b_44' to 'ap_memory'.
INFO: [RTGEN 206-500] Setting interface mode on port 'kp_502_15/b_45' to 'ap_memory'.
INFO: [RTGEN 206-500] Setting interface mode on port 'kp_502_15/b_46' to 'ap_memory'.
INFO: [RTGEN 206-500] Setting interface mode on port 'kp_502_15/b_47' to 'ap_memory'.
INFO: [RTGEN 206-500] Setting interface mode on port 'kp_502_15/b_48' to 'ap_memory'.
INFO: [RTGEN 206-500] Setting interface mode on port 'kp_502_15/b_49' to 'ap_memory'.
INFO: [RTGEN 206-500] Setting interface mode on port 'kp_502_15/b_50' to 'ap_memory'.
INFO: [RTGEN 206-500] Setting interface mode on port 'kp_502_15/b_51' to 'ap_memory'.
INFO: [RTGEN 206-500] Setting interface mode on port 'kp_502_15/b_52' to 'ap_memory'.
INFO: [RTGEN 206-500] Setting interface mode on port 'kp_502_15/b_53' to 'ap_memory'.
INFO: [RTGEN 206-500] Setting interface mode on port 'kp_502_15/b_54' to 'ap_memory'.
INFO: [RTGEN 206-500] Setting interface mode on port 'kp_502_15/b_55' to 'ap_memory'.
INFO: [RTGEN 206-500] Setting interface mode on port 'kp_502_15/b_56' to 'ap_memory'.
INFO: [RTGEN 206-500] Setting interface mode on port 'kp_502_15/b_57' to 'ap_memory'.
INFO: [RTGEN 206-500] Setting interface mode on port 'kp_502_15/b_58' to 'ap_memory'.
INFO: [RTGEN 206-500] Setting interface mode on port 'kp_502_15/b_59' to 'ap_memory'.
INFO: [RTGEN 206-500] Setting interface mode on port 'kp_502_15/b_60' to 'ap_memory'.
INFO: [RTGEN 206-500] Setting interface mode on port 'kp_502_15/b_61' to 'ap_memory'.
INFO: [RTGEN 206-500] Setting interface mode on port 'kp_502_15/b_62' to 'ap_memory'.
INFO: [RTGEN 206-500] Setting interface mode on port 'kp_502_15/b_63' to 'ap_memory'.
INFO: [RTGEN 206-500] Setting interface mode on port 'kp_502_15/c_0' to 'ap_memory'.
INFO: [RTGEN 206-500] Setting interface mode on port 'kp_502_15/c_1' to 'ap_memory'.
INFO: [RTGEN 206-500] Setting interface mode on port 'kp_502_15/c_2' to 'ap_memory'.
INFO: [RTGEN 206-500] Setting interface mode on port 'kp_502_15/c_3' to 'ap_memory'.
INFO: [RTGEN 206-500] Setting interface mode on port 'kp_502_15/c_4' to 'ap_memory'.
INFO: [RTGEN 206-500] Setting interface mode on port 'kp_502_15/c_5' to 'ap_memory'.
INFO: [RTGEN 206-500] Setting interface mode on port 'kp_502_15/c_6' to 'ap_memory'.
INFO: [RTGEN 206-500] Setting interface mode on port 'kp_502_15/c_7' to 'ap_memory'.
INFO: [RTGEN 206-500] Setting interface mode on port 'kp_502_15/c_8' to 'ap_memory'.
INFO: [RTGEN 206-500] Setting interface mode on port 'kp_502_15/c_9' to 'ap_memory'.
INFO: [RTGEN 206-500] Setting interface mode on port 'kp_502_15/c_10' to 'ap_memory'.
INFO: [RTGEN 206-500] Setting interface mode on port 'kp_502_15/c_11' to 'ap_memory'.
INFO: [RTGEN 206-500] Setting interface mode on port 'kp_502_15/c_12' to 'ap_memory'.
INFO: [RTGEN 206-500] Setting interface mode on port 'kp_502_15/c_13' to 'ap_memory'.
INFO: [RTGEN 206-500] Setting interface mode on port 'kp_502_15/c_14' to 'ap_memory'.
INFO: [RTGEN 206-500] Setting interface mode on port 'kp_502_15/c_15' to 'ap_memory'.
INFO: [RTGEN 206-500] Setting interface mode on port 'kp_502_15/c_16' to 'ap_memory'.
INFO: [RTGEN 206-500] Setting interface mode on port 'kp_502_15/c_17' to 'ap_memory'.
INFO: [RTGEN 206-500] Setting interface mode on port 'kp_502_15/c_18' to 'ap_memory'.
INFO: [RTGEN 206-500] Setting interface mode on port 'kp_502_15/c_19' to 'ap_memory'.
INFO: [RTGEN 206-500] Setting interface mode on port 'kp_502_15/c_20' to 'ap_memory'.
INFO: [RTGEN 206-500] Setting interface mode on port 'kp_502_15/c_21' to 'ap_memory'.
INFO: [RTGEN 206-500] Setting interface mode on port 'kp_502_15/c_22' to 'ap_memory'.
INFO: [RTGEN 206-500] Setting interface mode on port 'kp_502_15/c_23' to 'ap_memory'.
INFO: [RTGEN 206-500] Setting interface mode on port 'kp_502_15/c_24' to 'ap_memory'.
INFO: [RTGEN 206-500] Setting interface mode on port 'kp_502_15/c_25' to 'ap_memory'.
INFO: [RTGEN 206-500] Setting interface mode on port 'kp_502_15/c_26' to 'ap_memory'.
INFO: [RTGEN 206-500] Setting interface mode on port 'kp_502_15/c_27' to 'ap_memory'.
INFO: [RTGEN 206-500] Setting interface mode on port 'kp_502_15/c_28' to 'ap_memory'.
INFO: [RTGEN 206-500] Setting interface mode on port 'kp_502_15/c_29' to 'ap_memory'.
INFO: [RTGEN 206-500] Setting interface mode on port 'kp_502_15/c_30' to 'ap_memory'.
INFO: [RTGEN 206-500] Setting interface mode on port 'kp_502_15/c_31' to 'ap_memory'.
INFO: [RTGEN 206-500] Setting interface mode on port 'kp_502_15/c_32' to 'ap_memory'.
INFO: [RTGEN 206-500] Setting interface mode on port 'kp_502_15/c_33' to 'ap_memory'.
INFO: [RTGEN 206-500] Setting interface mode on port 'kp_502_15/c_34' to 'ap_memory'.
INFO: [RTGEN 206-500] Setting interface mode on port 'kp_502_15/c_35' to 'ap_memory'.
INFO: [RTGEN 206-500] Setting interface mode on port 'kp_502_15/c_36' to 'ap_memory'.
INFO: [RTGEN 206-500] Setting interface mode on port 'kp_502_15/c_37' to 'ap_memory'.
INFO: [RTGEN 206-500] Setting interface mode on port 'kp_502_15/c_38' to 'ap_memory'.
INFO: [RTGEN 206-500] Setting interface mode on port 'kp_502_15/c_39' to 'ap_memory'.
INFO: [RTGEN 206-500] Setting interface mode on port 'kp_502_15/c_40' to 'ap_memory'.
INFO: [RTGEN 206-500] Setting interface mode on port 'kp_502_15/c_41' to 'ap_memory'.
INFO: [RTGEN 206-500] Setting interface mode on port 'kp_502_15/c_42' to 'ap_memory'.
INFO: [RTGEN 206-500] Setting interface mode on port 'kp_502_15/c_43' to 'ap_memory'.
INFO: [RTGEN 206-500] Setting interface mode on port 'kp_502_15/c_44' to 'ap_memory'.
INFO: [RTGEN 206-500] Setting interface mode on port 'kp_502_15/c_45' to 'ap_memory'.
INFO: [RTGEN 206-500] Setting interface mode on port 'kp_502_15/c_46' to 'ap_memory'.
INFO: [RTGEN 206-500] Setting interface mode on port 'kp_502_15/c_47' to 'ap_memory'.
INFO: [RTGEN 206-500] Setting interface mode on port 'kp_502_15/c_48' to 'ap_memory'.
INFO: [RTGEN 206-500] Setting interface mode on port 'kp_502_15/c_49' to 'ap_memory'.
INFO: [RTGEN 206-500] Setting interface mode on port 'kp_502_15/c_50' to 'ap_memory'.
INFO: [RTGEN 206-500] Setting interface mode on port 'kp_502_15/c_51' to 'ap_memory'.
INFO: [RTGEN 206-500] Setting interface mode on port 'kp_502_15/c_52' to 'ap_memory'.
INFO: [RTGEN 206-500] Setting interface mode on port 'kp_502_15/c_53' to 'ap_memory'.
INFO: [RTGEN 206-500] Setting interface mode on port 'kp_502_15/c_54' to 'ap_memory'.
INFO: [RTGEN 206-500] Setting interface mode on port 'kp_502_15/c_55' to 'ap_memory'.
INFO: [RTGEN 206-500] Setting interface mode on port 'kp_502_15/c_56' to 'ap_memory'.
INFO: [RTGEN 206-500] Setting interface mode on port 'kp_502_15/c_57' to 'ap_memory'.
INFO: [RTGEN 206-500] Setting interface mode on port 'kp_502_15/c_58' to 'ap_memory'.
INFO: [RTGEN 206-500] Setting interface mode on port 'kp_502_15/c_59' to 'ap_memory'.
INFO: [RTGEN 206-500] Setting interface mode on port 'kp_502_15/c_60' to 'ap_memory'.
INFO: [RTGEN 206-500] Setting interface mode on port 'kp_502_15/c_61' to 'ap_memory'.
INFO: [RTGEN 206-500] Setting interface mode on port 'kp_502_15/c_62' to 'ap_memory'.
INFO: [RTGEN 206-500] Setting interface mode on port 'kp_502_15/c_63' to 'ap_memory'.
INFO: [RTGEN 206-500] Setting interface mode on port 'kp_502_15/x_0' to 'ap_memory'.
INFO: [RTGEN 206-500] Setting interface mode on port 'kp_502_15/x_1' to 'ap_memory'.
INFO: [RTGEN 206-500] Setting interface mode on port 'kp_502_15/x_2' to 'ap_memory'.
INFO: [RTGEN 206-500] Setting interface mode on port 'kp_502_15/x_3' to 'ap_memory'.
INFO: [RTGEN 206-500] Setting interface mode on port 'kp_502_15/x_4' to 'ap_memory'.
INFO: [RTGEN 206-500] Setting interface mode on port 'kp_502_15/x_5' to 'ap_memory'.
INFO: [RTGEN 206-500] Setting interface mode on port 'kp_502_15/x_6' to 'ap_memory'.
INFO: [RTGEN 206-500] Setting interface mode on port 'kp_502_15/x_7' to 'ap_memory'.
INFO: [RTGEN 206-500] Setting interface mode on port 'kp_502_15/x_8' to 'ap_memory'.
INFO: [RTGEN 206-500] Setting interface mode on port 'kp_502_15/x_9' to 'ap_memory'.
INFO: [RTGEN 206-500] Setting interface mode on port 'kp_502_15/x_10' to 'ap_memory'.
INFO: [RTGEN 206-500] Setting interface mode on port 'kp_502_15/x_11' to 'ap_memory'.
INFO: [RTGEN 206-500] Setting interface mode on port 'kp_502_15/x_12' to 'ap_memory'.
INFO: [RTGEN 206-500] Setting interface mode on port 'kp_502_15/x_13' to 'ap_memory'.
INFO: [RTGEN 206-500] Setting interface mode on port 'kp_502_15/x_14' to 'ap_memory'.
INFO: [RTGEN 206-500] Setting interface mode on port 'kp_502_15/x_15' to 'ap_memory'.
INFO: [RTGEN 206-500] Setting interface mode on port 'kp_502_15/x_16' to 'ap_memory'.
INFO: [RTGEN 206-500] Setting interface mode on port 'kp_502_15/x_17' to 'ap_memory'.
INFO: [RTGEN 206-500] Setting interface mode on port 'kp_502_15/x_18' to 'ap_memory'.
INFO: [RTGEN 206-500] Setting interface mode on port 'kp_502_15/x_19' to 'ap_memory'.
INFO: [RTGEN 206-500] Setting interface mode on port 'kp_502_15/x_20' to 'ap_memory'.
INFO: [RTGEN 206-500] Setting interface mode on port 'kp_502_15/x_21' to 'ap_memory'.
INFO: [RTGEN 206-500] Setting interface mode on port 'kp_502_15/x_22' to 'ap_memory'.
INFO: [RTGEN 206-500] Setting interface mode on port 'kp_502_15/x_23' to 'ap_memory'.
INFO: [RTGEN 206-500] Setting interface mode on port 'kp_502_15/x_24' to 'ap_memory'.
INFO: [RTGEN 206-500] Setting interface mode on port 'kp_502_15/x_25' to 'ap_memory'.
INFO: [RTGEN 206-500] Setting interface mode on port 'kp_502_15/x_26' to 'ap_memory'.
INFO: [RTGEN 206-500] Setting interface mode on port 'kp_502_15/x_27' to 'ap_memory'.
INFO: [RTGEN 206-500] Setting interface mode on port 'kp_502_15/x_28' to 'ap_memory'.
INFO: [RTGEN 206-500] Setting interface mode on port 'kp_502_15/x_29' to 'ap_memory'.
INFO: [RTGEN 206-500] Setting interface mode on port 'kp_502_15/x_30' to 'ap_memory'.
INFO: [RTGEN 206-500] Setting interface mode on port 'kp_502_15/x_31' to 'ap_memory'.
INFO: [RTGEN 206-500] Setting interface mode on port 'kp_502_15/x_32' to 'ap_memory'.
INFO: [RTGEN 206-500] Setting interface mode on port 'kp_502_15/x_33' to 'ap_memory'.
INFO: [RTGEN 206-500] Setting interface mode on port 'kp_502_15/x_34' to 'ap_memory'.
INFO: [RTGEN 206-500] Setting interface mode on port 'kp_502_15/x_35' to 'ap_memory'.
INFO: [RTGEN 206-500] Setting interface mode on port 'kp_502_15/x_36' to 'ap_memory'.
INFO: [RTGEN 206-500] Setting interface mode on port 'kp_502_15/x_37' to 'ap_memory'.
INFO: [RTGEN 206-500] Setting interface mode on port 'kp_502_15/x_38' to 'ap_memory'.
INFO: [RTGEN 206-500] Setting interface mode on port 'kp_502_15/x_39' to 'ap_memory'.
INFO: [RTGEN 206-500] Setting interface mode on port 'kp_502_15/x_40' to 'ap_memory'.
INFO: [RTGEN 206-500] Setting interface mode on port 'kp_502_15/x_41' to 'ap_memory'.
INFO: [RTGEN 206-500] Setting interface mode on port 'kp_502_15/x_42' to 'ap_memory'.
INFO: [RTGEN 206-500] Setting interface mode on port 'kp_502_15/x_43' to 'ap_memory'.
INFO: [RTGEN 206-500] Setting interface mode on port 'kp_502_15/x_44' to 'ap_memory'.
INFO: [RTGEN 206-500] Setting interface mode on port 'kp_502_15/x_45' to 'ap_memory'.
INFO: [RTGEN 206-500] Setting interface mode on port 'kp_502_15/x_46' to 'ap_memory'.
INFO: [RTGEN 206-500] Setting interface mode on port 'kp_502_15/x_47' to 'ap_memory'.
INFO: [RTGEN 206-500] Setting interface mode on port 'kp_502_15/x_48' to 'ap_memory'.
INFO: [RTGEN 206-500] Setting interface mode on port 'kp_502_15/x_49' to 'ap_memory'.
INFO: [RTGEN 206-500] Setting interface mode on port 'kp_502_15/x_50' to 'ap_memory'.
INFO: [RTGEN 206-500] Setting interface mode on port 'kp_502_15/x_51' to 'ap_memory'.
INFO: [RTGEN 206-500] Setting interface mode on port 'kp_502_15/x_52' to 'ap_memory'.
INFO: [RTGEN 206-500] Setting interface mode on port 'kp_502_15/x_53' to 'ap_memory'.
INFO: [RTGEN 206-500] Setting interface mode on port 'kp_502_15/x_54' to 'ap_memory'.
INFO: [RTGEN 206-500] Setting interface mode on port 'kp_502_15/x_55' to 'ap_memory'.
INFO: [RTGEN 206-500] Setting interface mode on port 'kp_502_15/x_56' to 'ap_memory'.
INFO: [RTGEN 206-500] Setting interface mode on port 'kp_502_15/x_57' to 'ap_memory'.
INFO: [RTGEN 206-500] Setting interface mode on port 'kp_502_15/x_58' to 'ap_memory'.
INFO: [RTGEN 206-500] Setting interface mode on port 'kp_502_15/x_59' to 'ap_memory'.
INFO: [RTGEN 206-500] Setting interface mode on port 'kp_502_15/x_60' to 'ap_memory'.
INFO: [RTGEN 206-500] Setting interface mode on port 'kp_502_15/x_61' to 'ap_memory'.
INFO: [RTGEN 206-500] Setting interface mode on port 'kp_502_15/x_62' to 'ap_memory'.
INFO: [RTGEN 206-500] Setting interface mode on port 'kp_502_15/x_63' to 'ap_memory'.
INFO: [RTGEN 206-500] Setting interface mode on function 'kp_502_15' to 'ap_ctrl_hs'.
INFO: [HLS 200-1030] Apply Unified Pipeline Control on module 'kp_502_15' pipeline 'Loop' pipeline type 'loop pipeline'
INFO: [RTGEN 206-100] Generating core module 'mul_32s_32s_32_1_1': 128 instance(s).
INFO: [RTGEN 206-100] Finished creating RTL model for 'kp_502_15'.
INFO: [HLS 200-111] Finished Creating RTL model: CPU user time: 1 seconds. CPU system time: 1 seconds. Elapsed time: 2.215 seconds; current allocated memory: 1.256 GB.
INFO: [HLS 200-111] Finished Generating all RTL models: CPU user time: 4 seconds. CPU system time: 0 seconds. Elapsed time: 4.026 seconds; current allocated memory: 1.256 GB.
INFO: [HLS 200-111] Finished Updating report files: CPU user time: 17 seconds. CPU system time: 0 seconds. Elapsed time: 17.907 seconds; current allocated memory: 1.256 GB.
INFO: [VHDL 208-304] Generating VHDL RTL for kp_502_15.
INFO: [VLOG 209-307] Generating Verilog RTL for kp_502_15.
INFO: [HLS 200-790] **** Loop Constraint Status: All loop constraints were satisfied.
INFO: [HLS 200-789] **** Estimated Fmax: 84.52 MHz
INFO: [HLS 200-111] Finished Command csynth_design CPU user time: 29 seconds. CPU system time: 1 seconds. Elapsed time: 35.526 seconds; current allocated memory: 0.000 MB.
INFO: [HLS 200-112] Total CPU user time: 32 seconds. Total CPU system time: 2 seconds. Total elapsed time: 37.9 seconds; peak allocated memory: 1.256 GB.
