INFO: [SIM 2] *************** CSIM start ***************
INFO: [SIM 4] CSIM will launch GCC as the compiler.
   Compiling(apcc) ../../../../source/lab2_z0_test.c in debug mode
INFO: Applying HLS Y2K22 patch v1.2 for IP revision
INFO: [HLS 200-10] Running 'C:/Xilinx/Vitis_HLS/2021.2/bin/unwrapped/win64.o/apcc.exe'
INFO: [HLS 200-10] For user 'leova' on host 'msi' (Windows NT_amd64 version 6.2) on Tue Nov 07 12:42:49 +0300 2023
INFO: [HLS 200-10] In directory 'C:/Xilinx_trn/HLS2023/lab2_z0/lab2_z0/solution1/csim/build'
INFO: [APCC 202-3] Tmp directory is apcc_db
INFO: [APCC 202-1] APCC is done.
INFO: [HLS 200-112] Total CPU user time: 0 seconds. Total CPU system time: 0 seconds. Total elapsed time: 6.647 seconds; peak allocated memory: 2.918 MB.
   Compiling(apcc) ../../../../source/lab2_z0.c in debug mode
INFO: Applying HLS Y2K22 patch v1.2 for IP revision
INFO: [HLS 200-10] Running 'C:/Xilinx/Vitis_HLS/2021.2/bin/unwrapped/win64.o/apcc.exe'
INFO: [HLS 200-10] For user 'leova' on host 'msi' (Windows NT_amd64 version 6.2) on Tue Nov 07 12:42:58 +0300 2023
INFO: [HLS 200-10] In directory 'C:/Xilinx_trn/HLS2023/lab2_z0/lab2_z0/solution1/csim/build'
INFO: [APCC 202-3] Tmp directory is apcc_db
INFO: [APCC 202-1] APCC is done.
INFO: [HLS 200-112] Total CPU user time: 0 seconds. Total CPU system time: 0 seconds. Total elapsed time: 3.262 seconds; peak allocated memory: 2.828 MB.
   Generating csim.exe
----------Pass!------------ 
INFO: [SIM 1] CSim done with 0 errors.
INFO: [SIM 3] *************** CSIM finish ***************
