Vivado Simulator v2021.2
Copyright 1986-1999, 2001-2021 Xilinx, Inc. All Rights Reserved.
Running: C:/Xilinx/Vivado/2021.2/bin/unwrapped/win64.o/xelab.exe xil_defaultlib.apatb_lab4_z2_top glbl -Oenable_linking_all_libraries -prj lab4_z2.prj -L smartconnect_v1_0 -L axi_protocol_checker_v1_1_12 -L axi_protocol_checker_v1_1_13 -L axis_protocol_checker_v1_1_11 -L axis_protocol_checker_v1_1_12 -L xil_defaultlib -L unisims_ver -L xpm -L floating_point_v7_0_19 -L floating_point_v7_1_13 --lib ieee_proposed=./ieee_proposed -s lab4_z2 -debug wave 
Multi-threading is on. Using 10 slave threads.
INFO: [VRFC 10-2263] Analyzing SystemVerilog file "C:/Xilinx_trn/HLS2023/lab4_z2/lab4_z2/sol5/sim/verilog/glbl.v" into library work
INFO: [VRFC 10-311] analyzing module glbl
INFO: [VRFC 10-2263] Analyzing SystemVerilog file "C:/Xilinx_trn/HLS2023/lab4_z2/lab4_z2/sol5/sim/verilog/AESL_automem_data_in.v" into library xil_defaultlib
INFO: [VRFC 10-311] analyzing module AESL_automem_data_in
INFO: [VRFC 10-2263] Analyzing SystemVerilog file "C:/Xilinx_trn/HLS2023/lab4_z2/lab4_z2/sol5/sim/verilog/AESL_automem_data_out1.v" into library xil_defaultlib
INFO: [VRFC 10-311] analyzing module AESL_automem_data_out1
INFO: [VRFC 10-2263] Analyzing SystemVerilog file "C:/Xilinx_trn/HLS2023/lab4_z2/lab4_z2/sol5/sim/verilog/AESL_automem_data_out2.v" into library xil_defaultlib
INFO: [VRFC 10-311] analyzing module AESL_automem_data_out2
INFO: [VRFC 10-2263] Analyzing SystemVerilog file "C:/Xilinx_trn/HLS2023/lab4_z2/lab4_z2/sol5/sim/verilog/AESL_deadlock_detection_unit.v" into library xil_defaultlib
INFO: [VRFC 10-311] analyzing module AESL_deadlock_detect_unit
INFO: [VRFC 10-2263] Analyzing SystemVerilog file "C:/Xilinx_trn/HLS2023/lab4_z2/lab4_z2/sol5/sim/verilog/AESL_deadlock_detector.v" into library xil_defaultlib
INFO: [VRFC 10-311] analyzing module AESL_deadlock_detector
INFO: [VRFC 10-2263] Analyzing SystemVerilog file "C:/Xilinx_trn/HLS2023/lab4_z2/lab4_z2/sol5/sim/verilog/AESL_deadlock_report_unit.v" into library xil_defaultlib
INFO: [VRFC 10-311] analyzing module AESL_deadlock_report_unit
INFO: [VRFC 10-2263] Analyzing SystemVerilog file "C:/Xilinx_trn/HLS2023/lab4_z2/lab4_z2/sol5/sim/verilog/lab4_z2.autotb.v" into library xil_defaultlib
INFO: [VRFC 10-311] analyzing module apatb_lab4_z2_top
INFO: [VRFC 10-2263] Analyzing SystemVerilog file "C:/Xilinx_trn/HLS2023/lab4_z2/lab4_z2/sol5/sim/verilog/lab4_z2.v" into library xil_defaultlib
INFO: [VRFC 10-311] analyzing module lab4_z2
INFO: [VRFC 10-2263] Analyzing SystemVerilog file "C:/Xilinx_trn/HLS2023/lab4_z2/lab4_z2/sol5/sim/verilog/lab4_z2_Loop_Loop1_proc.v" into library xil_defaultlib
INFO: [VRFC 10-311] analyzing module lab4_z2_Loop_Loop1_proc
INFO: [VRFC 10-2263] Analyzing SystemVerilog file "C:/Xilinx_trn/HLS2023/lab4_z2/lab4_z2/sol5/sim/verilog/lab4_z2_Loop_Loop2_proc.v" into library xil_defaultlib
INFO: [VRFC 10-311] analyzing module lab4_z2_Loop_Loop2_proc
INFO: [VRFC 10-2263] Analyzing SystemVerilog file "C:/Xilinx_trn/HLS2023/lab4_z2/lab4_z2/sol5/sim/verilog/lab4_z2_Loop_Loop3_proc.v" into library xil_defaultlib
INFO: [VRFC 10-311] analyzing module lab4_z2_Loop_Loop3_proc
INFO: [VRFC 10-2263] Analyzing SystemVerilog file "C:/Xilinx_trn/HLS2023/lab4_z2/lab4_z2/sol5/sim/verilog/lab4_z2_mul_32s_32s_32_1_1.v" into library xil_defaultlib
INFO: [VRFC 10-311] analyzing module lab4_z2_mul_32s_32s_32_1_1
INFO: [VRFC 10-2263] Analyzing SystemVerilog file "C:/Xilinx_trn/HLS2023/lab4_z2/lab4_z2/sol5/sim/verilog/lab4_z2_mul_32s_6ns_32_1_1.v" into library xil_defaultlib
INFO: [VRFC 10-311] analyzing module lab4_z2_mul_32s_6ns_32_1_1
INFO: [VRFC 10-2263] Analyzing SystemVerilog file "C:/Xilinx_trn/HLS2023/lab4_z2/lab4_z2/sol5/sim/verilog/lab4_z2_tempA1_RAM_AUTO_1R1W.v" into library xil_defaultlib
INFO: [VRFC 10-311] analyzing module lab4_z2_tempA1_RAM_AUTO_1R1W
INFO: [VRFC 10-2263] Analyzing SystemVerilog file "C:/Xilinx_trn/HLS2023/lab4_z2/lab4_z2/sol5/sim/verilog/lab4_z2_tempA1_RAM_AUTO_1R1W_memcore.v" into library xil_defaultlib
INFO: [VRFC 10-311] analyzing module lab4_z2_tempA1_RAM_AUTO_1R1W_memcore
INFO: [VRFC 10-2263] Analyzing SystemVerilog file "C:/Xilinx_trn/HLS2023/lab4_z2/lab4_z2/sol5/sim/verilog/dataflow_monitor.sv" into library xil_defaultlib
INFO: [VRFC 10-311] analyzing module dataflow_monitor
Starting static elaboration
Pass Through NonSizing Optimizer
Completed static elaboration
Starting simulation data flow analysis
Completed simulation data flow analysis
Time Resolution for simulation is 1ps
Compiling package xil_defaultlib.$unit_dataflow_monitor_sv
Compiling module xil_defaultlib.lab4_z2_tempA1_RAM_AUTO_1R1W_mem...
Compiling module xil_defaultlib.lab4_z2_tempA1_RAM_AUTO_1R1W(Add...
Compiling module xil_defaultlib.lab4_z2_mul_32s_32s_32_1_1(NUM_S...
Compiling module xil_defaultlib.lab4_z2_Loop_Loop1_proc
Compiling module xil_defaultlib.lab4_z2_mul_32s_6ns_32_1_1(NUM_S...
Compiling module xil_defaultlib.lab4_z2_Loop_Loop2_proc
Compiling module xil_defaultlib.lab4_z2_Loop_Loop3_proc
Compiling module xil_defaultlib.lab4_z2
Compiling module xil_defaultlib.AESL_automem_data_in
Compiling module xil_defaultlib.AESL_automem_data_out1
Compiling module xil_defaultlib.AESL_automem_data_out2
Compiling module xil_defaultlib.AESL_deadlock_detect_unit(PROC_N...
Compiling module xil_defaultlib.AESL_deadlock_detect_unit(PROC_N...
Compiling module xil_defaultlib.AESL_deadlock_detect_unit(PROC_N...
Compiling module xil_defaultlib.AESL_deadlock_report_unit(PROC_N...
Compiling module xil_defaultlib.AESL_deadlock_detector_1
Compiling module xil_defaultlib.df_process_intf
Compiling module xil_defaultlib.nodf_module_intf
Compiling module xil_defaultlib.seq_loop_intf(FSM_WIDTH=3)
Compiling module xil_defaultlib.dataflow_monitor_1
Compiling module xil_defaultlib.apatb_lab4_z2_top
Compiling module work.glbl
Built simulation snapshot lab4_z2
