

================================================================
== Vitis HLS Report for 'sqrt_fixed_32_32_s'
================================================================
* Date:           Sun Mar 24 17:31:45 2024

* Version:        2021.2 (Build 3367213 on Tue Oct 19 02:48:09 MDT 2021)
* Project:        kp_502_7
* Solution:       sol1_1 (Vivado IP Flow Target)
* Product family: artix7
* Target device:  xc7a200t-sbv484-2


================================================================
== Performance Estimates
================================================================
+ Timing: 
    * Summary: 
    +------+----------+----------+------------+
    | Clock|  Target  | Estimated| Uncertainty|
    +------+----------+----------+------------+
    |clk   |  10.00 ns|  8.577 ns|     1.00 ns|
    +------+----------+----------+------------+

+ Latency: 
    * Summary: 
    +---------+---------+-----------+-----------+-----+-----+---------+
    |  Latency (cycles) |   Latency (absolute)  |  Interval | Pipeline|
    |   min   |   max   |    min    |    max    | min | max |   Type  |
    +---------+---------+-----------+-----------+-----+-----+---------+
    |        5|        5|  50.000 ns|  50.000 ns|    1|    1|      yes|
    +---------+---------+-----------+-----------+-----+-----+---------+

    + Detail: 
        * Instance: 
        N/A

        * Loop: 
        N/A



================================================================
== Utilization Estimates
================================================================
* Summary: 
+-----------------+---------+-----+--------+--------+-----+
|       Name      | BRAM_18K| DSP |   FF   |   LUT  | URAM|
+-----------------+---------+-----+--------+--------+-----+
|DSP              |        -|    -|       -|       -|    -|
|Expression       |        -|    -|       0|    1322|    -|
|FIFO             |        -|    -|       -|       -|    -|
|Instance         |        -|    -|       -|       -|    -|
|Memory           |        -|    -|       -|       -|    -|
|Multiplexer      |        -|    -|       -|       -|    -|
|Register         |        -|    -|     350|       -|    -|
+-----------------+---------+-----+--------+--------+-----+
|Total            |        0|    0|     350|    1322|    0|
+-----------------+---------+-----+--------+--------+-----+
|Available        |      730|  740|  269200|  134600|    0|
+-----------------+---------+-----+--------+--------+-----+
|Utilization (%)  |        0|    0|      ~0|      ~0|    0|
+-----------------+---------+-----+--------+--------+-----+

+ Detail: 
    * Instance: 
    N/A

    * DSP: 
    N/A

    * Memory: 
    N/A

    * FIFO: 
    N/A

    * Expression: 
    +--------------------------+----------+----+---+----+------------+------------+
    |       Variable Name      | Operation| DSP| FF| LUT| Bitwidth P0| Bitwidth P1|
    +--------------------------+----------+----+---+----+------------+------------+
    |res_I_V_30_fu_1471_p2     |         +|   0|  0|  23|          16|           1|
    |sub_ln219_10_fu_1111_p2   |         -|   0|  0|  21|          14|          14|
    |sub_ln219_11_fu_1193_p2   |         -|   0|  0|  22|          15|          15|
    |sub_ln219_12_fu_1268_p2   |         -|   0|  0|  23|          16|          16|
    |sub_ln219_13_fu_1350_p2   |         -|   0|  0|  24|          17|          17|
    |sub_ln219_14_fu_1409_p2   |         -|   0|  0|  25|          18|          18|
    |sub_ln219_1_fu_394_p2     |         -|   0|  0|  13|           5|           5|
    |sub_ln219_2_fu_476_p2     |         -|   0|  0|  14|           6|           6|
    |sub_ln219_3_fu_551_p2     |         -|   0|  0|  14|           7|           7|
    |sub_ln219_4_fu_633_p2     |         -|   0|  0|  15|           8|           8|
    |sub_ln219_5_fu_715_p2     |         -|   0|  0|  16|           9|           9|
    |sub_ln219_6_fu_790_p2     |         -|   0|  0|  17|          10|          10|
    |sub_ln219_7_fu_872_p2     |         -|   0|  0|  18|          11|          11|
    |sub_ln219_8_fu_954_p2     |         -|   0|  0|  19|          12|          12|
    |sub_ln219_9_fu_1029_p2    |         -|   0|  0|  20|          13|          13|
    |sub_ln219_fu_312_p2       |         -|   0|  0|  13|           4|           4|
    |icmp_ln443_10_fu_1105_p2  |      icmp|   0|  0|  12|          14|          14|
    |icmp_ln443_11_fu_1187_p2  |      icmp|   0|  0|  12|          15|          15|
    |icmp_ln443_12_fu_1262_p2  |      icmp|   0|  0|  13|          16|          16|
    |icmp_ln443_13_fu_1344_p2  |      icmp|   0|  0|  13|          17|          17|
    |icmp_ln443_14_fu_1403_p2  |      icmp|   0|  0|  13|          18|          18|
    |icmp_ln443_1_fu_388_p2    |      icmp|   0|  0|   9|           5|           5|
    |icmp_ln443_2_fu_470_p2    |      icmp|   0|  0|  10|           6|           6|
    |icmp_ln443_3_fu_545_p2    |      icmp|   0|  0|  10|           7|           7|
    |icmp_ln443_4_fu_627_p2    |      icmp|   0|  0|  11|           8|           8|
    |icmp_ln443_5_fu_709_p2    |      icmp|   0|  0|  11|           9|           9|
    |icmp_ln443_6_fu_784_p2    |      icmp|   0|  0|  11|          10|          10|
    |icmp_ln443_7_fu_866_p2    |      icmp|   0|  0|  11|          11|          11|
    |icmp_ln443_8_fu_948_p2    |      icmp|   0|  0|  12|          12|          12|
    |icmp_ln443_9_fu_1023_p2   |      icmp|   0|  0|  12|          13|          13|
    |icmp_ln443_fu_306_p2      |      icmp|   0|  0|   9|           4|           4|
    |p_Result_s_58_fu_1465_p2  |      icmp|   0|  0|  19|          35|          35|
    |ap_return                 |    select|   0|  0|  16|           1|          16|
    |res_I_V_32_fu_266_p3      |    select|   0|  0|  17|           1|          17|
    |res_I_V_33_fu_348_p3      |    select|   0|  0|  16|           1|          16|
    |res_I_V_34_fu_430_p3      |    select|   0|  0|  16|           1|          16|
    |res_I_V_35_fu_507_p3      |    select|   0|  0|  16|           1|          16|
    |res_I_V_36_fu_587_p3      |    select|   0|  0|  16|           1|          16|
    |res_I_V_37_fu_669_p3      |    select|   0|  0|  16|           1|          16|
    |res_I_V_38_fu_746_p3      |    select|   0|  0|  16|           1|          16|
    |res_I_V_39_fu_908_p3      |    select|   0|  0|  16|           1|          16|
    |res_I_V_40_fu_985_p3      |    select|   0|  0|  16|           1|          16|
    |res_I_V_41_fu_1065_p3     |    select|   0|  0|  16|           1|          16|
    |res_I_V_42_fu_1147_p3     |    select|   0|  0|  16|           1|          16|
    |res_I_V_43_fu_1224_p3     |    select|   0|  0|  16|           1|          16|
    |res_I_V_44_fu_1304_p3     |    select|   0|  0|  16|           1|          16|
    |res_I_V_45_fu_1381_p3     |    select|   0|  0|  16|           1|          16|
    |res_I_V_46_fu_1445_p3     |    select|   0|  0|  16|           1|          16|
    |res_I_V_fu_826_p3         |    select|   0|  0|  16|           1|          16|
    |select_ln277_fu_238_p3    |    select|   0|  0|   2|           1|           2|
    |x_l_I_V_31_fu_258_p3      |    select|   0|  0|  35|           1|          35|
    |x_l_I_V_32_fu_340_p3      |    select|   0|  0|  35|           1|          35|
    |x_l_I_V_33_fu_422_p3      |    select|   0|  0|  35|           1|          35|
    |x_l_I_V_34_fu_501_p3      |    select|   0|  0|  35|           1|          35|
    |x_l_I_V_35_fu_579_p3      |    select|   0|  0|  35|           1|          35|
    |x_l_I_V_36_fu_661_p3      |    select|   0|  0|  35|           1|          35|
    |x_l_I_V_37_fu_818_p3      |    select|   0|  0|  35|           1|          35|
    |x_l_I_V_38_fu_900_p3      |    select|   0|  0|  35|           1|          35|
    |x_l_I_V_39_fu_979_p3      |    select|   0|  0|  35|           1|          35|
    |x_l_I_V_40_fu_1057_p3     |    select|   0|  0|  35|           1|          35|
    |x_l_I_V_41_fu_1139_p3     |    select|   0|  0|  35|           1|          35|
    |x_l_I_V_42_fu_1218_p3     |    select|   0|  0|  35|           1|          35|
    |x_l_I_V_43_fu_1296_p3     |    select|   0|  0|  35|           1|          35|
    |x_l_I_V_44_fu_1375_p3     |    select|   0|  0|  35|           1|          35|
    |x_l_I_V_45_fu_1437_p3     |    select|   0|  0|  35|           1|          35|
    |x_l_I_V_fu_740_p3         |    select|   0|  0|  35|           1|          35|
    |xor_ln219_fu_232_p2       |       xor|   0|  0|   2|           1|           2|
    +--------------------------+----------+----+---+----+------------+------------+
    |Total                     |          |   0|  0|1322|         416|        1203|
    +--------------------------+----------+----+---+----+------------+------------+

    * Multiplexer: 
    N/A

    * Register: 
    +------------------------+----+----+-----+-----------+
    |          Name          | FF | LUT| Bits| Const Bits|
    +------------------------+----+----+-----+-----------+
    |icmp_ln443_11_reg_1566  |   1|   0|    1|          0|
    |icmp_ln443_13_reg_1589  |   1|   0|    1|          0|
    |icmp_ln443_2_reg_1497   |   1|   0|    1|          0|
    |icmp_ln443_5_reg_1520   |   1|   0|    1|          0|
    |icmp_ln443_8_reg_1543   |   1|   0|    1|          0|
    |res_I_V_34_reg_1491     |  16|   0|   16|          0|
    |res_I_V_37_reg_1514     |  16|   0|   16|          0|
    |res_I_V_39_reg_1537     |  16|   0|   16|          0|
    |res_I_V_42_reg_1560     |  16|   0|   16|          0|
    |res_I_V_44_reg_1583     |  16|   0|   16|          0|
    |sub_ln219_11_reg_1572   |  15|   0|   15|          0|
    |sub_ln219_13_reg_1595   |  17|   0|   17|          0|
    |sub_ln219_2_reg_1503    |   6|   0|    6|          0|
    |sub_ln219_5_reg_1526    |   9|   0|    9|          0|
    |sub_ln219_8_reg_1549    |  12|   0|   12|          0|
    |x_int_reg               |  31|   0|   31|          0|
    |x_l_I_V_33_reg_1485     |  35|   0|   35|          0|
    |x_l_I_V_36_reg_1508     |  35|   0|   35|          0|
    |x_l_I_V_38_reg_1531     |  35|   0|   35|          0|
    |x_l_I_V_41_reg_1554     |  35|   0|   35|          0|
    |x_l_I_V_43_reg_1577     |  35|   0|   35|          0|
    +------------------------+----+----+-----+-----------+
    |Total                   | 350|   0|  350|          0|
    +------------------------+----+----+-----+-----------+



================================================================
== Interface
================================================================
* Summary: 
+-----------+-----+-----+------------+--------------------+--------------+
| RTL Ports | Dir | Bits|  Protocol  |    Source Object   |    C Type    |
+-----------+-----+-----+------------+--------------------+--------------+
|ap_clk     |   in|    1|  ap_ctrl_hs|  sqrt_fixed<32, 32>|  return value|
|ap_rst     |   in|    1|  ap_ctrl_hs|  sqrt_fixed<32, 32>|  return value|
|ap_return  |  out|   16|  ap_ctrl_hs|  sqrt_fixed<32, 32>|  return value|
|x          |   in|   31|     ap_none|                   x|        scalar|
+-----------+-----+-----+------------+--------------------+--------------+

