

================================================================
== Vitis HLS Report for 'lab5_z1'
================================================================
* Date:           Tue Nov  7 22:33:34 2023

* Version:        2021.2 (Build 3367213 on Tue Oct 19 02:48:09 MDT 2021)
* Project:        lab5_z1
* Solution:       sol6 (Vivado IP Flow Target)
* Product family: artix7
* Target device:  xa7a12t-csg325-1Q


================================================================
== Performance Estimates
================================================================
+ Timing: 
    * Summary: 
    +------+----------+-----------+------------+
    | Clock|  Target  | Estimated | Uncertainty|
    +------+----------+-----------+------------+
    |clk   |  20.00 ns|  14.176 ns|     5.40 ns|
    +------+----------+-----------+------------+

+ Latency: 
    * Summary: 
    +---------+---------+----------+----------+-----+-----+---------+
    |  Latency (cycles) |  Latency (absolute) |  Interval | Pipeline|
    |   min   |   max   |    min   |    max   | min | max |   Type  |
    +---------+---------+----------+----------+-----+-----+---------+
    |      385|      385|  7.700 us|  7.700 us|  386|  386|       no|
    +---------+---------+----------+----------+-----+-----+---------+

    + Detail: 
        * Instance: 
        N/A

        * Loop: 
        +--------------+---------+---------+----------+-----------+-----------+------+----------+
        |              |  Latency (cycles) | Iteration|  Initiation Interval  | Trip |          |
        |   Loop Name  |   min   |   max   |  Latency |  achieved |   target  | Count| Pipelined|
        +--------------+---------+---------+----------+-----------+-----------+------+----------+
        |- foo_label0  |      384|      384|         3|          -|          -|   128|        no|
        +--------------+---------+---------+----------+-----------+-----------+------+----------+



================================================================
== Utilization Estimates
================================================================
* Summary: 
+-----------------+---------+----+-------+------+-----+
|       Name      | BRAM_18K| DSP|   FF  |  LUT | URAM|
+-----------------+---------+----+-------+------+-----+
|DSP              |        -|   -|      -|     -|    -|
|Expression       |        -|   -|      0|   433|    -|
|FIFO             |        -|   -|      -|     -|    -|
|Instance         |        -|   -|      -|     -|    -|
|Memory           |        -|   -|      -|     -|    -|
|Multiplexer      |        -|   -|      -|    30|    -|
|Register         |        -|   -|     40|     -|    -|
+-----------------+---------+----+-------+------+-----+
|Total            |        0|   0|     40|   463|    0|
+-----------------+---------+----+-------+------+-----+
|Available        |       40|  40|  16000|  8000|    0|
+-----------------+---------+----+-------+------+-----+
|Utilization (%)  |        0|   0|     ~0|     5|    0|
+-----------------+---------+----+-------+------+-----+

+ Detail: 
    * Instance: 
    N/A

    * DSP: 
    N/A

    * Memory: 
    N/A

    * FIFO: 
    N/A

    * Expression: 
    +-------------------------+----------+----+---+-----+------------+------------+
    |      Variable Name      | Operation| DSP| FF| LUT | Bitwidth P0| Bitwidth P1|
    +-------------------------+----------+----+---+-----+------------+------------+
    |add_ln11_1_fu_316_p2     |         +|   0|  0|   23|          16|          16|
    |add_ln11_2_fu_322_p2     |         +|   0|  0|   16|          16|          16|
    |add_ln11_fu_310_p2       |         +|   0|  0|   16|          16|          16|
    |add_ln6_fu_127_p2        |         +|   0|  0|   15|           8|           1|
    |sub_ln10_1_fu_244_p2     |         -|   0|  0|   14|           6|           6|
    |sub_ln10_2_fu_274_p2     |         -|   0|  0|   14|           5|           6|
    |sub_ln10_fu_232_p2       |         -|   0|  0|   14|           6|           6|
    |and_ln10_fu_300_p2       |       and|   0|  0|   32|          32|          32|
    |icmp_ln10_fu_208_p2      |      icmp|   0|  0|    9|           5|           5|
    |icmp_ln6_fu_121_p2       |      icmp|   0|  0|   11|           8|           9|
    |lshr_ln10_1_fu_294_p2    |      lshr|   0|  0|  100|           2|          32|
    |lshr_ln10_fu_288_p2      |      lshr|   0|  0|  100|          32|          32|
    |or_ln10_fu_202_p2        |        or|   0|  0|    5|           5|           4|
    |select_ln10_1_fu_258_p3  |    select|   0|  0|   32|           1|          32|
    |select_ln10_2_fu_266_p3  |    select|   0|  0|    6|           1|           6|
    |select_ln10_fu_250_p3    |    select|   0|  0|    6|           1|           6|
    |xor_ln10_1_fu_238_p2     |       xor|   0|  0|    6|           6|           5|
    |xor_ln10_fu_177_p2       |       xor|   0|  0|    5|           4|           5|
    |xor_ln8_fu_133_p2        |       xor|   0|  0|    9|           8|           9|
    +-------------------------+----------+----+---+-----+------------+------------+
    |Total                    |          |   0|  0|  433|         178|         244|
    +-------------------------+----------+----+---+-----+------------+------------+

    * Multiplexer: 
    +-----------+----+-----------+-----+-----------+
    |    Name   | LUT| Input Size| Bits| Total Bits|
    +-----------+----+-----------+-----+-----------+
    |ap_NS_fsm  |  21|          5|    1|          5|
    |i_fu_66    |   9|          2|    8|         16|
    +-----------+----+-----------+-----+-----------+
    |Total      |  30|          7|    9|         21|
    +-----------+----+-----------+-----+-----------+

    * Register: 
    +--------------------+----+----+-----+-----------+
    |        Name        | FF | LUT| Bits| Const Bits|
    +--------------------+----+----+-----+-----------+
    |add_ln11_2_reg_358  |  16|   0|   16|          0|
    |ap_CS_fsm           |   4|   0|    4|          0|
    |i_fu_66             |   8|   0|    8|          0|
    |trunc_ln_reg_353    |   4|   0|    4|          0|
    |zext_ln6_reg_335    |   8|   0|   64|         56|
    +--------------------+----+----+-----+-----------+
    |Total               |  40|   0|   96|         56|
    +--------------------+----+----+-----+-----------+



================================================================
== Interface
================================================================
* Summary: 
+-------------------+-----+-----+------------+--------------+--------------+
|     RTL Ports     | Dir | Bits|  Protocol  | Source Object|    C Type    |
+-------------------+-----+-----+------------+--------------+--------------+
|ap_local_block     |  out|    1|  ap_ctrl_hs|       lab5_z1|  return value|
|ap_local_deadlock  |  out|    1|  ap_ctrl_hs|       lab5_z1|  return value|
|ap_clk             |   in|    1|  ap_ctrl_hs|       lab5_z1|  return value|
|ap_rst             |   in|    1|  ap_ctrl_hs|       lab5_z1|  return value|
|ap_start           |   in|    1|  ap_ctrl_hs|       lab5_z1|  return value|
|ap_done            |  out|    1|  ap_ctrl_hs|       lab5_z1|  return value|
|ap_idle            |  out|    1|  ap_ctrl_hs|       lab5_z1|  return value|
|ap_ready           |  out|    1|  ap_ctrl_hs|       lab5_z1|  return value|
|d_in_address0      |  out|    8|   ap_memory|          d_in|         array|
|d_in_ce0           |  out|    1|   ap_memory|          d_in|         array|
|d_in_q0            |   in|   32|   ap_memory|          d_in|         array|
|d_in_address1      |  out|    8|   ap_memory|          d_in|         array|
|d_in_ce1           |  out|    1|   ap_memory|          d_in|         array|
|d_in_q1            |   in|   32|   ap_memory|          d_in|         array|
|d_out_address0     |  out|    7|   ap_memory|         d_out|         array|
|d_out_ce0          |  out|    1|   ap_memory|         d_out|         array|
|d_out_we0          |  out|    1|   ap_memory|         d_out|         array|
|d_out_d0           |  out|   16|   ap_memory|         d_out|         array|
+-------------------+-----+-----+------------+--------------+--------------+

============================================================
+ Verbose Summary: Synthesis Manager
============================================================
InlineROM: 1
ExposeGlobal: 0
============================================================
+ Verbose Summary: CDFG Model
============================================================
IsTopModel: 1
ResetActiveHigh: 1
IsCombinational: 2
IsDatapathOnly: 2
HasWiredReturn: 1
HasMFsm: 0
HasVarLatency: 1
IsPipeline: 0
IsRtlPipelined: 0
IsInstanceOverlapped: 0
IsDontTouch: 0
HasImplIP: 0
IsGatedGlobalClock: 0


============================================================
+ Verbose Summary: Schedule
============================================================
* Number of FSM states : 4
* Pipeline : 0
* Dataflow Pipeline: 0

* FSM state transitions: 
1 --> 2 
2 --> 3 
3 --> 4 
4 --> 2 

* FSM state operations: 

State 1 <SV = 0> <Delay = 1.61>
ST_1 : Operation 5 [1/1] (0.00ns)   --->   "%i = alloca i32 1"   --->   Operation 5 'alloca' 'i' <Predicate = true> <Delay = 0.00>
ST_1 : Operation 6 [1/1] (0.00ns)   --->   "%spectopmodule_ln0 = spectopmodule void @_ssdm_op_SpecTopModule, void @empty_1"   --->   Operation 6 'spectopmodule' 'spectopmodule_ln0' <Predicate = true> <Delay = 0.00>
ST_1 : Operation 7 [1/1] (0.00ns)   --->   "%specinterface_ln0 = specinterface void @_ssdm_op_SpecInterface, i32 %d_in, void @empty, i32 0, i32 0, void @empty_0, i32 4294967295, i32 0, void @empty_0, void @empty_0, void @empty_0, i32 0, i32 0, i32 0, i32 0, void @empty_0, void @empty_0"   --->   Operation 7 'specinterface' 'specinterface_ln0' <Predicate = true> <Delay = 0.00>
ST_1 : Operation 8 [1/1] (0.00ns)   --->   "%specbitsmap_ln0 = specbitsmap void @_ssdm_op_SpecBitsMap, i32 %d_in"   --->   Operation 8 'specbitsmap' 'specbitsmap_ln0' <Predicate = true> <Delay = 0.00>
ST_1 : Operation 9 [1/1] (0.00ns)   --->   "%specinterface_ln0 = specinterface void @_ssdm_op_SpecInterface, i16 %d_out, void @empty, i32 0, i32 0, void @empty_0, i32 4294967295, i32 0, void @empty_0, void @empty_0, void @empty_0, i32 0, i32 0, i32 0, i32 0, void @empty_0, void @empty_0"   --->   Operation 9 'specinterface' 'specinterface_ln0' <Predicate = true> <Delay = 0.00>
ST_1 : Operation 10 [1/1] (0.00ns)   --->   "%specbitsmap_ln0 = specbitsmap void @_ssdm_op_SpecBitsMap, i16 %d_out"   --->   Operation 10 'specbitsmap' 'specbitsmap_ln0' <Predicate = true> <Delay = 0.00>
ST_1 : Operation 11 [1/1] (1.61ns)   --->   "%store_ln6 = store i8 0, i8 %i" [./source/lab5_z1.cpp:6]   --->   Operation 11 'store' 'store_ln6' <Predicate = true> <Delay = 1.61>
ST_1 : Operation 12 [1/1] (0.00ns)   --->   "%br_ln6 = br void" [./source/lab5_z1.cpp:6]   --->   Operation 12 'br' 'br_ln6' <Predicate = true> <Delay = 0.00>

State 2 <SV = 1> <Delay = 4.23>
ST_2 : Operation 13 [1/1] (0.00ns)   --->   "%i_1 = load i8 %i" [./source/lab5_z1.cpp:6]   --->   Operation 13 'load' 'i_1' <Predicate = true> <Delay = 0.00>
ST_2 : Operation 14 [1/1] (0.00ns)   --->   "%zext_ln6 = zext i8 %i_1" [./source/lab5_z1.cpp:6]   --->   Operation 14 'zext' 'zext_ln6' <Predicate = true> <Delay = 0.00>
ST_2 : Operation 15 [1/1] (1.47ns)   --->   "%icmp_ln6 = icmp_eq  i8 %i_1, i8 128" [./source/lab5_z1.cpp:6]   --->   Operation 15 'icmp' 'icmp_ln6' <Predicate = true> <Delay = 1.47> <CoreInst = "Cmp">   --->   Core 9 'Cmp' <Latency = 0> <II = 1> <Delay = 1.58> <FuncUnit> <Opcode : 'icmp'> <InPorts = 2> <OutPorts = 1>
ST_2 : Operation 16 [1/1] (0.00ns)   --->   "%empty = speclooptripcount i32 @_ssdm_op_SpecLoopTripCount, i64 128, i64 128, i64 128"   --->   Operation 16 'speclooptripcount' 'empty' <Predicate = true> <Delay = 0.00>
ST_2 : Operation 17 [1/1] (2.11ns)   --->   "%add_ln6 = add i8 %i_1, i8 1" [./source/lab5_z1.cpp:6]   --->   Operation 17 'add' 'add_ln6' <Predicate = true> <Delay = 2.11> <CoreInst = "Adder">   --->   Core 1 'Adder' <Latency = 0> <II = 1> <Delay = 1.94> <FuncUnit> <Opcode : 'add' 'sub'> <InPorts = 2> <OutPorts = 1>
ST_2 : Operation 18 [1/1] (0.00ns)   --->   "%br_ln6 = br i1 %icmp_ln6, void %.split, void" [./source/lab5_z1.cpp:6]   --->   Operation 18 'br' 'br_ln6' <Predicate = true> <Delay = 0.00>
ST_2 : Operation 19 [1/1] (0.00ns)   --->   "%d_in_addr = getelementptr i32 %d_in, i64 0, i64 %zext_ln6" [./source/lab5_z1.cpp:7]   --->   Operation 19 'getelementptr' 'd_in_addr' <Predicate = (!icmp_ln6)> <Delay = 0.00>
ST_2 : Operation 20 [2/2] (3.25ns)   --->   "%d_in_load = load i8 %d_in_addr" [./source/lab5_z1.cpp:7]   --->   Operation 20 'load' 'd_in_load' <Predicate = (!icmp_ln6)> <Delay = 3.25> <CoreInst = "RAM">   --->   Core 82 'RAM' <Latency = 1> <II = 1> <Delay = 3.25> <Storage> <Opcode : 'load' 'store'> <Ports = 2> <Width = 32> <Depth = 256> <RAM>
ST_2 : Operation 21 [1/1] (0.97ns)   --->   "%xor_ln8 = xor i8 %i_1, i8 128" [./source/lab5_z1.cpp:8]   --->   Operation 21 'xor' 'xor_ln8' <Predicate = (!icmp_ln6)> <Delay = 0.97> <CoreInst = "LogicGate">   --->   Core 74 'LogicGate' <Latency = 0> <II = 1> <Delay = 0.98> <FuncUnit> <Opcode : 'and' 'or' 'xor'> <InPorts = 2> <OutPorts = 1>
ST_2 : Operation 22 [1/1] (0.00ns)   --->   "%zext_ln8 = zext i8 %xor_ln8" [./source/lab5_z1.cpp:8]   --->   Operation 22 'zext' 'zext_ln8' <Predicate = (!icmp_ln6)> <Delay = 0.00>
ST_2 : Operation 23 [1/1] (0.00ns)   --->   "%d_in_addr_1 = getelementptr i32 %d_in, i64 0, i64 %zext_ln8" [./source/lab5_z1.cpp:8]   --->   Operation 23 'getelementptr' 'd_in_addr_1' <Predicate = (!icmp_ln6)> <Delay = 0.00>
ST_2 : Operation 24 [2/2] (3.25ns)   --->   "%d_in_load_1 = load i8 %d_in_addr_1" [./source/lab5_z1.cpp:8]   --->   Operation 24 'load' 'd_in_load_1' <Predicate = (!icmp_ln6)> <Delay = 3.25> <CoreInst = "RAM">   --->   Core 82 'RAM' <Latency = 1> <II = 1> <Delay = 3.25> <Storage> <Opcode : 'load' 'store'> <Ports = 2> <Width = 32> <Depth = 256> <RAM>
ST_2 : Operation 25 [1/1] (0.00ns)   --->   "%trunc_ln = partselect i4 @_ssdm_op_PartSelect.i4.i8.i32.i32, i8 %i_1, i32 4, i32 7" [./source/lab5_z1.cpp:10]   --->   Operation 25 'partselect' 'trunc_ln' <Predicate = (!icmp_ln6)> <Delay = 0.00>
ST_2 : Operation 26 [1/1] (1.61ns)   --->   "%store_ln6 = store i8 %add_ln6, i8 %i" [./source/lab5_z1.cpp:6]   --->   Operation 26 'store' 'store_ln6' <Predicate = (!icmp_ln6)> <Delay = 1.61>
ST_2 : Operation 27 [1/1] (0.00ns)   --->   "%ret_ln13 = ret" [./source/lab5_z1.cpp:13]   --->   Operation 27 'ret' 'ret_ln13' <Predicate = (icmp_ln6)> <Delay = 0.00>

State 3 <SV = 2> <Delay = 14.1>
ST_3 : Operation 28 [1/2] (3.25ns)   --->   "%d_in_load = load i8 %d_in_addr" [./source/lab5_z1.cpp:7]   --->   Operation 28 'load' 'd_in_load' <Predicate = true> <Delay = 3.25> <CoreInst = "RAM">   --->   Core 82 'RAM' <Latency = 1> <II = 1> <Delay = 3.25> <Storage> <Opcode : 'load' 'store'> <Ports = 2> <Width = 32> <Depth = 256> <RAM>
ST_3 : Operation 29 [1/1] (0.00ns)   --->   "%trunc_ln7 = trunc i32 %d_in_load" [./source/lab5_z1.cpp:7]   --->   Operation 29 'trunc' 'trunc_ln7' <Predicate = true> <Delay = 0.00>
ST_3 : Operation 30 [1/2] (3.25ns)   --->   "%d_in_load_1 = load i8 %d_in_addr_1" [./source/lab5_z1.cpp:8]   --->   Operation 30 'load' 'd_in_load_1' <Predicate = true> <Delay = 3.25> <CoreInst = "RAM">   --->   Core 82 'RAM' <Latency = 1> <II = 1> <Delay = 3.25> <Storage> <Opcode : 'load' 'store'> <Ports = 2> <Width = 32> <Depth = 256> <RAM>
ST_3 : Operation 31 [1/1] (0.00ns)   --->   "%trunc_ln8 = trunc i32 %d_in_load_1" [./source/lab5_z1.cpp:8]   --->   Operation 31 'trunc' 'trunc_ln8' <Predicate = true> <Delay = 0.00>
ST_3 : Operation 32 [1/1] (0.00ns) (grouped into LUT with out node add_ln11_1)   --->   "%tmp_2 = partselect i16 @_ssdm_op_PartSelect.i16.i32.i32.i32, i32 %d_in_load, i32 16, i32 31" [./source/lab5_z1.cpp:9]   --->   Operation 32 'partselect' 'tmp_2' <Predicate = true> <Delay = 0.00>
ST_3 : Operation 33 [1/1] (0.97ns)   --->   "%xor_ln10 = xor i4 %trunc_ln, i4 8" [./source/lab5_z1.cpp:10]   --->   Operation 33 'xor' 'xor_ln10' <Predicate = true> <Delay = 0.97> <CoreInst = "LogicGate">   --->   Core 74 'LogicGate' <Latency = 0> <II = 1> <Delay = 0.98> <FuncUnit> <Opcode : 'and' 'or' 'xor'> <InPorts = 2> <OutPorts = 1>
ST_3 : Operation 34 [1/1] (0.00ns)   --->   "%sext_ln10 = sext i4 %xor_ln10" [./source/lab5_z1.cpp:10]   --->   Operation 34 'sext' 'sext_ln10' <Predicate = true> <Delay = 0.00>
ST_3 : Operation 35 [1/1] (0.00ns)   --->   "%tmp = bitselect i1 @_ssdm_op_BitSelect.i1.i4.i32, i4 %xor_ln10, i32 3" [./source/lab5_z1.cpp:10]   --->   Operation 35 'bitselect' 'tmp' <Predicate = true> <Delay = 0.00>
ST_3 : Operation 36 [1/1] (0.00ns)   --->   "%and_ln = bitconcatenate i5 @_ssdm_op_BitConcatenate.i5.i1.i4, i1 %tmp, i4 0" [./source/lab5_z1.cpp:10]   --->   Operation 36 'bitconcatenate' 'and_ln' <Predicate = true> <Delay = 0.00>
ST_3 : Operation 37 [1/1] (0.00ns)   --->   "%or_ln10 = or i5 %sext_ln10, i5 15" [./source/lab5_z1.cpp:10]   --->   Operation 37 'or' 'or_ln10' <Predicate = true> <Delay = 0.00>
ST_3 : Operation 38 [1/1] (1.44ns)   --->   "%icmp_ln10 = icmp_ugt  i5 %and_ln, i5 %or_ln10" [./source/lab5_z1.cpp:10]   --->   Operation 38 'icmp' 'icmp_ln10' <Predicate = true> <Delay = 1.44> <CoreInst = "Cmp">   --->   Core 9 'Cmp' <Latency = 0> <II = 1> <Delay = 1.58> <FuncUnit> <Opcode : 'icmp'> <InPorts = 2> <OutPorts = 1>
ST_3 : Operation 39 [1/1] (0.00ns)   --->   "%zext_ln10 = zext i5 %and_ln" [./source/lab5_z1.cpp:10]   --->   Operation 39 'zext' 'zext_ln10' <Predicate = true> <Delay = 0.00>
ST_3 : Operation 40 [1/1] (0.00ns)   --->   "%zext_ln10_1 = zext i5 %or_ln10" [./source/lab5_z1.cpp:10]   --->   Operation 40 'zext' 'zext_ln10_1' <Predicate = true> <Delay = 0.00>
ST_3 : Operation 41 [1/1] (0.00ns) (grouped into LUT with out node lshr_ln10)   --->   "%tmp_1 = partselect i32 @llvm.part.select.i32, i32 %d_in_load_1, i32 31, i32 0" [./source/lab5_z1.cpp:10]   --->   Operation 41 'partselect' 'tmp_1' <Predicate = true> <Delay = 0.00>
ST_3 : Operation 42 [1/1] (1.86ns)   --->   "%sub_ln10 = sub i6 %zext_ln10, i6 %zext_ln10_1" [./source/lab5_z1.cpp:10]   --->   Operation 42 'sub' 'sub_ln10' <Predicate = true> <Delay = 1.86> <CoreInst = "Adder">   --->   Core 1 'Adder' <Latency = 0> <II = 1> <Delay = 1.94> <FuncUnit> <Opcode : 'add' 'sub'> <InPorts = 2> <OutPorts = 1>
ST_3 : Operation 43 [1/1] (0.00ns) (grouped into LUT with out node lshr_ln10)   --->   "%xor_ln10_1 = xor i6 %zext_ln10, i6 31" [./source/lab5_z1.cpp:10]   --->   Operation 43 'xor' 'xor_ln10_1' <Predicate = true> <Delay = 0.00> <CoreInst = "LogicGate">   --->   Core 74 'LogicGate' <Latency = 0> <II = 1> <Delay = 0.98> <FuncUnit> <Opcode : 'and' 'or' 'xor'> <InPorts = 2> <OutPorts = 1>
ST_3 : Operation 44 [1/1] (1.86ns)   --->   "%sub_ln10_1 = sub i6 %zext_ln10_1, i6 %zext_ln10" [./source/lab5_z1.cpp:10]   --->   Operation 44 'sub' 'sub_ln10_1' <Predicate = true> <Delay = 1.86> <CoreInst = "Adder">   --->   Core 1 'Adder' <Latency = 0> <II = 1> <Delay = 1.94> <FuncUnit> <Opcode : 'add' 'sub'> <InPorts = 2> <OutPorts = 1>
ST_3 : Operation 45 [1/1] (0.00ns) (grouped into LUT with out node sub_ln10_2)   --->   "%select_ln10 = select i1 %icmp_ln10, i6 %sub_ln10, i6 %sub_ln10_1" [./source/lab5_z1.cpp:10]   --->   Operation 45 'select' 'select_ln10' <Predicate = true> <Delay = 0.00> <CoreInst = "Sel">   --->   Core 73 'Sel' <Latency = 0> <II = 1> <Delay = 0.66> <FuncUnit> <Opcode : 'select'> <InPorts = 3> <OutPorts = 1>
ST_3 : Operation 46 [1/1] (0.00ns) (grouped into LUT with out node lshr_ln10)   --->   "%select_ln10_1 = select i1 %icmp_ln10, i32 %tmp_1, i32 %d_in_load_1" [./source/lab5_z1.cpp:10]   --->   Operation 46 'select' 'select_ln10_1' <Predicate = true> <Delay = 0.00> <CoreInst = "Sel">   --->   Core 73 'Sel' <Latency = 0> <II = 1> <Delay = 0.66> <FuncUnit> <Opcode : 'select'> <InPorts = 3> <OutPorts = 1>
ST_3 : Operation 47 [1/1] (0.00ns) (grouped into LUT with out node lshr_ln10)   --->   "%select_ln10_2 = select i1 %icmp_ln10, i6 %xor_ln10_1, i6 %zext_ln10" [./source/lab5_z1.cpp:10]   --->   Operation 47 'select' 'select_ln10_2' <Predicate = true> <Delay = 0.00> <CoreInst = "Sel">   --->   Core 73 'Sel' <Latency = 0> <II = 1> <Delay = 0.66> <FuncUnit> <Opcode : 'select'> <InPorts = 3> <OutPorts = 1>
ST_3 : Operation 48 [1/1] (1.94ns) (out node of the LUT)   --->   "%sub_ln10_2 = sub i6 31, i6 %select_ln10" [./source/lab5_z1.cpp:10]   --->   Operation 48 'sub' 'sub_ln10_2' <Predicate = true> <Delay = 1.94> <CoreInst = "Adder">   --->   Core 1 'Adder' <Latency = 0> <II = 1> <Delay = 1.94> <FuncUnit> <Opcode : 'add' 'sub'> <InPorts = 2> <OutPorts = 1>
ST_3 : Operation 49 [1/1] (0.00ns) (grouped into LUT with out node lshr_ln10)   --->   "%zext_ln10_2 = zext i6 %select_ln10_2" [./source/lab5_z1.cpp:10]   --->   Operation 49 'zext' 'zext_ln10_2' <Predicate = true> <Delay = 0.00>
ST_3 : Operation 50 [1/1] (0.00ns) (grouped into LUT with out node add_ln11_1)   --->   "%zext_ln10_3 = zext i6 %sub_ln10_2" [./source/lab5_z1.cpp:10]   --->   Operation 50 'zext' 'zext_ln10_3' <Predicate = true> <Delay = 0.00>
ST_3 : Operation 51 [1/1] (4.08ns) (out node of the LUT)   --->   "%lshr_ln10 = lshr i32 %select_ln10_1, i32 %zext_ln10_2" [./source/lab5_z1.cpp:10]   --->   Operation 51 'lshr' 'lshr_ln10' <Predicate = true> <Delay = 4.08> <CoreInst = "Shifter">   --->   Core 75 'Shifter' <Latency = 0> <II = 1> <Delay = 4.08> <FuncUnit> <Opcode : 'shl' 'lshr' 'ashr'> <InPorts = 2> <OutPorts = 1>
ST_3 : Operation 52 [1/1] (0.00ns) (grouped into LUT with out node add_ln11_1)   --->   "%lshr_ln10_1 = lshr i32 4294967295, i32 %zext_ln10_3" [./source/lab5_z1.cpp:10]   --->   Operation 52 'lshr' 'lshr_ln10_1' <Predicate = true> <Delay = 0.00> <CoreInst = "Shifter">   --->   Core 75 'Shifter' <Latency = 0> <II = 1> <Delay = 4.08> <FuncUnit> <Opcode : 'shl' 'lshr' 'ashr'> <InPorts = 2> <OutPorts = 1>
ST_3 : Operation 53 [1/1] (0.00ns) (grouped into LUT with out node add_ln11_1)   --->   "%and_ln10 = and i32 %lshr_ln10, i32 %lshr_ln10_1" [./source/lab5_z1.cpp:10]   --->   Operation 53 'and' 'and_ln10' <Predicate = true> <Delay = 0.00> <CoreInst = "LogicGate">   --->   Core 74 'LogicGate' <Latency = 0> <II = 1> <Delay = 0.98> <FuncUnit> <Opcode : 'and' 'or' 'xor'> <InPorts = 2> <OutPorts = 1>
ST_3 : Operation 54 [1/1] (0.00ns) (grouped into LUT with out node add_ln11_1)   --->   "%trunc_ln10 = trunc i32 %and_ln10" [./source/lab5_z1.cpp:10]   --->   Operation 54 'trunc' 'trunc_ln10' <Predicate = true> <Delay = 0.00>
ST_3 : Operation 55 [1/1] (0.00ns) (grouped into TernaryAdder)   --->   "%add_ln11 = add i16 %trunc_ln8, i16 %trunc_ln7" [./source/lab5_z1.cpp:11]   --->   Operation 55 'add' 'add_ln11' <Predicate = true> <Delay = 0.00> <CoreInst = "TAddSub">   --->   Core 10 'TAddSub' <Latency = 0> <II = 1> <Delay = 2.01> <IPBlock> <Opcode : 'add' 'sub'> <InPorts = 3> <OutPorts = 1> <Sync> <CReg>
ST_3 : Operation 56 [1/1] (2.79ns) (out node of the LUT)   --->   "%add_ln11_1 = add i16 %tmp_2, i16 %trunc_ln10" [./source/lab5_z1.cpp:11]   --->   Operation 56 'add' 'add_ln11_1' <Predicate = true> <Delay = 2.79> <CoreInst = "Adder">   --->   Core 1 'Adder' <Latency = 0> <II = 1> <Delay = 1.94> <FuncUnit> <Opcode : 'add' 'sub'> <InPorts = 2> <OutPorts = 1>
ST_3 : Operation 57 [1/1] (4.03ns) (root node of TernaryAdder)   --->   "%add_ln11_2 = add i16 %add_ln11_1, i16 %add_ln11" [./source/lab5_z1.cpp:11]   --->   Operation 57 'add' 'add_ln11_2' <Predicate = true> <Delay = 4.03> <CoreInst = "TAddSub">   --->   Core 10 'TAddSub' <Latency = 0> <II = 1> <Delay = 2.01> <IPBlock> <Opcode : 'add' 'sub'> <InPorts = 3> <OutPorts = 1> <Sync> <CReg>

State 4 <SV = 3> <Delay = 3.25>
ST_4 : Operation 58 [1/1] (0.00ns)   --->   "%specloopname_ln4 = specloopname void @_ssdm_op_SpecLoopName, void @empty_2" [./source/lab5_z1.cpp:4]   --->   Operation 58 'specloopname' 'specloopname_ln4' <Predicate = true> <Delay = 0.00>
ST_4 : Operation 59 [1/1] (0.00ns)   --->   "%d_out_addr = getelementptr i16 %d_out, i64 0, i64 %zext_ln6" [./source/lab5_z1.cpp:11]   --->   Operation 59 'getelementptr' 'd_out_addr' <Predicate = true> <Delay = 0.00>
ST_4 : Operation 60 [1/1] (3.25ns)   --->   "%store_ln11 = store i16 %add_ln11_2, i7 %d_out_addr" [./source/lab5_z1.cpp:11]   --->   Operation 60 'store' 'store_ln11' <Predicate = true> <Delay = 3.25> <CoreInst = "RAM">   --->   Core 82 'RAM' <Latency = 1> <II = 1> <Delay = 3.25> <Storage> <Opcode : 'load' 'store'> <Ports = 2> <Width = 16> <Depth = 128> <RAM>
ST_4 : Operation 61 [1/1] (0.00ns)   --->   "%br_ln0 = br void"   --->   Operation 61 'br' 'br_ln0' <Predicate = true> <Delay = 0.00>


============================================================
+ Verbose Summary: Binding
============================================================
STG Binding: 
---------------- STG Properties BEGIN ----------------
- Is combinational: 0
- Is one-state seq: 0
- Is datapath-only: 0
- Is pipelined: 0
- Is top level: 1
Port [ Return ] is wired: 1; IO mode=ap_ctrl_hs:ce=0
Port [ d_in]:  wired=1; compound=1; hidden=0; nouse=0; global=0; static=0; extern=0; dir=0; type=1; pingpong=0; private_global=0; MemPort=[11]; IO mode=ap_memory:ce=0
Port [ d_out]:  wired=1; compound=1; hidden=0; nouse=0; global=0; static=0; extern=0; dir=1; type=1; pingpong=0; private_global=0; MemPort=[03]; IO mode=ap_memory:ce=0
---------------- STG Properties END ------------------

---------------- Datapath Model BEGIN ----------------

<LifeTime>
<method=bitvector/>
i                 (alloca           ) [ 01111]
spectopmodule_ln0 (spectopmodule    ) [ 00000]
specinterface_ln0 (specinterface    ) [ 00000]
specbitsmap_ln0   (specbitsmap      ) [ 00000]
specinterface_ln0 (specinterface    ) [ 00000]
specbitsmap_ln0   (specbitsmap      ) [ 00000]
store_ln6         (store            ) [ 00000]
br_ln6            (br               ) [ 00000]
i_1               (load             ) [ 00000]
zext_ln6          (zext             ) [ 00011]
icmp_ln6          (icmp             ) [ 00111]
empty             (speclooptripcount) [ 00000]
add_ln6           (add              ) [ 00000]
br_ln6            (br               ) [ 00000]
d_in_addr         (getelementptr    ) [ 00010]
xor_ln8           (xor              ) [ 00000]
zext_ln8          (zext             ) [ 00000]
d_in_addr_1       (getelementptr    ) [ 00010]
trunc_ln          (partselect       ) [ 00010]
store_ln6         (store            ) [ 00000]
ret_ln13          (ret              ) [ 00000]
d_in_load         (load             ) [ 00000]
trunc_ln7         (trunc            ) [ 00000]
d_in_load_1       (load             ) [ 00000]
trunc_ln8         (trunc            ) [ 00000]
tmp_2             (partselect       ) [ 00000]
xor_ln10          (xor              ) [ 00000]
sext_ln10         (sext             ) [ 00000]
tmp               (bitselect        ) [ 00000]
and_ln            (bitconcatenate   ) [ 00000]
or_ln10           (or               ) [ 00000]
icmp_ln10         (icmp             ) [ 00000]
zext_ln10         (zext             ) [ 00000]
zext_ln10_1       (zext             ) [ 00000]
tmp_1             (partselect       ) [ 00000]
sub_ln10          (sub              ) [ 00000]
xor_ln10_1        (xor              ) [ 00000]
sub_ln10_1        (sub              ) [ 00000]
select_ln10       (select           ) [ 00000]
select_ln10_1     (select           ) [ 00000]
select_ln10_2     (select           ) [ 00000]
sub_ln10_2        (sub              ) [ 00000]
zext_ln10_2       (zext             ) [ 00000]
zext_ln10_3       (zext             ) [ 00000]
lshr_ln10         (lshr             ) [ 00000]
lshr_ln10_1       (lshr             ) [ 00000]
and_ln10          (and              ) [ 00000]
trunc_ln10        (trunc            ) [ 00000]
add_ln11          (add              ) [ 00000]
add_ln11_1        (add              ) [ 00000]
add_ln11_2        (add              ) [ 00001]
specloopname_ln4  (specloopname     ) [ 00000]
d_out_addr        (getelementptr    ) [ 00000]
store_ln11        (store            ) [ 00000]
br_ln0            (br               ) [ 00000]
</LifeTime>

<model>

<comp_list>
<comp id="0" class="1000" name="d_in">
<pin_list>
<pin id="1" dir="1" index="0" bw="1" slack="0"/>
</pin_list>
<bind>
<StgValue><ssdm name="d_in"/><MemPortTyVec>1 1 </MemPortTyVec>
</StgValue>
</bind>
</comp>

<comp id="2" class="1000" name="d_out">
<pin_list>
<pin id="3" dir="1" index="0" bw="1" slack="0"/>
</pin_list>
<bind>
<StgValue><ssdm name="d_out"/><MemPortTyVec>0 3 </MemPortTyVec>
</StgValue>
</bind>
</comp>

<comp id="4" class="1001" name="const_4">
<pin_list>
<pin id="5" dir="1" index="0" bw="1" slack="0"/>
</pin_list>
<bind>
<StgValue><ssdm name=""/></StgValue>
</bind>
</comp>

<comp id="6" class="1001" name="const_6">
<pin_list>
<pin id="7" dir="1" index="0" bw="1" slack="2147483647"/>
</pin_list>
<bind>
<StgValue><ssdm name="_ssdm_op_SpecTopModule"/></StgValue>
</bind>
</comp>

<comp id="8" class="1001" name="const_8">
<pin_list>
<pin id="9" dir="1" index="0" bw="1" slack="2147483647"/>
</pin_list>
<bind>
<StgValue><ssdm name="empty_1"/></StgValue>
</bind>
</comp>

<comp id="10" class="1001" name="const_10">
<pin_list>
<pin id="11" dir="1" index="0" bw="1" slack="2147483647"/>
</pin_list>
<bind>
<StgValue><ssdm name="_ssdm_op_SpecInterface"/></StgValue>
</bind>
</comp>

<comp id="12" class="1001" name="const_12">
<pin_list>
<pin id="13" dir="1" index="0" bw="1" slack="2147483647"/>
</pin_list>
<bind>
<StgValue><ssdm name="empty"/></StgValue>
</bind>
</comp>

<comp id="14" class="1001" name="const_14">
<pin_list>
<pin id="15" dir="1" index="0" bw="1" slack="0"/>
</pin_list>
<bind>
<StgValue><ssdm name=""/></StgValue>
</bind>
</comp>

<comp id="16" class="1001" name="const_16">
<pin_list>
<pin id="17" dir="1" index="0" bw="1" slack="2147483647"/>
</pin_list>
<bind>
<StgValue><ssdm name="empty_0"/></StgValue>
</bind>
</comp>

<comp id="18" class="1001" name="const_18">
<pin_list>
<pin id="19" dir="1" index="0" bw="1" slack="0"/>
</pin_list>
<bind>
<StgValue><ssdm name=""/></StgValue>
</bind>
</comp>

<comp id="20" class="1001" name="const_20">
<pin_list>
<pin id="21" dir="1" index="0" bw="1" slack="2147483647"/>
</pin_list>
<bind>
<StgValue><ssdm name="_ssdm_op_SpecBitsMap"/></StgValue>
</bind>
</comp>

<comp id="22" class="1001" name="const_22">
<pin_list>
<pin id="23" dir="1" index="0" bw="1" slack="0"/>
</pin_list>
<bind>
<StgValue><ssdm name=""/></StgValue>
</bind>
</comp>

<comp id="24" class="1001" name="const_24">
<pin_list>
<pin id="25" dir="1" index="0" bw="1" slack="0"/>
</pin_list>
<bind>
<StgValue><ssdm name=""/></StgValue>
</bind>
</comp>

<comp id="26" class="1001" name="const_26">
<pin_list>
<pin id="27" dir="1" index="0" bw="1" slack="2147483647"/>
</pin_list>
<bind>
<StgValue><ssdm name="_ssdm_op_SpecLoopTripCount"/></StgValue>
</bind>
</comp>

<comp id="28" class="1001" name="const_28">
<pin_list>
<pin id="29" dir="1" index="0" bw="1" slack="2147483647"/>
</pin_list>
<bind>
<StgValue><ssdm name=""/></StgValue>
</bind>
</comp>

<comp id="30" class="1001" name="const_30">
<pin_list>
<pin id="31" dir="1" index="0" bw="1" slack="0"/>
</pin_list>
<bind>
<StgValue><ssdm name=""/></StgValue>
</bind>
</comp>

<comp id="32" class="1001" name="const_32">
<pin_list>
<pin id="33" dir="1" index="0" bw="1" slack="0"/>
</pin_list>
<bind>
<StgValue><ssdm name=""/></StgValue>
</bind>
</comp>

<comp id="34" class="1001" name="const_34">
<pin_list>
<pin id="35" dir="1" index="0" bw="1" slack="0"/>
</pin_list>
<bind>
<StgValue><ssdm name="_ssdm_op_PartSelect.i4.i8.i32.i32"/></StgValue>
</bind>
</comp>

<comp id="36" class="1001" name="const_36">
<pin_list>
<pin id="37" dir="1" index="0" bw="1" slack="0"/>
</pin_list>
<bind>
<StgValue><ssdm name=""/></StgValue>
</bind>
</comp>

<comp id="38" class="1001" name="const_38">
<pin_list>
<pin id="39" dir="1" index="0" bw="1" slack="0"/>
</pin_list>
<bind>
<StgValue><ssdm name=""/></StgValue>
</bind>
</comp>

<comp id="40" class="1001" name="const_40">
<pin_list>
<pin id="41" dir="1" index="0" bw="1" slack="0"/>
</pin_list>
<bind>
<StgValue><ssdm name="_ssdm_op_PartSelect.i16.i32.i32.i32"/></StgValue>
</bind>
</comp>

<comp id="42" class="1001" name="const_42">
<pin_list>
<pin id="43" dir="1" index="0" bw="1" slack="0"/>
</pin_list>
<bind>
<StgValue><ssdm name=""/></StgValue>
</bind>
</comp>

<comp id="44" class="1001" name="const_44">
<pin_list>
<pin id="45" dir="1" index="0" bw="1" slack="0"/>
</pin_list>
<bind>
<StgValue><ssdm name=""/></StgValue>
</bind>
</comp>

<comp id="46" class="1001" name="const_46">
<pin_list>
<pin id="47" dir="1" index="0" bw="1" slack="0"/>
</pin_list>
<bind>
<StgValue><ssdm name=""/></StgValue>
</bind>
</comp>

<comp id="48" class="1001" name="const_48">
<pin_list>
<pin id="49" dir="1" index="0" bw="1" slack="0"/>
</pin_list>
<bind>
<StgValue><ssdm name="_ssdm_op_BitSelect.i1.i4.i32"/></StgValue>
</bind>
</comp>

<comp id="50" class="1001" name="const_50">
<pin_list>
<pin id="51" dir="1" index="0" bw="1" slack="0"/>
</pin_list>
<bind>
<StgValue><ssdm name=""/></StgValue>
</bind>
</comp>

<comp id="52" class="1001" name="const_52">
<pin_list>
<pin id="53" dir="1" index="0" bw="1" slack="0"/>
</pin_list>
<bind>
<StgValue><ssdm name="_ssdm_op_BitConcatenate.i5.i1.i4"/></StgValue>
</bind>
</comp>

<comp id="54" class="1001" name="const_54">
<pin_list>
<pin id="55" dir="1" index="0" bw="1" slack="0"/>
</pin_list>
<bind>
<StgValue><ssdm name=""/></StgValue>
</bind>
</comp>

<comp id="56" class="1001" name="const_56">
<pin_list>
<pin id="57" dir="1" index="0" bw="1" slack="0"/>
</pin_list>
<bind>
<StgValue><ssdm name=""/></StgValue>
</bind>
</comp>

<comp id="58" class="1001" name="const_58">
<pin_list>
<pin id="59" dir="1" index="0" bw="1" slack="0"/>
</pin_list>
<bind>
<StgValue><ssdm name="llvm.part.select.i32"/></StgValue>
</bind>
</comp>

<comp id="60" class="1001" name="const_60">
<pin_list>
<pin id="61" dir="1" index="0" bw="1" slack="0"/>
</pin_list>
<bind>
<StgValue><ssdm name=""/></StgValue>
</bind>
</comp>

<comp id="62" class="1001" name="const_62">
<pin_list>
<pin id="63" dir="1" index="0" bw="1" slack="2147483647"/>
</pin_list>
<bind>
<StgValue><ssdm name="_ssdm_op_SpecLoopName"/></StgValue>
</bind>
</comp>

<comp id="64" class="1001" name="const_64">
<pin_list>
<pin id="65" dir="1" index="0" bw="1" slack="2147483647"/>
</pin_list>
<bind>
<StgValue><ssdm name="empty_2"/></StgValue>
</bind>
</comp>

<comp id="66" class="1004" name="i_fu_66">
<pin_list>
<pin id="67" dir="0" index="0" bw="1" slack="0"/>
<pin id="68" dir="1" index="1" bw="8" slack="0"/>
</pin_list>
<bind>
<opcode="alloca(26) " fcode="alloca"/>
<opset="i/1 "/>
</bind>
</comp>

<comp id="70" class="1004" name="d_in_addr_gep_fu_70">
<pin_list>
<pin id="71" dir="0" index="0" bw="32" slack="0"/>
<pin id="72" dir="0" index="1" bw="1" slack="0"/>
<pin id="73" dir="0" index="2" bw="8" slack="0"/>
<pin id="74" dir="1" index="3" bw="8" slack="0"/>
</pin_list>
<bind>
<opcode="getelementptr(29) " fcode="getelementptr"/>
<opset="d_in_addr/2 "/>
</bind>
</comp>

<comp id="77" class="1004" name="grp_access_fu_77">
<pin_list>
<pin id="78" dir="0" index="0" bw="8" slack="0"/>
<pin id="79" dir="0" index="1" bw="32" slack="2147483647"/>
<pin id="80" dir="0" index="2" bw="0" slack="0"/>
<pin id="82" dir="0" index="4" bw="8" slack="2147483647"/>
<pin id="83" dir="0" index="5" bw="32" slack="2147483647"/>
<pin id="84" dir="0" index="6" bw="0" slack="2147483647"/>
<pin id="81" dir="1" index="3" bw="32" slack="0"/>
<pin id="85" dir="1" index="7" bw="32" slack="0"/>
</pin_list>
<bind>
<opcode="load(27) " fcode="load"/>
<opset="d_in_load/2 d_in_load_1/2 "/>
</bind>
</comp>

<comp id="87" class="1004" name="d_in_addr_1_gep_fu_87">
<pin_list>
<pin id="88" dir="0" index="0" bw="32" slack="0"/>
<pin id="89" dir="0" index="1" bw="1" slack="0"/>
<pin id="90" dir="0" index="2" bw="8" slack="0"/>
<pin id="91" dir="1" index="3" bw="8" slack="0"/>
</pin_list>
<bind>
<opcode="getelementptr(29) " fcode="getelementptr"/>
<opset="d_in_addr_1/2 "/>
</bind>
</comp>

<comp id="95" class="1004" name="d_out_addr_gep_fu_95">
<pin_list>
<pin id="96" dir="0" index="0" bw="16" slack="0"/>
<pin id="97" dir="0" index="1" bw="1" slack="0"/>
<pin id="98" dir="0" index="2" bw="8" slack="2"/>
<pin id="99" dir="1" index="3" bw="7" slack="0"/>
</pin_list>
<bind>
<opcode="getelementptr(29) " fcode="getelementptr"/>
<opset="d_out_addr/4 "/>
</bind>
</comp>

<comp id="102" class="1004" name="store_ln11_access_fu_102">
<pin_list>
<pin id="103" dir="0" index="0" bw="7" slack="0"/>
<pin id="104" dir="0" index="1" bw="16" slack="1"/>
<pin id="105" dir="0" index="2" bw="0" slack="2147483647"/>
<pin id="106" dir="1" index="3" bw="16" slack="2147483647"/>
</pin_list>
<bind>
<opcode="store(28) " fcode="store"/>
<opset="store_ln11/4 "/>
</bind>
</comp>

<comp id="108" class="1004" name="store_ln6_store_fu_108">
<pin_list>
<pin id="109" dir="0" index="0" bw="1" slack="0"/>
<pin id="110" dir="0" index="1" bw="8" slack="0"/>
<pin id="111" dir="1" index="2" bw="0" slack="2147483647"/>
</pin_list>
<bind>
<opcode="store(28) " fcode="store"/>
<opset="store_ln6/1 "/>
</bind>
</comp>

<comp id="113" class="1004" name="i_1_load_fu_113">
<pin_list>
<pin id="114" dir="0" index="0" bw="8" slack="1"/>
<pin id="115" dir="1" index="1" bw="8" slack="0"/>
</pin_list>
<bind>
<opcode="load(27) " fcode="load"/>
<opset="i_1/2 "/>
</bind>
</comp>

<comp id="116" class="1004" name="zext_ln6_fu_116">
<pin_list>
<pin id="117" dir="0" index="0" bw="8" slack="0"/>
<pin id="118" dir="1" index="1" bw="64" slack="0"/>
</pin_list>
<bind>
<opcode="zext(34) " fcode="zext"/>
<opset="zext_ln6/2 "/>
</bind>
</comp>

<comp id="121" class="1004" name="icmp_ln6_fu_121">
<pin_list>
<pin id="122" dir="0" index="0" bw="8" slack="0"/>
<pin id="123" dir="0" index="1" bw="8" slack="0"/>
<pin id="124" dir="1" index="2" bw="1" slack="2147483647"/>
</pin_list>
<bind>
<opcode="icmp(45) " fcode="icmp"/>
<opset="icmp_ln6/2 "/>
</bind>
</comp>

<comp id="127" class="1004" name="add_ln6_fu_127">
<pin_list>
<pin id="128" dir="0" index="0" bw="8" slack="0"/>
<pin id="129" dir="0" index="1" bw="1" slack="0"/>
<pin id="130" dir="1" index="2" bw="8" slack="0"/>
</pin_list>
<bind>
<opcode="add(8) " fcode="add"/>
<opset="add_ln6/2 "/>
</bind>
</comp>

<comp id="133" class="1004" name="xor_ln8_fu_133">
<pin_list>
<pin id="134" dir="0" index="0" bw="8" slack="0"/>
<pin id="135" dir="0" index="1" bw="8" slack="0"/>
<pin id="136" dir="1" index="2" bw="8" slack="0"/>
</pin_list>
<bind>
<opcode="xor(25) " fcode="xor"/>
<opset="xor_ln8/2 "/>
</bind>
</comp>

<comp id="139" class="1004" name="zext_ln8_fu_139">
<pin_list>
<pin id="140" dir="0" index="0" bw="8" slack="0"/>
<pin id="141" dir="1" index="1" bw="64" slack="0"/>
</pin_list>
<bind>
<opcode="zext(34) " fcode="zext"/>
<opset="zext_ln8/2 "/>
</bind>
</comp>

<comp id="144" class="1004" name="trunc_ln_fu_144">
<pin_list>
<pin id="145" dir="0" index="0" bw="4" slack="0"/>
<pin id="146" dir="0" index="1" bw="8" slack="0"/>
<pin id="147" dir="0" index="2" bw="4" slack="0"/>
<pin id="148" dir="0" index="3" bw="4" slack="0"/>
<pin id="149" dir="1" index="4" bw="4" slack="1"/>
</pin_list>
<bind>
<opcode="partselect(1002) " fcode="partselect"/>
<opset="trunc_ln/2 "/>
</bind>
</comp>

<comp id="154" class="1004" name="store_ln6_store_fu_154">
<pin_list>
<pin id="155" dir="0" index="0" bw="8" slack="0"/>
<pin id="156" dir="0" index="1" bw="8" slack="1"/>
<pin id="157" dir="1" index="2" bw="0" slack="2147483647"/>
</pin_list>
<bind>
<opcode="store(28) " fcode="store"/>
<opset="store_ln6/2 "/>
</bind>
</comp>

<comp id="159" class="1004" name="trunc_ln7_fu_159">
<pin_list>
<pin id="160" dir="0" index="0" bw="32" slack="0"/>
<pin id="161" dir="1" index="1" bw="16" slack="0"/>
</pin_list>
<bind>
<opcode="trunc(33) " fcode="trunc"/>
<opset="trunc_ln7/3 "/>
</bind>
</comp>

<comp id="163" class="1004" name="trunc_ln8_fu_163">
<pin_list>
<pin id="164" dir="0" index="0" bw="32" slack="0"/>
<pin id="165" dir="1" index="1" bw="16" slack="0"/>
</pin_list>
<bind>
<opcode="trunc(33) " fcode="trunc"/>
<opset="trunc_ln8/3 "/>
</bind>
</comp>

<comp id="167" class="1004" name="tmp_2_fu_167">
<pin_list>
<pin id="168" dir="0" index="0" bw="16" slack="0"/>
<pin id="169" dir="0" index="1" bw="32" slack="0"/>
<pin id="170" dir="0" index="2" bw="6" slack="0"/>
<pin id="171" dir="0" index="3" bw="6" slack="0"/>
<pin id="172" dir="1" index="4" bw="16" slack="0"/>
</pin_list>
<bind>
<opcode="partselect(1002) " fcode="partselect"/>
<opset="tmp_2/3 "/>
</bind>
</comp>

<comp id="177" class="1004" name="xor_ln10_fu_177">
<pin_list>
<pin id="178" dir="0" index="0" bw="4" slack="1"/>
<pin id="179" dir="0" index="1" bw="4" slack="0"/>
<pin id="180" dir="1" index="2" bw="4" slack="0"/>
</pin_list>
<bind>
<opcode="xor(25) " fcode="xor"/>
<opset="xor_ln10/3 "/>
</bind>
</comp>

<comp id="182" class="1004" name="sext_ln10_fu_182">
<pin_list>
<pin id="183" dir="0" index="0" bw="4" slack="0"/>
<pin id="184" dir="1" index="1" bw="5" slack="0"/>
</pin_list>
<bind>
<opcode="sext(35) " fcode="sext"/>
<opset="sext_ln10/3 "/>
</bind>
</comp>

<comp id="186" class="1004" name="tmp_fu_186">
<pin_list>
<pin id="187" dir="0" index="0" bw="1" slack="0"/>
<pin id="188" dir="0" index="1" bw="4" slack="0"/>
<pin id="189" dir="0" index="2" bw="3" slack="0"/>
<pin id="190" dir="1" index="3" bw="1" slack="0"/>
</pin_list>
<bind>
<opcode="bitselect(1000) " fcode="bitselect"/>
<opset="tmp/3 "/>
</bind>
</comp>

<comp id="194" class="1004" name="and_ln_fu_194">
<pin_list>
<pin id="195" dir="0" index="0" bw="5" slack="0"/>
<pin id="196" dir="0" index="1" bw="1" slack="0"/>
<pin id="197" dir="0" index="2" bw="1" slack="0"/>
<pin id="198" dir="1" index="3" bw="5" slack="0"/>
</pin_list>
<bind>
<opcode="bitconcatenate(1004) " fcode="bitconcatenate"/>
<opset="and_ln/3 "/>
</bind>
</comp>

<comp id="202" class="1004" name="or_ln10_fu_202">
<pin_list>
<pin id="203" dir="0" index="0" bw="5" slack="0"/>
<pin id="204" dir="0" index="1" bw="5" slack="0"/>
<pin id="205" dir="1" index="2" bw="5" slack="0"/>
</pin_list>
<bind>
<opcode="or(24) " fcode="or"/>
<opset="or_ln10/3 "/>
</bind>
</comp>

<comp id="208" class="1004" name="icmp_ln10_fu_208">
<pin_list>
<pin id="209" dir="0" index="0" bw="5" slack="0"/>
<pin id="210" dir="0" index="1" bw="5" slack="0"/>
<pin id="211" dir="1" index="2" bw="1" slack="0"/>
</pin_list>
<bind>
<opcode="icmp(45) " fcode="icmp"/>
<opset="icmp_ln10/3 "/>
</bind>
</comp>

<comp id="214" class="1004" name="zext_ln10_fu_214">
<pin_list>
<pin id="215" dir="0" index="0" bw="5" slack="0"/>
<pin id="216" dir="1" index="1" bw="6" slack="0"/>
</pin_list>
<bind>
<opcode="zext(34) " fcode="zext"/>
<opset="zext_ln10/3 "/>
</bind>
</comp>

<comp id="218" class="1004" name="zext_ln10_1_fu_218">
<pin_list>
<pin id="219" dir="0" index="0" bw="5" slack="0"/>
<pin id="220" dir="1" index="1" bw="6" slack="0"/>
</pin_list>
<bind>
<opcode="zext(34) " fcode="zext"/>
<opset="zext_ln10_1/3 "/>
</bind>
</comp>

<comp id="222" class="1004" name="tmp_1_fu_222">
<pin_list>
<pin id="223" dir="0" index="0" bw="32" slack="0"/>
<pin id="224" dir="0" index="1" bw="32" slack="0"/>
<pin id="225" dir="0" index="2" bw="6" slack="0"/>
<pin id="226" dir="0" index="3" bw="1" slack="0"/>
<pin id="227" dir="1" index="4" bw="32" slack="0"/>
</pin_list>
<bind>
<opcode="partselect(1002) " fcode="partselect"/>
<opset="tmp_1/3 "/>
</bind>
</comp>

<comp id="232" class="1004" name="sub_ln10_fu_232">
<pin_list>
<pin id="233" dir="0" index="0" bw="5" slack="0"/>
<pin id="234" dir="0" index="1" bw="5" slack="0"/>
<pin id="235" dir="1" index="2" bw="6" slack="0"/>
</pin_list>
<bind>
<opcode="sub(10) " fcode="sub"/>
<opset="sub_ln10/3 "/>
</bind>
</comp>

<comp id="238" class="1004" name="xor_ln10_1_fu_238">
<pin_list>
<pin id="239" dir="0" index="0" bw="6" slack="0"/>
<pin id="240" dir="0" index="1" bw="6" slack="0"/>
<pin id="241" dir="1" index="2" bw="6" slack="0"/>
</pin_list>
<bind>
<opcode="xor(25) " fcode="xor"/>
<opset="xor_ln10_1/3 "/>
</bind>
</comp>

<comp id="244" class="1004" name="sub_ln10_1_fu_244">
<pin_list>
<pin id="245" dir="0" index="0" bw="5" slack="0"/>
<pin id="246" dir="0" index="1" bw="5" slack="0"/>
<pin id="247" dir="1" index="2" bw="6" slack="0"/>
</pin_list>
<bind>
<opcode="sub(10) " fcode="sub"/>
<opset="sub_ln10_1/3 "/>
</bind>
</comp>

<comp id="250" class="1004" name="select_ln10_fu_250">
<pin_list>
<pin id="251" dir="0" index="0" bw="1" slack="0"/>
<pin id="252" dir="0" index="1" bw="6" slack="0"/>
<pin id="253" dir="0" index="2" bw="6" slack="0"/>
<pin id="254" dir="1" index="3" bw="6" slack="0"/>
</pin_list>
<bind>
<opcode="select(49) " fcode="select"/>
<opset="select_ln10/3 "/>
</bind>
</comp>

<comp id="258" class="1004" name="select_ln10_1_fu_258">
<pin_list>
<pin id="259" dir="0" index="0" bw="1" slack="0"/>
<pin id="260" dir="0" index="1" bw="32" slack="0"/>
<pin id="261" dir="0" index="2" bw="32" slack="0"/>
<pin id="262" dir="1" index="3" bw="32" slack="0"/>
</pin_list>
<bind>
<opcode="select(49) " fcode="select"/>
<opset="select_ln10_1/3 "/>
</bind>
</comp>

<comp id="266" class="1004" name="select_ln10_2_fu_266">
<pin_list>
<pin id="267" dir="0" index="0" bw="1" slack="0"/>
<pin id="268" dir="0" index="1" bw="6" slack="0"/>
<pin id="269" dir="0" index="2" bw="6" slack="0"/>
<pin id="270" dir="1" index="3" bw="6" slack="0"/>
</pin_list>
<bind>
<opcode="select(49) " fcode="select"/>
<opset="select_ln10_2/3 "/>
</bind>
</comp>

<comp id="274" class="1004" name="sub_ln10_2_fu_274">
<pin_list>
<pin id="275" dir="0" index="0" bw="6" slack="0"/>
<pin id="276" dir="0" index="1" bw="6" slack="0"/>
<pin id="277" dir="1" index="2" bw="6" slack="0"/>
</pin_list>
<bind>
<opcode="sub(10) " fcode="sub"/>
<opset="sub_ln10_2/3 "/>
</bind>
</comp>

<comp id="280" class="1004" name="zext_ln10_2_fu_280">
<pin_list>
<pin id="281" dir="0" index="0" bw="6" slack="0"/>
<pin id="282" dir="1" index="1" bw="32" slack="0"/>
</pin_list>
<bind>
<opcode="zext(34) " fcode="zext"/>
<opset="zext_ln10_2/3 "/>
</bind>
</comp>

<comp id="284" class="1004" name="zext_ln10_3_fu_284">
<pin_list>
<pin id="285" dir="0" index="0" bw="6" slack="0"/>
<pin id="286" dir="1" index="1" bw="32" slack="0"/>
</pin_list>
<bind>
<opcode="zext(34) " fcode="zext"/>
<opset="zext_ln10_3/3 "/>
</bind>
</comp>

<comp id="288" class="1004" name="lshr_ln10_fu_288">
<pin_list>
<pin id="289" dir="0" index="0" bw="32" slack="0"/>
<pin id="290" dir="0" index="1" bw="6" slack="0"/>
<pin id="291" dir="1" index="2" bw="32" slack="0"/>
</pin_list>
<bind>
<opcode="lshr(21) " fcode="lshr"/>
<opset="lshr_ln10/3 "/>
</bind>
</comp>

<comp id="294" class="1004" name="lshr_ln10_1_fu_294">
<pin_list>
<pin id="295" dir="0" index="0" bw="1" slack="0"/>
<pin id="296" dir="0" index="1" bw="6" slack="0"/>
<pin id="297" dir="1" index="2" bw="32" slack="0"/>
</pin_list>
<bind>
<opcode="lshr(21) " fcode="lshr"/>
<opset="lshr_ln10_1/3 "/>
</bind>
</comp>

<comp id="300" class="1004" name="and_ln10_fu_300">
<pin_list>
<pin id="301" dir="0" index="0" bw="32" slack="0"/>
<pin id="302" dir="0" index="1" bw="32" slack="0"/>
<pin id="303" dir="1" index="2" bw="32" slack="0"/>
</pin_list>
<bind>
<opcode="and(23) " fcode="and"/>
<opset="and_ln10/3 "/>
</bind>
</comp>

<comp id="306" class="1004" name="trunc_ln10_fu_306">
<pin_list>
<pin id="307" dir="0" index="0" bw="32" slack="0"/>
<pin id="308" dir="1" index="1" bw="16" slack="0"/>
</pin_list>
<bind>
<opcode="trunc(33) " fcode="trunc"/>
<opset="trunc_ln10/3 "/>
</bind>
</comp>

<comp id="310" class="1004" name="add_ln11_fu_310">
<pin_list>
<pin id="311" dir="0" index="0" bw="16" slack="0"/>
<pin id="312" dir="0" index="1" bw="16" slack="0"/>
<pin id="313" dir="1" index="2" bw="16" slack="0"/>
</pin_list>
<bind>
<opcode="add(8) " fcode="add"/>
<opset="add_ln11/3 "/>
</bind>
</comp>

<comp id="316" class="1004" name="add_ln11_1_fu_316">
<pin_list>
<pin id="317" dir="0" index="0" bw="16" slack="0"/>
<pin id="318" dir="0" index="1" bw="16" slack="0"/>
<pin id="319" dir="1" index="2" bw="16" slack="0"/>
</pin_list>
<bind>
<opcode="add(8) " fcode="add"/>
<opset="add_ln11_1/3 "/>
</bind>
</comp>

<comp id="322" class="1004" name="add_ln11_2_fu_322">
<pin_list>
<pin id="323" dir="0" index="0" bw="16" slack="0"/>
<pin id="324" dir="0" index="1" bw="16" slack="0"/>
<pin id="325" dir="1" index="2" bw="16" slack="1"/>
</pin_list>
<bind>
<opcode="add(8) " fcode="add"/>
<opset="add_ln11_2/3 "/>
</bind>
</comp>

<comp id="328" class="1005" name="i_reg_328">
<pin_list>
<pin id="329" dir="0" index="0" bw="8" slack="0"/>
<pin id="330" dir="1" index="1" bw="8" slack="0"/>
</pin_list>
<bind>
<opset="i "/>
</bind>
</comp>

<comp id="335" class="1005" name="zext_ln6_reg_335">
<pin_list>
<pin id="336" dir="0" index="0" bw="64" slack="2"/>
<pin id="337" dir="1" index="1" bw="64" slack="2"/>
</pin_list>
<bind>
<opset="zext_ln6 "/>
</bind>
</comp>

<comp id="343" class="1005" name="d_in_addr_reg_343">
<pin_list>
<pin id="344" dir="0" index="0" bw="8" slack="1"/>
<pin id="345" dir="1" index="1" bw="8" slack="1"/>
</pin_list>
<bind>
<opset="d_in_addr "/>
</bind>
</comp>

<comp id="348" class="1005" name="d_in_addr_1_reg_348">
<pin_list>
<pin id="349" dir="0" index="0" bw="8" slack="1"/>
<pin id="350" dir="1" index="1" bw="8" slack="1"/>
</pin_list>
<bind>
<opset="d_in_addr_1 "/>
</bind>
</comp>

<comp id="353" class="1005" name="trunc_ln_reg_353">
<pin_list>
<pin id="354" dir="0" index="0" bw="4" slack="1"/>
<pin id="355" dir="1" index="1" bw="4" slack="1"/>
</pin_list>
<bind>
<opset="trunc_ln "/>
</bind>
</comp>

<comp id="358" class="1005" name="add_ln11_2_reg_358">
<pin_list>
<pin id="359" dir="0" index="0" bw="16" slack="1"/>
<pin id="360" dir="1" index="1" bw="16" slack="1"/>
</pin_list>
<bind>
<opset="add_ln11_2 "/>
</bind>
</comp>

</comp_list>

<net_list>
<net id="69"><net_src comp="4" pin="0"/><net_sink comp="66" pin=0"/></net>

<net id="75"><net_src comp="0" pin="0"/><net_sink comp="70" pin=0"/></net>

<net id="76"><net_src comp="32" pin="0"/><net_sink comp="70" pin=1"/></net>

<net id="86"><net_src comp="70" pin="3"/><net_sink comp="77" pin=2"/></net>

<net id="92"><net_src comp="0" pin="0"/><net_sink comp="87" pin=0"/></net>

<net id="93"><net_src comp="32" pin="0"/><net_sink comp="87" pin=1"/></net>

<net id="94"><net_src comp="87" pin="3"/><net_sink comp="77" pin=0"/></net>

<net id="100"><net_src comp="2" pin="0"/><net_sink comp="95" pin=0"/></net>

<net id="101"><net_src comp="32" pin="0"/><net_sink comp="95" pin=1"/></net>

<net id="107"><net_src comp="95" pin="3"/><net_sink comp="102" pin=0"/></net>

<net id="112"><net_src comp="22" pin="0"/><net_sink comp="108" pin=0"/></net>

<net id="119"><net_src comp="113" pin="1"/><net_sink comp="116" pin=0"/></net>

<net id="120"><net_src comp="116" pin="1"/><net_sink comp="70" pin=2"/></net>

<net id="125"><net_src comp="113" pin="1"/><net_sink comp="121" pin=0"/></net>

<net id="126"><net_src comp="24" pin="0"/><net_sink comp="121" pin=1"/></net>

<net id="131"><net_src comp="113" pin="1"/><net_sink comp="127" pin=0"/></net>

<net id="132"><net_src comp="30" pin="0"/><net_sink comp="127" pin=1"/></net>

<net id="137"><net_src comp="113" pin="1"/><net_sink comp="133" pin=0"/></net>

<net id="138"><net_src comp="24" pin="0"/><net_sink comp="133" pin=1"/></net>

<net id="142"><net_src comp="133" pin="2"/><net_sink comp="139" pin=0"/></net>

<net id="143"><net_src comp="139" pin="1"/><net_sink comp="87" pin=2"/></net>

<net id="150"><net_src comp="34" pin="0"/><net_sink comp="144" pin=0"/></net>

<net id="151"><net_src comp="113" pin="1"/><net_sink comp="144" pin=1"/></net>

<net id="152"><net_src comp="36" pin="0"/><net_sink comp="144" pin=2"/></net>

<net id="153"><net_src comp="38" pin="0"/><net_sink comp="144" pin=3"/></net>

<net id="158"><net_src comp="127" pin="2"/><net_sink comp="154" pin=0"/></net>

<net id="162"><net_src comp="77" pin="7"/><net_sink comp="159" pin=0"/></net>

<net id="166"><net_src comp="77" pin="3"/><net_sink comp="163" pin=0"/></net>

<net id="173"><net_src comp="40" pin="0"/><net_sink comp="167" pin=0"/></net>

<net id="174"><net_src comp="77" pin="7"/><net_sink comp="167" pin=1"/></net>

<net id="175"><net_src comp="42" pin="0"/><net_sink comp="167" pin=2"/></net>

<net id="176"><net_src comp="44" pin="0"/><net_sink comp="167" pin=3"/></net>

<net id="181"><net_src comp="46" pin="0"/><net_sink comp="177" pin=1"/></net>

<net id="185"><net_src comp="177" pin="2"/><net_sink comp="182" pin=0"/></net>

<net id="191"><net_src comp="48" pin="0"/><net_sink comp="186" pin=0"/></net>

<net id="192"><net_src comp="177" pin="2"/><net_sink comp="186" pin=1"/></net>

<net id="193"><net_src comp="50" pin="0"/><net_sink comp="186" pin=2"/></net>

<net id="199"><net_src comp="52" pin="0"/><net_sink comp="194" pin=0"/></net>

<net id="200"><net_src comp="186" pin="3"/><net_sink comp="194" pin=1"/></net>

<net id="201"><net_src comp="54" pin="0"/><net_sink comp="194" pin=2"/></net>

<net id="206"><net_src comp="182" pin="1"/><net_sink comp="202" pin=0"/></net>

<net id="207"><net_src comp="56" pin="0"/><net_sink comp="202" pin=1"/></net>

<net id="212"><net_src comp="194" pin="3"/><net_sink comp="208" pin=0"/></net>

<net id="213"><net_src comp="202" pin="2"/><net_sink comp="208" pin=1"/></net>

<net id="217"><net_src comp="194" pin="3"/><net_sink comp="214" pin=0"/></net>

<net id="221"><net_src comp="202" pin="2"/><net_sink comp="218" pin=0"/></net>

<net id="228"><net_src comp="58" pin="0"/><net_sink comp="222" pin=0"/></net>

<net id="229"><net_src comp="77" pin="3"/><net_sink comp="222" pin=1"/></net>

<net id="230"><net_src comp="44" pin="0"/><net_sink comp="222" pin=2"/></net>

<net id="231"><net_src comp="14" pin="0"/><net_sink comp="222" pin=3"/></net>

<net id="236"><net_src comp="214" pin="1"/><net_sink comp="232" pin=0"/></net>

<net id="237"><net_src comp="218" pin="1"/><net_sink comp="232" pin=1"/></net>

<net id="242"><net_src comp="214" pin="1"/><net_sink comp="238" pin=0"/></net>

<net id="243"><net_src comp="60" pin="0"/><net_sink comp="238" pin=1"/></net>

<net id="248"><net_src comp="218" pin="1"/><net_sink comp="244" pin=0"/></net>

<net id="249"><net_src comp="214" pin="1"/><net_sink comp="244" pin=1"/></net>

<net id="255"><net_src comp="208" pin="2"/><net_sink comp="250" pin=0"/></net>

<net id="256"><net_src comp="232" pin="2"/><net_sink comp="250" pin=1"/></net>

<net id="257"><net_src comp="244" pin="2"/><net_sink comp="250" pin=2"/></net>

<net id="263"><net_src comp="208" pin="2"/><net_sink comp="258" pin=0"/></net>

<net id="264"><net_src comp="222" pin="4"/><net_sink comp="258" pin=1"/></net>

<net id="265"><net_src comp="77" pin="3"/><net_sink comp="258" pin=2"/></net>

<net id="271"><net_src comp="208" pin="2"/><net_sink comp="266" pin=0"/></net>

<net id="272"><net_src comp="238" pin="2"/><net_sink comp="266" pin=1"/></net>

<net id="273"><net_src comp="214" pin="1"/><net_sink comp="266" pin=2"/></net>

<net id="278"><net_src comp="60" pin="0"/><net_sink comp="274" pin=0"/></net>

<net id="279"><net_src comp="250" pin="3"/><net_sink comp="274" pin=1"/></net>

<net id="283"><net_src comp="266" pin="3"/><net_sink comp="280" pin=0"/></net>

<net id="287"><net_src comp="274" pin="2"/><net_sink comp="284" pin=0"/></net>

<net id="292"><net_src comp="258" pin="3"/><net_sink comp="288" pin=0"/></net>

<net id="293"><net_src comp="280" pin="1"/><net_sink comp="288" pin=1"/></net>

<net id="298"><net_src comp="18" pin="0"/><net_sink comp="294" pin=0"/></net>

<net id="299"><net_src comp="284" pin="1"/><net_sink comp="294" pin=1"/></net>

<net id="304"><net_src comp="288" pin="2"/><net_sink comp="300" pin=0"/></net>

<net id="305"><net_src comp="294" pin="2"/><net_sink comp="300" pin=1"/></net>

<net id="309"><net_src comp="300" pin="2"/><net_sink comp="306" pin=0"/></net>

<net id="314"><net_src comp="163" pin="1"/><net_sink comp="310" pin=0"/></net>

<net id="315"><net_src comp="159" pin="1"/><net_sink comp="310" pin=1"/></net>

<net id="320"><net_src comp="167" pin="4"/><net_sink comp="316" pin=0"/></net>

<net id="321"><net_src comp="306" pin="1"/><net_sink comp="316" pin=1"/></net>

<net id="326"><net_src comp="316" pin="2"/><net_sink comp="322" pin=0"/></net>

<net id="327"><net_src comp="310" pin="2"/><net_sink comp="322" pin=1"/></net>

<net id="331"><net_src comp="66" pin="1"/><net_sink comp="328" pin=0"/></net>

<net id="332"><net_src comp="328" pin="1"/><net_sink comp="108" pin=1"/></net>

<net id="333"><net_src comp="328" pin="1"/><net_sink comp="113" pin=0"/></net>

<net id="334"><net_src comp="328" pin="1"/><net_sink comp="154" pin=1"/></net>

<net id="338"><net_src comp="116" pin="1"/><net_sink comp="335" pin=0"/></net>

<net id="339"><net_src comp="335" pin="1"/><net_sink comp="95" pin=2"/></net>

<net id="346"><net_src comp="70" pin="3"/><net_sink comp="343" pin=0"/></net>

<net id="347"><net_src comp="343" pin="1"/><net_sink comp="77" pin=2"/></net>

<net id="351"><net_src comp="87" pin="3"/><net_sink comp="348" pin=0"/></net>

<net id="352"><net_src comp="348" pin="1"/><net_sink comp="77" pin=0"/></net>

<net id="356"><net_src comp="144" pin="4"/><net_sink comp="353" pin=0"/></net>

<net id="357"><net_src comp="353" pin="1"/><net_sink comp="177" pin=0"/></net>

<net id="361"><net_src comp="322" pin="2"/><net_sink comp="358" pin=0"/></net>

<net id="362"><net_src comp="358" pin="1"/><net_sink comp="102" pin=1"/></net>

</net_list>

</model> 
---------------- Datapath Model END ------------------

* FSMD analyzer results:
  - Output states:
	Port: d_out | {4 }
 - Input state : 
	Port: lab5_z1 : d_in | {2 3 }
  - Chain level:
	State 1
		store_ln6 : 1
	State 2
		zext_ln6 : 1
		icmp_ln6 : 1
		add_ln6 : 1
		br_ln6 : 2
		d_in_addr : 2
		d_in_load : 3
		xor_ln8 : 1
		zext_ln8 : 1
		d_in_addr_1 : 2
		d_in_load_1 : 3
		trunc_ln : 1
		store_ln6 : 2
	State 3
		trunc_ln7 : 1
		trunc_ln8 : 1
		tmp_2 : 1
		and_ln : 1
		or_ln10 : 1
		icmp_ln10 : 2
		zext_ln10 : 2
		zext_ln10_1 : 1
		tmp_1 : 1
		sub_ln10 : 3
		xor_ln10_1 : 3
		sub_ln10_1 : 3
		select_ln10 : 4
		select_ln10_1 : 3
		select_ln10_2 : 3
		sub_ln10_2 : 5
		zext_ln10_2 : 4
		zext_ln10_3 : 6
		lshr_ln10 : 5
		lshr_ln10_1 : 7
		and_ln10 : 8
		trunc_ln10 : 8
		add_ln11 : 2
		add_ln11_1 : 9
		add_ln11_2 : 10
	State 4
		store_ln11 : 1


============================================================
+ Verbose Summary: Datapath Resource usage 
============================================================

* Functional unit list:
|----------|----------------------|---------|---------|
| Operation|    Functional Unit   |    FF   |   LUT   |
|----------|----------------------|---------|---------|
|   lshr   |   lshr_ln10_fu_288   |    0    |   100   |
|          |  lshr_ln10_1_fu_294  |    0    |    13   |
|----------|----------------------|---------|---------|
|          |    add_ln6_fu_127    |    0    |    15   |
|    add   |    add_ln11_fu_310   |    0    |    16   |
|          |   add_ln11_1_fu_316  |    0    |    23   |
|          |   add_ln11_2_fu_322  |    0    |    16   |
|----------|----------------------|---------|---------|
|          |  select_ln10_fu_250  |    0    |    6    |
|  select  | select_ln10_1_fu_258 |    0    |    32   |
|          | select_ln10_2_fu_266 |    0    |    6    |
|----------|----------------------|---------|---------|
|          |    sub_ln10_fu_232   |    0    |    13   |
|    sub   |   sub_ln10_1_fu_244  |    0    |    13   |
|          |   sub_ln10_2_fu_274  |    0    |    14   |
|----------|----------------------|---------|---------|
|    and   |    and_ln10_fu_300   |    0    |    32   |
|----------|----------------------|---------|---------|
|   icmp   |    icmp_ln6_fu_121   |    0    |    11   |
|          |   icmp_ln10_fu_208   |    0    |    9    |
|----------|----------------------|---------|---------|
|          |    xor_ln8_fu_133    |    0    |    8    |
|    xor   |    xor_ln10_fu_177   |    0    |    4    |
|          |   xor_ln10_1_fu_238  |    0    |    6    |
|----------|----------------------|---------|---------|
|          |    zext_ln6_fu_116   |    0    |    0    |
|          |    zext_ln8_fu_139   |    0    |    0    |
|   zext   |   zext_ln10_fu_214   |    0    |    0    |
|          |  zext_ln10_1_fu_218  |    0    |    0    |
|          |  zext_ln10_2_fu_280  |    0    |    0    |
|          |  zext_ln10_3_fu_284  |    0    |    0    |
|----------|----------------------|---------|---------|
|          |    trunc_ln_fu_144   |    0    |    0    |
|partselect|     tmp_2_fu_167     |    0    |    0    |
|          |     tmp_1_fu_222     |    0    |    0    |
|----------|----------------------|---------|---------|
|          |   trunc_ln7_fu_159   |    0    |    0    |
|   trunc  |   trunc_ln8_fu_163   |    0    |    0    |
|          |   trunc_ln10_fu_306  |    0    |    0    |
|----------|----------------------|---------|---------|
|   sext   |   sext_ln10_fu_182   |    0    |    0    |
|----------|----------------------|---------|---------|
| bitselect|      tmp_fu_186      |    0    |    0    |
|----------|----------------------|---------|---------|
|bitconcatenate|     and_ln_fu_194    |    0    |    0    |
|----------|----------------------|---------|---------|
|    or    |    or_ln10_fu_202    |    0    |    0    |
|----------|----------------------|---------|---------|
|   Total  |                      |    0    |   337   |
|----------|----------------------|---------|---------|

Memories:
N/A

* Register list:
+-------------------+--------+
|                   |   FF   |
+-------------------+--------+
| add_ln11_2_reg_358|   16   |
|d_in_addr_1_reg_348|    8   |
| d_in_addr_reg_343 |    8   |
|     i_reg_328     |    8   |
|  trunc_ln_reg_353 |    4   |
|  zext_ln6_reg_335 |   64   |
+-------------------+--------+
|       Total       |   108  |
+-------------------+--------+

* Multiplexer (MUX) list: 
|------------------|------|------|------|--------||---------||---------|
|       Comp       |  Pin | Size |  BW  | S x BW ||  Delay  ||   LUT   |
|------------------|------|------|------|--------||---------||---------|
| grp_access_fu_77 |  p0  |   2  |   8  |   16   ||    9    |
| grp_access_fu_77 |  p2  |   2  |   0  |    0   ||    9    |
|------------------|------|------|------|--------||---------||---------|
|       Total      |      |      |      |   16   ||   3.22  ||    18   |
|------------------|------|------|------|--------||---------||---------|



* Summary:
+-----------+--------+--------+--------+
|           |  Delay |   FF   |   LUT  |
+-----------+--------+--------+--------+
|  Function |    -   |    0   |   337  |
|   Memory  |    -   |    -   |    -   |
|Multiplexer|    3   |    -   |   18   |
|  Register |    -   |   108  |    -   |
+-----------+--------+--------+--------+
|   Total   |    3   |   108  |   355  |
+-----------+--------+--------+--------+
