#-----------------------------------------------------------
# Vivado v2021.2 (64-bit)
# SW Build 3367213 on Tue Oct 19 02:48:09 MDT 2021
# IP Build 3369179 on Thu Oct 21 08:25:16 MDT 2021
# Start of session at: Sun Feb 18 17:58:13 2024
# Process ID: 20432
# Current directory: G:/Xilinx_lab/KP_502_7_v2/kp_502_7/sol2/.autopilot/db/ip_tmp
# Command line: vivado.exe -notrace -log vivado.log -mode batch -source run_vivado_gen_ip.tcl
# Log file: G:/Xilinx_lab/KP_502_7_v2/kp_502_7/sol2/.autopilot/db/ip_tmp/vivado.log
# Journal file: G:/Xilinx_lab/KP_502_7_v2/kp_502_7/sol2/.autopilot/db/ip_tmp\vivado.jou
# Running On: DESKTOP-MGF3PMH, OS: Windows, CPU Frequency: 3800 MHz, CPU Physical cores: 12, Host memory: 17128 MB
#-----------------------------------------------------------
source run_vivado_gen_ip.tcl -notrace
INFO: [IP_Flow 19-234] Refreshing IP repositories
INFO: [IP_Flow 19-1704] No user IP repositories specified
INFO: [IP_Flow 19-2313] Loaded Vivado IP repository 'G:/Xilinx/Vivado/2021.2/data/ip'.
WARNING: [IP_Flow 19-4832] The IP name 'kp_502_7_ddiv_64ns_64ns_64_31_no_dsp_1_ip' you have specified is long. The Windows operating system has path length limitations. It is recommended you use shorter names to reduce the likelihood of issues.
INFO: [IP_Flow 19-1686] Generating 'Synthesis' target for IP 'kp_502_7_ddiv_64ns_64ns_64_31_no_dsp_1_ip'...
INFO: [IP_Flow 19-1686] Generating 'Simulation' target for IP 'kp_502_7_ddiv_64ns_64ns_64_31_no_dsp_1_ip'...
WARNING: [IP_Flow 19-4832] The IP name 'kp_502_7_dmul_64ns_64ns_64_5_max_dsp_1_ip' you have specified is long. The Windows operating system has path length limitations. It is recommended you use shorter names to reduce the likelihood of issues.
INFO: [IP_Flow 19-1686] Generating 'Synthesis' target for IP 'kp_502_7_dmul_64ns_64ns_64_5_max_dsp_1_ip'...
INFO: [IP_Flow 19-1686] Generating 'Simulation' target for IP 'kp_502_7_dmul_64ns_64ns_64_5_max_dsp_1_ip'...
WARNING: [IP_Flow 19-4832] The IP name 'kp_502_7_dsqrt_64ns_64ns_64_30_no_dsp_1_ip' you have specified is long. The Windows operating system has path length limitations. It is recommended you use shorter names to reduce the likelihood of issues.
INFO: [IP_Flow 19-1686] Generating 'Synthesis' target for IP 'kp_502_7_dsqrt_64ns_64ns_64_30_no_dsp_1_ip'...
INFO: [IP_Flow 19-1686] Generating 'Simulation' target for IP 'kp_502_7_dsqrt_64ns_64ns_64_30_no_dsp_1_ip'...
WARNING: [IP_Flow 19-4832] The IP name 'kp_502_7_dsub_64ns_64ns_64_5_full_dsp_1_ip' you have specified is long. The Windows operating system has path length limitations. It is recommended you use shorter names to reduce the likelihood of issues.
INFO: [IP_Flow 19-1686] Generating 'Synthesis' target for IP 'kp_502_7_dsub_64ns_64ns_64_5_full_dsp_1_ip'...
INFO: [IP_Flow 19-1686] Generating 'Simulation' target for IP 'kp_502_7_dsub_64ns_64ns_64_5_full_dsp_1_ip'...
INFO: [Common 17-206] Exiting Vivado at Sun Feb 18 17:58:33 2024...
