

================================================================
== Vitis HLS Report for 'lab5_z1'
================================================================
* Date:           Tue Nov  7 12:49:21 2023

* Version:        2021.2 (Build 3367213 on Tue Oct 19 02:48:09 MDT 2021)
* Project:        lab5_z1
* Solution:       sol1 (Vivado IP Flow Target)
* Product family: artix7
* Target device:  xa7a12t-csg325-1Q


================================================================
== Performance Estimates
================================================================
+ Timing: 
    * Summary: 
    +------+----------+-----------+------------+
    | Clock|  Target  | Estimated | Uncertainty|
    +------+----------+-----------+------------+
    |clk   |  20.00 ns|  12.697 ns|     5.40 ns|
    +------+----------+-----------+------------+

+ Latency: 
    * Summary: 
    +---------+---------+-----------+-----------+-----+-----+---------+
    |  Latency (cycles) |   Latency (absolute)  |  Interval | Pipeline|
    |   min   |   max   |    min    |    max    | min | max |   Type  |
    +---------+---------+-----------+-----------+-----+-----+---------+
    |      641|      641|  12.820 us|  12.820 us|  642|  642|       no|
    +---------+---------+-----------+-----------+-----+-----+---------+

    + Detail: 
        * Instance: 
        N/A

        * Loop: 
        +--------------+---------+---------+----------+-----------+-----------+------+----------+
        |              |  Latency (cycles) | Iteration|  Initiation Interval  | Trip |          |
        |   Loop Name  |   min   |   max   |  Latency |  achieved |   target  | Count| Pipelined|
        +--------------+---------+---------+----------+-----------+-----------+------+----------+
        |- foo_label0  |      640|      640|         5|          -|          -|   128|        no|
        +--------------+---------+---------+----------+-----------+-----------+------+----------+



================================================================
== Utilization Estimates
================================================================
* Summary: 
+-----------------+---------+----+-------+------+-----+
|       Name      | BRAM_18K| DSP|   FF  |  LUT | URAM|
+-----------------+---------+----+-------+------+-----+
|DSP              |        -|   -|      -|     -|    -|
|Expression       |        -|   -|      0|    90|    -|
|FIFO             |        -|   -|      -|     -|    -|
|Instance         |        -|   -|      -|     -|    -|
|Memory           |        -|   -|      -|     -|    -|
|Multiplexer      |        -|   -|      -|    59|    -|
|Register         |        -|   -|     86|     -|    -|
+-----------------+---------+----+-------+------+-----+
|Total            |        0|   0|     86|   149|    0|
+-----------------+---------+----+-------+------+-----+
|Available        |       40|  40|  16000|  8000|    0|
+-----------------+---------+----+-------+------+-----+
|Utilization (%)  |        0|   0|     ~0|     1|    0|
+-----------------+---------+----+-------+------+-----+

+ Detail: 
    * Instance: 
    N/A

    * DSP: 
    N/A

    * Memory: 
    N/A

    * FIFO: 
    N/A

    * Expression: 
    +----------------------+----------+----+---+----+------------+------------+
    |     Variable Name    | Operation| DSP| FF| LUT| Bitwidth P0| Bitwidth P1|
    +----------------------+----------+----+---+----+------------+------------+
    |add_ln11_1_fu_168_p2  |         +|   0|  0|  23|          16|          16|
    |add_ln11_fu_164_p2    |         +|   0|  0|  16|          16|          16|
    |add_ln6_fu_123_p2     |         +|   0|  0|  15|           8|           1|
    |d_out_d0              |         +|   0|  0|  16|          16|          16|
    |icmp_ln6_fu_117_p2    |      icmp|   0|  0|  11|           8|           9|
    |xor_ln8_fu_134_p2     |       xor|   0|  0|   9|           8|           9|
    +----------------------+----------+----+---+----+------------+------------+
    |Total                 |          |   0|  0|  90|          72|          67|
    +----------------------+----------+----+---+----+------------+------------+

    * Multiplexer: 
    +---------------+----+-----------+-----+-----------+
    |      Name     | LUT| Input Size| Bits| Total Bits|
    +---------------+----+-----------+-----+-----------+
    |ap_NS_fsm      |  29|          7|    1|          7|
    |d_in_address0  |  21|          5|    9|         45|
    |i_fu_50        |   9|          2|    8|         16|
    +---------------+----+-----------+-----+-----------+
    |Total          |  59|         14|   18|         68|
    +---------------+----+-----------+-----+-----------+

    * Register: 
    +---------------------+----+----+-----+-----------+
    |         Name        | FF | LUT| Bits| Const Bits|
    +---------------------+----+----+-----+-----------+
    |ap_CS_fsm            |   6|   0|    6|          0|
    |d_in_load_1_reg_221  |  16|   0|   16|          0|
    |d_in_load_2_reg_231  |  16|   0|   16|          0|
    |d_in_load_reg_206    |  16|   0|   16|          0|
    |i_1_reg_187          |   8|   0|    8|          0|
    |i_fu_50              |   8|   0|    8|          0|
    |xor_ln8_reg_211      |   8|   0|    8|          0|
    |zext_ln6_reg_193     |   8|   0|   64|         56|
    +---------------------+----+----+-----+-----------+
    |Total                |  86|   0|  142|         56|
    +---------------------+----+----+-----+-----------+



================================================================
== Interface
================================================================
* Summary: 
+-------------------+-----+-----+------------+--------------+--------------+
|     RTL Ports     | Dir | Bits|  Protocol  | Source Object|    C Type    |
+-------------------+-----+-----+------------+--------------+--------------+
|ap_local_block     |  out|    1|  ap_ctrl_hs|       lab5_z1|  return value|
|ap_local_deadlock  |  out|    1|  ap_ctrl_hs|       lab5_z1|  return value|
|ap_clk             |   in|    1|  ap_ctrl_hs|       lab5_z1|  return value|
|ap_rst             |   in|    1|  ap_ctrl_hs|       lab5_z1|  return value|
|ap_start           |   in|    1|  ap_ctrl_hs|       lab5_z1|  return value|
|ap_done            |  out|    1|  ap_ctrl_hs|       lab5_z1|  return value|
|ap_idle            |  out|    1|  ap_ctrl_hs|       lab5_z1|  return value|
|ap_ready           |  out|    1|  ap_ctrl_hs|       lab5_z1|  return value|
|d_in_address0      |  out|    9|   ap_memory|          d_in|         array|
|d_in_ce0           |  out|    1|   ap_memory|          d_in|         array|
|d_in_q0            |   in|   16|   ap_memory|          d_in|         array|
|d_out_address0     |  out|    7|   ap_memory|         d_out|         array|
|d_out_ce0          |  out|    1|   ap_memory|         d_out|         array|
|d_out_we0          |  out|    1|   ap_memory|         d_out|         array|
|d_out_d0           |  out|   16|   ap_memory|         d_out|         array|
+-------------------+-----+-----+------------+--------------+--------------+

============================================================
+ Verbose Summary: Synthesis Manager
============================================================
InlineROM: 1
ExposeGlobal: 0
============================================================
+ Verbose Summary: CDFG Model
============================================================
IsTopModel: 1
ResetActiveHigh: 1
IsCombinational: 2
IsDatapathOnly: 2
HasWiredReturn: 1
HasMFsm: 0
HasVarLatency: 1
IsPipeline: 0
IsRtlPipelined: 0
IsInstanceOverlapped: 0
IsDontTouch: 0
HasImplIP: 0
IsGatedGlobalClock: 0


============================================================
+ Verbose Summary: Schedule
============================================================
* Number of FSM states : 6
* Pipeline : 0
* Dataflow Pipeline: 0

* FSM state transitions: 
1 --> 2 
2 --> 3 
3 --> 4 
4 --> 5 
5 --> 6 
6 --> 2 

* FSM state operations: 

State 1 <SV = 0> <Delay = 1.61>
ST_1 : Operation 7 [1/1] (0.00ns)   --->   "%i = alloca i32 1"   --->   Operation 7 'alloca' 'i' <Predicate = true> <Delay = 0.00>
ST_1 : Operation 8 [1/1] (0.00ns)   --->   "%spectopmodule_ln0 = spectopmodule void @_ssdm_op_SpecTopModule, void @empty_1"   --->   Operation 8 'spectopmodule' 'spectopmodule_ln0' <Predicate = true> <Delay = 0.00>
ST_1 : Operation 9 [1/1] (0.00ns)   --->   "%specinterface_ln0 = specinterface void @_ssdm_op_SpecInterface, i16 %d_in, void @empty, i32 0, i32 0, void @empty_0, i32 4294967295, i32 0, void @empty_0, void @empty_0, void @empty_0, i32 0, i32 0, i32 0, i32 0, void @empty_0, void @empty_0"   --->   Operation 9 'specinterface' 'specinterface_ln0' <Predicate = true> <Delay = 0.00>
ST_1 : Operation 10 [1/1] (0.00ns)   --->   "%specmemcore_ln0 = specmemcore void @_ssdm_op_SpecMemCore, i16 %d_in, i64 666, i64 207, i64 4294967295"   --->   Operation 10 'specmemcore' 'specmemcore_ln0' <Predicate = true> <Delay = 0.00>
ST_1 : Operation 11 [1/1] (0.00ns)   --->   "%specbitsmap_ln0 = specbitsmap void @_ssdm_op_SpecBitsMap, i16 %d_in"   --->   Operation 11 'specbitsmap' 'specbitsmap_ln0' <Predicate = true> <Delay = 0.00>
ST_1 : Operation 12 [1/1] (0.00ns)   --->   "%specinterface_ln0 = specinterface void @_ssdm_op_SpecInterface, i16 %d_out, void @empty, i32 0, i32 0, void @empty_0, i32 4294967295, i32 0, void @empty_0, void @empty_0, void @empty_0, i32 0, i32 0, i32 0, i32 0, void @empty_0, void @empty_0"   --->   Operation 12 'specinterface' 'specinterface_ln0' <Predicate = true> <Delay = 0.00>
ST_1 : Operation 13 [1/1] (0.00ns)   --->   "%specbitsmap_ln0 = specbitsmap void @_ssdm_op_SpecBitsMap, i16 %d_out"   --->   Operation 13 'specbitsmap' 'specbitsmap_ln0' <Predicate = true> <Delay = 0.00>
ST_1 : Operation 14 [1/1] (1.61ns)   --->   "%store_ln6 = store i8 0, i8 %i" [./source/lab5_z1.cpp:6]   --->   Operation 14 'store' 'store_ln6' <Predicate = true> <Delay = 1.61>
ST_1 : Operation 15 [1/1] (0.00ns)   --->   "%br_ln6 = br void" [./source/lab5_z1.cpp:6]   --->   Operation 15 'br' 'br_ln6' <Predicate = true> <Delay = 0.00>

State 2 <SV = 1> <Delay = 3.72>
ST_2 : Operation 16 [1/1] (0.00ns)   --->   "%i_1 = load i8 %i" [./source/lab5_z1.cpp:6]   --->   Operation 16 'load' 'i_1' <Predicate = true> <Delay = 0.00>
ST_2 : Operation 17 [1/1] (0.00ns)   --->   "%zext_ln6 = zext i8 %i_1" [./source/lab5_z1.cpp:6]   --->   Operation 17 'zext' 'zext_ln6' <Predicate = true> <Delay = 0.00>
ST_2 : Operation 18 [1/1] (1.47ns)   --->   "%icmp_ln6 = icmp_eq  i8 %i_1, i8 128" [./source/lab5_z1.cpp:6]   --->   Operation 18 'icmp' 'icmp_ln6' <Predicate = true> <Delay = 1.47> <CoreInst = "Cmp">   --->   Core 9 'Cmp' <Latency = 0> <II = 1> <Delay = 1.58> <FuncUnit> <Opcode : 'icmp'> <InPorts = 2> <OutPorts = 1>
ST_2 : Operation 19 [1/1] (0.00ns)   --->   "%empty = speclooptripcount i32 @_ssdm_op_SpecLoopTripCount, i64 128, i64 128, i64 128"   --->   Operation 19 'speclooptripcount' 'empty' <Predicate = true> <Delay = 0.00>
ST_2 : Operation 20 [1/1] (2.11ns)   --->   "%add_ln6 = add i8 %i_1, i8 1" [./source/lab5_z1.cpp:6]   --->   Operation 20 'add' 'add_ln6' <Predicate = true> <Delay = 2.11> <CoreInst = "Adder">   --->   Core 1 'Adder' <Latency = 0> <II = 1> <Delay = 2.11> <FuncUnit> <Opcode : 'add' 'sub'> <InPorts = 2> <OutPorts = 1>
ST_2 : Operation 21 [1/1] (0.00ns)   --->   "%br_ln6 = br i1 %icmp_ln6, void %.split, void" [./source/lab5_z1.cpp:6]   --->   Operation 21 'br' 'br_ln6' <Predicate = true> <Delay = 0.00>
ST_2 : Operation 22 [1/1] (0.00ns)   --->   "%d_in_addr = getelementptr i16 %d_in, i64 0, i64 %zext_ln6" [./source/lab5_z1.cpp:7]   --->   Operation 22 'getelementptr' 'd_in_addr' <Predicate = (!icmp_ln6)> <Delay = 0.00>
ST_2 : Operation 23 [2/2] (3.25ns)   --->   "%d_in_load = load i9 %d_in_addr" [./source/lab5_z1.cpp:7]   --->   Operation 23 'load' 'd_in_load' <Predicate = (!icmp_ln6)> <Delay = 3.25> <CoreInst = "RAM_1P">   --->   Core 86 'RAM_1P' <Latency = 1> <II = 1> <Delay = 3.25> <Storage> <Opcode : 'load' 'store'> <Ports = 1> <Width = 16> <Depth = 512> <RAM>
ST_2 : Operation 24 [1/1] (1.61ns)   --->   "%store_ln6 = store i8 %add_ln6, i8 %i" [./source/lab5_z1.cpp:6]   --->   Operation 24 'store' 'store_ln6' <Predicate = (!icmp_ln6)> <Delay = 1.61>
ST_2 : Operation 25 [1/1] (0.00ns)   --->   "%ret_ln13 = ret" [./source/lab5_z1.cpp:13]   --->   Operation 25 'ret' 'ret_ln13' <Predicate = (icmp_ln6)> <Delay = 0.00>

State 3 <SV = 2> <Delay = 4.23>
ST_3 : Operation 26 [1/2] (3.25ns)   --->   "%d_in_load = load i9 %d_in_addr" [./source/lab5_z1.cpp:7]   --->   Operation 26 'load' 'd_in_load' <Predicate = true> <Delay = 3.25> <CoreInst = "RAM_1P">   --->   Core 86 'RAM_1P' <Latency = 1> <II = 1> <Delay = 3.25> <Storage> <Opcode : 'load' 'store'> <Ports = 1> <Width = 16> <Depth = 512> <RAM>
ST_3 : Operation 27 [1/1] (0.97ns)   --->   "%xor_ln8 = xor i8 %i_1, i8 128" [./source/lab5_z1.cpp:8]   --->   Operation 27 'xor' 'xor_ln8' <Predicate = true> <Delay = 0.97> <CoreInst = "LogicGate">   --->   Core 74 'LogicGate' <Latency = 0> <II = 1> <Delay = 0.98> <FuncUnit> <Opcode : 'and' 'or' 'xor'> <InPorts = 2> <OutPorts = 1>
ST_3 : Operation 28 [1/1] (0.00ns)   --->   "%zext_ln8 = zext i8 %xor_ln8" [./source/lab5_z1.cpp:8]   --->   Operation 28 'zext' 'zext_ln8' <Predicate = true> <Delay = 0.00>
ST_3 : Operation 29 [1/1] (0.00ns)   --->   "%d_in_addr_1 = getelementptr i16 %d_in, i64 0, i64 %zext_ln8" [./source/lab5_z1.cpp:8]   --->   Operation 29 'getelementptr' 'd_in_addr_1' <Predicate = true> <Delay = 0.00>
ST_3 : Operation 30 [2/2] (3.25ns)   --->   "%d_in_load_1 = load i9 %d_in_addr_1" [./source/lab5_z1.cpp:8]   --->   Operation 30 'load' 'd_in_load_1' <Predicate = true> <Delay = 3.25> <CoreInst = "RAM_1P">   --->   Core 86 'RAM_1P' <Latency = 1> <II = 1> <Delay = 3.25> <Storage> <Opcode : 'load' 'store'> <Ports = 1> <Width = 16> <Depth = 512> <RAM>

State 4 <SV = 3> <Delay = 3.25>
ST_4 : Operation 31 [1/2] (3.25ns)   --->   "%d_in_load_1 = load i9 %d_in_addr_1" [./source/lab5_z1.cpp:8]   --->   Operation 31 'load' 'd_in_load_1' <Predicate = true> <Delay = 3.25> <CoreInst = "RAM_1P">   --->   Core 86 'RAM_1P' <Latency = 1> <II = 1> <Delay = 3.25> <Storage> <Opcode : 'load' 'store'> <Ports = 1> <Width = 16> <Depth = 512> <RAM>
ST_4 : Operation 32 [1/1] (0.00ns)   --->   "%or_ln9 = bitconcatenate i9 @_ssdm_op_BitConcatenate.i9.i1.i8, i1 1, i8 %i_1" [./source/lab5_z1.cpp:9]   --->   Operation 32 'bitconcatenate' 'or_ln9' <Predicate = true> <Delay = 0.00>
ST_4 : Operation 33 [1/1] (0.00ns)   --->   "%zext_ln9 = zext i9 %or_ln9" [./source/lab5_z1.cpp:9]   --->   Operation 33 'zext' 'zext_ln9' <Predicate = true> <Delay = 0.00>
ST_4 : Operation 34 [1/1] (0.00ns)   --->   "%d_in_addr_2 = getelementptr i16 %d_in, i64 0, i64 %zext_ln9" [./source/lab5_z1.cpp:9]   --->   Operation 34 'getelementptr' 'd_in_addr_2' <Predicate = true> <Delay = 0.00>
ST_4 : Operation 35 [2/2] (3.25ns)   --->   "%d_in_load_2 = load i9 %d_in_addr_2" [./source/lab5_z1.cpp:9]   --->   Operation 35 'load' 'd_in_load_2' <Predicate = true> <Delay = 3.25> <CoreInst = "RAM_1P">   --->   Core 86 'RAM_1P' <Latency = 1> <II = 1> <Delay = 3.25> <Storage> <Opcode : 'load' 'store'> <Ports = 1> <Width = 16> <Depth = 512> <RAM>

State 5 <SV = 4> <Delay = 3.25>
ST_5 : Operation 36 [1/2] (3.25ns)   --->   "%d_in_load_2 = load i9 %d_in_addr_2" [./source/lab5_z1.cpp:9]   --->   Operation 36 'load' 'd_in_load_2' <Predicate = true> <Delay = 3.25> <CoreInst = "RAM_1P">   --->   Core 86 'RAM_1P' <Latency = 1> <II = 1> <Delay = 3.25> <Storage> <Opcode : 'load' 'store'> <Ports = 1> <Width = 16> <Depth = 512> <RAM>
ST_5 : Operation 37 [1/1] (0.00ns)   --->   "%sext_ln10 = sext i8 %xor_ln8" [./source/lab5_z1.cpp:10]   --->   Operation 37 'sext' 'sext_ln10' <Predicate = true> <Delay = 0.00>
ST_5 : Operation 38 [1/1] (0.00ns)   --->   "%zext_ln10 = zext i9 %sext_ln10" [./source/lab5_z1.cpp:10]   --->   Operation 38 'zext' 'zext_ln10' <Predicate = true> <Delay = 0.00>
ST_5 : Operation 39 [1/1] (0.00ns)   --->   "%d_in_addr_3 = getelementptr i16 %d_in, i64 0, i64 %zext_ln10" [./source/lab5_z1.cpp:10]   --->   Operation 39 'getelementptr' 'd_in_addr_3' <Predicate = true> <Delay = 0.00>
ST_5 : Operation 40 [2/2] (3.25ns)   --->   "%d_in_load_3 = load i9 %d_in_addr_3" [./source/lab5_z1.cpp:10]   --->   Operation 40 'load' 'd_in_load_3' <Predicate = true> <Delay = 3.25> <CoreInst = "RAM_1P">   --->   Core 86 'RAM_1P' <Latency = 1> <II = 1> <Delay = 3.25> <Storage> <Opcode : 'load' 'store'> <Ports = 1> <Width = 16> <Depth = 512> <RAM>

State 6 <SV = 5> <Delay = 12.6>
ST_6 : Operation 41 [1/1] (0.00ns)   --->   "%specloopname_ln4 = specloopname void @_ssdm_op_SpecLoopName, void @empty_2" [./source/lab5_z1.cpp:4]   --->   Operation 41 'specloopname' 'specloopname_ln4' <Predicate = true> <Delay = 0.00>
ST_6 : Operation 42 [1/2] (3.25ns)   --->   "%d_in_load_3 = load i9 %d_in_addr_3" [./source/lab5_z1.cpp:10]   --->   Operation 42 'load' 'd_in_load_3' <Predicate = true> <Delay = 3.25> <CoreInst = "RAM_1P">   --->   Core 86 'RAM_1P' <Latency = 1> <II = 1> <Delay = 3.25> <Storage> <Opcode : 'load' 'store'> <Ports = 1> <Width = 16> <Depth = 512> <RAM>
ST_6 : Operation 43 [1/1] (0.00ns) (grouped into TernaryAdder)   --->   "%add_ln11 = add i16 %d_in_load_1, i16 %d_in_load" [./source/lab5_z1.cpp:11]   --->   Operation 43 'add' 'add_ln11' <Predicate = true> <Delay = 0.00> <CoreInst = "TAddSub">   --->   Core 10 'TAddSub' <Latency = 0> <II = 1> <Delay = 2.01> <IPBlock> <Opcode : 'add' 'sub'> <InPorts = 3> <OutPorts = 1> <Sync> <CReg>
ST_6 : Operation 44 [1/1] (2.14ns)   --->   "%add_ln11_1 = add i16 %d_in_load_2, i16 %d_in_load_3" [./source/lab5_z1.cpp:11]   --->   Operation 44 'add' 'add_ln11_1' <Predicate = true> <Delay = 2.14> <CoreInst = "Adder">   --->   Core 1 'Adder' <Latency = 0> <II = 1> <Delay = 2.11> <FuncUnit> <Opcode : 'add' 'sub'> <InPorts = 2> <OutPorts = 1>
ST_6 : Operation 45 [1/1] (4.03ns) (root node of TernaryAdder)   --->   "%add_ln11_2 = add i16 %add_ln11_1, i16 %add_ln11" [./source/lab5_z1.cpp:11]   --->   Operation 45 'add' 'add_ln11_2' <Predicate = true> <Delay = 4.03> <CoreInst = "TAddSub">   --->   Core 10 'TAddSub' <Latency = 0> <II = 1> <Delay = 2.01> <IPBlock> <Opcode : 'add' 'sub'> <InPorts = 3> <OutPorts = 1> <Sync> <CReg>
ST_6 : Operation 46 [1/1] (0.00ns)   --->   "%d_out_addr = getelementptr i16 %d_out, i64 0, i64 %zext_ln6" [./source/lab5_z1.cpp:11]   --->   Operation 46 'getelementptr' 'd_out_addr' <Predicate = true> <Delay = 0.00>
ST_6 : Operation 47 [1/1] (3.25ns)   --->   "%store_ln11 = store i16 %add_ln11_2, i7 %d_out_addr" [./source/lab5_z1.cpp:11]   --->   Operation 47 'store' 'store_ln11' <Predicate = true> <Delay = 3.25> <CoreInst = "RAM">   --->   Core 82 'RAM' <Latency = 1> <II = 1> <Delay = 3.25> <Storage> <Opcode : 'load' 'store'> <Ports = 2> <Width = 16> <Depth = 128> <RAM>
ST_6 : Operation 48 [1/1] (0.00ns)   --->   "%br_ln0 = br void"   --->   Operation 48 'br' 'br_ln0' <Predicate = true> <Delay = 0.00>


============================================================
+ Verbose Summary: Binding
============================================================
STG Binding: 
---------------- STG Properties BEGIN ----------------
- Is combinational: 0
- Is one-state seq: 0
- Is datapath-only: 0
- Is pipelined: 0
- Is top level: 1
Port [ Return ] is wired: 1; IO mode=ap_ctrl_hs:ce=0
Port [ d_in]:  wired=1; compound=1; hidden=0; nouse=0; global=0; static=0; extern=0; dir=0; type=1; pingpong=0; private_global=0; MemPort=[1]; IO mode=ap_memory:ce=0
Port [ d_out]:  wired=1; compound=1; hidden=0; nouse=0; global=0; static=0; extern=0; dir=1; type=1; pingpong=0; private_global=0; MemPort=[03]; IO mode=ap_memory:ce=0
---------------- STG Properties END ------------------

---------------- Datapath Model BEGIN ----------------

<LifeTime>
<method=bitvector/>
i                 (alloca           ) [ 0111111]
spectopmodule_ln0 (spectopmodule    ) [ 0000000]
specinterface_ln0 (specinterface    ) [ 0000000]
specmemcore_ln0   (specmemcore      ) [ 0000000]
specbitsmap_ln0   (specbitsmap      ) [ 0000000]
specinterface_ln0 (specinterface    ) [ 0000000]
specbitsmap_ln0   (specbitsmap      ) [ 0000000]
store_ln6         (store            ) [ 0000000]
br_ln6            (br               ) [ 0000000]
i_1               (load             ) [ 0001100]
zext_ln6          (zext             ) [ 0001111]
icmp_ln6          (icmp             ) [ 0011111]
empty             (speclooptripcount) [ 0000000]
add_ln6           (add              ) [ 0000000]
br_ln6            (br               ) [ 0000000]
d_in_addr         (getelementptr    ) [ 0001000]
store_ln6         (store            ) [ 0000000]
ret_ln13          (ret              ) [ 0000000]
d_in_load         (load             ) [ 0000111]
xor_ln8           (xor              ) [ 0000110]
zext_ln8          (zext             ) [ 0000000]
d_in_addr_1       (getelementptr    ) [ 0000100]
d_in_load_1       (load             ) [ 0000011]
or_ln9            (bitconcatenate   ) [ 0000000]
zext_ln9          (zext             ) [ 0000000]
d_in_addr_2       (getelementptr    ) [ 0000010]
d_in_load_2       (load             ) [ 0000001]
sext_ln10         (sext             ) [ 0000000]
zext_ln10         (zext             ) [ 0000000]
d_in_addr_3       (getelementptr    ) [ 0000001]
specloopname_ln4  (specloopname     ) [ 0000000]
d_in_load_3       (load             ) [ 0000000]
add_ln11          (add              ) [ 0000000]
add_ln11_1        (add              ) [ 0000000]
add_ln11_2        (add              ) [ 0000000]
d_out_addr        (getelementptr    ) [ 0000000]
store_ln11        (store            ) [ 0000000]
br_ln0            (br               ) [ 0000000]
</LifeTime>

<model>

<comp_list>
<comp id="0" class="1000" name="d_in">
<pin_list>
<pin id="1" dir="1" index="0" bw="1" slack="0"/>
</pin_list>
<bind>
<StgValue><ssdm name="d_in"/><MemPortTyVec>1 </MemPortTyVec>
</StgValue>
</bind>
</comp>

<comp id="2" class="1000" name="d_out">
<pin_list>
<pin id="3" dir="1" index="0" bw="1" slack="0"/>
</pin_list>
<bind>
<StgValue><ssdm name="d_out"/><MemPortTyVec>0 3 </MemPortTyVec>
</StgValue>
</bind>
</comp>

<comp id="4" class="1001" name="const_4">
<pin_list>
<pin id="5" dir="1" index="0" bw="1" slack="0"/>
</pin_list>
<bind>
<StgValue><ssdm name=""/></StgValue>
</bind>
</comp>

<comp id="6" class="1001" name="const_6">
<pin_list>
<pin id="7" dir="1" index="0" bw="1" slack="2147483647"/>
</pin_list>
<bind>
<StgValue><ssdm name="_ssdm_op_SpecTopModule"/></StgValue>
</bind>
</comp>

<comp id="8" class="1001" name="const_8">
<pin_list>
<pin id="9" dir="1" index="0" bw="1" slack="2147483647"/>
</pin_list>
<bind>
<StgValue><ssdm name="empty_1"/></StgValue>
</bind>
</comp>

<comp id="10" class="1001" name="const_10">
<pin_list>
<pin id="11" dir="1" index="0" bw="1" slack="2147483647"/>
</pin_list>
<bind>
<StgValue><ssdm name="_ssdm_op_SpecInterface"/></StgValue>
</bind>
</comp>

<comp id="12" class="1001" name="const_12">
<pin_list>
<pin id="13" dir="1" index="0" bw="1" slack="2147483647"/>
</pin_list>
<bind>
<StgValue><ssdm name="empty"/></StgValue>
</bind>
</comp>

<comp id="14" class="1001" name="const_14">
<pin_list>
<pin id="15" dir="1" index="0" bw="1" slack="2147483647"/>
</pin_list>
<bind>
<StgValue><ssdm name=""/></StgValue>
</bind>
</comp>

<comp id="16" class="1001" name="const_16">
<pin_list>
<pin id="17" dir="1" index="0" bw="1" slack="2147483647"/>
</pin_list>
<bind>
<StgValue><ssdm name="empty_0"/></StgValue>
</bind>
</comp>

<comp id="18" class="1001" name="const_18">
<pin_list>
<pin id="19" dir="1" index="0" bw="1" slack="2147483647"/>
</pin_list>
<bind>
<StgValue><ssdm name=""/></StgValue>
</bind>
</comp>

<comp id="20" class="1001" name="const_20">
<pin_list>
<pin id="21" dir="1" index="0" bw="1" slack="2147483647"/>
</pin_list>
<bind>
<StgValue><ssdm name="_ssdm_op_SpecMemCore"/></StgValue>
</bind>
</comp>

<comp id="22" class="1001" name="const_22">
<pin_list>
<pin id="23" dir="1" index="0" bw="1" slack="2147483647"/>
</pin_list>
<bind>
<StgValue><ssdm name=""/></StgValue>
</bind>
</comp>

<comp id="24" class="1001" name="const_24">
<pin_list>
<pin id="25" dir="1" index="0" bw="1" slack="2147483647"/>
</pin_list>
<bind>
<StgValue><ssdm name=""/></StgValue>
</bind>
</comp>

<comp id="26" class="1001" name="const_26">
<pin_list>
<pin id="27" dir="1" index="0" bw="1" slack="2147483647"/>
</pin_list>
<bind>
<StgValue><ssdm name=""/></StgValue>
</bind>
</comp>

<comp id="28" class="1001" name="const_28">
<pin_list>
<pin id="29" dir="1" index="0" bw="1" slack="2147483647"/>
</pin_list>
<bind>
<StgValue><ssdm name="_ssdm_op_SpecBitsMap"/></StgValue>
</bind>
</comp>

<comp id="30" class="1001" name="const_30">
<pin_list>
<pin id="31" dir="1" index="0" bw="1" slack="0"/>
</pin_list>
<bind>
<StgValue><ssdm name=""/></StgValue>
</bind>
</comp>

<comp id="32" class="1001" name="const_32">
<pin_list>
<pin id="33" dir="1" index="0" bw="1" slack="0"/>
</pin_list>
<bind>
<StgValue><ssdm name=""/></StgValue>
</bind>
</comp>

<comp id="34" class="1001" name="const_34">
<pin_list>
<pin id="35" dir="1" index="0" bw="1" slack="2147483647"/>
</pin_list>
<bind>
<StgValue><ssdm name="_ssdm_op_SpecLoopTripCount"/></StgValue>
</bind>
</comp>

<comp id="36" class="1001" name="const_36">
<pin_list>
<pin id="37" dir="1" index="0" bw="1" slack="2147483647"/>
</pin_list>
<bind>
<StgValue><ssdm name=""/></StgValue>
</bind>
</comp>

<comp id="38" class="1001" name="const_38">
<pin_list>
<pin id="39" dir="1" index="0" bw="1" slack="0"/>
</pin_list>
<bind>
<StgValue><ssdm name=""/></StgValue>
</bind>
</comp>

<comp id="40" class="1001" name="const_40">
<pin_list>
<pin id="41" dir="1" index="0" bw="1" slack="0"/>
</pin_list>
<bind>
<StgValue><ssdm name=""/></StgValue>
</bind>
</comp>

<comp id="42" class="1001" name="const_42">
<pin_list>
<pin id="43" dir="1" index="0" bw="1" slack="0"/>
</pin_list>
<bind>
<StgValue><ssdm name="_ssdm_op_BitConcatenate.i9.i1.i8"/></StgValue>
</bind>
</comp>

<comp id="44" class="1001" name="const_44">
<pin_list>
<pin id="45" dir="1" index="0" bw="1" slack="0"/>
</pin_list>
<bind>
<StgValue><ssdm name=""/></StgValue>
</bind>
</comp>

<comp id="46" class="1001" name="const_46">
<pin_list>
<pin id="47" dir="1" index="0" bw="1" slack="2147483647"/>
</pin_list>
<bind>
<StgValue><ssdm name="_ssdm_op_SpecLoopName"/></StgValue>
</bind>
</comp>

<comp id="48" class="1001" name="const_48">
<pin_list>
<pin id="49" dir="1" index="0" bw="1" slack="2147483647"/>
</pin_list>
<bind>
<StgValue><ssdm name="empty_2"/></StgValue>
</bind>
</comp>

<comp id="50" class="1004" name="i_fu_50">
<pin_list>
<pin id="51" dir="0" index="0" bw="1" slack="0"/>
<pin id="52" dir="1" index="1" bw="8" slack="0"/>
</pin_list>
<bind>
<opcode="alloca(26) " fcode="alloca"/>
<opset="i/1 "/>
</bind>
</comp>

<comp id="54" class="1004" name="d_in_addr_gep_fu_54">
<pin_list>
<pin id="55" dir="0" index="0" bw="16" slack="0"/>
<pin id="56" dir="0" index="1" bw="1" slack="0"/>
<pin id="57" dir="0" index="2" bw="8" slack="0"/>
<pin id="58" dir="1" index="3" bw="9" slack="0"/>
</pin_list>
<bind>
<opcode="getelementptr(29) " fcode="getelementptr"/>
<opset="d_in_addr/2 "/>
</bind>
</comp>

<comp id="61" class="1004" name="grp_access_fu_61">
<pin_list>
<pin id="62" dir="0" index="0" bw="9" slack="0"/>
<pin id="63" dir="0" index="1" bw="16" slack="2147483647"/>
<pin id="64" dir="0" index="2" bw="0" slack="2147483647"/>
<pin id="65" dir="1" index="3" bw="16" slack="0"/>
</pin_list>
<bind>
<opcode="load(27) " fcode="load"/>
<opset="d_in_load/2 d_in_load_1/3 d_in_load_2/4 d_in_load_3/5 "/>
</bind>
</comp>

<comp id="67" class="1004" name="d_in_addr_1_gep_fu_67">
<pin_list>
<pin id="68" dir="0" index="0" bw="16" slack="0"/>
<pin id="69" dir="0" index="1" bw="1" slack="0"/>
<pin id="70" dir="0" index="2" bw="8" slack="0"/>
<pin id="71" dir="1" index="3" bw="9" slack="0"/>
</pin_list>
<bind>
<opcode="getelementptr(29) " fcode="getelementptr"/>
<opset="d_in_addr_1/3 "/>
</bind>
</comp>

<comp id="75" class="1004" name="d_in_addr_2_gep_fu_75">
<pin_list>
<pin id="76" dir="0" index="0" bw="16" slack="0"/>
<pin id="77" dir="0" index="1" bw="1" slack="0"/>
<pin id="78" dir="0" index="2" bw="9" slack="0"/>
<pin id="79" dir="1" index="3" bw="9" slack="0"/>
</pin_list>
<bind>
<opcode="getelementptr(29) " fcode="getelementptr"/>
<opset="d_in_addr_2/4 "/>
</bind>
</comp>

<comp id="83" class="1004" name="d_in_addr_3_gep_fu_83">
<pin_list>
<pin id="84" dir="0" index="0" bw="16" slack="0"/>
<pin id="85" dir="0" index="1" bw="1" slack="0"/>
<pin id="86" dir="0" index="2" bw="9" slack="0"/>
<pin id="87" dir="1" index="3" bw="9" slack="0"/>
</pin_list>
<bind>
<opcode="getelementptr(29) " fcode="getelementptr"/>
<opset="d_in_addr_3/5 "/>
</bind>
</comp>

<comp id="91" class="1004" name="d_out_addr_gep_fu_91">
<pin_list>
<pin id="92" dir="0" index="0" bw="16" slack="0"/>
<pin id="93" dir="0" index="1" bw="1" slack="0"/>
<pin id="94" dir="0" index="2" bw="8" slack="4"/>
<pin id="95" dir="1" index="3" bw="7" slack="0"/>
</pin_list>
<bind>
<opcode="getelementptr(29) " fcode="getelementptr"/>
<opset="d_out_addr/6 "/>
</bind>
</comp>

<comp id="98" class="1004" name="store_ln11_access_fu_98">
<pin_list>
<pin id="99" dir="0" index="0" bw="7" slack="0"/>
<pin id="100" dir="0" index="1" bw="16" slack="0"/>
<pin id="101" dir="0" index="2" bw="0" slack="2147483647"/>
<pin id="102" dir="1" index="3" bw="16" slack="2147483647"/>
</pin_list>
<bind>
<opcode="store(28) " fcode="store"/>
<opset="store_ln11/6 "/>
</bind>
</comp>

<comp id="104" class="1004" name="store_ln6_store_fu_104">
<pin_list>
<pin id="105" dir="0" index="0" bw="1" slack="0"/>
<pin id="106" dir="0" index="1" bw="8" slack="0"/>
<pin id="107" dir="1" index="2" bw="0" slack="2147483647"/>
</pin_list>
<bind>
<opcode="store(28) " fcode="store"/>
<opset="store_ln6/1 "/>
</bind>
</comp>

<comp id="109" class="1004" name="i_1_load_fu_109">
<pin_list>
<pin id="110" dir="0" index="0" bw="8" slack="1"/>
<pin id="111" dir="1" index="1" bw="8" slack="0"/>
</pin_list>
<bind>
<opcode="load(27) " fcode="load"/>
<opset="i_1/2 "/>
</bind>
</comp>

<comp id="112" class="1004" name="zext_ln6_fu_112">
<pin_list>
<pin id="113" dir="0" index="0" bw="8" slack="0"/>
<pin id="114" dir="1" index="1" bw="64" slack="0"/>
</pin_list>
<bind>
<opcode="zext(34) " fcode="zext"/>
<opset="zext_ln6/2 "/>
</bind>
</comp>

<comp id="117" class="1004" name="icmp_ln6_fu_117">
<pin_list>
<pin id="118" dir="0" index="0" bw="8" slack="0"/>
<pin id="119" dir="0" index="1" bw="8" slack="0"/>
<pin id="120" dir="1" index="2" bw="1" slack="2147483647"/>
</pin_list>
<bind>
<opcode="icmp(45) " fcode="icmp"/>
<opset="icmp_ln6/2 "/>
</bind>
</comp>

<comp id="123" class="1004" name="add_ln6_fu_123">
<pin_list>
<pin id="124" dir="0" index="0" bw="8" slack="0"/>
<pin id="125" dir="0" index="1" bw="1" slack="0"/>
<pin id="126" dir="1" index="2" bw="8" slack="0"/>
</pin_list>
<bind>
<opcode="add(8) " fcode="add"/>
<opset="add_ln6/2 "/>
</bind>
</comp>

<comp id="129" class="1004" name="store_ln6_store_fu_129">
<pin_list>
<pin id="130" dir="0" index="0" bw="8" slack="0"/>
<pin id="131" dir="0" index="1" bw="8" slack="1"/>
<pin id="132" dir="1" index="2" bw="0" slack="2147483647"/>
</pin_list>
<bind>
<opcode="store(28) " fcode="store"/>
<opset="store_ln6/2 "/>
</bind>
</comp>

<comp id="134" class="1004" name="xor_ln8_fu_134">
<pin_list>
<pin id="135" dir="0" index="0" bw="8" slack="1"/>
<pin id="136" dir="0" index="1" bw="8" slack="0"/>
<pin id="137" dir="1" index="2" bw="8" slack="0"/>
</pin_list>
<bind>
<opcode="xor(25) " fcode="xor"/>
<opset="xor_ln8/3 "/>
</bind>
</comp>

<comp id="139" class="1004" name="zext_ln8_fu_139">
<pin_list>
<pin id="140" dir="0" index="0" bw="8" slack="0"/>
<pin id="141" dir="1" index="1" bw="64" slack="0"/>
</pin_list>
<bind>
<opcode="zext(34) " fcode="zext"/>
<opset="zext_ln8/3 "/>
</bind>
</comp>

<comp id="144" class="1004" name="or_ln9_fu_144">
<pin_list>
<pin id="145" dir="0" index="0" bw="9" slack="0"/>
<pin id="146" dir="0" index="1" bw="1" slack="0"/>
<pin id="147" dir="0" index="2" bw="8" slack="2"/>
<pin id="148" dir="1" index="3" bw="9" slack="0"/>
</pin_list>
<bind>
<opcode="bitconcatenate(1004) " fcode="bitconcatenate"/>
<opset="or_ln9/4 "/>
</bind>
</comp>

<comp id="151" class="1004" name="zext_ln9_fu_151">
<pin_list>
<pin id="152" dir="0" index="0" bw="9" slack="0"/>
<pin id="153" dir="1" index="1" bw="64" slack="0"/>
</pin_list>
<bind>
<opcode="zext(34) " fcode="zext"/>
<opset="zext_ln9/4 "/>
</bind>
</comp>

<comp id="156" class="1004" name="sext_ln10_fu_156">
<pin_list>
<pin id="157" dir="0" index="0" bw="8" slack="2"/>
<pin id="158" dir="1" index="1" bw="9" slack="0"/>
</pin_list>
<bind>
<opcode="sext(35) " fcode="sext"/>
<opset="sext_ln10/5 "/>
</bind>
</comp>

<comp id="159" class="1004" name="zext_ln10_fu_159">
<pin_list>
<pin id="160" dir="0" index="0" bw="8" slack="0"/>
<pin id="161" dir="1" index="1" bw="64" slack="0"/>
</pin_list>
<bind>
<opcode="zext(34) " fcode="zext"/>
<opset="zext_ln10/5 "/>
</bind>
</comp>

<comp id="164" class="1004" name="add_ln11_fu_164">
<pin_list>
<pin id="165" dir="0" index="0" bw="16" slack="2"/>
<pin id="166" dir="0" index="1" bw="16" slack="3"/>
<pin id="167" dir="1" index="2" bw="16" slack="0"/>
</pin_list>
<bind>
<opcode="add(8) " fcode="add"/>
<opset="add_ln11/6 "/>
</bind>
</comp>

<comp id="168" class="1004" name="add_ln11_1_fu_168">
<pin_list>
<pin id="169" dir="0" index="0" bw="16" slack="1"/>
<pin id="170" dir="0" index="1" bw="16" slack="0"/>
<pin id="171" dir="1" index="2" bw="16" slack="0"/>
</pin_list>
<bind>
<opcode="add(8) " fcode="add"/>
<opset="add_ln11_1/6 "/>
</bind>
</comp>

<comp id="173" class="1004" name="add_ln11_2_fu_173">
<pin_list>
<pin id="174" dir="0" index="0" bw="16" slack="0"/>
<pin id="175" dir="0" index="1" bw="16" slack="0"/>
<pin id="176" dir="1" index="2" bw="16" slack="0"/>
</pin_list>
<bind>
<opcode="add(8) " fcode="add"/>
<opset="add_ln11_2/6 "/>
</bind>
</comp>

<comp id="180" class="1005" name="i_reg_180">
<pin_list>
<pin id="181" dir="0" index="0" bw="8" slack="0"/>
<pin id="182" dir="1" index="1" bw="8" slack="0"/>
</pin_list>
<bind>
<opset="i "/>
</bind>
</comp>

<comp id="187" class="1005" name="i_1_reg_187">
<pin_list>
<pin id="188" dir="0" index="0" bw="8" slack="1"/>
<pin id="189" dir="1" index="1" bw="8" slack="1"/>
</pin_list>
<bind>
<opset="i_1 "/>
</bind>
</comp>

<comp id="193" class="1005" name="zext_ln6_reg_193">
<pin_list>
<pin id="194" dir="0" index="0" bw="64" slack="4"/>
<pin id="195" dir="1" index="1" bw="64" slack="4"/>
</pin_list>
<bind>
<opset="zext_ln6 "/>
</bind>
</comp>

<comp id="201" class="1005" name="d_in_addr_reg_201">
<pin_list>
<pin id="202" dir="0" index="0" bw="9" slack="1"/>
<pin id="203" dir="1" index="1" bw="9" slack="1"/>
</pin_list>
<bind>
<opset="d_in_addr "/>
</bind>
</comp>

<comp id="206" class="1005" name="d_in_load_reg_206">
<pin_list>
<pin id="207" dir="0" index="0" bw="16" slack="3"/>
<pin id="208" dir="1" index="1" bw="16" slack="3"/>
</pin_list>
<bind>
<opset="d_in_load "/>
</bind>
</comp>

<comp id="211" class="1005" name="xor_ln8_reg_211">
<pin_list>
<pin id="212" dir="0" index="0" bw="8" slack="2"/>
<pin id="213" dir="1" index="1" bw="8" slack="2"/>
</pin_list>
<bind>
<opset="xor_ln8 "/>
</bind>
</comp>

<comp id="216" class="1005" name="d_in_addr_1_reg_216">
<pin_list>
<pin id="217" dir="0" index="0" bw="9" slack="1"/>
<pin id="218" dir="1" index="1" bw="9" slack="1"/>
</pin_list>
<bind>
<opset="d_in_addr_1 "/>
</bind>
</comp>

<comp id="221" class="1005" name="d_in_load_1_reg_221">
<pin_list>
<pin id="222" dir="0" index="0" bw="16" slack="2"/>
<pin id="223" dir="1" index="1" bw="16" slack="2"/>
</pin_list>
<bind>
<opset="d_in_load_1 "/>
</bind>
</comp>

<comp id="226" class="1005" name="d_in_addr_2_reg_226">
<pin_list>
<pin id="227" dir="0" index="0" bw="9" slack="1"/>
<pin id="228" dir="1" index="1" bw="9" slack="1"/>
</pin_list>
<bind>
<opset="d_in_addr_2 "/>
</bind>
</comp>

<comp id="231" class="1005" name="d_in_load_2_reg_231">
<pin_list>
<pin id="232" dir="0" index="0" bw="16" slack="1"/>
<pin id="233" dir="1" index="1" bw="16" slack="1"/>
</pin_list>
<bind>
<opset="d_in_load_2 "/>
</bind>
</comp>

<comp id="236" class="1005" name="d_in_addr_3_reg_236">
<pin_list>
<pin id="237" dir="0" index="0" bw="9" slack="1"/>
<pin id="238" dir="1" index="1" bw="9" slack="1"/>
</pin_list>
<bind>
<opset="d_in_addr_3 "/>
</bind>
</comp>

</comp_list>

<net_list>
<net id="53"><net_src comp="4" pin="0"/><net_sink comp="50" pin=0"/></net>

<net id="59"><net_src comp="0" pin="0"/><net_sink comp="54" pin=0"/></net>

<net id="60"><net_src comp="40" pin="0"/><net_sink comp="54" pin=1"/></net>

<net id="66"><net_src comp="54" pin="3"/><net_sink comp="61" pin=0"/></net>

<net id="72"><net_src comp="0" pin="0"/><net_sink comp="67" pin=0"/></net>

<net id="73"><net_src comp="40" pin="0"/><net_sink comp="67" pin=1"/></net>

<net id="74"><net_src comp="67" pin="3"/><net_sink comp="61" pin=0"/></net>

<net id="80"><net_src comp="0" pin="0"/><net_sink comp="75" pin=0"/></net>

<net id="81"><net_src comp="40" pin="0"/><net_sink comp="75" pin=1"/></net>

<net id="82"><net_src comp="75" pin="3"/><net_sink comp="61" pin=0"/></net>

<net id="88"><net_src comp="0" pin="0"/><net_sink comp="83" pin=0"/></net>

<net id="89"><net_src comp="40" pin="0"/><net_sink comp="83" pin=1"/></net>

<net id="90"><net_src comp="83" pin="3"/><net_sink comp="61" pin=0"/></net>

<net id="96"><net_src comp="2" pin="0"/><net_sink comp="91" pin=0"/></net>

<net id="97"><net_src comp="40" pin="0"/><net_sink comp="91" pin=1"/></net>

<net id="103"><net_src comp="91" pin="3"/><net_sink comp="98" pin=0"/></net>

<net id="108"><net_src comp="30" pin="0"/><net_sink comp="104" pin=0"/></net>

<net id="115"><net_src comp="109" pin="1"/><net_sink comp="112" pin=0"/></net>

<net id="116"><net_src comp="112" pin="1"/><net_sink comp="54" pin=2"/></net>

<net id="121"><net_src comp="109" pin="1"/><net_sink comp="117" pin=0"/></net>

<net id="122"><net_src comp="32" pin="0"/><net_sink comp="117" pin=1"/></net>

<net id="127"><net_src comp="109" pin="1"/><net_sink comp="123" pin=0"/></net>

<net id="128"><net_src comp="38" pin="0"/><net_sink comp="123" pin=1"/></net>

<net id="133"><net_src comp="123" pin="2"/><net_sink comp="129" pin=0"/></net>

<net id="138"><net_src comp="32" pin="0"/><net_sink comp="134" pin=1"/></net>

<net id="142"><net_src comp="134" pin="2"/><net_sink comp="139" pin=0"/></net>

<net id="143"><net_src comp="139" pin="1"/><net_sink comp="67" pin=2"/></net>

<net id="149"><net_src comp="42" pin="0"/><net_sink comp="144" pin=0"/></net>

<net id="150"><net_src comp="44" pin="0"/><net_sink comp="144" pin=1"/></net>

<net id="154"><net_src comp="144" pin="3"/><net_sink comp="151" pin=0"/></net>

<net id="155"><net_src comp="151" pin="1"/><net_sink comp="75" pin=2"/></net>

<net id="162"><net_src comp="156" pin="1"/><net_sink comp="159" pin=0"/></net>

<net id="163"><net_src comp="159" pin="1"/><net_sink comp="83" pin=2"/></net>

<net id="172"><net_src comp="61" pin="3"/><net_sink comp="168" pin=1"/></net>

<net id="177"><net_src comp="168" pin="2"/><net_sink comp="173" pin=0"/></net>

<net id="178"><net_src comp="164" pin="2"/><net_sink comp="173" pin=1"/></net>

<net id="179"><net_src comp="173" pin="2"/><net_sink comp="98" pin=1"/></net>

<net id="183"><net_src comp="50" pin="1"/><net_sink comp="180" pin=0"/></net>

<net id="184"><net_src comp="180" pin="1"/><net_sink comp="104" pin=1"/></net>

<net id="185"><net_src comp="180" pin="1"/><net_sink comp="109" pin=0"/></net>

<net id="186"><net_src comp="180" pin="1"/><net_sink comp="129" pin=1"/></net>

<net id="190"><net_src comp="109" pin="1"/><net_sink comp="187" pin=0"/></net>

<net id="191"><net_src comp="187" pin="1"/><net_sink comp="134" pin=0"/></net>

<net id="192"><net_src comp="187" pin="1"/><net_sink comp="144" pin=2"/></net>

<net id="196"><net_src comp="112" pin="1"/><net_sink comp="193" pin=0"/></net>

<net id="197"><net_src comp="193" pin="1"/><net_sink comp="91" pin=2"/></net>

<net id="204"><net_src comp="54" pin="3"/><net_sink comp="201" pin=0"/></net>

<net id="205"><net_src comp="201" pin="1"/><net_sink comp="61" pin=0"/></net>

<net id="209"><net_src comp="61" pin="3"/><net_sink comp="206" pin=0"/></net>

<net id="210"><net_src comp="206" pin="1"/><net_sink comp="164" pin=1"/></net>

<net id="214"><net_src comp="134" pin="2"/><net_sink comp="211" pin=0"/></net>

<net id="215"><net_src comp="211" pin="1"/><net_sink comp="156" pin=0"/></net>

<net id="219"><net_src comp="67" pin="3"/><net_sink comp="216" pin=0"/></net>

<net id="220"><net_src comp="216" pin="1"/><net_sink comp="61" pin=0"/></net>

<net id="224"><net_src comp="61" pin="3"/><net_sink comp="221" pin=0"/></net>

<net id="225"><net_src comp="221" pin="1"/><net_sink comp="164" pin=0"/></net>

<net id="229"><net_src comp="75" pin="3"/><net_sink comp="226" pin=0"/></net>

<net id="230"><net_src comp="226" pin="1"/><net_sink comp="61" pin=0"/></net>

<net id="234"><net_src comp="61" pin="3"/><net_sink comp="231" pin=0"/></net>

<net id="235"><net_src comp="231" pin="1"/><net_sink comp="168" pin=0"/></net>

<net id="239"><net_src comp="83" pin="3"/><net_sink comp="236" pin=0"/></net>

<net id="240"><net_src comp="236" pin="1"/><net_sink comp="61" pin=0"/></net>

</net_list>

</model> 
---------------- Datapath Model END ------------------

* FSMD analyzer results:
  - Output states:
	Port: d_out | {6 }
 - Input state : 
	Port: lab5_z1 : d_in | {2 3 4 5 6 }
  - Chain level:
	State 1
		store_ln6 : 1
	State 2
		zext_ln6 : 1
		icmp_ln6 : 1
		add_ln6 : 1
		br_ln6 : 2
		d_in_addr : 2
		d_in_load : 3
		store_ln6 : 2
	State 3
		d_in_addr_1 : 1
		d_in_load_1 : 2
	State 4
		zext_ln9 : 1
		d_in_addr_2 : 2
		d_in_load_2 : 3
	State 5
		zext_ln10 : 1
		d_in_addr_3 : 2
		d_in_load_3 : 3
	State 6
		add_ln11_1 : 1
		add_ln11_2 : 2
		store_ln11 : 3


============================================================
+ Verbose Summary: Datapath Resource usage 
============================================================

* Functional unit list:
|----------|-------------------|---------|---------|
| Operation|  Functional Unit  |    FF   |   LUT   |
|----------|-------------------|---------|---------|
|          |   add_ln6_fu_123  |    0    |    15   |
|    add   |  add_ln11_fu_164  |    0    |    16   |
|          | add_ln11_1_fu_168 |    0    |    23   |
|          | add_ln11_2_fu_173 |    0    |    16   |
|----------|-------------------|---------|---------|
|   icmp   |  icmp_ln6_fu_117  |    0    |    11   |
|----------|-------------------|---------|---------|
|    xor   |   xor_ln8_fu_134  |    0    |    8    |
|----------|-------------------|---------|---------|
|          |  zext_ln6_fu_112  |    0    |    0    |
|   zext   |  zext_ln8_fu_139  |    0    |    0    |
|          |  zext_ln9_fu_151  |    0    |    0    |
|          |  zext_ln10_fu_159 |    0    |    0    |
|----------|-------------------|---------|---------|
|bitconcatenate|   or_ln9_fu_144   |    0    |    0    |
|----------|-------------------|---------|---------|
|   sext   |  sext_ln10_fu_156 |    0    |    0    |
|----------|-------------------|---------|---------|
|   Total  |                   |    0    |    89   |
|----------|-------------------|---------|---------|

Memories:
N/A

* Register list:
+-------------------+--------+
|                   |   FF   |
+-------------------+--------+
|d_in_addr_1_reg_216|    9   |
|d_in_addr_2_reg_226|    9   |
|d_in_addr_3_reg_236|    9   |
| d_in_addr_reg_201 |    9   |
|d_in_load_1_reg_221|   16   |
|d_in_load_2_reg_231|   16   |
| d_in_load_reg_206 |   16   |
|    i_1_reg_187    |    8   |
|     i_reg_180     |    8   |
|  xor_ln8_reg_211  |    8   |
|  zext_ln6_reg_193 |   64   |
+-------------------+--------+
|       Total       |   172  |
+-------------------+--------+

* Multiplexer (MUX) list: 
|------------------|------|------|------|--------||---------||---------|
|       Comp       |  Pin | Size |  BW  | S x BW ||  Delay  ||   LUT   |
|------------------|------|------|------|--------||---------||---------|
| grp_access_fu_61 |  p0  |   8  |   9  |   72   ||    33   |
|------------------|------|------|------|--------||---------||---------|
|       Total      |      |      |      |   72   || 1.80457 ||    33   |
|------------------|------|------|------|--------||---------||---------|



* Summary:
+-----------+--------+--------+--------+
|           |  Delay |   FF   |   LUT  |
+-----------+--------+--------+--------+
|  Function |    -   |    0   |   89   |
|   Memory  |    -   |    -   |    -   |
|Multiplexer|    1   |    -   |   33   |
|  Register |    -   |   172  |    -   |
+-----------+--------+--------+--------+
|   Total   |    1   |   172  |   122  |
+-----------+--------+--------+--------+
