

================================================================
== Synthesis Summary Report of 'adders_io'
================================================================
+ General Information: 
    * Date:           Thu Oct  5 19:38:36 2023
    * Version:        2021.2 (Build 3367213 on Tue Oct 19 02:48:09 MDT 2021)
    * Project:        adders_io_prj
    * Solution:       solution1 (Vivado IP Flow Target)
    * Product family: zynquplus
    * Target device:  xczu7ev-ffvc1156-2-e
    

+ Performance & Resource Estimates: 
    
    PS: '+' for module; 'o' for loop; '*' for dataflow
    +-------------+--------+-------+---------+--------+----------+---------+------+----------+------+---------+----------+----------+-----+
    |   Modules   |  Issue |       | Latency | Latency| Iteration|         | Trip |          |      |         |          |          |     |
    |   & Loops   |  Type  | Slack | (cycles)|  (ns)  |  Latency | Interval| Count| Pipelined| BRAM |   DSP   |    FF    |    LUT   | URAM|
    +-------------+--------+-------+---------+--------+----------+---------+------+----------+------+---------+----------+----------+-----+
    |+ adders_io  |  Timing|  -0.37|        2|   1.462|         -|        3|     -|        no|     -|  2 (~0%)|  68 (~0%)|  80 (~0%)|    -|
    +-------------+--------+-------+---------+--------+----------+---------+------+----------+------+---------+----------+----------+-----+


================================================================
== HW Interfaces
================================================================
* REGISTER
+-----------+--------+----------+
| Interface | Mode   | Bitwidth |
+-----------+--------+----------+
| in1       | ap_vld | 32       |
| in2       | ap_ack | 32       |
| in_out1_i | ap_hs  | 32       |
| in_out1_o | ap_hs  | 32       |
+-----------+--------+----------+

* TOP LEVEL CONTROL
+-----------+------------+-----------------------------------+
| Interface | Type       | Ports                             |
+-----------+------------+-----------------------------------+
| ap_clk    | clock      | ap_clk                            |
| ap_rst    | reset      | ap_rst                            |
| ap_ctrl   | ap_ctrl_hs | ap_done ap_idle ap_ready ap_start |
+-----------+------------+-----------------------------------+


================================================================
== SW I/O Information
================================================================
* Top Function Arguments
+----------+-----------+----------+
| Argument | Direction | Datatype |
+----------+-----------+----------+
| in1      | in        | int      |
| in2      | in        | int      |
| in_out1  | inout     | int*     |
+----------+-----------+----------+

* SW-to-HW Mapping
+----------+------------------+---------+
| Argument | HW Interface     | HW Type |
+----------+------------------+---------+
| in1      | in1              | port    |
| in1      | in1_ap_vld       | port    |
| in2      | in2              | port    |
| in2      | in2_ap_ack       | port    |
| in_out1  | in_out1_i        | port    |
| in_out1  | in_out1_i_ap_vld | port    |
| in_out1  | in_out1_i_ap_ack | port    |
| in_out1  | in_out1_o        | port    |
| in_out1  | in_out1_o_ap_vld | port    |
| in_out1  | in_out1_o_ap_ack | port    |
+----------+------------------+---------+


================================================================
== Bind Op Report
================================================================
+---------------------------+-----+--------+------------+-----+------+---------+
| Name                      | DSP | Pragma | Variable   | Op  | Impl | Latency |
+---------------------------+-----+--------+------------+-----+------+---------+
| + adders_io               | 2   |        |            |     |      |         |
|   add_32ns_32ns_32_1_1_U1 | 1   |        | add_ln50   | add | dsp  | 0       |
|   add_32ns_32ns_32_1_1_U2 | 1   |        | add_ln50_1 | add | dsp  | 0       |
+---------------------------+-----+--------+------------+-----+------+---------+


================================================================
== Bind Storage Report
================================================================
  No bind storage info in design

================================================================
== User Pragma Report
================================================================
* Valid Pragma Syntax
+-----------+--------------------+---------------------------------+
| Type      | Options            | Location                        |
+-----------+--------------------+---------------------------------+
| interface | ap_vld port=in1    | DIRECTIVE in adders_io, in1     |
| interface | ap_ack port=in2    | DIRECTIVE in adders_io, in2     |
| interface | ap_hs port=in_out1 | DIRECTIVE in adders_io, in_out1 |
+-----------+--------------------+---------------------------------+


