

================================================================
== Vitis HLS Report for 'kp_502_7'
================================================================
* Date:           Sun Feb 18 17:57:51 2024

* Version:        2021.2 (Build 3367213 on Tue Oct 19 02:48:09 MDT 2021)
* Project:        kp_502_7
* Solution:       sol2 (Vivado IP Flow Target)
* Product family: artix7
* Target device:  xc7a200t-sbv484-2


================================================================
== Performance Estimates
================================================================
+ Timing: 
    * Summary: 
    +------+----------+----------+------------+
    | Clock|  Target  | Estimated| Uncertainty|
    +------+----------+----------+------------+
    |clk   |  10.00 ns|  8.814 ns|     1.00 ns|
    +------+----------+----------+------------+

+ Latency: 
    * Summary: 
    +---------+---------+----------+----------+-----+-----+---------+
    |  Latency (cycles) |  Latency (absolute) |  Interval | Pipeline|
    |   min   |   max   |    min   |    max   | min | max |   Type  |
    +---------+---------+----------+----------+-----+-----+---------+
    |      333|      333|  3.330 us|  3.330 us|  334|  334|       no|
    +---------+---------+----------+----------+-----+-----+---------+

    + Detail: 
        * Instance: 
        N/A

        * Loop: 
        +----------+---------+---------+----------+-----------+-----------+------+----------+
        |          |  Latency (cycles) | Iteration|  Initiation Interval  | Trip |          |
        | Loop Name|   min   |   max   |  Latency |  achieved |   target  | Count| Pipelined|
        +----------+---------+---------+----------+-----------+-----------+------+----------+
        |- Loop    |      332|      332|        83|          -|          -|     4|        no|
        +----------+---------+---------+----------+-----------+-----------+------+----------+



================================================================
== Utilization Estimates
================================================================
* Summary: 
+-----------------+---------+-----+--------+--------+-----+
|       Name      | BRAM_18K| DSP |   FF   |   LUT  | URAM|
+-----------------+---------+-----+--------+--------+-----+
|DSP              |        -|    -|       -|       -|    -|
|Expression       |        -|    -|       0|     146|    -|
|FIFO             |        -|    -|       -|       -|    -|
|Instance         |        -|   56|    2976|    3968|    -|
|Memory           |        -|    -|       -|       -|    -|
|Multiplexer      |        -|    -|       -|     538|    -|
|Register         |        -|    -|    1374|       -|    -|
+-----------------+---------+-----+--------+--------+-----+
|Total            |        0|   56|    4350|    4652|    0|
+-----------------+---------+-----+--------+--------+-----+
|Available        |      730|  740|  269200|  134600|    0|
+-----------------+---------+-----+--------+--------+-----+
|Utilization (%)  |        0|    7|       1|       3|    0|
+-----------------+---------+-----+--------+--------+-----+

+ Detail: 
    * Instance: 
    +------------------------------------+--------------------------------+---------+----+-----+-----+-----+
    |              Instance              |             Module             | BRAM_18K| DSP|  FF | LUT | URAM|
    +------------------------------------+--------------------------------+---------+----+-----+-----+-----+
    |ddiv_64ns_64ns_64_31_no_dsp_1_U9    |ddiv_64ns_64ns_64_31_no_dsp_1   |        0|   0|    0|    0|    0|
    |ddiv_64ns_64ns_64_31_no_dsp_1_U10   |ddiv_64ns_64ns_64_31_no_dsp_1   |        0|   0|    0|    0|    0|
    |ddiv_64ns_64ns_64_31_no_dsp_1_U11   |ddiv_64ns_64ns_64_31_no_dsp_1   |        0|   0|    0|    0|    0|
    |ddiv_64ns_64ns_64_31_no_dsp_1_U12   |ddiv_64ns_64ns_64_31_no_dsp_1   |        0|   0|    0|    0|    0|
    |dmul_64ns_64ns_64_5_max_dsp_1_U5    |dmul_64ns_64ns_64_5_max_dsp_1   |        0|  11|  299|  204|    0|
    |dmul_64ns_64ns_64_5_max_dsp_1_U6    |dmul_64ns_64ns_64_5_max_dsp_1   |        0|  11|  299|  204|    0|
    |dmul_64ns_64ns_64_5_max_dsp_1_U7    |dmul_64ns_64ns_64_5_max_dsp_1   |        0|  11|  299|  204|    0|
    |dmul_64ns_64ns_64_5_max_dsp_1_U8    |dmul_64ns_64ns_64_5_max_dsp_1   |        0|  11|  299|  204|    0|
    |dsqrt_64ns_64ns_64_30_no_dsp_1_U13  |dsqrt_64ns_64ns_64_30_no_dsp_1  |        0|   0|    0|    0|    0|
    |dsqrt_64ns_64ns_64_30_no_dsp_1_U14  |dsqrt_64ns_64ns_64_30_no_dsp_1  |        0|   0|    0|    0|    0|
    |dsub_64ns_64ns_64_5_full_dsp_1_U1   |dsub_64ns_64ns_64_5_full_dsp_1  |        0|   3|  445|  788|    0|
    |dsub_64ns_64ns_64_5_full_dsp_1_U2   |dsub_64ns_64ns_64_5_full_dsp_1  |        0|   3|  445|  788|    0|
    |dsub_64ns_64ns_64_5_full_dsp_1_U3   |dsub_64ns_64ns_64_5_full_dsp_1  |        0|   3|  445|  788|    0|
    |dsub_64ns_64ns_64_5_full_dsp_1_U4   |dsub_64ns_64ns_64_5_full_dsp_1  |        0|   3|  445|  788|    0|
    +------------------------------------+--------------------------------+---------+----+-----+-----+-----+
    |Total                               |                                |        0|  56| 2976| 3968|    0|
    +------------------------------------+--------------------------------+---------+----+-----+-----+-----+

    * DSP: 
    N/A

    * Memory: 
    N/A

    * FIFO: 
    N/A

    * Expression: 
    +----------------------+----------+----+---+----+------------+------------+
    |     Variable Name    | Operation| DSP| FF| LUT| Bitwidth P0| Bitwidth P1|
    +----------------------+----------+----+---+----+------------+------------+
    |add_ln5_fu_338_p2     |         +|   0|  0|  13|           4|           2|
    |or_ln5_fu_327_p2      |        or|   0|  0|   3|           3|           1|
    |xor_ln16_1_fu_395_p2  |       xor|   0|  0|  65|          65|          64|
    |xor_ln16_fu_385_p2    |       xor|   0|  0|  65|          65|          64|
    +----------------------+----------+----+---+----+------------+------------+
    |Total                 |          |   0|  0| 146|         137|         131|
    +----------------------+----------+----+---+----+------------+------------+

    * Multiplexer: 
    +---------------+-----+-----------+-----+-----------+
    |      Name     | LUT | Input Size| Bits| Total Bits|
    +---------------+-----+-----------+-----+-----------+
    |ap_NS_fsm      |  409|         85|    1|         85|
    |grp_fu_212_p0  |   13|          3|   64|        192|
    |grp_fu_212_p1  |   13|          3|   64|        192|
    |grp_fu_216_p0  |   13|          3|   64|        192|
    |grp_fu_216_p1  |   13|          3|   64|        192|
    |grp_fu_228_p0  |   17|          4|   64|        256|
    |grp_fu_228_p1  |   17|          4|   64|        256|
    |grp_fu_233_p0  |   17|          4|   64|        256|
    |grp_fu_233_p1  |   17|          4|   64|        256|
    |i_fu_58        |    9|          2|    4|          8|
    +---------------+-----+-----------+-----+-----------+
    |Total          |  538|        115|  517|       1885|
    +---------------+-----+-----------+-----+-----------+

    * Register: 
    +------------------+----+----+-----+-----------+
    |       Name       | FF | LUT| Bits| Const Bits|
    +------------------+----+----+-----+-----------+
    |A_load_1_reg_468  |  64|   0|   64|          0|
    |A_load_reg_463    |  64|   0|   64|          0|
    |B_load_1_reg_514  |  64|   0|   64|          0|
    |B_load_reg_503    |  64|   0|   64|          0|
    |C_load_1_reg_520  |  64|   0|   64|          0|
    |C_load_reg_509    |  64|   0|   64|          0|
    |add_1_reg_586     |  64|   0|   64|          0|
    |ap_CS_fsm         |  84|   0|   84|          0|
    |i_fu_58           |   4|   0|    4|          0|
    |mul6_1_reg_554    |  64|   0|   64|          0|
    |mul_1_reg_549     |  64|   0|   64|          0|
    |reg_274           |  64|   0|   64|          0|
    |reg_282           |  64|   0|   64|          0|
    |reg_290           |  64|   0|   64|          0|
    |reg_296           |  64|   0|   64|          0|
    |sub12_1_reg_581   |  64|   0|   64|          0|
    |temp_A_1_reg_478  |  64|   0|   64|          0|
    |temp_A_reg_473    |  64|   0|   64|          0|
    |temp_B_1_reg_537  |  64|   0|   64|          0|
    |temp_B_reg_525    |  64|   0|   64|          0|
    |temp_D_1_reg_565  |  64|   0|   64|          0|
    |temp_D_reg_559    |  64|   0|   64|          0|
    |zext_ln5_reg_432  |   4|   0|   64|         60|
    |zext_ln6_reg_449  |   2|   0|   64|         62|
    +------------------+----+----+-----+-----------+
    |Total             |1374|   0| 1496|        122|
    +------------------+----+----+-----+-----------+



================================================================
== Interface
================================================================
* Summary: 
+-------------------+-----+-----+------------+--------------+--------------+
|     RTL Ports     | Dir | Bits|  Protocol  | Source Object|    C Type    |
+-------------------+-----+-----+------------+--------------+--------------+
|ap_local_block     |  out|    1|  ap_ctrl_hs|      kp_502_7|  return value|
|ap_local_deadlock  |  out|    1|  ap_ctrl_hs|      kp_502_7|  return value|
|ap_clk             |   in|    1|  ap_ctrl_hs|      kp_502_7|  return value|
|ap_rst             |   in|    1|  ap_ctrl_hs|      kp_502_7|  return value|
|ap_start           |   in|    1|  ap_ctrl_hs|      kp_502_7|  return value|
|ap_done            |  out|    1|  ap_ctrl_hs|      kp_502_7|  return value|
|ap_idle            |  out|    1|  ap_ctrl_hs|      kp_502_7|  return value|
|ap_ready           |  out|    1|  ap_ctrl_hs|      kp_502_7|  return value|
|A_address0         |  out|    3|   ap_memory|             A|         array|
|A_ce0              |  out|    1|   ap_memory|             A|         array|
|A_q0               |   in|   64|   ap_memory|             A|         array|
|A_address1         |  out|    3|   ap_memory|             A|         array|
|A_ce1              |  out|    1|   ap_memory|             A|         array|
|A_q1               |   in|   64|   ap_memory|             A|         array|
|B_address0         |  out|    3|   ap_memory|             B|         array|
|B_ce0              |  out|    1|   ap_memory|             B|         array|
|B_q0               |   in|   64|   ap_memory|             B|         array|
|B_address1         |  out|    3|   ap_memory|             B|         array|
|B_ce1              |  out|    1|   ap_memory|             B|         array|
|B_q1               |   in|   64|   ap_memory|             B|         array|
|C_address0         |  out|    3|   ap_memory|             C|         array|
|C_ce0              |  out|    1|   ap_memory|             C|         array|
|C_q0               |   in|   64|   ap_memory|             C|         array|
|C_address1         |  out|    3|   ap_memory|             C|         array|
|C_ce1              |  out|    1|   ap_memory|             C|         array|
|C_q1               |   in|   64|   ap_memory|             C|         array|
|X1_address0        |  out|    3|   ap_memory|            X1|         array|
|X1_ce0             |  out|    1|   ap_memory|            X1|         array|
|X1_we0             |  out|    1|   ap_memory|            X1|         array|
|X1_d0              |  out|   64|   ap_memory|            X1|         array|
|X1_address1        |  out|    3|   ap_memory|            X1|         array|
|X1_ce1             |  out|    1|   ap_memory|            X1|         array|
|X1_we1             |  out|    1|   ap_memory|            X1|         array|
|X1_d1              |  out|   64|   ap_memory|            X1|         array|
|X2_address0        |  out|    3|   ap_memory|            X2|         array|
|X2_ce0             |  out|    1|   ap_memory|            X2|         array|
|X2_we0             |  out|    1|   ap_memory|            X2|         array|
|X2_d0              |  out|   64|   ap_memory|            X2|         array|
|X2_address1        |  out|    3|   ap_memory|            X2|         array|
|X2_ce1             |  out|    1|   ap_memory|            X2|         array|
|X2_we1             |  out|    1|   ap_memory|            X2|         array|
|X2_d1              |  out|   64|   ap_memory|            X2|         array|
|D_address0         |  out|    3|   ap_memory|             D|         array|
|D_ce0              |  out|    1|   ap_memory|             D|         array|
|D_we0              |  out|    1|   ap_memory|             D|         array|
|D_d0               |  out|   64|   ap_memory|             D|         array|
|D_address1         |  out|    3|   ap_memory|             D|         array|
|D_ce1              |  out|    1|   ap_memory|             D|         array|
|D_we1              |  out|    1|   ap_memory|             D|         array|
|D_d1               |  out|   64|   ap_memory|             D|         array|
+-------------------+-----+-----+------------+--------------+--------------+

