

================================================================
== Vitis HLS Report for 'kp_502_7'
================================================================
* Date:           Mon Dec 18 08:28:03 2023

* Version:        2021.2 (Build 3367213 on Tue Oct 19 02:48:09 MDT 2021)
* Project:        kp_502_7
* Solution:       sol2_6 (Vivado IP Flow Target)
* Product family: artix7
* Target device:  xc7a200t-sbv484-2


================================================================
== Performance Estimates
================================================================
+ Timing: 
    * Summary: 
    +------+----------+----------+------------+
    | Clock|  Target  | Estimated| Uncertainty|
    +------+----------+----------+------------+
    |clk   |  10.00 ns|  9.000 ns|     1.00 ns|
    +------+----------+----------+------------+

+ Latency: 
    * Summary: 
    +---------+---------+----------+----------+-----+-----+---------+
    |  Latency (cycles) |  Latency (absolute) |  Interval | Pipeline|
    |   min   |   max   |    min   |    max   | min | max |   Type  |
    +---------+---------+----------+----------+-----+-----+---------+
    |       16|      584|  0.160 us|  5.840 us|   17|  585|       no|
    +---------+---------+----------+----------+-----+-----+---------+

    + Detail: 
        * Instance: 
        +------------------------------------+-------------------------+---------+---------+----------+----------+-----+-----+---------+
        |                                    |                         |  Latency (cycles) |  Latency (absolute) |  Interval | Pipeline|
        |              Instance              |          Module         |   min   |   max   |    min   |    max   | min | max |   Type  |
        +------------------------------------+-------------------------+---------+---------+----------+----------+-----+-----+---------+
        |grp_p_hls_fptosi_double_i32_fu_438  |p_hls_fptosi_double_i32  |        0|        0|      0 ns|      0 ns|    0|    0|       no|
        |grp_p_hls_fptosi_double_i32_fu_444  |p_hls_fptosi_double_i32  |        0|        0|      0 ns|      0 ns|    0|    0|       no|
        +------------------------------------+-------------------------+---------+---------+----------+----------+-----+-----+---------+

        * Loop: 
        N/A



================================================================
== Utilization Estimates
================================================================
* Summary: 
+-----------------+---------+-----+--------+--------+-----+
|       Name      | BRAM_18K| DSP |   FF   |   LUT  | URAM|
+-----------------+---------+-----+--------+--------+-----+
|DSP              |        -|    -|       -|       -|    -|
|Expression       |        -|    -|       0|     312|    -|
|FIFO             |        -|    -|       -|       -|    -|
|Instance         |        -|   54|     890|    4056|    -|
|Memory           |        -|    -|       -|       -|    -|
|Multiplexer      |        -|    -|       -|    2816|    -|
|Register         |        -|    -|    1745|       -|    -|
+-----------------+---------+-----+--------+--------+-----+
|Total            |        0|   54|    2635|    7184|    0|
+-----------------+---------+-----+--------+--------+-----+
|Available        |      730|  740|  269200|  134600|    0|
+-----------------+---------+-----+--------+--------+-----+
|Utilization (%)  |        0|    7|      ~0|       5|    0|
+-----------------+---------+-----+--------+--------+-----+

+ Detail: 
    * Instance: 
    +------------------------------------+--------------------------------+---------+----+-----+------+-----+
    |              Instance              |             Module             | BRAM_18K| DSP|  FF |  LUT | URAM|
    +------------------------------------+--------------------------------+---------+----+-----+------+-----+
    |dadd_64ns_64ns_64_5_full_dsp_1_U3   |dadd_64ns_64ns_64_5_full_dsp_1  |        0|   3|  445|   788|    0|
    |ddiv_64ns_64ns_64_31_no_dsp_1_U4    |ddiv_64ns_64ns_64_31_no_dsp_1   |        0|   0|    0|     0|    0|
    |ddiv_64ns_64ns_64_31_no_dsp_1_U5    |ddiv_64ns_64ns_64_31_no_dsp_1   |        0|   0|    0|     0|    0|
    |dsqrt_64ns_64ns_64_30_no_dsp_1_U7   |dsqrt_64ns_64ns_64_30_no_dsp_1  |        0|   0|    0|     0|    0|
    |dsub_64ns_64ns_64_5_full_dsp_1_U2   |dsub_64ns_64ns_64_5_full_dsp_1  |        0|   3|  445|   788|    0|
    |mul_32s_32s_32_1_1_U8               |mul_32s_32s_32_1_1              |        0|   3|    0|    21|    0|
    |mul_32s_32s_32_1_1_U9               |mul_32s_32s_32_1_1              |        0|   3|    0|    21|    0|
    |mul_32s_32s_32_1_1_U10              |mul_32s_32s_32_1_1              |        0|   3|    0|    21|    0|
    |mul_32s_32s_32_1_1_U11              |mul_32s_32s_32_1_1              |        0|   3|    0|    21|    0|
    |mul_32s_32s_32_1_1_U12              |mul_32s_32s_32_1_1              |        0|   3|    0|    21|    0|
    |mul_32s_32s_32_1_1_U13              |mul_32s_32s_32_1_1              |        0|   3|    0|    21|    0|
    |mul_32s_32s_32_1_1_U14              |mul_32s_32s_32_1_1              |        0|   3|    0|    21|    0|
    |mul_32s_32s_32_1_1_U15              |mul_32s_32s_32_1_1              |        0|   3|    0|    21|    0|
    |mul_32s_32s_32_1_1_U16              |mul_32s_32s_32_1_1              |        0|   3|    0|    21|    0|
    |mul_32s_32s_32_1_1_U17              |mul_32s_32s_32_1_1              |        0|   3|    0|    21|    0|
    |mul_32s_32s_32_1_1_U18              |mul_32s_32s_32_1_1              |        0|   3|    0|    21|    0|
    |mul_32s_32s_32_1_1_U19              |mul_32s_32s_32_1_1              |        0|   3|    0|    21|    0|
    |mul_32s_32s_32_1_1_U20              |mul_32s_32s_32_1_1              |        0|   3|    0|    21|    0|
    |mul_32s_32s_32_1_1_U21              |mul_32s_32s_32_1_1              |        0|   3|    0|    21|    0|
    |mul_32s_32s_32_1_1_U22              |mul_32s_32s_32_1_1              |        0|   3|    0|    21|    0|
    |mul_32s_32s_32_1_1_U23              |mul_32s_32s_32_1_1              |        0|   3|    0|    21|    0|
    |grp_p_hls_fptosi_double_i32_fu_438  |p_hls_fptosi_double_i32         |        0|   0|    0|  1072|    0|
    |grp_p_hls_fptosi_double_i32_fu_444  |p_hls_fptosi_double_i32         |        0|   0|    0|  1072|    0|
    |sitodp_32ns_64_5_no_dsp_1_U6        |sitodp_32ns_64_5_no_dsp_1       |        0|   0|    0|     0|    0|
    +------------------------------------+--------------------------------+---------+----+-----+------+-----+
    |Total                               |                                |        0|  54|  890|  4056|    0|
    +------------------------------------+--------------------------------+---------+----+-----+------+-----+

    * DSP: 
    N/A

    * Memory: 
    N/A

    * FIFO: 
    N/A

    * Expression: 
    +--------------------+----------+----+---+----+------------+------------+
    |    Variable Name   | Operation| DSP| FF| LUT| Bitwidth P0| Bitwidth P1|
    +--------------------+----------+----+---+----+------------+------------+
    |temp_D_1_fu_577_p2  |         -|   0|  0|  39|          32|          32|
    |temp_D_2_fu_614_p2  |         -|   0|  0|  39|          32|          32|
    |temp_D_3_fu_651_p2  |         -|   0|  0|  39|          32|          32|
    |temp_D_4_fu_688_p2  |         -|   0|  0|  39|          32|          32|
    |temp_D_5_fu_725_p2  |         -|   0|  0|  39|          32|          32|
    |temp_D_6_fu_762_p2  |         -|   0|  0|  39|          32|          32|
    |temp_D_7_fu_799_p2  |         -|   0|  0|  39|          32|          32|
    |temp_D_fu_540_p2    |         -|   0|  0|  39|          32|          32|
    +--------------------+----------+----+---+----+------------+------------+
    |Total               |          |   0|  0| 312|         256|         256|
    +--------------------+----------+----+---+----+------------+------------+

    * Multiplexer: 
    +---------------+------+-----------+-----+-----------+
    |      Name     |  LUT | Input Size| Bits| Total Bits|
    +---------------+------+-----------+-----+-----------+
    |ap_NS_fsm      |  2693|        586|    1|        586|
    |grp_fu_480_p0  |   123|         25|   32|        800|
    +---------------+------+-----------+-----+-----------+
    |Total          |  2816|        611|   33|       1386|
    +---------------+------+-----------+-----+-----------+

    * Register: 
    +----------------------+-----+----+-----+-----------+
    |         Name         |  FF | LUT| Bits| Const Bits|
    +----------------------+-----+----+-----+-----------+
    |ap_CS_fsm             |  585|   0|  585|          0|
    |mul_ln11_10_reg_999   |   32|   0|   32|          0|
    |mul_ln11_11_reg_1004  |   32|   0|   32|          0|
    |mul_ln11_12_reg_1033  |   32|   0|   32|          0|
    |mul_ln11_13_reg_1038  |   32|   0|   32|          0|
    |mul_ln11_14_reg_1067  |   32|   0|   32|          0|
    |mul_ln11_15_reg_1072  |   32|   0|   32|          0|
    |mul_ln11_1_reg_834    |   32|   0|   32|          0|
    |mul_ln11_2_reg_863    |   32|   0|   32|          0|
    |mul_ln11_3_reg_868    |   32|   0|   32|          0|
    |mul_ln11_4_reg_897    |   32|   0|   32|          0|
    |mul_ln11_5_reg_902    |   32|   0|   32|          0|
    |mul_ln11_6_reg_931    |   32|   0|   32|          0|
    |mul_ln11_7_reg_936    |   32|   0|   32|          0|
    |mul_ln11_8_reg_965    |   32|   0|   32|          0|
    |mul_ln11_9_reg_970    |   32|   0|   32|          0|
    |mul_ln11_reg_829      |   32|   0|   32|          0|
    |reg_488               |   64|   0|   64|          0|
    |reg_497               |   64|   0|   64|          0|
    |reg_503               |   64|   0|   64|          0|
    |reg_508               |   64|   0|   64|          0|
    |reg_513               |   64|   0|   64|          0|
    |reg_518               |   64|   0|   64|          0|
    |temp_D_1_reg_873      |   32|   0|   32|          0|
    |temp_D_2_reg_907      |   32|   0|   32|          0|
    |temp_D_3_reg_941      |   32|   0|   32|          0|
    |temp_D_4_reg_975      |   32|   0|   32|          0|
    |temp_D_5_reg_1009     |   32|   0|   32|          0|
    |temp_D_6_reg_1043     |   32|   0|   32|          0|
    |temp_D_7_reg_1077     |   32|   0|   32|          0|
    |temp_D_reg_839        |   32|   0|   32|          0|
    |tmp_23_reg_844        |    1|   0|    1|          0|
    |tmp_24_reg_878        |    1|   0|    1|          0|
    |tmp_25_reg_912        |    1|   0|    1|          0|
    |tmp_26_reg_946        |    1|   0|    1|          0|
    |tmp_27_reg_980        |    1|   0|    1|          0|
    |tmp_28_reg_1014       |    1|   0|    1|          0|
    |tmp_29_reg_1048       |    1|   0|    1|          0|
    |tmp_30_reg_1082       |    1|   0|    1|          0|
    +----------------------+-----+----+-----+-----------+
    |Total                 | 1745|   0| 1745|          0|
    +----------------------+-----+----+-----+-----------+



================================================================
== Interface
================================================================
* Summary: 
+-------------------+-----+-----+------------+--------------+--------------+
|     RTL Ports     | Dir | Bits|  Protocol  | Source Object|    C Type    |
+-------------------+-----+-----+------------+--------------+--------------+
|ap_local_block     |  out|    1|  ap_ctrl_hs|      kp_502_7|  return value|
|ap_local_deadlock  |  out|    1|  ap_ctrl_hs|      kp_502_7|  return value|
|ap_clk             |   in|    1|  ap_ctrl_hs|      kp_502_7|  return value|
|ap_rst             |   in|    1|  ap_ctrl_hs|      kp_502_7|  return value|
|ap_start           |   in|    1|  ap_ctrl_hs|      kp_502_7|  return value|
|ap_done            |  out|    1|  ap_ctrl_hs|      kp_502_7|  return value|
|ap_idle            |  out|    1|  ap_ctrl_hs|      kp_502_7|  return value|
|ap_ready           |  out|    1|  ap_ctrl_hs|      kp_502_7|  return value|
|A_0                |   in|   32|     ap_none|           A_0|       pointer|
|A_1                |   in|   32|     ap_none|           A_1|       pointer|
|A_2                |   in|   32|     ap_none|           A_2|       pointer|
|A_3                |   in|   32|     ap_none|           A_3|       pointer|
|A_4                |   in|   32|     ap_none|           A_4|       pointer|
|A_5                |   in|   32|     ap_none|           A_5|       pointer|
|A_6                |   in|   32|     ap_none|           A_6|       pointer|
|A_7                |   in|   32|     ap_none|           A_7|       pointer|
|B_0                |   in|   32|     ap_none|           B_0|       pointer|
|B_1                |   in|   32|     ap_none|           B_1|       pointer|
|B_2                |   in|   32|     ap_none|           B_2|       pointer|
|B_3                |   in|   32|     ap_none|           B_3|       pointer|
|B_4                |   in|   32|     ap_none|           B_4|       pointer|
|B_5                |   in|   32|     ap_none|           B_5|       pointer|
|B_6                |   in|   32|     ap_none|           B_6|       pointer|
|B_7                |   in|   32|     ap_none|           B_7|       pointer|
|C_0                |   in|   32|     ap_none|           C_0|       pointer|
|C_1                |   in|   32|     ap_none|           C_1|       pointer|
|C_2                |   in|   32|     ap_none|           C_2|       pointer|
|C_3                |   in|   32|     ap_none|           C_3|       pointer|
|C_4                |   in|   32|     ap_none|           C_4|       pointer|
|C_5                |   in|   32|     ap_none|           C_5|       pointer|
|C_6                |   in|   32|     ap_none|           C_6|       pointer|
|C_7                |   in|   32|     ap_none|           C_7|       pointer|
|X1_0               |  out|   32|      ap_vld|          X1_0|       pointer|
|X1_0_ap_vld        |  out|    1|      ap_vld|          X1_0|       pointer|
|X1_1               |  out|   32|      ap_vld|          X1_1|       pointer|
|X1_1_ap_vld        |  out|    1|      ap_vld|          X1_1|       pointer|
|X1_2               |  out|   32|      ap_vld|          X1_2|       pointer|
|X1_2_ap_vld        |  out|    1|      ap_vld|          X1_2|       pointer|
|X1_3               |  out|   32|      ap_vld|          X1_3|       pointer|
|X1_3_ap_vld        |  out|    1|      ap_vld|          X1_3|       pointer|
|X1_4               |  out|   32|      ap_vld|          X1_4|       pointer|
|X1_4_ap_vld        |  out|    1|      ap_vld|          X1_4|       pointer|
|X1_5               |  out|   32|      ap_vld|          X1_5|       pointer|
|X1_5_ap_vld        |  out|    1|      ap_vld|          X1_5|       pointer|
|X1_6               |  out|   32|      ap_vld|          X1_6|       pointer|
|X1_6_ap_vld        |  out|    1|      ap_vld|          X1_6|       pointer|
|X1_7               |  out|   32|      ap_vld|          X1_7|       pointer|
|X1_7_ap_vld        |  out|    1|      ap_vld|          X1_7|       pointer|
|X2_0               |  out|   32|      ap_vld|          X2_0|       pointer|
|X2_0_ap_vld        |  out|    1|      ap_vld|          X2_0|       pointer|
|X2_1               |  out|   32|      ap_vld|          X2_1|       pointer|
|X2_1_ap_vld        |  out|    1|      ap_vld|          X2_1|       pointer|
|X2_2               |  out|   32|      ap_vld|          X2_2|       pointer|
|X2_2_ap_vld        |  out|    1|      ap_vld|          X2_2|       pointer|
|X2_3               |  out|   32|      ap_vld|          X2_3|       pointer|
|X2_3_ap_vld        |  out|    1|      ap_vld|          X2_3|       pointer|
|X2_4               |  out|   32|      ap_vld|          X2_4|       pointer|
|X2_4_ap_vld        |  out|    1|      ap_vld|          X2_4|       pointer|
|X2_5               |  out|   32|      ap_vld|          X2_5|       pointer|
|X2_5_ap_vld        |  out|    1|      ap_vld|          X2_5|       pointer|
|X2_6               |  out|   32|      ap_vld|          X2_6|       pointer|
|X2_6_ap_vld        |  out|    1|      ap_vld|          X2_6|       pointer|
|X2_7               |  out|   32|      ap_vld|          X2_7|       pointer|
|X2_7_ap_vld        |  out|    1|      ap_vld|          X2_7|       pointer|
|D_0                |  out|   32|      ap_vld|           D_0|       pointer|
|D_0_ap_vld         |  out|    1|      ap_vld|           D_0|       pointer|
|D_1                |  out|   32|      ap_vld|           D_1|       pointer|
|D_1_ap_vld         |  out|    1|      ap_vld|           D_1|       pointer|
|D_2                |  out|   32|      ap_vld|           D_2|       pointer|
|D_2_ap_vld         |  out|    1|      ap_vld|           D_2|       pointer|
|D_3                |  out|   32|      ap_vld|           D_3|       pointer|
|D_3_ap_vld         |  out|    1|      ap_vld|           D_3|       pointer|
|D_4                |  out|   32|      ap_vld|           D_4|       pointer|
|D_4_ap_vld         |  out|    1|      ap_vld|           D_4|       pointer|
|D_5                |  out|   32|      ap_vld|           D_5|       pointer|
|D_5_ap_vld         |  out|    1|      ap_vld|           D_5|       pointer|
|D_6                |  out|   32|      ap_vld|           D_6|       pointer|
|D_6_ap_vld         |  out|    1|      ap_vld|           D_6|       pointer|
|D_7                |  out|   32|      ap_vld|           D_7|       pointer|
|D_7_ap_vld         |  out|    1|      ap_vld|           D_7|       pointer|
+-------------------+-----+-----+------------+--------------+--------------+

