

================================================================
== Vitis HLS Report for 'p_hls_fptosi_double_i32'
================================================================
* Date:           Mon Dec 18 08:28:03 2023

* Version:        2021.2 (Build 3367213 on Tue Oct 19 02:48:09 MDT 2021)
* Project:        kp_502_7
* Solution:       sol2_6 (Vivado IP Flow Target)
* Product family: artix7
* Target device:  xc7a200t-sbv484-2


================================================================
== Performance Estimates
================================================================
+ Timing: 
    * Summary: 
    +------+----------+----------+------------+
    | Clock|  Target  | Estimated| Uncertainty|
    +------+----------+----------+------------+
    |clk   |  10.00 ns|  8.785 ns|     1.00 ns|
    +------+----------+----------+------------+

+ Latency: 
    * Summary: 
    +---------+---------+----------+----------+-----+-----+---------+
    |  Latency (cycles) |  Latency (absolute) |  Interval | Pipeline|
    |   min   |   max   |    min   |    max   | min | max |   Type  |
    +---------+---------+----------+----------+-----+-----+---------+
    |        0|        0|      0 ns|      0 ns|    0|    0|       no|
    +---------+---------+----------+----------+-----+-----+---------+

    + Detail: 
        * Instance: 
        N/A

        * Loop: 
        N/A



================================================================
== Utilization Estimates
================================================================
* Summary: 
+-----------------+---------+-----+--------+--------+-----+
|       Name      | BRAM_18K| DSP |   FF   |   LUT  | URAM|
+-----------------+---------+-----+--------+--------+-----+
|DSP              |        -|    -|       -|       -|    -|
|Expression       |        -|    -|       0|    1072|    -|
|FIFO             |        -|    -|       -|       -|    -|
|Instance         |        -|    -|       -|       -|    -|
|Memory           |        -|    -|       -|       -|    -|
|Multiplexer      |        -|    -|       -|       -|    -|
|Register         |        -|    -|       -|       -|    -|
+-----------------+---------+-----+--------+--------+-----+
|Total            |        0|    0|       0|    1072|    0|
+-----------------+---------+-----+--------+--------+-----+
|Available        |      730|  740|  269200|  134600|    0|
+-----------------+---------+-----+--------+--------+-----+
|Utilization (%)  |        0|    0|       0|      ~0|    0|
+-----------------+---------+-----+--------+--------+-----+

+ Detail: 
    * Instance: 
    N/A

    * DSP: 
    N/A

    * Memory: 
    N/A

    * FIFO: 
    N/A

    * Expression: 
    +----------------------+----------+----+---+-----+------------+------------+
    |     Variable Name    | Operation| DSP| FF| LUT | Bitwidth P0| Bitwidth P1|
    +----------------------+----------+----+---+-----+------------+------------+
    |add_ln513_fu_88_p2    |         +|   0|  0|   19|          12|          11|
    |result_V_2_fu_170_p2  |         -|   0|  0|   39|           1|          32|
    |sub_ln1364_fu_102_p2  |         -|   0|  0|   18|          10|          11|
    |r_V_fu_128_p2         |      lshr|   0|  0|  460|         137|         137|
    |ap_return             |    select|   0|  0|   32|           1|          32|
    |ush_fu_112_p3         |    select|   0|  0|   12|           1|          12|
    |val_fu_162_p3         |    select|   0|  0|   32|           1|          32|
    |r_V_1_fu_134_p2       |       shl|   0|  0|  460|         137|         137|
    +----------------------+----------+----+---+-----+------------+------------+
    |Total                 |          |   0|  0| 1072|         300|         404|
    +----------------------+----------+----+---+-----+------------+------------+

    * Multiplexer: 
    N/A

    * Register: 
    N/A



================================================================
== Interface
================================================================
* Summary: 
+-----------+-----+-----+------------+-------------------------+--------------+
| RTL Ports | Dir | Bits|  Protocol  |      Source Object      |    C Type    |
+-----------+-----+-----+------------+-------------------------+--------------+
|ap_ready   |  out|    1|  ap_ctrl_hs|  __hls_fptosi_double_i32|  return value|
|ap_return  |  out|   32|  ap_ctrl_hs|  __hls_fptosi_double_i32|  return value|
|x          |   in|   64|     ap_none|                        x|        scalar|
+-----------+-----+-----+------------+-------------------------+--------------+

