#-----------------------------------------------------------
# xsim v2021.2 (64-bit)
# SW Build 3367213 on Tue Oct 19 02:48:09 MDT 2021
# IP Build 3369179 on Thu Oct 21 08:25:16 MDT 2021
# Start of session at: Tue Nov  7 12:49:54 2023
# Process ID: 24660
# Current directory: C:/Xilinx_trn/HLS2023/lab5_z1/lab5_z1/sol1_1/sim/verilog
# Command line: xsim.exe -mode tcl -source {xsim.dir/lab5_z1/xsim_script.tcl}
# Log file: C:/Xilinx_trn/HLS2023/lab5_z1/lab5_z1/sol1_1/sim/verilog/xsim.log
# Journal file: C:/Xilinx_trn/HLS2023/lab5_z1/lab5_z1/sol1_1/sim/verilog\xsim.jou
# Running On: MSI, OS: Windows, CPU Frequency: 2496 MHz, CPU Physical cores: 8, Host memory: 16867 MB
#-----------------------------------------------------------
source xsim.dir/lab5_z1/xsim_script.tcl
# xsim {lab5_z1} -view {{lab5_z1_dataflow_ana.wcfg}} -tclbatch {lab5_z1.tcl} -protoinst {lab5_z1.protoinst}
INFO: [Wavedata 42-565] Reading protoinst file lab5_z1.protoinst
INFO: [Wavedata 42-564]   Found protocol instance at /apatb_lab5_z1_top/AESL_inst_lab5_z1//AESL_inst_lab5_z1_activity
Time resolution is 1 ps
open_wave_config lab5_z1_dataflow_ana.wcfg
source lab5_z1.tcl
## log_wave -r /
WARNING: [Simtcl 6-197] One or more HDL objects could not be logged because of object type or size limitations.  To see details please rerun the command with -verbose (-v).
## set designtopgroup [add_wave_group "Design Top Signals"]
## set coutputgroup [add_wave_group "C Outputs" -into $designtopgroup]
## set return_group [add_wave_group return(axi_slave) -into $coutputgroup]
## add_wave /apatb_lab5_z1_top/AESL_inst_lab5_z1/d_out_d0 -into $return_group -radix hex
## add_wave /apatb_lab5_z1_top/AESL_inst_lab5_z1/d_out_we0 -into $return_group -color #ffff00 -radix hex
## add_wave /apatb_lab5_z1_top/AESL_inst_lab5_z1/d_out_ce0 -into $return_group -color #ffff00 -radix hex
## add_wave /apatb_lab5_z1_top/AESL_inst_lab5_z1/d_out_address0 -into $return_group -radix hex
## add_wave /apatb_lab5_z1_top/AESL_inst_lab5_z1/ap_local_deadlock -into $return_group -radix hex
## add_wave /apatb_lab5_z1_top/AESL_inst_lab5_z1/ap_local_block -into $return_group -radix hex
## set cinputgroup [add_wave_group "C Inputs" -into $designtopgroup]
## set return_group [add_wave_group return(memory) -into $cinputgroup]
## add_wave /apatb_lab5_z1_top/AESL_inst_lab5_z1/d_in_q0 -into $return_group -radix hex
## add_wave /apatb_lab5_z1_top/AESL_inst_lab5_z1/d_in_ce0 -into $return_group -color #ffff00 -radix hex
## add_wave /apatb_lab5_z1_top/AESL_inst_lab5_z1/d_in_address0 -into $return_group -radix hex
## set blocksiggroup [add_wave_group "Block-level IO Handshake" -into $designtopgroup]
## add_wave /apatb_lab5_z1_top/AESL_inst_lab5_z1/ap_start -into $blocksiggroup
## add_wave /apatb_lab5_z1_top/AESL_inst_lab5_z1/ap_done -into $blocksiggroup
## add_wave /apatb_lab5_z1_top/AESL_inst_lab5_z1/ap_idle -into $blocksiggroup
## add_wave /apatb_lab5_z1_top/AESL_inst_lab5_z1/ap_ready -into $blocksiggroup
## set resetgroup [add_wave_group "Reset" -into $designtopgroup]
## add_wave /apatb_lab5_z1_top/AESL_inst_lab5_z1/ap_rst -into $resetgroup
## set clockgroup [add_wave_group "Clock" -into $designtopgroup]
## add_wave /apatb_lab5_z1_top/AESL_inst_lab5_z1/ap_clk -into $clockgroup
## set testbenchgroup [add_wave_group "Test Bench Signals"]
## set tbinternalsiggroup [add_wave_group "Internal Signals" -into $testbenchgroup]
## set tb_simstatus_group [add_wave_group "Simulation Status" -into $tbinternalsiggroup]
## set tb_portdepth_group [add_wave_group "Port Depth" -into $tbinternalsiggroup]
## add_wave /apatb_lab5_z1_top/AUTOTB_TRANSACTION_NUM -into $tb_simstatus_group -radix hex
## add_wave /apatb_lab5_z1_top/ready_cnt -into $tb_simstatus_group -radix hex
## add_wave /apatb_lab5_z1_top/done_cnt -into $tb_simstatus_group -radix hex
## add_wave /apatb_lab5_z1_top/LENGTH_d_in -into $tb_portdepth_group -radix hex
## add_wave /apatb_lab5_z1_top/LENGTH_d_out -into $tb_portdepth_group -radix hex
## set tbcoutputgroup [add_wave_group "C Outputs" -into $testbenchgroup]
## set tb_return_group [add_wave_group return(axi_slave) -into $tbcoutputgroup]
## add_wave /apatb_lab5_z1_top/d_out_d0 -into $tb_return_group -radix hex
## add_wave /apatb_lab5_z1_top/d_out_we0 -into $tb_return_group -color #ffff00 -radix hex
## add_wave /apatb_lab5_z1_top/d_out_ce0 -into $tb_return_group -color #ffff00 -radix hex
## add_wave /apatb_lab5_z1_top/d_out_address0 -into $tb_return_group -radix hex
## add_wave /apatb_lab5_z1_top/ap_local_deadlock -into $tb_return_group -radix hex
## add_wave /apatb_lab5_z1_top/ap_local_block -into $tb_return_group -radix hex
## set tbcinputgroup [add_wave_group "C Inputs" -into $testbenchgroup]
## set tb_return_group [add_wave_group return(memory) -into $tbcinputgroup]
## add_wave /apatb_lab5_z1_top/d_in_q0 -into $tb_return_group -radix hex
## add_wave /apatb_lab5_z1_top/d_in_ce0 -into $tb_return_group -color #ffff00 -radix hex
## add_wave /apatb_lab5_z1_top/d_in_address0 -into $tb_return_group -radix hex
## save_wave_config lab5_z1.wcfg
## run all
////////////////////////////////////////////////////////////////////////////////////
// Inter-Transaction Progress: Completed Transaction / Total Transaction
// Intra-Transaction Progress: Measured Latency / Latency Estimation * 100%
//
// RTL Simulation : "Inter-Transaction Progress" ["Intra-Transaction Progress"] @ "Simulation Time"
////////////////////////////////////////////////////////////////////////////////////
// RTL Simulation : 0 / 3 [0.00%] @ "150000"
// RTL Simulation : 1 / 3 [100.00%] @ "10430000"
// RTL Simulation : 2 / 3 [100.00%] @ "20690000"
// RTL Simulation : 3 / 3 [100.00%] @ "30950000"
////////////////////////////////////////////////////////////////////////////////////
$finish called at time : 31070 ns : File "C:/Xilinx_trn/HLS2023/lab5_z1/lab5_z1/sol1_1/sim/verilog/lab5_z1.autotb.v" Line 267
## quit
INFO: [Common 17-206] Exiting xsim at Tue Nov  7 12:49:56 2023...
