INFO: [SIM 2] *************** CSIM start ***************
INFO: [SIM 4] CSIM will launch GCC as the compiler.
   Compiling(apcc) ../../../../adders_io_test.c in debug mode
INFO: [HLS 200-10] Running '/opt/Xilinx/Vivado_SDK/Vivado/2018.3/bin/unwrapped/lnx64.o/apcc'
INFO: [HLS 200-10] For user 'xilinx' on host 'xilinx' (Linux_x86_64 version 4.13.0-36-generic) on Sun Jan 13 01:03:58 IST 2019
INFO: [HLS 200-10] On os Ubuntu 16.04.4 LTS
INFO: [HLS 200-10] In directory '/home/xilinx/training/port_level_protocol/demo/adders_io_prj/solution1/csim/build'
INFO: [APCC 202-3] Tmp directory is /tmp/apcc_db_xilinx/95791547321638927542
INFO: [APCC 202-1] APCC is done.
   Compiling(apcc) ../../../../adders_io.c in debug mode
INFO: [HLS 200-10] Running '/opt/Xilinx/Vivado_SDK/Vivado/2018.3/bin/unwrapped/lnx64.o/apcc'
INFO: [HLS 200-10] For user 'xilinx' on host 'xilinx' (Linux_x86_64 version 4.13.0-36-generic) on Sun Jan 13 01:04:03 IST 2019
INFO: [HLS 200-10] On os Ubuntu 16.04.4 LTS
INFO: [HLS 200-10] In directory '/home/xilinx/training/port_level_protocol/demo/adders_io_prj/solution1/csim/build'
INFO: [APCC 202-3] Tmp directory is /tmp/apcc_db_xilinx/96421547321643737910
INFO: [APCC 202-1] APCC is done.
   Generating csim.exe
  10+20+30=60 
  20+30+40=90 
  30+40+50=120 
  40+50+60=150 
  50+60+70=180 
----------Pass!------------
INFO: [SIM 1] CSim done with 0 errors.
INFO: [SIM 3] *************** CSIM finish ***************
