INFO: Applying HLS Y2K22 patch v1.2 for IP revision
INFO: [HLS 200-10] Running 'C:/Xilinx/Vitis_HLS/2021.2/bin/unwrapped/win64.o/vitis_hls.exe'
INFO: [HLS 200-10] For user 'leova' on host 'msi' (Windows NT_amd64 version 6.2) on Sun Oct 22 03:59:49 +0300 2023
INFO: [HLS 200-10] In directory 'C:/Xilinx_trn/HLS2023/lab4_z1'
Sourcing Tcl script 'C:/Xilinx_trn/HLS2023/lab4_z1/lab4_z1/sol2/csynth.tcl'
INFO: [HLS 200-1510] Running: open_project lab4_z1 
INFO: [HLS 200-10] Opening project 'C:/Xilinx_trn/HLS2023/lab4_z1/lab4_z1'.
INFO: [HLS 200-1510] Running: set_top lab4_z1 
INFO: [HLS 200-1510] Running: add_files ./source/lab4_z1.cpp 
INFO: [HLS 200-10] Adding design file './source/lab4_z1.cpp' to the project
INFO: [HLS 200-1510] Running: add_files -tb source/lab4_z1_test.cpp -cflags -Wno-unknown-pragmas -csimflags -Wno-unknown-pragmas 
INFO: [HLS 200-10] Adding test bench file 'source/lab4_z1_test.cpp' to the project
INFO: [HLS 200-1510] Running: open_solution sol2 -flow_target vivado 
INFO: [HLS 200-10] Opening solution 'C:/Xilinx_trn/HLS2023/lab4_z1/lab4_z1/sol2'.
INFO: [SYN 201-201] Setting up clock 'clk' with a period of 10ns.
INFO: [SYN 201-201] Setting up clock 'clk' with an uncertainty of 1ns.
INFO: [HLS 200-1611] Setting target device to 'xa7a12t-csg325-1Q'
INFO: [HLS 200-1505] Using flow_target 'vivado'
Resolution: For help on HLS 200-1505 see www.xilinx.com/cgi-bin/docs/rdoc?v=2021.2;t=hls+guidance;d=200-1505.html
INFO: [HLS 200-1510] Running: set_part xa7a12t-csg325-1Q 
INFO: [HLS 200-1510] Running: create_clock -period 10 -name clk 
INFO: [HLS 200-1510] Running: set_clock_uncertainty 1 
INFO: [HLS 200-1510] Running: set_directive_pipeline -II 1 lab4_z1/L1 
INFO: [HLS 200-1510] Running: set_directive_top -name lab4_z1 lab4_z1 
INFO: [HLS 200-1510] Running: set_directive_pipeline -off lab4_z1/L2 
INFO: [HLS 200-1510] Running: csynth_design 
INFO: [HLS 200-111] Finished File checks and directory preparation: CPU user time: 0 seconds. CPU system time: 0 seconds. Elapsed time: 0.012 seconds; current allocated memory: 858.684 MB.
INFO: [HLS 200-10] Analyzing design file './source/lab4_z1.cpp' ... 
INFO: [HLS 200-111] Finished Source Code Analysis and Preprocessing: CPU user time: 0 seconds. CPU system time: 0 seconds. Elapsed time: 0.569 seconds; current allocated memory: 1.077 GB.
INFO: [HLS 200-777] Using interface defaults for 'Vivado' flow target.
INFO: [HLS 214-284] Auto array partition mode is set into default.
INFO: [HLS 214-270] Starting automatic array partition analysis...
INFO: [HLS 200-111] Finished Compiling Optimization and Transform: CPU user time: 1 seconds. CPU system time: 0 seconds. Elapsed time: 2.899 seconds; current allocated memory: 1.077 GB.
INFO: [HLS 200-111] Finished Checking Pragmas: CPU user time: 0 seconds. CPU system time: 0 seconds. Elapsed time: 0.004 seconds; current allocated memory: 1.077 GB.
INFO: [HLS 200-10] Starting code transformations ...
INFO: [HLS 200-111] Finished Standard Transforms: CPU user time: 0 seconds. CPU system time: 0 seconds. Elapsed time: 0.012 seconds; current allocated memory: 1.077 GB.
INFO: [HLS 200-10] Checking synthesizability ...
INFO: [HLS 200-111] Finished Checking Synthesizability: CPU user time: 0 seconds. CPU system time: 0 seconds. Elapsed time: 0.006 seconds; current allocated memory: 1.077 GB.
INFO: [HLS 200-111] Finished Loop, function and other optimizations: CPU user time: 0 seconds. CPU system time: 0 seconds. Elapsed time: 0.026 seconds; current allocated memory: 1.077 GB.
INFO: [XFORM 203-541] Flattening a loop nest 'L2' (./source/lab4_z1.cpp:6:17) in function 'lab4_z1'.
INFO: [HLS 200-111] Finished Architecture Synthesis: CPU user time: 0 seconds. CPU system time: 0 seconds. Elapsed time: 0.018 seconds; current allocated memory: 1.077 GB.
INFO: [HLS 200-10] Starting hardware synthesis ...
INFO: [HLS 200-10] Synthesizing 'lab4_z1' ...
INFO: [HLS 200-10] ----------------------------------------------------------------
INFO: [HLS 200-42] -- Implementing module 'lab4_z1' 
INFO: [HLS 200-10] ----------------------------------------------------------------
INFO: [SCHED 204-11] Starting scheduling ...
INFO: [SCHED 204-61] Pipelining loop 'L2_L1'.
INFO: [HLS 200-1470] Pipelining result : Target II = 1, Final II = 1, Depth = 4, loop 'L2_L1'
INFO: [SCHED 204-11] Finished scheduling.
INFO: [HLS 200-111] Finished Scheduling: CPU user time: 0 seconds. CPU system time: 0 seconds. Elapsed time: 0.182 seconds; current allocated memory: 1.077 GB.
INFO: [BIND 205-100] Starting micro-architecture generation ...
INFO: [BIND 205-101] Performing variable lifetime analysis.
INFO: [BIND 205-101] Exploring resource sharing.
INFO: [BIND 205-101] Binding ...
INFO: [BIND 205-100] Finished micro-architecture generation.
INFO: [HLS 200-111] Finished Binding: CPU user time: 0 seconds. CPU system time: 0 seconds. Elapsed time: 0.031 seconds; current allocated memory: 1.077 GB.
INFO: [HLS 200-10] ----------------------------------------------------------------
INFO: [HLS 200-10] -- Generating RTL for module 'lab4_z1' 
INFO: [HLS 200-10] ----------------------------------------------------------------
INFO: [RTGEN 206-500] Setting interface mode on port 'lab4_z1/in_a' to 'ap_memory'.
INFO: [RTGEN 206-500] Setting interface mode on port 'lab4_z1/in_b' to 'ap_memory'.
INFO: [RTGEN 206-500] Setting interface mode on port 'lab4_z1/res' to 'ap_memory'.
INFO: [RTGEN 206-500] Setting interface mode on function 'lab4_z1' to 'ap_ctrl_hs'.
INFO: [HLS 200-1030] Apply Unified Pipeline Control on module 'lab4_z1' pipeline 'L2_L1' pipeline type 'loop pipeline'
INFO: [RTGEN 206-100] Generating core module 'mul_32s_32s_32_1_1': 1 instance(s).
INFO: [RTGEN 206-100] Finished creating RTL model for 'lab4_z1'.
INFO: [HLS 200-111] Finished Creating RTL model: CPU user time: 0 seconds. CPU system time: 0 seconds. Elapsed time: 0.048 seconds; current allocated memory: 1.077 GB.
INFO: [HLS 200-111] Finished Generating all RTL models: CPU user time: 0 seconds. CPU system time: 0 seconds. Elapsed time: 0.277 seconds; current allocated memory: 1.077 GB.
INFO: [HLS 200-111] Finished Updating report files: CPU user time: 0 seconds. CPU system time: 1 seconds. Elapsed time: 0.179 seconds; current allocated memory: 1.077 GB.
INFO: [VHDL 208-304] Generating VHDL RTL for lab4_z1.
INFO: [VLOG 209-307] Generating Verilog RTL for lab4_z1.
INFO: [HLS 200-790] **** Loop Constraint Status: All loop constraints were satisfied.
INFO: [HLS 200-789] **** Estimated Fmax: 118.06 MHz
INFO: [HLS 200-111] Finished Command csynth_design CPU user time: 1 seconds. CPU system time: 1 seconds. Elapsed time: 4.275 seconds; current allocated memory: 256.758 MB.
INFO: [HLS 200-112] Total CPU user time: 2 seconds. Total CPU system time: 1 seconds. Total elapsed time: 5.169 seconds; peak allocated memory: 1.077 GB.
