

================================================================
== Vitis HLS Report for 'lab7_z1'
================================================================
* Date:           Sat Dec  2 20:59:31 2023

* Version:        2021.2 (Build 3367213 on Tue Oct 19 02:48:09 MDT 2021)
* Project:        lab7_z1
* Solution:       sol2 (Vivado IP Flow Target)
* Product family: artix7
* Target device:  xc7a100t-csg324-2


================================================================
== Performance Estimates
================================================================
+ Timing: 
    * Summary: 
    +------+----------+----------+------------+
    | Clock|  Target  | Estimated| Uncertainty|
    +------+----------+----------+------------+
    |clk   |  10.00 ns|  7.215 ns|     1.00 ns|
    +------+----------+----------+------------+

+ Latency: 
    * Summary: 
    +---------+---------+-----------+-----------+-----+-----+---------+
    |  Latency (cycles) |   Latency (absolute)  |  Interval | Pipeline|
    |   min   |   max   |    min    |    max    | min | max |   Type  |
    +---------+---------+-----------+-----------+-----+-----+---------+
    |        5|        5|  50.000 ns|  50.000 ns|    6|    6|       no|
    +---------+---------+-----------+-----------+-----+-----+---------+

    + Detail: 
        * Instance: 
        N/A

        * Loop: 
        +----------+---------+---------+----------+-----------+-----------+------+----------+
        |          |  Latency (cycles) | Iteration|  Initiation Interval  | Trip |          |
        | Loop Name|   min   |   max   |  Latency |  achieved |   target  | Count| Pipelined|
        +----------+---------+---------+----------+-----------+-----------+------+----------+
        |- Mult    |        3|        3|         3|          1|          1|     2|       yes|
        +----------+---------+---------+----------+-----------+-----------+------+----------+



================================================================
== Utilization Estimates
================================================================
* Summary: 
+-----------------+---------+-----+--------+-------+-----+
|       Name      | BRAM_18K| DSP |   FF   |  LUT  | URAM|
+-----------------+---------+-----+--------+-------+-----+
|DSP              |        -|    -|       -|      -|    -|
|Expression       |        -|    -|       0|     19|    -|
|FIFO             |        -|    -|       -|      -|    -|
|Instance         |        -|  192|       0|   3008|    -|
|Memory           |        -|    -|       -|      -|    -|
|Multiplexer      |        -|    -|       -|     36|    -|
|Register         |        -|    -|      15|      -|    -|
+-----------------+---------+-----+--------+-------+-----+
|Total            |        0|  192|      15|   3063|    0|
+-----------------+---------+-----+--------+-------+-----+
|Available        |      270|  240|  126800|  63400|    0|
+-----------------+---------+-----+--------+-------+-----+
|Utilization (%)  |        0|   80|      ~0|      4|    0|
+-----------------+---------+-----+--------+-------+-----+

+ Detail: 
    * Instance: 
    +------------------------+--------------------+---------+----+---+----+-----+
    |        Instance        |       Module       | BRAM_18K| DSP| FF| LUT| URAM|
    +------------------------+--------------------+---------+----+---+----+-----+
    |mul_32s_32s_32_2_1_U1   |mul_32s_32s_32_2_1  |        0|   3|  0|  47|    0|
    |mul_32s_32s_32_2_1_U2   |mul_32s_32s_32_2_1  |        0|   3|  0|  47|    0|
    |mul_32s_32s_32_2_1_U3   |mul_32s_32s_32_2_1  |        0|   3|  0|  47|    0|
    |mul_32s_32s_32_2_1_U4   |mul_32s_32s_32_2_1  |        0|   3|  0|  47|    0|
    |mul_32s_32s_32_2_1_U5   |mul_32s_32s_32_2_1  |        0|   3|  0|  47|    0|
    |mul_32s_32s_32_2_1_U6   |mul_32s_32s_32_2_1  |        0|   3|  0|  47|    0|
    |mul_32s_32s_32_2_1_U7   |mul_32s_32s_32_2_1  |        0|   3|  0|  47|    0|
    |mul_32s_32s_32_2_1_U8   |mul_32s_32s_32_2_1  |        0|   3|  0|  47|    0|
    |mul_32s_32s_32_2_1_U9   |mul_32s_32s_32_2_1  |        0|   3|  0|  47|    0|
    |mul_32s_32s_32_2_1_U10  |mul_32s_32s_32_2_1  |        0|   3|  0|  47|    0|
    |mul_32s_32s_32_2_1_U11  |mul_32s_32s_32_2_1  |        0|   3|  0|  47|    0|
    |mul_32s_32s_32_2_1_U12  |mul_32s_32s_32_2_1  |        0|   3|  0|  47|    0|
    |mul_32s_32s_32_2_1_U13  |mul_32s_32s_32_2_1  |        0|   3|  0|  47|    0|
    |mul_32s_32s_32_2_1_U14  |mul_32s_32s_32_2_1  |        0|   3|  0|  47|    0|
    |mul_32s_32s_32_2_1_U15  |mul_32s_32s_32_2_1  |        0|   3|  0|  47|    0|
    |mul_32s_32s_32_2_1_U16  |mul_32s_32s_32_2_1  |        0|   3|  0|  47|    0|
    |mul_32s_32s_32_2_1_U17  |mul_32s_32s_32_2_1  |        0|   3|  0|  47|    0|
    |mul_32s_32s_32_2_1_U18  |mul_32s_32s_32_2_1  |        0|   3|  0|  47|    0|
    |mul_32s_32s_32_2_1_U19  |mul_32s_32s_32_2_1  |        0|   3|  0|  47|    0|
    |mul_32s_32s_32_2_1_U20  |mul_32s_32s_32_2_1  |        0|   3|  0|  47|    0|
    |mul_32s_32s_32_2_1_U21  |mul_32s_32s_32_2_1  |        0|   3|  0|  47|    0|
    |mul_32s_32s_32_2_1_U22  |mul_32s_32s_32_2_1  |        0|   3|  0|  47|    0|
    |mul_32s_32s_32_2_1_U23  |mul_32s_32s_32_2_1  |        0|   3|  0|  47|    0|
    |mul_32s_32s_32_2_1_U24  |mul_32s_32s_32_2_1  |        0|   3|  0|  47|    0|
    |mul_32s_32s_32_2_1_U25  |mul_32s_32s_32_2_1  |        0|   3|  0|  47|    0|
    |mul_32s_32s_32_2_1_U26  |mul_32s_32s_32_2_1  |        0|   3|  0|  47|    0|
    |mul_32s_32s_32_2_1_U27  |mul_32s_32s_32_2_1  |        0|   3|  0|  47|    0|
    |mul_32s_32s_32_2_1_U28  |mul_32s_32s_32_2_1  |        0|   3|  0|  47|    0|
    |mul_32s_32s_32_2_1_U29  |mul_32s_32s_32_2_1  |        0|   3|  0|  47|    0|
    |mul_32s_32s_32_2_1_U30  |mul_32s_32s_32_2_1  |        0|   3|  0|  47|    0|
    |mul_32s_32s_32_2_1_U31  |mul_32s_32s_32_2_1  |        0|   3|  0|  47|    0|
    |mul_32s_32s_32_2_1_U32  |mul_32s_32s_32_2_1  |        0|   3|  0|  47|    0|
    |mul_32s_32s_32_2_1_U33  |mul_32s_32s_32_2_1  |        0|   3|  0|  47|    0|
    |mul_32s_32s_32_2_1_U34  |mul_32s_32s_32_2_1  |        0|   3|  0|  47|    0|
    |mul_32s_32s_32_2_1_U35  |mul_32s_32s_32_2_1  |        0|   3|  0|  47|    0|
    |mul_32s_32s_32_2_1_U36  |mul_32s_32s_32_2_1  |        0|   3|  0|  47|    0|
    |mul_32s_32s_32_2_1_U37  |mul_32s_32s_32_2_1  |        0|   3|  0|  47|    0|
    |mul_32s_32s_32_2_1_U38  |mul_32s_32s_32_2_1  |        0|   3|  0|  47|    0|
    |mul_32s_32s_32_2_1_U39  |mul_32s_32s_32_2_1  |        0|   3|  0|  47|    0|
    |mul_32s_32s_32_2_1_U40  |mul_32s_32s_32_2_1  |        0|   3|  0|  47|    0|
    |mul_32s_32s_32_2_1_U41  |mul_32s_32s_32_2_1  |        0|   3|  0|  47|    0|
    |mul_32s_32s_32_2_1_U42  |mul_32s_32s_32_2_1  |        0|   3|  0|  47|    0|
    |mul_32s_32s_32_2_1_U43  |mul_32s_32s_32_2_1  |        0|   3|  0|  47|    0|
    |mul_32s_32s_32_2_1_U44  |mul_32s_32s_32_2_1  |        0|   3|  0|  47|    0|
    |mul_32s_32s_32_2_1_U45  |mul_32s_32s_32_2_1  |        0|   3|  0|  47|    0|
    |mul_32s_32s_32_2_1_U46  |mul_32s_32s_32_2_1  |        0|   3|  0|  47|    0|
    |mul_32s_32s_32_2_1_U47  |mul_32s_32s_32_2_1  |        0|   3|  0|  47|    0|
    |mul_32s_32s_32_2_1_U48  |mul_32s_32s_32_2_1  |        0|   3|  0|  47|    0|
    |mul_32s_32s_32_2_1_U49  |mul_32s_32s_32_2_1  |        0|   3|  0|  47|    0|
    |mul_32s_32s_32_2_1_U50  |mul_32s_32s_32_2_1  |        0|   3|  0|  47|    0|
    |mul_32s_32s_32_2_1_U51  |mul_32s_32s_32_2_1  |        0|   3|  0|  47|    0|
    |mul_32s_32s_32_2_1_U52  |mul_32s_32s_32_2_1  |        0|   3|  0|  47|    0|
    |mul_32s_32s_32_2_1_U53  |mul_32s_32s_32_2_1  |        0|   3|  0|  47|    0|
    |mul_32s_32s_32_2_1_U54  |mul_32s_32s_32_2_1  |        0|   3|  0|  47|    0|
    |mul_32s_32s_32_2_1_U55  |mul_32s_32s_32_2_1  |        0|   3|  0|  47|    0|
    |mul_32s_32s_32_2_1_U56  |mul_32s_32s_32_2_1  |        0|   3|  0|  47|    0|
    |mul_32s_32s_32_2_1_U57  |mul_32s_32s_32_2_1  |        0|   3|  0|  47|    0|
    |mul_32s_32s_32_2_1_U58  |mul_32s_32s_32_2_1  |        0|   3|  0|  47|    0|
    |mul_32s_32s_32_2_1_U59  |mul_32s_32s_32_2_1  |        0|   3|  0|  47|    0|
    |mul_32s_32s_32_2_1_U60  |mul_32s_32s_32_2_1  |        0|   3|  0|  47|    0|
    |mul_32s_32s_32_2_1_U61  |mul_32s_32s_32_2_1  |        0|   3|  0|  47|    0|
    |mul_32s_32s_32_2_1_U62  |mul_32s_32s_32_2_1  |        0|   3|  0|  47|    0|
    |mul_32s_32s_32_2_1_U63  |mul_32s_32s_32_2_1  |        0|   3|  0|  47|    0|
    |mul_32s_32s_32_2_1_U64  |mul_32s_32s_32_2_1  |        0|   3|  0|  47|    0|
    +------------------------+--------------------+---------+----+---+----+-----+
    |Total                   |                    |        0| 192|  0|3008|    0|
    +------------------------+--------------------+---------+----+---+----+-----+

    * DSP: 
    N/A

    * Memory: 
    N/A

    * FIFO: 
    N/A

    * Expression: 
    +--------------------+----------+----+---+----+------------+------------+
    |    Variable Name   | Operation| DSP| FF| LUT| Bitwidth P0| Bitwidth P1|
    +--------------------+----------+----+---+----+------------+------------+
    |add_ln8_fu_3220_p2  |         +|   0|  0|  15|           8|           7|
    |ap_condition_1743   |       and|   0|  0|   2|           1|           1|
    |ap_enable_pp0       |       xor|   0|  0|   2|           1|           2|
    +--------------------+----------+----+---+----+------------+------------+
    |Total               |          |   0|  0|  19|          10|          10|
    +--------------------+----------+----+---+----+------------+------------+

    * Multiplexer: 
    +-------------------------+----+-----------+-----+-----------+
    |           Name          | LUT| Input Size| Bits| Total Bits|
    +-------------------------+----+-----------+-----+-----------+
    |ap_done_int              |   9|          2|    1|          2|
    |ap_enable_reg_pp0_iter1  |   9|          2|    1|          2|
    |ap_sig_allocacmp_i_1     |   9|          2|    8|         16|
    |i_fu_564                 |   9|          2|    8|         16|
    +-------------------------+----+-----------+-----+-----------+
    |Total                    |  36|          8|   18|         36|
    +-------------------------+----+-----------+-----+-----------+

    * Register: 
    +----------------------------------+---+----+-----+-----------+
    |               Name               | FF| LUT| Bits| Const Bits|
    +----------------------------------+---+----+-----+-----------+
    |ap_CS_fsm                         |  1|   0|    1|          0|
    |ap_done_reg                       |  1|   0|    1|          0|
    |ap_enable_reg_pp0_iter1           |  1|   0|    1|          0|
    |ap_enable_reg_pp0_iter2           |  1|   0|    1|          0|
    |ap_loop_exit_ready_pp0_iter1_reg  |  1|   0|    1|          0|
    |i_fu_564                          |  8|   0|    8|          0|
    |zext_ln10_reg_3690                |  1|   0|   64|         63|
    |zext_ln10_reg_3690_pp0_iter1_reg  |  1|   0|   64|         63|
    +----------------------------------+---+----+-----+-----------+
    |Total                             | 15|   0|  141|        126|
    +----------------------------------+---+----+-----+-----------+



================================================================
== Interface
================================================================
* Summary: 
+-------------------+-----+-----+------------+--------------+--------------+
|     RTL Ports     | Dir | Bits|  Protocol  | Source Object|    C Type    |
+-------------------+-----+-----+------------+--------------+--------------+
|ap_local_block     |  out|    1|  ap_ctrl_hs|       lab7_z1|  return value|
|ap_local_deadlock  |  out|    1|  ap_ctrl_hs|       lab7_z1|  return value|
|ap_clk             |   in|    1|  ap_ctrl_hs|       lab7_z1|  return value|
|ap_rst             |   in|    1|  ap_ctrl_hs|       lab7_z1|  return value|
|ap_start           |   in|    1|  ap_ctrl_hs|       lab7_z1|  return value|
|ap_done            |  out|    1|  ap_ctrl_hs|       lab7_z1|  return value|
|ap_idle            |  out|    1|  ap_ctrl_hs|       lab7_z1|  return value|
|ap_ready           |  out|    1|  ap_ctrl_hs|       lab7_z1|  return value|
|a_0_address0       |  out|    1|   ap_memory|           a_0|         array|
|a_0_ce0            |  out|    1|   ap_memory|           a_0|         array|
|a_0_we0            |  out|    1|   ap_memory|           a_0|         array|
|a_0_d0             |  out|   32|   ap_memory|           a_0|         array|
|a_1_address0       |  out|    1|   ap_memory|           a_1|         array|
|a_1_ce0            |  out|    1|   ap_memory|           a_1|         array|
|a_1_we0            |  out|    1|   ap_memory|           a_1|         array|
|a_1_d0             |  out|   32|   ap_memory|           a_1|         array|
|a_2_address0       |  out|    1|   ap_memory|           a_2|         array|
|a_2_ce0            |  out|    1|   ap_memory|           a_2|         array|
|a_2_we0            |  out|    1|   ap_memory|           a_2|         array|
|a_2_d0             |  out|   32|   ap_memory|           a_2|         array|
|a_3_address0       |  out|    1|   ap_memory|           a_3|         array|
|a_3_ce0            |  out|    1|   ap_memory|           a_3|         array|
|a_3_we0            |  out|    1|   ap_memory|           a_3|         array|
|a_3_d0             |  out|   32|   ap_memory|           a_3|         array|
|a_4_address0       |  out|    1|   ap_memory|           a_4|         array|
|a_4_ce0            |  out|    1|   ap_memory|           a_4|         array|
|a_4_we0            |  out|    1|   ap_memory|           a_4|         array|
|a_4_d0             |  out|   32|   ap_memory|           a_4|         array|
|a_5_address0       |  out|    1|   ap_memory|           a_5|         array|
|a_5_ce0            |  out|    1|   ap_memory|           a_5|         array|
|a_5_we0            |  out|    1|   ap_memory|           a_5|         array|
|a_5_d0             |  out|   32|   ap_memory|           a_5|         array|
|a_6_address0       |  out|    1|   ap_memory|           a_6|         array|
|a_6_ce0            |  out|    1|   ap_memory|           a_6|         array|
|a_6_we0            |  out|    1|   ap_memory|           a_6|         array|
|a_6_d0             |  out|   32|   ap_memory|           a_6|         array|
|a_7_address0       |  out|    1|   ap_memory|           a_7|         array|
|a_7_ce0            |  out|    1|   ap_memory|           a_7|         array|
|a_7_we0            |  out|    1|   ap_memory|           a_7|         array|
|a_7_d0             |  out|   32|   ap_memory|           a_7|         array|
|a_8_address0       |  out|    1|   ap_memory|           a_8|         array|
|a_8_ce0            |  out|    1|   ap_memory|           a_8|         array|
|a_8_we0            |  out|    1|   ap_memory|           a_8|         array|
|a_8_d0             |  out|   32|   ap_memory|           a_8|         array|
|a_9_address0       |  out|    1|   ap_memory|           a_9|         array|
|a_9_ce0            |  out|    1|   ap_memory|           a_9|         array|
|a_9_we0            |  out|    1|   ap_memory|           a_9|         array|
|a_9_d0             |  out|   32|   ap_memory|           a_9|         array|
|a_10_address0      |  out|    1|   ap_memory|          a_10|         array|
|a_10_ce0           |  out|    1|   ap_memory|          a_10|         array|
|a_10_we0           |  out|    1|   ap_memory|          a_10|         array|
|a_10_d0            |  out|   32|   ap_memory|          a_10|         array|
|a_11_address0      |  out|    1|   ap_memory|          a_11|         array|
|a_11_ce0           |  out|    1|   ap_memory|          a_11|         array|
|a_11_we0           |  out|    1|   ap_memory|          a_11|         array|
|a_11_d0            |  out|   32|   ap_memory|          a_11|         array|
|a_12_address0      |  out|    1|   ap_memory|          a_12|         array|
|a_12_ce0           |  out|    1|   ap_memory|          a_12|         array|
|a_12_we0           |  out|    1|   ap_memory|          a_12|         array|
|a_12_d0            |  out|   32|   ap_memory|          a_12|         array|
|a_13_address0      |  out|    1|   ap_memory|          a_13|         array|
|a_13_ce0           |  out|    1|   ap_memory|          a_13|         array|
|a_13_we0           |  out|    1|   ap_memory|          a_13|         array|
|a_13_d0            |  out|   32|   ap_memory|          a_13|         array|
|a_14_address0      |  out|    1|   ap_memory|          a_14|         array|
|a_14_ce0           |  out|    1|   ap_memory|          a_14|         array|
|a_14_we0           |  out|    1|   ap_memory|          a_14|         array|
|a_14_d0            |  out|   32|   ap_memory|          a_14|         array|
|a_15_address0      |  out|    1|   ap_memory|          a_15|         array|
|a_15_ce0           |  out|    1|   ap_memory|          a_15|         array|
|a_15_we0           |  out|    1|   ap_memory|          a_15|         array|
|a_15_d0            |  out|   32|   ap_memory|          a_15|         array|
|a_16_address0      |  out|    1|   ap_memory|          a_16|         array|
|a_16_ce0           |  out|    1|   ap_memory|          a_16|         array|
|a_16_we0           |  out|    1|   ap_memory|          a_16|         array|
|a_16_d0            |  out|   32|   ap_memory|          a_16|         array|
|a_17_address0      |  out|    1|   ap_memory|          a_17|         array|
|a_17_ce0           |  out|    1|   ap_memory|          a_17|         array|
|a_17_we0           |  out|    1|   ap_memory|          a_17|         array|
|a_17_d0            |  out|   32|   ap_memory|          a_17|         array|
|a_18_address0      |  out|    1|   ap_memory|          a_18|         array|
|a_18_ce0           |  out|    1|   ap_memory|          a_18|         array|
|a_18_we0           |  out|    1|   ap_memory|          a_18|         array|
|a_18_d0            |  out|   32|   ap_memory|          a_18|         array|
|a_19_address0      |  out|    1|   ap_memory|          a_19|         array|
|a_19_ce0           |  out|    1|   ap_memory|          a_19|         array|
|a_19_we0           |  out|    1|   ap_memory|          a_19|         array|
|a_19_d0            |  out|   32|   ap_memory|          a_19|         array|
|a_20_address0      |  out|    1|   ap_memory|          a_20|         array|
|a_20_ce0           |  out|    1|   ap_memory|          a_20|         array|
|a_20_we0           |  out|    1|   ap_memory|          a_20|         array|
|a_20_d0            |  out|   32|   ap_memory|          a_20|         array|
|a_21_address0      |  out|    1|   ap_memory|          a_21|         array|
|a_21_ce0           |  out|    1|   ap_memory|          a_21|         array|
|a_21_we0           |  out|    1|   ap_memory|          a_21|         array|
|a_21_d0            |  out|   32|   ap_memory|          a_21|         array|
|a_22_address0      |  out|    1|   ap_memory|          a_22|         array|
|a_22_ce0           |  out|    1|   ap_memory|          a_22|         array|
|a_22_we0           |  out|    1|   ap_memory|          a_22|         array|
|a_22_d0            |  out|   32|   ap_memory|          a_22|         array|
|a_23_address0      |  out|    1|   ap_memory|          a_23|         array|
|a_23_ce0           |  out|    1|   ap_memory|          a_23|         array|
|a_23_we0           |  out|    1|   ap_memory|          a_23|         array|
|a_23_d0            |  out|   32|   ap_memory|          a_23|         array|
|a_24_address0      |  out|    1|   ap_memory|          a_24|         array|
|a_24_ce0           |  out|    1|   ap_memory|          a_24|         array|
|a_24_we0           |  out|    1|   ap_memory|          a_24|         array|
|a_24_d0            |  out|   32|   ap_memory|          a_24|         array|
|a_25_address0      |  out|    1|   ap_memory|          a_25|         array|
|a_25_ce0           |  out|    1|   ap_memory|          a_25|         array|
|a_25_we0           |  out|    1|   ap_memory|          a_25|         array|
|a_25_d0            |  out|   32|   ap_memory|          a_25|         array|
|a_26_address0      |  out|    1|   ap_memory|          a_26|         array|
|a_26_ce0           |  out|    1|   ap_memory|          a_26|         array|
|a_26_we0           |  out|    1|   ap_memory|          a_26|         array|
|a_26_d0            |  out|   32|   ap_memory|          a_26|         array|
|a_27_address0      |  out|    1|   ap_memory|          a_27|         array|
|a_27_ce0           |  out|    1|   ap_memory|          a_27|         array|
|a_27_we0           |  out|    1|   ap_memory|          a_27|         array|
|a_27_d0            |  out|   32|   ap_memory|          a_27|         array|
|a_28_address0      |  out|    1|   ap_memory|          a_28|         array|
|a_28_ce0           |  out|    1|   ap_memory|          a_28|         array|
|a_28_we0           |  out|    1|   ap_memory|          a_28|         array|
|a_28_d0            |  out|   32|   ap_memory|          a_28|         array|
|a_29_address0      |  out|    1|   ap_memory|          a_29|         array|
|a_29_ce0           |  out|    1|   ap_memory|          a_29|         array|
|a_29_we0           |  out|    1|   ap_memory|          a_29|         array|
|a_29_d0            |  out|   32|   ap_memory|          a_29|         array|
|a_30_address0      |  out|    1|   ap_memory|          a_30|         array|
|a_30_ce0           |  out|    1|   ap_memory|          a_30|         array|
|a_30_we0           |  out|    1|   ap_memory|          a_30|         array|
|a_30_d0            |  out|   32|   ap_memory|          a_30|         array|
|a_31_address0      |  out|    1|   ap_memory|          a_31|         array|
|a_31_ce0           |  out|    1|   ap_memory|          a_31|         array|
|a_31_we0           |  out|    1|   ap_memory|          a_31|         array|
|a_31_d0            |  out|   32|   ap_memory|          a_31|         array|
|a_32_address0      |  out|    1|   ap_memory|          a_32|         array|
|a_32_ce0           |  out|    1|   ap_memory|          a_32|         array|
|a_32_we0           |  out|    1|   ap_memory|          a_32|         array|
|a_32_d0            |  out|   32|   ap_memory|          a_32|         array|
|a_33_address0      |  out|    1|   ap_memory|          a_33|         array|
|a_33_ce0           |  out|    1|   ap_memory|          a_33|         array|
|a_33_we0           |  out|    1|   ap_memory|          a_33|         array|
|a_33_d0            |  out|   32|   ap_memory|          a_33|         array|
|a_34_address0      |  out|    1|   ap_memory|          a_34|         array|
|a_34_ce0           |  out|    1|   ap_memory|          a_34|         array|
|a_34_we0           |  out|    1|   ap_memory|          a_34|         array|
|a_34_d0            |  out|   32|   ap_memory|          a_34|         array|
|a_35_address0      |  out|    1|   ap_memory|          a_35|         array|
|a_35_ce0           |  out|    1|   ap_memory|          a_35|         array|
|a_35_we0           |  out|    1|   ap_memory|          a_35|         array|
|a_35_d0            |  out|   32|   ap_memory|          a_35|         array|
|a_36_address0      |  out|    1|   ap_memory|          a_36|         array|
|a_36_ce0           |  out|    1|   ap_memory|          a_36|         array|
|a_36_we0           |  out|    1|   ap_memory|          a_36|         array|
|a_36_d0            |  out|   32|   ap_memory|          a_36|         array|
|a_37_address0      |  out|    1|   ap_memory|          a_37|         array|
|a_37_ce0           |  out|    1|   ap_memory|          a_37|         array|
|a_37_we0           |  out|    1|   ap_memory|          a_37|         array|
|a_37_d0            |  out|   32|   ap_memory|          a_37|         array|
|a_38_address0      |  out|    1|   ap_memory|          a_38|         array|
|a_38_ce0           |  out|    1|   ap_memory|          a_38|         array|
|a_38_we0           |  out|    1|   ap_memory|          a_38|         array|
|a_38_d0            |  out|   32|   ap_memory|          a_38|         array|
|a_39_address0      |  out|    1|   ap_memory|          a_39|         array|
|a_39_ce0           |  out|    1|   ap_memory|          a_39|         array|
|a_39_we0           |  out|    1|   ap_memory|          a_39|         array|
|a_39_d0            |  out|   32|   ap_memory|          a_39|         array|
|a_40_address0      |  out|    1|   ap_memory|          a_40|         array|
|a_40_ce0           |  out|    1|   ap_memory|          a_40|         array|
|a_40_we0           |  out|    1|   ap_memory|          a_40|         array|
|a_40_d0            |  out|   32|   ap_memory|          a_40|         array|
|a_41_address0      |  out|    1|   ap_memory|          a_41|         array|
|a_41_ce0           |  out|    1|   ap_memory|          a_41|         array|
|a_41_we0           |  out|    1|   ap_memory|          a_41|         array|
|a_41_d0            |  out|   32|   ap_memory|          a_41|         array|
|a_42_address0      |  out|    1|   ap_memory|          a_42|         array|
|a_42_ce0           |  out|    1|   ap_memory|          a_42|         array|
|a_42_we0           |  out|    1|   ap_memory|          a_42|         array|
|a_42_d0            |  out|   32|   ap_memory|          a_42|         array|
|a_43_address0      |  out|    1|   ap_memory|          a_43|         array|
|a_43_ce0           |  out|    1|   ap_memory|          a_43|         array|
|a_43_we0           |  out|    1|   ap_memory|          a_43|         array|
|a_43_d0            |  out|   32|   ap_memory|          a_43|         array|
|a_44_address0      |  out|    1|   ap_memory|          a_44|         array|
|a_44_ce0           |  out|    1|   ap_memory|          a_44|         array|
|a_44_we0           |  out|    1|   ap_memory|          a_44|         array|
|a_44_d0            |  out|   32|   ap_memory|          a_44|         array|
|a_45_address0      |  out|    1|   ap_memory|          a_45|         array|
|a_45_ce0           |  out|    1|   ap_memory|          a_45|         array|
|a_45_we0           |  out|    1|   ap_memory|          a_45|         array|
|a_45_d0            |  out|   32|   ap_memory|          a_45|         array|
|a_46_address0      |  out|    1|   ap_memory|          a_46|         array|
|a_46_ce0           |  out|    1|   ap_memory|          a_46|         array|
|a_46_we0           |  out|    1|   ap_memory|          a_46|         array|
|a_46_d0            |  out|   32|   ap_memory|          a_46|         array|
|a_47_address0      |  out|    1|   ap_memory|          a_47|         array|
|a_47_ce0           |  out|    1|   ap_memory|          a_47|         array|
|a_47_we0           |  out|    1|   ap_memory|          a_47|         array|
|a_47_d0            |  out|   32|   ap_memory|          a_47|         array|
|a_48_address0      |  out|    1|   ap_memory|          a_48|         array|
|a_48_ce0           |  out|    1|   ap_memory|          a_48|         array|
|a_48_we0           |  out|    1|   ap_memory|          a_48|         array|
|a_48_d0            |  out|   32|   ap_memory|          a_48|         array|
|a_49_address0      |  out|    1|   ap_memory|          a_49|         array|
|a_49_ce0           |  out|    1|   ap_memory|          a_49|         array|
|a_49_we0           |  out|    1|   ap_memory|          a_49|         array|
|a_49_d0            |  out|   32|   ap_memory|          a_49|         array|
|a_50_address0      |  out|    1|   ap_memory|          a_50|         array|
|a_50_ce0           |  out|    1|   ap_memory|          a_50|         array|
|a_50_we0           |  out|    1|   ap_memory|          a_50|         array|
|a_50_d0            |  out|   32|   ap_memory|          a_50|         array|
|a_51_address0      |  out|    1|   ap_memory|          a_51|         array|
|a_51_ce0           |  out|    1|   ap_memory|          a_51|         array|
|a_51_we0           |  out|    1|   ap_memory|          a_51|         array|
|a_51_d0            |  out|   32|   ap_memory|          a_51|         array|
|a_52_address0      |  out|    1|   ap_memory|          a_52|         array|
|a_52_ce0           |  out|    1|   ap_memory|          a_52|         array|
|a_52_we0           |  out|    1|   ap_memory|          a_52|         array|
|a_52_d0            |  out|   32|   ap_memory|          a_52|         array|
|a_53_address0      |  out|    1|   ap_memory|          a_53|         array|
|a_53_ce0           |  out|    1|   ap_memory|          a_53|         array|
|a_53_we0           |  out|    1|   ap_memory|          a_53|         array|
|a_53_d0            |  out|   32|   ap_memory|          a_53|         array|
|a_54_address0      |  out|    1|   ap_memory|          a_54|         array|
|a_54_ce0           |  out|    1|   ap_memory|          a_54|         array|
|a_54_we0           |  out|    1|   ap_memory|          a_54|         array|
|a_54_d0            |  out|   32|   ap_memory|          a_54|         array|
|a_55_address0      |  out|    1|   ap_memory|          a_55|         array|
|a_55_ce0           |  out|    1|   ap_memory|          a_55|         array|
|a_55_we0           |  out|    1|   ap_memory|          a_55|         array|
|a_55_d0            |  out|   32|   ap_memory|          a_55|         array|
|a_56_address0      |  out|    1|   ap_memory|          a_56|         array|
|a_56_ce0           |  out|    1|   ap_memory|          a_56|         array|
|a_56_we0           |  out|    1|   ap_memory|          a_56|         array|
|a_56_d0            |  out|   32|   ap_memory|          a_56|         array|
|a_57_address0      |  out|    1|   ap_memory|          a_57|         array|
|a_57_ce0           |  out|    1|   ap_memory|          a_57|         array|
|a_57_we0           |  out|    1|   ap_memory|          a_57|         array|
|a_57_d0            |  out|   32|   ap_memory|          a_57|         array|
|a_58_address0      |  out|    1|   ap_memory|          a_58|         array|
|a_58_ce0           |  out|    1|   ap_memory|          a_58|         array|
|a_58_we0           |  out|    1|   ap_memory|          a_58|         array|
|a_58_d0            |  out|   32|   ap_memory|          a_58|         array|
|a_59_address0      |  out|    1|   ap_memory|          a_59|         array|
|a_59_ce0           |  out|    1|   ap_memory|          a_59|         array|
|a_59_we0           |  out|    1|   ap_memory|          a_59|         array|
|a_59_d0            |  out|   32|   ap_memory|          a_59|         array|
|a_60_address0      |  out|    1|   ap_memory|          a_60|         array|
|a_60_ce0           |  out|    1|   ap_memory|          a_60|         array|
|a_60_we0           |  out|    1|   ap_memory|          a_60|         array|
|a_60_d0            |  out|   32|   ap_memory|          a_60|         array|
|a_61_address0      |  out|    1|   ap_memory|          a_61|         array|
|a_61_ce0           |  out|    1|   ap_memory|          a_61|         array|
|a_61_we0           |  out|    1|   ap_memory|          a_61|         array|
|a_61_d0            |  out|   32|   ap_memory|          a_61|         array|
|a_62_address0      |  out|    1|   ap_memory|          a_62|         array|
|a_62_ce0           |  out|    1|   ap_memory|          a_62|         array|
|a_62_we0           |  out|    1|   ap_memory|          a_62|         array|
|a_62_d0            |  out|   32|   ap_memory|          a_62|         array|
|a_63_address0      |  out|    1|   ap_memory|          a_63|         array|
|a_63_ce0           |  out|    1|   ap_memory|          a_63|         array|
|a_63_we0           |  out|    1|   ap_memory|          a_63|         array|
|a_63_d0            |  out|   32|   ap_memory|          a_63|         array|
|b_0_address0       |  out|    1|   ap_memory|           b_0|         array|
|b_0_ce0            |  out|    1|   ap_memory|           b_0|         array|
|b_0_q0             |   in|   32|   ap_memory|           b_0|         array|
|b_1_address0       |  out|    1|   ap_memory|           b_1|         array|
|b_1_ce0            |  out|    1|   ap_memory|           b_1|         array|
|b_1_q0             |   in|   32|   ap_memory|           b_1|         array|
|b_2_address0       |  out|    1|   ap_memory|           b_2|         array|
|b_2_ce0            |  out|    1|   ap_memory|           b_2|         array|
|b_2_q0             |   in|   32|   ap_memory|           b_2|         array|
|b_3_address0       |  out|    1|   ap_memory|           b_3|         array|
|b_3_ce0            |  out|    1|   ap_memory|           b_3|         array|
|b_3_q0             |   in|   32|   ap_memory|           b_3|         array|
|b_4_address0       |  out|    1|   ap_memory|           b_4|         array|
|b_4_ce0            |  out|    1|   ap_memory|           b_4|         array|
|b_4_q0             |   in|   32|   ap_memory|           b_4|         array|
|b_5_address0       |  out|    1|   ap_memory|           b_5|         array|
|b_5_ce0            |  out|    1|   ap_memory|           b_5|         array|
|b_5_q0             |   in|   32|   ap_memory|           b_5|         array|
|b_6_address0       |  out|    1|   ap_memory|           b_6|         array|
|b_6_ce0            |  out|    1|   ap_memory|           b_6|         array|
|b_6_q0             |   in|   32|   ap_memory|           b_6|         array|
|b_7_address0       |  out|    1|   ap_memory|           b_7|         array|
|b_7_ce0            |  out|    1|   ap_memory|           b_7|         array|
|b_7_q0             |   in|   32|   ap_memory|           b_7|         array|
|b_8_address0       |  out|    1|   ap_memory|           b_8|         array|
|b_8_ce0            |  out|    1|   ap_memory|           b_8|         array|
|b_8_q0             |   in|   32|   ap_memory|           b_8|         array|
|b_9_address0       |  out|    1|   ap_memory|           b_9|         array|
|b_9_ce0            |  out|    1|   ap_memory|           b_9|         array|
|b_9_q0             |   in|   32|   ap_memory|           b_9|         array|
|b_10_address0      |  out|    1|   ap_memory|          b_10|         array|
|b_10_ce0           |  out|    1|   ap_memory|          b_10|         array|
|b_10_q0            |   in|   32|   ap_memory|          b_10|         array|
|b_11_address0      |  out|    1|   ap_memory|          b_11|         array|
|b_11_ce0           |  out|    1|   ap_memory|          b_11|         array|
|b_11_q0            |   in|   32|   ap_memory|          b_11|         array|
|b_12_address0      |  out|    1|   ap_memory|          b_12|         array|
|b_12_ce0           |  out|    1|   ap_memory|          b_12|         array|
|b_12_q0            |   in|   32|   ap_memory|          b_12|         array|
|b_13_address0      |  out|    1|   ap_memory|          b_13|         array|
|b_13_ce0           |  out|    1|   ap_memory|          b_13|         array|
|b_13_q0            |   in|   32|   ap_memory|          b_13|         array|
|b_14_address0      |  out|    1|   ap_memory|          b_14|         array|
|b_14_ce0           |  out|    1|   ap_memory|          b_14|         array|
|b_14_q0            |   in|   32|   ap_memory|          b_14|         array|
|b_15_address0      |  out|    1|   ap_memory|          b_15|         array|
|b_15_ce0           |  out|    1|   ap_memory|          b_15|         array|
|b_15_q0            |   in|   32|   ap_memory|          b_15|         array|
|b_16_address0      |  out|    1|   ap_memory|          b_16|         array|
|b_16_ce0           |  out|    1|   ap_memory|          b_16|         array|
|b_16_q0            |   in|   32|   ap_memory|          b_16|         array|
|b_17_address0      |  out|    1|   ap_memory|          b_17|         array|
|b_17_ce0           |  out|    1|   ap_memory|          b_17|         array|
|b_17_q0            |   in|   32|   ap_memory|          b_17|         array|
|b_18_address0      |  out|    1|   ap_memory|          b_18|         array|
|b_18_ce0           |  out|    1|   ap_memory|          b_18|         array|
|b_18_q0            |   in|   32|   ap_memory|          b_18|         array|
|b_19_address0      |  out|    1|   ap_memory|          b_19|         array|
|b_19_ce0           |  out|    1|   ap_memory|          b_19|         array|
|b_19_q0            |   in|   32|   ap_memory|          b_19|         array|
|b_20_address0      |  out|    1|   ap_memory|          b_20|         array|
|b_20_ce0           |  out|    1|   ap_memory|          b_20|         array|
|b_20_q0            |   in|   32|   ap_memory|          b_20|         array|
|b_21_address0      |  out|    1|   ap_memory|          b_21|         array|
|b_21_ce0           |  out|    1|   ap_memory|          b_21|         array|
|b_21_q0            |   in|   32|   ap_memory|          b_21|         array|
|b_22_address0      |  out|    1|   ap_memory|          b_22|         array|
|b_22_ce0           |  out|    1|   ap_memory|          b_22|         array|
|b_22_q0            |   in|   32|   ap_memory|          b_22|         array|
|b_23_address0      |  out|    1|   ap_memory|          b_23|         array|
|b_23_ce0           |  out|    1|   ap_memory|          b_23|         array|
|b_23_q0            |   in|   32|   ap_memory|          b_23|         array|
|b_24_address0      |  out|    1|   ap_memory|          b_24|         array|
|b_24_ce0           |  out|    1|   ap_memory|          b_24|         array|
|b_24_q0            |   in|   32|   ap_memory|          b_24|         array|
|b_25_address0      |  out|    1|   ap_memory|          b_25|         array|
|b_25_ce0           |  out|    1|   ap_memory|          b_25|         array|
|b_25_q0            |   in|   32|   ap_memory|          b_25|         array|
|b_26_address0      |  out|    1|   ap_memory|          b_26|         array|
|b_26_ce0           |  out|    1|   ap_memory|          b_26|         array|
|b_26_q0            |   in|   32|   ap_memory|          b_26|         array|
|b_27_address0      |  out|    1|   ap_memory|          b_27|         array|
|b_27_ce0           |  out|    1|   ap_memory|          b_27|         array|
|b_27_q0            |   in|   32|   ap_memory|          b_27|         array|
|b_28_address0      |  out|    1|   ap_memory|          b_28|         array|
|b_28_ce0           |  out|    1|   ap_memory|          b_28|         array|
|b_28_q0            |   in|   32|   ap_memory|          b_28|         array|
|b_29_address0      |  out|    1|   ap_memory|          b_29|         array|
|b_29_ce0           |  out|    1|   ap_memory|          b_29|         array|
|b_29_q0            |   in|   32|   ap_memory|          b_29|         array|
|b_30_address0      |  out|    1|   ap_memory|          b_30|         array|
|b_30_ce0           |  out|    1|   ap_memory|          b_30|         array|
|b_30_q0            |   in|   32|   ap_memory|          b_30|         array|
|b_31_address0      |  out|    1|   ap_memory|          b_31|         array|
|b_31_ce0           |  out|    1|   ap_memory|          b_31|         array|
|b_31_q0            |   in|   32|   ap_memory|          b_31|         array|
|b_32_address0      |  out|    1|   ap_memory|          b_32|         array|
|b_32_ce0           |  out|    1|   ap_memory|          b_32|         array|
|b_32_q0            |   in|   32|   ap_memory|          b_32|         array|
|b_33_address0      |  out|    1|   ap_memory|          b_33|         array|
|b_33_ce0           |  out|    1|   ap_memory|          b_33|         array|
|b_33_q0            |   in|   32|   ap_memory|          b_33|         array|
|b_34_address0      |  out|    1|   ap_memory|          b_34|         array|
|b_34_ce0           |  out|    1|   ap_memory|          b_34|         array|
|b_34_q0            |   in|   32|   ap_memory|          b_34|         array|
|b_35_address0      |  out|    1|   ap_memory|          b_35|         array|
|b_35_ce0           |  out|    1|   ap_memory|          b_35|         array|
|b_35_q0            |   in|   32|   ap_memory|          b_35|         array|
|b_36_address0      |  out|    1|   ap_memory|          b_36|         array|
|b_36_ce0           |  out|    1|   ap_memory|          b_36|         array|
|b_36_q0            |   in|   32|   ap_memory|          b_36|         array|
|b_37_address0      |  out|    1|   ap_memory|          b_37|         array|
|b_37_ce0           |  out|    1|   ap_memory|          b_37|         array|
|b_37_q0            |   in|   32|   ap_memory|          b_37|         array|
|b_38_address0      |  out|    1|   ap_memory|          b_38|         array|
|b_38_ce0           |  out|    1|   ap_memory|          b_38|         array|
|b_38_q0            |   in|   32|   ap_memory|          b_38|         array|
|b_39_address0      |  out|    1|   ap_memory|          b_39|         array|
|b_39_ce0           |  out|    1|   ap_memory|          b_39|         array|
|b_39_q0            |   in|   32|   ap_memory|          b_39|         array|
|b_40_address0      |  out|    1|   ap_memory|          b_40|         array|
|b_40_ce0           |  out|    1|   ap_memory|          b_40|         array|
|b_40_q0            |   in|   32|   ap_memory|          b_40|         array|
|b_41_address0      |  out|    1|   ap_memory|          b_41|         array|
|b_41_ce0           |  out|    1|   ap_memory|          b_41|         array|
|b_41_q0            |   in|   32|   ap_memory|          b_41|         array|
|b_42_address0      |  out|    1|   ap_memory|          b_42|         array|
|b_42_ce0           |  out|    1|   ap_memory|          b_42|         array|
|b_42_q0            |   in|   32|   ap_memory|          b_42|         array|
|b_43_address0      |  out|    1|   ap_memory|          b_43|         array|
|b_43_ce0           |  out|    1|   ap_memory|          b_43|         array|
|b_43_q0            |   in|   32|   ap_memory|          b_43|         array|
|b_44_address0      |  out|    1|   ap_memory|          b_44|         array|
|b_44_ce0           |  out|    1|   ap_memory|          b_44|         array|
|b_44_q0            |   in|   32|   ap_memory|          b_44|         array|
|b_45_address0      |  out|    1|   ap_memory|          b_45|         array|
|b_45_ce0           |  out|    1|   ap_memory|          b_45|         array|
|b_45_q0            |   in|   32|   ap_memory|          b_45|         array|
|b_46_address0      |  out|    1|   ap_memory|          b_46|         array|
|b_46_ce0           |  out|    1|   ap_memory|          b_46|         array|
|b_46_q0            |   in|   32|   ap_memory|          b_46|         array|
|b_47_address0      |  out|    1|   ap_memory|          b_47|         array|
|b_47_ce0           |  out|    1|   ap_memory|          b_47|         array|
|b_47_q0            |   in|   32|   ap_memory|          b_47|         array|
|b_48_address0      |  out|    1|   ap_memory|          b_48|         array|
|b_48_ce0           |  out|    1|   ap_memory|          b_48|         array|
|b_48_q0            |   in|   32|   ap_memory|          b_48|         array|
|b_49_address0      |  out|    1|   ap_memory|          b_49|         array|
|b_49_ce0           |  out|    1|   ap_memory|          b_49|         array|
|b_49_q0            |   in|   32|   ap_memory|          b_49|         array|
|b_50_address0      |  out|    1|   ap_memory|          b_50|         array|
|b_50_ce0           |  out|    1|   ap_memory|          b_50|         array|
|b_50_q0            |   in|   32|   ap_memory|          b_50|         array|
|b_51_address0      |  out|    1|   ap_memory|          b_51|         array|
|b_51_ce0           |  out|    1|   ap_memory|          b_51|         array|
|b_51_q0            |   in|   32|   ap_memory|          b_51|         array|
|b_52_address0      |  out|    1|   ap_memory|          b_52|         array|
|b_52_ce0           |  out|    1|   ap_memory|          b_52|         array|
|b_52_q0            |   in|   32|   ap_memory|          b_52|         array|
|b_53_address0      |  out|    1|   ap_memory|          b_53|         array|
|b_53_ce0           |  out|    1|   ap_memory|          b_53|         array|
|b_53_q0            |   in|   32|   ap_memory|          b_53|         array|
|b_54_address0      |  out|    1|   ap_memory|          b_54|         array|
|b_54_ce0           |  out|    1|   ap_memory|          b_54|         array|
|b_54_q0            |   in|   32|   ap_memory|          b_54|         array|
|b_55_address0      |  out|    1|   ap_memory|          b_55|         array|
|b_55_ce0           |  out|    1|   ap_memory|          b_55|         array|
|b_55_q0            |   in|   32|   ap_memory|          b_55|         array|
|b_56_address0      |  out|    1|   ap_memory|          b_56|         array|
|b_56_ce0           |  out|    1|   ap_memory|          b_56|         array|
|b_56_q0            |   in|   32|   ap_memory|          b_56|         array|
|b_57_address0      |  out|    1|   ap_memory|          b_57|         array|
|b_57_ce0           |  out|    1|   ap_memory|          b_57|         array|
|b_57_q0            |   in|   32|   ap_memory|          b_57|         array|
|b_58_address0      |  out|    1|   ap_memory|          b_58|         array|
|b_58_ce0           |  out|    1|   ap_memory|          b_58|         array|
|b_58_q0            |   in|   32|   ap_memory|          b_58|         array|
|b_59_address0      |  out|    1|   ap_memory|          b_59|         array|
|b_59_ce0           |  out|    1|   ap_memory|          b_59|         array|
|b_59_q0            |   in|   32|   ap_memory|          b_59|         array|
|b_60_address0      |  out|    1|   ap_memory|          b_60|         array|
|b_60_ce0           |  out|    1|   ap_memory|          b_60|         array|
|b_60_q0            |   in|   32|   ap_memory|          b_60|         array|
|b_61_address0      |  out|    1|   ap_memory|          b_61|         array|
|b_61_ce0           |  out|    1|   ap_memory|          b_61|         array|
|b_61_q0            |   in|   32|   ap_memory|          b_61|         array|
|b_62_address0      |  out|    1|   ap_memory|          b_62|         array|
|b_62_ce0           |  out|    1|   ap_memory|          b_62|         array|
|b_62_q0            |   in|   32|   ap_memory|          b_62|         array|
|b_63_address0      |  out|    1|   ap_memory|          b_63|         array|
|b_63_ce0           |  out|    1|   ap_memory|          b_63|         array|
|b_63_q0            |   in|   32|   ap_memory|          b_63|         array|
|c_0_address0       |  out|    1|   ap_memory|           c_0|         array|
|c_0_ce0            |  out|    1|   ap_memory|           c_0|         array|
|c_0_q0             |   in|   32|   ap_memory|           c_0|         array|
|c_1_address0       |  out|    1|   ap_memory|           c_1|         array|
|c_1_ce0            |  out|    1|   ap_memory|           c_1|         array|
|c_1_q0             |   in|   32|   ap_memory|           c_1|         array|
|c_2_address0       |  out|    1|   ap_memory|           c_2|         array|
|c_2_ce0            |  out|    1|   ap_memory|           c_2|         array|
|c_2_q0             |   in|   32|   ap_memory|           c_2|         array|
|c_3_address0       |  out|    1|   ap_memory|           c_3|         array|
|c_3_ce0            |  out|    1|   ap_memory|           c_3|         array|
|c_3_q0             |   in|   32|   ap_memory|           c_3|         array|
|c_4_address0       |  out|    1|   ap_memory|           c_4|         array|
|c_4_ce0            |  out|    1|   ap_memory|           c_4|         array|
|c_4_q0             |   in|   32|   ap_memory|           c_4|         array|
|c_5_address0       |  out|    1|   ap_memory|           c_5|         array|
|c_5_ce0            |  out|    1|   ap_memory|           c_5|         array|
|c_5_q0             |   in|   32|   ap_memory|           c_5|         array|
|c_6_address0       |  out|    1|   ap_memory|           c_6|         array|
|c_6_ce0            |  out|    1|   ap_memory|           c_6|         array|
|c_6_q0             |   in|   32|   ap_memory|           c_6|         array|
|c_7_address0       |  out|    1|   ap_memory|           c_7|         array|
|c_7_ce0            |  out|    1|   ap_memory|           c_7|         array|
|c_7_q0             |   in|   32|   ap_memory|           c_7|         array|
|c_8_address0       |  out|    1|   ap_memory|           c_8|         array|
|c_8_ce0            |  out|    1|   ap_memory|           c_8|         array|
|c_8_q0             |   in|   32|   ap_memory|           c_8|         array|
|c_9_address0       |  out|    1|   ap_memory|           c_9|         array|
|c_9_ce0            |  out|    1|   ap_memory|           c_9|         array|
|c_9_q0             |   in|   32|   ap_memory|           c_9|         array|
|c_10_address0      |  out|    1|   ap_memory|          c_10|         array|
|c_10_ce0           |  out|    1|   ap_memory|          c_10|         array|
|c_10_q0            |   in|   32|   ap_memory|          c_10|         array|
|c_11_address0      |  out|    1|   ap_memory|          c_11|         array|
|c_11_ce0           |  out|    1|   ap_memory|          c_11|         array|
|c_11_q0            |   in|   32|   ap_memory|          c_11|         array|
|c_12_address0      |  out|    1|   ap_memory|          c_12|         array|
|c_12_ce0           |  out|    1|   ap_memory|          c_12|         array|
|c_12_q0            |   in|   32|   ap_memory|          c_12|         array|
|c_13_address0      |  out|    1|   ap_memory|          c_13|         array|
|c_13_ce0           |  out|    1|   ap_memory|          c_13|         array|
|c_13_q0            |   in|   32|   ap_memory|          c_13|         array|
|c_14_address0      |  out|    1|   ap_memory|          c_14|         array|
|c_14_ce0           |  out|    1|   ap_memory|          c_14|         array|
|c_14_q0            |   in|   32|   ap_memory|          c_14|         array|
|c_15_address0      |  out|    1|   ap_memory|          c_15|         array|
|c_15_ce0           |  out|    1|   ap_memory|          c_15|         array|
|c_15_q0            |   in|   32|   ap_memory|          c_15|         array|
|c_16_address0      |  out|    1|   ap_memory|          c_16|         array|
|c_16_ce0           |  out|    1|   ap_memory|          c_16|         array|
|c_16_q0            |   in|   32|   ap_memory|          c_16|         array|
|c_17_address0      |  out|    1|   ap_memory|          c_17|         array|
|c_17_ce0           |  out|    1|   ap_memory|          c_17|         array|
|c_17_q0            |   in|   32|   ap_memory|          c_17|         array|
|c_18_address0      |  out|    1|   ap_memory|          c_18|         array|
|c_18_ce0           |  out|    1|   ap_memory|          c_18|         array|
|c_18_q0            |   in|   32|   ap_memory|          c_18|         array|
|c_19_address0      |  out|    1|   ap_memory|          c_19|         array|
|c_19_ce0           |  out|    1|   ap_memory|          c_19|         array|
|c_19_q0            |   in|   32|   ap_memory|          c_19|         array|
|c_20_address0      |  out|    1|   ap_memory|          c_20|         array|
|c_20_ce0           |  out|    1|   ap_memory|          c_20|         array|
|c_20_q0            |   in|   32|   ap_memory|          c_20|         array|
|c_21_address0      |  out|    1|   ap_memory|          c_21|         array|
|c_21_ce0           |  out|    1|   ap_memory|          c_21|         array|
|c_21_q0            |   in|   32|   ap_memory|          c_21|         array|
|c_22_address0      |  out|    1|   ap_memory|          c_22|         array|
|c_22_ce0           |  out|    1|   ap_memory|          c_22|         array|
|c_22_q0            |   in|   32|   ap_memory|          c_22|         array|
|c_23_address0      |  out|    1|   ap_memory|          c_23|         array|
|c_23_ce0           |  out|    1|   ap_memory|          c_23|         array|
|c_23_q0            |   in|   32|   ap_memory|          c_23|         array|
|c_24_address0      |  out|    1|   ap_memory|          c_24|         array|
|c_24_ce0           |  out|    1|   ap_memory|          c_24|         array|
|c_24_q0            |   in|   32|   ap_memory|          c_24|         array|
|c_25_address0      |  out|    1|   ap_memory|          c_25|         array|
|c_25_ce0           |  out|    1|   ap_memory|          c_25|         array|
|c_25_q0            |   in|   32|   ap_memory|          c_25|         array|
|c_26_address0      |  out|    1|   ap_memory|          c_26|         array|
|c_26_ce0           |  out|    1|   ap_memory|          c_26|         array|
|c_26_q0            |   in|   32|   ap_memory|          c_26|         array|
|c_27_address0      |  out|    1|   ap_memory|          c_27|         array|
|c_27_ce0           |  out|    1|   ap_memory|          c_27|         array|
|c_27_q0            |   in|   32|   ap_memory|          c_27|         array|
|c_28_address0      |  out|    1|   ap_memory|          c_28|         array|
|c_28_ce0           |  out|    1|   ap_memory|          c_28|         array|
|c_28_q0            |   in|   32|   ap_memory|          c_28|         array|
|c_29_address0      |  out|    1|   ap_memory|          c_29|         array|
|c_29_ce0           |  out|    1|   ap_memory|          c_29|         array|
|c_29_q0            |   in|   32|   ap_memory|          c_29|         array|
|c_30_address0      |  out|    1|   ap_memory|          c_30|         array|
|c_30_ce0           |  out|    1|   ap_memory|          c_30|         array|
|c_30_q0            |   in|   32|   ap_memory|          c_30|         array|
|c_31_address0      |  out|    1|   ap_memory|          c_31|         array|
|c_31_ce0           |  out|    1|   ap_memory|          c_31|         array|
|c_31_q0            |   in|   32|   ap_memory|          c_31|         array|
|c_32_address0      |  out|    1|   ap_memory|          c_32|         array|
|c_32_ce0           |  out|    1|   ap_memory|          c_32|         array|
|c_32_q0            |   in|   32|   ap_memory|          c_32|         array|
|c_33_address0      |  out|    1|   ap_memory|          c_33|         array|
|c_33_ce0           |  out|    1|   ap_memory|          c_33|         array|
|c_33_q0            |   in|   32|   ap_memory|          c_33|         array|
|c_34_address0      |  out|    1|   ap_memory|          c_34|         array|
|c_34_ce0           |  out|    1|   ap_memory|          c_34|         array|
|c_34_q0            |   in|   32|   ap_memory|          c_34|         array|
|c_35_address0      |  out|    1|   ap_memory|          c_35|         array|
|c_35_ce0           |  out|    1|   ap_memory|          c_35|         array|
|c_35_q0            |   in|   32|   ap_memory|          c_35|         array|
|c_36_address0      |  out|    1|   ap_memory|          c_36|         array|
|c_36_ce0           |  out|    1|   ap_memory|          c_36|         array|
|c_36_q0            |   in|   32|   ap_memory|          c_36|         array|
|c_37_address0      |  out|    1|   ap_memory|          c_37|         array|
|c_37_ce0           |  out|    1|   ap_memory|          c_37|         array|
|c_37_q0            |   in|   32|   ap_memory|          c_37|         array|
|c_38_address0      |  out|    1|   ap_memory|          c_38|         array|
|c_38_ce0           |  out|    1|   ap_memory|          c_38|         array|
|c_38_q0            |   in|   32|   ap_memory|          c_38|         array|
|c_39_address0      |  out|    1|   ap_memory|          c_39|         array|
|c_39_ce0           |  out|    1|   ap_memory|          c_39|         array|
|c_39_q0            |   in|   32|   ap_memory|          c_39|         array|
|c_40_address0      |  out|    1|   ap_memory|          c_40|         array|
|c_40_ce0           |  out|    1|   ap_memory|          c_40|         array|
|c_40_q0            |   in|   32|   ap_memory|          c_40|         array|
|c_41_address0      |  out|    1|   ap_memory|          c_41|         array|
|c_41_ce0           |  out|    1|   ap_memory|          c_41|         array|
|c_41_q0            |   in|   32|   ap_memory|          c_41|         array|
|c_42_address0      |  out|    1|   ap_memory|          c_42|         array|
|c_42_ce0           |  out|    1|   ap_memory|          c_42|         array|
|c_42_q0            |   in|   32|   ap_memory|          c_42|         array|
|c_43_address0      |  out|    1|   ap_memory|          c_43|         array|
|c_43_ce0           |  out|    1|   ap_memory|          c_43|         array|
|c_43_q0            |   in|   32|   ap_memory|          c_43|         array|
|c_44_address0      |  out|    1|   ap_memory|          c_44|         array|
|c_44_ce0           |  out|    1|   ap_memory|          c_44|         array|
|c_44_q0            |   in|   32|   ap_memory|          c_44|         array|
|c_45_address0      |  out|    1|   ap_memory|          c_45|         array|
|c_45_ce0           |  out|    1|   ap_memory|          c_45|         array|
|c_45_q0            |   in|   32|   ap_memory|          c_45|         array|
|c_46_address0      |  out|    1|   ap_memory|          c_46|         array|
|c_46_ce0           |  out|    1|   ap_memory|          c_46|         array|
|c_46_q0            |   in|   32|   ap_memory|          c_46|         array|
|c_47_address0      |  out|    1|   ap_memory|          c_47|         array|
|c_47_ce0           |  out|    1|   ap_memory|          c_47|         array|
|c_47_q0            |   in|   32|   ap_memory|          c_47|         array|
|c_48_address0      |  out|    1|   ap_memory|          c_48|         array|
|c_48_ce0           |  out|    1|   ap_memory|          c_48|         array|
|c_48_q0            |   in|   32|   ap_memory|          c_48|         array|
|c_49_address0      |  out|    1|   ap_memory|          c_49|         array|
|c_49_ce0           |  out|    1|   ap_memory|          c_49|         array|
|c_49_q0            |   in|   32|   ap_memory|          c_49|         array|
|c_50_address0      |  out|    1|   ap_memory|          c_50|         array|
|c_50_ce0           |  out|    1|   ap_memory|          c_50|         array|
|c_50_q0            |   in|   32|   ap_memory|          c_50|         array|
|c_51_address0      |  out|    1|   ap_memory|          c_51|         array|
|c_51_ce0           |  out|    1|   ap_memory|          c_51|         array|
|c_51_q0            |   in|   32|   ap_memory|          c_51|         array|
|c_52_address0      |  out|    1|   ap_memory|          c_52|         array|
|c_52_ce0           |  out|    1|   ap_memory|          c_52|         array|
|c_52_q0            |   in|   32|   ap_memory|          c_52|         array|
|c_53_address0      |  out|    1|   ap_memory|          c_53|         array|
|c_53_ce0           |  out|    1|   ap_memory|          c_53|         array|
|c_53_q0            |   in|   32|   ap_memory|          c_53|         array|
|c_54_address0      |  out|    1|   ap_memory|          c_54|         array|
|c_54_ce0           |  out|    1|   ap_memory|          c_54|         array|
|c_54_q0            |   in|   32|   ap_memory|          c_54|         array|
|c_55_address0      |  out|    1|   ap_memory|          c_55|         array|
|c_55_ce0           |  out|    1|   ap_memory|          c_55|         array|
|c_55_q0            |   in|   32|   ap_memory|          c_55|         array|
|c_56_address0      |  out|    1|   ap_memory|          c_56|         array|
|c_56_ce0           |  out|    1|   ap_memory|          c_56|         array|
|c_56_q0            |   in|   32|   ap_memory|          c_56|         array|
|c_57_address0      |  out|    1|   ap_memory|          c_57|         array|
|c_57_ce0           |  out|    1|   ap_memory|          c_57|         array|
|c_57_q0            |   in|   32|   ap_memory|          c_57|         array|
|c_58_address0      |  out|    1|   ap_memory|          c_58|         array|
|c_58_ce0           |  out|    1|   ap_memory|          c_58|         array|
|c_58_q0            |   in|   32|   ap_memory|          c_58|         array|
|c_59_address0      |  out|    1|   ap_memory|          c_59|         array|
|c_59_ce0           |  out|    1|   ap_memory|          c_59|         array|
|c_59_q0            |   in|   32|   ap_memory|          c_59|         array|
|c_60_address0      |  out|    1|   ap_memory|          c_60|         array|
|c_60_ce0           |  out|    1|   ap_memory|          c_60|         array|
|c_60_q0            |   in|   32|   ap_memory|          c_60|         array|
|c_61_address0      |  out|    1|   ap_memory|          c_61|         array|
|c_61_ce0           |  out|    1|   ap_memory|          c_61|         array|
|c_61_q0            |   in|   32|   ap_memory|          c_61|         array|
|c_62_address0      |  out|    1|   ap_memory|          c_62|         array|
|c_62_ce0           |  out|    1|   ap_memory|          c_62|         array|
|c_62_q0            |   in|   32|   ap_memory|          c_62|         array|
|c_63_address0      |  out|    1|   ap_memory|          c_63|         array|
|c_63_ce0           |  out|    1|   ap_memory|          c_63|         array|
|c_63_q0            |   in|   32|   ap_memory|          c_63|         array|
+-------------------+-----+-----+------------+--------------+--------------+

