

================================================================
== Vitis HLS Report for 'lab5_z1'
================================================================
* Date:           Tue Nov  7 12:49:41 2023

* Version:        2021.2 (Build 3367213 on Tue Oct 19 02:48:09 MDT 2021)
* Project:        lab5_z1
* Solution:       sol1_1 (Vivado IP Flow Target)
* Product family: artix7
* Target device:  xa7a12t-csg325-1Q


================================================================
== Performance Estimates
================================================================
+ Timing: 
    * Summary: 
    +------+----------+-----------+------------+
    | Clock|  Target  | Estimated | Uncertainty|
    +------+----------+-----------+------------+
    |clk   |  20.00 ns|  12.697 ns|     5.40 ns|
    +------+----------+-----------+------------+

+ Latency: 
    * Summary: 
    +---------+---------+-----------+-----------+-----+-----+---------+
    |  Latency (cycles) |   Latency (absolute)  |  Interval | Pipeline|
    |   min   |   max   |    min    |    max    | min | max |   Type  |
    +---------+---------+-----------+-----------+-----+-----+---------+
    |      514|      514|  10.280 us|  10.280 us|  515|  515|       no|
    +---------+---------+-----------+-----------+-----+-----+---------+

    + Detail: 
        * Instance: 
        N/A

        * Loop: 
        +--------------+---------+---------+----------+-----------+-----------+------+----------+
        |              |  Latency (cycles) | Iteration|  Initiation Interval  | Trip |          |
        |   Loop Name  |   min   |   max   |  Latency |  achieved |   target  | Count| Pipelined|
        +--------------+---------+---------+----------+-----------+-----------+------+----------+
        |- foo_label0  |      512|      512|         5|          4|          1|   128|       yes|
        +--------------+---------+---------+----------+-----------+-----------+------+----------+



================================================================
== Utilization Estimates
================================================================
* Summary: 
+-----------------+---------+----+-------+------+-----+
|       Name      | BRAM_18K| DSP|   FF  |  LUT | URAM|
+-----------------+---------+----+-------+------+-----+
|DSP              |        -|   -|      -|     -|    -|
|Expression       |        -|   -|      0|    94|    -|
|FIFO             |        -|   -|      -|     -|    -|
|Instance         |        -|   -|      -|     -|    -|
|Memory           |        -|   -|      -|     -|    -|
|Multiplexer      |        -|   -|      -|    96|    -|
|Register         |        -|   -|     88|     -|    -|
+-----------------+---------+----+-------+------+-----+
|Total            |        0|   0|     88|   190|    0|
+-----------------+---------+----+-------+------+-----+
|Available        |       40|  40|  16000|  8000|    0|
+-----------------+---------+----+-------+------+-----+
|Utilization (%)  |        0|   0|     ~0|     2|    0|
+-----------------+---------+----+-------+------+-----+

+ Detail: 
    * Instance: 
    N/A

    * DSP: 
    N/A

    * Memory: 
    N/A

    * FIFO: 
    N/A

    * Expression: 
    +----------------------+----------+----+---+----+------------+------------+
    |     Variable Name    | Operation| DSP| FF| LUT| Bitwidth P0| Bitwidth P1|
    +----------------------+----------+----+---+----+------------+------------+
    |add_ln11_1_fu_170_p2  |         +|   0|  0|  23|          16|          16|
    |add_ln11_fu_166_p2    |         +|   0|  0|  16|          16|          16|
    |add_ln6_fu_120_p2     |         +|   0|  0|  15|           8|           1|
    |d_out_d0              |         +|   0|  0|  16|          16|          16|
    |ap_condition_173      |       and|   0|  0|   2|           1|           1|
    |icmp_ln6_fu_114_p2    |      icmp|   0|  0|  11|           8|           9|
    |ap_enable_pp0         |       xor|   0|  0|   2|           1|           2|
    |xor_ln8_fu_136_p2     |       xor|   0|  0|   9|           8|           9|
    +----------------------+----------+----+---+----+------------+------------+
    |Total                 |          |   0|  0|  94|          74|          70|
    +----------------------+----------+----+---+----+------------+------------+

    * Multiplexer: 
    +-----------------------------+----+-----------+-----+-----------+
    |             Name            | LUT| Input Size| Bits| Total Bits|
    +-----------------------------+----+-----------+-----+-----------+
    |ap_NS_fsm                    |  21|          5|    1|          5|
    |ap_done_int                  |   9|          2|    1|          2|
    |ap_enable_reg_pp0_iter0      |   9|          2|    1|          2|
    |ap_enable_reg_pp0_iter0_reg  |   9|          2|    1|          2|
    |ap_enable_reg_pp0_iter1      |   9|          2|    1|          2|
    |ap_sig_allocacmp_i_1         |   9|          2|    8|         16|
    |d_in_address0                |  21|          5|    9|         45|
    |i_fu_52                      |   9|          2|    8|         16|
    +-----------------------------+----+-----------+-----+-----------+
    |Total                        |  96|         22|   30|         90|
    +-----------------------------+----+-----------+-----+-----------+

    * Register: 
    +-----------------------------+----+----+-----+-----------+
    |             Name            | FF | LUT| Bits| Const Bits|
    +-----------------------------+----+----+-----+-----------+
    |ap_CS_fsm                    |   4|   0|    4|          0|
    |ap_done_reg                  |   1|   0|    1|          0|
    |ap_enable_reg_pp0_iter0_reg  |   1|   0|    1|          0|
    |ap_enable_reg_pp0_iter1      |   1|   0|    1|          0|
    |d_in_load_1_reg_224          |  16|   0|   16|          0|
    |d_in_load_2_reg_234          |  16|   0|   16|          0|
    |d_in_load_reg_209            |  16|   0|   16|          0|
    |i_1_reg_189                  |   8|   0|    8|          0|
    |i_fu_52                      |   8|   0|    8|          0|
    |icmp_ln6_reg_195             |   1|   0|    1|          0|
    |xor_ln8_reg_214              |   8|   0|    8|          0|
    |zext_ln6_reg_199             |   8|   0|   64|         56|
    +-----------------------------+----+----+-----+-----------+
    |Total                        |  88|   0|  144|         56|
    +-----------------------------+----+----+-----+-----------+



================================================================
== Interface
================================================================
* Summary: 
+-------------------+-----+-----+------------+--------------+--------------+
|     RTL Ports     | Dir | Bits|  Protocol  | Source Object|    C Type    |
+-------------------+-----+-----+------------+--------------+--------------+
|ap_local_block     |  out|    1|  ap_ctrl_hs|       lab5_z1|  return value|
|ap_local_deadlock  |  out|    1|  ap_ctrl_hs|       lab5_z1|  return value|
|ap_clk             |   in|    1|  ap_ctrl_hs|       lab5_z1|  return value|
|ap_rst             |   in|    1|  ap_ctrl_hs|       lab5_z1|  return value|
|ap_start           |   in|    1|  ap_ctrl_hs|       lab5_z1|  return value|
|ap_done            |  out|    1|  ap_ctrl_hs|       lab5_z1|  return value|
|ap_idle            |  out|    1|  ap_ctrl_hs|       lab5_z1|  return value|
|ap_ready           |  out|    1|  ap_ctrl_hs|       lab5_z1|  return value|
|d_in_address0      |  out|    9|   ap_memory|          d_in|         array|
|d_in_ce0           |  out|    1|   ap_memory|          d_in|         array|
|d_in_q0            |   in|   16|   ap_memory|          d_in|         array|
|d_out_address0     |  out|    7|   ap_memory|         d_out|         array|
|d_out_ce0          |  out|    1|   ap_memory|         d_out|         array|
|d_out_we0          |  out|    1|   ap_memory|         d_out|         array|
|d_out_d0           |  out|   16|   ap_memory|         d_out|         array|
+-------------------+-----+-----+------------+--------------+--------------+

